
===== GAME 51 (20250822_144550_885602) =====

===== AUCTION =====
Pass (locked): Player 0 (min_allowed=16)
  bidding analysis:
    present_suits: H, D, C
    current_high=0  min_allowed=16  raise_delta=1
    overall: avg=13.25  p30=13.00  std=2.17
    failed_checks:
      H: p30 13.00 < 15; conf_mean 12.17 < 15
      D: p30 0.00 < 15; conf_mean 0.00 < 15
    reason: Pass: No suit meets thresholds. Best suit H has p30=13.00, conf_mean=12.17 below min_allowed=16 (current_high=0, raise_delta=+1). Failed checks for best suit: p30 13.00 < 15, conf_mean 12.17 < 15.
Bid: Player 1 proposes 21 (min_allowed=16)
  bidding analysis:
    present_suits: H, D, C, S
    current_high=0  min_allowed=16  raise_delta=1
    chosen_suit: H
    proposed_bid: 21
    overall: avg=21.00  p30=21.00  std=0.00
    suit_stats:
      H: pts=[21]  avg=21.00  p30=21.00  std=0.00
      D: pts=[16]  avg=16.00  p30=16.00  std=0.00
      S: pts=[1]  avg=1.00  p30=1.00  std=0.00
      C: pts=[12]  avg=12.00  p30=12.00  std=0.00
    reason: Bid: Suit H meets thresholds (p30=21.00, conf_mean=21.00 >= min_allowed=16); conservative mapping max(p30, avg-1) -> 21. (current_high=0, raise_delta=+1)
Pass (locked): Player 2 (min_allowed=22)
  bidding analysis:
    present_suits: H, C, S
    current_high=21  min_allowed=22  raise_delta=1
    overall: avg=14.00  p30=10.00  std=5.59
    suit_stats:
      H: pts=[9, 13, 10, 14, 15, 15 ...]  avg=14.00  p30=10.00  std=5.59
      C: pts=[]
      S: pts=[]
    failed_checks:
      H: p30 10.00 < 21; conf_mean 11.20 < 21
      C: p30 0.00 < 21; conf_mean 0.00 < 21
      S: p30 0.00 < 21; conf_mean 0.00 < 21
    reason: Pass: No suit meets thresholds. Best suit H has p30=10.00, conf_mean=11.20 below min_allowed=22 (current_high=21, raise_delta=+1). Failed checks for best suit: p30 10.00 < 21, conf_mean 11.20 < 21.
Pass (locked): Player 3 (min_allowed=22)
  bidding analysis:
    present_suits: D, C, S
    current_high=21  min_allowed=22  raise_delta=1
    overall: avg=16.12  p30=13.00  std=4.69
    suit_stats:
      S: pts=[16, 26, 6, 10, 21, 19 ...]  avg=16.12  p30=13.00  std=4.69
      D: pts=[]
      C: pts=[]
    failed_checks:
      D: p30 0.00 < 21; conf_mean 0.00 < 21
      C: p30 0.00 < 21; conf_mean 0.00 < 21
      S: p30 13.00 < 21; conf_mean 13.78 < 21
    reason: Pass: No suit meets thresholds. Best suit S has p30=13.00, conf_mean=13.78 below min_allowed=22 (current_high=21, raise_delta=+1). Failed checks for best suit: p30 13.00 < 21, conf_mean 13.78 < 21.

AUCTION WINNER: Player 1 with bid 21; chooses trump S 
Details={'chosen': 'S', 'estimates': {'S': 23.0, 'H': 18.0, 'D': 19.0, 'C': 12.0}}
Player 0 hand :  ['9D', '9C', 'KC', '7H', 'JS', 'JD', '9H', '7D']
Player 1 hand :  ['10H', '8D', '8C', 'AD', 'KD', '8S', '8H']
Player 2 hand :  ['QC', '9S', 'AH', 'QH', 'AC', '10D', 'JC', 'KS']
Player 3 hand :  ['QS', '7C', 'QD', 'AS', 'JH', 'KH', '10C', '7S']
Player 0 (auction 4 cards): ['9D', '9C', 'KC', '7H']
Player 1 (auction 4 cards): ['10H', '8D', '8C', '10S']
Player 2 (auction 4 cards): ['QC', '9S', 'AH', 'QH']
Player 3 (auction 4 cards): ['QS', '7C', 'QD', 'AS']
Auction winner (bidder): Player 1 with bid 21
Bidder sets concealed trump suit: S
Phase: concealed, bidder concealed card: 10S

Player 0 plays 9D
Player 1 plays 8D
Player 2 plays 10D
Player 3 plays QD
Player 0 won the hand: 3 points

Player 0 plays 9C
Player 1 plays 8C
Player 2 plays QC
Player 3 plays 7C
Player 0 won the hand: 2 points

Player 0 plays KC
Player 1 plays 10H
Player 2 plays AC
Player 3 plays 10C
Player 2 won the hand: 3 points

Player 2 plays 9S
Player 3 plays QS
Player 0 plays JS
Player 1 plays 8S
Player 0 won the hand: 5 points

Player 0 plays 7H
Player 1 plays 8H
Player 2 plays AH
Player 3 plays JH
Player 3 won the hand: 4 points

Player 3 plays AS
Player 0 plays JD
Player 1 plays AD
Player 2 plays KS
Player 3 won the hand: 5 points

Player 3 plays KH
Player 0 plays 9H
Player 1 plays KD
Player 2 plays QH
Player 0 won the hand: 2 points

Player 0 plays 7D
Error during gameplay: Current player 1 has no cards but other players do
No cards available, ending game
Game 51 final points: Team A=15, Team B=9
Series cumulative game score so far: Team A=-12, Team B=3
Log saved to: c:\Users\laksh\Desktop\Projects\28bot\logs\game28\mcts_games\game_51_20250822_144550_885602.log
