
===== GAME 119 (20250823_123232_401454) =====

===== AUCTION =====
Pass (locked): Player 0 (min_allowed=16)
  bidding analysis:
    present_suits: H, D, S
    current_high=0  min_allowed=16  raise_delta=1
    overall: avg=0.00  p30=0.00  std=0.00
    failed_checks:
      D: p30 0.00 < 15; conf_mean 0.00 < 15
      S: p30 0.00 < 15; conf_mean 0.00 < 15
    reason: Pass: No suit meets thresholds. Best suit H has p30=0.00, conf_mean=0.00 below min_allowed=16 (current_high=0, raise_delta=+1). Failed checks for best suit: n/a.
Pass (locked): Player 1 (min_allowed=16)
  bidding analysis:
    present_suits: D, C, S
    current_high=0  min_allowed=16  raise_delta=1
    overall: avg=16.00  p30=12.00  std=4.77
    failed_checks:
      D: p30 0.00 < 15; conf_mean 0.00 < 15
      C: p30 12.00 < 15; conf_mean 13.62 < 15
    reason: Pass: No suit meets thresholds. Best suit C has p30=12.00, conf_mean=13.62 below min_allowed=16 (current_high=0, raise_delta=+1). Failed checks for best suit: p30 12.00 < 15, conf_mean 13.62 < 15.
Pass (locked): Player 2 (min_allowed=16)
  bidding analysis:
    present_suits: H, C
    current_high=0  min_allowed=16  raise_delta=1
    overall: avg=15.69  p30=13.00  std=6.32
    failed_checks:
      H: p30 0.00 < 15; conf_mean 0.00 < 15
      C: p30 13.00 < 15; conf_mean 12.53 < 15
    reason: Pass: No suit meets thresholds. Best suit C has p30=13.00, conf_mean=12.53 below min_allowed=16 (current_high=0, raise_delta=+1). Failed checks for best suit: p30 13.00 < 15, conf_mean 12.53 < 15.
Pass (locked): Player 3 (min_allowed=16)
  bidding analysis:
    present_suits: H, D, S
    current_high=0  min_allowed=16  raise_delta=1
    overall: avg=13.19  p30=9.00  std=5.71
    suit_stats:
      S: pts=[7, 8, 25, 14, 9, 19 ...]  avg=13.19  p30=9.00  std=5.71
      H: pts=[]
      D: pts=[]
    failed_checks:
      H: p30 0.00 < 15; conf_mean 0.00 < 15
      D: p30 0.00 < 15; conf_mean 0.00 < 15
      S: p30 9.00 < 15; conf_mean 10.33 < 15
    reason: Pass: No suit meets thresholds. Best suit S has p30=9.00, conf_mean=10.33 below min_allowed=16 (current_high=0, raise_delta=+1). Failed checks for best suit: p30 9.00 < 15, conf_mean 10.33 < 15.
Forced bid: All players passed. Player 0 takes minimum bid 16.

AUCTION WINNER: Player 0 with bid 16; chooses trump H 
Details={'chosen': 'H', 'estimates': {'D': 0.0, 'S': 0.0, 'H': 17.0}}
Player 0 hand :  ['JD', '7H', 'QS', '7C', 'AC', '7D', 'JS']
Player 1 hand :  ['QC', 'AD', '8S', 'JC', '9S', 'AS', '9D', 'KC']
Player 2 hand :  ['KH', 'AH', '8C', 'QH', 'KD', '10C', 'QD', 'JH']
Player 3 hand :  ['10D', '10S', 'KS', '10H', '8D', '9C', '7S', '8H']
Player 0 (auction 4 cards): ['JD', '9H', '7H', 'QS']
Player 1 (auction 4 cards): ['QC', 'AD', '8S', 'JC']
Player 2 (auction 4 cards): ['KH', 'AH', '8C', 'QH']
Player 3 (auction 4 cards): ['10D', '10S', 'KS', '10H']
Auction winner (bidder): Player 0 with bid 16
Bidder sets concealed trump suit: H
Phase: concealed, bidder concealed card: 9H

Player 0 plays JD
Player 1 plays AD
Player 2 plays KD
Player 3 plays 10D
Player 0 won the hand: 5 points

Player 0 plays QS
Player 1 plays 8S
-- Phase 2 begins: Trump revealed as H by Player 2 on trick 2 --
Player 2 plays KH
Player 3 plays 10S
Player 2 won the hand: 1 points

Player 2 plays AH
Player 3 plays 10H
Player 0 plays 7H
Player 1 plays QC
Player 2 won the hand: 2 points

Player 2 plays 8C
Player 3 plays 9C
Player 0 plays 7C
Player 1 plays JC
Player 1 won the hand: 5 points

Player 1 plays 9S
Player 2 plays QH
Player 3 plays KS
Player 0 plays JS
Player 2 won the hand: 5 points

Player 2 plays 10C
Player 3 plays 8D
Player 0 plays AC
Player 1 plays KC
Player 0 won the hand: 2 points

Player 0 plays 7D
Player 1 plays 9D
Player 2 plays QD
Player 3 plays 7S
Player 1 won the hand: 2 points

Player 1 plays AS
Player 2 plays JH
Player 3 plays 8H
Player 0 plays 9H
Player 2 won the hand: 6 points

Game 119 final points: Team A=21, Team B=7
Series cumulative game score so far: Team A=-7, Team B=-5
Log saved to: c:\Users\laksh\Desktop\Projects\28bot\logs\game28\mcts_games\game_119_20250823_123232_401454.log
