
===== GAME 79 (20250822_163715_947777) =====

===== AUCTION =====
Pass (locked): Player 0 (min_allowed=16)
  bidding analysis:
    present_suits: D, S
    current_high=0  min_allowed=16  raise_delta=1
    overall: avg=0.00  p30=0.00  std=0.00
    failed_checks:
      S: p30 0.00 < 15; conf_mean 0.00 < 15
    reason: Pass: No suit meets thresholds. Best suit D has p30=0.00, conf_mean=0.00 below min_allowed=16 (current_high=0, raise_delta=+1). Failed checks for best suit: n/a.
Pass (locked): Player 1 (min_allowed=16)
  bidding analysis:
    present_suits: H, D, C
    current_high=0  min_allowed=16  raise_delta=1
    overall: avg=12.69  p30=9.00  std=5.97
    suit_stats:
      C: pts=[10, 23, 11, 12, 9, 7 ...]  avg=12.69  p30=9.00  std=5.97
      H: pts=[]
      D: pts=[]
    failed_checks:
      H: p30 0.00 < 15; conf_mean 0.00 < 15
      D: p30 0.00 < 15; conf_mean 0.00 < 15
      C: p30 9.00 < 15; conf_mean 9.70 < 15
    reason: Pass: No suit meets thresholds. Best suit C has p30=9.00, conf_mean=9.70 below min_allowed=16 (current_high=0, raise_delta=+1). Failed checks for best suit: p30 9.00 < 15, conf_mean 9.70 < 15.
Pass (locked): Player 2 (min_allowed=16)
  bidding analysis:
    present_suits: H, D, S
    current_high=0  min_allowed=16  raise_delta=1
    overall: avg=13.88  p30=13.00  std=3.02
    failed_checks:
      H: p30 13.00 < 15; conf_mean 12.37 < 15
      D: p30 0.00 < 15; conf_mean 0.00 < 15
      S: p30 0.00 < 15; conf_mean 0.00 < 15
    reason: Pass: No suit meets thresholds. Best suit H has p30=13.00, conf_mean=12.37 below min_allowed=16 (current_high=0, raise_delta=+1). Failed checks for best suit: p30 13.00 < 15, conf_mean 12.37 < 15.
Pass (locked): Player 3 (min_allowed=16)
  bidding analysis:
    present_suits: H, C, S
    current_high=0  min_allowed=16  raise_delta=1
    overall: avg=11.69  p30=8.00  std=5.80
    suit_stats:
      S: pts=[2, 12, 21, 6, 8, 14 ...]  avg=11.69  p30=8.00  std=5.80
      H: pts=[]
      C: pts=[]
    failed_checks:
      H: p30 0.00 < 15; conf_mean 0.00 < 15
      C: p30 0.00 < 15; conf_mean 0.00 < 15
      S: p30 8.00 < 15; conf_mean 8.79 < 15
    reason: Pass: No suit meets thresholds. Best suit S has p30=8.00, conf_mean=8.79 below min_allowed=16 (current_high=0, raise_delta=+1). Failed checks for best suit: p30 8.00 < 15, conf_mean 8.79 < 15.
Forced bid: All players passed. Player 0 takes minimum bid 16.

AUCTION WINNER: Player 0 with bid 16; chooses trump D 
Details={'chosen': 'D', 'estimates': {'S': 0.0, 'D': 17.333333333333332}}
Player 0 hand :  ['9D', 'JS', '7D', '10H', 'QS', 'AS', 'JD']
Player 1 hand :  ['QC', 'QH', 'AD', '9C', 'AC', '9H', 'QD', '8H']
Player 2 hand :  ['9S', 'KH', '10D', 'KS', '7H', '7C', '10C', 'JH']
Player 3 hand :  ['AH', '10S', 'KC', '8S', '7S', '8D', '8C', 'JC']
Player 0 (auction 4 cards): ['9D', 'KD', 'JS', '7D']
Player 1 (auction 4 cards): ['QC', 'QH', 'AD', '9C']
Player 2 (auction 4 cards): ['9S', 'KH', '10D', 'KS']
Player 3 (auction 4 cards): ['AH', '10S', 'KC', '8S']
Auction winner (bidder): Player 0 with bid 16
Bidder sets concealed trump suit: D
Phase: concealed, bidder concealed card: KD

Player 0 plays JS
Player 1 plays QC
Player 2 plays 9S
Player 3 plays 10S
Player 0 won the hand: 6 points

Player 0 plays 10H
Player 1 plays QH
Player 2 plays KH
Player 3 plays AH
Player 3 won the hand: 2 points

Player 3 plays KC
-- Phase 2 begins: Trump revealed as D by Player 0 on trick 3 --
Player 0 plays 9D
Player 1 plays 9C
Player 2 plays 7C
Player 0 won the hand: 4 points

Player 0 plays 7D
Player 1 plays AD
Player 2 plays 10D
Player 3 plays 8D
Player 1 won the hand: 2 points

Player 1 plays AC
Player 2 plays 10C
Player 3 plays 8C
Player 0 plays QS
Player 1 won the hand: 2 points

Player 1 plays 9H
Player 2 plays 7H
Player 3 plays 8S
Player 0 plays AS
Player 1 won the hand: 3 points

Player 1 plays QD
Player 2 plays KS
Player 3 plays 7S
Player 0 plays JD
Player 0 won the hand: 3 points

Player 0 plays KD
Player 1 plays 8H
Player 2 plays JH
Player 3 plays JC
Player 0 won the hand: 6 points

Game 79 final points: Team A=19, Team B=9
Series cumulative game score so far: Team A=-5, Team B=1
Log saved to: c:\Users\laksh\Desktop\Projects\28bot\logs\game28\mcts_games\game_79_20250822_163715_947777.log
