
===== GAME 46 (20250820_154727_616500) =====

===== AUCTION =====
Pass (locked): Player 0 (min_allowed=16)
  bidding analysis:
    present_suits: H, C, S
    current_high=0  min_allowed=16  raise_delta=1
    overall: avg=6.25  p30=0.00  std=6.50
    suit_stats:
      C: pts=[15, 0, 0, 10]  avg=6.25  p30=0.00  std=6.50
      H: pts=[]
      S: pts=[]
    failed_checks:
      H: p30 0.00 < 15; conf_mean 0.00 < 15
      C: p30 0.00 < 15; conf_mean 3.00 < 15
      S: p30 0.00 < 15; conf_mean 0.00 < 15
    reason: Pass: No suit meets thresholds. Best suit C has p30=0.00, conf_mean=3.00 below min_allowed=16 (current_high=0, raise_delta=+1). Failed checks for best suit: p30 0.00 < 15, conf_mean 3.00 < 15.
Pass (locked): Player 1 (min_allowed=16)
  bidding analysis:
    present_suits: H, D, C
    current_high=0  min_allowed=16  raise_delta=1
    overall: avg=15.00  p30=15.00  std=6.96
    suit_stats:
      C: pts=[23, 18, 15, 4]  avg=15.00  p30=15.00  std=6.96
      H: pts=[]
      D: pts=[]
    failed_checks:
      H: p30 0.00 < 15; conf_mean 0.00 < 15
      D: p30 0.00 < 15; conf_mean 0.00 < 15
      C: conf_mean 11.52 < 15
    reason: Pass: No suit meets thresholds. Best suit C has p30=15.00, conf_mean=11.52 below min_allowed=16 (current_high=0, raise_delta=+1). Failed checks for best suit: conf_mean 11.52 < 15.
Pass (locked): Player 2 (min_allowed=16)
  bidding analysis:
    present_suits: H, D, S
    current_high=0  min_allowed=16  raise_delta=1
    overall: avg=15.75  p30=15.00  std=2.86
    failed_checks:
      H: p30 0.00 < 15; conf_mean 0.00 < 15
      D: p30 0.00 < 15; conf_mean 0.00 < 15
      S: conf_mean 14.32 < 15
    reason: Pass: No suit meets thresholds. Best suit S has p30=15.00, conf_mean=14.32 below min_allowed=16 (current_high=0, raise_delta=+1). Failed checks for best suit: conf_mean 14.32 < 15.
Pass (locked): Player 3 (min_allowed=16)
  bidding analysis:
    present_suits: H, C, S
    current_high=0  min_allowed=16  raise_delta=1
    overall: avg=6.00  p30=0.00  std=6.16
    suit_stats:
      S: pts=[10, 14, 0, 0]  avg=6.00  p30=0.00  std=6.16
      H: pts=[]
      C: pts=[]
    failed_checks:
      H: p30 0.00 < 15; conf_mean 0.00 < 15
      C: p30 0.00 < 15; conf_mean 0.00 < 15
      S: p30 0.00 < 15; conf_mean 2.92 < 15
    reason: Pass: No suit meets thresholds. Best suit S has p30=0.00, conf_mean=2.92 below min_allowed=16 (current_high=0, raise_delta=+1). Failed checks for best suit: p30 0.00 < 15, conf_mean 2.92 < 15.
Forced bid: All players passed. Player 0 takes minimum bid 16.

AUCTION WINNER: Player 0 with bid 16; chooses trump H 
Details={'chosen': 'H', 'estimates': {'S': 10.5, 'C': 12.166666666666666, 'H': 12.833333333333334}}
Player 0 hand :  ['10S', 'AC', 'KC', 'JH', '9S', '7D', 'QS']
Player 1 hand :  ['8C', '7C', 'QD', 'KH', 'KD', '10D', '7S', '9H']
Player 2 hand :  ['JD', '10H', '8H', 'AS', '9C', 'AD', 'JC', 'JS']
Player 3 hand :  ['KS', '8S', '10C', '7H', '9D', 'QH', '8D', 'QC']
Player 0 (auction 4 cards): ['10S', 'AC', 'AH', 'KC']
Player 1 (auction 4 cards): ['8C', '7C', 'QD', 'KH']
Player 2 (auction 4 cards): ['JD', '10H', '8H', 'AS']
Player 3 (auction 4 cards): ['KS', '8S', '10C', '7H']
Auction winner (bidder): Player 0 with bid 16
Bidder sets concealed trump suit: H
Phase: concealed, bidder concealed card: AH

Player 0 plays 10S
Player 1 plays 7S
Player 2 plays AS
Player 3 plays KS
Player 2 won the hand: 2 points

Player 2 plays JD
Player 3 plays 9D
Player 0 plays 7D
Player 1 plays QD
Player 2 won the hand: 5 points

Player 2 plays 10H
Player 3 plays 7H
Player 0 plays JH
Player 1 plays KH
Player 0 won the hand: 4 points

Player 0 plays AC
Player 1 plays 8C
Player 2 plays 9C
Player 3 plays 10C
Player 2 won the hand: 4 points

Player 2 plays 8H
Player 3 plays QH
Player 0 plays KC
Player 1 plays 9H
Player 1 won the hand: 2 points

Player 1 plays 7C
Player 2 plays JC
Player 3 plays QC
Player 0 plays 9S
Player 2 won the hand: 5 points

Player 2 plays AD
Player 3 plays 8D
Player 0 plays QS
Player 1 plays KD
Player 2 won the hand: 1 points

Round declared invalid: trump never exposed by end of 7th trick.
Game 46 final points: Team A=0, Team B=0
Series cumulative game score so far: Team A=-1, Team B=-5
Log saved to: c:\Users\laksh\Desktop\Projects\28bot\logs\game28\mcts_games\game_46_20250820_154727_616500.log
