
===== GAME 10 (20250819_183914_741712) =====

===== AUCTION =====
Bid: Player 0 proposes 16 (min_allowed=16)
  bidding analysis:
    present_suits: H, D
    current_high=0  min_allowed=16  raise_delta=1
    chosen_suit: H
    proposed_bid: 16
    overall: avg=17.25  p30=15.00  std=3.11
    suit_stats:
      H: pts=[22, 18, 14, 15]  avg=17.25  p30=15.00  std=3.11
      D: pts=[]
    reason: Bid: Suit H meets thresholds (p30=15.00, conf_mean=15.69 >= min_allowed=16); conservative mapping max(p30, avg-1) -> 16. (current_high=0, raise_delta=+1)
Bid: Player 1 proposes 22 (min_allowed=17)
  bidding analysis:
    present_suits: D, S
    current_high=16  min_allowed=17  raise_delta=1
    chosen_suit: D
    proposed_bid: 22
    overall: avg=23.00  p30=19.00  std=4.00
    suit_stats:
      S: pts=[0, 28, 14, 10]  avg=13.00  p30=10.00  std=10.05
      D: pts=[27, 19]  avg=23.00  p30=19.00  std=4.00
    reason: Bid: Suit D meets thresholds (p30=19.00, conf_mean=21.00 >= min_allowed=17); conservative mapping max(p30, avg-1) -> 22. (current_high=16, raise_delta=+1)
Pass (locked): Player 2 (min_allowed=23)
  bidding analysis:
    present_suits: C, S
    current_high=22  min_allowed=23  raise_delta=1
    overall: avg=19.50  p30=16.00  std=3.50
    suit_stats:
      C: pts=[11, 17, 0, 18]  avg=11.50  p30=11.00  std=7.16
      S: pts=[23, 16]  avg=19.50  p30=16.00  std=3.50
    failed_checks:
      C: p30 11.00 < 22; conf_mean 7.92 < 22
      S: p30 16.00 < 22; conf_mean 17.75 < 22
    reason: Pass: No suit meets thresholds. Best suit S has p30=16.00, conf_mean=17.75 below min_allowed=23 (current_high=22, raise_delta=+1). Failed checks for best suit: p30 16.00 < 22, conf_mean 17.75 < 22.
Pass (locked): Player 3 (min_allowed=23)
  bidding analysis:
    present_suits: H, D, C
    current_high=22  min_allowed=23  raise_delta=1
    overall: avg=9.25  p30=6.00  std=6.68
    suit_stats:
      D: pts=[9, 6, 20, 2]  avg=9.25  p30=6.00  std=6.68
      H: pts=[]
      C: pts=[]
    failed_checks:
      H: p30 0.00 < 22; conf_mean 0.00 < 22
      D: p30 6.00 < 22; conf_mean 5.91 < 22
      C: p30 0.00 < 22; conf_mean 0.00 < 22
    reason: Pass: No suit meets thresholds. Best suit D has p30=6.00, conf_mean=5.91 below min_allowed=23 (current_high=22, raise_delta=+1). Failed checks for best suit: p30 6.00 < 22, conf_mean 5.91 < 22.
Pass (locked): Player 0 (min_allowed=23)
  bidding analysis:
    present_suits: H, D
    current_high=22  min_allowed=23  raise_delta=1
    overall: avg=19.00  p30=16.00  std=3.67
    suit_stats:
      H: pts=[24, 15, 21, 16]  avg=19.00  p30=16.00  std=3.67
      D: pts=[]
    failed_checks:
      H: p30 16.00 < 22; conf_mean 17.16 < 22
      D: p30 0.00 < 22; conf_mean 0.00 < 22
    reason: Pass: No suit meets thresholds. Best suit H has p30=16.00, conf_mean=17.16 below min_allowed=23 (current_high=22, raise_delta=+1). Failed checks for best suit: p30 16.00 < 22, conf_mean 17.16 < 22.

AUCTION WINNER: Player 1 with bid 22; chooses trump D 
Details={'chosen': 'D', 'estimates': {'D': 17.0, 'S': 14.5}}
Player 0 hand :  ['JD', 'KH', 'QH', '8H', 'QC', '9C', '7C', '7H']
Player 1 hand :  ['JS', '9D', 'AS', '9S', '7S', 'AD', 'JH']
Player 2 hand :  ['AC', 'JC', '8S', 'QS', '10D', '10H', '9H', 'QD']
Player 3 hand :  ['8D', 'AH', '7D', '8C', 'KC', 'KS', '10S', '10C']
Player 0 (auction 4 cards): ['JD', 'KH', 'QH', '8H']
Player 1 (auction 4 cards): ['KD', 'JS', '9D', 'AS']
Player 2 (auction 4 cards): ['AC', 'JC', '8S', 'QS']
Player 3 (auction 4 cards): ['8D', 'AH', '7D', '8C']
Auction winner (bidder): Player 1 with bid 22
Bidder sets concealed trump suit: D
Phase: concealed, bidder concealed card: KD

Player 0 plays JD
Player 1 plays 9D
Player 2 plays 10D
Player 3 plays 8D
Player 0 won the hand: 6 points

Player 0 plays KH
Player 1 plays JH
Player 2 plays 10H
Player 3 plays AH
Player 1 won the hand: 5 points

Player 1 plays JS
Player 2 plays 8S
Player 3 plays KS
Player 0 plays QH
Player 1 won the hand: 3 points

Player 1 plays AS
Player 2 plays QS
Player 3 plays 10S
Player 0 plays 8H
Player 1 won the hand: 2 points

Player 1 plays 9S
Player 2 plays AC
-- Phase 2 begins: Trump revealed as D by Player 3 on trick 5 --
Player 3 plays 7D
Player 0 plays QC
Player 3 won the hand: 3 points

Player 3 plays 8C
Player 0 plays 9C
Player 1 plays 7S
Player 2 plays JC
Player 2 won the hand: 5 points

Player 2 plays 9H
Player 3 plays KC
Player 0 plays 7H
Player 1 plays AD
Player 1 won the hand: 3 points

Player 1 plays KD
Player 2 plays QD
Player 3 plays 10C
Player 0 plays 7C
Player 1 won the hand: 1 points

Game 10 final points: Team A=11, Team B=17
Series cumulative game score so far: Team A=0, Team B=-1
Log saved to: c:\Users\laksh\Desktop\Projects\28bot\logs\game28\mcts_games\game_10_20250819_183914_741712.log
