
===== GAME 68 (20250825_144156_430041) =====

===== AUCTION =====
Pass (locked): Player 0 (min_allowed=16)
  bidding analysis:
    present_suits: D, C, S
    current_high=0  min_allowed=16  raise_delta=1
    overall: avg=0.00  p30=0.00  std=0.00
    failed_checks:
      D: p30 0.00 < 15; conf_mean 0.00 < 15
      C: p30 0.00 < 15; conf_mean 0.00 < 15
    reason: Pass: No suit meets thresholds. Best suit D has p30=0.00, conf_mean=0.00 below min_allowed=16 (current_high=0, raise_delta=+1). Failed checks for best suit: p30 0.00 < 15, conf_mean 0.00 < 15.
Pass (locked): Player 1 (min_allowed=16)
  bidding analysis:
    present_suits: H, D
    current_high=0  min_allowed=16  raise_delta=1
    overall: avg=16.25  p30=15.00  std=3.74
    failed_checks:
      H: conf_mean 14.38 < 15
    reason: Pass: No suit meets thresholds. Best suit H has p30=15.00, conf_mean=14.38 below min_allowed=16 (current_high=0, raise_delta=+1). Failed checks for best suit: conf_mean 14.38 < 15.
Pass (locked): Player 2 (min_allowed=16)
  bidding analysis:
    present_suits: H, C, S
    current_high=0  min_allowed=16  raise_delta=1
    overall: avg=13.12  p30=9.00  std=6.04
    failed_checks:
      H: p30 9.00 < 15; conf_mean 10.10 < 15
      C: p30 0.00 < 15; conf_mean 0.00 < 15
      S: p30 0.00 < 15; conf_mean 0.00 < 15
    reason: Pass: No suit meets thresholds. Best suit H has p30=9.00, conf_mean=10.10 below min_allowed=16 (current_high=0, raise_delta=+1). Failed checks for best suit: p30 9.00 < 15, conf_mean 10.10 < 15.
Bid: Player 3 proposes 19 (min_allowed=16)
  bidding analysis:
    present_suits: H, D, C, S
    current_high=0  min_allowed=16  raise_delta=1
    chosen_suit: C
    proposed_bid: 19
    overall: avg=19.00  p30=19.00  std=0.00
    reason: Bid (precomputed): Suit C meets thresholds (p30=19.00, conf_mean=19.00 >= min_allowed=16); conservative mapping max(p30, avg-1) -> 19. (current_high=0, raise_delta=+1)

AUCTION WINNER: Player 3 with bid 19; chooses trump C 
Details={'chosen': 'C', 'estimates': {'H': 12.0, 'D': 7.0, 'C': 19.0, 'S': 14.0}}
Player 0 hand :  ['7D', '10C', 'AS', '9S', '10H', 'JC', 'QH', '10D']
Player 1 hand :  ['9H', '8H', 'QD', 'KH', 'KD', '7C', '8D', '8C']
Player 2 hand :  ['JH', '7S', '10S', 'QC', 'JD', 'AC', 'AD', 'QS']
Player 3 hand :  ['9D', '7H', 'KS', '8S', 'AH', '9C', 'JS']
Player 0 (auction 4 cards): ['7D', '10C', 'AS', '9S']
Player 1 (auction 4 cards): ['9H', '8H', 'QD', 'KH']
Player 2 (auction 4 cards): ['JH', '7S', '10S', 'QC']
Player 3 (auction 4 cards): ['9D', '7H', 'KS', 'KC']
Auction winner (bidder): Player 3 with bid 19
Bidder sets concealed trump suit: C
Phase: concealed, bidder concealed card: KC

Player 0 plays 7D
Player 1 plays QD
Player 2 plays JD
Player 3 plays 9D
Player 2 won the hand: 5 points

Player 2 plays JH
Player 3 plays 7H
Player 0 plays 10H
Player 1 plays 9H
Player 2 won the hand: 6 points

Player 2 plays 7S
Player 3 plays KS
Player 0 plays AS
Player 1 plays 8H
Player 0 won the hand: 1 points

Player 0 plays 10C
Player 1 plays 7C
Player 2 plays QC
Player 3 plays 9C
Player 3 won the hand: 3 points

Player 3 plays 8S
Player 0 plays 9S
Player 1 plays KH
Player 2 plays 10S
Player 0 won the hand: 3 points

Player 0 plays JC
Player 1 plays 8C
Player 2 plays AC
Player 3 plays AH
Player 0 won the hand: 5 points

Player 0 plays QH
Player 1 plays KD
Player 2 plays AD
Player 3 plays JS
Player 0 won the hand: 4 points

Player 0 plays 10D
Player 1 plays 8D
Player 2 plays QS
Game 68 final points: Team A=24, Team B=3
Series cumulative game score so far: Team A=-18, Team B=-6
Log saved to: c:\Users\laksh\Desktop\Projects\28bot\logs\game28\mcts_games\game_68_20250825_144156_430041.log
