
===== GAME 45 (20250820_154608_327306) =====

===== AUCTION =====
Pass (locked): Player 0 (min_allowed=16)
  bidding analysis:
    present_suits: D, C, S
    current_high=0  min_allowed=16  raise_delta=1
    overall: avg=12.25  p30=12.00  std=7.56
    suit_stats:
      C: pts=[19, 0, 12, 18]  avg=12.25  p30=12.00  std=7.56
      D: pts=[]
      S: pts=[]
    failed_checks:
      D: p30 0.00 < 15; conf_mean 0.00 < 15
      C: p30 12.00 < 15; conf_mean 8.47 < 15
      S: p30 0.00 < 15; conf_mean 0.00 < 15
    reason: Pass: No suit meets thresholds. Best suit C has p30=12.00, conf_mean=8.47 below min_allowed=16 (current_high=0, raise_delta=+1). Failed checks for best suit: p30 12.00 < 15, conf_mean 8.47 < 15.
Pass (locked): Player 1 (min_allowed=16)
  bidding analysis:
    present_suits: H, C, S
    current_high=0  min_allowed=16  raise_delta=1
    overall: avg=0.00  p30=0.00  std=0.00
    failed_checks:
      H: p30 0.00 < 15; conf_mean 0.00 < 15
      C: p30 0.00 < 15; conf_mean 0.00 < 15
    reason: Pass: No suit meets thresholds. Best suit H has p30=0.00, conf_mean=0.00 below min_allowed=16 (current_high=0, raise_delta=+1). Failed checks for best suit: p30 0.00 < 15, conf_mean 0.00 < 15.
Pass (locked): Player 2 (min_allowed=16)
  bidding analysis:
    present_suits: H, D, C, S
    current_high=0  min_allowed=16  raise_delta=1
    overall: avg=9.17  p30=5.00  std=5.87
    failed_checks:
      H: p30 5.00 < 15; conf_mean 6.23 < 15
      D: p30 0.00 < 15; conf_mean 4.29 < 15
      C: p30 0.00 < 15; conf_mean 1.13 < 15
      S: p30 0.00 < 15; conf_mean 4.49 < 15
    reason: Pass: No suit meets thresholds. Best suit H has p30=5.00, conf_mean=6.23 below min_allowed=16 (current_high=0, raise_delta=+1). Failed checks for best suit: p30 5.00 < 15, conf_mean 6.23 < 15.
Bid: Player 3 proposes 18 (min_allowed=16)
  bidding analysis:
    present_suits: D, S
    current_high=0  min_allowed=16  raise_delta=1
    chosen_suit: D
    proposed_bid: 18
    overall: avg=19.75  p30=17.00  std=4.97
    suit_stats:
      D: pts=[19, 28, 17, 15]  avg=19.75  p30=17.00  std=4.97
      S: pts=[]
    reason: Bid: Suit D meets thresholds (p30=17.00, conf_mean=17.27 >= min_allowed=16); conservative mapping max(p30, avg-1) -> 18. (current_high=0, raise_delta=+1)

AUCTION WINNER: Player 3 with bid 18; chooses trump D 
Details={'chosen': 'D', 'estimates': {'D': 13.166666666666666, 'S': 12.166666666666666}}
Player 0 hand :  ['7C', '8D', '8S', '10C', 'JS', 'QC', '10S', 'QS']
Player 1 hand :  ['AS', '7H', '8C', '8H', 'QH', '9C', 'JC', 'KH']
Player 2 hand :  ['KC', 'KS', '9D', 'AH', '10H', 'AC', 'JD', '9H']
Player 3 hand :  ['9S', '7D', 'QD', 'AD', '10D', 'JH', '7S']
Player 0 (auction 4 cards): ['7C', '8D', '8S', '10C']
Player 1 (auction 4 cards): ['AS', '7H', '8C', '8H']
Player 2 (auction 4 cards): ['KC', 'KS', '9D', 'AH']
Player 3 (auction 4 cards): ['KD', '9S', '7D', 'QD']
Auction winner (bidder): Player 3 with bid 18
Bidder sets concealed trump suit: D
Phase: concealed, bidder concealed card: KD

Player 0 plays 7C
Player 1 plays 8C
Player 2 plays KC
Player 3 plays 9S
Player 2 won the hand: 2 points

Player 2 plays KS
Player 3 plays 7S
Player 0 plays 8S
Player 1 plays AS
Player 1 won the hand: 1 points

Player 1 plays 7H
Player 2 plays AH
Player 3 plays JH
-- Phase 2 begins: Trump revealed as D by Player 0 on trick 3 --
Player 0 plays 8D
Player 0 won the hand: 4 points

Player 0 plays 10C
Player 1 plays 9C
Player 2 plays AC
Player 3 plays 7D
Player 3 won the hand: 4 points

Player 3 plays QD
Player 0 plays JS
Player 1 plays 8H
Player 2 plays 9D
Player 2 won the hand: 5 points

Player 2 plays 10H
Player 3 plays AD
Player 0 plays QC
Player 1 plays QH
Player 3 won the hand: 2 points

Player 3 plays 10D
Player 0 plays 10S
Player 1 plays JC
Player 2 plays JD
Player 2 won the hand: 8 points

Player 2 plays 9H
Player 3 plays KD
Player 0 plays QS
Player 1 plays KH
Player 3 won the hand: 2 points

Game 45 final points: Team A=19, Team B=9
Series cumulative game score so far: Team A=-1, Team B=-5
Log saved to: c:\Users\laksh\Desktop\Projects\28bot\logs\game28\mcts_games\game_45_20250820_154608_327306.log
