
===== GAME 77 (20250822_163229_108515) =====

===== AUCTION =====
Bid: Player 0 proposes 18 (min_allowed=16)
  bidding analysis:
    present_suits: D, S
    current_high=0  min_allowed=16  raise_delta=1
    chosen_suit: S
    proposed_bid: 18
    overall: avg=19.50  p30=17.00  std=3.82
    suit_stats:
      S: pts=[20, 17, 22, 26, 22, 15 ...]  avg=19.50  p30=17.00  std=3.82
      D: pts=[]
    reason: Bid: Suit S meets thresholds (p30=17.00, conf_mean=17.59 >= min_allowed=16); conservative mapping max(p30, avg-1) -> 18. (current_high=0, raise_delta=+1)
Pass (locked): Player 1 (min_allowed=19)
  bidding analysis:
    present_suits: D, C, S
    current_high=18  min_allowed=19  raise_delta=1
    overall: avg=12.31  p30=8.00  std=6.71
    suit_stats:
      S: pts=[16, 9, 16, 18, 8, 1 ...]  avg=12.31  p30=8.00  std=6.71
      D: pts=[]
      C: pts=[]
    failed_checks:
      D: p30 0.00 < 18; conf_mean 0.00 < 18
      C: p30 0.00 < 18; conf_mean 0.00 < 18
      S: p30 8.00 < 18; conf_mean 8.96 < 18
    reason: Pass: No suit meets thresholds. Best suit S has p30=8.00, conf_mean=8.96 below min_allowed=19 (current_high=18, raise_delta=+1). Failed checks for best suit: p30 8.00 < 18, conf_mean 8.96 < 18.
Pass (locked): Player 2 (min_allowed=19)
  bidding analysis:
    present_suits: H, D, C, S
    current_high=18  min_allowed=19  raise_delta=1
    overall: avg=9.83  p30=0.00  std=7.17
    failed_checks:
      H: p30 0.00 < 18; conf_mean 3.79 < 18
      D: p30 0.00 < 18; conf_mean 0.00 < 18
      C: p30 0.00 < 18; conf_mean 6.25 < 18
      S: p30 0.00 < 18; conf_mean 1.50 < 18
    reason: Pass: No suit meets thresholds. Best suit C has p30=0.00, conf_mean=6.25 below min_allowed=19 (current_high=18, raise_delta=+1). Failed checks for best suit: p30 0.00 < 18, conf_mean 6.25 < 18.
Pass (locked): Player 3 (min_allowed=19)
  bidding analysis:
    present_suits: H, D, C
    current_high=18  min_allowed=19  raise_delta=1
    overall: avg=17.06  p30=16.00  std=4.72
    suit_stats:
      D: pts=[13, 24, 18, 20, 15, 19 ...]  avg=17.06  p30=16.00  std=4.72
      H: pts=[]
      C: pts=[]
    failed_checks:
      H: p30 0.00 < 18; conf_mean 0.00 < 18
      D: p30 16.00 < 18; conf_mean 14.70 < 18
      C: p30 0.00 < 18; conf_mean 0.00 < 18
    reason: Pass: No suit meets thresholds. Best suit D has p30=16.00, conf_mean=14.70 below min_allowed=19 (current_high=18, raise_delta=+1). Failed checks for best suit: p30 16.00 < 18, conf_mean 14.70 < 18.

AUCTION WINNER: Player 0 with bid 18; chooses trump S 
Details={'chosen': 'S', 'estimates': {'S': 24.0, 'D': 17.0}}
Player 0 hand :  ['8D', 'JS', '9S', 'JH', 'JC', 'AD', '7H']
Player 1 hand :  ['10D', '7S', 'QC', 'QS', '10C', '9C', '10S', 'KS']
Player 2 hand :  ['7D', '8H', '8S', '7C', '9H', 'AH', 'QH', 'KD']
Player 3 hand :  ['9D', 'KC', 'JD', 'KH', 'AC', 'QD', '8C', '10H']
Player 0 (auction 4 cards): ['8D', 'AS', 'JS', '9S']
Player 1 (auction 4 cards): ['10D', '7S', 'QC', 'QS']
Player 2 (auction 4 cards): ['7D', '8H', '8S', '7C']
Player 3 (auction 4 cards): ['9D', 'KC', 'JD', 'KH']
Auction winner (bidder): Player 0 with bid 18
Bidder sets concealed trump suit: S
Phase: concealed, bidder concealed card: AS

Player 0 plays 8D
Player 1 plays 10D
Player 2 plays 7D
Player 3 plays 9D
Player 3 won the hand: 3 points

Player 3 plays KC
Player 0 plays JC
Player 1 plays QC
Player 2 plays 7C
Player 0 won the hand: 3 points

Player 0 plays JH
-- Phase 2 begins: Trump revealed as S by Player 1 on trick 3 --
Player 1 plays 7S
Player 2 plays 8H
Player 3 plays KH
Player 1 won the hand: 3 points

Player 1 plays QS
Player 2 plays 8S
Player 3 plays JD
Player 0 plays JS
Player 0 won the hand: 6 points

Player 0 plays 9S
Player 1 plays 10S
Player 2 plays 9H
Player 3 plays AC
Player 0 won the hand: 6 points

Player 0 plays AD
Player 1 plays 10C
Player 2 plays KD
Player 3 plays QD
Player 0 won the hand: 2 points

Player 0 plays 7H
Player 1 plays 9C
Player 2 plays AH
Player 3 plays 10H
Player 2 won the hand: 4 points

Player 2 plays QH
Player 3 plays 8C
Player 0 plays AS
Player 1 plays KS
Player 0 won the hand: 1 points

Game 77 final points: Team A=22, Team B=6
Series cumulative game score so far: Team A=-5, Team B=1
Log saved to: c:\Users\laksh\Desktop\Projects\28bot\logs\game28\mcts_games\game_77_20250822_163229_108515.log
