
===== GAME 80 (20250822_163906_036501) =====

===== AUCTION =====
Bid: Player 0 proposes 17 (min_allowed=16)
  bidding analysis:
    present_suits: H, C, S
    current_high=0  min_allowed=16  raise_delta=1
    chosen_suit: S
    proposed_bid: 17
    overall: avg=18.19  p30=16.00  std=4.00
    suit_stats:
      S: pts=[13, 10, 19, 15, 20, 17 ...]  avg=18.19  p30=16.00  std=4.00
      H: pts=[]
      C: pts=[]
    reason: Bid: Suit S meets thresholds (p30=16.00, conf_mean=16.19 >= min_allowed=16); conservative mapping max(p30, avg-1) -> 17. (current_high=0, raise_delta=+1)
Bid: Player 1 proposes 23 (min_allowed=18)
  bidding analysis:
    present_suits: H, D, C, S
    current_high=17  min_allowed=18  raise_delta=1
    chosen_suit: C
    proposed_bid: 23
    overall: avg=23.00  p30=23.00  std=0.00
    suit_stats:
      S: pts=[9]  avg=9.00  p30=9.00  std=0.00
      H: pts=[13]  avg=13.00  p30=13.00  std=0.00
      D: pts=[21]  avg=21.00  p30=21.00  std=0.00
      C: pts=[23]  avg=23.00  p30=23.00  std=0.00
    reason: Bid: Suit C meets thresholds (p30=23.00, conf_mean=23.00 >= min_allowed=18); conservative mapping max(p30, avg-1) -> 23. (current_high=17, raise_delta=+1)
Pass (locked): Player 2 (min_allowed=24)
  bidding analysis:
    present_suits: H, C
    current_high=23  min_allowed=24  raise_delta=1
    overall: avg=13.69  p30=8.00  std=7.38
    suit_stats:
      C: pts=[10, 7, 4, 14, 26, 23 ...]  avg=13.69  p30=8.00  std=7.38
      H: pts=[]
    failed_checks:
      H: p30 0.00 < 23; conf_mean 0.00 < 23
      C: p30 8.00 < 23; conf_mean 10.00 < 23
    reason: Pass: No suit meets thresholds. Best suit C has p30=8.00, conf_mean=10.00 below min_allowed=24 (current_high=23, raise_delta=+1). Failed checks for best suit: p30 8.00 < 23, conf_mean 10.00 < 23.
Pass (locked): Player 3 (min_allowed=24)
  bidding analysis:
    present_suits: H, D, S
    current_high=23  min_allowed=24  raise_delta=1
    overall: avg=16.12  p30=13.00  std=4.69
    failed_checks:
      D: p30 0.00 < 23; conf_mean 0.00 < 23
      S: p30 13.00 < 23; conf_mean 13.78 < 23
    reason: Pass: No suit meets thresholds. Best suit S has p30=13.00, conf_mean=13.78 below min_allowed=24 (current_high=23, raise_delta=+1). Failed checks for best suit: p30 13.00 < 23, conf_mean 13.78 < 23.
Pass (locked): Player 0 (min_allowed=24)
  bidding analysis:
    present_suits: H, C, S
    current_high=23  min_allowed=24  raise_delta=1
    overall: avg=18.75  p30=16.00  std=4.16
    suit_stats:
      S: pts=[20, 16, 19, 17, 25, 19 ...]  avg=18.75  p30=16.00  std=4.16
      H: pts=[]
      C: pts=[]
    failed_checks:
      H: p30 0.00 < 23; conf_mean 0.00 < 23
      C: p30 0.00 < 23; conf_mean 0.00 < 23
      S: p30 16.00 < 23; conf_mean 16.67 < 23
    reason: Pass: No suit meets thresholds. Best suit S has p30=16.00, conf_mean=16.67 below min_allowed=24 (current_high=23, raise_delta=+1). Failed checks for best suit: p30 16.00 < 23, conf_mean 16.67 < 23.

AUCTION WINNER: Player 1 with bid 23; chooses trump D 
Details={'chosen': 'D', 'estimates': {'D': 19.0, 'C': 17.0, 'H': 13.0, 'S': 7.0}}
Player 0 hand :  ['JH', 'JC', '8S', 'KS', '7D', 'KD', 'QH', '10D']
Player 1 hand :  ['8H', '7C', 'JS', '8D', '9D', 'QC', '9H']
Player 2 hand :  ['AH', 'AC', '10C', '8C', 'KH', '10H', '10S', 'KC']
Player 3 hand :  ['AS', '7H', 'QS', 'QD', '9S', 'AD', '9C', '7S']
Player 0 (auction 4 cards): ['JH', 'JC', '8S', 'KS']
Player 1 (auction 4 cards): ['8H', '7C', 'JS', 'JD']
Player 2 (auction 4 cards): ['AH', 'AC', '10C', '8C']
Player 3 (auction 4 cards): ['AS', '7H', 'QS', 'QD']
Auction winner (bidder): Player 1 with bid 23
Bidder sets concealed trump suit: D
Phase: concealed, bidder concealed card: JD

Player 0 plays JH
Player 1 plays 8H
Player 2 plays AH
Player 3 plays 7H
Player 0 won the hand: 4 points

Player 0 plays JC
Player 1 plays 7C
Player 2 plays AC
Player 3 plays 9C
Player 0 won the hand: 6 points

Player 0 plays 8S
Player 1 plays JS
Player 2 plays 10S
Player 3 plays AS
Player 1 won the hand: 5 points

Player 1 plays QC
Player 2 plays 10C
Player 3 plays QS
Player 0 plays KS
Player 2 won the hand: 1 points

Player 2 plays 8C
-- Phase 2 begins: Trump revealed as D by Player 3 on trick 5 --
Player 3 plays QD
Player 0 plays 7D
Player 1 plays 8D
Player 3 won the hand: 0 points

Player 3 plays 9S
Player 0 plays KD
Player 1 plays 9D
Player 2 plays KH
Player 1 won the hand: 4 points

Player 1 plays 9H
Player 2 plays 10H
Player 3 plays AD
Player 0 plays QH
Player 3 won the hand: 4 points

Player 3 plays 7S
Player 0 plays 10D
Player 1 plays JD
Player 2 plays KC
Player 1 won the hand: 4 points

Game 80 final points: Team A=11, Team B=17
Series cumulative game score so far: Team A=-5, Team B=-1
Log saved to: c:\Users\laksh\Desktop\Projects\28bot\logs\game28\mcts_games\game_80_20250822_163906_036501.log
