
===== GAME 1 (20250819_140452_376228) =====

===== AUCTION =====
Pass (locked): Player 0 (min_allowed=16)
  bidding analysis:
    present_suits: H, C
    current_high=0  min_allowed=16  raise_delta=1
    overall: avg=15.50  p30=17.00  std=9.76
    suit_stats:
      H: pts=[27, 17, 18, 0]  avg=15.50  p30=17.00  std=9.76
      C: pts=[19, 7, 17, 0]  avg=10.75  p30=7.00  std=7.69
    failed_checks:
      H: conf_mean 10.62 < 15
      C: p30 7.00 < 15; conf_mean 6.90 < 15
    reason: Pass: No suit meets thresholds. Best suit H has p30=17.00, conf_mean=10.62 below min_allowed=16 (current_high=0, raise_delta=+1). Failed checks for best suit: conf_mean 10.62 < 15.
Pass (locked): Player 1 (min_allowed=16)
  bidding analysis:
    present_suits: D, C, S
    current_high=0  min_allowed=16  raise_delta=1
    overall: avg=14.75  p30=18.00  std=8.58
    suit_stats:
      D: pts=[12, 0, 10, 19]  avg=10.25  p30=10.00  std=6.80
      C: pts=[19, 12, 7, 11]  avg=12.25  p30=11.00  std=4.32
      S: pts=[20, 18, 0, 21]  avg=14.75  p30=18.00  std=8.58
    failed_checks:
      D: p30 10.00 < 15; conf_mean 6.85 < 15
      C: p30 11.00 < 15; conf_mean 10.09 < 15
      S: conf_mean 10.46 < 15
    reason: Pass: No suit meets thresholds. Best suit S has p30=18.00, conf_mean=10.46 below min_allowed=16 (current_high=0, raise_delta=+1). Failed checks for best suit: conf_mean 10.46 < 15.
Bid: Player 2 proposes 16 (min_allowed=16)
  bidding analysis:
    present_suits: H, D
    current_high=0  min_allowed=16  raise_delta=1
    chosen_suit: D
    proposed_bid: 16
    overall: avg=17.50  p30=16.00  std=4.50
    suit_stats:
      H: pts=[15, 13, 0, 6]  avg=8.50  p30=6.00  std=5.94
      D: pts=[23, 20, 16, 11]  avg=17.50  p30=16.00  std=4.50
    reason: Bid: Suit D meets thresholds (p30=16.00, conf_mean=15.25 >= min_allowed=16); conservative mapping max(p30, avg-1) -> 16. (current_high=0, raise_delta=+1)
Pass (locked): Player 3 (min_allowed=17)
  bidding analysis:
    present_suits: H, D, C, S
    current_high=16  min_allowed=17  raise_delta=1
    overall: avg=11.25  p30=14.00  std=6.53
    suit_stats:
      H: pts=[16, 15, 0, 14]  avg=11.25  p30=14.00  std=6.53
      D: pts=[0, 0, 25, 19]  avg=11.00  p30=0.00  std=11.20
      C: pts=[23, 0, 10, 4]  avg=9.25  p30=4.00  std=8.70
      S: pts=[0, 17, 0, 0]  avg=4.25  p30=0.00  std=7.36
    failed_checks:
      H: p30 14.00 < 16; conf_mean 7.98 < 16
      D: p30 0.00 < 16; conf_mean 5.40 < 16
      C: p30 4.00 < 16; conf_mean 4.90 < 16
      S: p30 0.00 < 16; conf_mean 0.57 < 16
    reason: Pass: No suit meets thresholds. Best suit H has p30=14.00, conf_mean=7.98 below min_allowed=17 (current_high=16, raise_delta=+1). Failed checks for best suit: p30 14.00 < 16, conf_mean 7.98 < 16.

AUCTION WINNER: Player 2 with bid 16; chooses trump D 
Details={'chosen': 'D', 'estimates': {'H': 8, 'D': 10}}
Player 0 hand :  ['9H', '8H', 'QC', 'AC', 'AH', 'AD', '7C', '8S']
Player 1 hand :  ['7D', 'JS', '9S', 'JC', '9C', 'QD', 'JH', 'JD']
Player 2 hand :  ['10H', '8D', '7H', 'QS', '10C', '7S', 'KC']
Player 3 hand :  ['KH', 'KS', '10D', '8C', 'QH', '10S', 'KD', 'AS']
Player 0 (auction 4 cards): ['9H', '8H', 'QC', 'AC']
Player 1 (auction 4 cards): ['7D', 'JS', '9S', 'JC']
Player 2 (auction 4 cards): ['10H', '9D', '8D', '7H']
Player 3 (auction 4 cards): ['KH', 'KS', '10D', '8C']
Auction winner (bidder): Player 2 with bid 16
Bidder sets concealed trump suit: D
Phase: concealed, bidder concealed card: 9D

Player 0 plays 9H
Player 1 plays JH
Player 2 plays 10H
Player 3 plays KH
Player 1 won the hand: 6 points

Player 1 plays 7D
Player 2 plays 8D
Player 3 plays 10D
Player 0 plays AD
Player 0 won the hand: 2 points

Player 0 plays 8H
Player 1 plays JS
Player 2 plays 7H
Player 3 plays QH
Player 3 won the hand: 3 points

Player 3 plays KS
Player 0 plays 8S
Player 1 plays 9S
Player 2 plays QS
Player 1 won the hand: 2 points

Player 1 plays JC
Player 2 plays 10C
Player 3 plays 8C
Player 0 plays QC
Player 1 won the hand: 4 points

Player 1 plays 9C
Player 2 plays KC
Player 3 plays 10S
Player 0 plays AC
Player 1 won the hand: 4 points

Player 1 plays QD
Player 2 plays 7S
Player 3 plays KD
Player 0 plays AH
Player 3 won the hand: 1 points

Round declared invalid: trump never exposed by end of 7th trick.
Game 1 final points: Team A=0, Team B=0
Series cumulative game score so far: Team A=0, Team B=0
Log saved to: c:\Users\laksh\Desktop\Projects\28bot\logs\game28\mcts_games\game_1_20250819_140452_376228.log
