
===== GAME 1 (20250820_215303_808118) =====

===== AUCTION =====
Bid: Player 0 proposes 16 (min_allowed=16)
  bidding analysis:
    present_suits: H, D
    current_high=0  min_allowed=16  raise_delta=1
    chosen_suit: H
    proposed_bid: 16
    overall: avg=17.88  p30=16.00  std=4.37
    suit_stats:
      H: pts=[24, 16, 16, 16, 25, 14 ...]  avg=17.88  p30=16.00  std=4.37
      D: pts=[]
    reason: Bid: Suit H meets thresholds (p30=16.00, conf_mean=15.69 >= min_allowed=16); conservative mapping max(p30, avg-1) -> 16. (current_high=0, raise_delta=+1)
Bid: Player 1 proposes 17 (min_allowed=17)
  bidding analysis:
    present_suits: H, C
    current_high=16  min_allowed=17  raise_delta=1
    chosen_suit: C
    proposed_bid: 17
    overall: avg=18.88  p30=16.00  std=3.59
    suit_stats:
      C: pts=[19, 22, 14, 22, 14, 16 ...]  avg=18.88  p30=16.00  std=3.59
      H: pts=[]
    reason: Bid: Suit C meets thresholds (p30=16.00, conf_mean=17.08 >= min_allowed=17); conservative mapping max(p30, avg-1) -> 17. (current_high=16, raise_delta=+1)
Pass (locked): Player 2 (min_allowed=18)
  bidding analysis:
    present_suits: H, D, C
    current_high=17  min_allowed=18  raise_delta=1
    overall: avg=15.88  p30=14.00  std=5.99
    suit_stats:
      C: pts=[25, 16, 14, 5, 12, 16 ...]  avg=15.88  p30=14.00  std=5.99
      H: pts=[]
      D: pts=[]
    failed_checks:
      H: p30 0.00 < 17; conf_mean 0.00 < 17
      D: p30 0.00 < 17; conf_mean 0.00 < 17
      C: p30 14.00 < 17; conf_mean 12.88 < 17
    reason: Pass: No suit meets thresholds. Best suit C has p30=14.00, conf_mean=12.88 below min_allowed=18 (current_high=17, raise_delta=+1). Failed checks for best suit: p30 14.00 < 17, conf_mean 12.88 < 17.
Pass (locked): Player 3 (min_allowed=18)
  bidding analysis:
    present_suits: H, C, S
    current_high=17  min_allowed=18  raise_delta=1
    overall: avg=0.00  p30=0.00  std=0.00
    failed_checks:
      H: p30 0.00 < 17; conf_mean 0.00 < 17
      C: p30 0.00 < 17; conf_mean 0.00 < 17
    reason: Pass: No suit meets thresholds. Best suit H has p30=0.00, conf_mean=0.00 below min_allowed=18 (current_high=17, raise_delta=+1). Failed checks for best suit: p30 0.00 < 17, conf_mean 0.00 < 17.
Pass (locked): Player 0 (min_allowed=18)
  bidding analysis:
    present_suits: H, D
    current_high=17  min_allowed=18  raise_delta=1
    overall: avg=19.00  p30=18.00  std=4.30
    suit_stats:
      H: pts=[19, 11, 15, 23, 18, 20 ...]  avg=19.00  p30=18.00  std=4.30
      D: pts=[]
    failed_checks:
      H: conf_mean 16.85 < 17
      D: p30 0.00 < 17; conf_mean 0.00 < 17
    reason: Pass: No suit meets thresholds. Best suit H has p30=18.00, conf_mean=16.85 below min_allowed=18 (current_high=17, raise_delta=+1). Failed checks for best suit: conf_mean 16.85 < 17.

AUCTION WINNER: Player 1 with bid 17; chooses trump C 
Details={'chosen': 'C', 'estimates': {'C': 26.0, 'H': 25.0}}
Player 0 hand :  ['9H', '10H', '8D', 'AH', '10C', 'QD', '8H', 'KC']
Player 1 hand :  ['9C', 'JC', '7H', 'AS', '7D', 'JS', 'AD']
Player 2 hand :  ['JH', '8C', 'QC', '9D', '9S', 'KD', '10D', '7S']
Player 3 hand :  ['7C', 'QS', '8S', 'QH', 'KS', 'JD', 'KH', '10S']
Player 0 (auction 4 cards): ['9H', '10H', '8D', 'AH']
Player 1 (auction 4 cards): ['9C', 'JC', '7H', 'AC']
Player 2 (auction 4 cards): ['JH', '8C', 'QC', '9D']
Player 3 (auction 4 cards): ['7C', 'QS', '8S', 'QH']
Auction winner (bidder): Player 1 with bid 17
Bidder sets concealed trump suit: C
Phase: concealed, bidder concealed card: AC

Player 0 plays 9H
Player 1 plays 7H
Player 2 plays JH
Player 3 plays QH
Player 2 won the hand: 5 points

Player 2 plays 8C
Player 3 plays 7C
Player 0 plays 10C
Player 1 plays 9C
Player 1 won the hand: 3 points

Player 1 plays AS
Player 2 plays 9S
Player 3 plays QS
Player 0 plays 10H
Player 2 won the hand: 4 points

Player 2 plays QC
Player 3 plays 8S
Player 0 plays KC
Player 1 plays JC
Player 1 won the hand: 3 points

Player 1 plays 7D
Player 2 plays 9D
Player 3 plays JD
Player 0 plays 8D
Player 3 won the hand: 5 points

Player 3 plays KS
Player 0 plays AH
Player 1 plays JS
Player 2 plays 7S
Player 1 won the hand: 4 points

Player 1 plays AD
Player 2 plays KD
Player 3 plays KH
Player 0 plays QD
Player 1 won the hand: 1 points

