
===== GAME 12 (20250820_233100_413587) =====

===== AUCTION =====
Pass (locked): Player 0 (min_allowed=16)
  bidding analysis:
    present_suits: H, D, S
    current_high=0  min_allowed=16  raise_delta=1
    overall: avg=13.00  p30=12.00  std=3.91
    suit_stats:
      D: pts=[10, 17, 17, 13, 12, 17 ...]  avg=13.00  p30=12.00  std=3.91
      H: pts=[]
      S: pts=[]
    failed_checks:
      H: p30 0.00 < 15; conf_mean 0.00 < 15
      D: p30 12.00 < 15; conf_mean 11.05 < 15
      S: p30 0.00 < 15; conf_mean 0.00 < 15
    reason: Pass: No suit meets thresholds. Best suit D has p30=12.00, conf_mean=11.05 below min_allowed=16 (current_high=0, raise_delta=+1). Failed checks for best suit: p30 12.00 < 15, conf_mean 11.05 < 15.
Bid: Player 1 proposes 18 (min_allowed=16)
  bidding analysis:
    present_suits: H, D, C, S
    current_high=0  min_allowed=16  raise_delta=1
    chosen_suit: C
    proposed_bid: 18
    overall: avg=18.00  p30=18.00  std=0.00
    suit_stats:
      C: pts=[18]  avg=18.00  p30=18.00  std=0.00
      D: pts=[6]  avg=6.00  p30=6.00  std=0.00
      H: pts=[8]  avg=8.00  p30=8.00  std=0.00
      S: pts=[16]  avg=16.00  p30=16.00  std=0.00
    reason: Bid: Suit C meets thresholds (p30=18.00, conf_mean=18.00 >= min_allowed=16); conservative mapping max(p30, avg-1) -> 18. (current_high=0, raise_delta=+1)
Pass (locked): Player 2 (min_allowed=19)
  bidding analysis:
    present_suits: H, D, C
    current_high=18  min_allowed=19  raise_delta=1
    overall: avg=0.00  p30=0.00  std=0.00
    failed_checks:
      H: p30 0.00 < 18; conf_mean 0.00 < 18
      C: p30 0.00 < 18; conf_mean 0.00 < 18
    reason: Pass: No suit meets thresholds. Best suit H has p30=0.00, conf_mean=0.00 below min_allowed=19 (current_high=18, raise_delta=+1). Failed checks for best suit: p30 0.00 < 18, conf_mean 0.00 < 18.
Pass (locked): Player 3 (min_allowed=19)
  bidding analysis:
    present_suits: H, S
    current_high=18  min_allowed=19  raise_delta=1
    overall: avg=17.12  p30=17.00  std=3.66
    suit_stats:
      H: pts=[19, 19, 23, 18, 17, 11 ...]  avg=17.12  p30=17.00  std=3.66
      S: pts=[]
    failed_checks:
      H: p30 17.00 < 18; conf_mean 15.30 < 18
      S: p30 0.00 < 18; conf_mean 0.00 < 18
    reason: Pass: No suit meets thresholds. Best suit H has p30=17.00, conf_mean=15.30 below min_allowed=19 (current_high=18, raise_delta=+1). Failed checks for best suit: p30 17.00 < 18, conf_mean 15.30 < 18.

AUCTION WINNER: Player 1 with bid 18; chooses trump D 
Details={'chosen': 'D', 'estimates': {'C': 0.0, 'S': 18.0, 'H': 15.0, 'D': 18.0}}
Player 0 hand :  ['KH', 'QD', '9D', 'JS', '8S', '9S', 'JD', '7S']
Player 1 hand :  ['9C', '10S', '8H', 'JC', '9H', 'KD', 'QS']
Player 2 hand :  ['AC', '10D', '10H', '7D', 'KC', 'AS', '8C', '10C']
Player 3 hand :  ['QH', 'AH', 'KS', '7H', 'QC', '7C', 'JH', 'AD']
Player 0 (auction 4 cards): ['KH', 'QD', '9D', 'JS']
Player 1 (auction 4 cards): ['8D', '9C', '10S', '8H']
Player 2 (auction 4 cards): ['AC', '10D', '10H', '7D']
Player 3 (auction 4 cards): ['QH', 'AH', 'KS', '7H']
Auction winner (bidder): Player 1 with bid 18
Bidder sets concealed trump suit: D
Phase: concealed, bidder concealed card: 8D

Player 0 plays KH
Player 1 plays 8H
Player 2 plays 10H
Player 3 plays QH
Player 2 won the hand: 1 points

Player 2 plays AC
Player 3 plays QC
-- Phase 2 begins: Trump revealed as D by Player 0 on trick 2 --
Player 0 plays QD
Player 1 plays 9C
Player 0 won the hand: 3 points

Player 0 plays 9D
Player 1 plays KD
Player 2 plays 10D
Player 3 plays AD
Player 0 won the hand: 4 points

Player 0 plays JS
Player 1 plays 10S
Player 2 plays AS
Player 3 plays KS
Player 0 won the hand: 5 points

Player 0 plays 8S
Player 1 plays QS
Player 2 plays 7D
Player 3 plays AH
Player 2 won the hand: 1 points

Player 2 plays KC
Player 3 plays 7C
Player 0 plays 9S
Player 1 plays JC
Player 1 won the hand: 5 points

Player 1 plays 9H
Player 2 plays 8C
Player 3 plays 7H
Player 0 plays JD
Player 0 won the hand: 5 points

Player 0 plays 7S
Player 1 plays 8D
Player 2 plays 10C
Player 3 plays JH
Player 1 won the hand: 4 points

Game 12 final points: Team A=19, Team B=9
Series cumulative game score so far: Team A=-4, Team B=-1
Log saved to: c:\Users\laksh\Desktop\Projects\28bot\logs\game28\mcts_games\game_12_20250820_233100_413587.log
