
===== GAME 24 (20250822_135910_276323) =====

===== AUCTION =====
Pass (locked): Player 0 (min_allowed=16)
  bidding analysis:
    present_suits: H, S
    current_high=0  min_allowed=16  raise_delta=1
    overall: avg=17.75  p30=15.00  std=5.75
    suit_stats:
      H: pts=[22, 17, 12, 25, 16, 18 ...]  avg=17.75  p30=15.00  std=5.75
      S: pts=[]
    failed_checks:
      H: conf_mean 14.88 < 15
      S: p30 0.00 < 15; conf_mean 0.00 < 15
    reason: Pass: No suit meets thresholds. Best suit H has p30=15.00, conf_mean=14.88 below min_allowed=16 (current_high=0, raise_delta=+1). Failed checks for best suit: conf_mean 14.88 < 15.
Pass (locked): Player 1 (min_allowed=16)
  bidding analysis:
    present_suits: D, C, S
    current_high=0  min_allowed=16  raise_delta=1
    overall: avg=0.00  p30=0.00  std=0.00
    failed_checks:
      D: p30 0.00 < 15; conf_mean 0.00 < 15
      S: p30 0.00 < 15; conf_mean 0.00 < 15
    reason: Pass: No suit meets thresholds. Best suit D has p30=0.00, conf_mean=0.00 below min_allowed=16 (current_high=0, raise_delta=+1). Failed checks for best suit: p30 0.00 < 15, conf_mean 0.00 < 15.
Pass (locked): Player 2 (min_allowed=16)
  bidding analysis:
    present_suits: H, D, C
    current_high=0  min_allowed=16  raise_delta=1
    overall: avg=15.38  p30=13.00  std=3.57
    failed_checks:
      H: p30 0.00 < 15; conf_mean 0.00 < 15
      D: p30 13.00 < 15; conf_mean 13.59 < 15
      C: p30 0.00 < 15; conf_mean 0.00 < 15
    reason: Pass: No suit meets thresholds. Best suit D has p30=13.00, conf_mean=13.59 below min_allowed=16 (current_high=0, raise_delta=+1). Failed checks for best suit: p30 13.00 < 15, conf_mean 13.59 < 15.
Pass (locked): Player 3 (min_allowed=16)
  bidding analysis:
    present_suits: H, D, S
    current_high=0  min_allowed=16  raise_delta=1
    overall: avg=16.81  p30=13.00  std=5.57
    suit_stats:
      S: pts=[24, 6, 10, 17, 20, 15 ...]  avg=16.81  p30=13.00  std=5.57
      H: pts=[]
      D: pts=[]
    failed_checks:
      H: p30 0.00 < 15; conf_mean 0.00 < 15
      D: p30 0.00 < 15; conf_mean 0.00 < 15
      S: p30 13.00 < 15; conf_mean 14.03 < 15
    reason: Pass: No suit meets thresholds. Best suit S has p30=13.00, conf_mean=14.03 below min_allowed=16 (current_high=0, raise_delta=+1). Failed checks for best suit: p30 13.00 < 15, conf_mean 14.03 < 15.
Forced bid: All players passed. Player 0 takes minimum bid 16.

AUCTION WINNER: Player 0 with bid 16; chooses trump H 
Details={'chosen': 'H', 'estimates': {'S': 5.0, 'H': 19.0}}
Player 0 hand :  ['9H', 'JS', '7H', '8H', '9D', 'QC', 'KH']
Player 1 hand :  ['KS', '7D', 'JD', '8C', '8S', '7S', 'AS', 'QH']
Player 2 hand :  ['8D', 'JH', 'AD', '10C', 'KD', 'KC', '7C', '10D']
Player 3 hand :  ['QD', 'QS', 'AH', '10S', 'JC', '9C', 'AC', '9S']
Player 0 (auction 4 cards): ['9H', 'JS', '10H', '7H']
Player 1 (auction 4 cards): ['KS', '7D', 'JD', '8C']
Player 2 (auction 4 cards): ['8D', 'JH', 'AD', '10C']
Player 3 (auction 4 cards): ['QD', 'QS', 'AH', '10S']
Auction winner (bidder): Player 0 with bid 16
Bidder sets concealed trump suit: H
Phase: concealed, bidder concealed card: 10H

Player 0 plays JS
Player 1 plays KS
Player 2 plays 8D
Player 3 plays QS
Player 0 won the hand: 3 points

Player 0 plays 9D
Player 1 plays 7D
Player 2 plays AD
Player 3 plays QD
Player 0 won the hand: 3 points

Player 0 plays QC
Player 1 plays 8C
Player 2 plays 10C
Player 3 plays JC
Player 3 won the hand: 4 points

Player 3 plays AH
Player 0 plays 9H
Player 1 plays QH
Player 2 plays JH
Player 2 won the hand: 6 points

Player 2 plays KD
Player 3 plays 10S
-- Phase 2 begins: Trump revealed as H by Player 0 on trick 5 --
Player 0 plays 7H
Player 1 plays JD
Player 0 won the hand: 4 points

Player 0 plays 8H
Player 1 plays 8S
Player 2 plays KC
Player 3 plays 9C
Player 0 won the hand: 2 points

Player 0 plays KH
Player 1 plays 7S
Player 2 plays 7C
Player 3 plays AC
Player 0 won the hand: 1 points

Player 0 plays 10H
Player 1 plays AS
Player 2 plays 10D
Player 3 plays 9S
Player 0 won the hand: 5 points

Game 24 final points: Team A=24, Team B=4
Series cumulative game score so far: Team A=-3, Team B=-1
Log saved to: c:\Users\laksh\Desktop\Projects\28bot\logs\game28\mcts_games\game_24_20250822_135910_276323.log
