
===== GAME 55 (20250820_160505_109283) =====

===== AUCTION =====
Pass (locked): Player 0 (min_allowed=16)
  bidding analysis:
    present_suits: H, D
    current_high=0  min_allowed=16  raise_delta=1
    overall: avg=14.75  p30=10.00  std=6.68
    suit_stats:
      H: pts=[7, 10, 18, 24]  avg=14.75  p30=10.00  std=6.68
      D: pts=[8, 22, 9, 11]  avg=12.50  p30=9.00  std=5.59
    failed_checks:
      H: p30 10.00 < 15; conf_mean 11.41 < 15
      D: p30 9.00 < 15; conf_mean 9.70 < 15
    reason: Pass: No suit meets thresholds. Best suit H has p30=10.00, conf_mean=11.41 below min_allowed=16 (current_high=0, raise_delta=+1). Failed checks for best suit: p30 10.00 < 15, conf_mean 11.41 < 15.
Pass (locked): Player 1 (min_allowed=16)
  bidding analysis:
    present_suits: H, D, C, S
    current_high=0  min_allowed=16  raise_delta=1
    overall: avg=16.50  p30=14.00  std=3.50
    suit_stats:
      C: pts=[16, 12, 0, 18]  avg=11.50  p30=12.00  std=6.98
      D: pts=[22, 17, 13, 14]  avg=16.50  p30=14.00  std=3.50
      S: pts=[5, 9, 15, 9, 23, 10]  avg=11.83  p30=9.00  std=5.79
      H: pts=[16, 9, 5, 4, 18, 6]  avg=9.67  p30=5.00  std=5.44
    failed_checks:
      H: p30 5.00 < 15; conf_mean 6.95 < 15
      D: p30 14.00 < 15; conf_mean 14.75 < 15
      C: p30 12.00 < 15; conf_mean 8.01 < 15
      S: p30 9.00 < 15; conf_mean 8.94 < 15
    reason: Pass: No suit meets thresholds. Best suit D has p30=14.00, conf_mean=14.75 below min_allowed=16 (current_high=0, raise_delta=+1). Failed checks for best suit: p30 14.00 < 15, conf_mean 14.75 < 15.
Pass (locked): Player 2 (min_allowed=16)
  bidding analysis:
    present_suits: H, C
    current_high=0  min_allowed=16  raise_delta=1
    overall: avg=9.50  p30=11.00  std=5.68
    suit_stats:
      C: pts=[12, 0, 15, 11]  avg=9.50  p30=11.00  std=5.68
      H: pts=[]
    failed_checks:
      H: p30 0.00 < 15; conf_mean 0.00 < 15
      C: p30 11.00 < 15; conf_mean 6.66 < 15
    reason: Pass: No suit meets thresholds. Best suit C has p30=11.00, conf_mean=6.66 below min_allowed=16 (current_high=0, raise_delta=+1). Failed checks for best suit: p30 11.00 < 15, conf_mean 6.66 < 15.
Pass (locked): Player 3 (min_allowed=16)
  bidding analysis:
    present_suits: H, D, S
    current_high=0  min_allowed=16  raise_delta=1
    overall: avg=13.00  p30=12.00  std=3.94
    suit_stats:
      H: pts=[13, 8, 19, 12]  avg=13.00  p30=12.00  std=3.94
      D: pts=[]
      S: pts=[]
    failed_checks:
      H: p30 12.00 < 15; conf_mean 11.03 < 15
      D: p30 0.00 < 15; conf_mean 0.00 < 15
      S: p30 0.00 < 15; conf_mean 0.00 < 15
    reason: Pass: No suit meets thresholds. Best suit H has p30=12.00, conf_mean=11.03 below min_allowed=16 (current_high=0, raise_delta=+1). Failed checks for best suit: p30 12.00 < 15, conf_mean 11.03 < 15.
Forced bid: All players passed. Player 0 takes minimum bid 16.

AUCTION WINNER: Player 0 with bid 16; chooses trump D 
Details={'chosen': 'D', 'estimates': {'H': 13.75, 'D': 16.666666666666668}}
Player 0 hand :  ['9H', 'JD', '10H', '7H', '7S', 'JH', '8D']
Player 1 hand :  ['KH', 'AD', 'JS', '7C', 'KS', 'QC', 'KD', '10D']
Player 2 hand :  ['8C', 'QH', 'AC', '9C', '10C', '9S', 'JC', '7D']
Player 3 hand :  ['8H', 'AH', 'AS', '9D', '10S', '8S', 'KC', 'QS']
Player 0 (auction 4 cards): ['9H', 'JD', '10H', 'QD']
Player 1 (auction 4 cards): ['KH', 'AD', 'JS', '7C']
Player 2 (auction 4 cards): ['8C', 'QH', 'AC', '9C']
Player 3 (auction 4 cards): ['8H', 'AH', 'AS', '9D']
Auction winner (bidder): Player 0 with bid 16
Bidder sets concealed trump suit: D
Phase: concealed, bidder concealed card: QD

Player 0 plays 9H
Player 1 plays KH
Player 2 plays QH
Player 3 plays 8H
Player 0 won the hand: 2 points

Player 0 plays 10H
-- Phase 2 begins: Trump revealed as D by Player 1 on trick 2 --
Player 1 plays AD
Player 2 plays 8C
Player 3 plays AH
Player 1 won the hand: 3 points

Player 1 plays JS
Player 2 plays 9S
Player 3 plays AS
Player 0 plays 7S
Player 1 won the hand: 6 points

Player 1 plays 7C
Player 2 plays AC
Player 3 plays KC
Player 0 plays JD
Player 0 won the hand: 4 points

Player 0 plays 7H
Player 1 plays KS
Player 2 plays 9C
Player 3 plays 9D
Player 3 won the hand: 4 points

Player 3 plays 10S
Player 0 plays JH
Player 1 plays QC
Player 2 plays 10C
Player 3 won the hand: 5 points

Player 3 plays 8S
Player 0 plays 8D
Player 1 plays KD
Player 2 plays JC
Player 1 won the hand: 3 points

Player 1 plays 10D
Player 2 plays 7D
Player 3 plays QS
Player 0 plays QD
Player 1 won the hand: 1 points

Game 55 final points: Team A=6, Team B=22
Series cumulative game score so far: Team A=-4, Team B=-4
Log saved to: c:\Users\laksh\Desktop\Projects\28bot\logs\game28\mcts_games\game_55_20250820_160505_109283.log
