
===== GAME 1 (20250820_220520_013272) =====

===== AUCTION =====
Pass (locked): Player 0 (min_allowed=16)
  bidding analysis:
    present_suits: H, D, S
    current_high=0  min_allowed=16  raise_delta=1
    overall: avg=17.08  p30=14.00  std=5.15
    suit_stats:
      D: pts=[23, 13, 22, 23, 14, 14 ...]  avg=17.08  p30=14.00  std=5.15
      H: pts=[]
      S: pts=[]
    failed_checks:
      H: p30 0.00 < 15; conf_mean 0.00 < 15
      D: p30 14.00 < 15; conf_mean 14.51 < 15
      S: p30 0.00 < 15; conf_mean 0.00 < 15
    reason: Pass: No suit meets thresholds. Best suit D has p30=14.00, conf_mean=14.51 below min_allowed=16 (current_high=0, raise_delta=+1). Failed checks for best suit: p30 14.00 < 15, conf_mean 14.51 < 15.
Pass (locked): Player 1 (min_allowed=16)
  bidding analysis:
    present_suits: H, C, S
    current_high=0  min_allowed=16  raise_delta=1
    overall: avg=13.42  p30=10.00  std=6.11
    suit_stats:
      S: pts=[12, 10, 13, 16, 9, 2 ...]  avg=13.42  p30=10.00  std=6.11
      H: pts=[]
      C: pts=[]
    failed_checks:
      H: p30 0.00 < 15; conf_mean 0.00 < 15
      C: p30 0.00 < 15; conf_mean 0.00 < 15
      S: p30 10.00 < 15; conf_mean 10.36 < 15
    reason: Pass: No suit meets thresholds. Best suit S has p30=10.00, conf_mean=10.36 below min_allowed=16 (current_high=0, raise_delta=+1). Failed checks for best suit: p30 10.00 < 15, conf_mean 10.36 < 15.
Pass (locked): Player 2 (min_allowed=16)
  bidding analysis:
    present_suits: H, D, S
    current_high=0  min_allowed=16  raise_delta=1
    overall: avg=17.25  p30=15.00  std=5.36
    suit_stats:
      S: pts=[23, 19, 11, 4, 20, 11 ...]  avg=17.25  p30=15.00  std=5.36
      H: pts=[]
      D: pts=[]
    failed_checks:
      H: p30 0.00 < 15; conf_mean 0.00 < 15
      D: p30 0.00 < 15; conf_mean 0.00 < 15
      S: conf_mean 14.57 < 15
    reason: Pass: No suit meets thresholds. Best suit S has p30=15.00, conf_mean=14.57 below min_allowed=16 (current_high=0, raise_delta=+1). Failed checks for best suit: conf_mean 14.57 < 15.
Pass (locked): Player 3 (min_allowed=16)
  bidding analysis:
    present_suits: D, C, S
    current_high=0  min_allowed=16  raise_delta=1
    overall: avg=14.00  p30=17.00  std=8.15
    failed_checks:
      D: conf_mean 9.92 < 15
      C: p30 0.00 < 15; conf_mean 0.00 < 15
      S: p30 0.00 < 15; conf_mean 0.00 < 15
    reason: Pass: No suit meets thresholds. Best suit D has p30=17.00, conf_mean=9.92 below min_allowed=16 (current_high=0, raise_delta=+1). Failed checks for best suit: conf_mean 9.92 < 15.
Forced bid: All players passed. Player 0 takes minimum bid 16.

AUCTION WINNER: Player 0 with bid 16; chooses trump S 
Details={'chosen': 'S', 'estimates': {'D': 19.0, 'H': 7.0, 'S': 25.0}}
Player 0 hand :  ['JD', 'JH', '7D', '8D', 'KD', '7H', '8H']
Player 1 hand :  ['8C', '9S', 'KH', 'KS', 'QH', 'QC', '10C', '10D']
Player 2 hand :  ['AS', '7S', '9H', '9D', 'AH', 'AD', '9C', '10H']
Player 3 hand :  ['QD', 'AC', 'JC', '8S', 'KC', '7C', '10S', 'JS']
Player 0 (auction 4 cards): ['JD', 'JH', 'QS', '7D']
Player 1 (auction 4 cards): ['8C', '9S', 'KH', 'KS']
Player 2 (auction 4 cards): ['AS', '7S', '9H', '9D']
Player 3 (auction 4 cards): ['QD', 'AC', 'JC', '8S']
Auction winner (bidder): Player 0 with bid 16
Bidder sets concealed trump suit: S
Phase: concealed, bidder concealed card: QS

Player 0 plays JD
Player 1 plays 10D
Player 2 plays 9D
Player 3 plays QD
Player 0 won the hand: 6 points

Player 0 plays JH
Player 1 plays KH
Player 2 plays 9H
Player 3 plays AC
Player 0 won the hand: 6 points

Player 0 plays 7D
Player 1 plays 8C
Player 2 plays AD
Player 3 plays JC
Player 2 won the hand: 4 points

Player 2 plays AS
Player 3 plays 8S
Player 0 plays 8D
Player 1 plays 9S
Player 1 won the hand: 3 points

Player 1 plays KS
Player 2 plays 7S
Player 3 plays 10S
Player 0 plays KD
Player 3 won the hand: 1 points

Player 3 plays KC
Player 0 plays 7H
Player 1 plays QC
Player 2 plays 9C
Player 2 won the hand: 2 points

Player 2 plays AH
Player 3 plays 7C
Player 0 plays 8H
Player 1 plays QH
Player 2 won the hand: 1 points

Player 2 plays 10H
-- Phase 2 begins: Trump revealed as S by Player 3 on trick 8 --
Player 3 plays JS
Player 0 plays QS
Player 1 plays 10C
Player 3 won the hand: 5 points

Game 1 final points: Team A=19, Team B=9
Series cumulative game score so far: Team A=1, Team B=0
Log saved to: c:\Users\laksh\Desktop\Projects\28bot\logs\game28\mcts_games\game_1_20250820_220520_013272.log
