
===== GAME 4 (20250820_230859_860043) =====

===== AUCTION =====
Pass (locked): Player 0 (min_allowed=16)
  bidding analysis:
    present_suits: D, C, S
    current_high=0  min_allowed=16  raise_delta=1
    overall: avg=17.00  p30=13.00  std=6.63
    suit_stats:
      S: pts=[13, 18, 10, 19, 6, 28 ...]  avg=17.00  p30=13.00  std=6.63
      D: pts=[]
      C: pts=[]
    failed_checks:
      D: p30 0.00 < 15; conf_mean 0.00 < 15
      C: p30 0.00 < 15; conf_mean 0.00 < 15
      S: p30 13.00 < 15; conf_mean 13.68 < 15
    reason: Pass: No suit meets thresholds. Best suit S has p30=13.00, conf_mean=13.68 below min_allowed=16 (current_high=0, raise_delta=+1). Failed checks for best suit: p30 13.00 < 15, conf_mean 13.68 < 15.
Pass (locked): Player 1 (min_allowed=16)
  bidding analysis:
    present_suits: D, C, S
    current_high=0  min_allowed=16  raise_delta=1
    overall: avg=16.62  p30=15.00  std=3.74
    suit_stats:
      S: pts=[24, 15, 15, 12, 18, 18 ...]  avg=16.62  p30=15.00  std=3.74
      D: pts=[]
      C: pts=[]
    failed_checks:
      D: p30 0.00 < 15; conf_mean 0.00 < 15
      C: p30 0.00 < 15; conf_mean 0.00 < 15
      S: conf_mean 14.76 < 15
    reason: Pass: No suit meets thresholds. Best suit S has p30=15.00, conf_mean=14.76 below min_allowed=16 (current_high=0, raise_delta=+1). Failed checks for best suit: conf_mean 14.76 < 15.
Pass (locked): Player 2 (min_allowed=16)
  bidding analysis:
    present_suits: H, D, C, S
    current_high=0  min_allowed=16  raise_delta=1
    overall: avg=13.00  p30=13.00  std=0.00
    suit_stats:
      C: pts=[5]  avg=5.00  p30=5.00  std=0.00
      S: pts=[12]  avg=12.00  p30=12.00  std=0.00
      D: pts=[6]  avg=6.00  p30=6.00  std=0.00
      H: pts=[13]  avg=13.00  p30=13.00  std=0.00
    failed_checks:
      H: p30 13.00 < 15; conf_mean 13.00 < 15
      D: p30 6.00 < 15; conf_mean 6.00 < 15
      C: p30 5.00 < 15; conf_mean 5.00 < 15
      S: p30 12.00 < 15; conf_mean 12.00 < 15
    reason: Pass: No suit meets thresholds. Best suit H has p30=13.00, conf_mean=13.00 below min_allowed=16 (current_high=0, raise_delta=+1). Failed checks for best suit: p30 13.00 < 15, conf_mean 13.00 < 15.
Pass (locked): Player 3 (min_allowed=16)
  bidding analysis:
    present_suits: D, C, S
    current_high=0  min_allowed=16  raise_delta=1
    overall: avg=16.50  p30=13.00  std=5.92
    suit_stats:
      C: pts=[27, 7, 12, 18, 17, 13 ...]  avg=16.50  p30=13.00  std=5.92
      D: pts=[]
      S: pts=[]
    failed_checks:
      D: p30 0.00 < 15; conf_mean 0.00 < 15
      C: p30 13.00 < 15; conf_mean 13.54 < 15
      S: p30 0.00 < 15; conf_mean 0.00 < 15
    reason: Pass: No suit meets thresholds. Best suit C has p30=13.00, conf_mean=13.54 below min_allowed=16 (current_high=0, raise_delta=+1). Failed checks for best suit: p30 13.00 < 15, conf_mean 13.54 < 15.
Forced bid: All players passed. Player 0 takes minimum bid 16.

AUCTION WINNER: Player 0 with bid 16; chooses trump D 
Details={'chosen': 'D', 'estimates': {'C': 16.0, 'D': 23.0, 'S': 13.0}}
Player 0 hand :  ['9S', 'KC', '10S', 'AH', '9H', '10H', 'KS']
Player 1 hand :  ['AC', '8S', '10D', 'QS', 'JH', 'QC', '7C', 'KH']
Player 2 hand :  ['AS', '8D', '8H', '10C', 'KD', 'QD', 'QH', '7S']
Player 3 hand :  ['JC', '9D', 'JS', '8C', '9C', 'AD', 'JD', '7H']
Player 0 (auction 4 cards): ['9S', 'KC', '7D', '10S']
Player 1 (auction 4 cards): ['AC', '8S', '10D', 'QS']
Player 2 (auction 4 cards): ['AS', '8D', '8H', '10C']
Player 3 (auction 4 cards): ['JC', '9D', 'JS', '8C']
Auction winner (bidder): Player 0 with bid 16
Bidder sets concealed trump suit: D
Phase: concealed, bidder concealed card: 7D

Player 0 plays 9S
Player 1 plays 8S
Player 2 plays AS
Player 3 plays JS
Player 3 won the hand: 6 points

Player 3 plays JC
Player 0 plays KC
Player 1 plays AC
Player 2 plays 10C
Player 3 won the hand: 5 points

Player 3 plays 9D
Player 0 plays 10S
Player 1 plays 10D
Player 2 plays 8D
Player 3 won the hand: 4 points

Player 3 plays 8C
Player 0 plays AH
Player 1 plays QC
Player 2 plays 8H
Player 1 won the hand: 1 points

Player 1 plays QS
Player 2 plays 7S
Player 3 plays 9C
Player 0 plays KS
Player 0 won the hand: 2 points

Player 0 plays 9H
Player 1 plays JH
Player 2 plays QH
Player 3 plays 7H
Player 1 won the hand: 5 points

Player 1 plays 7C
-- Phase 2 begins: Trump revealed as D by Player 2 on trick 7 --
Player 2 plays KD
Player 3 plays AD
Player 0 plays 10H
Player 3 won the hand: 2 points

Player 3 plays JD
Player 0 plays 7D
Player 1 plays KH
Player 2 plays QD
Player 3 won the hand: 3 points

Game 4 final points: Team A=2, Team B=26
Series cumulative game score so far: Team A=-3, Team B=0
Log saved to: c:\Users\laksh\Desktop\Projects\28bot\logs\game28\mcts_games\game_4_20250820_230859_860043.log
