
===== GAME 39 (20250820_152950_516202) =====

===== AUCTION =====
Pass (locked): Player 0 (min_allowed=16)
  bidding analysis:
    present_suits: D, C, S
    current_high=0  min_allowed=16  raise_delta=1
    overall: avg=11.50  p30=0.00  std=11.52
    suit_stats:
      S: pts=[24, 0, 0, 22]  avg=11.50  p30=0.00  std=11.52
      D: pts=[]
      C: pts=[]
    failed_checks:
      D: p30 0.00 < 15; conf_mean 0.00 < 15
      C: p30 0.00 < 15; conf_mean 0.00 < 15
      S: p30 0.00 < 15; conf_mean 5.74 < 15
    reason: Pass: No suit meets thresholds. Best suit S has p30=0.00, conf_mean=5.74 below min_allowed=16 (current_high=0, raise_delta=+1). Failed checks for best suit: p30 0.00 < 15, conf_mean 5.74 < 15.
Pass (locked): Player 1 (min_allowed=16)
  bidding analysis:
    present_suits: H, D, C
    current_high=0  min_allowed=16  raise_delta=1
    overall: avg=13.50  p30=12.00  std=6.58
    failed_checks:
      H: p30 12.00 < 15; conf_mean 10.21 < 15
      D: p30 7.00 < 15; conf_mean 8.84 < 15
      C: p30 3.00 < 15; conf_mean 4.00 < 15
    reason: Pass: No suit meets thresholds. Best suit H has p30=12.00, conf_mean=10.21 below min_allowed=16 (current_high=0, raise_delta=+1). Failed checks for best suit: p30 12.00 < 15, conf_mean 10.21 < 15.
Pass (locked): Player 2 (min_allowed=16)
  bidding analysis:
    present_suits: C, S
    current_high=0  min_allowed=16  raise_delta=1
    overall: avg=16.50  p30=14.00  std=3.84
    suit_stats:
      S: pts=[18, 12, 14, 22]  avg=16.50  p30=14.00  std=3.84
      C: pts=[4, 14, 6, 14]  avg=9.50  p30=6.00  std=4.56
    failed_checks:
      C: p30 6.00 < 15; conf_mean 7.22 < 15
      S: p30 14.00 < 15; conf_mean 14.58 < 15
    reason: Pass: No suit meets thresholds. Best suit S has p30=14.00, conf_mean=14.58 below min_allowed=16 (current_high=0, raise_delta=+1). Failed checks for best suit: p30 14.00 < 15, conf_mean 14.58 < 15.
Pass (locked): Player 3 (min_allowed=16)
  bidding analysis:
    present_suits: D, C, S
    current_high=0  min_allowed=16  raise_delta=1
    overall: avg=8.00  p30=0.00  std=8.49
    suit_stats:
      C: pts=[20, 0, 0, 12]  avg=8.00  p30=0.00  std=8.49
      D: pts=[]
      S: pts=[]
    failed_checks:
      D: p30 0.00 < 15; conf_mean 0.00 < 15
      C: p30 0.00 < 15; conf_mean 3.76 < 15
      S: p30 0.00 < 15; conf_mean 0.00 < 15
    reason: Pass: No suit meets thresholds. Best suit C has p30=0.00, conf_mean=3.76 below min_allowed=16 (current_high=0, raise_delta=+1). Failed checks for best suit: p30 0.00 < 15, conf_mean 3.76 < 15.
Forced bid: All players passed. Player 0 takes minimum bid 16.

AUCTION WINNER: Player 0 with bid 16; chooses trump S 
Details={'chosen': 'S', 'estimates': {'S': 20.25, 'D': 12.5, 'C': 14.5}}
Player 0 hand :  ['QS', 'JC', 'AD', '8S', '9D', '7S', 'JD']
Player 1 hand :  ['7H', 'KH', '7D', '9C', '10H', 'QD', '8H', '8C']
Player 2 hand :  ['10C', 'JS', 'QC', 'KS', 'JH', '8D', '9H', '10D']
Player 3 hand :  ['10S', 'KD', 'KC', 'AC', 'AH', 'QH', '7C', '9S']
Player 0 (auction 4 cards): ['QS', 'JC', 'AS', 'AD']
Player 1 (auction 4 cards): ['7H', 'KH', '7D', '9C']
Player 2 (auction 4 cards): ['10C', 'JS', 'QC', 'KS']
Player 3 (auction 4 cards): ['10S', 'KD', 'KC', 'AC']
Auction winner (bidder): Player 0 with bid 16
Bidder sets concealed trump suit: S
Phase: concealed, bidder concealed card: AS

Player 0 plays JC
Player 1 plays 9C
Player 2 plays 10C
Player 3 plays KC
Player 0 won the hand: 6 points

Player 0 plays AD
Player 1 plays 7D
Player 2 plays 8D
Player 3 plays KD
Player 0 won the hand: 1 points

Player 0 plays 9D
Player 1 plays QD
Player 2 plays 10D
-- Phase 2 begins: Trump revealed as S by Player 3 on trick 3 --
Player 3 plays 10S
Player 3 won the hand: 4 points

Player 3 plays AC
Player 0 plays QS
Player 1 plays 8C
Player 2 plays QC
Player 0 won the hand: 1 points

Player 0 plays 8S
Player 1 plays 7H
Player 2 plays JS
Player 3 plays 9S
Player 2 won the hand: 5 points

Player 2 plays KS
Player 3 plays AH
Player 0 plays 7S
Player 1 plays KH
Player 2 won the hand: 1 points

Player 2 plays JH
Player 3 plays QH
Player 0 plays JD
Player 1 plays 10H
Player 2 won the hand: 7 points

Player 2 plays 9H
Player 3 plays 7C
Player 0 plays AS
Player 1 plays 8H
Player 0 won the hand: 3 points

Game 39 final points: Team A=24, Team B=4
Series cumulative game score so far: Team A=-1, Team B=-5
Log saved to: c:\Users\laksh\Desktop\Projects\28bot\logs\game28\mcts_games\game_39_20250820_152950_516202.log
