
===== GAME 23 (20250824_142630_977499) =====

===== AUCTION =====
Bid: Player 0 proposes 16 (min_allowed=16)
  bidding analysis:
    present_suits: H, S
    current_high=0  min_allowed=16  raise_delta=1
    chosen_suit: S
    proposed_bid: 16
    overall: avg=17.69  p30=15.00  std=4.38
    suit_stats:
      S: pts=[13, 15, 15, 19, 21, 8 ...]  avg=17.69  p30=15.00  std=4.38
      H: pts=[]
    reason: Bid: Suit S meets thresholds (p30=15.00, conf_mean=15.50 >= min_allowed=16); conservative mapping max(p30, avg-1) -> 16. (current_high=0, raise_delta=+1)
Pass (locked): Player 1 (min_allowed=17)
  bidding analysis:
    present_suits: H, D, C
    current_high=16  min_allowed=17  raise_delta=1
    overall: avg=13.96  p30=12.00  std=5.43
    failed_checks:
      H: p30 12.00 < 16; conf_mean 11.24 < 16
      C: p30 0.00 < 16; conf_mean 0.00 < 16
    reason: Pass: No suit meets thresholds. Best suit H has p30=12.00, conf_mean=11.24 below min_allowed=17 (current_high=16, raise_delta=+1). Failed checks for best suit: p30 12.00 < 16, conf_mean 11.24 < 16.
Pass (locked): Player 2 (min_allowed=17)
  bidding analysis:
    present_suits: H, D, C, S
    current_high=16  min_allowed=17  raise_delta=1
    overall: avg=11.00  p30=11.00  std=0.00
    suit_stats:
      C: pts=[11]  avg=11.00  p30=11.00  std=0.00
      H: pts=[5]  avg=5.00  p30=5.00  std=0.00
      S: pts=[11]  avg=11.00  p30=11.00  std=0.00
      D: pts=[10]  avg=10.00  p30=10.00  std=0.00
    failed_checks:
      H: p30 5.00 < 16; conf_mean 5.00 < 16
      D: p30 10.00 < 16; conf_mean 10.00 < 16
      C: p30 11.00 < 16; conf_mean 11.00 < 16
      S: p30 11.00 < 16; conf_mean 11.00 < 16
    reason: Pass: No suit meets thresholds. Best suit C has p30=11.00, conf_mean=11.00 below min_allowed=17 (current_high=16, raise_delta=+1). Failed checks for best suit: p30 11.00 < 16, conf_mean 11.00 < 16.
Pass (locked): Player 3 (min_allowed=17)
  bidding analysis:
    present_suits: H, D, C
    current_high=16  min_allowed=17  raise_delta=1
    overall: avg=12.62  p30=11.00  std=5.89
    failed_checks:
      H: p30 0.00 < 16; conf_mean 0.00 < 16
      D: p30 11.00 < 16; conf_mean 9.68 < 16
    reason: Pass: No suit meets thresholds. Best suit D has p30=11.00, conf_mean=9.68 below min_allowed=17 (current_high=16, raise_delta=+1). Failed checks for best suit: p30 11.00 < 16, conf_mean 9.68 < 16.

AUCTION WINNER: Player 0 with bid 16; chooses trump H 
Details={'chosen': 'H', 'estimates': {'S': 6.0, 'H': 14.0}}
Player 0 hand :  ['QS', '10S', 'KS', '7C', 'QH', '10D', 'AH']
Player 1 hand :  ['KC', 'QD', '9H', '8D', '8C', 'JS', 'QC', '9S']
Player 2 hand :  ['8H', 'JD', '8S', '10C', '7D', 'JH', '9D', 'JC']
Player 3 hand :  ['9C', '10H', 'AD', 'KH', '7S', 'AC', 'KD', 'AS']
Player 0 (auction 4 cards): ['7H', 'QS', '10S', 'KS']
Player 1 (auction 4 cards): ['KC', 'QD', '9H', '8D']
Player 2 (auction 4 cards): ['8H', 'JD', '8S', '10C']
Player 3 (auction 4 cards): ['9C', '10H', 'AD', 'KH']
Auction winner (bidder): Player 0 with bid 16
Bidder sets concealed trump suit: H
Phase: concealed, bidder concealed card: 7H

Player 0 plays QS
Player 1 plays JS
Player 2 plays 8S
Player 3 plays 7S
Player 1 won the hand: 3 points

Player 1 plays KC
Player 2 plays 10C
Player 3 plays 9C
Player 0 plays 7C
Player 3 won the hand: 3 points

Player 3 plays 10H
Player 0 plays QH
Player 1 plays 9H
Player 2 plays 8H
Player 1 won the hand: 3 points

Player 1 plays QD
Player 2 plays JD
Player 3 plays AD
Player 0 plays 10D
Player 2 won the hand: 5 points

Player 2 plays 7D
Player 3 plays KD
Player 0 plays 10S
Player 1 plays 8D
Player 3 won the hand: 1 points

Player 3 plays KH
Player 0 plays AH
Player 1 plays 8C
Player 2 plays JH
Player 2 won the hand: 4 points

Player 2 plays 9D
Player 3 plays AC
Player 0 plays KS
Player 1 plays QC
Player 2 won the hand: 3 points

Player 2 plays JC
Player 3 plays AS
Error during gameplay: Current player 0 has no cards but other players do
No cards available, ending game
Game 23 final points: Team A=12, Team B=10
Series cumulative game score so far: Team A=-8, Team B=-3
Log saved to: c:\Users\laksh\Desktop\Projects\28bot\logs\game28\mcts_games\game_23_20250824_142630_977499.log
