
===== GAME 120 (20250823_123536_681024) =====

===== AUCTION =====
Pass (locked): Player 0 (min_allowed=16)
  bidding analysis:
    present_suits: H, S
    current_high=0  min_allowed=16  raise_delta=1
    overall: avg=15.69  p30=12.00  std=5.19
    suit_stats:
      H: pts=[17, 21, 17, 19, 15, 17 ...]  avg=15.69  p30=12.00  std=5.19
      S: pts=[]
    failed_checks:
      H: p30 12.00 < 15; conf_mean 13.09 < 15
      S: p30 0.00 < 15; conf_mean 0.00 < 15
    reason: Pass: No suit meets thresholds. Best suit H has p30=12.00, conf_mean=13.09 below min_allowed=16 (current_high=0, raise_delta=+1). Failed checks for best suit: p30 12.00 < 15, conf_mean 13.09 < 15.
Bid: Player 1 proposes 18 (min_allowed=16)
  bidding analysis:
    present_suits: H, D, S
    current_high=0  min_allowed=16  raise_delta=1
    chosen_suit: H
    proposed_bid: 18
    overall: avg=19.25  p30=17.00  std=5.26
    reason: Bid (precomputed): Suit H meets thresholds (p30=17.00, conf_mean=16.62 >= min_allowed=16); conservative mapping max(p30, avg-1) -> 18. (current_high=0, raise_delta=+1)
Pass (locked): Player 2 (min_allowed=19)
  bidding analysis:
    present_suits: D, C, S
    current_high=18  min_allowed=19  raise_delta=1
    overall: avg=13.44  p30=10.00  std=6.29
    suit_stats:
      D: pts=[3, 8, 9, 13, 10, 16 ...]  avg=13.44  p30=10.00  std=6.29
      C: pts=[]
      S: pts=[]
    failed_checks:
      D: p30 10.00 < 18; conf_mean 10.29 < 18
      C: p30 0.00 < 18; conf_mean 0.00 < 18
      S: p30 0.00 < 18; conf_mean 0.00 < 18
    reason: Pass: No suit meets thresholds. Best suit D has p30=10.00, conf_mean=10.29 below min_allowed=19 (current_high=18, raise_delta=+1). Failed checks for best suit: p30 10.00 < 18, conf_mean 10.29 < 18.
Pass (locked): Player 3 (min_allowed=19)
  bidding analysis:
    present_suits: D, C, S
    current_high=18  min_allowed=19  raise_delta=1
    overall: avg=14.81  p30=11.00  std=4.05
    suit_stats:
      D: pts=[15, 15, 18, 15, 12, 19 ...]  avg=14.81  p30=11.00  std=4.05
      C: pts=[]
      S: pts=[]
    failed_checks:
      D: p30 11.00 < 18; conf_mean 12.79 < 18
      C: p30 0.00 < 18; conf_mean 0.00 < 18
      S: p30 0.00 < 18; conf_mean 0.00 < 18
    reason: Pass: No suit meets thresholds. Best suit D has p30=11.00, conf_mean=12.79 below min_allowed=19 (current_high=18, raise_delta=+1). Failed checks for best suit: p30 11.00 < 18, conf_mean 12.79 < 18.

AUCTION WINNER: Player 1 with bid 18; chooses trump H 
Details={'chosen': 'H', 'estimates': {'H': 19.25, 'S': 0.0, 'D': 12.0}}
Player 0 hand :  ['7S', 'QH', '10H', 'AH', 'KH', '7H', '8S', '7C']
Player 1 hand :  ['8H', '7D', 'JS', 'QC', '9S', 'JD', 'KS']
Player 2 hand :  ['QD', '10C', '10S', 'AD', '9H', '9C', '10D', 'AC']
Player 3 hand :  ['8D', 'KD', 'QS', 'JC', 'AS', '9D', 'KC', '8C']
Player 0 (auction 4 cards): ['7S', 'QH', '10H', 'AH']
Player 1 (auction 4 cards): ['8H', '7D', 'JS', 'JH']
Player 2 (auction 4 cards): ['QD', '10C', '10S', 'AD']
Player 3 (auction 4 cards): ['8D', 'KD', 'QS', 'JC']
Auction winner (bidder): Player 1 with bid 18
Bidder sets concealed trump suit: H
Phase: concealed, bidder concealed card: JH

Player 0 plays 7S
Player 1 plays JS
Player 2 plays 10S
Player 3 plays QS
Player 1 won the hand: 4 points

Player 1 plays 7D
Player 2 plays QD
Player 3 plays 8D
-- Phase 2 begins: Trump revealed as H by Player 0 on trick 2 --
Player 0 plays QH
Player 0 won the hand: 0 points

Player 0 plays 10H
Player 1 plays 8H
Player 2 plays 9H
Player 3 plays KD
Player 2 won the hand: 3 points

Player 2 plays 10C
Player 3 plays JC
Player 0 plays 7C
Player 1 plays QC
Player 3 won the hand: 4 points

Player 3 plays AS
Player 0 plays 8S
Player 1 plays 9S
Player 2 plays AD
Player 1 won the hand: 4 points

Player 1 plays JD
Player 2 plays 10D
Player 3 plays 9D
Player 0 plays AH
Player 0 won the hand: 7 points

Player 0 plays KH
Player 1 plays JH
Player 2 plays 9C
Player 3 plays KC
Player 1 won the hand: 5 points

Player 1 plays KS
Player 2 plays AC
Player 3 plays 8C
Player 0 plays 7H
Player 0 won the hand: 1 points

Game 120 final points: Team A=11, Team B=17
Series cumulative game score so far: Team A=-7, Team B=-6
Log saved to: c:\Users\laksh\Desktop\Projects\28bot\logs\game28\mcts_games\game_120_20250823_123536_681024.log
