
===== GAME 47 (20250821_113357_943915) =====

===== AUCTION =====
Bid: Player 0 proposes 17 (min_allowed=16)
  bidding analysis:
    present_suits: H, D, C, S
    current_high=0  min_allowed=16  raise_delta=1
    chosen_suit: H
    proposed_bid: 17
    overall: avg=17.00  p30=17.00  std=0.00
    suit_stats:
      D: pts=[9]  avg=9.00  p30=9.00  std=0.00
      C: pts=[13]  avg=13.00  p30=13.00  std=0.00
      H: pts=[17]  avg=17.00  p30=17.00  std=0.00
      S: pts=[15]  avg=15.00  p30=15.00  std=0.00
    reason: Bid: Suit H meets thresholds (p30=17.00, conf_mean=17.00 >= min_allowed=16); conservative mapping max(p30, avg-1) -> 17. (current_high=0, raise_delta=+1)
Pass (locked): Player 1 (min_allowed=18)
  bidding analysis:
    present_suits: D, C
    current_high=17  min_allowed=18  raise_delta=1
    overall: avg=14.00  p30=14.00  std=0.00
    suit_stats:
      D: pts=[7, 5, 16, 17, 4, 17 ...]  avg=13.25  p30=7.00  std=6.63
      C: pts=[14]  avg=14.00  p30=14.00  std=0.00
    failed_checks:
      D: p30 7.00 < 17; conf_mean 9.94 < 17
      C: p30 14.00 < 17; conf_mean 14.00 < 17
    reason: Pass: No suit meets thresholds. Best suit C has p30=14.00, conf_mean=14.00 below min_allowed=18 (current_high=17, raise_delta=+1). Failed checks for best suit: p30 14.00 < 17, conf_mean 14.00 < 17.
Pass (locked): Player 2 (min_allowed=18)
  bidding analysis:
    present_suits: D, C, S
    current_high=17  min_allowed=18  raise_delta=1
    overall: avg=13.38  p30=10.00  std=5.57
    suit_stats:
      S: pts=[16, 18, 7, 3, 18, 19 ...]  avg=13.38  p30=10.00  std=5.57
      D: pts=[]
      C: pts=[]
    failed_checks:
      D: p30 0.00 < 17; conf_mean 0.00 < 17
      C: p30 0.00 < 17; conf_mean 0.00 < 17
      S: p30 10.00 < 17; conf_mean 10.59 < 17
    reason: Pass: No suit meets thresholds. Best suit S has p30=10.00, conf_mean=10.59 below min_allowed=18 (current_high=17, raise_delta=+1). Failed checks for best suit: p30 10.00 < 17, conf_mean 10.59 < 17.
Pass (locked): Player 3 (min_allowed=18)
  bidding analysis:
    present_suits: H, D, S
    current_high=17  min_allowed=18  raise_delta=1
    overall: avg=0.00  p30=0.00  std=0.00
    failed_checks:
      H: p30 0.00 < 17; conf_mean 0.00 < 17
      D: p30 0.00 < 17; conf_mean 0.00 < 17
    reason: Pass: No suit meets thresholds. Best suit H has p30=0.00, conf_mean=0.00 below min_allowed=18 (current_high=17, raise_delta=+1). Failed checks for best suit: p30 0.00 < 17, conf_mean 0.00 < 17.

AUCTION WINNER: Player 0 with bid 17; chooses trump C 
Details={'chosen': 'C', 'estimates': {'C': 15.0, 'H': 12.0, 'D': 9.0, 'S': 3.0}}
Player 0 hand :  ['AD', '10S', 'KH', '10H', '9C', 'AS', 'JC']
Player 1 hand :  ['10C', '8D', 'AC', '9D', '9H', 'JH', '7H', 'KS']
Player 2 hand :  ['9S', 'QD', '8S', 'QC', 'KC', 'JS', '8H', '10D']
Player 3 hand :  ['QH', '7D', 'AH', '7S', 'JD', '8C', 'QS', 'KD']
Player 0 (auction 4 cards): ['7C', 'AD', '10S', 'KH']
Player 1 (auction 4 cards): ['10C', '8D', 'AC', '9D']
Player 2 (auction 4 cards): ['9S', 'QD', '8S', 'QC']
Player 3 (auction 4 cards): ['QH', '7D', 'AH', '7S']
Auction winner (bidder): Player 0 with bid 17
Bidder sets concealed trump suit: C
Phase: concealed, bidder concealed card: 7C

Player 0 plays AD
Player 1 plays 8D
Player 2 plays QD
Player 3 plays 7D
Player 0 won the hand: 1 points

Player 0 plays 10S
Player 1 plays KS
Player 2 plays 9S
Player 3 plays 7S
Player 2 won the hand: 3 points

Player 2 plays 8S
Player 3 plays QS
Player 0 plays AS
-- Phase 2 begins: Trump revealed as C by Player 1 on trick 3 --
Player 1 plays 10C
Player 1 won the hand: 2 points

Player 1 plays AC
Player 2 plays QC
Player 3 plays 8C
Player 0 plays 9C
Player 0 won the hand: 3 points

Player 0 plays KH
Player 1 plays 9H
Player 2 plays 8H
Player 3 plays QH
Player 1 won the hand: 2 points

Player 1 plays 9D
Player 2 plays 10D
Player 3 plays JD
Player 0 plays 10H
Player 3 won the hand: 7 points

Player 3 plays AH
Player 0 plays JC
Player 1 plays JH
Player 2 plays KC
Player 0 won the hand: 7 points

Player 0 plays 7C
Player 1 plays 7H
Player 2 plays JS
Player 3 plays KD
Player 0 won the hand: 3 points

Game 47 final points: Team A=17, Team B=11
Series cumulative game score so far: Team A=-4, Team B=-12
Log saved to: C:\Users\laksh\Desktop\Projects\28bot\logs\game28\mcts_games\game_47_20250821_113357_943915.log
