
===== GAME 6 (20250820_170543_520098) =====

===== AUCTION =====
Bid: Player 0 proposes 19 (min_allowed=16)
  bidding analysis:
    present_suits: D, C, S
    current_high=0  min_allowed=16  raise_delta=1
    chosen_suit: D
    proposed_bid: 19
    overall: avg=20.25  p30=18.00  std=2.86
    reason: Bid (precomputed): Suit D meets thresholds (p30=18.00, conf_mean=18.82 >= min_allowed=16); conservative mapping max(p30, avg-1) -> 19. (current_high=0, raise_delta=+1)
Pass (locked): Player 1 (min_allowed=20)
  bidding analysis:
    present_suits: H, D, C
    current_high=19  min_allowed=20  raise_delta=1
    overall: avg=15.25  p30=15.00  std=6.80
    suit_stats:
      C: pts=[24, 5, 17, 15]  avg=15.25  p30=15.00  std=6.80
      H: pts=[]
      D: pts=[]
    failed_checks:
      H: p30 0.00 < 19; conf_mean 0.00 < 19
      D: p30 0.00 < 19; conf_mean 0.00 < 19
      C: p30 15.00 < 19; conf_mean 11.85 < 19
    reason: Pass: No suit meets thresholds. Best suit C has p30=15.00, conf_mean=11.85 below min_allowed=20 (current_high=19, raise_delta=+1). Failed checks for best suit: p30 15.00 < 19, conf_mean 11.85 < 19.
Pass (locked): Player 2 (min_allowed=20)
  bidding analysis:
    present_suits: H, D, C
    current_high=19  min_allowed=20  raise_delta=1
    overall: avg=9.25  p30=7.00  std=2.49
    suit_stats:
      C: pts=[13, 10, 7, 7]  avg=9.25  p30=7.00  std=2.49
      H: pts=[]
      D: pts=[]
    failed_checks:
      H: p30 0.00 < 19; conf_mean 0.00 < 19
      D: p30 0.00 < 19; conf_mean 0.00 < 19
      C: p30 7.00 < 19; conf_mean 8.01 < 19
    reason: Pass: No suit meets thresholds. Best suit C has p30=7.00, conf_mean=8.01 below min_allowed=20 (current_high=19, raise_delta=+1). Failed checks for best suit: p30 7.00 < 19, conf_mean 8.01 < 19.
Pass (locked): Player 3 (min_allowed=20)
  bidding analysis:
    present_suits: D, C, S
    current_high=19  min_allowed=20  raise_delta=1
    overall: avg=3.50  p30=2.00  std=1.50
    failed_checks:
      D: p30 0.00 < 19; conf_mean 2.42 < 19
      C: p30 2.00 < 19; conf_mean 2.75 < 19
    reason: Pass: No suit meets thresholds. Best suit C has p30=2.00, conf_mean=2.75 below min_allowed=20 (current_high=19, raise_delta=+1). Failed checks for best suit: p30 2.00 < 19, conf_mean 2.75 < 19.

AUCTION WINNER: Player 0 with bid 19; chooses trump D 
Details={'chosen': 'D', 'estimates': {'D': 20.25, 'C': 0.0, 'S': 0.0}}
Player 0 hand :  ['9S', 'QS', '9C', '8S', 'AH', '10S', '9H']
Player 1 hand :  ['QH', 'JC', '10C', '8D', '10H', '7H', '8C', 'KH']
Player 2 hand :  ['KD', 'QC', 'KC', 'JH', 'QD', 'AD', 'AC', '7S']
Player 3 hand :  ['KS', '7D', '7C', '10D', 'AS', '9D', 'JS', '8H']
Player 0 (auction 4 cards): ['9S', 'QS', 'JD', '9C']
Player 1 (auction 4 cards): ['QH', 'JC', '10C', '8D']
Player 2 (auction 4 cards): ['KD', 'QC', 'KC', 'JH']
Player 3 (auction 4 cards): ['KS', '7D', '7C', '10D']
Auction winner (bidder): Player 0 with bid 19
Bidder sets concealed trump suit: D
Phase: concealed, bidder concealed card: JD

Player 0 plays 9S
Player 1 plays QH
Player 2 plays 7S
Player 3 plays KS
Player 0 won the hand: 2 points

Player 0 plays QS
Player 1 plays JC
-- Phase 2 begins: Trump revealed as D by Player 2 on trick 2 --
Player 2 plays KD
Player 3 plays AS
Player 2 won the hand: 4 points

Player 2 plays QC
Player 3 plays 7C
Player 0 plays 9C
Player 1 plays 10C
Player 0 won the hand: 3 points

Player 0 plays 8S
Player 1 plays 8D
Player 2 plays KC
Player 3 plays JS
Player 1 won the hand: 3 points

Player 1 plays 10H
Player 2 plays JH
Player 3 plays 8H
Player 0 plays AH
Player 2 won the hand: 5 points

Player 2 plays QD
Player 3 plays 7D
Player 0 plays JD
Player 1 plays 7H
Player 0 won the hand: 3 points

Player 0 plays 10S
Player 1 plays 8C
Player 2 plays AD
Player 3 plays 10D
Player 2 won the hand: 3 points

Player 2 plays AC
Player 3 plays 9D
Player 0 plays 9H
Player 1 plays KH
Player 3 won the hand: 5 points

Game 6 final points: Team A=20, Team B=8
Series cumulative game score so far: Team A=2, Team B=-2
Log saved to: C:\Users\laksh\Desktop\Projects\28bot\logs\game28\mcts_games\game_6_20250820_170543_520098.log
