
===== GAME 123 (20250823_124804_378436) =====

===== AUCTION =====
Bid: Player 0 proposes 21 (min_allowed=16)
  bidding analysis:
    present_suits: H, D, C, S
    current_high=0  min_allowed=16  raise_delta=1
    chosen_suit: H
    proposed_bid: 21
    overall: avg=21.00  p30=21.00  std=0.00
    reason: Bid (precomputed): Suit H meets thresholds (p30=21.00, conf_mean=21.00 >= min_allowed=16); conservative mapping max(p30, avg-1) -> 21. (current_high=0, raise_delta=+1)
Pass (locked): Player 1 (min_allowed=22)
  bidding analysis:
    present_suits: D, C
    current_high=21  min_allowed=22  raise_delta=1
    overall: avg=20.38  p30=18.00  std=4.12
    suit_stats:
      D: pts=[20, 18, 22, 18, 23, 13 ...]  avg=20.38  p30=18.00  std=4.12
      C: pts=[]
    failed_checks:
      D: p30 18.00 < 21; conf_mean 18.31 < 21
      C: p30 0.00 < 21; conf_mean 0.00 < 21
    reason: Pass: No suit meets thresholds. Best suit D has p30=18.00, conf_mean=18.31 below min_allowed=22 (current_high=21, raise_delta=+1). Failed checks for best suit: p30 18.00 < 21, conf_mean 18.31 < 21.
Pass (locked): Player 2 (min_allowed=22)
  bidding analysis:
    present_suits: D, C, S
    current_high=21  min_allowed=22  raise_delta=1
    overall: avg=13.00  p30=7.00  std=6.96
    failed_checks:
      C: p30 0.00 < 21; conf_mean 0.00 < 21
      S: p30 7.00 < 21; conf_mean 9.52 < 21
    reason: Pass: No suit meets thresholds. Best suit S has p30=7.00, conf_mean=9.52 below min_allowed=22 (current_high=21, raise_delta=+1). Failed checks for best suit: p30 7.00 < 21, conf_mean 9.52 < 21.
Pass (locked): Player 3 (min_allowed=22)
  bidding analysis:
    present_suits: C, S
    current_high=21  min_allowed=22  raise_delta=1
    overall: avg=15.00  p30=11.00  std=4.00
    failed_checks:
      C: p30 9.00 < 21; conf_mean 7.17 < 21
      S: p30 11.00 < 21; conf_mean 13.00 < 21
    reason: Pass: No suit meets thresholds. Best suit S has p30=11.00, conf_mean=13.00 below min_allowed=22 (current_high=21, raise_delta=+1). Failed checks for best suit: p30 11.00 < 21, conf_mean 13.00 < 21.

AUCTION WINNER: Player 0 with bid 21; chooses trump H 
Details={'chosen': 'H', 'estimates': {'H': 21.0, 'D': 7.0, 'C': 15.0, 'S': 13.0}}
Player 0 hand :  ['JD', '7C', 'KS', '8D', '10C', '10S', 'QS']
Player 1 hand :  ['9D', '10D', 'QD', 'JC', 'KD', 'AH', 'QH', '10H']
Player 2 hand :  ['9S', 'AD', '7D', '8C', '7H', '8S', '9C', 'KC']
Player 3 hand :  ['QC', 'JS', '7S', 'AC', 'AS', '9H', 'JH', '8H']
Player 0 (auction 4 cards): ['JD', '7C', 'KS', 'KH']
Player 1 (auction 4 cards): ['9D', '10D', 'QD', 'JC']
Player 2 (auction 4 cards): ['9S', 'AD', '7D', '8C']
Player 3 (auction 4 cards): ['QC', 'JS', '7S', 'AC']
Auction winner (bidder): Player 0 with bid 21
Bidder sets concealed trump suit: H
Phase: concealed, bidder concealed card: KH

Player 0 plays JD
Player 1 plays 9D
Player 2 plays AD
Player 3 plays QC
Player 0 won the hand: 6 points

Player 0 plays 7C
Player 1 plays JC
Player 2 plays 8C
Player 3 plays AC
Player 1 won the hand: 4 points

Player 1 plays 10D
Player 2 plays 7D
Player 3 plays JS
Player 0 plays 8D
Player 1 won the hand: 4 points

Player 1 plays QD
Player 2 plays 9S
Player 3 plays 7S
Player 0 plays KS
Player 1 won the hand: 2 points

Player 1 plays KD
-- Phase 2 begins: Trump revealed as H by Player 2 on trick 5 --
Player 2 plays 7H
Player 3 plays AS
Player 0 plays 10C
Player 2 won the hand: 2 points

Player 2 plays 8S
Player 3 plays 9H
Player 0 plays 10S
Player 1 plays AH
Player 3 won the hand: 4 points

Player 3 plays JH
Player 0 plays KH
Player 1 plays QH
Player 2 plays 9C
Player 3 won the hand: 5 points

Player 3 plays 8H
Player 0 plays QS
Player 1 plays 10H
Player 2 plays KC
Player 1 won the hand: 1 points

Game 123 final points: Team A=8, Team B=20
Series cumulative game score so far: Team A=-10, Team B=-6
Log saved to: c:\Users\laksh\Desktop\Projects\28bot\logs\game28\mcts_games\game_123_20250823_124804_378436.log
