
===== GAME 8 (20250819_120930_756023) =====
Bid: Player 0 proposes 17 (min_allowed=16) – suit_scores={'D': [0, 17, 28, 10], 'C': [16, 8, 20, 22], 'S': [17, 7, 10, 18]} chosen=C p30=8 avg=16.5
Pass: Player 1 (min_allowed=18) – analysis={'present_suits': ['D', 'C'], 'suit_to_points': {'D': [15, 7, 14, 23], 'C': [15, 15, 24, 9]}, 'chosen_suit': 'C', 'avg_points': 15.75, 'p30_points': 9, 'proposed': None, 'current_high': 17}
Pass: Player 2 (min_allowed=18) – analysis={'present_suits': ['H', 'D', 'S'], 'suit_to_points': {'H': [15, 14, 18, 0], 'D': [0, 0, 18, 14], 'S': [5, 0, 9, 18]}, 'chosen_suit': 'H', 'avg_points': 11.75, 'p30_points': 0, 'proposed': None, 'current_high': 17}
Pass: Player 3 (min_allowed=18) – analysis={'present_suits': ['D', 'C', 'S'], 'suit_to_points': {'D': [13, 10, 11, 9], 'C': [13, 7, 9, 17], 'S': [0, 13, 11, 16]}, 'chosen_suit': 'C', 'avg_points': 11.5, 'p30_points': 7, 'proposed': None, 'current_high': 17}
Auction winner: Player 0 with bid 17; chooses trump C – details={'chosen': 'C', 'estimates': {'D': 7, 'C': 12, 'S': 3}}
Player 0 hand :  ['9D', '8S', '8C', 'QS', 'KH', '7S', '9S']
Player 1 hand :  ['10C', 'AD', 'KD', '9C', '9H', '10S', 'QH', '7H']
Player 2 hand :  ['8H', 'QD', 'KS', 'JH', 'QC', '10D', 'JD', '10H']
Player 3 hand :  ['7C', 'AC', '7D', 'JS', 'AH', 'KC', 'AS', '8D']
Player 0 (auction 4 cards): ['9D', '8S', 'JC', '8C']
Player 1 (auction 4 cards): ['10C', 'AD', 'KD', '9C']
Player 2 (auction 4 cards): ['8H', 'QD', 'KS', 'JH']
Player 3 (auction 4 cards): ['7C', 'AC', '7D', 'JS']
Auction winner (bidder): Player 0 with bid 17
Bidder sets concealed trump suit: C
Phase: concealed, bidder concealed card: JC

Player 0 plays 8S
Player 1 plays 10S
Player 2 plays KS
Player 3 plays JS
Player 3 won the hand: 4 points

Player 3 plays 7D
Player 0 plays 9D
Player 1 plays AD
Player 2 plays QD
Player 0 won the hand: 3 points

Player 0 plays QS
-- Phase 2 begins: Trump revealed as C by Player 1 on trick 3 --
Player 1 plays 10C
Player 2 plays QC
Player 3 plays AS
Player 1 won the hand: 2 points

Player 1 plays KD
Player 2 plays 10D
Player 3 plays 8D
Player 0 plays 9S
Player 2 won the hand: 3 points

Player 2 plays JH
Player 3 plays AH
Player 0 plays KH
Player 1 plays 9H
Player 2 won the hand: 6 points

Player 2 plays 8H
Player 3 plays 7C
Player 0 plays 8C
Player 1 plays QH
Player 0 won the hand: 0 points

Player 0 plays 7S
Player 1 plays 7H
Player 2 plays 10H
Player 3 plays AC
Player 3 won the hand: 2 points

Player 3 plays KC
Player 0 plays JC
Player 1 plays 9C
Player 2 plays JD
Player 0 won the hand: 8 points

Game 8 final points: Team A=20, Team B=8
Series cumulative game score so far: Team A=6, Team B=-2
Log saved to: c:\Users\laksh\Desktop\Projects\28bot\logs\game28\mcts_games\game_8_20250819_120930_756023.log
