
===== GAME 1 (20250819_121342_985029) =====
Bid: Player 0 proposes 17 (min_allowed=16) – suit_scores={'H': [20, 19, 19, 0], 'D': [13, 20, 13, 12], 'C': [19, 11, 17, 18], 'S': [17, 0, 0, 0]} chosen=C p30=11 avg=16.25
Pass: Player 1 (min_allowed=18) – analysis={'present_suits': ['D', 'C', 'S'], 'suit_to_points': {'D': [14, 8, 0, 0], 'C': [0, 9, 25, 17], 'S': [0, 0, 0, 0]}, 'chosen_suit': 'C', 'avg_points': 12.75, 'p30_points': 0, 'proposed': None, 'current_high': 17}
Pass: Player 2 (min_allowed=18) – analysis={'present_suits': ['D', 'S'], 'suit_to_points': {'D': [0, 13, 12, 13], 'S': [19, 9, 22, 17]}, 'chosen_suit': 'S', 'avg_points': 16.75, 'p30_points': 9, 'proposed': None, 'current_high': 17}
Bid: Player 3 proposes 24 (min_allowed=18) – suit_scores={'H': [18, 16, 25, 11], 'C': [16, 14, 8, 20], 'S': [24, 24, 22, 23]} chosen=S p30=22 avg=23.25
Pass: Player 0 (min_allowed=25) – analysis={'present_suits': ['H', 'D', 'C', 'S'], 'suit_to_points': {'H': [9, 28, 18, 0], 'D': [0, 15, 9, 17], 'C': [24, 15, 0, 14], 'S': [0, 8, 22, 10]}, 'chosen_suit': 'H', 'avg_points': 13.75, 'p30_points': 0, 'proposed': None, 'current_high': 24}
Pass: Player 1 (min_allowed=25) – analysis={'present_suits': ['D', 'C', 'S'], 'suit_to_points': {'D': [0, 13, 4, 0], 'C': [21, 14, 0, 0], 'S': [15, 15, 13, 16]}, 'chosen_suit': 'S', 'avg_points': 14.75, 'p30_points': 13, 'proposed': None, 'current_high': 24}
Pass: Player 2 (min_allowed=25) – analysis={'present_suits': ['D', 'S'], 'suit_to_points': {'D': [18, 11, 17, 10], 'S': [15, 18, 0, 0]}, 'chosen_suit': 'D', 'avg_points': 14.0, 'p30_points': 10, 'proposed': None, 'current_high': 24}
Auction winner: Player 3 with bid 24; chooses trump S – details={'chosen': 'S', 'estimates': {'H': 7, 'C': 9, 'S': 12}}
Player 0 hand :  ['AS', '7C', 'AH', '9D', 'JD', 'QD', '8C', 'KH']
Player 1 hand :  ['10S', 'QC', 'AC', '8D', 'KC', '9S', '10C', 'KS']
Player 2 hand :  ['QS', '10D', '8S', 'KD', '9C', 'AD', '7D', '7H']
Player 3 hand :  ['JC', '7S', '9H', 'QH', '8H', 'JH', '10H']
Player 0 (auction 4 cards): ['AS', '7C', 'AH', '9D']
Player 1 (auction 4 cards): ['10S', 'QC', 'AC', '8D']
Player 2 (auction 4 cards): ['QS', '10D', '8S', 'KD']
Player 3 (auction 4 cards): ['JS', 'JC', '7S', '9H']
Auction winner (bidder): Player 3 with bid 24
Bidder sets concealed trump suit: S
Phase: concealed, bidder concealed card: JS

Player 0 plays AS
Player 1 plays 10S
Player 2 plays QS
Player 3 plays 7S
Player 0 won the hand: 2 points

Player 0 plays JD
Player 1 plays 8D
Player 2 plays 10D
Player 3 plays JC
Player 0 won the hand: 7 points

Player 0 plays KH
Player 1 plays AC
Player 2 plays 7H
Player 3 plays 9H
Player 3 won the hand: 3 points

Player 3 plays JH
Player 0 plays AH
Player 1 plays QC
-- Phase 2 begins: Trump revealed as S by Player 2 on trick 4 --
Player 2 plays 8S
Player 2 won the hand: 4 points

Player 2 plays KD
Player 3 plays JS
Player 0 plays 9D
Player 1 plays KC
Player 3 won the hand: 5 points

Player 3 plays QH
Player 0 plays 7C
Player 1 plays 9S
Player 2 plays AD
Player 1 won the hand: 3 points

Player 1 plays 10C
Player 2 plays 9C
Player 3 plays 8H
Player 0 plays 8C
Player 2 won the hand: 3 points

Player 2 plays 7D
Player 3 plays 10H
Player 0 plays QD
Player 1 plays KS
Player 1 won the hand: 1 points

Game 1 final points: Team A=16, Team B=12
Series cumulative game score so far: Team A=0, Team B=-1
Log saved to: c:\Users\laksh\Desktop\Projects\28bot\logs\game28\mcts_games\game_1_20250819_121342_985029.log
