
===== GAME 1 (20250820_224902_311090) =====

===== AUCTION =====
Pass (locked): Player 0 (min_allowed=16)
  bidding analysis:
    present_suits: D, C, S
    current_high=0  min_allowed=16  raise_delta=1
    overall: avg=17.62  p30=15.00  std=5.76
    suit_stats:
      D: pts=[24, 9, 25, 19, 19, 9 ...]  avg=17.62  p30=15.00  std=5.76
      C: pts=[]
      S: pts=[]
    failed_checks:
      D: conf_mean 14.74 < 15
      C: p30 0.00 < 15; conf_mean 0.00 < 15
      S: p30 0.00 < 15; conf_mean 0.00 < 15
    reason: Pass: No suit meets thresholds. Best suit D has p30=15.00, conf_mean=14.74 below min_allowed=16 (current_high=0, raise_delta=+1). Failed checks for best suit: conf_mean 14.74 < 15.
Pass (locked): Player 1 (min_allowed=16)
  bidding analysis:
    present_suits: H, D, C
    current_high=0  min_allowed=16  raise_delta=1
    overall: avg=16.00  p30=12.00  std=4.77
    suit_stats:
      C: pts=[26, 10, 18, 12, 12, 16 ...]  avg=16.00  p30=12.00  std=4.77
      H: pts=[]
      D: pts=[]
    failed_checks:
      H: p30 0.00 < 15; conf_mean 0.00 < 15
      D: p30 0.00 < 15; conf_mean 0.00 < 15
      C: p30 12.00 < 15; conf_mean 13.62 < 15
    reason: Pass: No suit meets thresholds. Best suit C has p30=12.00, conf_mean=13.62 below min_allowed=16 (current_high=0, raise_delta=+1). Failed checks for best suit: p30 12.00 < 15, conf_mean 13.62 < 15.
Pass (locked): Player 2 (min_allowed=16)
  bidding analysis:
    present_suits: H, C, S
    current_high=0  min_allowed=16  raise_delta=1
    overall: avg=13.00  p30=7.00  std=6.96
    suit_stats:
      S: pts=[5, 22, 6, 7, 17, 22 ...]  avg=13.00  p30=7.00  std=6.96
      H: pts=[]
      C: pts=[]
    failed_checks:
      H: p30 0.00 < 15; conf_mean 0.00 < 15
      C: p30 0.00 < 15; conf_mean 0.00 < 15
      S: p30 7.00 < 15; conf_mean 9.52 < 15
    reason: Pass: No suit meets thresholds. Best suit S has p30=7.00, conf_mean=9.52 below min_allowed=16 (current_high=0, raise_delta=+1). Failed checks for best suit: p30 7.00 < 15, conf_mean 9.52 < 15.
Pass (locked): Player 3 (min_allowed=16)
  bidding analysis:
    present_suits: H, S
    current_high=0  min_allowed=16  raise_delta=1
    overall: avg=17.00  p30=14.00  std=4.30
    suit_stats:
      S: pts=[14, 21, 17, 15, 22, 14 ...]  avg=17.00  p30=14.00  std=4.30
      H: pts=[7]  avg=7.00  p30=7.00  std=0.00
    failed_checks:
      H: p30 7.00 < 15; conf_mean 7.00 < 15
      S: p30 14.00 < 15; conf_mean 14.85 < 15
    reason: Pass: No suit meets thresholds. Best suit S has p30=14.00, conf_mean=14.85 below min_allowed=16 (current_high=0, raise_delta=+1). Failed checks for best suit: p30 14.00 < 15, conf_mean 14.85 < 15.
Forced bid: All players passed. Player 0 takes minimum bid 16.

AUCTION WINNER: Player 0 with bid 16; chooses trump D 
Details={'chosen': 'D', 'estimates': {'S': 14.0, 'C': 9.0, 'D': 16.0}}
Player 0 hand :  ['10S', '10D', 'AC', 'QD', 'KC', 'KS', '9D']
Player 1 hand :  ['QC', '8H', 'AD', 'JC', 'QH', '10C', '9S', '9C']
Player 2 hand :  ['9H', '7S', 'AS', '8C', '8D', 'AH', '7C', '8S']
Player 3 hand :  ['KH', 'QS', 'JS', '7H', 'JH', '7D', 'KD', '10H']
Player 0 (auction 4 cards): ['10S', '10D', 'AC', 'JD']
Player 1 (auction 4 cards): ['QC', '8H', 'AD', 'JC']
Player 2 (auction 4 cards): ['9H', '7S', 'AS', '8C']
Player 3 (auction 4 cards): ['KH', 'QS', 'JS', '7H']
Auction winner (bidder): Player 0 with bid 16
Bidder sets concealed trump suit: D
Phase: concealed, bidder concealed card: JD

Player 0 plays 10S
Player 1 plays 9S
Player 2 plays 7S
Player 3 plays QS
Player 1 won the hand: 3 points

Player 1 plays QC
Player 2 plays 8C
Player 3 plays KH
Player 0 plays AC
Player 0 won the hand: 1 points

Player 0 plays KC
Player 1 plays JC
Player 2 plays 7C
Player 3 plays JS
Player 1 won the hand: 6 points

Player 1 plays 8H
Player 2 plays 9H
Player 3 plays 7H
-- Phase 2 begins: Trump revealed as D by Player 0 on trick 4 --
Player 0 plays 10D
Player 0 won the hand: 3 points

Player 0 plays QD
Player 1 plays AD
Player 2 plays 8D
Player 3 plays 7D
Player 1 won the hand: 1 points

Player 1 plays QH
Player 2 plays AH
Player 3 plays JH
Player 0 plays KS
Player 3 won the hand: 4 points

Player 3 plays KD
Player 0 plays 9D
Player 1 plays 10C
Player 2 plays AS
Player 0 won the hand: 4 points

Player 0 plays JD
