
===== GAME 19 (20250822_134951_095323) =====

===== AUCTION =====
Pass (locked): Player 0 (min_allowed=16)
  bidding analysis:
    present_suits: D, C
    current_high=0  min_allowed=16  raise_delta=1
    overall: avg=14.00  p30=14.00  std=0.00
    suit_stats:
      D: pts=[17, 12, 24, 13, 23, 18 ...]  avg=14.69  p30=12.00  std=5.07
      C: pts=[14]  avg=14.00  p30=14.00  std=0.00
    failed_checks:
      D: p30 12.00 < 15; conf_mean 12.15 < 15
      C: p30 14.00 < 15; conf_mean 14.00 < 15
    reason: Pass: No suit meets thresholds. Best suit C has p30=14.00, conf_mean=14.00 below min_allowed=16 (current_high=0, raise_delta=+1). Failed checks for best suit: p30 14.00 < 15, conf_mean 14.00 < 15.
Pass (locked): Player 1 (min_allowed=16)
  bidding analysis:
    present_suits: D, C, S
    current_high=0  min_allowed=16  raise_delta=1
    overall: avg=15.12  p30=12.00  std=5.01
    failed_checks:
      D: p30 12.00 < 15; conf_mean 12.62 < 15
      S: p30 0.00 < 15; conf_mean 0.00 < 15
    reason: Pass: No suit meets thresholds. Best suit D has p30=12.00, conf_mean=12.62 below min_allowed=16 (current_high=0, raise_delta=+1). Failed checks for best suit: p30 12.00 < 15, conf_mean 12.62 < 15.
Pass (locked): Player 2 (min_allowed=16)
  bidding analysis:
    present_suits: H, D, C
    current_high=0  min_allowed=16  raise_delta=1
    overall: avg=15.88  p30=14.00  std=6.16
    suit_stats:
      C: pts=[8, 19, 6, 15, 17, 17 ...]  avg=15.88  p30=14.00  std=6.16
      H: pts=[]
      D: pts=[]
    failed_checks:
      H: p30 0.00 < 15; conf_mean 0.00 < 15
      D: p30 0.00 < 15; conf_mean 0.00 < 15
      C: p30 14.00 < 15; conf_mean 12.79 < 15
    reason: Pass: No suit meets thresholds. Best suit C has p30=14.00, conf_mean=12.79 below min_allowed=16 (current_high=0, raise_delta=+1). Failed checks for best suit: p30 14.00 < 15, conf_mean 12.79 < 15.
Bid: Player 3 proposes 16 (min_allowed=16)
  bidding analysis:
    present_suits: H, D
    current_high=0  min_allowed=16  raise_delta=1
    chosen_suit: H
    proposed_bid: 16
    overall: avg=15.00  p30=15.00  std=0.00
    suit_stats:
      D: pts=[18, 16, 16, 1, 14, 12 ...]  avg=12.62  p30=8.00  std=6.05
      H: pts=[15]  avg=15.00  p30=15.00  std=0.00
    reason: Bid: Suit H meets thresholds (p30=15.00, conf_mean=15.00 >= min_allowed=16); conservative mapping max(p30, avg-1) -> 16. (current_high=0, raise_delta=+1)

AUCTION WINNER: Player 3 with bid 16; chooses trump H 
Details={'chosen': 'H', 'estimates': {'D': 14.0, 'H': 18.0}}
Player 0 hand :  ['8D', 'KC', 'QC', 'JD', 'JH', '7C', '7S', 'KS']
Player 1 hand :  ['10D', 'AD', 'JC', '10S', '8S', 'JS', 'AS', '8C']
Player 2 hand :  ['KH', 'QD', '9C', '10C', 'QH', '10H', '7H', 'QS']
Player 3 hand :  ['8H', 'KD', '7D', 'AC', '9S', '9D', 'AH']
Player 0 (auction 4 cards): ['8D', 'KC', 'QC', 'JD']
Player 1 (auction 4 cards): ['10D', 'AD', 'JC', '10S']
Player 2 (auction 4 cards): ['KH', 'QD', '9C', '10C']
Player 3 (auction 4 cards): ['8H', 'KD', '9H', '7D']
Auction winner (bidder): Player 3 with bid 16
Bidder sets concealed trump suit: H
Phase: concealed, bidder concealed card: 9H

Player 0 plays 8D
Player 1 plays 10D
Player 2 plays QD
Player 3 plays KD
Player 1 won the hand: 1 points

Player 1 plays AD
-- Phase 2 begins: Trump revealed as H by Player 2 on trick 2 --
Player 2 plays KH
Player 3 plays 7D
Player 0 plays JD
Player 2 won the hand: 4 points

Player 2 plays 9C
Player 3 plays AC
Player 0 plays KC
Player 1 plays JC
Player 1 won the hand: 6 points

Player 1 plays 10S
Player 2 plays QS
Player 3 plays 9S
Player 0 plays 7S
Player 3 won the hand: 3 points

Player 3 plays 8H
Player 0 plays JH
Player 1 plays 8S
Player 2 plays QH
Player 0 won the hand: 3 points

Player 0 plays QC
Player 1 plays 8C
Player 2 plays 10C
Player 3 plays 9D
Player 2 won the hand: 3 points

Player 2 plays 10H
Player 3 plays AH
Player 0 plays 7C
Player 1 plays JS
Player 3 won the hand: 5 points

Player 3 plays 9H
Player 0 plays KS
Player 1 plays AS
Player 2 plays 7H
Player 3 won the hand: 3 points

Game 19 final points: Team A=10, Team B=18
Series cumulative game score so far: Team A=-2, Team B=0
Log saved to: c:\Users\laksh\Desktop\Projects\28bot\logs\game28\mcts_games\game_19_20250822_134951_095323.log
