
===== GAME 17 (20250821_110017_845752) =====

===== AUCTION =====
Pass (locked): Player 0 (min_allowed=16)
  bidding analysis:
    present_suits: H, C, S
    current_high=0  min_allowed=16  raise_delta=1
    overall: avg=15.62  p30=13.00  std=3.71
    suit_stats:
      H: pts=[11, 22, 12, 20, 13, 14 ...]  avg=15.62  p30=13.00  std=3.71
      C: pts=[]
      S: pts=[]
    failed_checks:
      H: p30 13.00 < 15; conf_mean 13.77 < 15
      C: p30 0.00 < 15; conf_mean 0.00 < 15
      S: p30 0.00 < 15; conf_mean 0.00 < 15
    reason: Pass: No suit meets thresholds. Best suit H has p30=13.00, conf_mean=13.77 below min_allowed=16 (current_high=0, raise_delta=+1). Failed checks for best suit: p30 13.00 < 15, conf_mean 13.77 < 15.
Pass (locked): Player 1 (min_allowed=16)
  bidding analysis:
    present_suits: D, S
    current_high=0  min_allowed=16  raise_delta=1
    overall: avg=11.75  p30=9.00  std=4.71
    suit_stats:
      S: pts=[11, 9, 3, 8, 14, 15 ...]  avg=11.75  p30=9.00  std=4.71
      D: pts=[]
    failed_checks:
      D: p30 0.00 < 15; conf_mean 0.00 < 15
      S: p30 9.00 < 15; conf_mean 9.39 < 15
    reason: Pass: No suit meets thresholds. Best suit S has p30=9.00, conf_mean=9.39 below min_allowed=16 (current_high=0, raise_delta=+1). Failed checks for best suit: p30 9.00 < 15, conf_mean 9.39 < 15.
Bid: Player 2 proposes 25 (min_allowed=16)
  bidding analysis:
    present_suits: D, C
    current_high=0  min_allowed=16  raise_delta=1
    chosen_suit: D
    proposed_bid: 25
    overall: avg=25.00  p30=25.00  std=0.00
    suit_stats:
      C: pts=[22, 10, 23, 15, 25, 14 ...]  avg=18.00  p30=15.00  std=4.90
      D: pts=[25]  avg=25.00  p30=25.00  std=0.00
    reason: Bid: Suit D meets thresholds (p30=25.00, conf_mean=25.00 >= min_allowed=16); conservative mapping max(p30, avg-1) -> 25. (current_high=0, raise_delta=+1)
Pass (locked): Player 3 (min_allowed=26)
  bidding analysis:
    present_suits: H, D, C
    current_high=25  min_allowed=26  raise_delta=1
    overall: avg=8.50  p30=6.00  std=4.15
    suit_stats:
      D: pts=[11, 6, 12, 2, 15, 4 ...]  avg=8.50  p30=6.00  std=4.15
      H: pts=[]
      C: pts=[]
    failed_checks:
      H: p30 0.00 < 25; conf_mean 0.00 < 25
      D: p30 6.00 < 25; conf_mean 6.42 < 25
      C: p30 0.00 < 25; conf_mean 0.00 < 25
    reason: Pass: No suit meets thresholds. Best suit D has p30=6.00, conf_mean=6.42 below min_allowed=26 (current_high=25, raise_delta=+1). Failed checks for best suit: p30 6.00 < 25, conf_mean 6.42 < 25.

AUCTION WINNER: Player 2 with bid 25; chooses trump C 
Details={'chosen': 'C', 'estimates': {'D': 13.0, 'C': 15.0}}
Player 0 hand :  ['7H', 'JC', 'AH', '10S', 'AS', 'QH', 'QD', 'KD']
Player 1 hand :  ['9S', '8S', 'QS', 'AD', '8H', '7S', '9H', 'KS']
Player 2 hand :  ['9C', '7D', '9D', 'KH', 'AC', 'JS', '8C']
Player 3 hand :  ['10D', '7C', '8D', '10H', 'KC', 'QC', 'JH', 'JD']
Player 0 (auction 4 cards): ['7H', 'JC', 'AH', '10S']
Player 1 (auction 4 cards): ['9S', '8S', 'QS', 'AD']
Player 2 (auction 4 cards): ['9C', '10C', '7D', '9D']
Player 3 (auction 4 cards): ['10D', '7C', '8D', '10H']
Auction winner (bidder): Player 2 with bid 25
Bidder sets concealed trump suit: C
Phase: concealed, bidder concealed card: 10C

Player 0 plays 7H
Player 1 plays 8H
Player 2 plays KH
Player 3 plays 10H
Player 3 won the hand: 1 points

Player 3 plays 10D
Player 0 plays QD
Player 1 plays AD
Player 2 plays 7D
Player 1 won the hand: 2 points

Player 1 plays 9S
Player 2 plays JS
-- Phase 2 begins: Trump revealed as C by Player 3 on trick 3 --
Player 3 plays 7C
Player 0 plays 10S
Player 3 won the hand: 6 points

Player 3 plays 8D
Player 0 plays KD
Player 1 plays 8S
Player 2 plays 9D
Player 2 won the hand: 2 points

Player 2 plays 9C
Player 3 plays KC
Player 0 plays JC
Player 1 plays QS
Player 0 won the hand: 5 points

Player 0 plays AH
Player 1 plays 9H
Player 2 plays AC
Player 3 plays JH
Player 2 won the hand: 7 points

Player 2 plays 8C
Player 3 plays QC
Player 0 plays AS
Player 1 plays 7S
Player 3 won the hand: 1 points

Player 3 plays JD
Player 0 plays QH
Player 1 plays KS
Player 2 plays 10C
Player 2 won the hand: 4 points

Game 17 final points: Team A=18, Team B=10
Series cumulative game score so far: Team A=-7, Team B=-2
Log saved to: C:\Users\laksh\Desktop\Projects\28bot\logs\game28\mcts_games\game_17_20250821_110017_845752.log
