
===== GAME 8 (20250819_183613_289916) =====

===== AUCTION =====
Pass (locked): Player 0 (min_allowed=16)
  bidding analysis:
    present_suits: H, D, S
    current_high=0  min_allowed=16  raise_delta=1
    overall: avg=15.75  p30=15.00  std=2.86
    suit_stats:
      S: pts=[15, 16, 12, 20]  avg=15.75  p30=15.00  std=2.86
      H: pts=[]
      D: pts=[]
    failed_checks:
      H: p30 0.00 < 15; conf_mean 0.00 < 15
      D: p30 0.00 < 15; conf_mean 0.00 < 15
      S: conf_mean 14.32 < 15
    reason: Pass: No suit meets thresholds. Best suit S has p30=15.00, conf_mean=14.32 below min_allowed=16 (current_high=0, raise_delta=+1). Failed checks for best suit: conf_mean 14.32 < 15.
Pass (locked): Player 1 (min_allowed=16)
  bidding analysis:
    present_suits: D, C
    current_high=0  min_allowed=16  raise_delta=1
    overall: avg=12.50  p30=13.00  std=7.76
    suit_stats:
      C: pts=[21, 13, 0, 16]  avg=12.50  p30=13.00  std=7.76
      D: pts=[]
    failed_checks:
      D: p30 0.00 < 15; conf_mean 0.00 < 15
      C: p30 13.00 < 15; conf_mean 8.62 < 15
    reason: Pass: No suit meets thresholds. Best suit C has p30=13.00, conf_mean=8.62 below min_allowed=16 (current_high=0, raise_delta=+1). Failed checks for best suit: p30 13.00 < 15, conf_mean 8.62 < 15.
Pass (locked): Player 2 (min_allowed=16)
  bidding analysis:
    present_suits: H, D, S
    current_high=0  min_allowed=16  raise_delta=1
    overall: avg=13.50  p30=10.00  std=4.77
    suit_stats:
      H: pts=[10, 8, 20, 16]  avg=13.50  p30=10.00  std=4.77
      D: pts=[]
      S: pts=[]
    failed_checks:
      H: p30 10.00 < 15; conf_mean 11.12 < 15
      D: p30 0.00 < 15; conf_mean 0.00 < 15
      S: p30 0.00 < 15; conf_mean 0.00 < 15
    reason: Pass: No suit meets thresholds. Best suit H has p30=10.00, conf_mean=11.12 below min_allowed=16 (current_high=0, raise_delta=+1). Failed checks for best suit: p30 10.00 < 15, conf_mean 11.12 < 15.
Pass (locked): Player 3 (min_allowed=16)
  bidding analysis:
    present_suits: D, C, S
    current_high=0  min_allowed=16  raise_delta=1
    overall: avg=14.00  p30=15.00  std=8.40
    suit_stats:
      D: pts=[0, 20, 15, 21]  avg=14.00  p30=15.00  std=8.40
      C: pts=[]
      S: pts=[]
    failed_checks:
      D: conf_mean 9.80 < 15
      C: p30 0.00 < 15; conf_mean 0.00 < 15
      S: p30 0.00 < 15; conf_mean 0.00 < 15
    reason: Pass: No suit meets thresholds. Best suit D has p30=15.00, conf_mean=9.80 below min_allowed=16 (current_high=0, raise_delta=+1). Failed checks for best suit: conf_mean 9.80 < 15.
Forced bid: All players passed. Player 0 takes minimum bid 16.

AUCTION WINNER: Player 0 with bid 16; chooses trump S 
Details={'chosen': 'S', 'estimates': {'D': 9.666666666666666, 'H': 8.833333333333334, 'S': 18.666666666666668}}
Player 0 hand :  ['AH', 'JD', '8S', 'AC', 'JC', '9H', 'QC']
Player 1 hand :  ['7C', '9D', '9C', '8C', '7H', 'QS', '8H', 'QD']
Player 2 hand :  ['QH', 'AD', '9S', '10H', '7D', 'KC', 'KS', '8D']
Player 3 hand :  ['10D', '10C', 'JS', 'KD', 'KH', 'JH', '7S', 'AS']
Player 0 (auction 4 cards): ['AH', 'JD', '10S', '8S']
Player 1 (auction 4 cards): ['7C', '9D', '9C', '8C']
Player 2 (auction 4 cards): ['QH', 'AD', '9S', '10H']
Player 3 (auction 4 cards): ['10D', '10C', 'JS', 'KD']
Auction winner (bidder): Player 0 with bid 16
Bidder sets concealed trump suit: S
Phase: concealed, bidder concealed card: 10S

Player 0 plays AH
Player 1 plays 7H
Player 2 plays QH
Player 3 plays KH
Player 0 won the hand: 1 points

Player 0 plays JD
Player 1 plays 9D
Player 2 plays AD
Player 3 plays 10D
Player 0 won the hand: 7 points

Player 0 plays AC
Player 1 plays 7C
Player 2 plays KC
Player 3 plays 10C
Player 0 won the hand: 2 points

Player 0 plays JC
Player 1 plays 9C
-- Phase 2 begins: Trump revealed as S by Player 2 on trick 4 --
Player 2 plays 9S
Player 3 plays JS
Player 3 won the hand: 10 points

Player 3 plays KD
Player 0 plays 8S
Player 1 plays QD
Player 2 plays 7D
Player 0 won the hand: 0 points

Player 0 plays 9H
Player 1 plays 8H
Player 2 plays 10H
Player 3 plays JH
Player 3 won the hand: 6 points

Player 3 plays 7S
Player 0 plays 10S
Player 1 plays QS
Player 2 plays KS
Player 0 won the hand: 1 points

Player 0 plays QC
Player 1 plays 8C
Player 2 plays 8D
Player 3 plays AS
Player 3 won the hand: 1 points

Game 8 final points: Team A=11, Team B=17
Series cumulative game score so far: Team A=1, Team B=1
Log saved to: c:\Users\laksh\Desktop\Projects\28bot\logs\game28\mcts_games\game_8_20250819_183613_289916.log
