
===== GAME 23 (20250821_110634_227563) =====

===== AUCTION =====
Bid: Player 0 proposes 19 (min_allowed=16)
  bidding analysis:
    present_suits: H, C
    current_high=0  min_allowed=16  raise_delta=1
    chosen_suit: H
    proposed_bid: 19
    overall: avg=20.62  p30=19.00  std=3.35
    reason: Bid (precomputed): Suit H meets thresholds (p30=19.00, conf_mean=18.95 >= min_allowed=16); conservative mapping max(p30, avg-1) -> 19. (current_high=0, raise_delta=+1)
Pass (locked): Player 1 (min_allowed=20)
  bidding analysis:
    present_suits: H, D, C
    current_high=19  min_allowed=20  raise_delta=1
    overall: avg=13.67  p30=11.00  std=6.77
    failed_checks:
      H: p30 11.00 < 19; conf_mean 10.28 < 19
      D: p30 10.00 < 19; conf_mean 11.63 < 19
      C: p30 1.00 < 19; conf_mean 3.75 < 19
    reason: Pass: No suit meets thresholds. Best suit H has p30=11.00, conf_mean=10.28 below min_allowed=20 (current_high=19, raise_delta=+1). Failed checks for best suit: p30 11.00 < 19, conf_mean 10.28 < 19.
Pass (locked): Player 2 (min_allowed=20)
  bidding analysis:
    present_suits: H, D, S
    current_high=19  min_allowed=20  raise_delta=1
    overall: avg=15.50  p30=13.00  std=3.08
    suit_stats:
      H: pts=[21, 17, 15, 12, 15, 13 ...]  avg=15.50  p30=13.00  std=3.08
      D: pts=[]
      S: pts=[]
    failed_checks:
      H: p30 13.00 < 19; conf_mean 13.96 < 19
      D: p30 0.00 < 19; conf_mean 0.00 < 19
      S: p30 0.00 < 19; conf_mean 0.00 < 19
    reason: Pass: No suit meets thresholds. Best suit H has p30=13.00, conf_mean=13.96 below min_allowed=20 (current_high=19, raise_delta=+1). Failed checks for best suit: p30 13.00 < 19, conf_mean 13.96 < 19.
Pass (locked): Player 3 (min_allowed=20)
  bidding analysis:
    present_suits: C, S
    current_high=19  min_allowed=20  raise_delta=1
    overall: avg=12.62  p30=10.00  std=3.87
    suit_stats:
      S: pts=[7, 12, 18, 19, 11, 10 ...]  avg=12.62  p30=10.00  std=3.87
      C: pts=[]
    failed_checks:
      C: p30 0.00 < 19; conf_mean 0.00 < 19
      S: p30 10.00 < 19; conf_mean 10.69 < 19
    reason: Pass: No suit meets thresholds. Best suit S has p30=10.00, conf_mean=10.69 below min_allowed=20 (current_high=19, raise_delta=+1). Failed checks for best suit: p30 10.00 < 19, conf_mean 10.69 < 19.

AUCTION WINNER: Player 0 with bid 19; chooses trump C 
Details={'chosen': 'C', 'estimates': {'H': 20.625, 'C': 22.333333333333332}}
Player 0 hand :  ['JC', '9H', 'JH', 'QD', '9S', '10D', '8D']
Player 1 hand :  ['JD', '8C', '7C', '7H', '8S', '9C', '9D', '8H']
Player 2 hand :  ['KD', 'JS', 'AH', 'KH', '10C', 'QH', 'AD', '10H']
Player 3 hand :  ['7S', '10S', 'KS', 'QC', 'AS', 'KC', '7D', 'QS']
Player 0 (auction 4 cards): ['JC', '9H', 'JH', 'AC']
Player 1 (auction 4 cards): ['JD', '8C', '7C', '7H']
Player 2 (auction 4 cards): ['KD', 'JS', 'AH', 'KH']
Player 3 (auction 4 cards): ['7S', '10S', 'KS', 'QC']
Auction winner (bidder): Player 0 with bid 19
Bidder sets concealed trump suit: C
Phase: concealed, bidder concealed card: AC

Player 0 plays 9H
Player 1 plays 7H
Player 2 plays AH
Player 3 plays 7S
Player 0 won the hand: 3 points

Player 0 plays JH
Player 1 plays 8H
Player 2 plays KH
Player 3 plays 10S
Player 0 won the hand: 4 points

Player 0 plays QD
Player 1 plays JD
Player 2 plays KD
Player 3 plays 7D
Player 1 won the hand: 3 points

Player 1 plays 8C
Player 2 plays 10C
Player 3 plays QC
Player 0 plays JC
Player 0 won the hand: 4 points

Player 0 plays 9S
Player 1 plays 8S
Player 2 plays JS
Player 3 plays KS
Player 2 won the hand: 5 points

Player 2 plays QH
Player 3 plays AS
Player 0 plays 10D
-- Phase 2 begins: Trump revealed as C by Player 1 on trick 6 --
Player 1 plays 7C
Player 1 won the hand: 2 points

Player 1 plays 9C
Player 2 plays AD
Player 3 plays KC
Player 0 plays AC
Player 1 won the hand: 4 points

Player 1 plays 9D
Player 2 plays 10H
Player 3 plays QS
Player 0 plays 8D
Player 1 won the hand: 3 points

Game 23 final points: Team A=16, Team B=12
Series cumulative game score so far: Team A=-10, Team B=-4
Log saved to: C:\Users\laksh\Desktop\Projects\28bot\logs\game28\mcts_games\game_23_20250821_110634_227563.log
