
===== GAME 19 (20250823_182903_179901) =====

===== AUCTION =====
Pass (locked): Player 0 (min_allowed=16)
  bidding analysis:
    present_suits: D, C, S
    current_high=0  min_allowed=16  raise_delta=1
    overall: avg=0.00  p30=0.00  std=0.00
    failed_checks:
      D: p30 0.00 < 15; conf_mean 0.00 < 15
      S: p30 0.00 < 15; conf_mean 0.00 < 15
    reason: Pass: No suit meets thresholds. Best suit D has p30=0.00, conf_mean=0.00 below min_allowed=16 (current_high=0, raise_delta=+1). Failed checks for best suit: p30 0.00 < 15, conf_mean 0.00 < 15.
Pass (locked): Player 1 (min_allowed=16)
  bidding analysis:
    present_suits: H, D, S
    current_high=0  min_allowed=16  raise_delta=1
    overall: avg=15.25  p30=12.00  std=3.77
    failed_checks:
      H: p30 12.00 < 15; conf_mean 13.37 < 15
      S: p30 0.00 < 15; conf_mean 0.00 < 15
    reason: Pass: No suit meets thresholds. Best suit H has p30=12.00, conf_mean=13.37 below min_allowed=16 (current_high=0, raise_delta=+1). Failed checks for best suit: p30 12.00 < 15, conf_mean 13.37 < 15.
Bid: Player 2 proposes 24 (min_allowed=16)
  bidding analysis:
    present_suits: H, D, C, S
    current_high=0  min_allowed=16  raise_delta=1
    chosen_suit: C
    proposed_bid: 24
    overall: avg=24.00  p30=24.00  std=0.00
    reason: Bid (precomputed): Suit C meets thresholds (p30=24.00, conf_mean=24.00 >= min_allowed=16); conservative mapping max(p30, avg-1) -> 24. (current_high=0, raise_delta=+1)
Pass (locked): Player 3 (min_allowed=25)
  bidding analysis:
    present_suits: H, C
    current_high=24  min_allowed=25  raise_delta=1
    overall: avg=17.94  p30=17.00  std=3.80
    failed_checks:
      H: p30 17.00 < 24; conf_mean 16.04 < 24
    reason: Pass: No suit meets thresholds. Best suit H has p30=17.00, conf_mean=16.04 below min_allowed=25 (current_high=24, raise_delta=+1). Failed checks for best suit: p30 17.00 < 24, conf_mean 16.04 < 24.

AUCTION WINNER: Player 2 with bid 24; chooses trump C 
Details={'chosen': 'C', 'estimates': {'H': 7.0, 'D': 19.0, 'C': 24.0, 'S': 15.0}}
Player 0 hand :  ['8S', 'QD', 'QC', '7S', '9D', '7D', '10D', 'QS']
Player 1 hand :  ['KH', 'AS', 'QH', 'AD', '9H', 'JH', 'KC', '9C']
Player 2 hand :  ['JS', '7H', 'KD', '10C', '8D', '10H', 'JD']
Player 3 hand :  ['AC', '7C', '8H', 'JC', 'KS', '9S', '10S', 'AH']
Player 0 (auction 4 cards): ['8S', 'QD', 'QC', '7S']
Player 1 (auction 4 cards): ['KH', 'AS', 'QH', 'AD']
Player 2 (auction 4 cards): ['JS', '8C', '7H', 'KD']
Player 3 (auction 4 cards): ['AC', '7C', '8H', 'JC']
Auction winner (bidder): Player 2 with bid 24
Bidder sets concealed trump suit: C
Phase: concealed, bidder concealed card: 8C

Player 0 plays 8S
Player 1 plays AS
Player 2 plays JS
Player 3 plays KS
Player 2 won the hand: 4 points

Player 2 plays 7H
Player 3 plays 8H
Player 0 plays QD
Player 1 plays KH
Player 1 won the hand: 0 points

Player 1 plays QH
Player 2 plays 10H
Player 3 plays AH
-- Phase 2 begins: Trump revealed as C by Player 0 on trick 3 --
Player 0 plays QC
Player 0 won the hand: 2 points

Player 0 plays 7S
Player 1 plays AD
Player 2 plays KD
Player 3 plays 9S
Player 3 won the hand: 3 points

Player 3 plays AC
Player 0 plays 9D
Player 1 plays KC
Player 2 plays 10C
Player 3 won the hand: 4 points

Player 3 plays 7C
Player 0 plays 7D
Player 1 plays 9C
Player 2 plays 8C
Player 1 won the hand: 2 points

Player 1 plays 9H
Player 2 plays 8D
Player 3 plays JC
Player 0 plays 10D
Player 3 won the hand: 6 points

Player 3 plays 10S
Player 0 plays QS
Player 1 plays JH
Player 2 plays JD
Player 3 won the hand: 7 points

Game 19 final points: Team A=6, Team B=22
Series cumulative game score so far: Team A=-6, Team B=-3
Log saved to: c:\Users\laksh\Desktop\Projects\28bot\logs\game28\mcts_games\game_19_20250823_182903_179901.log
