
===== GAME 25 (20250820_150012_192559) =====

===== AUCTION =====
Pass (locked): Player 0 (min_allowed=16)
  bidding analysis:
    present_suits: D, C
    current_high=0  min_allowed=16  raise_delta=1
    overall: avg=15.25  p30=18.00  std=8.93
    suit_stats:
      D: pts=[22, 18, 0, 21]  avg=15.25  p30=18.00  std=8.93
      C: pts=[]
    failed_checks:
      D: conf_mean 10.79 < 15
      C: p30 0.00 < 15; conf_mean 0.00 < 15
    reason: Pass: No suit meets thresholds. Best suit D has p30=18.00, conf_mean=10.79 below min_allowed=16 (current_high=0, raise_delta=+1). Failed checks for best suit: conf_mean 10.79 < 15.
Bid: Player 1 proposes 19 (min_allowed=16)
  bidding analysis:
    present_suits: H, C
    current_high=0  min_allowed=16  raise_delta=1
    chosen_suit: C
    proposed_bid: 19
    overall: avg=20.25  p30=19.00  std=5.36
    suit_stats:
      C: pts=[13, 21, 19, 28]  avg=20.25  p30=19.00  std=5.36
      H: pts=[]
    reason: Bid: Suit C meets thresholds (p30=19.00, conf_mean=17.57 >= min_allowed=16); conservative mapping max(p30, avg-1) -> 19. (current_high=0, raise_delta=+1)
Pass (locked): Player 2 (min_allowed=20)
  bidding analysis:
    present_suits: D, C, S
    current_high=19  min_allowed=20  raise_delta=1
    overall: avg=13.50  p30=14.00  std=6.10
    suit_stats:
      D: pts=[21, 15, 14, 4]  avg=13.50  p30=14.00  std=6.10
      C: pts=[]
      S: pts=[]
    failed_checks:
      D: p30 14.00 < 19; conf_mean 10.45 < 19
      C: p30 0.00 < 19; conf_mean 0.00 < 19
      S: p30 0.00 < 19; conf_mean 0.00 < 19
    reason: Pass: No suit meets thresholds. Best suit D has p30=14.00, conf_mean=10.45 below min_allowed=20 (current_high=19, raise_delta=+1). Failed checks for best suit: p30 14.00 < 19, conf_mean 10.45 < 19.
Pass (locked): Player 3 (min_allowed=20)
  bidding analysis:
    present_suits: H, C, S
    current_high=19  min_allowed=20  raise_delta=1
    overall: avg=17.25  p30=22.00  std=10.03
    suit_stats:
      H: pts=[25, 22, 22, 0]  avg=17.25  p30=22.00  std=10.03
      C: pts=[]
      S: pts=[]
    failed_checks:
      H: conf_mean 12.23 < 19
      C: p30 0.00 < 19; conf_mean 0.00 < 19
      S: p30 0.00 < 19; conf_mean 0.00 < 19
    reason: Pass: No suit meets thresholds. Best suit H has p30=22.00, conf_mean=12.23 below min_allowed=20 (current_high=19, raise_delta=+1). Failed checks for best suit: conf_mean 12.23 < 19.

AUCTION WINNER: Player 1 with bid 19; chooses trump C 
Details={'chosen': 'C', 'estimates': {'H': 13.5, 'C': 20.833333333333332}}
Player 0 hand :  ['10C', '9D', '7D', '8D', '8S', 'JD', 'AH', 'AS']
Player 1 hand :  ['JC', '7C', 'KH', 'QH', 'JS', '7H', '10S']
Player 2 hand :  ['QC', 'AD', '9S', '10D', 'KS', 'QD', 'QS', '10H']
Player 3 hand :  ['7S', '9H', '8C', 'JH', 'KD', 'AC', '9C', '8H']
Player 0 (auction 4 cards): ['10C', '9D', '7D', '8D']
Player 1 (auction 4 cards): ['KC', 'JC', '7C', 'KH']
Player 2 (auction 4 cards): ['QC', 'AD', '9S', '10D']
Player 3 (auction 4 cards): ['7S', '9H', '8C', 'JH']
Auction winner (bidder): Player 1 with bid 19
Bidder sets concealed trump suit: C
Phase: concealed, bidder concealed card: KC

Player 0 plays 10C
Player 1 plays JC
Player 2 plays QC
Player 3 plays 8C
Player 1 won the hand: 4 points

Player 1 plays KH
Player 2 plays 10H
Player 3 plays 9H
Player 0 plays AH
Player 3 won the hand: 4 points

Player 3 plays 7S
Player 0 plays 8S
Player 1 plays JS
Player 2 plays 9S
Player 1 won the hand: 5 points

Player 1 plays QH
Player 2 plays AD
Player 3 plays JH
Player 0 plays 9D
Player 3 won the hand: 6 points

Player 3 plays KD
Player 0 plays 7D
-- Phase 2 begins: Trump revealed as C by Player 1 on trick 5 --
Player 1 plays 7C
Player 2 plays 10D
Player 1 won the hand: 1 points

Player 1 plays 7H
Player 2 plays KS
Player 3 plays 8H
Player 0 plays 8D
Player 3 won the hand: 0 points

Player 3 plays AC
Player 0 plays JD
Player 1 plays KC
Player 2 plays QD
Player 3 won the hand: 4 points

Player 3 plays 9C
Player 0 plays AS
Player 1 plays 10S
Player 2 plays QS
Player 3 won the hand: 4 points

Game 25 final points: Team A=0, Team B=28
Series cumulative game score so far: Team A=1, Team B=0
Log saved to: c:\Users\laksh\Desktop\Projects\28bot\logs\game28\mcts_games\game_25_20250820_150012_192559.log
