
===== GAME 59 (20250822_150650_356493) =====

===== AUCTION =====
Pass (locked): Player 0 (min_allowed=16)
  bidding analysis:
    present_suits: H, D, S
    current_high=0  min_allowed=16  raise_delta=1
    overall: avg=14.25  p30=14.00  std=2.73
    failed_checks:
      H: p30 0.00 < 15; conf_mean 0.00 < 15
      D: p30 0.00 < 15; conf_mean 0.00 < 15
      S: p30 14.00 < 15; conf_mean 12.89 < 15
    reason: Pass: No suit meets thresholds. Best suit S has p30=14.00, conf_mean=12.89 below min_allowed=16 (current_high=0, raise_delta=+1). Failed checks for best suit: p30 14.00 < 15, conf_mean 12.89 < 15.
Pass (locked): Player 1 (min_allowed=16)
  bidding analysis:
    present_suits: H, D, C
    current_high=0  min_allowed=16  raise_delta=1
    overall: avg=12.00  p30=9.00  std=6.87
    failed_checks:
      H: p30 9.00 < 15; conf_mean 8.56 < 15
      D: p30 0.00 < 15; conf_mean 0.00 < 15
      C: p30 0.00 < 15; conf_mean 0.00 < 15
    reason: Pass: No suit meets thresholds. Best suit H has p30=9.00, conf_mean=8.56 below min_allowed=16 (current_high=0, raise_delta=+1). Failed checks for best suit: p30 9.00 < 15, conf_mean 8.56 < 15.
Pass (locked): Player 2 (min_allowed=16)
  bidding analysis:
    present_suits: H, C
    current_high=0  min_allowed=16  raise_delta=1
    overall: avg=0.00  p30=0.00  std=0.00
    failed_checks:
      C: p30 0.00 < 15; conf_mean 0.00 < 15
    reason: Pass: No suit meets thresholds. Best suit H has p30=0.00, conf_mean=0.00 below min_allowed=16 (current_high=0, raise_delta=+1). Failed checks for best suit: n/a.
Pass (locked): Player 3 (min_allowed=16)
  bidding analysis:
    present_suits: D, S
    current_high=0  min_allowed=16  raise_delta=1
    overall: avg=15.50  p30=9.00  std=6.99
    suit_stats:
      S: pts=[19, 11, 23, 8, 19, 8 ...]  avg=15.50  p30=9.00  std=6.99
      D: pts=[]
    failed_checks:
      D: p30 0.00 < 15; conf_mean 0.00 < 15
      S: p30 9.00 < 15; conf_mean 12.00 < 15
    reason: Pass: No suit meets thresholds. Best suit S has p30=9.00, conf_mean=12.00 below min_allowed=16 (current_high=0, raise_delta=+1). Failed checks for best suit: p30 9.00 < 15, conf_mean 12.00 < 15.
Forced bid: All players passed. Player 0 takes minimum bid 16.

AUCTION WINNER: Player 0 with bid 16; chooses trump S 
Details={'chosen': 'S', 'estimates': {'H': 0.0, 'D': 0.0, 'S': 14.25}}
Player 0 hand :  ['JH', '7H', 'KD', 'KH', 'KC', 'JC', '7D']
Player 1 hand :  ['QC', '8H', '9D', '9H', 'AD', '8D', '10S', 'QD']
Player 2 hand :  ['9C', '8C', '7C', '10H', '10C', 'QH', 'JD', 'KS']
Player 3 hand :  ['AS', '9S', '10D', '8S', 'QS', 'AH', 'JS', 'AC']
Player 0 (auction 4 cards): ['JH', '7S', '7H', 'KD']
Player 1 (auction 4 cards): ['QC', '8H', '9D', '9H']
Player 2 (auction 4 cards): ['9C', '8C', '7C', '10H']
Player 3 (auction 4 cards): ['AS', '9S', '10D', '8S']
Auction winner (bidder): Player 0 with bid 16
Bidder sets concealed trump suit: S
Phase: concealed, bidder concealed card: 7S

Player 0 plays JH
Player 1 plays 8H
Player 2 plays 10H
Player 3 plays AH
Player 0 won the hand: 5 points

Player 0 plays 7H
Player 1 plays 9H
Player 2 plays QH
-- Phase 2 begins: Trump revealed as S by Player 3 on trick 2 --
Player 3 plays AS
Player 3 won the hand: 3 points

Player 3 plays 9S
Player 0 plays 7S
Player 1 plays 10S
Player 2 plays KS
Player 3 won the hand: 3 points

Player 3 plays 10D
Player 0 plays KD
Player 1 plays 9D
Player 2 plays JD
Player 2 won the hand: 6 points

Player 2 plays 9C
Player 3 plays AC
Player 0 plays KC
Player 1 plays QC
Player 2 won the hand: 3 points

Player 2 plays 8C
Player 3 plays 8S
Player 0 plays JC
Player 1 plays AD
Player 3 won the hand: 4 points

Player 3 plays QS
Player 0 plays KH
Player 1 plays 8D
Player 2 plays 7C
Player 3 won the hand: 0 points

Player 3 plays JS
Player 0 plays 7D
Player 1 plays QD
Player 2 plays 10C
Player 3 won the hand: 4 points

Game 59 final points: Team A=14, Team B=14
Series cumulative game score so far: Team A=-11, Team B=2
Log saved to: c:\Users\laksh\Desktop\Projects\28bot\logs\game28\mcts_games\game_59_20250822_150650_356493.log
