
===== GAME 27 (20250820_150509_789613) =====

===== AUCTION =====
Pass (locked): Player 0 (min_allowed=16)
  bidding analysis:
    present_suits: H, D, S
    current_high=0  min_allowed=16  raise_delta=1
    overall: avg=12.25  p30=14.00  std=7.29
    suit_stats:
      D: pts=[14, 16, 19, 0]  avg=12.25  p30=14.00  std=7.29
      H: pts=[]
      S: pts=[]
    failed_checks:
      H: p30 0.00 < 15; conf_mean 0.00 < 15
      D: p30 14.00 < 15; conf_mean 8.60 < 15
      S: p30 0.00 < 15; conf_mean 0.00 < 15
    reason: Pass: No suit meets thresholds. Best suit D has p30=14.00, conf_mean=8.60 below min_allowed=16 (current_high=0, raise_delta=+1). Failed checks for best suit: p30 14.00 < 15, conf_mean 8.60 < 15.
Pass (locked): Player 1 (min_allowed=16)
  bidding analysis:
    present_suits: H, D, C
    current_high=0  min_allowed=16  raise_delta=1
    overall: avg=10.25  p30=3.00  std=8.93
    failed_checks:
      H: p30 3.00 < 15; conf_mean 5.79 < 15
      D: p30 0.00 < 15; conf_mean 0.00 < 15
    reason: Pass: No suit meets thresholds. Best suit H has p30=3.00, conf_mean=5.79 below min_allowed=16 (current_high=0, raise_delta=+1). Failed checks for best suit: p30 3.00 < 15, conf_mean 5.79 < 15.
Pass (locked): Player 2 (min_allowed=16)
  bidding analysis:
    present_suits: D, C, S
    current_high=0  min_allowed=16  raise_delta=1
    overall: avg=4.75  p30=0.00  std=8.23
    suit_stats:
      S: pts=[19, 0, 0, 0]  avg=4.75  p30=0.00  std=8.23
      D: pts=[]
      C: pts=[]
    failed_checks:
      D: p30 0.00 < 15; conf_mean 0.00 < 15
      C: p30 0.00 < 15; conf_mean 0.00 < 15
      S: p30 0.00 < 15; conf_mean 0.64 < 15
    reason: Pass: No suit meets thresholds. Best suit S has p30=0.00, conf_mean=0.64 below min_allowed=16 (current_high=0, raise_delta=+1). Failed checks for best suit: p30 0.00 < 15, conf_mean 0.64 < 15.
Pass (locked): Player 3 (min_allowed=16)
  bidding analysis:
    present_suits: H, D, C
    current_high=0  min_allowed=16  raise_delta=1
    overall: avg=11.50  p30=11.00  std=7.37
    suit_stats:
      C: pts=[11, 20, 0, 15]  avg=11.50  p30=11.00  std=7.37
      H: pts=[]
      D: pts=[]
    failed_checks:
      H: p30 0.00 < 15; conf_mean 0.00 < 15
      D: p30 0.00 < 15; conf_mean 0.00 < 15
      C: p30 11.00 < 15; conf_mean 7.82 < 15
    reason: Pass: No suit meets thresholds. Best suit C has p30=11.00, conf_mean=7.82 below min_allowed=16 (current_high=0, raise_delta=+1). Failed checks for best suit: p30 11.00 < 15, conf_mean 7.82 < 15.
Forced bid: All players passed. Player 0 takes minimum bid 16.

AUCTION WINNER: Player 0 with bid 16; chooses trump D 
Details={'chosen': 'D', 'estimates': {'H': 7.5, 'S': 8.166666666666666, 'D': 11.666666666666666}}
Player 0 hand :  ['8D', '9H', 'KS', 'KC', '10C', '8C', '7H']
Player 1 hand :  ['8H', '9D', '9C', 'KH', 'JS', '9S', 'AD', 'QD']
Player 2 hand :  ['7C', 'AS', '10S', '7D', 'JH', '8S', '7S', 'JC']
Player 3 hand :  ['AC', 'QH', 'QC', 'JD', '10D', '10H', 'AH', 'QS']
Player 0 (auction 4 cards): ['KD', '8D', '9H', 'KS']
Player 1 (auction 4 cards): ['8H', '9D', '9C', 'KH']
Player 2 (auction 4 cards): ['7C', 'AS', '10S', '7D']
Player 3 (auction 4 cards): ['AC', 'QH', 'QC', 'JD']
Auction winner (bidder): Player 0 with bid 16
Bidder sets concealed trump suit: D
Phase: concealed, bidder concealed card: KD

Player 0 plays 9H
Player 1 plays 8H
Player 2 plays JH
Player 3 plays QH
Player 2 won the hand: 5 points

Player 2 plays 7C
Player 3 plays AC
Player 0 plays KC
Player 1 plays 9C
Player 1 won the hand: 3 points

Player 1 plays 9D
Player 2 plays 7D
Player 3 plays JD
Player 0 plays 8D
Player 3 won the hand: 5 points

Player 3 plays QC
Player 0 plays 10C
Player 1 plays KH
Player 2 plays JC
Player 2 won the hand: 4 points

Player 2 plays AS
Player 3 plays QS
Player 0 plays KS
Player 1 plays JS
Player 1 won the hand: 4 points

Player 1 plays 9S
Player 2 plays 10S
-- Phase 2 begins: Trump revealed as D by Player 3 on trick 6 --
Player 3 plays 10D
Player 0 plays 8C
Player 3 won the hand: 4 points

Player 3 plays 10H
Player 0 plays 7H
Player 1 plays AD
Player 2 plays 8S
Player 1 won the hand: 2 points

Player 1 plays QD
Player 2 plays 7S
Player 3 plays AH
Player 0 plays KD
Player 0 won the hand: 1 points

Game 27 final points: Team A=10, Team B=18
Series cumulative game score so far: Team A=0, Team B=-1
Log saved to: c:\Users\laksh\Desktop\Projects\28bot\logs\game28\mcts_games\game_27_20250820_150509_789613.log
