
===== GAME 1 (20250819_130600_960306) =====
Pass (locked): Player 0 (min_allowed=16) – analysis={'present_suits': ['H', 'D', 'S'], 'suit_to_points': {'H': [8, 18, 17, 19], 'D': [17, 0, 0, 16], 'S': [12, 18, 20, 0]}, 'chosen_suit': None, 'avg_points': 15.5, 'p30_points': 17, 'std_points': 4.387482193696061, 'proposed': None, 'current_high': 0, 'min_allowed': 16, 'reason': 'no_suit_meets_thresholds'}
Pass (locked): Player 1 (min_allowed=16) – analysis={'present_suits': ['H', 'D', 'C', 'S'], 'suit_to_points': {'H': [7, 11, 0, 13], 'D': [24, 0, 8, 0], 'C': [8, 0, 0, 13], 'S': [0, 5, 0, 7]}, 'chosen_suit': None, 'avg_points': 7.75, 'p30_points': 7, 'std_points': 4.968651728587948, 'proposed': None, 'current_high': 0, 'min_allowed': 16, 'reason': 'no_suit_meets_thresholds'}
Bid: Player 2 proposes 16 (min_allowed=16) – suit_scores={'H': [15, 21, 19, 14], 'C': [7, 9, 23, 24], 'S': [0, 9, 23, 0]} chosen=H p30=15 avg=17.25
Pass (locked): Player 3 (min_allowed=17) – analysis={'present_suits': ['H', 'C', 'S'], 'suit_to_points': {'H': [28, 13, 11, 15], 'C': [19, 8, 16, 0], 'S': [25, 16, 0, 15]}, 'chosen_suit': None, 'avg_points': 14.0, 'p30_points': 15, 'std_points': 8.972179222463181, 'proposed': None, 'current_high': 16, 'min_allowed': 18, 'reason': 'no_suit_meets_thresholds'}
Auction winner: Player 2 with bid 16; chooses trump H – details={'chosen': 'H', 'estimates': {'H': 16, 'C': 7, 'S': 5}}
Player 0 hand :  ['7H', '10S', 'QD', '8D', '7C', '10H', 'AH', 'QC']
Player 1 hand :  ['8S', '8C', 'KH', 'KD', '10D', 'JC', 'JD', 'KS']
Player 2 hand :  ['AS', '9H', '9C', '8H', 'AC', 'AD', '7S']
Player 3 hand :  ['JS', 'QH', '10C', 'KC', '9S', '7D', '9D', 'QS']
Player 0 (auction 4 cards): ['7H', '10S', 'QD', '8D']
Player 1 (auction 4 cards): ['8S', '8C', 'KH', 'KD']
Player 2 (auction 4 cards): ['AS', '9H', 'JH', '9C']
Player 3 (auction 4 cards): ['JS', 'QH', '10C', 'KC']
Auction winner (bidder): Player 2 with bid 16
Bidder sets concealed trump suit: H
Phase: concealed, bidder concealed card: JH

Player 0 plays 7C
Player 1 plays 8C
Player 2 plays 9C
Player 3 plays 10C
Player 2 won the hand: 3 points

Player 2 plays AS
Player 3 plays QS
Player 0 plays 10S
Player 1 plays 8S
Player 2 won the hand: 2 points

Player 2 plays AC
Player 3 plays KC
Player 0 plays QC
Player 1 plays JC
Player 1 won the hand: 4 points

Player 1 plays KH
Player 2 plays 9H
Player 3 plays QH
Player 0 plays 7H
Player 2 won the hand: 2 points

Player 2 plays AD
Player 3 plays 7D
Player 0 plays QD
Player 1 plays KD
Player 2 won the hand: 1 points

Player 2 plays 7S
Player 3 plays JS
-- Phase 2 begins: Trump revealed as H by Player 0 on trick 6 --
Player 0 plays 10H
Player 1 plays KS
Player 0 won the hand: 4 points

Player 0 plays 8D
Player 1 plays 10D
Player 2 plays 8H
Player 3 plays 9D
Player 2 won the hand: 3 points

Player 2 plays JH
Player 3 plays 9S
Player 0 plays AH
Player 1 plays JD
Player 2 won the hand: 9 points

Game 1 final points: Team A=24, Team B=4
Series cumulative game score so far: Team A=1, Team B=0
Log saved to: c:\Users\laksh\Desktop\Projects\28bot\logs\game28\mcts_games\game_1_20250819_130600_960306.log
