
===== GAME 52 (20250822_082601_116221) =====

===== AUCTION =====
Pass (locked): Player 0 (min_allowed=16)
  bidding analysis:
    present_suits: D, C, S
    current_high=0  min_allowed=16  raise_delta=1
    overall: avg=15.50  p30=11.00  std=5.36
    suit_stats:
      S: pts=[11, 20, 22, 7, 10, 21 ...]  avg=15.50  p30=11.00  std=5.36
      D: pts=[]
      C: pts=[]
    failed_checks:
      D: p30 0.00 < 15; conf_mean 0.00 < 15
      C: p30 0.00 < 15; conf_mean 0.00 < 15
      S: p30 11.00 < 15; conf_mean 12.82 < 15
    reason: Pass: No suit meets thresholds. Best suit S has p30=11.00, conf_mean=12.82 below min_allowed=16 (current_high=0, raise_delta=+1). Failed checks for best suit: p30 11.00 < 15, conf_mean 12.82 < 15.
Pass (locked): Player 1 (min_allowed=16)
  bidding analysis:
    present_suits: H, S
    current_high=0  min_allowed=16  raise_delta=1
    overall: avg=0.00  p30=0.00  std=0.00
    failed_checks:
      H: p30 0.00 < 15; conf_mean 0.00 < 15
    reason: Pass: No suit meets thresholds. Best suit H has p30=0.00, conf_mean=0.00 below min_allowed=16 (current_high=0, raise_delta=+1). Failed checks for best suit: p30 0.00 < 15, conf_mean 0.00 < 15.
Pass (locked): Player 2 (min_allowed=16)
  bidding analysis:
    present_suits: H, D, C
    current_high=0  min_allowed=16  raise_delta=1
    overall: avg=16.62  p30=16.00  std=4.12
    suit_stats:
      H: pts=[21, 9, 18, 16, 19, 16 ...]  avg=16.62  p30=16.00  std=4.12
      D: pts=[]
      C: pts=[]
    failed_checks:
      H: conf_mean 14.56 < 15
      D: p30 0.00 < 15; conf_mean 0.00 < 15
      C: p30 0.00 < 15; conf_mean 0.00 < 15
    reason: Pass: No suit meets thresholds. Best suit H has p30=16.00, conf_mean=14.56 below min_allowed=16 (current_high=0, raise_delta=+1). Failed checks for best suit: conf_mean 14.56 < 15.
Pass (locked): Player 3 (min_allowed=16)
  bidding analysis:
    present_suits: D, C, S
    current_high=0  min_allowed=16  raise_delta=1
    overall: avg=17.75  p30=13.00  std=5.91
    failed_checks:
      D: p30 13.00 < 15; conf_mean 14.79 < 15
      C: p30 0.00 < 15; conf_mean 0.00 < 15
      S: p30 0.00 < 15; conf_mean 0.00 < 15
    reason: Pass: No suit meets thresholds. Best suit D has p30=13.00, conf_mean=14.79 below min_allowed=16 (current_high=0, raise_delta=+1). Failed checks for best suit: p30 13.00 < 15, conf_mean 14.79 < 15.
Forced bid: All players passed. Player 0 takes minimum bid 16.

AUCTION WINNER: Player 0 with bid 16; chooses trump S 
Details={'chosen': 'S', 'estimates': {'C': 21.0, 'D': 17.0, 'S': 22.0}}
Player 0 hand :  ['7S', '10C', 'KD', 'KS', 'AD', '8H', 'AC']
Player 1 hand :  ['AH', '7H', '10H', '9S', '7C', 'QD', 'JS', 'JD']
Player 2 hand :  ['JH', 'QC', '7D', 'KH', '9C', '10S', 'QH', '10D']
Player 3 hand :  ['JC', 'AS', '8D', 'KC', '9D', '9H', '8S', '8C']
Player 0 (auction 4 cards): ['7S', '10C', 'KD', 'QS']
Player 1 (auction 4 cards): ['AH', '7H', '10H', '9S']
Player 2 (auction 4 cards): ['JH', 'QC', '7D', 'KH']
Player 3 (auction 4 cards): ['JC', 'AS', '8D', 'KC']
Auction winner (bidder): Player 0 with bid 16
Bidder sets concealed trump suit: S
Phase: concealed, bidder concealed card: QS

Player 0 plays 10C
Player 1 plays 7C
Player 2 plays QC
Player 3 plays JC
Player 3 won the hand: 4 points

Player 3 plays AS
Player 0 plays 7S
Player 1 plays 9S
Player 2 plays 10S
Player 1 won the hand: 4 points

Player 1 plays AH
Player 2 plays JH
Player 3 plays 9H
Player 0 plays 8H
Player 2 won the hand: 6 points

Player 2 plays 7D
Player 3 plays 8D
Player 0 plays KD
Player 1 plays QD
Player 0 won the hand: 0 points

Player 0 plays AD
Player 1 plays JD
Player 2 plays 10D
Player 3 plays 9D
Player 1 won the hand: 7 points

Player 1 plays 7H
Player 2 plays KH
Player 3 plays KC
-- Phase 2 begins: Trump revealed as S by Player 0 on trick 6 --
Player 0 plays KS
Player 0 won the hand: 0 points

Player 0 plays AC
Player 1 plays 10H
Player 2 plays 9C
Player 3 plays 8C
Player 2 won the hand: 4 points

Player 2 plays QH
Player 3 plays 8S
Player 0 plays QS
Player 1 plays JS
Player 1 won the hand: 3 points

Game 52 final points: Team A=10, Team B=18
Series cumulative game score so far: Team A=-6, Team B=-10
Log saved to: c:\Users\laksh\Desktop\Projects\28bot\logs\game28\mcts_games\game_52_20250822_082601_116221.log
