
===== GAME 45 (20250825_113025_048391) =====

===== AUCTION =====
Pass (locked): Player 0 (min_allowed=16)
  bidding analysis:
    present_suits: C, S
    current_high=0  min_allowed=16  raise_delta=1
    overall: avg=10.00  p30=8.00  std=7.52
    failed_checks:
      C: p30 8.00 < 15; conf_mean 6.24 < 15
    reason: Pass: No suit meets thresholds. Best suit C has p30=8.00, conf_mean=6.24 below min_allowed=16 (current_high=0, raise_delta=+1). Failed checks for best suit: p30 8.00 < 15, conf_mean 6.24 < 15.
Pass (locked): Player 1 (min_allowed=16)
  bidding analysis:
    present_suits: H, D, S
    current_high=0  min_allowed=16  raise_delta=1
    overall: avg=16.50  p30=12.00  std=5.83
    failed_checks:
      H: p30 0.00 < 15; conf_mean 0.00 < 15
      D: p30 12.00 < 15; conf_mean 13.58 < 15
    reason: Pass: No suit meets thresholds. Best suit D has p30=12.00, conf_mean=13.58 below min_allowed=16 (current_high=0, raise_delta=+1). Failed checks for best suit: p30 12.00 < 15, conf_mean 13.58 < 15.
Pass (locked): Player 2 (min_allowed=16)
  bidding analysis:
    present_suits: H, C
    current_high=0  min_allowed=16  raise_delta=1
    overall: avg=15.50  p30=13.00  std=3.89
    failed_checks:
      C: p30 13.00 < 15; conf_mean 13.56 < 15
    reason: Pass: No suit meets thresholds. Best suit C has p30=13.00, conf_mean=13.56 below min_allowed=16 (current_high=0, raise_delta=+1). Failed checks for best suit: p30 13.00 < 15, conf_mean 13.56 < 15.
Pass (locked): Player 3 (min_allowed=16)
  bidding analysis:
    present_suits: D, C, S
    current_high=0  min_allowed=16  raise_delta=1
    overall: avg=0.00  p30=0.00  std=0.00
    failed_checks:
      D: p30 0.00 < 15; conf_mean 0.00 < 15
      S: p30 0.00 < 15; conf_mean 0.00 < 15
    reason: Pass: No suit meets thresholds. Best suit D has p30=0.00, conf_mean=0.00 below min_allowed=16 (current_high=0, raise_delta=+1). Failed checks for best suit: p30 0.00 < 15, conf_mean 0.00 < 15.
Forced bid: All players passed. Player 0 takes minimum bid 16.

AUCTION WINNER: Player 0 with bid 16; chooses trump S 
Details={'chosen': 'S', 'estimates': {'C': 10.0, 'S': 15.5}}
Player 0 hand :  ['7C', '9S', 'QC', 'JS', '7D', 'AH', '10C']
Player 1 hand :  ['10D', 'KS', 'KD', 'JH', '8D', 'QD', '7H', '7S']
Player 2 hand :  ['JC', '10H', '8H', 'KC', 'QH', '8C', '8S', 'AC']
Player 3 hand :  ['9D', '10S', 'QS', '9C', 'KH', '9H', 'JD', 'AD']
Player 0 (auction 4 cards): ['AS', '7C', '9S', 'QC']
Player 1 (auction 4 cards): ['10D', 'KS', 'KD', 'JH']
Player 2 (auction 4 cards): ['JC', '10H', '8H', 'KC']
Player 3 (auction 4 cards): ['9D', '10S', 'QS', '9C']
Auction winner (bidder): Player 0 with bid 16
Bidder sets concealed trump suit: S
Phase: concealed, bidder concealed card: AS

Player 0 plays 7C
Player 1 plays 10D
Player 2 plays JC
Player 3 plays 9C
Player 2 won the hand: 6 points

Player 2 plays 10H
Player 3 plays KH
Player 0 plays AH
Player 1 plays JH
Player 1 won the hand: 5 points

Player 1 plays KS
Player 2 plays 8S
Player 3 plays 10S
Player 0 plays 9S
Player 0 won the hand: 3 points

Player 0 plays QC
Player 1 plays KD
Player 2 plays KC
Player 3 plays 9D
Player 2 won the hand: 2 points

Player 2 plays 8H
Player 3 plays 9H
-- Phase 2 begins: Trump revealed as S by Player 0 on trick 5 --
Player 0 plays JS
Player 1 plays 7H
Player 0 won the hand: 5 points

Player 0 plays 7D
Player 1 plays 8D
Player 2 plays QH
Player 3 plays JD
Player 3 won the hand: 3 points

Player 3 plays QS
Player 0 plays AS
Player 1 plays 7S
Player 2 plays 8C
Player 0 won the hand: 1 points

Player 0 plays 10C
Player 1 plays QD
Player 2 plays AC
Player 3 plays AD
Player 2 won the hand: 3 points

Game 45 final points: Team A=20, Team B=8
Series cumulative game score so far: Team A=-12, Team B=-4
Log saved to: c:\Users\laksh\Desktop\Projects\28bot\logs\game28\mcts_games\game_45_20250825_113025_048391.log
