
===== GAME 5 (20250820_235017_443463) =====

===== AUCTION =====
Pass (locked): Player 0 (min_allowed=16)
  bidding analysis:
    present_suits: D, C, S
    current_high=0  min_allowed=16  raise_delta=1
    overall: avg=17.00  p30=13.00  std=5.29
    suit_stats:
      S: pts=[7, 21, 13, 18, 22, 22 ...]  avg=17.00  p30=13.00  std=5.29
      D: pts=[]
      C: pts=[]
    failed_checks:
      D: p30 0.00 < 15; conf_mean 0.00 < 15
      C: p30 0.00 < 15; conf_mean 0.00 < 15
      S: p30 13.00 < 15; conf_mean 14.35 < 15
    reason: Pass: No suit meets thresholds. Best suit S has p30=13.00, conf_mean=14.35 below min_allowed=16 (current_high=0, raise_delta=+1). Failed checks for best suit: p30 13.00 < 15, conf_mean 14.35 < 15.
Pass (locked): Player 1 (min_allowed=16)
  bidding analysis:
    present_suits: D, C, S
    current_high=0  min_allowed=16  raise_delta=1
    overall: avg=14.38  p30=12.00  std=5.17
    suit_stats:
      D: pts=[12, 17, 24, 9, 13, 20 ...]  avg=14.38  p30=12.00  std=5.17
      C: pts=[]
      S: pts=[]
    failed_checks:
      D: p30 12.00 < 15; conf_mean 11.79 < 15
      C: p30 0.00 < 15; conf_mean 0.00 < 15
      S: p30 0.00 < 15; conf_mean 0.00 < 15
    reason: Pass: No suit meets thresholds. Best suit D has p30=12.00, conf_mean=11.79 below min_allowed=16 (current_high=0, raise_delta=+1). Failed checks for best suit: p30 12.00 < 15, conf_mean 11.79 < 15.
Bid: Player 2 proposes 17 (min_allowed=16)
  bidding analysis:
    present_suits: D, C
    current_high=0  min_allowed=16  raise_delta=1
    chosen_suit: C
    proposed_bid: 17
    overall: avg=18.00  p30=17.00  std=5.83
    suit_stats:
      C: pts=[17, 19, 6, 15, 28, 18 ...]  avg=18.00  p30=17.00  std=5.83
      D: pts=[]
    reason: Bid: Suit C meets thresholds (p30=17.00, conf_mean=15.08 >= min_allowed=16); conservative mapping max(p30, avg-1) -> 17. (current_high=0, raise_delta=+1)
Pass (locked): Player 3 (min_allowed=18)
  bidding analysis:
    present_suits: H, D, S
    current_high=17  min_allowed=18  raise_delta=1
    overall: avg=13.42  p30=11.00  std=5.72
    failed_checks:
      H: p30 0.00 < 17; conf_mean 0.00 < 17
      D: p30 11.00 < 17; conf_mean 10.56 < 17
    reason: Pass: No suit meets thresholds. Best suit D has p30=11.00, conf_mean=10.56 below min_allowed=18 (current_high=17, raise_delta=+1). Failed checks for best suit: p30 11.00 < 17, conf_mean 10.56 < 17.

AUCTION WINNER: Player 2 with bid 17; chooses trump D 
Details={'chosen': 'D', 'estimates': {'D': 10.0, 'C': 10.0}}
Player 0 hand :  ['KS', '9D', 'AS', 'JC', '8S', '10S', '9H', 'QC']
Player 1 hand :  ['JS', 'QD', 'KC', '7D', '7S', '9S', 'AC', 'JH']
Player 2 hand :  ['9C', '8C', '7C', 'QH', '10D', '8H', '10C']
Player 3 hand :  ['10H', '7H', 'KD', 'QS', 'KH', 'JD', '8D', 'AH']
Player 0 (auction 4 cards): ['KS', '9D', 'AS', 'JC']
Player 1 (auction 4 cards): ['JS', 'QD', 'KC', '7D']
Player 2 (auction 4 cards): ['9C', 'AD', '8C', '7C']
Player 3 (auction 4 cards): ['10H', '7H', 'KD', 'QS']
Auction winner (bidder): Player 2 with bid 17
Bidder sets concealed trump suit: D
Phase: concealed, bidder concealed card: AD

Player 0 plays KS
Player 1 plays JS
Player 2 plays 9C
Player 3 plays QS
Player 1 won the hand: 5 points

Player 1 plays QD
Player 2 plays 10D
Player 3 plays KD
Player 0 plays 9D
Player 0 won the hand: 3 points

Player 0 plays AS
Player 1 plays 7S
Player 2 plays 8C
Player 3 plays 10H
Player 0 won the hand: 2 points

Player 0 plays JC
Player 1 plays KC
Player 2 plays 7C
Player 3 plays 7H
Player 0 won the hand: 3 points

Player 0 plays 8S
Player 1 plays 9S
Player 2 plays QH
Player 3 plays KH
Player 1 won the hand: 2 points

Player 1 plays 7D
Player 2 plays 8H
Player 3 plays JD
Player 0 plays 10S
Player 3 won the hand: 4 points

Player 3 plays 8D
Player 0 plays 9H
Player 1 plays AC
Player 2 plays 10C
Player 3 won the hand: 4 points

Player 3 plays AH
Player 0 plays QC
Player 1 plays JH
Game 5 final points: Team A=8, Team B=15
Series cumulative game score so far: Team A=-2, Team B=-1
Log saved to: c:\Users\laksh\Desktop\Projects\28bot\logs\game28\mcts_games\game_5_20250820_235017_443463.log
