
===== GAME 1 (20250820_164118_938857) =====

===== AUCTION =====
Pass (locked): Player 0 (min_allowed=16)
  bidding analysis:
    present_suits: H, D, S
    current_high=0  min_allowed=16  raise_delta=1
    overall: avg=13.50  p30=9.00  std=6.80
    failed_checks:
      H: p30 0.00 < 15; conf_mean 0.00 < 15
      D: p30 0.00 < 15; conf_mean 0.00 < 15
      S: p30 9.00 < 15; conf_mean 10.10 < 15
    reason: Pass: No suit meets thresholds. Best suit S has p30=9.00, conf_mean=10.10 below min_allowed=16 (current_high=0, raise_delta=+1). Failed checks for best suit: p30 9.00 < 15, conf_mean 10.10 < 15.
Pass (locked): Player 1 (min_allowed=16)
  bidding analysis:
    present_suits: H, S
    current_high=0  min_allowed=16  raise_delta=1
    overall: avg=16.75  p30=18.00  std=6.38
    suit_stats:
      S: pts=[21, 6, 22, 18]  avg=16.75  p30=18.00  std=6.38
      H: pts=[12, 24]  avg=18.00  p30=12.00  std=6.00
    failed_checks:
      H: p30 12.00 < 15
      S: conf_mean 13.56 < 15
    reason: Pass: No suit meets thresholds. Best suit S has p30=18.00, conf_mean=13.56 below min_allowed=16 (current_high=0, raise_delta=+1). Failed checks for best suit: conf_mean 13.56 < 15.
Bid: Player 2 proposes 17 (min_allowed=16)
  bidding analysis:
    present_suits: H, D
    current_high=0  min_allowed=16  raise_delta=1
    chosen_suit: D
    proposed_bid: 17
    overall: avg=17.00  p30=17.00  std=3.94
    suit_stats:
      D: pts=[17, 11, 18, 22]  avg=17.00  p30=17.00  std=3.94
      H: pts=[]
    reason: Bid: Suit D meets thresholds (p30=17.00, conf_mean=15.03 >= min_allowed=16); conservative mapping max(p30, avg-1) -> 17. (current_high=0, raise_delta=+1)
Pass (locked): Player 3 (min_allowed=18)
  bidding analysis:
    present_suits: D, C
    current_high=17  min_allowed=18  raise_delta=1
    overall: avg=17.50  p30=14.00  std=5.72
    suit_stats:
      C: pts=[22, 10, 14, 24]  avg=17.50  p30=14.00  std=5.72
      D: pts=[]
    failed_checks:
      D: p30 0.00 < 17; conf_mean 0.00 < 17
      C: p30 14.00 < 17; conf_mean 14.64 < 17
    reason: Pass: No suit meets thresholds. Best suit C has p30=14.00, conf_mean=14.64 below min_allowed=18 (current_high=17, raise_delta=+1). Failed checks for best suit: p30 14.00 < 17, conf_mean 14.64 < 17.

AUCTION WINNER: Player 2 with bid 17; chooses trump D 
Details={'chosen': 'D', 'estimates': {'D': 18.0, 'H': 11.0}}
Player 0 hand :  ['8D', 'QD', '8S', 'AH', 'KH', 'KS', '9D', 'QC']
Player 1 hand :  ['10H', 'JS', '7H', '9S', '8C', 'QH', 'JD', '9C']
Player 2 hand :  ['10D', '9H', '7D', 'JH', '7S', 'AC', '8H']
Player 3 hand :  ['10C', '7C', 'KD', 'JC', 'KC', '10S', 'AS', 'QS']
Player 0 (auction 4 cards): ['8D', 'QD', '8S', 'AH']
Player 1 (auction 4 cards): ['10H', 'JS', '7H', '9S']
Player 2 (auction 4 cards): ['10D', 'AD', '9H', '7D']
Player 3 (auction 4 cards): ['10C', '7C', 'KD', 'JC']
Auction winner (bidder): Player 2 with bid 17
Bidder sets concealed trump suit: D
Phase: concealed, bidder concealed card: AD

Player 0 plays 8D
Player 1 plays JD
Player 2 plays 10D
Player 3 plays KD
Player 1 won the hand: 4 points

Player 1 plays 10H
Player 2 plays 9H
Player 3 plays 10C
Player 0 plays AH
Player 2 won the hand: 5 points

Player 2 plays JH
Player 3 plays 7C
Player 0 plays KH
Player 1 plays 7H
Player 2 won the hand: 3 points

Player 2 plays 7S
Player 3 plays 10S
Player 0 plays 8S
Player 1 plays JS
Player 1 won the hand: 4 points

Player 1 plays 9S
-- Phase 2 begins: Trump revealed as D by Player 2 on trick 5 --
Player 2 plays 7D
Player 3 plays AS
Player 0 plays KS
Player 2 won the hand: 3 points

Player 2 plays AC
Player 3 plays JC
Player 0 plays QC
Player 1 plays 8C
Player 3 won the hand: 4 points

Player 3 plays KC
Player 0 plays QD
Player 1 plays 9C
Player 2 plays 8H
Player 0 won the hand: 2 points

Player 0 plays 9D
Player 1 plays QH
Player 2 plays AD
Player 3 plays QS
Player 0 won the hand: 3 points

Game 1 final points: Team A=16, Team B=12
Series cumulative game score so far: Team A=-1, Team B=0
Log saved to: C:\Users\laksh\Desktop\Projects\28bot\logs\game28\mcts_games\game_1_20250820_164118_938857.log
