
===== GAME 7 (20250822_132842_372779) =====

===== AUCTION =====
Pass (locked): Player 0 (min_allowed=16)
  bidding analysis:
    present_suits: H, D, C
    current_high=0  min_allowed=16  raise_delta=1
    overall: avg=13.31  p30=9.00  std=6.22
    suit_stats:
      H: pts=[25, 16, 16, 5, 24, 15 ...]  avg=13.31  p30=9.00  std=6.22
      D: pts=[]
      C: pts=[]
    failed_checks:
      H: p30 9.00 < 15; conf_mean 10.20 < 15
      D: p30 0.00 < 15; conf_mean 0.00 < 15
      C: p30 0.00 < 15; conf_mean 0.00 < 15
    reason: Pass: No suit meets thresholds. Best suit H has p30=9.00, conf_mean=10.20 below min_allowed=16 (current_high=0, raise_delta=+1). Failed checks for best suit: p30 9.00 < 15, conf_mean 10.20 < 15.
Bid: Player 1 proposes 16 (min_allowed=16)
  bidding analysis:
    present_suits: H, S
    current_high=0  min_allowed=16  raise_delta=1
    chosen_suit: S
    proposed_bid: 16
    overall: avg=15.00  p30=15.00  std=0.00
    suit_stats:
      H: pts=[8, 20, 25, 9, 8, 13 ...]  avg=16.31  p30=13.00  std=6.52
      S: pts=[15]  avg=15.00  p30=15.00  std=0.00
    reason: Bid: Suit S meets thresholds (p30=15.00, conf_mean=15.00 >= min_allowed=16); conservative mapping max(p30, avg-1) -> 16. (current_high=0, raise_delta=+1)
Pass (locked): Player 2 (min_allowed=17)
  bidding analysis:
    present_suits: D, C
    current_high=16  min_allowed=17  raise_delta=1
    overall: avg=18.00  p30=15.00  std=6.34
    suit_stats:
      C: pts=[28, 25, 24, 15, 20, 19 ...]  avg=18.00  p30=15.00  std=6.34
      D: pts=[9]  avg=9.00  p30=9.00  std=0.00
    failed_checks:
      D: p30 9.00 < 16; conf_mean 9.00 < 16
      C: p30 15.00 < 16; conf_mean 14.83 < 16
    reason: Pass: No suit meets thresholds. Best suit C has p30=15.00, conf_mean=14.83 below min_allowed=17 (current_high=16, raise_delta=+1). Failed checks for best suit: p30 15.00 < 16, conf_mean 14.83 < 16.
Pass (locked): Player 3 (min_allowed=17)
  bidding analysis:
    present_suits: D, C, S
    current_high=16  min_allowed=17  raise_delta=1
    overall: avg=13.88  p30=11.00  std=5.24
    suit_stats:
      D: pts=[13, 14, 5, 7, 12, 21 ...]  avg=13.88  p30=11.00  std=5.24
      C: pts=[]
      S: pts=[]
    failed_checks:
      D: p30 11.00 < 16; conf_mean 11.25 < 16
      C: p30 0.00 < 16; conf_mean 0.00 < 16
      S: p30 0.00 < 16; conf_mean 0.00 < 16
    reason: Pass: No suit meets thresholds. Best suit D has p30=11.00, conf_mean=11.25 below min_allowed=17 (current_high=16, raise_delta=+1). Failed checks for best suit: p30 11.00 < 16, conf_mean 11.25 < 16.

AUCTION WINNER: Player 1 with bid 16; chooses trump S 
Details={'chosen': 'S', 'estimates': {'S': 23.0, 'H': 15.0}}
Player 0 hand :  ['QD', 'KH', '7C', '8H', '10D', 'AS', 'AC', 'QH']
Player 1 hand :  ['AH', '10S', '9H', '7H', '9D', '10C', '9C']
Player 2 hand :  ['KD', '8D', 'JC', 'KC', 'JH', 'QS', 'AD', 'KS']
Player 3 hand :  ['9S', 'JD', 'QC', '7D', '10H', '8C', '7S', '8S']
Player 0 (auction 4 cards): ['QD', 'KH', '7C', '8H']
Player 1 (auction 4 cards): ['AH', '10S', 'JS', '9H']
Player 2 (auction 4 cards): ['KD', '8D', 'JC', 'KC']
Player 3 (auction 4 cards): ['9S', 'JD', 'QC', '7D']
Auction winner (bidder): Player 1 with bid 16
Bidder sets concealed trump suit: S
Phase: concealed, bidder concealed card: JS

Player 0 plays QD
Player 1 plays 9D
Player 2 plays KD
Player 3 plays JD
Player 3 won the hand: 5 points

Player 3 plays 9S
Player 0 plays AS
Player 1 plays 10S
Player 2 plays QS
Player 3 won the hand: 4 points

Player 3 plays QC
Player 0 plays 7C
Player 1 plays 10C
Player 2 plays JC
Player 2 won the hand: 4 points

Player 2 plays 8D
Player 3 plays 7D
Player 0 plays 10D
Player 1 plays AH
Player 0 won the hand: 2 points

Player 0 plays KH
Player 1 plays 9H
Player 2 plays JH
Player 3 plays 10H
Player 2 won the hand: 6 points

Player 2 plays KC
Player 3 plays 8C
Player 0 plays AC
Player 1 plays 9C
Player 1 won the hand: 3 points

Player 1 plays 7H
Player 2 plays AD
-- Phase 2 begins: Trump revealed as S by Player 3 on trick 7 --
Player 3 plays 7S
Player 0 plays 8H
Player 3 won the hand: 1 points

Player 3 plays 8S
Player 0 plays QH
Player 1 plays JS
Player 2 plays KS
Player 1 won the hand: 3 points

Game 7 final points: Team A=12, Team B=16
Series cumulative game score so far: Team A=0, Team B=3
Log saved to: c:\Users\laksh\Desktop\Projects\28bot\logs\game28\mcts_games\game_7_20250822_132842_372779.log
