
===== GAME 23 (20250820_145340_773491) =====

===== AUCTION =====
Pass (locked): Player 0 (min_allowed=16)
  bidding analysis:
    present_suits: D, S
    current_high=0  min_allowed=16  raise_delta=1
    overall: avg=7.75  p30=6.00  std=5.31
    suit_stats:
      S: pts=[6, 11, 0, 14]  avg=7.75  p30=6.00  std=5.31
      D: pts=[0, 11]  avg=5.50  p30=0.00  std=5.50
    failed_checks:
      D: p30 0.00 < 15; conf_mean 2.75 < 15
      S: p30 6.00 < 15; conf_mean 5.10 < 15
    reason: Pass: No suit meets thresholds. Best suit S has p30=6.00, conf_mean=5.10 below min_allowed=16 (current_high=0, raise_delta=+1). Failed checks for best suit: p30 6.00 < 15, conf_mean 5.10 < 15.
Pass (locked): Player 1 (min_allowed=16)
  bidding analysis:
    present_suits: H, D, C, S
    current_high=0  min_allowed=16  raise_delta=1
    overall: avg=10.67  p30=8.00  std=5.99
    suit_stats:
      H: pts=[8, 14, 0, 0, 21, 5]  avg=8.00  p30=0.00  std=7.55
      S: pts=[0, 17, 15, 8, 8, 16]  avg=10.67  p30=8.00  std=5.99
      D: pts=[10, 9, 18, 0, 6, 12]  avg=9.17  p30=6.00  std=5.49
      C: pts=[18, 3, 9, 7, 19, 23]  avg=13.17  p30=7.00  std=7.22
    failed_checks:
      H: p30 0.00 < 15; conf_mean 4.23 < 15
      D: p30 6.00 < 15; conf_mean 6.42 < 15
      C: p30 7.00 < 15; conf_mean 9.56 < 15
      S: p30 8.00 < 15; conf_mean 7.67 < 15
    reason: Pass: No suit meets thresholds. Best suit S has p30=8.00, conf_mean=7.67 below min_allowed=16 (current_high=0, raise_delta=+1). Failed checks for best suit: p30 8.00 < 15, conf_mean 7.67 < 15.
Pass (locked): Player 2 (min_allowed=16)
  bidding analysis:
    present_suits: H, C
    current_high=0  min_allowed=16  raise_delta=1
    overall: avg=9.25  p30=8.00  std=6.76
    suit_stats:
      H: pts=[19, 0, 10, 8]  avg=9.25  p30=8.00  std=6.76
      C: pts=[0, 22]  avg=11.00  p30=0.00  std=11.00
    failed_checks:
      H: p30 8.00 < 15; conf_mean 5.87 < 15
      C: p30 0.00 < 15; conf_mean 5.50 < 15
    reason: Pass: No suit meets thresholds. Best suit H has p30=8.00, conf_mean=5.87 below min_allowed=16 (current_high=0, raise_delta=+1). Failed checks for best suit: p30 8.00 < 15, conf_mean 5.87 < 15.
Pass (locked): Player 3 (min_allowed=16)
  bidding analysis:
    present_suits: H, C
    current_high=0  min_allowed=16  raise_delta=1
    overall: avg=14.75  p30=13.00  std=9.55
    suit_stats:
      H: pts=[13, 0, 21, 25]  avg=14.75  p30=13.00  std=9.55
      C: pts=[]
    failed_checks:
      H: p30 13.00 < 15; conf_mean 9.98 < 15
      C: p30 0.00 < 15; conf_mean 0.00 < 15
    reason: Pass: No suit meets thresholds. Best suit H has p30=13.00, conf_mean=9.98 below min_allowed=16 (current_high=0, raise_delta=+1). Failed checks for best suit: p30 13.00 < 15, conf_mean 9.98 < 15.
Forced bid: All players passed. Player 0 takes minimum bid 16.

AUCTION WINNER: Player 0 with bid 16; chooses trump D 
Details={'chosen': 'D', 'estimates': {'D': 16.0, 'S': 12.0}}
Player 0 hand :  ['10D', '7S', 'KS', 'KC', 'QC', 'JD', '10S']
Player 1 hand :  ['9S', '10C', 'AD', '9H', 'KD', 'QS', 'AS', '7D']
Player 2 hand :  ['10H', 'AC', '8C', 'QH', 'JS', 'JC', '8S', 'KH']
Player 3 hand :  ['JH', 'AH', '9C', '8H', '8D', '9D', '7H', '7C']
Player 0 (auction 4 cards): ['10D', '7S', 'QD', 'KS']
Player 1 (auction 4 cards): ['9S', '10C', 'AD', '9H']
Player 2 (auction 4 cards): ['10H', 'AC', '8C', 'QH']
Player 3 (auction 4 cards): ['JH', 'AH', '9C', '8H']
Auction winner (bidder): Player 0 with bid 16
Bidder sets concealed trump suit: D
Phase: concealed, bidder concealed card: QD

Player 0 plays 7S
Player 1 plays 9S
Player 2 plays JS
Player 3 plays JH
Player 2 won the hand: 8 points

Player 2 plays 10H
Player 3 plays AH
-- Phase 2 begins: Trump revealed as D by Player 0 on trick 2 --
Player 0 plays 10D
Player 1 plays 9H
Player 0 won the hand: 5 points

Player 0 plays KS
Player 1 plays QS
Player 2 plays 8S
Player 3 plays 9C
Player 0 won the hand: 2 points

Player 0 plays KC
Player 1 plays 10C
Player 2 plays AC
Player 3 plays 7C
Player 2 won the hand: 2 points

Player 2 plays 8C
Player 3 plays 8H
Player 0 plays QC
Player 1 plays AD
Player 1 won the hand: 1 points

Player 1 plays KD
Player 2 plays QH
Player 3 plays 8D
Player 0 plays JD
Player 0 won the hand: 3 points

Player 0 plays 10S
Player 1 plays AS
Player 2 plays JC
Player 3 plays 9D
Player 3 won the hand: 7 points

Player 3 plays 7H
Player 0 plays QD
Player 1 plays 7D
Player 2 plays KH
Player 0 won the hand: 0 points

Game 23 final points: Team A=20, Team B=8
Series cumulative game score so far: Team A=0, Team B=-1
Log saved to: c:\Users\laksh\Desktop\Projects\28bot\logs\game28\mcts_games\game_23_20250820_145340_773491.log
