
===== GAME 73 (20250825_152828_071667) =====

===== AUCTION =====
Pass (locked): Player 0 (min_allowed=16)
  bidding analysis:
    present_suits: H, D, C
    current_high=0  min_allowed=16  raise_delta=1
    overall: avg=0.00  p30=0.00  std=0.00
    failed_checks:
      H: p30 0.00 < 15; conf_mean 0.00 < 15
      C: p30 0.00 < 15; conf_mean 0.00 < 15
    reason: Pass: No suit meets thresholds. Best suit H has p30=0.00, conf_mean=0.00 below min_allowed=16 (current_high=0, raise_delta=+1). Failed checks for best suit: p30 0.00 < 15, conf_mean 0.00 < 15.
Pass (locked): Player 1 (min_allowed=16)
  bidding analysis:
    present_suits: D, C, S
    current_high=0  min_allowed=16  raise_delta=1
    overall: avg=13.25  p30=9.00  std=7.40
    failed_checks:
      D: p30 9.00 < 15; conf_mean 9.55 < 15
      C: p30 0.00 < 15; conf_mean 0.00 < 15
    reason: Pass: No suit meets thresholds. Best suit D has p30=9.00, conf_mean=9.55 below min_allowed=16 (current_high=0, raise_delta=+1). Failed checks for best suit: p30 9.00 < 15, conf_mean 9.55 < 15.
Pass (locked): Player 2 (min_allowed=16)
  bidding analysis:
    present_suits: H, D, S
    current_high=0  min_allowed=16  raise_delta=1
    overall: avg=15.75  p30=15.00  std=2.86
    failed_checks:
      H: p30 0.00 < 15; conf_mean 0.00 < 15
      D: p30 0.00 < 15; conf_mean 0.00 < 15
      S: conf_mean 14.32 < 15
    reason: Pass: No suit meets thresholds. Best suit S has p30=15.00, conf_mean=14.32 below min_allowed=16 (current_high=0, raise_delta=+1). Failed checks for best suit: conf_mean 14.32 < 15.
Pass (locked): Player 3 (min_allowed=16)
  bidding analysis:
    present_suits: H, D, C
    current_high=0  min_allowed=16  raise_delta=1
    overall: avg=14.56  p30=12.00  std=4.51
    failed_checks:
      H: p30 0.00 < 15; conf_mean 0.00 < 15
      D: p30 0.00 < 15; conf_mean 0.00 < 15
      C: p30 12.00 < 15; conf_mean 12.31 < 15
    reason: Pass: No suit meets thresholds. Best suit C has p30=12.00, conf_mean=12.31 below min_allowed=16 (current_high=0, raise_delta=+1). Failed checks for best suit: p30 12.00 < 15, conf_mean 12.31 < 15.
Forced bid: All players passed. Player 0 takes minimum bid 16.

AUCTION WINNER: Player 0 with bid 16; chooses trump D 
Details={'chosen': 'D', 'estimates': {'H': 0.0, 'C': 0.0, 'D': 17.166666666666668}}
Player 0 hand :  ['10C', '7H', '10H', 'KD', '8H', '9S', '7S']
Player 1 hand :  ['7C', '8S', 'QD', 'QS', 'KC', '10S', 'JH', 'AS']
Player 2 hand :  ['8D', '10D', 'AH', 'JS', '8C', 'KS', '7D', '9H']
Player 3 hand :  ['QH', 'JD', 'QC', '9C', '9D', 'JC', 'KH', 'AC']
Player 0 (auction 4 cards): ['10C', 'AD', '7H', '10H']
Player 1 (auction 4 cards): ['7C', '8S', 'QD', 'QS']
Player 2 (auction 4 cards): ['8D', '10D', 'AH', 'JS']
Player 3 (auction 4 cards): ['QH', 'JD', 'QC', '9C']
Auction winner (bidder): Player 0 with bid 16
Bidder sets concealed trump suit: D
Phase: concealed, bidder concealed card: AD

Player 0 plays 10C
Player 1 plays 7C
Player 2 plays 8C
Player 3 plays QC
Player 0 won the hand: 1 points

Player 0 plays 7H
Player 1 plays JH
Player 2 plays AH
Player 3 plays QH
Player 1 won the hand: 4 points

Player 1 plays 8S
Player 2 plays JS
-- Phase 2 begins: Trump revealed as D by Player 3 on trick 3 --
Player 3 plays JD
Player 0 plays 9S
Player 3 won the hand: 8 points

Player 3 plays 9C
Player 0 plays 10H
Player 1 plays KC
Player 2 plays 8D
Player 2 won the hand: 3 points

Player 2 plays 10D
Player 3 plays 9D
Player 0 plays KD
Player 1 plays QD
Player 3 won the hand: 3 points

Player 3 plays JC
Player 0 plays 8H
Player 1 plays QS
Player 2 plays KS
Player 3 won the hand: 3 points

Player 3 plays KH
Player 0 plays 7S
Player 1 plays 10S
Player 2 plays 9H
Player 2 won the hand: 3 points

Player 2 plays 7D
Player 3 plays AC
Player 0 plays AD
Player 1 plays AS
Player 0 won the hand: 3 points

Game 73 final points: Team A=10, Team B=18
Series cumulative game score so far: Team A=-15, Team B=-6
Log saved to: c:\Users\laksh\Desktop\Projects\28bot\logs\game28\mcts_games\game_73_20250825_152828_071667.log
