
===== GAME 1 (20250819_122242_733144) =====
Pass: Player 0 (min_allowed=16) – analysis={'present_suits': ['H', 'D', 'S'], 'suit_to_points': {'H': [0, 17, 10, 11], 'D': [0, 0, 19, 21], 'S': [9, 18, 9, 13]}, 'chosen_suit': 'S', 'avg_points': 12.25, 'p30_points': 9, 'proposed': None, 'current_high': 0}
Pass: Player 1 (min_allowed=16) – analysis={'present_suits': ['H', 'D', 'C'], 'suit_to_points': {'H': [21, 10, 13, 0], 'D': [14, 14, 0, 0], 'C': [19, 15, 13, 12]}, 'chosen_suit': 'C', 'avg_points': 14.75, 'p30_points': 12, 'proposed': None, 'current_high': 0}
Bid: Player 2 proposes 20 (min_allowed=16) – suit_scores={'H': [11, 12, 16, 22], 'C': [25, 20, 14, 18], 'S': [13, 15, 2, 9]} chosen=C p30=14 avg=19.25
Bid: Player 3 proposes 22 (min_allowed=21) – suit_scores={'H': [14, 1, 13, 0], 'D': [28, 17, 18, 22]} chosen=D p30=17 avg=21.25
Pass: Player 0 (min_allowed=23) – analysis={'present_suits': ['H', 'D', 'S'], 'suit_to_points': {'H': [9, 10, 14, 15], 'D': [16, 14, 12, 22], 'S': [12, 16, 17, 19]}, 'chosen_suit': 'D', 'avg_points': 16.0, 'p30_points': 12, 'proposed': None, 'current_high': 22}
Pass: Player 1 (min_allowed=23) – analysis={'present_suits': ['H', 'D', 'C'], 'suit_to_points': {'H': [0, 20, 24, 0], 'D': [0, 0, 0, 0], 'C': [15, 17, 18, 13]}, 'chosen_suit': 'C', 'avg_points': 15.75, 'p30_points': 13, 'proposed': None, 'current_high': 22}
Pass: Player 2 (min_allowed=23) – analysis={'present_suits': ['H', 'C', 'S'], 'suit_to_points': {'H': [18, 11, 10, 17], 'C': [0, 16, 21, 21], 'S': [11, 16, 8, 10]}, 'chosen_suit': 'C', 'avg_points': 14.5, 'p30_points': 0, 'proposed': None, 'current_high': 22}
Auction winner: Player 3 with bid 22; chooses trump D – details={'chosen': 'D', 'estimates': {'H': 3, 'D': 11}}
Player 0 hand :  ['JD', '10S', 'KS', '8H', '9H', 'JS', 'AS', 'QC']
Player 1 hand :  ['10H', 'AD', '8C', '7H', '9D', '8D', 'AC', 'QS']
Player 2 hand :  ['10C', '9C', 'QH', '8S', 'AH', '7S', '9S', 'QD']
Player 3 hand :  ['7D', 'KD', 'KH', '7C', 'KC', 'JH', 'JC']
Player 0 (auction 4 cards): ['JD', '10S', 'KS', '8H']
Player 1 (auction 4 cards): ['10H', 'AD', '8C', '7H']
Player 2 (auction 4 cards): ['10C', '9C', 'QH', '8S']
Player 3 (auction 4 cards): ['7D', 'KD', 'KH', '10D']
Auction winner (bidder): Player 3 with bid 22
Bidder sets concealed trump suit: D
Phase: concealed, bidder concealed card: 10D

Player 0 plays 10S
Player 1 plays QS
Player 2 plays 8S
Player 3 plays JC
Player 0 won the hand: 4 points

Player 0 plays KS
Player 1 plays 8C
Player 2 plays 7S
-- Phase 2 begins: Trump revealed as D by Player 3 on trick 2 --
Player 3 plays 7D
Player 3 won the hand: 0 points

Player 3 plays JH
Player 0 plays 8H
Player 1 plays 7H
Player 2 plays QH
Player 3 won the hand: 3 points

Player 3 plays 7C
Player 0 plays QC
Player 1 plays AC
Player 2 plays 9C
Player 2 won the hand: 3 points

Player 2 plays 10C
Player 3 plays KC
Player 0 plays JS
Player 1 plays 10H
Player 2 won the hand: 5 points

Player 2 plays AH
Player 3 plays KH
Player 0 plays 9H
Player 1 plays AD
Player 1 won the hand: 4 points

Player 1 plays 9D
Player 2 plays QD
Player 3 plays KD
Player 0 plays JD
Player 0 won the hand: 5 points

Player 0 plays AS
Player 1 plays 8D
Player 2 plays 9S
Player 3 plays 10D
Player 3 won the hand: 4 points

Game 1 final points: Team A=17, Team B=11
Series cumulative game score so far: Team A=0, Team B=-1
Log saved to: c:\Users\laksh\Desktop\Projects\28bot\logs\game28\mcts_games\game_1_20250819_122242_733144.log
