
===== GAME 2 (20250820_194920_678342) =====

===== AUCTION =====
Bid: Player 0 proposes 18 (min_allowed=16)
  bidding analysis:
    present_suits: H, D, C
    current_high=0  min_allowed=16  raise_delta=1
    chosen_suit: C
    proposed_bid: 18
    overall: avg=19.75  p30=18.00  std=3.49
    suit_stats:
      C: pts=[15, 24, 22, 18]  avg=19.75  p30=18.00  std=3.49
      H: pts=[]
      D: pts=[]
    reason: Bid: Suit C meets thresholds (p30=18.00, conf_mean=18.00 >= min_allowed=16); conservative mapping max(p30, avg-1) -> 18. (current_high=0, raise_delta=+1)
Pass (locked): Player 1 (min_allowed=19)
  bidding analysis:
    present_suits: H, D, S
    current_high=18  min_allowed=19  raise_delta=1
    overall: avg=15.50  p30=14.00  std=7.40
    suit_stats:
      D: pts=[22, 4, 14, 22]  avg=15.50  p30=14.00  std=7.40
      H: pts=[]
      S: pts=[]
    failed_checks:
      H: p30 0.00 < 18; conf_mean 0.00 < 18
      D: p30 14.00 < 18; conf_mean 11.80 < 18
      S: p30 0.00 < 18; conf_mean 0.00 < 18
    reason: Pass: No suit meets thresholds. Best suit D has p30=14.00, conf_mean=11.80 below min_allowed=19 (current_high=18, raise_delta=+1). Failed checks for best suit: p30 14.00 < 18, conf_mean 11.80 < 18.
Pass (locked): Player 2 (min_allowed=19)
  bidding analysis:
    present_suits: C, S
    current_high=18  min_allowed=19  raise_delta=1
    overall: avg=8.00  p30=5.00  std=3.00
    suit_stats:
      C: pts=[0, 9, 4, 10]  avg=5.75  p30=4.00  std=4.02
      S: pts=[5, 11]  avg=8.00  p30=5.00  std=3.00
    failed_checks:
      C: p30 4.00 < 18; conf_mean 3.74 < 18
      S: p30 5.00 < 18; conf_mean 6.50 < 18
    reason: Pass: No suit meets thresholds. Best suit S has p30=5.00, conf_mean=6.50 below min_allowed=19 (current_high=18, raise_delta=+1). Failed checks for best suit: p30 5.00 < 18, conf_mean 6.50 < 18.
Pass (locked): Player 3 (min_allowed=19)
  bidding analysis:
    present_suits: H, C, S
    current_high=18  min_allowed=19  raise_delta=1
    overall: avg=14.17  p30=5.00  std=9.12
    failed_checks:
      H: p30 5.00 < 18; conf_mean 9.61 < 18
      C: p30 5.00 < 18; conf_mean 5.94 < 18
    reason: Pass: No suit meets thresholds. Best suit H has p30=5.00, conf_mean=9.61 below min_allowed=19 (current_high=18, raise_delta=+1). Failed checks for best suit: p30 5.00 < 18, conf_mean 9.61 < 18.

AUCTION WINNER: Player 0 with bid 18; chooses trump C 
Details={'chosen': 'C', 'estimates': {'C': 15.333333333333334, 'D': 12.666666666666666, 'H': 12.333333333333334}}
Player 0 hand :  ['7H', 'QC', '7D', '8S', 'JD', '10H', '9C']
Player 1 hand :  ['AD', 'AH', 'QD', 'AS', '8D', 'JC', 'JH', '8H']
Player 2 hand :  ['KS', '10C', '9S', 'KC', 'QS', 'KH', '8C', '9D']
Player 3 hand :  ['9H', 'QH', '7C', '7S', 'JS', '10S', 'KD', '10D']
Player 0 (auction 4 cards): ['7H', 'AC', 'QC', '7D']
Player 1 (auction 4 cards): ['AD', 'AH', 'QD', 'AS']
Player 2 (auction 4 cards): ['KS', '10C', '9S', 'KC']
Player 3 (auction 4 cards): ['9H', 'QH', '7C', '7S']
Auction winner (bidder): Player 0 with bid 18
Bidder sets concealed trump suit: C
Phase: concealed, bidder concealed card: AC

Player 0 plays 7H
Player 1 plays AH
Player 2 plays KH
Player 3 plays 9H
Player 3 won the hand: 3 points

Player 3 plays QH
Player 0 plays 10H
Player 1 plays JH
Player 2 plays KS
Player 1 won the hand: 4 points

Player 1 plays AD
Player 2 plays 9D
Player 3 plays KD
Player 0 plays 7D
Player 2 won the hand: 3 points

Player 2 plays 10C
Player 3 plays 7C
Player 0 plays QC
Player 1 plays JC
Player 1 won the hand: 4 points

Player 1 plays QD
Player 2 plays 9S
Player 3 plays 10D
Player 0 plays JD
Player 0 won the hand: 6 points

Player 0 plays 8S
Player 1 plays AS
Player 2 plays QS
Player 3 plays 7S
Player 1 won the hand: 1 points

Player 1 plays 8D
-- Phase 2 begins: Trump revealed as C by Player 2 on trick 7 --
Player 2 plays KC
Player 3 plays JS
Player 0 plays 9C
Player 0 won the hand: 5 points

Player 0 plays AC
Player 1 plays 8H
Player 2 plays 8C
Player 3 plays 10S
Player 0 won the hand: 2 points

Game 2 final points: Team A=16, Team B=12
Series cumulative game score so far: Team A=0, Team B=0
Log saved to: c:\Users\laksh\Desktop\Projects\28bot\logs\game28\mcts_games\game_2_20250820_194920_678342.log
