
===== GAME 22 (20250821_110609_566460) =====

===== AUCTION =====
Bid: Player 0 proposes 16 (min_allowed=16)
  bidding analysis:
    present_suits: H, D, C, S
    current_high=0  min_allowed=16  raise_delta=1
    chosen_suit: D
    proposed_bid: 16
    overall: avg=16.00  p30=16.00  std=0.00
    reason: Bid (precomputed): Suit D meets thresholds (p30=16.00, conf_mean=16.00 >= min_allowed=16); conservative mapping max(p30, avg-1) -> 16. (current_high=0, raise_delta=+1)
Pass (locked): Player 1 (min_allowed=17)
  bidding analysis:
    present_suits: H, C, S
    current_high=16  min_allowed=17  raise_delta=1
    overall: avg=0.00  p30=0.00  std=0.00
    failed_checks:
      C: p30 0.00 < 16; conf_mean 0.00 < 16
      S: p30 0.00 < 16; conf_mean 0.00 < 16
    reason: Pass: No suit meets thresholds. Best suit H has p30=0.00, conf_mean=0.00 below min_allowed=17 (current_high=16, raise_delta=+1). Failed checks for best suit: n/a.
Bid: Player 2 proposes 20 (min_allowed=17)
  bidding analysis:
    present_suits: H, D, C, S
    current_high=16  min_allowed=17  raise_delta=1
    chosen_suit: S
    proposed_bid: 20
    overall: avg=20.00  p30=20.00  std=0.00
    reason: Bid (precomputed): Suit S meets thresholds (p30=20.00, conf_mean=20.00 >= min_allowed=17); conservative mapping max(p30, avg-1) -> 20. (current_high=16, raise_delta=+1)
Pass (locked): Player 3 (min_allowed=21)
  bidding analysis:
    present_suits: H, D, C, S
    current_high=20  min_allowed=21  raise_delta=1
    overall: avg=18.00  p30=18.00  std=0.00
    failed_checks:
      H: p30 13.00 < 20; conf_mean 13.00 < 20
      D: p30 16.00 < 20; conf_mean 16.00 < 20
      C: p30 18.00 < 20; conf_mean 18.00 < 20
      S: p30 11.00 < 20; conf_mean 11.00 < 20
    reason: Pass: No suit meets thresholds. Best suit C has p30=18.00, conf_mean=18.00 below min_allowed=21 (current_high=20, raise_delta=+1). Failed checks for best suit: p30 18.00 < 20, conf_mean 18.00 < 20.
Pass (locked): Player 0 (min_allowed=21)
  bidding analysis:
    present_suits: H, D, C, S
    current_high=20  min_allowed=21  raise_delta=1
    overall: avg=16.00  p30=16.00  std=0.00
    failed_checks:
      H: p30 3.00 < 20; conf_mean 3.00 < 20
      D: p30 16.00 < 20; conf_mean 16.00 < 20
      C: p30 10.00 < 20; conf_mean 10.00 < 20
      S: p30 6.00 < 20; conf_mean 6.00 < 20
    reason: Pass: No suit meets thresholds. Best suit D has p30=16.00, conf_mean=16.00 below min_allowed=21 (current_high=20, raise_delta=+1). Failed checks for best suit: p30 16.00 < 20, conf_mean 16.00 < 20.

AUCTION WINNER: Player 2 with bid 20; chooses trump S 
Details={'chosen': 'S', 'estimates': {'H': 5.0, 'D': 19.0, 'C': 15.0, 'S': 20.0}}
Player 0 hand :  ['JH', 'KS', 'AC', '10D', '9C', 'KD', '10H', '8D']
Player 1 hand :  ['QH', '9S', 'JC', '9H', '7H', '10C', 'QD', '8S']
Player 2 hand :  ['AH', '9D', 'QC', 'AS', '7D', '8H', '7C']
Player 3 hand :  ['AD', '7S', 'KH', '8C', 'KC', 'JD', 'JS', '10S']
Player 0 (auction 4 cards): ['JH', 'KS', 'AC', '10D']
Player 1 (auction 4 cards): ['QH', '9S', 'JC', '9H']
Player 2 (auction 4 cards): ['AH', '9D', 'QS', 'QC']
Player 3 (auction 4 cards): ['AD', '7S', 'KH', '8C']
Auction winner (bidder): Player 2 with bid 20
Bidder sets concealed trump suit: S
Phase: concealed, bidder concealed card: QS

Player 0 plays JH
Player 1 plays QH
Player 2 plays AH
Player 3 plays KH
Player 0 won the hand: 4 points

Player 0 plays KS
Player 1 plays 9S
Player 2 plays AS
Player 3 plays 7S
Player 1 won the hand: 3 points

Player 1 plays JC
Player 2 plays QC
Player 3 plays 8C
Player 0 plays AC
Player 1 won the hand: 4 points

Player 1 plays 9H
Player 2 plays 8H
Player 3 plays AD
Player 0 plays 10H
Player 1 won the hand: 4 points

Player 1 plays 7H
Player 2 plays 9D
Player 3 plays KC
Player 0 plays 10D
Player 1 won the hand: 3 points

Player 1 plays 10C
Player 2 plays 7C
Player 3 plays JD
Player 0 plays 9C
Player 0 won the hand: 6 points

Player 0 plays KD
Player 1 plays QD
Player 2 plays 7D
-- Phase 2 begins: Trump revealed as S by Player 3 on trick 7 --
Player 3 plays JS
Player 3 won the hand: 3 points

Player 3 plays 10S
Player 0 plays 8D
Player 1 plays 8S
Player 2 plays QS
Player 3 won the hand: 1 points

Game 22 final points: Team A=10, Team B=18
Series cumulative game score so far: Team A=-9, Team B=-4
Log saved to: C:\Users\laksh\Desktop\Projects\28bot\logs\game28\mcts_games\game_22_20250821_110609_566460.log
