
===== GAME 14 (20250822_001435_563761) =====

===== AUCTION =====
Pass (locked): Player 0 (min_allowed=16)
  bidding analysis:
    present_suits: H, C, S
    current_high=0  min_allowed=16  raise_delta=1
    overall: avg=18.00  p30=13.00  std=6.18
    suit_stats:
      S: pts=[23, 11, 15, 23, 21, 13 ...]  avg=18.00  p30=13.00  std=6.18
      H: pts=[]
      C: pts=[]
    failed_checks:
      H: p30 0.00 < 15; conf_mean 0.00 < 15
      C: p30 0.00 < 15; conf_mean 0.00 < 15
      S: p30 13.00 < 15; conf_mean 14.91 < 15
    reason: Pass: No suit meets thresholds. Best suit S has p30=13.00, conf_mean=14.91 below min_allowed=16 (current_high=0, raise_delta=+1). Failed checks for best suit: p30 13.00 < 15, conf_mean 14.91 < 15.
Pass (locked): Player 1 (min_allowed=16)
  bidding analysis:
    present_suits: H, D, C
    current_high=0  min_allowed=16  raise_delta=1
    overall: avg=14.25  p30=12.00  std=4.58
    suit_stats:
      H: pts=[10, 20, 15, 13, 12, 9 ...]  avg=14.25  p30=12.00  std=4.58
      D: pts=[]
      C: pts=[]
    failed_checks:
      H: p30 12.00 < 15; conf_mean 11.96 < 15
      D: p30 0.00 < 15; conf_mean 0.00 < 15
      C: p30 0.00 < 15; conf_mean 0.00 < 15
    reason: Pass: No suit meets thresholds. Best suit H has p30=12.00, conf_mean=11.96 below min_allowed=16 (current_high=0, raise_delta=+1). Failed checks for best suit: p30 12.00 < 15, conf_mean 11.96 < 15.
Pass (locked): Player 2 (min_allowed=16)
  bidding analysis:
    present_suits: H, C, S
    current_high=0  min_allowed=16  raise_delta=1
    overall: avg=0.00  p30=0.00  std=0.00
    failed_checks:
      C: p30 0.00 < 15; conf_mean 0.00 < 15
      S: p30 0.00 < 15; conf_mean 0.00 < 15
    reason: Pass: No suit meets thresholds. Best suit H has p30=0.00, conf_mean=0.00 below min_allowed=16 (current_high=0, raise_delta=+1). Failed checks for best suit: n/a.
Bid: Player 3 proposes 21 (min_allowed=16)
  bidding analysis:
    present_suits: H, D, C, S
    current_high=0  min_allowed=16  raise_delta=1
    chosen_suit: S
    proposed_bid: 21
    overall: avg=21.00  p30=21.00  std=0.00
    suit_stats:
      D: pts=[10]  avg=10.00  p30=10.00  std=0.00
      S: pts=[21]  avg=21.00  p30=21.00  std=0.00
      H: pts=[20]  avg=20.00  p30=20.00  std=0.00
      C: pts=[8]  avg=8.00  p30=8.00  std=0.00
    reason: Bid: Suit S meets thresholds (p30=21.00, conf_mean=21.00 >= min_allowed=16); conservative mapping max(p30, avg-1) -> 21. (current_high=0, raise_delta=+1)

AUCTION WINNER: Player 3 with bid 21; chooses trump S 
Details={'chosen': 'S', 'estimates': {'H': 11.0, 'C': 9.0, 'S': 19.0, 'D': 9.0}}
Player 0 hand :  ['JH', 'KS', '9S', '10C', 'QD', '9C', 'JD', '7H']
Player 1 hand :  ['AC', '9D', 'KH', '9H', '7S', 'KD', '7D', 'AH']
Player 2 hand :  ['7C', 'AS', '8H', '10H', 'QC', 'QS', '8C', 'JC']
Player 3 hand :  ['QH', '8D', 'KC', 'JS', '10S', '10D', 'AD']
Player 0 (auction 4 cards): ['JH', 'KS', '9S', '10C']
Player 1 (auction 4 cards): ['AC', '9D', 'KH', '9H']
Player 2 (auction 4 cards): ['7C', 'AS', '8H', '10H']
Player 3 (auction 4 cards): ['QH', '8S', '8D', 'KC']
Auction winner (bidder): Player 3 with bid 21
Bidder sets concealed trump suit: S
Phase: concealed, bidder concealed card: 8S

Player 0 plays JH
Player 1 plays KH
Player 2 plays 8H
Player 3 plays QH
Player 0 won the hand: 3 points

Player 0 plays KS
Player 1 plays 7S
Player 2 plays AS
Player 3 plays JS
Player 3 won the hand: 4 points

Player 3 plays 8D
Player 0 plays QD
Player 1 plays 9D
Player 2 plays 7C
Player 1 won the hand: 2 points

Player 1 plays AC
Player 2 plays QC
Player 3 plays KC
Player 0 plays 10C
Player 1 won the hand: 2 points

Player 1 plays 9H
Player 2 plays 10H
-- Phase 2 begins: Trump revealed as S by Player 3 on trick 5 --
Player 3 plays 10S
Player 0 plays 7H
Player 3 won the hand: 4 points

Player 3 plays 10D
Player 0 plays JD
Player 1 plays KD
Player 2 plays QS
Player 2 won the hand: 4 points

Player 2 plays 8C
Player 3 plays AD
Player 0 plays 9C
Player 1 plays 7D
Player 0 won the hand: 3 points

Player 0 plays 9S
Player 1 plays AH
Player 2 plays JC
Player 3 plays 8S
Player 0 won the hand: 6 points

Game 14 final points: Team A=16, Team B=12
Series cumulative game score so far: Team A=2, Team B=-5
Log saved to: c:\Users\laksh\Desktop\Projects\28bot\logs\game28\mcts_games\game_14_20250822_001435_563761.log
