
===== GAME 11 (20250823_175145_293312) =====

===== AUCTION =====
Pass (locked): Player 0 (min_allowed=16)
  bidding analysis:
    present_suits: H, D
    current_high=0  min_allowed=16  raise_delta=1
    overall: avg=0.00  p30=0.00  std=0.00
    failed_checks:
      D: p30 0.00 < 15; conf_mean 0.00 < 15
    reason: Pass: No suit meets thresholds. Best suit H has p30=0.00, conf_mean=0.00 below min_allowed=16 (current_high=0, raise_delta=+1). Failed checks for best suit: n/a.
Pass (locked): Player 1 (min_allowed=16)
  bidding analysis:
    present_suits: H, D, C
    current_high=0  min_allowed=16  raise_delta=1
    overall: avg=10.33  p30=7.00  std=5.22
    failed_checks:
      H: p30 0.00 < 15; conf_mean 1.00 < 15
      D: p30 0.00 < 15; conf_mean 2.20 < 15
      C: p30 7.00 < 15; conf_mean 7.72 < 15
    reason: Pass: No suit meets thresholds. Best suit C has p30=7.00, conf_mean=7.72 below min_allowed=16 (current_high=0, raise_delta=+1). Failed checks for best suit: p30 7.00 < 15, conf_mean 7.72 < 15.
Pass (locked): Player 2 (min_allowed=16)
  bidding analysis:
    present_suits: C, S
    current_high=0  min_allowed=16  raise_delta=1
    overall: avg=0.00  p30=0.00  std=0.00
    failed_checks:
      S: p30 0.00 < 15; conf_mean 0.00 < 15
    reason: Pass: No suit meets thresholds. Best suit C has p30=0.00, conf_mean=0.00 below min_allowed=16 (current_high=0, raise_delta=+1). Failed checks for best suit: n/a.
Pass (locked): Player 3 (min_allowed=16)
  bidding analysis:
    present_suits: H, C, S
    current_high=0  min_allowed=16  raise_delta=1
    overall: avg=13.75  p30=13.00  std=5.52
    failed_checks:
      C: p30 0.00 < 15; conf_mean 0.00 < 15
      S: p30 13.00 < 15; conf_mean 10.99 < 15
    reason: Pass: No suit meets thresholds. Best suit S has p30=13.00, conf_mean=10.99 below min_allowed=16 (current_high=0, raise_delta=+1). Failed checks for best suit: p30 13.00 < 15, conf_mean 10.99 < 15.
Forced bid: All players passed. Player 0 takes minimum bid 16.

AUCTION WINNER: Player 0 with bid 16; chooses trump H 
Details={'chosen': 'H', 'estimates': {'D': 0.0, 'H': 20.0}}
Player 0 hand :  ['JD', '10D', '9D', '9S', 'AC', 'AD', 'QH']
Player 1 hand :  ['7D', '7H', '10C', '7C', '8H', 'JS', 'KD', 'QD']
Player 2 hand :  ['9C', '7S', 'QS', 'KS', 'KH', 'AS', 'AH', '8D']
Player 3 hand :  ['9H', '8C', '8S', '10S', 'QC', '10H', 'JC', 'KC']
Player 0 (auction 4 cards): ['JD', '10D', '9D', 'JH']
Player 1 (auction 4 cards): ['7D', '7H', '10C', '7C']
Player 2 (auction 4 cards): ['9C', '7S', 'QS', 'KS']
Player 3 (auction 4 cards): ['9H', '8C', '8S', '10S']
Auction winner (bidder): Player 0 with bid 16
Bidder sets concealed trump suit: H
Phase: concealed, bidder concealed card: JH

Player 0 plays JD
Player 1 plays 7D
Player 2 plays 8D
-- Phase 2 begins: Trump revealed as H by Player 3 on trick 1 --
Player 3 plays 9H
Player 3 won the hand: 5 points

Player 3 plays 8C
Player 0 plays AC
Player 1 plays 10C
Player 2 plays 9C
Player 2 won the hand: 4 points

Player 2 plays 7S
Player 3 plays 8S
Player 0 plays 9S
Player 1 plays JS
Player 1 won the hand: 5 points

Player 1 plays 7H
Player 2 plays KH
Player 3 plays 10H
Player 0 plays QH
Player 3 won the hand: 1 points

Player 3 plays 10S
Player 0 plays 10D
Player 1 plays 7C
Player 2 plays QS
Player 3 won the hand: 2 points

Player 3 plays QC
Player 0 plays 9D
Player 1 plays 8H
Player 2 plays KS
Player 1 won the hand: 2 points

Player 1 plays KD
Player 2 plays AS
Player 3 plays JC
Player 0 plays AD
Player 0 won the hand: 5 points

Player 0 plays JH
Player 1 plays QD
Player 2 plays AH
Player 3 plays KC
Player 0 won the hand: 4 points

Game 11 final points: Team A=13, Team B=15
Series cumulative game score so far: Team A=-3, Team B=1
Log saved to: c:\Users\laksh\Desktop\Projects\28bot\logs\game28\mcts_games\game_11_20250823_175145_293312.log
