
===== GAME 57 (20250822_150319_186838) =====

===== AUCTION =====
Pass (locked): Player 0 (min_allowed=16)
  bidding analysis:
    present_suits: D, C, S
    current_high=0  min_allowed=16  raise_delta=1
    overall: avg=0.00  p30=0.00  std=0.00
    failed_checks:
      D: p30 0.00 < 15; conf_mean 0.00 < 15
      C: p30 0.00 < 15; conf_mean 0.00 < 15
    reason: Pass: No suit meets thresholds. Best suit D has p30=0.00, conf_mean=0.00 below min_allowed=16 (current_high=0, raise_delta=+1). Failed checks for best suit: p30 0.00 < 15, conf_mean 0.00 < 15.
Bid: Player 1 proposes 17 (min_allowed=16)
  bidding analysis:
    present_suits: D, S
    current_high=0  min_allowed=16  raise_delta=1
    chosen_suit: S
    proposed_bid: 17
    overall: avg=18.25  p30=17.00  std=3.36
    suit_stats:
      S: pts=[16, 24, 12, 19, 16, 20 ...]  avg=18.25  p30=17.00  std=3.36
      D: pts=[13]  avg=13.00  p30=13.00  std=0.00
    reason: Bid: Suit S meets thresholds (p30=17.00, conf_mean=16.57 >= min_allowed=16); conservative mapping max(p30, avg-1) -> 17. (current_high=0, raise_delta=+1)
Pass (locked): Player 2 (min_allowed=18)
  bidding analysis:
    present_suits: H, D, S
    current_high=17  min_allowed=18  raise_delta=1
    overall: avg=14.38  p30=12.00  std=5.99
    suit_stats:
      H: pts=[17, 12, 13, 12, 22, 2 ...]  avg=14.38  p30=12.00  std=5.99
      D: pts=[]
      S: pts=[]
    failed_checks:
      H: p30 12.00 < 17; conf_mean 11.38 < 17
      D: p30 0.00 < 17; conf_mean 0.00 < 17
      S: p30 0.00 < 17; conf_mean 0.00 < 17
    reason: Pass: No suit meets thresholds. Best suit H has p30=12.00, conf_mean=11.38 below min_allowed=18 (current_high=17, raise_delta=+1). Failed checks for best suit: p30 12.00 < 17, conf_mean 11.38 < 17.
Pass (locked): Player 3 (min_allowed=18)
  bidding analysis:
    present_suits: H, C
    current_high=17  min_allowed=18  raise_delta=1
    overall: avg=2.00  p30=0.00  std=2.00
    failed_checks:
      H: p30 0.00 < 17; conf_mean 1.00 < 17
    reason: Pass: No suit meets thresholds. Best suit H has p30=0.00, conf_mean=1.00 below min_allowed=18 (current_high=17, raise_delta=+1). Failed checks for best suit: p30 0.00 < 17, conf_mean 1.00 < 17.

AUCTION WINNER: Player 1 with bid 17; chooses trump D 
Details={'chosen': 'D', 'estimates': {'S': 17.0, 'D': 25.0}}
Player 0 hand :  ['9C', '10D', '10C', '7S', 'QH', 'JC', 'JD', '7C']
Player 1 hand :  ['7D', 'JS', 'QS', 'AS', '8S', 'KD', '10H']
Player 2 hand :  ['9H', 'JH', '10S', '9D', '8D', '9S', '8C', '7H']
Player 3 hand :  ['AH', '8H', 'QC', 'AC', 'KS', 'KH', 'QD', 'KC']
Player 0 (auction 4 cards): ['9C', '10D', '10C', '7S']
Player 1 (auction 4 cards): ['AD', '7D', 'JS', 'QS']
Player 2 (auction 4 cards): ['9H', 'JH', '10S', '9D']
Player 3 (auction 4 cards): ['AH', '8H', 'QC', 'AC']
Auction winner (bidder): Player 1 with bid 17
Bidder sets concealed trump suit: D
Phase: concealed, bidder concealed card: AD

Player 0 plays 9C
-- Phase 2 begins: Trump revealed as D by Player 1 on trick 1 --
Player 1 plays 7D
Player 2 plays 8C
Player 3 plays QC
Player 1 won the hand: 2 points

Player 1 plays JS
Player 2 plays 10S
Player 3 plays KS
Player 0 plays 7S
Player 1 won the hand: 4 points

Player 1 plays QS
Player 2 plays 9S
Player 3 plays AH
Player 0 plays 10D
Player 0 won the hand: 4 points

Player 0 plays 10C
Player 1 plays AS
Player 2 plays 9H
Player 3 plays AC
Player 3 won the hand: 5 points

Player 3 plays 8H
Player 0 plays QH
Player 1 plays 10H
Player 2 plays JH
Player 2 won the hand: 4 points

Player 2 plays 9D
Player 3 plays QD
Player 0 plays JD
Player 1 plays KD
Player 0 won the hand: 5 points

Player 0 plays JC
Player 1 plays 8S
Player 2 plays 8D
Player 3 plays KC
Player 2 won the hand: 3 points

Player 2 plays 7H
Player 3 plays KH
Player 0 plays 7C
Player 1 plays AD
Player 1 won the hand: 1 points

Game 57 final points: Team A=16, Team B=12
Series cumulative game score so far: Team A=-11, Team B=2
Log saved to: c:\Users\laksh\Desktop\Projects\28bot\logs\game28\mcts_games\game_57_20250822_150319_186838.log
