
===== GAME 34 (20250822_141932_617492) =====

===== AUCTION =====
Pass (locked): Player 0 (min_allowed=16)
  bidding analysis:
    present_suits: H, D, C
    current_high=0  min_allowed=16  raise_delta=1
    overall: avg=13.38  p30=10.00  std=4.74
    failed_checks:
      H: p30 10.00 < 15; conf_mean 11.00 < 15
      D: p30 0.00 < 15; conf_mean 0.00 < 15
    reason: Pass: No suit meets thresholds. Best suit H has p30=10.00, conf_mean=11.00 below min_allowed=16 (current_high=0, raise_delta=+1). Failed checks for best suit: p30 10.00 < 15, conf_mean 11.00 < 15.
Pass (locked): Player 1 (min_allowed=16)
  bidding analysis:
    present_suits: D, C
    current_high=0  min_allowed=16  raise_delta=1
    overall: avg=15.50  p30=13.00  std=6.28
    suit_stats:
      D: pts=[21, 15, 5, 13, 13, 26 ...]  avg=15.50  p30=13.00  std=6.28
      C: pts=[10]  avg=10.00  p30=10.00  std=0.00
    failed_checks:
      D: p30 13.00 < 15; conf_mean 12.36 < 15
      C: p30 10.00 < 15; conf_mean 10.00 < 15
    reason: Pass: No suit meets thresholds. Best suit D has p30=13.00, conf_mean=12.36 below min_allowed=16 (current_high=0, raise_delta=+1). Failed checks for best suit: p30 13.00 < 15, conf_mean 12.36 < 15.
Pass (locked): Player 2 (min_allowed=16)
  bidding analysis:
    present_suits: H, D, S
    current_high=0  min_allowed=16  raise_delta=1
    overall: avg=14.38  p30=12.00  std=5.17
    failed_checks:
      D: p30 12.00 < 15; conf_mean 11.79 < 15
      S: p30 0.00 < 15; conf_mean 0.00 < 15
    reason: Pass: No suit meets thresholds. Best suit D has p30=12.00, conf_mean=11.79 below min_allowed=16 (current_high=0, raise_delta=+1). Failed checks for best suit: p30 12.00 < 15, conf_mean 11.79 < 15.
Pass (locked): Player 3 (min_allowed=16)
  bidding analysis:
    present_suits: H, D, S
    current_high=0  min_allowed=16  raise_delta=1
    overall: avg=17.75  p30=14.00  std=6.38
    failed_checks:
      D: p30 0.00 < 15; conf_mean 0.00 < 15
      S: p30 14.00 < 15; conf_mean 14.56 < 15
    reason: Pass: No suit meets thresholds. Best suit S has p30=14.00, conf_mean=14.56 below min_allowed=16 (current_high=0, raise_delta=+1). Failed checks for best suit: p30 14.00 < 15, conf_mean 14.56 < 15.
Forced bid: All players passed. Player 0 takes minimum bid 16.

AUCTION WINNER: Player 0 with bid 16; chooses trump H 
Details={'chosen': 'H', 'estimates': {'H': 13.375, 'D': 0.0, 'C': 12.333333333333334}}
Player 0 hand :  ['8D', 'KC', '7H', '10D', '9C', '10S', 'AS']
Player 1 hand :  ['AC', 'QD', '10C', 'AD', '9S', 'JS', 'QC', 'JH']
Player 2 hand :  ['KH', 'QS', 'JD', '7S', '9H', '8C', 'JC', '10H']
Player 3 hand :  ['8H', 'QH', '8S', '9D', 'KS', 'KD', '7C', '7D']
Player 0 (auction 4 cards): ['AH', '8D', 'KC', '7H']
Player 1 (auction 4 cards): ['AC', 'QD', '10C', 'AD']
Player 2 (auction 4 cards): ['KH', 'QS', 'JD', '7S']
Player 3 (auction 4 cards): ['8H', 'QH', '8S', '9D']
Auction winner (bidder): Player 0 with bid 16
Bidder sets concealed trump suit: H
Phase: concealed, bidder concealed card: AH

Player 0 plays 8D
Player 1 plays QD
Player 2 plays JD
Player 3 plays 9D
Player 2 won the hand: 5 points

Player 2 plays KH
Player 3 plays 8H
Player 0 plays 7H
Player 1 plays JH
Player 1 won the hand: 3 points

Player 1 plays AC
Player 2 plays 8C
Player 3 plays 7C
Player 0 plays KC
Player 1 won the hand: 1 points

Player 1 plays 10C
Player 2 plays JC
-- Phase 2 begins: Trump revealed as H by Player 3 on trick 4 --
Player 3 plays QH
Player 0 plays 9C
Player 3 won the hand: 6 points

Player 3 plays 8S
Player 0 plays 10S
Player 1 plays 9S
Player 2 plays QS
Player 1 won the hand: 3 points

Player 1 plays AD
Player 2 plays 7S
Player 3 plays KD
Player 0 plays 10D
Player 1 won the hand: 2 points

Player 1 plays JS
Player 2 plays 9H
Player 3 plays KS
Player 0 plays AS
Player 2 won the hand: 6 points

Player 2 plays 10H
Player 3 plays 7D
Player 0 plays AH
Player 1 plays QC
Player 0 won the hand: 2 points

Game 34 final points: Team A=13, Team B=15
Series cumulative game score so far: Team A=-8, Team B=2
Log saved to: c:\Users\laksh\Desktop\Projects\28bot\logs\game28\mcts_games\game_34_20250822_141932_617492.log
