
===== GAME 16 (20250822_001834_273438) =====

===== AUCTION =====
Pass (locked): Player 0 (min_allowed=16)
  bidding analysis:
    present_suits: H, D, S
    current_high=0  min_allowed=16  raise_delta=1
    overall: avg=14.75  p30=12.00  std=6.40
    suit_stats:
      H: pts=[8, 18, 14, 14, 28, 18 ...]  avg=14.75  p30=12.00  std=6.40
      D: pts=[]
      S: pts=[]
    failed_checks:
      H: p30 12.00 < 15; conf_mean 11.55 < 15
      D: p30 0.00 < 15; conf_mean 0.00 < 15
      S: p30 0.00 < 15; conf_mean 0.00 < 15
    reason: Pass: No suit meets thresholds. Best suit H has p30=12.00, conf_mean=11.55 below min_allowed=16 (current_high=0, raise_delta=+1). Failed checks for best suit: p30 12.00 < 15, conf_mean 11.55 < 15.
Pass (locked): Player 1 (min_allowed=16)
  bidding analysis:
    present_suits: H, D, C
    current_high=0  min_allowed=16  raise_delta=1
    overall: avg=16.12  p30=14.00  std=6.05
    suit_stats:
      H: pts=[6, 15, 14, 18, 14, 26 ...]  avg=16.12  p30=14.00  std=6.05
      D: pts=[]
      C: pts=[]
    failed_checks:
      H: p30 14.00 < 15; conf_mean 13.10 < 15
      D: p30 0.00 < 15; conf_mean 0.00 < 15
      C: p30 0.00 < 15; conf_mean 0.00 < 15
    reason: Pass: No suit meets thresholds. Best suit H has p30=14.00, conf_mean=13.10 below min_allowed=16 (current_high=0, raise_delta=+1). Failed checks for best suit: p30 14.00 < 15, conf_mean 13.10 < 15.
Pass (locked): Player 2 (min_allowed=16)
  bidding analysis:
    present_suits: C, S
    current_high=0  min_allowed=16  raise_delta=1
    overall: avg=17.12  p30=12.00  std=5.53
    suit_stats:
      C: pts=[11, 12, 20, 13, 22, 20 ...]  avg=17.12  p30=12.00  std=5.53
      S: pts=[]
    failed_checks:
      C: p30 12.00 < 15; conf_mean 14.36 < 15
      S: p30 0.00 < 15; conf_mean 0.00 < 15
    reason: Pass: No suit meets thresholds. Best suit C has p30=12.00, conf_mean=14.36 below min_allowed=16 (current_high=0, raise_delta=+1). Failed checks for best suit: p30 12.00 < 15, conf_mean 14.36 < 15.
Pass (locked): Player 3 (min_allowed=16)
  bidding analysis:
    present_suits: H, D, S
    current_high=0  min_allowed=16  raise_delta=1
    overall: avg=17.50  p30=14.00  std=7.66
    suit_stats:
      D: pts=[22, 14, 22, 28, 8, 26 ...]  avg=17.50  p30=14.00  std=7.66
      H: pts=[]
      S: pts=[]
    failed_checks:
      H: p30 0.00 < 15; conf_mean 0.00 < 15
      D: p30 14.00 < 15; conf_mean 13.67 < 15
      S: p30 0.00 < 15; conf_mean 0.00 < 15
    reason: Pass: No suit meets thresholds. Best suit D has p30=14.00, conf_mean=13.67 below min_allowed=16 (current_high=0, raise_delta=+1). Failed checks for best suit: p30 14.00 < 15, conf_mean 13.67 < 15.
Forced bid: All players passed. Player 0 takes minimum bid 16.

AUCTION WINNER: Player 0 with bid 16; chooses trump H 
Details={'chosen': 'H', 'estimates': {'D': 17.0, 'S': 19.0, 'H': 23.0}}
Player 0 hand :  ['8S', '8D', '10H', 'JH', 'KH', '10S', '8C']
Player 1 hand :  ['AH', '10D', '9H', '7C', '9S', 'JC', 'KS', '7S']
Player 2 hand :  ['10C', 'AC', '9C', 'AS', 'QC', '7H', '9D', 'JS']
Player 3 hand :  ['8H', 'JD', 'QS', '7D', 'KC', 'AD', 'QD', 'KD']
Player 0 (auction 4 cards): ['8S', 'QH', '8D', '10H']
Player 1 (auction 4 cards): ['AH', '10D', '9H', '7C']
Player 2 (auction 4 cards): ['10C', 'AC', '9C', 'AS']
Player 3 (auction 4 cards): ['8H', 'JD', 'QS', '7D']
Auction winner (bidder): Player 0 with bid 16
Bidder sets concealed trump suit: H
Phase: concealed, bidder concealed card: QH

Player 0 plays 8S
Player 1 plays 9S
Player 2 plays AS
Player 3 plays QS
Player 1 won the hand: 3 points

Player 1 plays AH
Player 2 plays 7H
Player 3 plays 8H
Player 0 plays 10H
Player 1 won the hand: 2 points

Player 1 plays 10D
Player 2 plays 9D
Player 3 plays JD
Player 0 plays 8D
Player 3 won the hand: 6 points

Player 3 plays 7D
-- Phase 2 begins: Trump revealed as H by Player 0 on trick 4 --
Player 0 plays JH
Player 1 plays 9H
Player 2 plays 10C
Player 0 won the hand: 6 points

Player 0 plays KH
Player 1 plays 7C
Player 2 plays AC
Player 3 plays KC
Player 0 won the hand: 1 points

Player 0 plays 10S
Player 1 plays KS
Player 2 plays JS
Player 3 plays AD
Player 2 won the hand: 5 points

Player 2 plays 9C
Player 3 plays QD
Player 0 plays 8C
Player 1 plays JC
Player 1 won the hand: 5 points

Player 1 plays 7S
Player 2 plays QC
Player 3 plays KD
Player 0 plays QH
Player 0 won the hand: 0 points

Game 16 final points: Team A=12, Team B=16
Series cumulative game score so far: Team A=1, Team B=-4
Log saved to: c:\Users\laksh\Desktop\Projects\28bot\logs\game28\mcts_games\game_16_20250822_001834_273438.log
