
===== GAME 2 (20250819_132836_229797) =====
Pass (locked): Player 0 (min_allowed=16)
  bidding analysis:
    present_suits: H, D, C
    current_high=0  min_allowed=16  raise_delta=2
    overall: avg=11.00  p30=14.00  std=6.40
    suit_stats:
      H: pts=[18, 18, 0, 11]  avg=11.75  p30=11.00  std=7.36
      D: pts=[7, 15, 19, 9]  avg=12.50  p30=9.00  std=4.77
      C: pts=[14, 14, 16, 0]  avg=11.00  p30=14.00  std=6.40
    failed_checks:
      H: p30 11.00 < 15; conf_mean 8.07 < 15
      D: p30 9.00 < 15; conf_mean 10.12 < 15
      C: p30 14.00 < 15; conf_mean 7.80 < 15
    reason: Pass: No suit meets thresholds. Best suit C has p30=14.00, conf_mean=7.80 below min_allowed=16 (current_high=0, raise_delta=2). Failed checks for best suit: p30 14.00 < 15, conf_mean 7.80 < 15.
Pass (locked): Player 1 (min_allowed=16)
  bidding analysis:
    present_suits: H, D, C
    current_high=0  min_allowed=16  raise_delta=2
    overall: avg=14.75  p30=14.00  std=9.98
    suit_stats:
      H: pts=[13, 22, 17, 0]  avg=13.00  p30=13.00  std=8.15
      D: pts=[9, 24, 10, 2]  avg=11.25  p30=9.00  std=7.98
      C: pts=[28, 14, 17, 0]  avg=14.75  p30=14.00  std=9.98
    failed_checks:
      H: p30 13.00 < 15; conf_mean 8.92 < 15
      D: p30 9.00 < 15; conf_mean 7.26 < 15
      C: p30 14.00 < 15; conf_mean 9.76 < 15
    reason: Pass: No suit meets thresholds. Best suit C has p30=14.00, conf_mean=9.76 below min_allowed=16 (current_high=0, raise_delta=2). Failed checks for best suit: p30 14.00 < 15, conf_mean 9.76 < 15.
Pass (locked): Player 2 (min_allowed=16)
  bidding analysis:
    present_suits: C, S
    current_high=0  min_allowed=16  raise_delta=2
    overall: avg=13.25  p30=13.00  std=1.09
    suit_stats:
      C: pts=[13, 13, 12, 15]  avg=13.25  p30=13.00  std=1.09
      S: pts=[0, 15, 12, 18]  avg=11.25  p30=12.00  std=6.83
    failed_checks:
      C: p30 13.00 < 15; conf_mean 12.71 < 15
      S: p30 12.00 < 15; conf_mean 7.83 < 15
    reason: Pass: No suit meets thresholds. Best suit C has p30=13.00, conf_mean=12.71 below min_allowed=16 (current_high=0, raise_delta=2). Failed checks for best suit: p30 13.00 < 15, conf_mean 12.71 < 15.
Pass (locked): Player 3 (min_allowed=16)
  bidding analysis:
    present_suits: H, C, S
    current_high=0  min_allowed=16  raise_delta=2
    overall: avg=10.25  p30=12.00  std=6.10
    suit_stats:
      H: pts=[0, 3, 19, 15]  avg=9.25  p30=3.00  std=7.95
      C: pts=[12, 0, 8, 0]  avg=5.00  p30=0.00  std=5.20
      S: pts=[0, 16, 12, 13]  avg=10.25  p30=12.00  std=6.10
    failed_checks:
      H: p30 3.00 < 15; conf_mean 5.28 < 15
      C: p30 0.00 < 15; conf_mean 2.40 < 15
      S: p30 12.00 < 15; conf_mean 7.20 < 15
    reason: Pass: No suit meets thresholds. Best suit S has p30=12.00, conf_mean=7.20 below min_allowed=16 (current_high=0, raise_delta=2). Failed checks for best suit: p30 12.00 < 15, conf_mean 7.20 < 15.
Forced bid: All players passed. Player 0 takes minimum bid 16.
Auction winner: Player 0 with bid 16; chooses trump C – details={'chosen': 'C', 'estimates': {'H': 5, 'D': 6, 'C': 7}}
Player 0 hand :  ['KD', 'QD', 'AH', 'AS', '8H', 'JS', '7D']
Player 1 hand :  ['AD', 'JH', 'AC', '8D', '8S', 'KH', 'JC', '10D']
Player 2 hand :  ['8C', '9S', 'QC', 'KC', 'QH', '10H', '9D', '9H']
Player 3 hand :  ['10C', '7H', '7S', 'QS', 'JD', '10S', '7C', 'KS']
Player 0 (auction 4 cards): ['KD', 'QD', '9C', 'AH']
Player 1 (auction 4 cards): ['AD', 'JH', 'AC', '8D']
Player 2 (auction 4 cards): ['8C', '9S', 'QC', 'KC']
Player 3 (auction 4 cards): ['10C', '7H', '7S', 'QS']
Auction winner (bidder): Player 0 with bid 16
Bidder sets concealed trump suit: C
Phase: concealed, bidder concealed card: 9C

Player 0 plays JS
Player 1 plays 8S
Player 2 plays 9S
Player 3 plays 7S
Player 0 won the hand: 5 points

Player 0 plays 7D
Player 1 plays 8D
Player 2 plays 9D
Player 3 plays JD
Player 3 won the hand: 5 points

Player 3 plays 10C
Player 0 plays 8H
Player 1 plays AC
Player 2 plays 8C
Player 1 won the hand: 2 points

Player 1 plays JC
Player 2 plays QC
Player 3 plays 7C
Player 0 plays KD
Player 1 won the hand: 3 points

Player 1 plays AD
-- Phase 2 begins: Trump revealed as C by Player 2 on trick 5 --
Player 2 plays KC
Player 3 plays 7H
Player 0 plays QD
Player 2 won the hand: 1 points

Player 2 plays QH
Player 3 plays QS
Player 0 plays AH
Player 1 plays KH
Player 0 won the hand: 1 points

Player 0 plays AS
Player 1 plays JH
Player 2 plays 10H
Player 3 plays 10S
Player 0 won the hand: 6 points

Player 0 plays 9C
Player 1 plays 10D
Player 2 plays 9H
Player 3 plays KS
Player 0 won the hand: 5 points

Game 2 final points: Team A=18, Team B=10
Series cumulative game score so far: Team A=2, Team B=0
Log saved to: c:\Users\laksh\Desktop\Projects\28bot\logs\game28\mcts_games\game_2_20250819_132836_229797.log
