
===== GAME 6 (20250820_235322_860530) =====

===== AUCTION =====
Pass (locked): Player 0 (min_allowed=16)
  bidding analysis:
    present_suits: H, D, S
    current_high=0  min_allowed=16  raise_delta=1
    overall: avg=13.38  p30=9.00  std=4.97
    suit_stats:
      S: pts=[17, 9, 13, 8, 18, 13 ...]  avg=13.38  p30=9.00  std=4.97
      H: pts=[]
      D: pts=[]
    failed_checks:
      H: p30 0.00 < 15; conf_mean 0.00 < 15
      D: p30 0.00 < 15; conf_mean 0.00 < 15
      S: p30 9.00 < 15; conf_mean 10.89 < 15
    reason: Pass: No suit meets thresholds. Best suit S has p30=9.00, conf_mean=10.89 below min_allowed=16 (current_high=0, raise_delta=+1). Failed checks for best suit: p30 9.00 < 15, conf_mean 10.89 < 15.
Pass (locked): Player 1 (min_allowed=16)
  bidding analysis:
    present_suits: H, C, S
    current_high=0  min_allowed=16  raise_delta=1
    overall: avg=11.50  p30=7.00  std=5.10
    suit_stats:
      H: pts=[7, 19, 9, 5, 6, 13 ...]  avg=11.50  p30=7.00  std=5.10
      C: pts=[]
      S: pts=[]
    failed_checks:
      H: p30 7.00 < 15; conf_mean 8.95 < 15
      C: p30 0.00 < 15; conf_mean 0.00 < 15
      S: p30 0.00 < 15; conf_mean 0.00 < 15
    reason: Pass: No suit meets thresholds. Best suit H has p30=7.00, conf_mean=8.95 below min_allowed=16 (current_high=0, raise_delta=+1). Failed checks for best suit: p30 7.00 < 15, conf_mean 8.95 < 15.
Pass (locked): Player 2 (min_allowed=16)
  bidding analysis:
    present_suits: H, C, S
    current_high=0  min_allowed=16  raise_delta=1
    overall: avg=14.25  p30=14.00  std=4.26
    suit_stats:
      C: pts=[18, 6, 14, 14, 19, 14 ...]  avg=14.25  p30=14.00  std=4.26
      H: pts=[]
      S: pts=[]
    failed_checks:
      H: p30 0.00 < 15; conf_mean 0.00 < 15
      C: p30 14.00 < 15; conf_mean 12.12 < 15
      S: p30 0.00 < 15; conf_mean 0.00 < 15
    reason: Pass: No suit meets thresholds. Best suit C has p30=14.00, conf_mean=12.12 below min_allowed=16 (current_high=0, raise_delta=+1). Failed checks for best suit: p30 14.00 < 15, conf_mean 12.12 < 15.
Pass (locked): Player 3 (min_allowed=16)
  bidding analysis:
    present_suits: D, C, S
    current_high=0  min_allowed=16  raise_delta=1
    overall: avg=9.38  p30=5.00  std=6.30
    failed_checks:
      D: p30 5.00 < 15; conf_mean 6.22 < 15
      C: p30 0.00 < 15; conf_mean 0.00 < 15
      S: p30 0.00 < 15; conf_mean 0.00 < 15
    reason: Pass: No suit meets thresholds. Best suit D has p30=5.00, conf_mean=6.22 below min_allowed=16 (current_high=0, raise_delta=+1). Failed checks for best suit: p30 5.00 < 15, conf_mean 6.22 < 15.
Forced bid: All players passed. Player 0 takes minimum bid 16.

AUCTION WINNER: Player 0 with bid 16; chooses trump H 
Details={'chosen': 'H', 'estimates': {'D': 6.0, 'S': 20.0, 'H': 20.0}}
Player 0 hand :  ['KS', '8S', 'JD', 'AD', 'JH', '7S', '8D']
Player 1 hand :  ['10H', '10S', '10C', '8H', 'JC', '7C', '9D', '9H']
Player 2 hand :  ['8C', 'QH', 'QC', 'QS', '7D', '7H', '9C', 'KD']
Player 3 hand :  ['9S', 'KC', 'QD', 'AC', '10D', 'AS', 'JS', 'KH']
Player 0 (auction 4 cards): ['KS', '8S', 'AH', 'JD']
Player 1 (auction 4 cards): ['10H', '10S', '10C', '8H']
Player 2 (auction 4 cards): ['8C', 'QH', 'QC', 'QS']
Player 3 (auction 4 cards): ['9S', 'KC', 'QD', 'AC']
Auction winner (bidder): Player 0 with bid 16
Bidder sets concealed trump suit: H
Phase: concealed, bidder concealed card: AH

Player 0 plays KS
Player 1 plays 10S
Player 2 plays QS
Player 3 plays 9S
Player 3 won the hand: 3 points

Player 3 plays KC
Player 0 plays 8S
Player 1 plays 10C
Player 2 plays 8C
Player 1 won the hand: 1 points

Player 1 plays 10H
Player 2 plays QH
Player 3 plays KH
Player 0 plays JH
Player 0 won the hand: 4 points

Player 0 plays JD
Player 1 plays 9D
Player 2 plays 7D
Player 3 plays QD
Player 0 won the hand: 5 points

Player 0 plays AD
-- Phase 2 begins: Trump revealed as H by Player 1 on trick 5 --
Player 1 plays 8H
Player 2 plays KD
Player 3 plays 10D
Player 1 won the hand: 2 points

Player 1 plays JC
Player 2 plays QC
Player 3 plays AC
Player 0 plays 7S
Player 1 won the hand: 4 points

Player 1 plays 7C
Player 2 plays 9C
Player 3 plays AS
Player 0 plays 8D
Player 2 won the hand: 3 points

Player 2 plays 7H
Player 3 plays JS
Player 0 plays AH
Player 1 plays 9H
Player 1 won the hand: 6 points

Game 6 final points: Team A=12, Team B=16
Series cumulative game score so far: Team A=-3, Team B=-1
Log saved to: c:\Users\laksh\Desktop\Projects\28bot\logs\game28\mcts_games\game_6_20250820_235322_860530.log
