
===== GAME 21 (20250824_140330_027885) =====

===== AUCTION =====
Pass (locked): Player 0 (min_allowed=16)
  bidding analysis:
    present_suits: D, C
    current_high=0  min_allowed=16  raise_delta=1
    overall: avg=14.12  p30=11.00  std=5.66
    suit_stats:
      C: pts=[11, 10, 4, 7, 20, 20 ...]  avg=14.12  p30=11.00  std=5.66
      D: pts=[8]  avg=8.00  p30=8.00  std=0.00
    failed_checks:
      D: p30 8.00 < 15; conf_mean 8.00 < 15
      C: p30 11.00 < 15; conf_mean 11.30 < 15
    reason: Pass: No suit meets thresholds. Best suit C has p30=11.00, conf_mean=11.30 below min_allowed=16 (current_high=0, raise_delta=+1). Failed checks for best suit: p30 11.00 < 15, conf_mean 11.30 < 15.
Pass (locked): Player 1 (min_allowed=16)
  bidding analysis:
    present_suits: H, D, C
    current_high=0  min_allowed=16  raise_delta=1
    overall: avg=11.00  p30=11.00  std=7.45
    failed_checks:
      H: p30 11.00 < 15; conf_mean 7.28 < 15
      D: p30 0.00 < 15; conf_mean 0.00 < 15
      C: p30 0.00 < 15; conf_mean 0.00 < 15
    reason: Pass: No suit meets thresholds. Best suit H has p30=11.00, conf_mean=7.28 below min_allowed=16 (current_high=0, raise_delta=+1). Failed checks for best suit: p30 11.00 < 15, conf_mean 7.28 < 15.
Bid: Player 2 proposes 17 (min_allowed=16)
  bidding analysis:
    present_suits: H, D, C, S
    current_high=0  min_allowed=16  raise_delta=1
    chosen_suit: S
    proposed_bid: 17
    overall: avg=17.00  p30=17.00  std=0.00
    suit_stats:
      H: pts=[15]  avg=15.00  p30=15.00  std=0.00
      D: pts=[15]  avg=15.00  p30=15.00  std=0.00
      C: pts=[12]  avg=12.00  p30=12.00  std=0.00
      S: pts=[17]  avg=17.00  p30=17.00  std=0.00
    reason: Bid: Suit S meets thresholds (p30=17.00, conf_mean=17.00 >= min_allowed=16); conservative mapping max(p30, avg-1) -> 17. (current_high=0, raise_delta=+1)
Pass (locked): Player 3 (min_allowed=18)
  bidding analysis:
    present_suits: H, D, S
    current_high=17  min_allowed=18  raise_delta=1
    overall: avg=17.00  p30=13.00  std=5.29
    failed_checks:
      D: p30 0.00 < 17; conf_mean 0.00 < 17
      S: p30 13.00 < 17; conf_mean 14.35 < 17
    reason: Pass: No suit meets thresholds. Best suit S has p30=13.00, conf_mean=14.35 below min_allowed=18 (current_high=17, raise_delta=+1). Failed checks for best suit: p30 13.00 < 17, conf_mean 14.35 < 17.

AUCTION WINNER: Player 2 with bid 17; chooses trump H 
Details={'chosen': 'H', 'estimates': {'C': 0.0, 'D': 8.0, 'S': 6.0, 'H': 18.0}}
Player 0 hand :  ['QD', 'KC', '9D', '10C', 'JC', '7H', '10H', 'QH']
Player 1 hand :  ['9C', 'JD', '9H', '10D', '7D', 'AH', 'AC', '7S']
Player 2 hand :  ['QS', '8D', '8C', 'JS', '7C', 'KS', 'QC']
Player 3 hand :  ['9S', 'KD', 'AD', 'JH', '10S', '8S', 'KH', 'AS']
Player 0 (auction 4 cards): ['QD', 'KC', '9D', '10C']
Player 1 (auction 4 cards): ['9C', 'JD', '9H', '10D']
Player 2 (auction 4 cards): ['QS', '8H', '8D', '8C']
Player 3 (auction 4 cards): ['9S', 'KD', 'AD', 'JH']
Auction winner (bidder): Player 2 with bid 17
Bidder sets concealed trump suit: H
Phase: concealed, bidder concealed card: 8H

Player 0 plays QD
Player 1 plays JD
Player 2 plays 8D
Player 3 plays KD
Player 1 won the hand: 3 points

Player 1 plays 9C
Player 2 plays 8C
Player 3 plays 9S
Player 0 plays KC
Player 1 won the hand: 4 points

Player 1 plays 9H
Player 2 plays QS
Player 3 plays JH
Player 0 plays 7H
Player 3 won the hand: 5 points

Player 3 plays AD
Player 0 plays 9D
Player 1 plays 10D
Player 2 plays JS
Player 0 won the hand: 7 points

Player 0 plays 10C
Player 1 plays AC
Player 2 plays 7C
Player 3 plays 10S
Player 1 won the hand: 3 points

Player 1 plays 7D
Player 2 plays KS
Player 3 plays 8S
Player 0 plays JC
Player 1 won the hand: 3 points

Player 1 plays AH
Player 2 plays QC
Player 3 plays KH
Player 0 plays 10H
Player 1 won the hand: 2 points

Player 1 plays 7S
Error during gameplay: Current player 2 has no cards but other players do
No cards available, ending game
Game 21 final points: Team A=7, Team B=20
Series cumulative game score so far: Team A=-6, Team B=-3
Log saved to: c:\Users\laksh\Desktop\Projects\28bot\logs\game28\mcts_games\game_21_20250824_140330_027885.log
