
===== GAME 27 (20250822_003451_159860) =====

===== AUCTION =====
Pass (locked): Player 0 (min_allowed=16)
  bidding analysis:
    present_suits: D, S
    current_high=0  min_allowed=16  raise_delta=1
    overall: avg=13.12  p30=13.00  std=5.30
    suit_stats:
      S: pts=[13, 3, 6, 19, 17, 17 ...]  avg=13.12  p30=13.00  std=5.30
      D: pts=[]
    failed_checks:
      D: p30 0.00 < 15; conf_mean 0.00 < 15
      S: p30 13.00 < 15; conf_mean 10.47 < 15
    reason: Pass: No suit meets thresholds. Best suit S has p30=13.00, conf_mean=10.47 below min_allowed=16 (current_high=0, raise_delta=+1). Failed checks for best suit: p30 13.00 < 15, conf_mean 10.47 < 15.
Bid: Player 1 proposes 20 (min_allowed=16)
  bidding analysis:
    present_suits: H, D, C, S
    current_high=0  min_allowed=16  raise_delta=1
    chosen_suit: D
    proposed_bid: 20
    overall: avg=20.00  p30=20.00  std=0.00
    suit_stats:
      D: pts=[20]  avg=20.00  p30=20.00  std=0.00
      H: pts=[11]  avg=11.00  p30=11.00  std=0.00
      C: pts=[13]  avg=13.00  p30=13.00  std=0.00
      S: pts=[0]  avg=0.00  p30=0.00  std=0.00
    reason: Bid: Suit D meets thresholds (p30=20.00, conf_mean=20.00 >= min_allowed=16); conservative mapping max(p30, avg-1) -> 20. (current_high=0, raise_delta=+1)
Pass (locked): Player 2 (min_allowed=21)
  bidding analysis:
    present_suits: H, D, C, S
    current_high=20  min_allowed=21  raise_delta=1
    overall: avg=15.00  p30=15.00  std=0.00
    suit_stats:
      D: pts=[12]  avg=12.00  p30=12.00  std=0.00
      H: pts=[15]  avg=15.00  p30=15.00  std=0.00
      S: pts=[8]  avg=8.00  p30=8.00  std=0.00
      C: pts=[7]  avg=7.00  p30=7.00  std=0.00
    failed_checks:
      H: p30 15.00 < 20; conf_mean 15.00 < 20
      D: p30 12.00 < 20; conf_mean 12.00 < 20
      C: p30 7.00 < 20; conf_mean 7.00 < 20
      S: p30 8.00 < 20; conf_mean 8.00 < 20
    reason: Pass: No suit meets thresholds. Best suit H has p30=15.00, conf_mean=15.00 below min_allowed=21 (current_high=20, raise_delta=+1). Failed checks for best suit: p30 15.00 < 20, conf_mean 15.00 < 20.
Pass (locked): Player 3 (min_allowed=21)
  bidding analysis:
    present_suits: H, D, C
    current_high=20  min_allowed=21  raise_delta=1
    overall: avg=13.75  p30=9.00  std=5.04
    suit_stats:
      D: pts=[20, 9, 16, 9, 22, 13 ...]  avg=13.75  p30=9.00  std=5.04
      H: pts=[]
      C: pts=[]
    failed_checks:
      H: p30 0.00 < 20; conf_mean 0.00 < 20
      D: p30 9.00 < 20; conf_mean 11.23 < 20
      C: p30 0.00 < 20; conf_mean 0.00 < 20
    reason: Pass: No suit meets thresholds. Best suit D has p30=9.00, conf_mean=11.23 below min_allowed=21 (current_high=20, raise_delta=+1). Failed checks for best suit: p30 9.00 < 20, conf_mean 11.23 < 20.

AUCTION WINNER: Player 1 with bid 20; chooses trump C 
Details={'chosen': 'C', 'estimates': {'S': 14.0, 'H': 17.0, 'D': 6.0, 'C': 18.0}}
Player 0 hand :  ['10S', '8S', 'QS', 'KD', 'QC', '10H', '7C', '8H']
Player 1 hand :  ['8D', 'KH', '9S', 'AC', '7H', '9D', '7S']
Player 2 hand :  ['KS', '9H', 'QD', '10C', 'KC', 'AS', 'QH', 'JH']
Player 3 hand :  ['JD', '7D', '8C', 'AH', '9C', 'JS', 'AD', '10D']
Player 0 (auction 4 cards): ['10S', '8S', 'QS', 'KD']
Player 1 (auction 4 cards): ['8D', 'KH', 'JC', '9S']
Player 2 (auction 4 cards): ['KS', '9H', 'QD', '10C']
Player 3 (auction 4 cards): ['JD', '7D', '8C', 'AH']
Auction winner (bidder): Player 1 with bid 20
Bidder sets concealed trump suit: C
Phase: concealed, bidder concealed card: JC

Player 0 plays 10S
Player 1 plays 9S
Player 2 plays KS
Player 3 plays JS
Player 3 won the hand: 6 points

Player 3 plays JD
Player 0 plays KD
Player 1 plays 8D
Player 2 plays QD
Player 3 won the hand: 3 points

Player 3 plays 7D
Player 0 plays 8S
Player 1 plays 9D
Player 2 plays 9H
Player 1 won the hand: 4 points

Player 1 plays KH
Player 2 plays QH
Player 3 plays AH
Player 0 plays 10H
Player 3 won the hand: 2 points

Player 3 plays 8C
Player 0 plays QC
Player 1 plays AC
Player 2 plays 10C
Player 1 won the hand: 2 points

Player 1 plays 7H
Player 2 plays JH
-- Phase 2 begins: Trump revealed as C by Player 3 on trick 6 --
Player 3 plays 9C
Player 0 plays 8H
Player 3 won the hand: 5 points

Player 3 plays AD
Player 0 plays QS
Player 1 plays 7S
Player 2 plays KC
Player 2 won the hand: 1 points

Player 2 plays AS
Player 3 plays 10D
Player 0 plays 7C
Player 1 plays JC
Player 1 won the hand: 5 points

Game 27 final points: Team A=1, Team B=27
Series cumulative game score so far: Team A=-3, Team B=-4
Log saved to: c:\Users\laksh\Desktop\Projects\28bot\logs\game28\mcts_games\game_27_20250822_003451_159860.log
