
===== GAME 116 (20250823_121931_282836) =====

===== AUCTION =====
Pass (locked): Player 0 (min_allowed=16)
  bidding analysis:
    present_suits: H, D, C
    current_high=0  min_allowed=16  raise_delta=1
    overall: avg=0.00  p30=0.00  std=0.00
    failed_checks:
      D: p30 0.00 < 15; conf_mean 0.00 < 15
      C: p30 0.00 < 15; conf_mean 0.00 < 15
    reason: Pass: No suit meets thresholds. Best suit H has p30=0.00, conf_mean=0.00 below min_allowed=16 (current_high=0, raise_delta=+1). Failed checks for best suit: n/a.
Bid: Player 1 proposes 16 (min_allowed=16)
  bidding analysis:
    present_suits: H, D, C
    current_high=0  min_allowed=16  raise_delta=1
    chosen_suit: C
    proposed_bid: 16
    overall: avg=17.88  p30=16.00  std=2.78
    suit_stats:
      C: pts=[24, 18, 21, 16, 21, 15 ...]  avg=17.88  p30=16.00  std=2.78
      H: pts=[]
      D: pts=[]
    reason: Bid: Suit C meets thresholds (p30=16.00, conf_mean=16.48 >= min_allowed=16); conservative mapping max(p30, avg-1) -> 16. (current_high=0, raise_delta=+1)
Pass (locked): Player 2 (min_allowed=17)
  bidding analysis:
    present_suits: H, S
    current_high=16  min_allowed=17  raise_delta=1
    overall: avg=16.94  p30=15.00  std=5.27
    suit_stats:
      S: pts=[23, 19, 15, 19, 22, 20 ...]  avg=16.94  p30=15.00  std=5.27
      H: pts=[]
    failed_checks:
      H: p30 0.00 < 16; conf_mean 0.00 < 16
      S: p30 15.00 < 16; conf_mean 14.30 < 16
    reason: Pass: No suit meets thresholds. Best suit S has p30=15.00, conf_mean=14.30 below min_allowed=17 (current_high=16, raise_delta=+1). Failed checks for best suit: p30 15.00 < 16, conf_mean 14.30 < 16.
Bid: Player 3 proposes 21 (min_allowed=17)
  bidding analysis:
    present_suits: S
    current_high=16  min_allowed=17  raise_delta=1
    chosen_suit: S
    proposed_bid: 21
    overall: avg=22.06  p30=20.00  std=4.25
    suit_stats:
      S: pts=[25, 17, 26, 24, 22, 20 ...]  avg=22.06  p30=20.00  std=4.25
    reason: Bid: Suit S meets thresholds (p30=20.00, conf_mean=19.94 >= min_allowed=17); conservative mapping max(p30, avg-1) -> 21. (current_high=16, raise_delta=+1)
Pass (locked): Player 1 (min_allowed=22)
  bidding analysis:
    present_suits: H, D, C
    current_high=21  min_allowed=22  raise_delta=1
    overall: avg=16.50  p30=13.00  std=4.27
    suit_stats:
      C: pts=[19, 17, 10, 19, 17, 20 ...]  avg=16.50  p30=13.00  std=4.27
      H: pts=[]
      D: pts=[]
    failed_checks:
      H: p30 0.00 < 21; conf_mean 0.00 < 21
      D: p30 0.00 < 21; conf_mean 0.00 < 21
      C: p30 13.00 < 21; conf_mean 14.36 < 21
    reason: Pass: No suit meets thresholds. Best suit C has p30=13.00, conf_mean=14.36 below min_allowed=22 (current_high=21, raise_delta=+1). Failed checks for best suit: p30 13.00 < 21, conf_mean 14.36 < 21.

AUCTION WINNER: Player 3 with bid 21; chooses trump S 
Details={'chosen': 'S', 'estimates': {'S': 22.0}}
Player 0 hand :  ['QC', 'AD', '10H', '10C', '9C', '9D', '10D', 'AH']
Player 1 hand :  ['8H', '7C', 'JC', 'JD', '8D', 'QD', '9H', 'KH']
Player 2 hand :  ['JH', '10S', '7S', '8S', 'QH', '8C', '7D', '7H']
Player 3 hand :  ['JS', 'KS', '9S', 'AC', 'QS', 'KC', 'KD']
Player 0 (auction 4 cards): ['QC', 'AD', '10H', '10C']
Player 1 (auction 4 cards): ['8H', '7C', 'JC', 'JD']
Player 2 (auction 4 cards): ['JH', '10S', '7S', '8S']
Player 3 (auction 4 cards): ['JS', 'KS', 'AS', '9S']
Auction winner (bidder): Player 3 with bid 21
Bidder sets concealed trump suit: S
Phase: concealed, bidder concealed card: AS

Player 0 plays QC
Player 1 plays 7C
Player 2 plays 8C
Player 3 plays AC
Player 3 won the hand: 1 points

Player 3 plays KC
Player 0 plays 10C
Player 1 plays JC
Player 2 plays JH
Player 1 won the hand: 7 points

Player 1 plays 8H
Player 2 plays QH
-- Phase 2 begins: Trump revealed as S by Player 3 on trick 3 --
Player 3 plays JS
Player 0 plays 10H
Player 3 won the hand: 4 points

Player 3 plays KS
Player 0 plays AD
Player 1 plays JD
Player 2 plays 10S
Player 2 won the hand: 5 points

Player 2 plays 7S
Player 3 plays 9S
Player 0 plays 9C
Player 1 plays 8D
Player 3 won the hand: 4 points

Player 3 plays QS
Player 0 plays 9D
Player 1 plays QD
Player 2 plays 8S
Player 3 won the hand: 2 points

Player 3 plays KD
Player 0 plays 10D
Player 1 plays 9H
Player 2 plays 7D
Player 0 won the hand: 3 points

Player 0 plays AH
Player 1 plays KH
Player 2 plays 7H
Player 3 plays AS
Player 3 won the hand: 2 points

Game 116 final points: Team A=8, Team B=20
Series cumulative game score so far: Team A=-8, Team B=-5
Log saved to: c:\Users\laksh\Desktop\Projects\28bot\logs\game28\mcts_games\game_116_20250823_121931_282836.log
