
===== GAME 19 (20250820_144357_126853) =====

===== AUCTION =====
Pass (locked): Player 0 (min_allowed=16)
  bidding analysis:
    present_suits: H, D
    current_high=0  min_allowed=16  raise_delta=1
    overall: avg=18.50  p30=13.00  std=4.72
    failed_checks:
      H: p30 13.00 < 15
      D: p30 3.00 < 15; conf_mean 6.20 < 15
    reason: Pass: No suit meets thresholds. Best suit H has p30=13.00, conf_mean=16.14 below min_allowed=16 (current_high=0, raise_delta=+1). Failed checks for best suit: p30 13.00 < 15.
Pass (locked): Player 1 (min_allowed=16)
  bidding analysis:
    present_suits: D, C, S
    current_high=0  min_allowed=16  raise_delta=1
    overall: avg=16.50  p30=13.00  std=6.22
    suit_stats:
      S: pts=[15, 11, 13, 27]  avg=16.50  p30=13.00  std=6.22
      D: pts=[]
      C: pts=[]
    failed_checks:
      D: p30 0.00 < 15; conf_mean 0.00 < 15
      C: p30 0.00 < 15; conf_mean 0.00 < 15
      S: p30 13.00 < 15; conf_mean 13.39 < 15
    reason: Pass: No suit meets thresholds. Best suit S has p30=13.00, conf_mean=13.39 below min_allowed=16 (current_high=0, raise_delta=+1). Failed checks for best suit: p30 13.00 < 15, conf_mean 13.39 < 15.
Pass (locked): Player 2 (min_allowed=16)
  bidding analysis:
    present_suits: H, C, S
    current_high=0  min_allowed=16  raise_delta=1
    overall: avg=5.50  p30=0.00  std=6.18
    suit_stats:
      C: pts=[15, 7, 0, 0]  avg=5.50  p30=0.00  std=6.18
      H: pts=[]
      S: pts=[]
    failed_checks:
      H: p30 0.00 < 15; conf_mean 0.00 < 15
      C: p30 0.00 < 15; conf_mean 2.41 < 15
      S: p30 0.00 < 15; conf_mean 0.00 < 15
    reason: Pass: No suit meets thresholds. Best suit C has p30=0.00, conf_mean=2.41 below min_allowed=16 (current_high=0, raise_delta=+1). Failed checks for best suit: p30 0.00 < 15, conf_mean 2.41 < 15.
Pass (locked): Player 3 (min_allowed=16)
  bidding analysis:
    present_suits: H, D, S
    current_high=0  min_allowed=16  raise_delta=1
    overall: avg=16.25  p30=17.00  std=9.83
    suit_stats:
      D: pts=[17, 25, 23, 0]  avg=16.25  p30=17.00  std=9.83
      H: pts=[]
      S: pts=[]
    failed_checks:
      H: p30 0.00 < 15; conf_mean 0.00 < 15
      D: conf_mean 11.33 < 15
      S: p30 0.00 < 15; conf_mean 0.00 < 15
    reason: Pass: No suit meets thresholds. Best suit D has p30=17.00, conf_mean=11.33 below min_allowed=16 (current_high=0, raise_delta=+1). Failed checks for best suit: conf_mean 11.33 < 15.
Forced bid: All players passed. Player 0 takes minimum bid 16.

AUCTION WINNER: Player 0 with bid 16; chooses trump H 
Details={'chosen': 'H', 'estimates': {'H': 18.5, 'D': 9.166666666666666}}
Player 0 hand :  ['8D', '7D', '10D', '9H', 'QH', 'QD', 'AC']
Player 1 hand :  ['AS', 'QC', '9S', 'KD', '10S', '8S', '7C', '10C']
Player 2 hand :  ['9C', 'AH', 'KS', '8C', 'KC', '7S', '10H', '8H']
Player 3 hand :  ['JD', '9D', 'JS', 'JH', 'QS', 'AD', 'KH', 'JC']
Player 0 (auction 4 cards): ['8D', '7D', '7H', '10D']
Player 1 (auction 4 cards): ['AS', 'QC', '9S', 'KD']
Player 2 (auction 4 cards): ['9C', 'AH', 'KS', '8C']
Player 3 (auction 4 cards): ['JD', '9D', 'JS', 'JH']
Auction winner (bidder): Player 0 with bid 16
Bidder sets concealed trump suit: H
Phase: concealed, bidder concealed card: 7H

Player 0 plays 8D
Player 1 plays KD
Player 2 plays 9C
Player 3 plays JD
Player 3 won the hand: 5 points

Player 3 plays 9D
Player 0 plays 7D
Player 1 plays AS
-- Phase 2 begins: Trump revealed as H by Player 2 on trick 2 --
Player 2 plays AH
Player 2 won the hand: 4 points

Player 2 plays KS
Player 3 plays JS
Player 0 plays 10D
Player 1 plays 9S
Player 3 won the hand: 6 points

Player 3 plays JH
Player 0 plays 9H
Player 1 plays QC
Player 2 plays 10H
Player 3 won the hand: 6 points

Player 3 plays QS
Player 0 plays QH
Player 1 plays 10S
Player 2 plays 7S
Player 0 won the hand: 1 points

Player 0 plays QD
Player 1 plays 8S
Player 2 plays 8C
Player 3 plays AD
Player 3 won the hand: 1 points

Player 3 plays KH
Player 0 plays 7H
Player 1 plays 7C
Player 2 plays 8H
Player 3 won the hand: 0 points

Player 3 plays JC
Player 0 plays AC
Player 1 plays 10C
Player 2 plays KC
Player 3 won the hand: 5 points

Game 19 final points: Team A=5, Team B=23
Series cumulative game score so far: Team A=-2, Team B=-1
Log saved to: c:\Users\laksh\Desktop\Projects\28bot\logs\game28\mcts_games\game_19_20250820_144357_126853.log
