
===== GAME 118 (20250823_122815_761600) =====

===== AUCTION =====
Bid: Player 0 proposes 16 (min_allowed=16)
  bidding analysis:
    present_suits: D, C
    current_high=0  min_allowed=16  raise_delta=1
    chosen_suit: C
    proposed_bid: 16
    overall: avg=17.88  p30=15.00  std=3.66
    reason: Bid (precomputed): Suit C meets thresholds (p30=15.00, conf_mean=16.05 >= min_allowed=16); conservative mapping max(p30, avg-1) -> 16. (current_high=0, raise_delta=+1)
Bid: Player 1 proposes 19 (min_allowed=17)
  bidding analysis:
    present_suits: H, D, C, S
    current_high=16  min_allowed=17  raise_delta=1
    chosen_suit: D
    proposed_bid: 19
    overall: avg=19.00  p30=19.00  std=0.00
    suit_stats:
      D: pts=[19]  avg=19.00  p30=19.00  std=0.00
      S: pts=[16]  avg=16.00  p30=16.00  std=0.00
      C: pts=[11]  avg=11.00  p30=11.00  std=0.00
      H: pts=[19]  avg=19.00  p30=19.00  std=0.00
    reason: Bid: Suit D meets thresholds (p30=19.00, conf_mean=19.00 >= min_allowed=17); conservative mapping max(p30, avg-1) -> 19. (current_high=16, raise_delta=+1)
Pass (locked): Player 2 (min_allowed=20)
  bidding analysis:
    present_suits: H, C, S
    current_high=19  min_allowed=20  raise_delta=1
    overall: avg=17.50  p30=14.00  std=4.56
    failed_checks:
      H: p30 0.00 < 19; conf_mean 0.00 < 19
      C: p30 14.00 < 19; conf_mean 15.22 < 19
      S: p30 0.00 < 19; conf_mean 0.00 < 19
    reason: Pass: No suit meets thresholds. Best suit C has p30=14.00, conf_mean=15.22 below min_allowed=20 (current_high=19, raise_delta=+1). Failed checks for best suit: p30 14.00 < 19, conf_mean 15.22 < 19.
Pass (locked): Player 3 (min_allowed=20)
  bidding analysis:
    present_suits: H, C, S
    current_high=19  min_allowed=20  raise_delta=1
    overall: avg=15.06  p30=12.00  std=5.72
    suit_stats:
      H: pts=[15, 13, 19, 2, 15, 25 ...]  avg=15.06  p30=12.00  std=5.72
      C: pts=[]
      S: pts=[]
    failed_checks:
      H: p30 12.00 < 19; conf_mean 12.20 < 19
      C: p30 0.00 < 19; conf_mean 0.00 < 19
      S: p30 0.00 < 19; conf_mean 0.00 < 19
    reason: Pass: No suit meets thresholds. Best suit H has p30=12.00, conf_mean=12.20 below min_allowed=20 (current_high=19, raise_delta=+1). Failed checks for best suit: p30 12.00 < 19, conf_mean 12.20 < 19.
Pass (locked): Player 0 (min_allowed=20)
  bidding analysis:
    present_suits: D, C
    current_high=19  min_allowed=20  raise_delta=1
    overall: avg=17.88  p30=15.00  std=3.66
    failed_checks:
      C: p30 15.00 < 19; conf_mean 16.05 < 19
    reason: Pass: No suit meets thresholds. Best suit C has p30=15.00, conf_mean=16.05 below min_allowed=20 (current_high=19, raise_delta=+1). Failed checks for best suit: p30 15.00 < 19, conf_mean 16.05 < 19.

AUCTION WINNER: Player 1 with bid 19; chooses trump D 
Details={'chosen': 'D', 'estimates': {'D': 18.0, 'S': 9.0, 'H': 16.0, 'C': 4.0}}
Player 0 hand :  ['JD', '10C', 'AC', '9C', '8D', 'AD', '7H', 'KD']
Player 1 hand :  ['KH', 'KS', 'QC', '8H', '9S', '7D', '8C']
Player 2 hand :  ['AH', 'JC', 'QS', 'KC', '10H', '10D', '8S', 'JH']
Player 3 hand :  ['10S', 'QH', '9H', '7C', 'JS', '7S', 'AS', 'QD']
Player 0 (auction 4 cards): ['JD', '10C', 'AC', '9C']
Player 1 (auction 4 cards): ['KH', 'KS', '9D', 'QC']
Player 2 (auction 4 cards): ['AH', 'JC', 'QS', 'KC']
Player 3 (auction 4 cards): ['10S', 'QH', '9H', '7C']
Auction winner (bidder): Player 1 with bid 19
Bidder sets concealed trump suit: D
Phase: concealed, bidder concealed card: 9D

Player 0 plays JD
Player 1 plays 7D
Player 2 plays 10D
Player 3 plays QD
Player 0 won the hand: 4 points

Player 0 plays 10C
Player 1 plays QC
Player 2 plays JC
Player 3 plays 7C
Player 2 won the hand: 4 points

Player 2 plays AH
Player 3 plays QH
Player 0 plays 7H
Player 1 plays KH
Player 2 won the hand: 1 points

Player 2 plays QS
Player 3 plays 10S
Player 0 plays AC
Player 1 plays KS
Player 3 won the hand: 2 points

Player 3 plays 9H
Player 0 plays 9C
Player 1 plays 8H
Player 2 plays 10H
Player 3 won the hand: 5 points

Player 3 plays JS
-- Phase 2 begins: Trump revealed as D by Player 0 on trick 6 --
Player 0 plays 8D
Player 1 plays 9S
Player 2 plays 8S
Player 0 won the hand: 5 points

Player 0 plays AD
Player 1 plays 9D
Player 2 plays KC
Player 3 plays 7S
Player 1 won the hand: 3 points

Player 1 plays 8C
Player 2 plays JH
Player 3 plays AS
Player 0 plays KD
Player 0 won the hand: 4 points

Game 118 final points: Team A=18, Team B=10
Series cumulative game score so far: Team A=-8, Team B=-5
Log saved to: c:\Users\laksh\Desktop\Projects\28bot\logs\game28\mcts_games\game_118_20250823_122815_761600.log
