
===== GAME 79 (20250825_155133_212724) =====

===== AUCTION =====
Pass (locked): Player 0 (min_allowed=16)
  bidding analysis:
    present_suits: H, D, C, S
    current_high=0  min_allowed=16  raise_delta=1
    overall: avg=13.00  p30=13.00  std=0.00
    failed_checks:
      H: p30 13.00 < 15; conf_mean 13.00 < 15
      D: p30 9.00 < 15; conf_mean 9.00 < 15
      C: p30 7.00 < 15; conf_mean 7.00 < 15
      S: p30 11.00 < 15; conf_mean 11.00 < 15
    reason: Pass: No suit meets thresholds. Best suit H has p30=13.00, conf_mean=13.00 below min_allowed=16 (current_high=0, raise_delta=+1). Failed checks for best suit: p30 13.00 < 15, conf_mean 13.00 < 15.
Pass (locked): Player 1 (min_allowed=16)
  bidding analysis:
    present_suits: H, D, C, S
    current_high=0  min_allowed=16  raise_delta=1
    overall: avg=13.00  p30=13.00  std=0.00
    failed_checks:
      H: p30 13.00 < 15; conf_mean 13.00 < 15
      D: p30 10.00 < 15; conf_mean 10.00 < 15
      C: p30 2.00 < 15; conf_mean 2.00 < 15
      S: p30 13.00 < 15; conf_mean 13.00 < 15
    reason: Pass: No suit meets thresholds. Best suit H has p30=13.00, conf_mean=13.00 below min_allowed=16 (current_high=0, raise_delta=+1). Failed checks for best suit: p30 13.00 < 15, conf_mean 13.00 < 15.
Pass (locked): Player 2 (min_allowed=16)
  bidding analysis:
    present_suits: D, S
    current_high=0  min_allowed=16  raise_delta=1
    overall: avg=17.56  p30=14.00  std=5.60
    suit_stats:
      D: pts=[3, 21, 18, 18, 21, 20 ...]  avg=17.56  p30=14.00  std=5.60
      S: pts=[]
    failed_checks:
      D: p30 14.00 < 15; conf_mean 14.76 < 15
      S: p30 0.00 < 15; conf_mean 0.00 < 15
    reason: Pass: No suit meets thresholds. Best suit D has p30=14.00, conf_mean=14.76 below min_allowed=16 (current_high=0, raise_delta=+1). Failed checks for best suit: p30 14.00 < 15, conf_mean 14.76 < 15.
Pass (locked): Player 3 (min_allowed=16)
  bidding analysis:
    present_suits: H, C, S
    current_high=0  min_allowed=16  raise_delta=1
    overall: avg=17.38  p30=15.00  std=5.18
    suit_stats:
      S: pts=[9, 18, 21, 8, 15, 23 ...]  avg=17.38  p30=15.00  std=5.18
      H: pts=[]
      C: pts=[]
    failed_checks:
      H: p30 0.00 < 15; conf_mean 0.00 < 15
      C: p30 0.00 < 15; conf_mean 0.00 < 15
      S: conf_mean 14.78 < 15
    reason: Pass: No suit meets thresholds. Best suit S has p30=15.00, conf_mean=14.78 below min_allowed=16 (current_high=0, raise_delta=+1). Failed checks for best suit: conf_mean 14.78 < 15.
Forced bid: All players passed. Player 0 takes minimum bid 16.

AUCTION WINNER: Player 0 with bid 16; chooses trump H 
Details={'chosen': 'H', 'estimates': {'H': 13.0, 'D': 9.0, 'C': 7.0, 'S': 11.0}}
Player 0 hand :  ['QS', 'KD', '7C', '8H', '7H', 'AC', 'AH']
Player 1 hand :  ['7S', 'QH', 'KC', '10D', '9D', '7D', '10H', 'AS']
Player 2 hand :  ['8D', 'JD', 'AD', '9S', 'KS', '10C', 'JC', 'QD']
Player 3 hand :  ['8S', '8C', '10S', 'JH', 'QC', '9C', 'JS', '9H']
Player 0 (auction 4 cards): ['QS', 'KD', 'KH', '7C']
Player 1 (auction 4 cards): ['7S', 'QH', 'KC', '10D']
Player 2 (auction 4 cards): ['8D', 'JD', 'AD', '9S']
Player 3 (auction 4 cards): ['8S', '8C', '10S', 'JH']
Auction winner (bidder): Player 0 with bid 16
Bidder sets concealed trump suit: H
Phase: concealed, bidder concealed card: KH

Player 0 plays QS
Player 1 plays 7S
Player 2 plays 9S
Player 3 plays 8S
Player 2 won the hand: 2 points

Player 2 plays 8D
Player 3 plays 8C
Player 0 plays KD
Player 1 plays 10D
Player 1 won the hand: 1 points

Player 1 plays QH
Player 2 plays JD
Player 3 plays JH
Player 0 plays 8H
Player 3 won the hand: 6 points

Player 3 plays 10S
Player 0 plays 7C
Player 1 plays AS
Player 2 plays KS
Player 1 won the hand: 2 points

Player 1 plays KC
Player 2 plays 10C
Player 3 plays QC
Player 0 plays AC
Player 0 won the hand: 2 points

Player 0 plays 7H
Player 1 plays 10H
Player 2 plays AD
Player 3 plays 9H
Player 3 won the hand: 4 points

Player 3 plays 9C
-- Phase 2 begins: Trump revealed as H by Player 0 on trick 7 --
Player 0 plays AH
Player 1 plays 9D
Player 2 plays JC
Player 0 won the hand: 8 points

Player 0 plays KH
Player 1 plays 7D
Player 2 plays QD
Player 3 plays JS
Player 0 won the hand: 3 points

Game 79 final points: Team A=15, Team B=13
Series cumulative game score so far: Team A=-17, Team B=-6
Log saved to: c:\Users\laksh\Desktop\Projects\28bot\logs\game28\mcts_games\game_79_20250825_155133_212724.log
