
===== GAME 55 (20250822_145458_676369) =====

===== AUCTION =====
Pass (locked): Player 0 (min_allowed=16)
  bidding analysis:
    present_suits: H, D, C
    current_high=0  min_allowed=16  raise_delta=1
    overall: avg=17.50  p30=14.00  std=5.60
    suit_stats:
      C: pts=[17, 9, 23, 14, 24, 19 ...]  avg=17.50  p30=14.00  std=5.60
      H: pts=[]
      D: pts=[]
    failed_checks:
      H: p30 0.00 < 15; conf_mean 0.00 < 15
      D: p30 0.00 < 15; conf_mean 0.00 < 15
      C: p30 14.00 < 15; conf_mean 14.70 < 15
    reason: Pass: No suit meets thresholds. Best suit C has p30=14.00, conf_mean=14.70 below min_allowed=16 (current_high=0, raise_delta=+1). Failed checks for best suit: p30 14.00 < 15, conf_mean 14.70 < 15.
Bid: Player 1 proposes 19 (min_allowed=16)
  bidding analysis:
    present_suits: D, S
    current_high=0  min_allowed=16  raise_delta=1
    chosen_suit: S
    proposed_bid: 19
    overall: avg=19.00  p30=19.00  std=0.00
    suit_stats:
      D: pts=[13, 9, 16, 13, 13, 21 ...]  avg=12.44  p30=9.00  std=5.18
      S: pts=[19]  avg=19.00  p30=19.00  std=0.00
    reason: Bid: Suit S meets thresholds (p30=19.00, conf_mean=19.00 >= min_allowed=16); conservative mapping max(p30, avg-1) -> 19. (current_high=0, raise_delta=+1)
Bid: Player 2 proposes 20 (min_allowed=20)
  bidding analysis:
    present_suits: H, D, C, S
    current_high=19  min_allowed=20  raise_delta=1
    chosen_suit: S
    proposed_bid: 20
    overall: avg=19.00  p30=19.00  std=0.00
    suit_stats:
      H: pts=[13]  avg=13.00  p30=13.00  std=0.00
      D: pts=[18]  avg=18.00  p30=18.00  std=0.00
      S: pts=[19]  avg=19.00  p30=19.00  std=0.00
      C: pts=[12]  avg=12.00  p30=12.00  std=0.00
    reason: Bid: Suit S meets thresholds (p30=19.00, conf_mean=19.00 >= min_allowed=20); conservative mapping max(p30, avg-1) -> 20. (current_high=19, raise_delta=+1)
Pass (locked): Player 3 (min_allowed=21)
  bidding analysis:
    present_suits: D, C, S
    current_high=20  min_allowed=21  raise_delta=1
    overall: avg=13.75  p30=10.00  std=5.12
    suit_stats:
      S: pts=[14, 21, 8, 9, 15, 10 ...]  avg=13.75  p30=10.00  std=5.12
      D: pts=[]
      C: pts=[]
    failed_checks:
      D: p30 0.00 < 20; conf_mean 0.00 < 20
      C: p30 0.00 < 20; conf_mean 0.00 < 20
      S: p30 10.00 < 20; conf_mean 11.19 < 20
    reason: Pass: No suit meets thresholds. Best suit S has p30=10.00, conf_mean=11.19 below min_allowed=21 (current_high=20, raise_delta=+1). Failed checks for best suit: p30 10.00 < 20, conf_mean 11.19 < 20.
Pass (locked): Player 1 (min_allowed=21)
  bidding analysis:
    present_suits: D, S
    current_high=20  min_allowed=21  raise_delta=1
    overall: avg=12.00  p30=12.00  std=0.00
    suit_stats:
      S: pts=[24, 6, 9, 14, 20, 21 ...]  avg=14.44  p30=10.00  std=5.89
      D: pts=[12]  avg=12.00  p30=12.00  std=0.00
    failed_checks:
      D: p30 12.00 < 20; conf_mean 12.00 < 20
      S: p30 10.00 < 20; conf_mean 11.49 < 20
    reason: Pass: No suit meets thresholds. Best suit D has p30=12.00, conf_mean=12.00 below min_allowed=21 (current_high=20, raise_delta=+1). Failed checks for best suit: p30 12.00 < 20, conf_mean 12.00 < 20.

AUCTION WINNER: Player 2 with bid 20; chooses trump D 
Details={'chosen': 'D', 'estimates': {'C': 14.0, 'S': 12.0, 'D': 15.0, 'H': 10.0}}
Player 0 hand :  ['AC', 'JC', 'QD', 'JH', '10D', '8D', '10S', '9H']
Player 1 hand :  ['JS', '7D', 'KD', 'KS', '9C', 'AH', '7C', 'AD']
Player 2 hand :  ['QS', '8H', 'KC', '8S', '9S', 'QH', '7H']
Player 3 hand :  ['8C', 'JD', 'AS', '7S', '10C', 'QC', 'KH', '10H']
Player 0 (auction 4 cards): ['AC', 'JC', 'QD', 'JH']
Player 1 (auction 4 cards): ['JS', '7D', 'KD', 'KS']
Player 2 (auction 4 cards): ['9D', 'QS', '8H', 'KC']
Player 3 (auction 4 cards): ['8C', 'JD', 'AS', '7S']
Auction winner (bidder): Player 2 with bid 20
Bidder sets concealed trump suit: D
Phase: concealed, bidder concealed card: 9D

Player 0 plays AC
Player 1 plays 9C
Player 2 plays KC
Player 3 plays 8C
Player 1 won the hand: 3 points

Player 1 plays JS
Player 2 plays QS
Player 3 plays AS
Player 0 plays 10S
Player 1 won the hand: 5 points

Player 1 plays 7D
Player 2 plays 8H
Player 3 plays JD
Player 0 plays QD
Player 3 won the hand: 3 points

Player 3 plays 7S
Player 0 plays JC
Player 1 plays KS
Player 2 plays 8S
Player 1 won the hand: 3 points

Player 1 plays KD
Player 2 plays 9S
Player 3 plays 10C
Player 0 plays 10D
Player 0 won the hand: 4 points

Player 0 plays JH
Player 1 plays AH
Player 2 plays QH
Player 3 plays KH
Player 0 won the hand: 4 points

Player 0 plays 8D
Player 1 plays AD
Player 2 plays 7H
Player 3 plays QC
Player 1 won the hand: 1 points

Player 1 plays 7C
Error during gameplay: Current player 2 has no cards but other players do
No cards available, ending game
Game 55 final points: Team A=8, Team B=15
Series cumulative game score so far: Team A=-12, Team B=3
Log saved to: c:\Users\laksh\Desktop\Projects\28bot\logs\game28\mcts_games\game_55_20250822_145458_676369.log
