
===== GAME 66 (20250825_143019_071641) =====

===== AUCTION =====
Pass (locked): Player 0 (min_allowed=16)
  bidding analysis:
    present_suits: H, D, S
    current_high=0  min_allowed=16  raise_delta=1
    overall: avg=0.00  p30=0.00  std=0.00
    failed_checks:
      H: p30 0.00 < 15; conf_mean 0.00 < 15
      D: p30 0.00 < 15; conf_mean 0.00 < 15
    reason: Pass: No suit meets thresholds. Best suit H has p30=0.00, conf_mean=0.00 below min_allowed=16 (current_high=0, raise_delta=+1). Failed checks for best suit: p30 0.00 < 15, conf_mean 0.00 < 15.
Pass (locked): Player 1 (min_allowed=16)
  bidding analysis:
    present_suits: H, D, C, S
    current_high=0  min_allowed=16  raise_delta=1
    overall: avg=14.17  p30=10.00  std=6.04
    failed_checks:
      H: p30 10.00 < 15; conf_mean 11.15 < 15
      D: p30 3.00 < 15; conf_mean 8.23 < 15
      C: p30 8.00 < 15; conf_mean 10.87 < 15
      S: p30 8.00 < 15; conf_mean 8.49 < 15
    reason: Pass: No suit meets thresholds. Best suit H has p30=10.00, conf_mean=11.15 below min_allowed=16 (current_high=0, raise_delta=+1). Failed checks for best suit: p30 10.00 < 15, conf_mean 11.15 < 15.
Pass (locked): Player 2 (min_allowed=16)
  bidding analysis:
    present_suits: H, D, C
    current_high=0  min_allowed=16  raise_delta=1
    overall: avg=14.62  p30=13.00  std=4.82
    failed_checks:
      D: p30 13.00 < 15; conf_mean 12.21 < 15
      C: p30 0.00 < 15; conf_mean 0.00 < 15
    reason: Pass: No suit meets thresholds. Best suit D has p30=13.00, conf_mean=12.21 below min_allowed=16 (current_high=0, raise_delta=+1). Failed checks for best suit: p30 13.00 < 15, conf_mean 12.21 < 15.
Pass (locked): Player 3 (min_allowed=16)
  bidding analysis:
    present_suits: D, C, S
    current_high=0  min_allowed=16  raise_delta=1
    overall: avg=16.62  p30=16.00  std=4.85
    failed_checks:
      D: conf_mean 14.20 < 15
      C: p30 0.00 < 15; conf_mean 0.00 < 15
      S: p30 0.00 < 15; conf_mean 0.00 < 15
    reason: Pass: No suit meets thresholds. Best suit D has p30=16.00, conf_mean=14.20 below min_allowed=16 (current_high=0, raise_delta=+1). Failed checks for best suit: conf_mean 14.20 < 15.
Forced bid: All players passed. Player 0 takes minimum bid 16.

AUCTION WINNER: Player 0 with bid 16; chooses trump S 
Details={'chosen': 'S', 'estimates': {'H': 0.0, 'D': 0.0, 'S': 9.5}}
Player 0 hand :  ['10S', 'QH', '8D', 'AD', 'KD', '10D', 'JH']
Player 1 hand :  ['AC', '8S', '10H', '9D', '9H', 'QD', 'KS', '7C']
Player 2 hand :  ['JC', '7D', 'KH', '7H', '10C', 'QC', 'AH', '8H']
Player 3 hand :  ['8C', '7S', '9S', 'JD', 'KC', '9C', 'JS', 'AS']
Player 0 (auction 4 cards): ['QS', '10S', 'QH', '8D']
Player 1 (auction 4 cards): ['AC', '8S', '10H', '9D']
Player 2 (auction 4 cards): ['JC', '7D', 'KH', '7H']
Player 3 (auction 4 cards): ['8C', '7S', '9S', 'JD']
Auction winner (bidder): Player 0 with bid 16
Bidder sets concealed trump suit: S
Phase: concealed, bidder concealed card: QS

Player 0 plays QH
Player 1 plays 10H
Player 2 plays KH
Player 3 plays 8C
Player 1 won the hand: 1 points

Player 1 plays AC
Player 2 plays JC
Player 3 plays KC
-- Phase 2 begins: Trump revealed as S by Player 0 on trick 2 --
Player 0 plays 10S
Player 0 won the hand: 5 points

Player 0 plays 8D
Player 1 plays 9D
Player 2 plays 7D
Player 3 plays JD
Player 3 won the hand: 5 points

Player 3 plays 7S
Player 0 plays QS
Player 1 plays 8S
Player 2 plays 7H
Player 0 won the hand: 0 points

Player 0 plays AD
Player 1 plays QD
Player 2 plays 10C
Player 3 plays 9S
Player 3 won the hand: 4 points

Player 3 plays 9C
Player 0 plays KD
Player 1 plays 7C
Player 2 plays QC
Player 3 won the hand: 2 points

Player 3 plays JS
Player 0 plays 10D
Player 1 plays KS
Player 2 plays AH
Player 3 won the hand: 5 points

Player 3 plays AS
Player 0 plays JH
Player 1 plays 9H
Player 2 plays 8H
Player 3 won the hand: 6 points

Game 66 final points: Team A=5, Team B=23
Series cumulative game score so far: Team A=-20, Team B=-5
Log saved to: c:\Users\laksh\Desktop\Projects\28bot\logs\game28\mcts_games\game_66_20250825_143019_071641.log
