
===== GAME 70 (20250825_145736_708423) =====

===== AUCTION =====
Bid: Player 0 proposes 17 (min_allowed=16)
  bidding analysis:
    present_suits: D, C
    current_high=0  min_allowed=16  raise_delta=1
    chosen_suit: D
    proposed_bid: 17
    overall: avg=18.56  p30=16.00  std=4.74
    suit_stats:
      D: pts=[13, 20, 24, 16, 16, 17 ...]  avg=18.56  p30=16.00  std=4.74
      C: pts=[]
    reason: Bid: Suit D meets thresholds (p30=16.00, conf_mean=16.19 >= min_allowed=16); conservative mapping max(p30, avg-1) -> 17. (current_high=0, raise_delta=+1)
Pass (locked): Player 1 (min_allowed=18)
  bidding analysis:
    present_suits: C, S
    current_high=17  min_allowed=18  raise_delta=1
    overall: avg=8.00  p30=8.00  std=0.00
    suit_stats:
      S: pts=[6, 3, 21, 13, 7, 22 ...]  avg=14.31  p30=7.00  std=7.65
      C: pts=[8]  avg=8.00  p30=8.00  std=0.00
    failed_checks:
      C: p30 8.00 < 17; conf_mean 8.00 < 17
      S: p30 7.00 < 17; conf_mean 10.49 < 17
    reason: Pass: No suit meets thresholds. Best suit C has p30=8.00, conf_mean=8.00 below min_allowed=18 (current_high=17, raise_delta=+1). Failed checks for best suit: p30 8.00 < 17, conf_mean 8.00 < 17.
Pass (locked): Player 2 (min_allowed=18)
  bidding analysis:
    present_suits: H
    current_high=17  min_allowed=18  raise_delta=1
    overall: avg=20.50  p30=16.00  std=5.06
    suit_stats:
      H: pts=[13, 24, 24, 24, 16, 16 ...]  avg=20.50  p30=16.00  std=5.06
    failed_checks:
      H: p30 16.00 < 17
    reason: Pass: No suit meets thresholds. Best suit H has p30=16.00, conf_mean=17.97 below min_allowed=18 (current_high=17, raise_delta=+1). Failed checks for best suit: p30 16.00 < 17.
Pass (locked): Player 3 (min_allowed=18)
  bidding analysis:
    present_suits: D, C, S
    current_high=17  min_allowed=18  raise_delta=1
    overall: avg=16.88  p30=12.00  std=6.12
    suit_stats:
      S: pts=[16, 26, 10, 18, 18, 24 ...]  avg=16.88  p30=12.00  std=6.12
      D: pts=[]
      C: pts=[]
    failed_checks:
      D: p30 0.00 < 17; conf_mean 0.00 < 17
      C: p30 0.00 < 17; conf_mean 0.00 < 17
      S: p30 12.00 < 17; conf_mean 13.81 < 17
    reason: Pass: No suit meets thresholds. Best suit S has p30=12.00, conf_mean=13.81 below min_allowed=18 (current_high=17, raise_delta=+1). Failed checks for best suit: p30 12.00 < 17, conf_mean 13.81 < 17.

AUCTION WINNER: Player 0 with bid 17; chooses trump D 
Details={'chosen': 'D', 'estimates': {'D': 19.0, 'C': 15.0}}
Player 0 hand :  ['9D', 'JC', '8D', '7D', '9H', 'KS', 'JS']
Player 1 hand :  ['7S', 'QC', '10S', '10C', '10H', 'QD', '8C', 'QH']
Player 2 hand :  ['KH', 'AH', 'JH', '8H', '7C', 'JD', '7H', '9C']
Player 3 hand :  ['10D', '8S', 'KC', 'QS', '9S', 'AS', 'AD', 'AC']
Player 0 (auction 4 cards): ['9D', 'JC', 'KD', '8D']
Player 1 (auction 4 cards): ['7S', 'QC', '10S', '10C']
Player 2 (auction 4 cards): ['KH', 'AH', 'JH', '8H']
Player 3 (auction 4 cards): ['10D', '8S', 'KC', 'QS']
Auction winner (bidder): Player 0 with bid 17
Bidder sets concealed trump suit: D
Phase: concealed, bidder concealed card: KD

Player 0 plays JC
Player 1 plays QC
Player 2 plays 7C
Player 3 plays KC
Player 0 won the hand: 3 points

Player 0 plays 9H
Player 1 plays 10H
Player 2 plays KH
-- Phase 2 begins: Trump revealed as D by Player 3 on trick 2 --
Player 3 plays 10D
Player 3 won the hand: 4 points

Player 3 plays 8S
Player 0 plays KS
Player 1 plays 7S
Player 2 plays AH
Player 0 won the hand: 1 points

Player 0 plays 9D
Player 1 plays QD
Player 2 plays JD
Player 3 plays AD
Player 2 won the hand: 6 points

Player 2 plays JH
Player 3 plays QS
Player 0 plays 8D
Player 1 plays QH
Player 0 won the hand: 3 points

Player 0 plays 7D
Player 1 plays 10S
Player 2 plays 8H
Player 3 plays 9S
Player 0 won the hand: 3 points

Player 0 plays JS
Player 1 plays 10C
Player 2 plays 7H
Player 3 plays AS
Player 0 won the hand: 5 points

Player 0 plays KD
Player 1 plays 8C
Player 2 plays 9C
Player 3 plays AC
Player 0 won the hand: 3 points

Game 70 final points: Team A=24, Team B=4
Series cumulative game score so far: Team A=-16, Team B=-6
Log saved to: c:\Users\laksh\Desktop\Projects\28bot\logs\game28\mcts_games\game_70_20250825_145736_708423.log
