
===== GAME 7 (20250819_134117_323957) =====

===== AUCTION =====
Pass (locked): Player 0 (min_allowed=16)
  bidding analysis:
    present_suits: C, S
    current_high=0  min_allowed=16  raise_delta=1
    overall: avg=10.00  p30=9.00  std=2.74
    suit_stats:
      C: pts=[9, 13, 6, 12]  avg=10.00  p30=9.00  std=2.74
      S: pts=[0, 8, 11, 5]  avg=6.00  p30=5.00  std=4.06
    failed_checks:
      C: p30 9.00 < 15; conf_mean 8.63 < 15
      S: p30 5.00 < 15; conf_mean 3.97 < 15
    reason: Pass: No suit meets thresholds. Best suit C has p30=9.00, conf_mean=8.63 below min_allowed=16 (current_high=0, raise_delta=+1). Failed checks for best suit: p30 9.00 < 15, conf_mean 8.63 < 15.
Pass (locked): Player 1 (min_allowed=16)
  bidding analysis:
    present_suits: H, D, C
    current_high=0  min_allowed=16  raise_delta=1
    overall: avg=12.75  p30=14.00  std=7.79
    suit_stats:
      H: pts=[12, 20, 20, 0]  avg=13.00  p30=12.00  std=8.19
      D: pts=[16, 14, 21, 0]  avg=12.75  p30=14.00  std=7.79
      C: pts=[10, 14, 0, 0]  avg=6.00  p30=0.00  std=6.16
    failed_checks:
      H: p30 12.00 < 15; conf_mean 8.91 < 15
      D: p30 14.00 < 15; conf_mean 8.85 < 15
      C: p30 0.00 < 15; conf_mean 2.92 < 15
    reason: Pass: No suit meets thresholds. Best suit D has p30=14.00, conf_mean=8.85 below min_allowed=16 (current_high=0, raise_delta=+1). Failed checks for best suit: p30 14.00 < 15, conf_mean 8.85 < 15.
Pass (locked): Player 2 (min_allowed=16)
  bidding analysis:
    present_suits: H, D, C
    current_high=0  min_allowed=16  raise_delta=1
    overall: avg=15.00  p30=13.00  std=4.18
    suit_stats:
      H: pts=[0, 21, 12, 21]  avg=13.50  p30=12.00  std=8.62
      D: pts=[13, 14, 11, 22]  avg=15.00  p30=13.00  std=4.18
      C: pts=[14, 9, 12, 9]  avg=11.00  p30=9.00  std=2.12
    failed_checks:
      H: p30 12.00 < 15; conf_mean 9.19 < 15
      D: p30 13.00 < 15; conf_mean 12.91 < 15
      C: p30 9.00 < 15; conf_mean 9.94 < 15
    reason: Pass: No suit meets thresholds. Best suit D has p30=13.00, conf_mean=12.91 below min_allowed=16 (current_high=0, raise_delta=+1). Failed checks for best suit: p30 13.00 < 15, conf_mean 12.91 < 15.
Pass (locked): Player 3 (min_allowed=16)
  bidding analysis:
    present_suits: H, D, C
    current_high=0  min_allowed=16  raise_delta=1
    overall: avg=8.00  p30=0.00  std=8.00
    suit_stats:
      H: pts=[0, 11, 0, 20]  avg=7.75  p30=0.00  std=8.38
      D: pts=[12, 0, 13, 0]  avg=6.25  p30=0.00  std=6.26
      C: pts=[16, 16, 0, 0]  avg=8.00  p30=0.00  std=8.00
    failed_checks:
      H: p30 0.00 < 15; conf_mean 3.56 < 15
      D: p30 0.00 < 15; conf_mean 3.12 < 15
      C: p30 0.00 < 15; conf_mean 4.00 < 15
    reason: Pass: No suit meets thresholds. Best suit C has p30=0.00, conf_mean=4.00 below min_allowed=16 (current_high=0, raise_delta=+1). Failed checks for best suit: p30 0.00 < 15, conf_mean 4.00 < 15.
Forced bid: All players passed. Player 0 takes minimum bid 16.

AUCTION WINNER: Player 0 with bid 16; chooses trump C 
Details={'chosen': 'C', 'estimates': {'C': 6, 'S': 6}}
Player 0 hand :  ['QS', '8S', 'QC', '10S', '10D', '7S', 'AS']
Player 1 hand :  ['JD', '8H', '7C', '10H', '9C', '7H', '9S', '9H']
Player 2 hand :  ['AD', 'QH', '10C', 'AH', 'JC', '8D', '7D', '9D']
Player 3 hand :  ['KH', 'KD', '8C', 'JH', 'AC', 'JS', 'KS', 'QD']
Player 0 (auction 4 cards): ['KC', 'QS', '8S', 'QC']
Player 1 (auction 4 cards): ['JD', '8H', '7C', '10H']
Player 2 (auction 4 cards): ['AD', 'QH', '10C', 'AH']
Player 3 (auction 4 cards): ['KH', 'KD', '8C', 'JH']
Auction winner (bidder): Player 0 with bid 16
Bidder sets concealed trump suit: C
Phase: concealed, bidder concealed card: KC

Player 0 plays 10D
Player 1 plays JD
Player 2 plays AD
Player 3 plays KD
Player 1 won the hand: 5 points

Player 1 plays 10H
Player 2 plays QH
Player 3 plays KH
-- Phase 2 begins: Trump revealed as C by Player 0 on trick 2 --
Player 0 plays QC
Player 0 won the hand: 1 points

Player 0 plays QS
Player 1 plays 9S
Player 2 plays 10C
Player 3 plays JS
Player 2 won the hand: 6 points

Player 2 plays 9D
Player 3 plays QD
Player 0 plays 8S
Player 1 plays 7C
Player 1 won the hand: 2 points

Player 1 plays 9C
Player 2 plays JC
Player 3 plays 8C
Player 0 plays KC
Player 2 won the hand: 5 points

Player 2 plays 8D
Player 3 plays AC
Player 0 plays 10S
Player 1 plays 8H
Player 3 won the hand: 2 points

Player 3 plays KS
Player 0 plays AS
Player 1 plays 7H
Player 2 plays AH
Player 0 won the hand: 2 points

Player 0 plays 7S
Player 1 plays 9H
Player 2 plays 7D
Player 3 plays JH
Player 0 won the hand: 5 points

Game 7 final points: Team A=19, Team B=9
Series cumulative game score so far: Team A=7, Team B=0
Log saved to: c:\Users\laksh\Desktop\Projects\28bot\logs\game28\mcts_games\game_7_20250819_134117_323957.log
