
===== GAME 64 (20250822_151833_542186) =====

===== AUCTION =====
Pass (locked): Player 0 (min_allowed=16)
  bidding analysis:
    present_suits: D, S
    current_high=0  min_allowed=16  raise_delta=1
    overall: avg=16.06  p30=13.00  std=5.74
    suit_stats:
      D: pts=[10, 23, 7, 24, 20, 9 ...]  avg=16.06  p30=13.00  std=5.74
      S: pts=[]
    failed_checks:
      D: p30 13.00 < 15; conf_mean 13.19 < 15
      S: p30 0.00 < 15; conf_mean 0.00 < 15
    reason: Pass: No suit meets thresholds. Best suit D has p30=13.00, conf_mean=13.19 below min_allowed=16 (current_high=0, raise_delta=+1). Failed checks for best suit: p30 13.00 < 15, conf_mean 13.19 < 15.
Pass (locked): Player 1 (min_allowed=16)
  bidding analysis:
    present_suits: H, C
    current_high=0  min_allowed=16  raise_delta=1
    overall: avg=15.69  p30=13.00  std=6.32
    suit_stats:
      C: pts=[25, 20, 3, 15, 11, 13 ...]  avg=15.69  p30=13.00  std=6.32
      H: pts=[]
    failed_checks:
      H: p30 0.00 < 15; conf_mean 0.00 < 15
      C: p30 13.00 < 15; conf_mean 12.53 < 15
    reason: Pass: No suit meets thresholds. Best suit C has p30=13.00, conf_mean=12.53 below min_allowed=16 (current_high=0, raise_delta=+1). Failed checks for best suit: p30 13.00 < 15, conf_mean 12.53 < 15.
Pass (locked): Player 2 (min_allowed=16)
  bidding analysis:
    present_suits: H, D, C
    current_high=0  min_allowed=16  raise_delta=1
    overall: avg=14.50  p30=11.00  std=6.10
    failed_checks:
      H: p30 0.00 < 15; conf_mean 0.00 < 15
      D: p30 11.00 < 15; conf_mean 11.45 < 15
      C: p30 0.00 < 15; conf_mean 0.00 < 15
    reason: Pass: No suit meets thresholds. Best suit D has p30=11.00, conf_mean=11.45 below min_allowed=16 (current_high=0, raise_delta=+1). Failed checks for best suit: p30 11.00 < 15, conf_mean 11.45 < 15.
Bid: Player 3 proposes 17 (min_allowed=16)
  bidding analysis:
    present_suits: D, S
    current_high=0  min_allowed=16  raise_delta=1
    chosen_suit: D
    proposed_bid: 17
    overall: avg=18.69  p30=16.00  std=4.33
    suit_stats:
      D: pts=[11, 15, 11, 22, 23, 22 ...]  avg=18.69  p30=16.00  std=4.33
      S: pts=[10]  avg=10.00  p30=10.00  std=0.00
    reason: Bid: Suit D meets thresholds (p30=16.00, conf_mean=16.52 >= min_allowed=16); conservative mapping max(p30, avg-1) -> 17. (current_high=0, raise_delta=+1)

AUCTION WINNER: Player 3 with bid 17; chooses trump D 
Details={'chosen': 'D', 'estimates': {'S': 15.0, 'D': 27.0}}
Player 0 hand :  ['7D', '8S', 'AD', 'QD', 'QS', 'JC', '10S', '8D']
Player 1 hand :  ['KC', '8H', 'QC', 'AC', 'KD', 'KS', '9H', '7S']
Player 2 hand :  ['KH', '10C', '9D', '7C', '8C', 'JH', '7H', '9C']
Player 3 hand :  ['JS', '10D', 'AS', 'QH', '9S', 'AH', '10H']
Player 0 (auction 4 cards): ['7D', '8S', 'AD', 'QD']
Player 1 (auction 4 cards): ['KC', '8H', 'QC', 'AC']
Player 2 (auction 4 cards): ['KH', '10C', '9D', '7C']
Player 3 (auction 4 cards): ['JS', '10D', 'JD', 'AS']
Auction winner (bidder): Player 3 with bid 17
Bidder sets concealed trump suit: D
Phase: concealed, bidder concealed card: JD

Player 0 plays 7D
Player 1 plays KD
Player 2 plays 9D
Player 3 plays 10D
Player 2 won the hand: 3 points

Player 2 plays KH
Player 3 plays QH
Player 0 plays 8S
Player 1 plays 8H
Player 2 won the hand: 0 points

Player 2 plays 10C
Player 3 plays JS
Player 0 plays JC
Player 1 plays KC
Player 0 won the hand: 7 points

Player 0 plays AD
Player 1 plays QC
Player 2 plays 7C
Player 3 plays AS
Player 0 won the hand: 2 points

Player 0 plays QD
Player 1 plays AC
Player 2 plays 8C
Player 3 plays 9S
Player 0 won the hand: 3 points

Player 0 plays QS
Player 1 plays KS
Player 2 plays JH
Player 3 plays AH
Player 1 won the hand: 4 points

Player 1 plays 9H
Player 2 plays 7H
Player 3 plays 10H
Player 0 plays 10S
Player 1 won the hand: 4 points

Player 1 plays 7S
Player 2 plays 9C
Error during gameplay: Current player 3 has no cards but other players do
No cards available, ending game
Game 64 final points: Team A=15, Team B=8
Series cumulative game score so far: Team A=-10, Team B=2
Log saved to: c:\Users\laksh\Desktop\Projects\28bot\logs\game28\mcts_games\game_64_20250822_151833_542186.log
