
===== GAME 8 (20250821_094433_656747) =====

===== AUCTION =====
Bid: Player 0 proposes 17 (min_allowed=16)
  bidding analysis:
    present_suits: D, C, S
    current_high=0  min_allowed=16  raise_delta=1
    chosen_suit: C
    proposed_bid: 17
    overall: avg=18.12  p30=15.00  std=4.51
    suit_stats:
      C: pts=[15, 15, 27, 21, 20, 19 ...]  avg=18.12  p30=15.00  std=4.51
      D: pts=[]
      S: pts=[]
    reason: Bid: Suit C meets thresholds (p30=15.00, conf_mean=15.87 >= min_allowed=16); conservative mapping max(p30, avg-1) -> 17. (current_high=0, raise_delta=+1)
Pass (locked): Player 1 (min_allowed=18)
  bidding analysis:
    present_suits: H, C
    current_high=17  min_allowed=18  raise_delta=1
    overall: avg=11.75  p30=9.00  std=5.29
    suit_stats:
      C: pts=[13, 5, 9, 17, 10, 4 ...]  avg=11.75  p30=9.00  std=5.29
      H: pts=[9]  avg=9.00  p30=9.00  std=0.00
    failed_checks:
      H: p30 9.00 < 17; conf_mean 9.00 < 17
      C: p30 9.00 < 17; conf_mean 9.11 < 17
    reason: Pass: No suit meets thresholds. Best suit C has p30=9.00, conf_mean=9.11 below min_allowed=18 (current_high=17, raise_delta=+1). Failed checks for best suit: p30 9.00 < 17, conf_mean 9.11 < 17.
Pass (locked): Player 2 (min_allowed=18)
  bidding analysis:
    present_suits: H, D, S
    current_high=17  min_allowed=18  raise_delta=1
    overall: avg=16.50  p30=15.00  std=4.21
    suit_stats:
      H: pts=[18, 11, 19, 15, 20, 18 ...]  avg=16.50  p30=15.00  std=4.21
      D: pts=[]
      S: pts=[]
    failed_checks:
      H: p30 15.00 < 17; conf_mean 14.39 < 17
      D: p30 0.00 < 17; conf_mean 0.00 < 17
      S: p30 0.00 < 17; conf_mean 0.00 < 17
    reason: Pass: No suit meets thresholds. Best suit H has p30=15.00, conf_mean=14.39 below min_allowed=18 (current_high=17, raise_delta=+1). Failed checks for best suit: p30 15.00 < 17, conf_mean 14.39 < 17.
Pass (locked): Player 3 (min_allowed=18)
  bidding analysis:
    present_suits: H, D, S
    current_high=17  min_allowed=18  raise_delta=1
    overall: avg=14.00  p30=8.00  std=7.14
    suit_stats:
      S: pts=[14, 22, 5, 23, 10, 8 ...]  avg=14.00  p30=8.00  std=7.14
      H: pts=[]
      D: pts=[]
    failed_checks:
      H: p30 0.00 < 17; conf_mean 0.00 < 17
      D: p30 0.00 < 17; conf_mean 0.00 < 17
      S: p30 8.00 < 17; conf_mean 10.43 < 17
    reason: Pass: No suit meets thresholds. Best suit S has p30=8.00, conf_mean=10.43 below min_allowed=18 (current_high=17, raise_delta=+1). Failed checks for best suit: p30 8.00 < 17, conf_mean 10.43 < 17.

AUCTION WINNER: Player 0 with bid 17; chooses trump C 
Details={'chosen': 'C', 'estimates': {'C': 22.0, 'S': 17.0, 'D': 14.0}}
Player 0 hand :  ['9D', 'QS', 'JC', 'AD', '10S', '8D', '9C']
Player 1 hand :  ['10C', '10H', 'QH', 'KC', 'QD', '9S', '9H', 'AS']
Player 2 hand :  ['KH', '8H', '10D', 'JS', 'KD', '7C', '7H', 'JD']
Player 3 hand :  ['JH', '8S', '7D', 'KS', '7S', 'AH', '8C', 'QC']
Player 0 (auction 4 cards): ['9D', 'QS', 'JC', 'AC']
Player 1 (auction 4 cards): ['10C', '10H', 'QH', 'KC']
Player 2 (auction 4 cards): ['KH', '8H', '10D', 'JS']
Player 3 (auction 4 cards): ['JH', '8S', '7D', 'KS']
Auction winner (bidder): Player 0 with bid 17
Bidder sets concealed trump suit: C
Phase: concealed, bidder concealed card: AC

Player 0 plays 9D
Player 1 plays QD
Player 2 plays 10D
Player 3 plays 7D
Player 0 won the hand: 3 points

Player 0 plays QS
Player 1 plays 9S
Player 2 plays JS
Player 3 plays 8S
Player 2 won the hand: 5 points

Player 2 plays KH
Player 3 plays JH
-- Phase 2 begins: Trump revealed as C by Player 0 on trick 3 --
Player 0 plays JC
Player 1 plays 10H
Player 0 won the hand: 7 points

Player 0 plays AD
Player 1 plays 10C
Player 2 plays KD
Player 3 plays KS
Player 1 won the hand: 2 points

Player 1 plays QH
Player 2 plays 8H
Player 3 plays AH
Player 0 plays 10S
Player 3 won the hand: 2 points

Player 3 plays 7S
Player 0 plays 8D
Player 1 plays AS
Player 2 plays 7C
Player 2 won the hand: 1 points

Player 2 plays 7H
Player 3 plays 8C
Player 0 plays 9C
Player 1 plays 9H
Player 0 won the hand: 4 points

Player 0 plays AC
Player 1 plays KC
Player 2 plays JD
Player 3 plays QC
Player 0 won the hand: 4 points

Game 8 final points: Team A=24, Team B=4
Series cumulative game score so far: Team A=-3, Team B=-1
Log saved to: C:\Users\laksh\Desktop\Projects\28bot\logs\game28\mcts_games\game_8_20250821_094433_656747.log
