
===== GAME 2 (20250819_181727_122076) =====

===== AUCTION =====
Pass (locked): Player 0 (min_allowed=16)
  bidding analysis:
    present_suits: D, S
    current_high=0  min_allowed=16  raise_delta=1
    overall: avg=6.67  p30=0.00  std=7.74
    failed_checks:
      D: p30 0.00 < 15; conf_mean 2.80 < 15
    reason: Pass: No suit meets thresholds. Best suit D has p30=0.00, conf_mean=2.80 below min_allowed=16 (current_high=0, raise_delta=+1). Failed checks for best suit: p30 0.00 < 15, conf_mean 2.80 < 15.
Pass (locked): Player 1 (min_allowed=16)
  bidding analysis:
    present_suits: C, S
    current_high=0  min_allowed=16  raise_delta=1
    overall: avg=7.25  p30=3.00  std=7.22
    suit_stats:
      C: pts=[7, 19, 0, 3]  avg=7.25  p30=3.00  std=7.22
      S: pts=[]
    failed_checks:
      C: p30 3.00 < 15; conf_mean 3.64 < 15
      S: p30 0.00 < 15; conf_mean 0.00 < 15
    reason: Pass: No suit meets thresholds. Best suit C has p30=3.00, conf_mean=3.64 below min_allowed=16 (current_high=0, raise_delta=+1). Failed checks for best suit: p30 3.00 < 15, conf_mean 3.64 < 15.
Pass (locked): Player 2 (min_allowed=16)
  bidding analysis:
    present_suits: H, C
    current_high=0  min_allowed=16  raise_delta=1
    overall: avg=15.50  p30=12.00  std=5.68
    suit_stats:
      H: pts=[24, 12, 9, 17]  avg=15.50  p30=12.00  std=5.68
      C: pts=[21, 10]  avg=15.50  p30=10.00  std=5.50
    failed_checks:
      H: p30 12.00 < 15; conf_mean 12.66 < 15
      C: p30 10.00 < 15; conf_mean 12.75 < 15
    reason: Pass: No suit meets thresholds. Best suit H has p30=12.00, conf_mean=12.66 below min_allowed=16 (current_high=0, raise_delta=+1). Failed checks for best suit: p30 12.00 < 15, conf_mean 12.66 < 15.
Pass (locked): Player 3 (min_allowed=16)
  bidding analysis:
    present_suits: D, C
    current_high=0  min_allowed=16  raise_delta=1
    overall: avg=18.25  p30=23.00  std=10.57
    suit_stats:
      D: pts=[25, 25, 0, 23]  avg=18.25  p30=23.00  std=10.57
      C: pts=[]
    failed_checks:
      D: conf_mean 12.97 < 15
      C: p30 0.00 < 15; conf_mean 0.00 < 15
    reason: Pass: No suit meets thresholds. Best suit D has p30=23.00, conf_mean=12.97 below min_allowed=16 (current_high=0, raise_delta=+1). Failed checks for best suit: conf_mean 12.97 < 15.
Forced bid: All players passed. Player 0 takes minimum bid 16.

AUCTION WINNER: Player 0 with bid 16; chooses trump S 
Details={'chosen': 'S', 'estimates': {'D': 6.666666666666667, 'S': 17.0}}
Player 0 hand :  ['7D', 'AD', '8D', 'KD', '9S', 'QD', '8H']
Player 1 hand :  ['10S', '9C', 'KC', '8C', '7C', 'AH', 'KS', '9H']
Player 2 hand :  ['7H', 'JC', 'QC', '10H', 'JH', 'JS', '8S', 'AS']
Player 3 hand :  ['JD', '9D', '10D', 'AC', 'KH', 'QS', '10C', 'QH']
Player 0 (auction 4 cards): ['7D', 'AD', '8D', '7S']
Player 1 (auction 4 cards): ['10S', '9C', 'KC', '8C']
Player 2 (auction 4 cards): ['7H', 'JC', 'QC', '10H']
Player 3 (auction 4 cards): ['JD', '9D', '10D', 'AC']
Auction winner (bidder): Player 0 with bid 16
Bidder sets concealed trump suit: S
Phase: concealed, bidder concealed card: 7S

Player 0 plays 7D
-- Phase 2 begins: Trump revealed as S by Player 1 on trick 1 --
Player 1 plays 10S
Player 2 plays 7H
Player 3 plays JD
Player 1 won the hand: 4 points

Player 1 plays 9C
Player 2 plays JC
Player 3 plays AC
Player 0 plays AD
Player 2 won the hand: 7 points

Player 2 plays QC
Player 3 plays 10C
Player 0 plays 8D
Player 1 plays KC
Player 3 won the hand: 1 points

Player 3 plays 9D
Player 0 plays KD
Player 1 plays 8C
Player 2 plays 10H
Player 3 won the hand: 3 points

Player 3 plays 10D
Player 0 plays QD
Player 1 plays 7C
Player 2 plays JH
Player 3 won the hand: 4 points

Player 3 plays KH
Player 0 plays 8H
Player 1 plays AH
Player 2 plays JS
Player 2 won the hand: 4 points

Player 2 plays 8S
Player 3 plays QS
Player 0 plays 9S
Player 1 plays KS
Player 0 won the hand: 2 points

Player 0 plays 7S
Player 1 plays 9H
Player 2 plays AS
Player 3 plays QH
Player 2 won the hand: 3 points

Game 2 final points: Team A=16, Team B=12
Series cumulative game score so far: Team A=1, Team B=0
Log saved to: c:\Users\laksh\Desktop\Projects\28bot\logs\game28\mcts_games\game_2_20250819_181727_122076.log
