
===== GAME 38 (20250822_142733_484484) =====

===== AUCTION =====
Pass (locked): Player 0 (min_allowed=16)
  bidding analysis:
    present_suits: H, C
    current_high=0  min_allowed=16  raise_delta=1
    overall: avg=13.69  p30=12.00  std=4.98
    suit_stats:
      C: pts=[14, 17, 19, 15, 10, 14 ...]  avg=13.69  p30=12.00  std=4.98
      H: pts=[7]  avg=7.00  p30=7.00  std=0.00
    failed_checks:
      H: p30 7.00 < 15; conf_mean 7.00 < 15
      C: p30 12.00 < 15; conf_mean 11.20 < 15
    reason: Pass: No suit meets thresholds. Best suit C has p30=12.00, conf_mean=11.20 below min_allowed=16 (current_high=0, raise_delta=+1). Failed checks for best suit: p30 12.00 < 15, conf_mean 11.20 < 15.
Pass (locked): Player 1 (min_allowed=16)
  bidding analysis:
    present_suits: D, S
    current_high=0  min_allowed=16  raise_delta=1
    overall: avg=19.69  p30=14.00  std=5.75
    suit_stats:
      S: pts=[24, 13, 22, 28, 20, 13 ...]  avg=19.69  p30=14.00  std=5.75
      D: pts=[]
    failed_checks:
      D: p30 0.00 < 15; conf_mean 0.00 < 15
      S: p30 14.00 < 15
    reason: Pass: No suit meets thresholds. Best suit S has p30=14.00, conf_mean=16.81 below min_allowed=16 (current_high=0, raise_delta=+1). Failed checks for best suit: p30 14.00 < 15.
Bid: Player 2 proposes 16 (min_allowed=16)
  bidding analysis:
    present_suits: H, C
    current_high=0  min_allowed=16  raise_delta=1
    chosen_suit: H
    proposed_bid: 16
    overall: avg=15.00  p30=15.00  std=0.00
    suit_stats:
      C: pts=[13, 14, 19, 27, 4, 16 ...]  avg=15.50  p30=14.00  std=5.67
      H: pts=[15]  avg=15.00  p30=15.00  std=0.00
    reason: Bid: Suit H meets thresholds (p30=15.00, conf_mean=15.00 >= min_allowed=16); conservative mapping max(p30, avg-1) -> 16. (current_high=0, raise_delta=+1)
Pass (locked): Player 3 (min_allowed=17)
  bidding analysis:
    present_suits: D
    current_high=16  min_allowed=17  raise_delta=1
    overall: avg=16.44  p30=14.00  std=4.53
    suit_stats:
      D: pts=[7, 20, 23, 21, 11, 15 ...]  avg=16.44  p30=14.00  std=4.53
    failed_checks:
      D: p30 14.00 < 16; conf_mean 14.17 < 16
    reason: Pass: No suit meets thresholds. Best suit D has p30=14.00, conf_mean=14.17 below min_allowed=17 (current_high=16, raise_delta=+1). Failed checks for best suit: p30 14.00 < 16, conf_mean 14.17 < 16.

AUCTION WINNER: Player 2 with bid 16; chooses trump H 
Details={'chosen': 'H', 'estimates': {'C': 8.0, 'H': 13.0}}
Player 0 hand :  ['10H', '9C', 'QH', 'AC', '7H', '7C', 'QS', 'AH']
Player 1 hand :  ['7S', '9D', 'JS', '10S', 'KC', '8S', '10C', 'JH']
Player 2 hand :  ['8H', 'JC', 'QC', '9S', 'KS', '9H', '10D']
Player 3 hand :  ['8D', 'QD', 'JD', '7D', '8C', 'AS', 'KD', 'AD']
Player 0 (auction 4 cards): ['10H', '9C', 'QH', 'AC']
Player 1 (auction 4 cards): ['7S', '9D', 'JS', '10S']
Player 2 (auction 4 cards): ['8H', 'KH', 'JC', 'QC']
Player 3 (auction 4 cards): ['8D', 'QD', 'JD', '7D']
Auction winner (bidder): Player 2 with bid 16
Bidder sets concealed trump suit: H
Phase: concealed, bidder concealed card: KH

Player 0 plays 10H
Player 1 plays JH
Player 2 plays 8H
Player 3 plays 8D
Player 1 won the hand: 4 points

Player 1 plays 7S
Player 2 plays 9S
Player 3 plays AS
Player 0 plays QS
Player 2 won the hand: 3 points

Player 2 plays JC
Player 3 plays 8C
Player 0 plays 9C
Player 1 plays KC
Player 2 won the hand: 5 points

Player 2 plays QC
Player 3 plays QD
Player 0 plays AC
Player 1 plays 10C
Player 0 won the hand: 2 points

Player 0 plays QH
Player 1 plays 9D
Player 2 plays 9H
Player 3 plays JD
Player 2 won the hand: 7 points

Player 2 plays KS
Player 3 plays 7D
-- Phase 2 begins: Trump revealed as H by Player 0 on trick 6 --
Player 0 plays 7H
Player 1 plays JS
Player 0 won the hand: 3 points

Player 0 plays 7C
Player 1 plays 10S
Player 2 plays 10D
Player 3 plays KD
Player 0 won the hand: 2 points

Player 0 plays AH
Player 1 plays 8S
Player 2 plays KH
Player 3 plays AD
Player 0 won the hand: 2 points

Game 38 final points: Team A=24, Team B=4
Series cumulative game score so far: Team A=-8, Team B=3
Log saved to: c:\Users\laksh\Desktop\Projects\28bot\logs\game28\mcts_games\game_38_20250822_142733_484484.log
