
===== GAME 57 (20250820_160821_392068) =====

===== AUCTION =====
Pass (locked): Player 0 (min_allowed=16)
  bidding analysis:
    present_suits: H, C, S
    current_high=0  min_allowed=16  raise_delta=1
    overall: avg=11.50  p30=5.00  std=10.59
    suit_stats:
      S: pts=[5, 13, 28, 0]  avg=11.50  p30=5.00  std=10.59
      H: pts=[]
      C: pts=[]
    failed_checks:
      H: p30 0.00 < 15; conf_mean 0.00 < 15
      C: p30 0.00 < 15; conf_mean 0.00 < 15
      S: p30 5.00 < 15; conf_mean 6.20 < 15
    reason: Pass: No suit meets thresholds. Best suit S has p30=5.00, conf_mean=6.20 below min_allowed=16 (current_high=0, raise_delta=+1). Failed checks for best suit: p30 5.00 < 15, conf_mean 6.20 < 15.
Pass (locked): Player 1 (min_allowed=16)
  bidding analysis:
    present_suits: H, D, S
    current_high=0  min_allowed=16  raise_delta=1
    overall: avg=5.50  p30=4.00  std=3.84
    suit_stats:
      D: pts=[10, 8, 4, 0]  avg=5.50  p30=4.00  std=3.84
      H: pts=[]
      S: pts=[]
    failed_checks:
      H: p30 0.00 < 15; conf_mean 0.00 < 15
      D: p30 4.00 < 15; conf_mean 3.58 < 15
      S: p30 0.00 < 15; conf_mean 0.00 < 15
    reason: Pass: No suit meets thresholds. Best suit D has p30=4.00, conf_mean=3.58 below min_allowed=16 (current_high=0, raise_delta=+1). Failed checks for best suit: p30 4.00 < 15, conf_mean 3.58 < 15.
Pass (locked): Player 2 (min_allowed=16)
  bidding analysis:
    present_suits: D, C
    current_high=0  min_allowed=16  raise_delta=1
    overall: avg=12.75  p30=14.00  std=7.60
    suit_stats:
      D: pts=[18, 0, 19, 14]  avg=12.75  p30=14.00  std=7.60
      C: pts=[]
    failed_checks:
      D: p30 14.00 < 15; conf_mean 8.95 < 15
      C: p30 0.00 < 15; conf_mean 0.00 < 15
    reason: Pass: No suit meets thresholds. Best suit D has p30=14.00, conf_mean=8.95 below min_allowed=16 (current_high=0, raise_delta=+1). Failed checks for best suit: p30 14.00 < 15, conf_mean 8.95 < 15.
Pass (locked): Player 3 (min_allowed=16)
  bidding analysis:
    present_suits: D, C, S
    current_high=0  min_allowed=16  raise_delta=1
    overall: avg=8.25  p30=7.00  std=5.40
    suit_stats:
      C: pts=[7, 14, 0, 12]  avg=8.25  p30=7.00  std=5.40
      D: pts=[]
      S: pts=[]
    failed_checks:
      D: p30 0.00 < 15; conf_mean 0.00 < 15
      C: p30 7.00 < 15; conf_mean 5.55 < 15
      S: p30 0.00 < 15; conf_mean 0.00 < 15
    reason: Pass: No suit meets thresholds. Best suit C has p30=7.00, conf_mean=5.55 below min_allowed=16 (current_high=0, raise_delta=+1). Failed checks for best suit: p30 7.00 < 15, conf_mean 5.55 < 15.
Forced bid: All players passed. Player 0 takes minimum bid 16.

AUCTION WINNER: Player 0 with bid 16; chooses trump S 
Details={'chosen': 'S', 'estimates': {'C': 14.0, 'H': 12.5, 'S': 16.333333333333332}}
Player 0 hand :  ['KC', '7S', 'JH', '8C', 'AH', 'KD', 'AS']
Player 1 hand :  ['8D', '10H', 'AD', '8S', 'KH', '7C', 'JC', '8H']
Player 2 hand :  ['10D', 'AC', 'JD', '7D', '7H', 'QS', '9S', 'JS']
Player 3 hand :  ['QD', '10C', 'QC', 'KS', '9D', '9C', '9H', 'QH']
Player 0 (auction 4 cards): ['KC', '7S', 'JH', '10S']
Player 1 (auction 4 cards): ['8D', '10H', 'AD', '8S']
Player 2 (auction 4 cards): ['10D', 'AC', 'JD', '7D']
Player 3 (auction 4 cards): ['QD', '10C', 'QC', 'KS']
Auction winner (bidder): Player 0 with bid 16
Bidder sets concealed trump suit: S
Phase: concealed, bidder concealed card: 10S

Player 0 plays KC
Player 1 plays 7C
Player 2 plays AC
Player 3 plays 10C
Player 2 won the hand: 2 points

Player 2 plays 10D
Player 3 plays QD
Player 0 plays KD
Player 1 plays 8D
Player 2 won the hand: 1 points

Player 2 plays JD
Player 3 plays 9D
-- Phase 2 begins: Trump revealed as S by Player 0 on trick 3 --
Player 0 plays 7S
Player 1 plays AD
Player 0 won the hand: 6 points

Player 0 plays JH
Player 1 plays 10H
Player 2 plays 7H
Player 3 plays 9H
Player 0 won the hand: 6 points

Player 0 plays 8C
Player 1 plays JC
Player 2 plays 7D
Player 3 plays QC
Player 1 won the hand: 3 points

Player 1 plays 8S
Player 2 plays QS
Player 3 plays KS
Player 0 plays AS
Player 0 won the hand: 1 points

Player 0 plays AH
Player 1 plays KH
Player 2 plays 9S
Player 3 plays QH
Player 2 won the hand: 3 points

Player 2 plays JS
Player 3 plays 9C
Player 0 plays 10S
Player 1 plays 8H
Player 2 won the hand: 6 points

Game 57 final points: Team A=25, Team B=3
Series cumulative game score so far: Team A=-4, Team B=-4
Log saved to: c:\Users\laksh\Desktop\Projects\28bot\logs\game28\mcts_games\game_57_20250820_160821_392068.log
