
===== GAME 93 (20250822_170205_791114) =====

===== AUCTION =====
Pass (locked): Player 0 (min_allowed=16)
  bidding analysis:
    present_suits: H, C, S
    current_high=0  min_allowed=16  raise_delta=1
    overall: avg=16.94  p30=14.00  std=5.68
    suit_stats:
      S: pts=[8, 21, 14, 26, 21, 18 ...]  avg=16.94  p30=14.00  std=5.68
      H: pts=[]
      C: pts=[]
    failed_checks:
      H: p30 0.00 < 15; conf_mean 0.00 < 15
      C: p30 0.00 < 15; conf_mean 0.00 < 15
      S: p30 14.00 < 15; conf_mean 14.10 < 15
    reason: Pass: No suit meets thresholds. Best suit S has p30=14.00, conf_mean=14.10 below min_allowed=16 (current_high=0, raise_delta=+1). Failed checks for best suit: p30 14.00 < 15, conf_mean 14.10 < 15.
Pass (locked): Player 1 (min_allowed=16)
  bidding analysis:
    present_suits: H, D, S
    current_high=0  min_allowed=16  raise_delta=1
    overall: avg=13.31  p30=11.00  std=5.31
    suit_stats:
      D: pts=[11, 16, 8, 11, 14, 6 ...]  avg=13.31  p30=11.00  std=5.31
      H: pts=[]
      S: pts=[]
    failed_checks:
      H: p30 0.00 < 15; conf_mean 0.00 < 15
      D: p30 11.00 < 15; conf_mean 10.66 < 15
      S: p30 0.00 < 15; conf_mean 0.00 < 15
    reason: Pass: No suit meets thresholds. Best suit D has p30=11.00, conf_mean=10.66 below min_allowed=16 (current_high=0, raise_delta=+1). Failed checks for best suit: p30 11.00 < 15, conf_mean 10.66 < 15.
Bid: Player 2 proposes 23 (min_allowed=16)
  bidding analysis:
    present_suits: H, D, C, S
    current_high=0  min_allowed=16  raise_delta=1
    chosen_suit: D
    proposed_bid: 23
    overall: avg=23.00  p30=23.00  std=0.00
    suit_stats:
      S: pts=[13]  avg=13.00  p30=13.00  std=0.00
      C: pts=[13]  avg=13.00  p30=13.00  std=0.00
      H: pts=[18]  avg=18.00  p30=18.00  std=0.00
      D: pts=[23]  avg=23.00  p30=23.00  std=0.00
    reason: Bid: Suit D meets thresholds (p30=23.00, conf_mean=23.00 >= min_allowed=16); conservative mapping max(p30, avg-1) -> 23. (current_high=0, raise_delta=+1)
Pass (locked): Player 3 (min_allowed=24)
  bidding analysis:
    present_suits: C, S
    current_high=23  min_allowed=24  raise_delta=1
    overall: avg=15.38  p30=13.00  std=4.83
    suit_stats:
      C: pts=[11, 16, 21, 13, 18, 19 ...]  avg=15.38  p30=13.00  std=4.83
      S: pts=[]
    failed_checks:
      C: p30 13.00 < 23; conf_mean 12.96 < 23
      S: p30 0.00 < 23; conf_mean 0.00 < 23
    reason: Pass: No suit meets thresholds. Best suit C has p30=13.00, conf_mean=12.96 below min_allowed=24 (current_high=23, raise_delta=+1). Failed checks for best suit: p30 13.00 < 23, conf_mean 12.96 < 23.

AUCTION WINNER: Player 2 with bid 23; chooses trump D 
Details={'chosen': 'D', 'estimates': {'H': 4.0, 'S': 11.0, 'D': 20.0, 'C': 15.0}}
Player 0 hand :  ['7C', 'AH', 'JS', 'AS', 'JC', 'KH', '10S', 'JH']
Player 1 hand :  ['AD', 'QS', '9H', '7D', '8D', 'QD', 'AC', '8S']
Player 2 hand :  ['8C', '9S', '10H', '10D', '7H', 'KC', 'QH']
Player 3 hand :  ['7S', '9C', '10C', 'QC', 'KS', 'JD', '8H', '9D']
Player 0 (auction 4 cards): ['7C', 'AH', 'JS', 'AS']
Player 1 (auction 4 cards): ['AD', 'QS', '9H', '7D']
Player 2 (auction 4 cards): ['8C', '9S', '10H', 'KD']
Player 3 (auction 4 cards): ['7S', '9C', '10C', 'QC']
Auction winner (bidder): Player 2 with bid 23
Bidder sets concealed trump suit: D
Phase: concealed, bidder concealed card: KD

Player 0 plays 7C
Player 1 plays AC
Player 2 plays 8C
Player 3 plays 9C
Player 3 won the hand: 3 points

Player 3 plays 7S
Player 0 plays JS
Player 1 plays QS
Player 2 plays 9S
Player 0 won the hand: 5 points

Player 0 plays AH
Player 1 plays 9H
Player 2 plays 10H
Player 3 plays 8H
Player 1 won the hand: 4 points

Player 1 plays AD
Player 2 plays 10D
Player 3 plays JD
Player 0 plays AS
Player 3 won the hand: 6 points

Player 3 plays 10C
Player 0 plays JC
-- Phase 2 begins: Trump revealed as D by Player 1 on trick 5 --
Player 1 plays 7D
Player 2 plays KC
Player 1 won the hand: 4 points

Player 1 plays 8D
Player 2 plays KD
Player 3 plays 9D
Player 0 plays KH
Player 3 won the hand: 2 points

Player 3 plays QC
Player 0 plays 10S
Player 1 plays QD
Player 2 plays 7H
Player 1 won the hand: 1 points

Player 1 plays 8S
Player 2 plays QH
Player 3 plays KS
Player 0 plays JH
Player 3 won the hand: 3 points

Game 93 final points: Team A=5, Team B=23
Series cumulative game score so far: Team A=-10, Team B=-1
Log saved to: c:\Users\laksh\Desktop\Projects\28bot\logs\game28\mcts_games\game_93_20250822_170205_791114.log
