
===== GAME 111 (20250823_120254_735383) =====

===== AUCTION =====
Pass (locked): Player 0 (min_allowed=16)
  bidding analysis:
    present_suits: H, D, C
    current_high=0  min_allowed=16  raise_delta=1
    overall: avg=0.00  p30=0.00  std=0.00
    failed_checks:
      H: p30 0.00 < 15; conf_mean 0.00 < 15
      C: p30 0.00 < 15; conf_mean 0.00 < 15
    reason: Pass: No suit meets thresholds. Best suit H has p30=0.00, conf_mean=0.00 below min_allowed=16 (current_high=0, raise_delta=+1). Failed checks for best suit: p30 0.00 < 15, conf_mean 0.00 < 15.
Pass (locked): Player 1 (min_allowed=16)
  bidding analysis:
    present_suits: H, D
    current_high=0  min_allowed=16  raise_delta=1
    overall: avg=13.00  p30=13.00  std=0.00
    suit_stats:
      H: pts=[14, 8, 15, 17, 17, 25 ...]  avg=12.94  p30=9.00  std=5.17
      D: pts=[13]  avg=13.00  p30=13.00  std=0.00
    failed_checks:
      H: p30 9.00 < 15; conf_mean 10.35 < 15
      D: p30 13.00 < 15; conf_mean 13.00 < 15
    reason: Pass: No suit meets thresholds. Best suit D has p30=13.00, conf_mean=13.00 below min_allowed=16 (current_high=0, raise_delta=+1). Failed checks for best suit: p30 13.00 < 15, conf_mean 13.00 < 15.
Pass (locked): Player 2 (min_allowed=16)
  bidding analysis:
    present_suits: D, C, S
    current_high=0  min_allowed=16  raise_delta=1
    overall: avg=13.50  p30=14.00  std=2.18
    failed_checks:
      D: p30 14.00 < 15; conf_mean 12.41 < 15
      C: p30 0.00 < 15; conf_mean 0.00 < 15
      S: p30 0.00 < 15; conf_mean 0.00 < 15
    reason: Pass: No suit meets thresholds. Best suit D has p30=14.00, conf_mean=12.41 below min_allowed=16 (current_high=0, raise_delta=+1). Failed checks for best suit: p30 14.00 < 15, conf_mean 12.41 < 15.
Pass (locked): Player 3 (min_allowed=16)
  bidding analysis:
    present_suits: H, C, S
    current_high=0  min_allowed=16  raise_delta=1
    overall: avg=14.19  p30=12.00  std=5.58
    suit_stats:
      S: pts=[11, 24, 12, 5, 21, 2 ...]  avg=14.19  p30=12.00  std=5.58
      H: pts=[]
      C: pts=[]
    failed_checks:
      H: p30 0.00 < 15; conf_mean 0.00 < 15
      C: p30 0.00 < 15; conf_mean 0.00 < 15
      S: p30 12.00 < 15; conf_mean 11.40 < 15
    reason: Pass: No suit meets thresholds. Best suit S has p30=12.00, conf_mean=11.40 below min_allowed=16 (current_high=0, raise_delta=+1). Failed checks for best suit: p30 12.00 < 15, conf_mean 11.40 < 15.
Forced bid: All players passed. Player 0 takes minimum bid 16.

AUCTION WINNER: Player 0 with bid 16; chooses trump D 
Details={'chosen': 'D', 'estimates': {'H': 0.0, 'C': 0.0, 'D': 20.5}}
Player 0 hand :  ['JH', '10C', 'JC', '7S', 'KC', '7C', '9D']
Player 1 hand :  ['8H', 'KH', 'AD', '7D', 'QS', 'QD', '9S', '8D']
Player 2 hand :  ['KD', '9C', '10S', 'AC', '10D', '10H', '8C', 'QH']
Player 3 hand :  ['QC', 'AH', '8S', 'KS', 'AS', 'JS', '9H', '7H']
Player 0 (auction 4 cards): ['JD', 'JH', '10C', 'JC']
Player 1 (auction 4 cards): ['8H', 'KH', 'AD', '7D']
Player 2 (auction 4 cards): ['KD', '9C', '10S', 'AC']
Player 3 (auction 4 cards): ['QC', 'AH', '8S', 'KS']
Auction winner (bidder): Player 0 with bid 16
Bidder sets concealed trump suit: D
Phase: concealed, bidder concealed card: JD

Player 0 plays JH
Player 1 plays 8H
Player 2 plays 10H
Player 3 plays AH
Player 0 won the hand: 5 points

Player 0 plays 10C
Player 1 plays KH
Player 2 plays 9C
Player 3 plays QC
Player 2 won the hand: 3 points

Player 2 plays KD
Player 3 plays 8S
Player 0 plays 9D
Player 1 plays AD
Player 0 won the hand: 3 points

Player 0 plays JC
-- Phase 2 begins: Trump revealed as D by Player 1 on trick 4 --
Player 1 plays 7D
Player 2 plays AC
Player 3 plays KS
Player 1 won the hand: 4 points

Player 1 plays QS
Player 2 plays 10S
Player 3 plays AS
Player 0 plays 7S
Player 3 won the hand: 2 points

Player 3 plays JS
Player 0 plays KC
Player 1 plays 9S
Player 2 plays 10D
Player 2 won the hand: 6 points

Player 2 plays 8C
Player 3 plays 9H
Player 0 plays 7C
Player 1 plays QD
Player 1 won the hand: 2 points

Player 1 plays 8D
Player 2 plays QH
Player 3 plays 7H
Player 0 plays JD
Player 0 won the hand: 3 points

Game 111 final points: Team A=20, Team B=8
Series cumulative game score so far: Team A=-11, Team B=-1
Log saved to: c:\Users\laksh\Desktop\Projects\28bot\logs\game28\mcts_games\game_111_20250823_120254_735383.log
