
===== GAME 1 (20250820_194552_411894) =====

===== AUCTION =====
Bid: Player 0 proposes 18 (min_allowed=16)
  bidding analysis:
    present_suits: H, C, S
    current_high=0  min_allowed=16  raise_delta=1
    chosen_suit: H
    proposed_bid: 18
    overall: avg=19.50  p30=18.00  std=2.06
    suit_stats:
      H: pts=[18, 22, 21, 17]  avg=19.50  p30=18.00  std=2.06
      C: pts=[]
      S: pts=[]
    reason: Bid: Suit H meets thresholds (p30=18.00, conf_mean=18.47 >= min_allowed=16); conservative mapping max(p30, avg-1) -> 18. (current_high=0, raise_delta=+1)
Pass (locked): Player 1 (min_allowed=19)
  bidding analysis:
    present_suits: H, D, C
    current_high=18  min_allowed=19  raise_delta=1
    overall: avg=15.25  p30=19.00  std=8.87
    failed_checks:
      D: conf_mean 10.81 < 18
      C: p30 0.00 < 18; conf_mean 0.00 < 18
    reason: Pass: No suit meets thresholds. Best suit D has p30=19.00, conf_mean=10.81 below min_allowed=19 (current_high=18, raise_delta=+1). Failed checks for best suit: conf_mean 10.81 < 18.
Pass (locked): Player 2 (min_allowed=19)
  bidding analysis:
    present_suits: H, D, C, S
    current_high=18  min_allowed=19  raise_delta=1
    overall: avg=15.33  p30=11.00  std=5.68
    suit_stats:
      D: pts=[7, 3, 14, 0, 8, 23]  avg=9.17  p30=3.00  std=7.56
      C: pts=[11, 26, 9, 13, 14, 19]  avg=15.33  p30=11.00  std=5.68
      S: pts=[7, 23, 19, 24, 22, 10]  avg=17.50  p30=10.00  std=6.60
      H: pts=[12, 4, 15, 17, 18, 4]  avg=11.67  p30=4.00  std=5.73
    failed_checks:
      H: p30 4.00 < 18; conf_mean 8.80 < 18
      D: p30 3.00 < 18; conf_mean 5.39 < 18
      C: p30 11.00 < 18; conf_mean 12.50 < 18
      S: p30 10.00 < 18; conf_mean 14.20 < 18
    reason: Pass: No suit meets thresholds. Best suit C has p30=11.00, conf_mean=12.50 below min_allowed=19 (current_high=18, raise_delta=+1). Failed checks for best suit: p30 11.00 < 18, conf_mean 12.50 < 18.
Pass (locked): Player 3 (min_allowed=19)
  bidding analysis:
    present_suits: D, C, S
    current_high=18  min_allowed=19  raise_delta=1
    overall: avg=13.50  p30=12.00  std=1.66
    suit_stats:
      D: pts=[16, 14, 12, 12]  avg=13.50  p30=12.00  std=1.66
      C: pts=[]
      S: pts=[]
    failed_checks:
      D: p30 12.00 < 18; conf_mean 12.67 < 18
      C: p30 0.00 < 18; conf_mean 0.00 < 18
      S: p30 0.00 < 18; conf_mean 0.00 < 18
    reason: Pass: No suit meets thresholds. Best suit D has p30=12.00, conf_mean=12.67 below min_allowed=19 (current_high=18, raise_delta=+1). Failed checks for best suit: p30 12.00 < 18, conf_mean 12.67 < 18.

AUCTION WINNER: Player 0 with bid 18; chooses trump H 
Details={'chosen': 'H', 'estimates': {'H': 18.666666666666668, 'C': 15.166666666666666, 'S': 18.5}}
Player 0 hand :  ['JC', '8S', 'JH', '10H', '7H', '8C', 'AC']
Player 1 hand :  ['9H', '10D', '7D', 'QC', 'QH', 'AD', 'QD', 'AS']
Player 2 hand :  ['8D', 'AH', '10C', 'QS', 'KC', 'KS', '8H', 'JS']
Player 3 hand :  ['7C', 'KD', '9D', '10S', 'JD', '7S', '9C', '9S']
Player 0 (auction 4 cards): ['JC', '8S', 'KH', 'JH']
Player 1 (auction 4 cards): ['9H', '10D', '7D', 'QC']
Player 2 (auction 4 cards): ['8D', 'AH', '10C', 'QS']
Player 3 (auction 4 cards): ['7C', 'KD', '9D', '10S']
Auction winner (bidder): Player 0 with bid 18
Bidder sets concealed trump suit: H
Phase: concealed, bidder concealed card: KH

Player 0 plays JC
Player 1 plays QC
Player 2 plays 10C
Player 3 plays 7C
Player 0 won the hand: 4 points

Player 0 plays 8S
Player 1 plays AS
Player 2 plays QS
Player 3 plays 10S
Player 1 won the hand: 2 points

Player 1 plays 9H
Player 2 plays AH
Player 3 plays KD
Player 0 plays JH
Player 0 won the hand: 6 points

Player 0 plays 8C
Player 1 plays 10D
Player 2 plays KC
Player 3 plays 9C
Player 3 won the hand: 3 points

Player 3 plays 9D
-- Phase 2 begins: Trump revealed as H by Player 0 on trick 5 --
Player 0 plays 10H
Player 1 plays 7D
Player 2 plays 8D
Player 0 won the hand: 3 points

Player 0 plays 7H
Player 1 plays QH
Player 2 plays 8H
Player 3 plays JD
Player 1 won the hand: 3 points

Player 1 plays AD
Player 2 plays KS
Player 3 plays 7S
Player 0 plays AC
Player 1 won the hand: 2 points

Player 1 plays QD
Player 2 plays JS
Player 3 plays 9S
Player 0 plays KH
Player 0 won the hand: 5 points

Game 1 final points: Team A=18, Team B=10
Series cumulative game score so far: Team A=1, Team B=0
Log saved to: c:\Users\laksh\Desktop\Projects\28bot\logs\game28\mcts_games\game_1_20250820_194552_411894.log
