
===== GAME 67 (20250822_085450_710204) =====

===== AUCTION =====
Bid: Player 0 proposes 18 (min_allowed=16)
  bidding analysis:
    present_suits: H, D, C, S
    current_high=0  min_allowed=16  raise_delta=1
    chosen_suit: C
    proposed_bid: 18
    overall: avg=18.00  p30=18.00  std=0.00
    reason: Bid (precomputed): Suit C meets thresholds (p30=18.00, conf_mean=18.00 >= min_allowed=16); conservative mapping max(p30, avg-1) -> 18. (current_high=0, raise_delta=+1)
Bid: Player 1 proposes 27 (min_allowed=19)
  bidding analysis:
    present_suits: H, D, C, S
    current_high=18  min_allowed=19  raise_delta=1
    chosen_suit: S
    proposed_bid: 27
    overall: avg=27.00  p30=27.00  std=0.00
    suit_stats:
      H: pts=[18]  avg=18.00  p30=18.00  std=0.00
      D: pts=[11]  avg=11.00  p30=11.00  std=0.00
      C: pts=[21]  avg=21.00  p30=21.00  std=0.00
      S: pts=[27]  avg=27.00  p30=27.00  std=0.00
    reason: Bid: Suit S meets thresholds (p30=27.00, conf_mean=27.00 >= min_allowed=19); conservative mapping max(p30, avg-1) -> 27. (current_high=18, raise_delta=+1)
Pass (locked): Player 2 (min_allowed=28)
  bidding analysis:
    present_suits: C, S
    current_high=27  min_allowed=28  raise_delta=1
    overall: avg=19.50  p30=19.00  std=4.50
    suit_stats:
      C: pts=[20, 21, 12, 26, 19, 22 ...]  avg=19.50  p30=19.00  std=4.50
      S: pts=[18]  avg=18.00  p30=18.00  std=0.00
    failed_checks:
      C: p30 19.00 < 27; conf_mean 17.25 < 27
      S: p30 18.00 < 27; conf_mean 18.00 < 27
    reason: Pass: No suit meets thresholds. Best suit C has p30=19.00, conf_mean=17.25 below min_allowed=28 (current_high=27, raise_delta=+1). Failed checks for best suit: p30 19.00 < 27, conf_mean 17.25 < 27.
Pass (locked): Player 3 (min_allowed=28)
  bidding analysis:
    present_suits: D, C
    current_high=27  min_allowed=28  raise_delta=1
    overall: avg=16.88  p30=14.00  std=3.52
    suit_stats:
      D: pts=[18, 14, 19, 21, 21, 13 ...]  avg=16.88  p30=14.00  std=3.52
      C: pts=[]
    failed_checks:
      D: p30 14.00 < 27; conf_mean 15.12 < 27
      C: p30 0.00 < 27; conf_mean 0.00 < 27
    reason: Pass: No suit meets thresholds. Best suit D has p30=14.00, conf_mean=15.12 below min_allowed=28 (current_high=27, raise_delta=+1). Failed checks for best suit: p30 14.00 < 27, conf_mean 15.12 < 27.
Pass (locked): Player 0 (min_allowed=28)
  bidding analysis:
    present_suits: H, D, C, S
    current_high=27  min_allowed=28  raise_delta=1
    overall: avg=18.00  p30=18.00  std=0.00
    failed_checks:
      H: p30 11.00 < 27; conf_mean 11.00 < 27
      D: p30 12.00 < 27; conf_mean 12.00 < 27
      C: p30 18.00 < 27; conf_mean 18.00 < 27
      S: p30 16.00 < 27; conf_mean 16.00 < 27
    reason: Pass: No suit meets thresholds. Best suit C has p30=18.00, conf_mean=18.00 below min_allowed=28 (current_high=27, raise_delta=+1). Failed checks for best suit: p30 18.00 < 27, conf_mean 18.00 < 27.

AUCTION WINNER: Player 1 with bid 27; chooses trump H 
Details={'chosen': 'H', 'estimates': {'C': 1.0, 'D': 9.0, 'S': 16.0, 'H': 21.0}}
Player 0 hand :  ['8C', 'QS', '7D', '8H', 'QH', 'KS', '7S', 'JH']
Player 1 hand :  ['10C', '9S', '10D', 'AS', 'KC', '7H', 'QD']
Player 2 hand :  ['7C', 'JS', '9C', '8S', 'AH', '10S', 'JC', 'KD']
Player 3 hand :  ['QC', '8D', 'JD', 'AD', 'AC', '9D', '10H', 'KH']
Player 0 (auction 4 cards): ['8C', 'QS', '7D', '8H']
Player 1 (auction 4 cards): ['9H', '10C', '9S', '10D']
Player 2 (auction 4 cards): ['7C', 'JS', '9C', '8S']
Player 3 (auction 4 cards): ['QC', '8D', 'JD', 'AD']
Auction winner (bidder): Player 1 with bid 27
Bidder sets concealed trump suit: H
Phase: concealed, bidder concealed card: 9H

Player 0 plays 8C
Player 1 plays 10C
Player 2 plays 7C
Player 3 plays QC
Player 1 won the hand: 1 points

Player 1 plays 9S
Player 2 plays JS
Player 3 plays 8D
Player 0 plays QS
Player 2 won the hand: 5 points

Player 2 plays 9C
Player 3 plays AC
Player 0 plays 7D
Player 1 plays KC
Player 2 won the hand: 3 points

Player 2 plays 8S
Player 3 plays JD
Player 0 plays KS
Player 1 plays AS
Player 1 won the hand: 4 points

Player 1 plays 10D
Player 2 plays KD
Player 3 plays AD
-- Phase 2 begins: Trump revealed as H by Player 0 on trick 5 --
Player 0 plays 8H
Player 0 won the hand: 2 points

Player 0 plays QH
Player 1 plays 7H
Player 2 plays AH
Player 3 plays 10H
Player 2 won the hand: 2 points

Player 2 plays 10S
Player 3 plays 9D
Player 0 plays 7S
Player 1 plays QD
Player 2 won the hand: 3 points

Player 2 plays JC
Player 3 plays KH
Player 0 plays JH
Player 1 plays 9H
Player 0 won the hand: 8 points

Game 67 final points: Team A=23, Team B=5
Series cumulative game score so far: Team A=-7, Team B=-17
Log saved to: c:\Users\laksh\Desktop\Projects\28bot\logs\game28\mcts_games\game_67_20250822_085450_710204.log
