
===== GAME 9 (20250819_122006_181541) =====
Pass: Player 0 (min_allowed=16) – analysis={'present_suits': ['H', 'D', 'C'], 'suit_to_points': {'H': [0, 10, 20, 1], 'D': [6, 13, 12, 6], 'C': [21, 14, 19, 3]}, 'chosen_suit': 'C', 'avg_points': 14.25, 'p30_points': 3, 'proposed': None, 'current_high': 0}
Pass: Player 1 (min_allowed=16) – analysis={'present_suits': ['C', 'S'], 'suit_to_points': {'C': [16, 14, 11, 17], 'S': [12, 7, 19, 17]}, 'chosen_suit': 'C', 'avg_points': 14.5, 'p30_points': 11, 'proposed': None, 'current_high': 0}
Pass: Player 2 (min_allowed=16) – analysis={'present_suits': ['H', 'S'], 'suit_to_points': {'H': [12, 12, 14, 15], 'S': [11, 10, 15, 15]}, 'chosen_suit': 'H', 'avg_points': 13.25, 'p30_points': 12, 'proposed': None, 'current_high': 0}
Pass: Player 3 (min_allowed=16) – analysis={'present_suits': ['C', 'S'], 'suit_to_points': {'C': [1, 20, 22, 8], 'S': [17, 21, 10, 14]}, 'chosen_suit': 'S', 'avg_points': 15.5, 'p30_points': 10, 'proposed': None, 'current_high': 0}
Forced bid: All players passed. Player 0 takes minimum bid 16.
Auction winner: Player 0 with bid 16; chooses trump H – details={'chosen': 'H', 'estimates': {'H': 6, 'D': 3, 'C': 3}}
Player 0 hand :  ['8H', '8D', 'KC', '7H', '9C', 'AD', '9D']
Player 1 hand :  ['KS', '10C', 'JC', 'AC', '7S', 'JH', 'JD', 'AH']
Player 2 hand :  ['9S', '10H', 'QS', 'AS', 'KD', '8C', '10D', '9H']
Player 3 hand :  ['JS', '8S', '10S', 'QC', '7D', '7C', 'QD', 'KH']
Player 0 (auction 4 cards): ['8H', '8D', 'QH', 'KC']
Player 1 (auction 4 cards): ['KS', '10C', 'JC', 'AC']
Player 2 (auction 4 cards): ['9S', '10H', 'QS', 'AS']
Player 3 (auction 4 cards): ['JS', '8S', '10S', 'QC']
Auction winner (bidder): Player 0 with bid 16
Bidder sets concealed trump suit: H
Phase: concealed, bidder concealed card: QH

Player 0 plays KC
Player 1 plays 10C
Player 2 plays 8C
Player 3 plays QC
Player 1 won the hand: 1 points

Player 1 plays AH
Player 2 plays 9H
Player 3 plays KH
Player 0 plays 8H
Player 2 won the hand: 3 points

Player 2 plays 9S
Player 3 plays JS
-- Phase 2 begins: Trump revealed as H by Player 0 on trick 3 --
Player 0 plays 7H
Player 1 plays KS
Player 0 won the hand: 5 points

Player 0 plays AD
Player 1 plays JD
Player 2 plays KD
Player 3 plays 7D
Player 1 won the hand: 4 points

Player 1 plays JC
Player 2 plays 10H
Player 3 plays 7C
Player 0 plays 9C
Player 2 won the hand: 6 points

Player 2 plays 10D
Player 3 plays QD
Player 0 plays 8D
Player 1 plays JH
Player 1 won the hand: 4 points

Player 1 plays AC
Player 2 plays QS
Player 3 plays 8S
Player 0 plays QH
Player 0 won the hand: 1 points

Player 0 plays 9D
Player 1 plays 7S
Player 2 plays AS
Player 3 plays 10S
Player 0 won the hand: 4 points

Game 9 final points: Team A=19, Team B=9
Series cumulative game score so far: Team A=4, Team B=-2
Log saved to: c:\Users\laksh\Desktop\Projects\28bot\logs\game28\mcts_games\game_9_20250819_122006_181541.log
