
===== GAME 7 (20250819_183205_859618) =====

===== AUCTION =====
Pass (locked): Player 0 (min_allowed=16)
  bidding analysis:
    present_suits: D, S
    current_high=0  min_allowed=16  raise_delta=1
    overall: avg=7.50  p30=0.00  std=7.53
    suit_stats:
      D: pts=[0, 16, 14, 0]  avg=7.50  p30=0.00  std=7.53
      S: pts=[0, 14]  avg=7.00  p30=0.00  std=7.00
    failed_checks:
      D: p30 0.00 < 15; conf_mean 3.73 < 15
      S: p30 0.00 < 15; conf_mean 3.50 < 15
    reason: Pass: No suit meets thresholds. Best suit D has p30=0.00, conf_mean=3.73 below min_allowed=16 (current_high=0, raise_delta=+1). Failed checks for best suit: p30 0.00 < 15, conf_mean 3.73 < 15.
Pass (locked): Player 1 (min_allowed=16)
  bidding analysis:
    present_suits: H, D, C, S
    current_high=0  min_allowed=16  raise_delta=1
    overall: avg=9.50  p30=6.00  std=5.16
    suit_stats:
      C: pts=[11, 16, 6, 0, 12, 12]  avg=9.50  p30=6.00  std=5.16
      D: pts=[14, 0, 11, 11, 0, 22]  avg=9.67  p30=0.00  std=7.76
      S: pts=[22, 7, 0, 0, 21, 18]  avg=11.33  p30=0.00  std=9.37
      H: pts=[11, 11, 0, 0, 21, 11]  avg=9.00  p30=0.00  std=7.28
    failed_checks:
      H: p30 0.00 < 15; conf_mean 5.36 < 15
      D: p30 0.00 < 15; conf_mean 5.79 < 15
      C: p30 6.00 < 15; conf_mean 6.92 < 15
      S: p30 0.00 < 15; conf_mean 6.65 < 15
    reason: Pass: No suit meets thresholds. Best suit C has p30=6.00, conf_mean=6.92 below min_allowed=16 (current_high=0, raise_delta=+1). Failed checks for best suit: p30 6.00 < 15, conf_mean 6.92 < 15.
Pass (locked): Player 2 (min_allowed=16)
  bidding analysis:
    present_suits: D, C
    current_high=0  min_allowed=16  raise_delta=1
    overall: avg=10.75  p30=10.00  std=8.17
    suit_stats:
      D: pts=[10, 23, 0, 10]  avg=10.75  p30=10.00  std=8.17
      C: pts=[16, 9]  avg=12.50  p30=9.00  std=3.50
    failed_checks:
      D: p30 10.00 < 15; conf_mean 6.67 < 15
      C: p30 9.00 < 15; conf_mean 10.75 < 15
    reason: Pass: No suit meets thresholds. Best suit D has p30=10.00, conf_mean=6.67 below min_allowed=16 (current_high=0, raise_delta=+1). Failed checks for best suit: p30 10.00 < 15, conf_mean 6.67 < 15.
Pass (locked): Player 3 (min_allowed=16)
  bidding analysis:
    present_suits: H, S
    current_high=0  min_allowed=16  raise_delta=1
    overall: avg=16.50  p30=13.00  std=3.50
    suit_stats:
      H: pts=[5, 12, 14, 18]  avg=12.25  p30=12.00  std=4.71
      S: pts=[13, 20]  avg=16.50  p30=13.00  std=3.50
    failed_checks:
      H: p30 12.00 < 15; conf_mean 9.89 < 15
      S: p30 13.00 < 15; conf_mean 14.75 < 15
    reason: Pass: No suit meets thresholds. Best suit S has p30=13.00, conf_mean=14.75 below min_allowed=16 (current_high=0, raise_delta=+1). Failed checks for best suit: p30 13.00 < 15, conf_mean 14.75 < 15.
Forced bid: All players passed. Player 0 takes minimum bid 16.

AUCTION WINNER: Player 0 with bid 16; chooses trump D 
Details={'chosen': 'D', 'estimates': {'S': 11.333333333333334, 'D': 14.833333333333334}}
Player 0 hand :  ['9S', '8S', 'KD', '8D', 'QH', 'AH', '10S']
Player 1 hand :  ['10D', '7C', 'AS', '9H', '8C', 'AC', 'JH', '7S']
Player 2 hand :  ['QD', 'JC', '9D', '10C', 'KC', 'JS', '10H', '7D']
Player 3 hand :  ['KH', 'KS', '8H', 'QS', 'QC', 'JD', '7H', '9C']
Player 0 (auction 4 cards): ['AD', '9S', '8S', 'KD']
Player 1 (auction 4 cards): ['10D', '7C', 'AS', '9H']
Player 2 (auction 4 cards): ['QD', 'JC', '9D', '10C']
Player 3 (auction 4 cards): ['KH', 'KS', '8H', 'QS']
Auction winner (bidder): Player 0 with bid 16
Bidder sets concealed trump suit: D
Phase: concealed, bidder concealed card: AD

Player 0 plays 9S
Player 1 plays AS
Player 2 plays JS
Player 3 plays KS
Player 2 won the hand: 6 points

Player 2 plays QD
Player 3 plays JD
Player 0 plays KD
Player 1 plays 10D
Player 3 won the hand: 4 points

Player 3 plays KH
Player 0 plays QH
Player 1 plays 9H
Player 2 plays 10H
Player 1 won the hand: 3 points

Player 1 plays 7C
Player 2 plays JC
Player 3 plays QC
Player 0 plays 8S
Player 2 won the hand: 3 points

Player 2 plays 9D
Player 3 plays 8H
Player 0 plays 8D
Player 1 plays 8C
Player 2 won the hand: 2 points

Player 2 plays 10C
Player 3 plays 9C
Player 0 plays AH
Player 1 plays AC
Player 3 won the hand: 5 points

Player 3 plays QS
Player 0 plays 10S
Player 1 plays 7S
Player 2 plays KC
Player 0 won the hand: 1 points

Round declared invalid: trump never exposed by end of 7th trick.
Game 7 final points: Team A=0, Team B=0
Series cumulative game score so far: Team A=2, Team B=1
Log saved to: c:\Users\laksh\Desktop\Projects\28bot\logs\game28\mcts_games\game_7_20250819_183205_859618.log
