
===== GAME 71 (20250825_151106_938939) =====

===== AUCTION =====
Pass (locked): Player 0 (min_allowed=16)
  bidding analysis:
    present_suits: H, D, S
    current_high=0  min_allowed=16  raise_delta=1
    overall: avg=11.67  p30=1.00  std=8.73
    failed_checks:
      H: p30 0.00 < 15; conf_mean 1.25 < 15
      D: p30 1.00 < 15; conf_mean 7.30 < 15
    reason: Pass: No suit meets thresholds. Best suit D has p30=1.00, conf_mean=7.30 below min_allowed=16 (current_high=0, raise_delta=+1). Failed checks for best suit: p30 1.00 < 15, conf_mean 7.30 < 15.
Pass (locked): Player 1 (min_allowed=16)
  bidding analysis:
    present_suits: H, D, C
    current_high=0  min_allowed=16  raise_delta=1
    overall: avg=9.33  p30=2.00  std=6.07
    failed_checks:
      H: p30 0.00 < 15; conf_mean 1.25 < 15
      D: p30 1.00 < 15; conf_mean 7.30 < 15
      C: p30 2.00 < 15; conf_mean 6.30 < 15
    reason: Pass: No suit meets thresholds. Best suit C has p30=2.00, conf_mean=6.30 below min_allowed=16 (current_high=0, raise_delta=+1). Failed checks for best suit: p30 2.00 < 15, conf_mean 6.30 < 15.
Pass (locked): Player 2 (min_allowed=16)
  bidding analysis:
    present_suits: D, C, S
    current_high=0  min_allowed=16  raise_delta=1
    overall: avg=14.94  p30=13.00  std=5.40
    suit_stats:
      D: pts=[26, 18, 13, 21, 11, 12 ...]  avg=14.94  p30=13.00  std=5.40
      C: pts=[]
      S: pts=[]
    failed_checks:
      D: p30 13.00 < 15; conf_mean 12.24 < 15
      C: p30 0.00 < 15; conf_mean 0.00 < 15
      S: p30 0.00 < 15; conf_mean 0.00 < 15
    reason: Pass: No suit meets thresholds. Best suit D has p30=13.00, conf_mean=12.24 below min_allowed=16 (current_high=0, raise_delta=+1). Failed checks for best suit: p30 13.00 < 15, conf_mean 12.24 < 15.
Pass (locked): Player 3 (min_allowed=16)
  bidding analysis:
    present_suits: H, C, S
    current_high=0  min_allowed=16  raise_delta=1
    overall: avg=12.00  p30=10.00  std=3.43
    failed_checks:
      C: p30 0.00 < 15; conf_mean 0.00 < 15
      S: p30 10.00 < 15; conf_mean 10.29 < 15
    reason: Pass: No suit meets thresholds. Best suit S has p30=10.00, conf_mean=10.29 below min_allowed=16 (current_high=0, raise_delta=+1). Failed checks for best suit: p30 10.00 < 15, conf_mean 10.29 < 15.
Forced bid: All players passed. Player 0 takes minimum bid 16.

AUCTION WINNER: Player 0 with bid 16; chooses trump S 
Details={'chosen': 'S', 'estimates': {'H': 2.5, 'D': 11.666666666666666, 'S': 17.0}}
Player 0 hand :  ['7H', 'QD', '7S', 'JD', '9C', 'KC', 'QS']
Player 1 hand :  ['7D', '9D', 'QH', '7C', 'AH', 'KS', '9H', 'KD']
Player 2 hand :  ['JS', '8D', '10D', 'JC', 'JH', '8S', '10S', 'AD']
Player 3 hand :  ['AS', 'QC', '10H', '10C', 'AC', 'KH', '8C', '8H']
Player 0 (auction 4 cards): ['9S', '7H', 'QD', '7S']
Player 1 (auction 4 cards): ['7D', '9D', 'QH', '7C']
Player 2 (auction 4 cards): ['JS', '8D', '10D', 'JC']
Player 3 (auction 4 cards): ['AS', 'QC', '10H', '10C']
Auction winner (bidder): Player 0 with bid 16
Bidder sets concealed trump suit: S
Phase: concealed, bidder concealed card: 9S

Player 0 plays 7H
Player 1 plays QH
Player 2 plays JH
Player 3 plays 10H
Player 2 won the hand: 4 points

Player 2 plays JS
Player 3 plays AS
Player 0 plays 7S
Player 1 plays KS
Player 2 won the hand: 4 points

Player 2 plays 8D
Player 3 plays QC
Player 0 plays QD
Player 1 plays 7D
Player 0 won the hand: 0 points

Player 0 plays JD
Player 1 plays 9D
Player 2 plays 10D
Player 3 plays 10C
Player 0 won the hand: 7 points

Player 0 plays 9C
Player 1 plays 7C
Player 2 plays JC
Player 3 plays AC
Player 2 won the hand: 6 points

Player 2 plays 8S
Player 3 plays KH
Player 0 plays QS
Player 1 plays AH
Player 0 won the hand: 1 points

Player 0 plays KC
Player 1 plays 9H
-- Phase 2 begins: Trump revealed as S by Player 2 on trick 7 --
Player 2 plays 10S
Player 3 plays 8C
Player 2 won the hand: 3 points

Player 2 plays AD
Player 3 plays 8H
Player 0 plays 9S
Player 1 plays KD
Player 0 won the hand: 3 points

Game 71 final points: Team A=28, Team B=0
Series cumulative game score so far: Team A=-15, Team B=-6
Log saved to: c:\Users\laksh\Desktop\Projects\28bot\logs\game28\mcts_games\game_71_20250825_151106_938939.log
