
===== GAME 6 (20250819_182900_495665) =====

===== AUCTION =====
Bid: Player 0 proposes 19 (min_allowed=16)
  bidding analysis:
    present_suits: D, C, S
    current_high=0  min_allowed=16  raise_delta=1
    chosen_suit: D
    proposed_bid: 19
    overall: avg=20.25  p30=18.00  std=2.86
    suit_stats:
      D: pts=[18, 17, 24, 22]  avg=20.25  p30=18.00  std=2.86
      C: pts=[]
      S: pts=[]
    reason: Bid: Suit D meets thresholds (p30=18.00, conf_mean=18.82 >= min_allowed=16); conservative mapping max(p30, avg-1) -> 19. (current_high=0, raise_delta=+1)
Pass (locked): Player 1 (min_allowed=20)
  bidding analysis:
    present_suits: H, C, S
    current_high=19  min_allowed=20  raise_delta=1
    overall: avg=14.00  p30=12.00  std=5.79
    suit_stats:
      H: pts=[14, 12, 23, 7]  avg=14.00  p30=12.00  std=5.79
      C: pts=[]
      S: pts=[]
    failed_checks:
      H: p30 12.00 < 19; conf_mean 11.11 < 19
      C: p30 0.00 < 19; conf_mean 0.00 < 19
      S: p30 0.00 < 19; conf_mean 0.00 < 19
    reason: Pass: No suit meets thresholds. Best suit H has p30=12.00, conf_mean=11.11 below min_allowed=20 (current_high=19, raise_delta=+1). Failed checks for best suit: p30 12.00 < 19, conf_mean 11.11 < 19.
Pass (locked): Player 2 (min_allowed=20)
  bidding analysis:
    present_suits: H, C, S
    current_high=19  min_allowed=20  raise_delta=1
    overall: avg=11.25  p30=13.00  std=6.65
    suit_stats:
      H: pts=[17, 0, 15, 13]  avg=11.25  p30=13.00  std=6.65
      C: pts=[]
      S: pts=[]
    failed_checks:
      H: p30 13.00 < 19; conf_mean 7.93 < 19
      C: p30 0.00 < 19; conf_mean 0.00 < 19
      S: p30 0.00 < 19; conf_mean 0.00 < 19
    reason: Pass: No suit meets thresholds. Best suit H has p30=13.00, conf_mean=7.93 below min_allowed=20 (current_high=19, raise_delta=+1). Failed checks for best suit: p30 13.00 < 19, conf_mean 7.93 < 19.
Pass (locked): Player 3 (min_allowed=20)
  bidding analysis:
    present_suits: H, D, S
    current_high=19  min_allowed=20  raise_delta=1
    overall: avg=10.50  p30=8.00  std=7.40
    suit_stats:
      D: pts=[8, 0, 14, 20]  avg=10.50  p30=8.00  std=7.40
      H: pts=[]
      S: pts=[]
    failed_checks:
      H: p30 0.00 < 19; conf_mean 0.00 < 19
      D: p30 8.00 < 19; conf_mean 6.80 < 19
      S: p30 0.00 < 19; conf_mean 0.00 < 19
    reason: Pass: No suit meets thresholds. Best suit D has p30=8.00, conf_mean=6.80 below min_allowed=20 (current_high=19, raise_delta=+1). Failed checks for best suit: p30 8.00 < 19, conf_mean 6.80 < 19.

AUCTION WINNER: Player 0 with bid 19; chooses trump S 
Details={'chosen': 'S', 'estimates': {'D': 8.166666666666666, 'C': 10.5, 'S': 20.333333333333332}}
Player 0 hand :  ['9D', 'JC', 'QD', '9H', 'JH', 'JS', '9C']
Player 1 hand :  ['8H', 'AC', '7H', '10S', '8C', '8D', '7D', 'AH']
Player 2 hand :  ['QC', 'KH', 'KS', '10H', 'KD', 'KC', 'AS', 'JD']
Player 3 hand :  ['7S', 'QH', 'AD', '10D', '10C', 'QS', '8S', '7C']
Player 0 (auction 4 cards): ['9S', '9D', 'JC', 'QD']
Player 1 (auction 4 cards): ['8H', 'AC', '7H', '10S']
Player 2 (auction 4 cards): ['QC', 'KH', 'KS', '10H']
Player 3 (auction 4 cards): ['7S', 'QH', 'AD', '10D']
Auction winner (bidder): Player 0 with bid 19
Bidder sets concealed trump suit: S
Phase: concealed, bidder concealed card: 9S

Player 0 plays 9D
Player 1 plays 8D
Player 2 plays KD
Player 3 plays AD
Player 0 won the hand: 3 points

Player 0 plays JC
Player 1 plays AC
Player 2 plays QC
Player 3 plays 10C
Player 0 won the hand: 5 points

Player 0 plays QD
Player 1 plays 7D
Player 2 plays JD
Player 3 plays 10D
Player 2 won the hand: 4 points

Player 2 plays KH
Player 3 plays QH
Player 0 plays 9H
Player 1 plays 8H
Player 0 won the hand: 2 points

Player 0 plays JH
Player 1 plays 7H
Player 2 plays 10H
-- Phase 2 begins: Trump revealed as S by Player 3 on trick 5 --
Player 3 plays 7S
Player 3 won the hand: 4 points

Player 3 plays QS
Player 0 plays JS
Player 1 plays 10S
Player 2 plays KS
Player 0 won the hand: 4 points

Player 0 plays 9C
Player 1 plays 8C
Player 2 plays KC
Player 3 plays 7C
Player 0 won the hand: 2 points

Player 0 plays 9S
Player 1 plays AH
Player 2 plays AS
Player 3 plays 8S
Player 0 won the hand: 4 points

Game 6 final points: Team A=24, Team B=4
Series cumulative game score so far: Team A=2, Team B=1
Log saved to: c:\Users\laksh\Desktop\Projects\28bot\logs\game28\mcts_games\game_6_20250819_182900_495665.log
