
===== GAME 14 (20250823_180358_184397) =====

===== AUCTION =====
Bid: Player 0 proposes 17 (min_allowed=16)
  bidding analysis:
    present_suits: H, D, C, S
    current_high=0  min_allowed=16  raise_delta=1
    chosen_suit: C
    proposed_bid: 17
    overall: avg=17.00  p30=17.00  std=0.00
    suit_stats:
      D: pts=[15]  avg=15.00  p30=15.00  std=0.00
      C: pts=[17]  avg=17.00  p30=17.00  std=0.00
      S: pts=[11]  avg=11.00  p30=11.00  std=0.00
      H: pts=[17]  avg=17.00  p30=17.00  std=0.00
    reason: Bid: Suit C meets thresholds (p30=17.00, conf_mean=17.00 >= min_allowed=16); conservative mapping max(p30, avg-1) -> 17. (current_high=0, raise_delta=+1)
Bid: Player 1 proposes 19 (min_allowed=18)
  bidding analysis:
    present_suits: H, D, C, S
    current_high=17  min_allowed=18  raise_delta=1
    chosen_suit: S
    proposed_bid: 19
    overall: avg=19.00  p30=19.00  std=0.00
    suit_stats:
      S: pts=[19]  avg=19.00  p30=19.00  std=0.00
      H: pts=[17]  avg=17.00  p30=17.00  std=0.00
      C: pts=[18]  avg=18.00  p30=18.00  std=0.00
      D: pts=[19]  avg=19.00  p30=19.00  std=0.00
    reason: Bid: Suit S meets thresholds (p30=19.00, conf_mean=19.00 >= min_allowed=18); conservative mapping max(p30, avg-1) -> 19. (current_high=17, raise_delta=+1)
Pass (locked): Player 2 (min_allowed=20)
  bidding analysis:
    present_suits: H, D, C
    current_high=19  min_allowed=20  raise_delta=1
    overall: avg=15.00  p30=12.00  std=5.00
    suit_stats:
      C: pts=[16, 16, 7, 18, 22, 12 ...]  avg=15.00  p30=12.00  std=5.00
      H: pts=[]
      D: pts=[]
    failed_checks:
      H: p30 0.00 < 19; conf_mean 0.00 < 19
      D: p30 0.00 < 19; conf_mean 0.00 < 19
      C: p30 12.00 < 19; conf_mean 12.50 < 19
    reason: Pass: No suit meets thresholds. Best suit C has p30=12.00, conf_mean=12.50 below min_allowed=20 (current_high=19, raise_delta=+1). Failed checks for best suit: p30 12.00 < 19, conf_mean 12.50 < 19.
Pass (locked): Player 3 (min_allowed=20)
  bidding analysis:
    present_suits: H, D
    current_high=19  min_allowed=20  raise_delta=1
    overall: avg=13.75  p30=11.00  std=5.94
    suit_stats:
      H: pts=[12, 17, 9, 12, 16, 2 ...]  avg=13.75  p30=11.00  std=5.94
      D: pts=[9]  avg=9.00  p30=9.00  std=0.00
    failed_checks:
      H: p30 11.00 < 19; conf_mean 10.78 < 19
      D: p30 9.00 < 19; conf_mean 9.00 < 19
    reason: Pass: No suit meets thresholds. Best suit H has p30=11.00, conf_mean=10.78 below min_allowed=20 (current_high=19, raise_delta=+1). Failed checks for best suit: p30 11.00 < 19, conf_mean 10.78 < 19.
Bid: Player 0 proposes 23 (min_allowed=20)
  bidding analysis:
    present_suits: H, D, C, S
    current_high=19  min_allowed=20  raise_delta=1
    chosen_suit: D
    proposed_bid: 23
    overall: avg=23.00  p30=23.00  std=0.00
    suit_stats:
      C: pts=[13]  avg=13.00  p30=13.00  std=0.00
      S: pts=[11]  avg=11.00  p30=11.00  std=0.00
      D: pts=[23]  avg=23.00  p30=23.00  std=0.00
      H: pts=[5]  avg=5.00  p30=5.00  std=0.00
    reason: Bid: Suit D meets thresholds (p30=23.00, conf_mean=23.00 >= min_allowed=20); conservative mapping max(p30, avg-1) -> 23. (current_high=19, raise_delta=+1)
Pass (locked): Player 1 (min_allowed=24)
  bidding analysis:
    present_suits: H, D, C, S
    current_high=23  min_allowed=24  raise_delta=1
    overall: avg=22.00  p30=22.00  std=0.00
    suit_stats:
      D: pts=[4]  avg=4.00  p30=4.00  std=0.00
      C: pts=[18]  avg=18.00  p30=18.00  std=0.00
      H: pts=[20]  avg=20.00  p30=20.00  std=0.00
      S: pts=[22]  avg=22.00  p30=22.00  std=0.00
    failed_checks:
      H: p30 20.00 < 23; conf_mean 20.00 < 23
      D: p30 4.00 < 23; conf_mean 4.00 < 23
      C: p30 18.00 < 23; conf_mean 18.00 < 23
      S: p30 22.00 < 23; conf_mean 22.00 < 23
    reason: Pass: No suit meets thresholds. Best suit S has p30=22.00, conf_mean=22.00 below min_allowed=24 (current_high=23, raise_delta=+1). Failed checks for best suit: p30 22.00 < 23, conf_mean 22.00 < 23.

AUCTION WINNER: Player 0 with bid 23; chooses trump C 
Details={'chosen': 'C', 'estimates': {'C': 20.0, 'S': 5.0, 'D': 14.0, 'H': 11.0}}
Player 0 hand :  ['8D', '8S', 'JH', 'QD', '7D', '7C', '10S']
Player 1 hand :  ['JD', 'KH', 'JS', '9C', 'AS', 'QC', '9S', '9H']
Player 2 hand :  ['KD', 'AH', 'KC', 'AC', '8H', '7S', 'KS', '10C']
Player 3 hand :  ['10D', '10H', 'QH', '9D', '7H', 'AD', 'QS', 'JC']
Player 0 (auction 4 cards): ['8D', '8S', 'JH', '8C']
Player 1 (auction 4 cards): ['JD', 'KH', 'JS', '9C']
Player 2 (auction 4 cards): ['KD', 'AH', 'KC', 'AC']
Player 3 (auction 4 cards): ['10D', '10H', 'QH', '9D']
Auction winner (bidder): Player 0 with bid 23
Bidder sets concealed trump suit: C
Phase: concealed, bidder concealed card: 8C

Player 0 plays 8D
Player 1 plays JD
Player 2 plays KD
Player 3 plays 10D
Player 1 won the hand: 4 points

Player 1 plays KH
Player 2 plays AH
Player 3 plays 10H
Player 0 plays JH
Player 0 won the hand: 5 points

Player 0 plays 8S
Player 1 plays JS
Player 2 plays 7S
Player 3 plays QS
Player 1 won the hand: 3 points

Player 1 plays 9C
Player 2 plays KC
Player 3 plays JC
Player 0 plays 7C
Player 3 won the hand: 5 points

Player 3 plays QH
Player 0 plays QD
Player 1 plays 9H
Player 2 plays 8H
Player 1 won the hand: 2 points

Player 1 plays AS
Player 2 plays KS
Player 3 plays 9D
Player 0 plays 10S
Player 1 won the hand: 4 points

Player 1 plays QC
Player 2 plays AC
Player 3 plays 7H
Player 0 plays 7D
Player 2 won the hand: 1 points

Player 2 plays 10C
Player 3 plays AD
Error during gameplay: Current player 0 has no cards but other players do
No cards available, ending game
Game 14 final points: Team A=6, Team B=18
Series cumulative game score so far: Team A=-1, Team B=0
Log saved to: c:\Users\laksh\Desktop\Projects\28bot\logs\game28\mcts_games\game_14_20250823_180358_184397.log
