
===== GAME 67 (20250822_161925_561424) =====

===== AUCTION =====
Pass (locked): Player 0 (min_allowed=16)
  bidding analysis:
    present_suits: H, D, C
    current_high=0  min_allowed=16  raise_delta=1
    overall: avg=14.81  p30=10.00  std=5.74
    suit_stats:
      H: pts=[16, 6, 17, 22, 21, 17 ...]  avg=14.81  p30=10.00  std=5.74
      D: pts=[]
      C: pts=[]
    failed_checks:
      H: p30 10.00 < 15; conf_mean 11.94 < 15
      D: p30 0.00 < 15; conf_mean 0.00 < 15
      C: p30 0.00 < 15; conf_mean 0.00 < 15
    reason: Pass: No suit meets thresholds. Best suit H has p30=10.00, conf_mean=11.94 below min_allowed=16 (current_high=0, raise_delta=+1). Failed checks for best suit: p30 10.00 < 15, conf_mean 11.94 < 15.
Pass (locked): Player 1 (min_allowed=16)
  bidding analysis:
    present_suits: H, C, S
    current_high=0  min_allowed=16  raise_delta=1
    overall: avg=13.62  p30=13.00  std=3.46
    failed_checks:
      H: p30 0.00 < 15; conf_mean 0.00 < 15
      C: p30 13.00 < 15; conf_mean 11.89 < 15
    reason: Pass: No suit meets thresholds. Best suit C has p30=13.00, conf_mean=11.89 below min_allowed=16 (current_high=0, raise_delta=+1). Failed checks for best suit: p30 13.00 < 15, conf_mean 11.89 < 15.
Bid: Player 2 proposes 28 (min_allowed=16)
  bidding analysis:
    present_suits: H, D, C, S
    current_high=0  min_allowed=16  raise_delta=1
    chosen_suit: S
    proposed_bid: 28
    overall: avg=28.00  p30=28.00  std=0.00
    suit_stats:
      H: pts=[21]  avg=21.00  p30=21.00  std=0.00
      C: pts=[9]  avg=9.00  p30=9.00  std=0.00
      D: pts=[25]  avg=25.00  p30=25.00  std=0.00
      S: pts=[28]  avg=28.00  p30=28.00  std=0.00
    reason: Bid: Suit S meets thresholds (p30=28.00, conf_mean=28.00 >= min_allowed=16); conservative mapping max(p30, avg-1) -> 28. (current_high=0, raise_delta=+1)
Pass (locked): Player 3 (min_allowed=29)
  bidding analysis:
    present_suits: D, C, S
    current_high=28  min_allowed=29  raise_delta=1
    overall: avg=17.12  p30=13.00  std=5.44
    failed_checks:
      D: p30 0.00 < 28; conf_mean 0.00 < 28
      C: p30 0.00 < 28; conf_mean 0.00 < 28
      S: p30 13.00 < 28; conf_mean 14.40 < 28
    reason: Pass: No suit meets thresholds. Best suit S has p30=13.00, conf_mean=14.40 below min_allowed=29 (current_high=28, raise_delta=+1). Failed checks for best suit: p30 13.00 < 28, conf_mean 14.40 < 28.

AUCTION WINNER: Player 2 with bid 28; chooses trump H 
Details={'chosen': 'H', 'estimates': {'C': 10.0, 'D': 18.0, 'H': 24.0, 'S': 19.0}}
Player 0 hand :  ['9H', 'KH', '10C', 'QD', '9D', '7C', '8D', 'AC']
Player 1 hand :  ['KC', 'QH', 'AS', 'JH', '10S', 'KD', 'QC', 'KS']
Player 2 hand :  ['8C', 'JS', 'JD', '8H', '10H', '7H', '10D']
Player 3 hand :  ['QS', '9S', 'AD', 'JC', '7D', '8S', '7S', '9C']
Player 0 (auction 4 cards): ['9H', 'KH', '10C', 'QD']
Player 1 (auction 4 cards): ['KC', 'QH', 'AS', 'JH']
Player 2 (auction 4 cards): ['8C', 'AH', 'JS', 'JD']
Player 3 (auction 4 cards): ['QS', '9S', 'AD', 'JC']
Auction winner (bidder): Player 2 with bid 28
Bidder sets concealed trump suit: H
Phase: concealed, bidder concealed card: AH

Player 0 plays 9H
Player 1 plays QH
Player 2 plays 8H
Player 3 plays QS
Player 0 won the hand: 2 points

Player 0 plays KH
Player 1 plays JH
Player 2 plays 10H
Player 3 plays 9S
Player 1 won the hand: 6 points

Player 1 plays KC
Player 2 plays 8C
Player 3 plays JC
Player 0 plays 10C
Player 3 won the hand: 4 points

Player 3 plays AD
Player 0 plays QD
Player 1 plays KD
Player 2 plays JD
Player 2 won the hand: 4 points

Player 2 plays JS
Player 3 plays 8S
Player 0 plays 9D
Player 1 plays AS
Player 2 won the hand: 6 points

Player 2 plays 10D
Player 3 plays 7D
Player 0 plays 8D
Player 1 plays 10S
Player 2 won the hand: 2 points

Player 2 plays 7H
Player 3 plays 7S
Player 0 plays 7C
Player 1 plays QC
Player 2 won the hand: 0 points

Error during gameplay: Current player 2 has no cards but other players do
No cards available, ending game
Game 67 final points: Team A=14, Team B=10
Series cumulative game score so far: Team A=-10, Team B=2
Log saved to: c:\Users\laksh\Desktop\Projects\28bot\logs\game28\mcts_games\game_67_20250822_161925_561424.log
