
===== GAME 25 (20250822_003142_207690) =====

===== AUCTION =====
Pass (locked): Player 0 (min_allowed=16)
  bidding analysis:
    present_suits: H, D, S
    current_high=0  min_allowed=16  raise_delta=1
    overall: avg=14.12  p30=9.00  std=7.64
    suit_stats:
      S: pts=[22, 7, 3, 12, 16, 28 ...]  avg=14.12  p30=9.00  std=7.64
      H: pts=[]
      D: pts=[]
    failed_checks:
      H: p30 0.00 < 15; conf_mean 0.00 < 15
      D: p30 0.00 < 15; conf_mean 0.00 < 15
      S: p30 9.00 < 15; conf_mean 10.31 < 15
    reason: Pass: No suit meets thresholds. Best suit S has p30=9.00, conf_mean=10.31 below min_allowed=16 (current_high=0, raise_delta=+1). Failed checks for best suit: p30 9.00 < 15, conf_mean 10.31 < 15.
Pass (locked): Player 1 (min_allowed=16)
  bidding analysis:
    present_suits: D, C, S
    current_high=0  min_allowed=16  raise_delta=1
    overall: avg=11.88  p30=10.00  std=6.51
    failed_checks:
      D: p30 10.00 < 15; conf_mean 8.62 < 15
      S: p30 0.00 < 15; conf_mean 0.00 < 15
    reason: Pass: No suit meets thresholds. Best suit D has p30=10.00, conf_mean=8.62 below min_allowed=16 (current_high=0, raise_delta=+1). Failed checks for best suit: p30 10.00 < 15, conf_mean 8.62 < 15.
Pass (locked): Player 2 (min_allowed=16)
  bidding analysis:
    present_suits: H, C, S
    current_high=0  min_allowed=16  raise_delta=1
    overall: avg=12.62  p30=11.00  std=4.03
    suit_stats:
      S: pts=[15, 13, 20, 14, 10, 13 ...]  avg=12.62  p30=11.00  std=4.03
      H: pts=[]
      C: pts=[]
    failed_checks:
      H: p30 0.00 < 15; conf_mean 0.00 < 15
      C: p30 0.00 < 15; conf_mean 0.00 < 15
      S: p30 11.00 < 15; conf_mean 10.61 < 15
    reason: Pass: No suit meets thresholds. Best suit S has p30=11.00, conf_mean=10.61 below min_allowed=16 (current_high=0, raise_delta=+1). Failed checks for best suit: p30 11.00 < 15, conf_mean 10.61 < 15.
Pass (locked): Player 3 (min_allowed=16)
  bidding analysis:
    present_suits: H, D, C, S
    current_high=0  min_allowed=16  raise_delta=1
    overall: avg=14.00  p30=14.00  std=0.00
    suit_stats:
      C: pts=[13]  avg=13.00  p30=13.00  std=0.00
      D: pts=[6]  avg=6.00  p30=6.00  std=0.00
      S: pts=[9]  avg=9.00  p30=9.00  std=0.00
      H: pts=[14]  avg=14.00  p30=14.00  std=0.00
    failed_checks:
      H: p30 14.00 < 15; conf_mean 14.00 < 15
      D: p30 6.00 < 15; conf_mean 6.00 < 15
      C: p30 13.00 < 15; conf_mean 13.00 < 15
      S: p30 9.00 < 15; conf_mean 9.00 < 15
    reason: Pass: No suit meets thresholds. Best suit H has p30=14.00, conf_mean=14.00 below min_allowed=16 (current_high=0, raise_delta=+1). Failed checks for best suit: p30 14.00 < 15, conf_mean 14.00 < 15.
Forced bid: All players passed. Player 0 takes minimum bid 16.

AUCTION WINNER: Player 0 with bid 16; chooses trump D 
Details={'chosen': 'D', 'estimates': {'H': 20.0, 'S': 7.0, 'D': 23.0}}
Player 0 hand :  ['QS', 'KS', '9H', 'KD', 'AC', '8D', 'AD']
Player 1 hand :  ['AS', '7D', '10C', 'JC', 'JD', '8H', '9S', '7C']
Player 2 hand :  ['8C', 'KH', '7S', '8S', 'QD', '10H', '9C', '7H']
Player 3 hand :  ['JS', 'QC', 'QH', '9D', '10S', 'KC', 'AH', 'JH']
Player 0 (auction 4 cards): ['QS', '10D', 'KS', '9H']
Player 1 (auction 4 cards): ['AS', '7D', '10C', 'JC']
Player 2 (auction 4 cards): ['8C', 'KH', '7S', '8S']
Player 3 (auction 4 cards): ['JS', 'QC', 'QH', '9D']
Auction winner (bidder): Player 0 with bid 16
Bidder sets concealed trump suit: D
Phase: concealed, bidder concealed card: 10D

Player 0 plays QS
Player 1 plays AS
Player 2 plays 7S
Player 3 plays JS
Player 3 won the hand: 4 points

Player 3 plays QC
Player 0 plays AC
Player 1 plays 10C
Player 2 plays 8C
Player 0 won the hand: 2 points

Player 0 plays KS
Player 1 plays 9S
Player 2 plays 8S
Player 3 plays 10S
Player 1 won the hand: 3 points

Player 1 plays 7D
Player 2 plays QD
Player 3 plays 9D
Player 0 plays KD
Player 3 won the hand: 2 points

Player 3 plays QH
Player 0 plays 9H
Player 1 plays 8H
Player 2 plays KH
Player 0 won the hand: 2 points

Player 0 plays 8D
Player 1 plays JD
Player 2 plays 10H
Player 3 plays KC
Player 1 won the hand: 4 points

Player 1 plays JC
Player 2 plays 9C
Player 3 plays AH
-- Phase 2 begins: Trump revealed as D by Player 0 on trick 7 --
Player 0 plays AD
Player 0 won the hand: 7 points

Player 0 plays 10D
Player 1 plays 7C
Player 2 plays 7H
Player 3 plays JH
Player 0 won the hand: 4 points

Game 25 final points: Team A=15, Team B=13
Series cumulative game score so far: Team A=-4, Team B=-6
Log saved to: c:\Users\laksh\Desktop\Projects\28bot\logs\game28\mcts_games\game_25_20250822_003142_207690.log
