
===== GAME 84 (20250825_162240_403977) =====

===== AUCTION =====
Pass (locked): Player 0 (min_allowed=16)
  bidding analysis:
    present_suits: H, D, S
    current_high=0  min_allowed=16  raise_delta=1
    overall: avg=13.56  p30=10.00  std=5.34
    suit_stats:
      D: pts=[12, 4, 17, 13, 10, 21 ...]  avg=13.56  p30=10.00  std=5.34
      H: pts=[]
      S: pts=[]
    failed_checks:
      H: p30 0.00 < 15; conf_mean 0.00 < 15
      D: p30 10.00 < 15; conf_mean 10.89 < 15
      S: p30 0.00 < 15; conf_mean 0.00 < 15
    reason: Pass: No suit meets thresholds. Best suit D has p30=10.00, conf_mean=10.89 below min_allowed=16 (current_high=0, raise_delta=+1). Failed checks for best suit: p30 10.00 < 15, conf_mean 10.89 < 15.
Pass (locked): Player 1 (min_allowed=16)
  bidding analysis:
    present_suits: H, C, S
    current_high=0  min_allowed=16  raise_delta=1
    overall: avg=13.25  p30=13.00  std=2.17
    failed_checks:
      H: p30 13.00 < 15; conf_mean 12.17 < 15
      S: p30 0.00 < 15; conf_mean 0.00 < 15
    reason: Pass: No suit meets thresholds. Best suit H has p30=13.00, conf_mean=12.17 below min_allowed=16 (current_high=0, raise_delta=+1). Failed checks for best suit: p30 13.00 < 15, conf_mean 12.17 < 15.
Pass (locked): Player 2 (min_allowed=16)
  bidding analysis:
    present_suits: H, C, S
    current_high=0  min_allowed=16  raise_delta=1
    overall: avg=14.88  p30=12.00  std=3.92
    failed_checks:
      C: p30 12.00 < 15; conf_mean 12.92 < 15
      S: p30 0.00 < 15; conf_mean 0.00 < 15
    reason: Pass: No suit meets thresholds. Best suit C has p30=12.00, conf_mean=12.92 below min_allowed=16 (current_high=0, raise_delta=+1). Failed checks for best suit: p30 12.00 < 15, conf_mean 12.92 < 15.
Pass (locked): Player 3 (min_allowed=16)
  bidding analysis:
    present_suits: H, D, S
    current_high=0  min_allowed=16  raise_delta=1
    overall: avg=14.00  p30=15.00  std=8.40
    failed_checks:
      D: conf_mean 9.80 < 15
      S: p30 0.00 < 15; conf_mean 0.00 < 15
    reason: Pass: No suit meets thresholds. Best suit D has p30=15.00, conf_mean=9.80 below min_allowed=16 (current_high=0, raise_delta=+1). Failed checks for best suit: conf_mean 9.80 < 15.
Forced bid: All players passed. Player 0 takes minimum bid 16.

AUCTION WINNER: Player 0 with bid 16; chooses trump S 
Details={'chosen': 'S', 'estimates': {'H': 7.0, 'S': 14.0, 'D': 4.0}}
Player 0 hand :  ['KH', '9D', 'KD', '7D', 'AH', 'QC', '8C']
Player 1 hand :  ['9H', 'KC', '7S', '9C', '8D', '10D', 'AC', '7C']
Player 2 hand :  ['8H', 'JC', 'QS', '7H', '9S', '8S', 'JH', 'AD']
Player 3 hand :  ['JD', 'KS', '10S', '10H', 'JS', 'QD', '10C', 'QH']
Player 0 (auction 4 cards): ['KH', '9D', 'KD', 'AS']
Player 1 (auction 4 cards): ['9H', 'KC', '7S', '9C']
Player 2 (auction 4 cards): ['8H', 'JC', 'QS', '7H']
Player 3 (auction 4 cards): ['JD', 'KS', '10S', '10H']
Auction winner (bidder): Player 0 with bid 16
Bidder sets concealed trump suit: S
Phase: concealed, bidder concealed card: AS

Player 0 plays KH
Player 1 plays 9H
Player 2 plays 8H
Player 3 plays 10H
Player 1 won the hand: 3 points

Player 1 plays KC
Player 2 plays JC
Player 3 plays 10C
Player 0 plays QC
Player 2 won the hand: 4 points

Player 2 plays QS
Player 3 plays KS
Player 0 plays 9D
Player 1 plays 7S
Player 3 won the hand: 2 points

Player 3 plays JD
Player 0 plays KD
Player 1 plays 8D
Player 2 plays AD
Player 3 won the hand: 4 points

Player 3 plays 10S
Player 0 plays 7D
Player 1 plays 9C
Player 2 plays 9S
Player 2 won the hand: 5 points

Player 2 plays 7H
Player 3 plays QH
Player 0 plays AH
Player 1 plays 10D
Player 0 won the hand: 2 points

Player 0 plays 8C
Player 1 plays AC
-- Phase 2 begins: Trump revealed as S by Player 2 on trick 7 --
Player 2 plays 8S
Player 3 plays JS
Player 3 won the hand: 4 points

Player 3 plays QD
Player 0 plays AS
Player 1 plays 7C
Player 2 plays JH
Player 0 won the hand: 4 points

Game 84 final points: Team A=15, Team B=13
Series cumulative game score so far: Team A=-17, Team B=-9
Log saved to: c:\Users\laksh\Desktop\Projects\28bot\logs\game28\mcts_games\game_84_20250825_162240_403977.log
