
===== GAME 41 (20250821_112635_362719) =====

===== AUCTION =====
Bid: Player 0 proposes 17 (min_allowed=16)
  bidding analysis:
    present_suits: C, S
    current_high=0  min_allowed=16  raise_delta=1
    chosen_suit: C
    proposed_bid: 17
    overall: avg=17.00  p30=17.00  std=0.00
    suit_stats:
      S: pts=[11, 23, 16, 23, 7, 14 ...]  avg=16.00  p30=14.00  std=5.22
      C: pts=[17]  avg=17.00  p30=17.00  std=0.00
    reason: Bid: Suit C meets thresholds (p30=17.00, conf_mean=17.00 >= min_allowed=16); conservative mapping max(p30, avg-1) -> 17. (current_high=0, raise_delta=+1)
Pass (locked): Player 1 (min_allowed=18)
  bidding analysis:
    present_suits: H, D, S
    current_high=17  min_allowed=18  raise_delta=1
    overall: avg=15.12  p30=12.00  std=5.01
    suit_stats:
      D: pts=[26, 10, 15, 18, 15, 16 ...]  avg=15.12  p30=12.00  std=5.01
      H: pts=[]
      S: pts=[]
    failed_checks:
      H: p30 0.00 < 17; conf_mean 0.00 < 17
      D: p30 12.00 < 17; conf_mean 12.62 < 17
      S: p30 0.00 < 17; conf_mean 0.00 < 17
    reason: Pass: No suit meets thresholds. Best suit D has p30=12.00, conf_mean=12.62 below min_allowed=18 (current_high=17, raise_delta=+1). Failed checks for best suit: p30 12.00 < 17, conf_mean 12.62 < 17.
Pass (locked): Player 2 (min_allowed=18)
  bidding analysis:
    present_suits: H, D, C
    current_high=17  min_allowed=18  raise_delta=1
    overall: avg=12.00  p30=9.00  std=6.87
    suit_stats:
      H: pts=[9, 26, 10, 6, 20, 11 ...]  avg=12.00  p30=9.00  std=6.87
      D: pts=[]
      C: pts=[]
    failed_checks:
      H: p30 9.00 < 17; conf_mean 8.56 < 17
      D: p30 0.00 < 17; conf_mean 0.00 < 17
      C: p30 0.00 < 17; conf_mean 0.00 < 17
    reason: Pass: No suit meets thresholds. Best suit H has p30=9.00, conf_mean=8.56 below min_allowed=18 (current_high=17, raise_delta=+1). Failed checks for best suit: p30 9.00 < 17, conf_mean 8.56 < 17.
Pass (locked): Player 3 (min_allowed=18)
  bidding analysis:
    present_suits: H, D, S
    current_high=17  min_allowed=18  raise_delta=1
    overall: avg=11.25  p30=6.00  std=5.80
    failed_checks:
      D: p30 6.00 < 17; conf_mean 8.35 < 17
      S: p30 0.00 < 17; conf_mean 0.00 < 17
    reason: Pass: No suit meets thresholds. Best suit D has p30=6.00, conf_mean=8.35 below min_allowed=18 (current_high=17, raise_delta=+1). Failed checks for best suit: p30 6.00 < 17, conf_mean 8.35 < 17.

AUCTION WINNER: Player 0 with bid 17; chooses trump C 
Details={'chosen': 'C', 'estimates': {'S': 6.0, 'C': 15.0}}
Player 0 hand :  ['9S', '10S', '7C', 'KS', 'QS', 'JH', '9C']
Player 1 hand :  ['JS', 'AD', '10H', '10D', '8D', '7D', 'KH', 'JD']
Player 2 hand :  ['9H', '8H', 'QC', '9D', '8S', 'KC', 'AS', '10C']
Player 3 hand :  ['7H', '7S', 'KD', 'QH', '8C', 'AH', 'QD', 'AC']
Player 0 (auction 4 cards): ['9S', '10S', '7C', 'JC']
Player 1 (auction 4 cards): ['JS', 'AD', '10H', '10D']
Player 2 (auction 4 cards): ['9H', '8H', 'QC', '9D']
Player 3 (auction 4 cards): ['7H', '7S', 'KD', 'QH']
Auction winner (bidder): Player 0 with bid 17
Bidder sets concealed trump suit: C
Phase: concealed, bidder concealed card: JC

Player 0 plays 9S
Player 1 plays JS
Player 2 plays 8S
Player 3 plays 7S
Player 1 won the hand: 5 points

Player 1 plays AD
Player 2 plays 9D
Player 3 plays KD
Player 0 plays 10S
Player 2 won the hand: 4 points

Player 2 plays 9H
Player 3 plays 7H
Player 0 plays JH
Player 1 plays 10H
Player 0 won the hand: 6 points

Player 0 plays KS
Player 1 plays 10D
Player 2 plays AS
Player 3 plays QH
Player 2 won the hand: 2 points

Player 2 plays 8H
Player 3 plays AH
-- Phase 2 begins: Trump revealed as C by Player 0 on trick 5 --
Player 0 plays 7C
Player 1 plays KH
Player 0 won the hand: 1 points

Player 0 plays QS
Player 1 plays 8D
Player 2 plays QC
Player 3 plays 8C
Player 2 won the hand: 0 points

Player 2 plays KC
Player 3 plays AC
Player 0 plays 9C
Player 1 plays 7D
Player 0 won the hand: 3 points

Player 0 plays JC
Player 1 plays JD
Player 2 plays 10C
Player 3 plays QD
Player 0 won the hand: 7 points

Game 41 final points: Team A=23, Team B=5
Series cumulative game score so far: Team A=-6, Team B=-11
Log saved to: C:\Users\laksh\Desktop\Projects\28bot\logs\game28\mcts_games\game_41_20250821_112635_362719.log
