
===== GAME 12 (20250821_000458_754011) =====

===== AUCTION =====
Pass (locked): Player 0 (min_allowed=16)
  bidding analysis:
    present_suits: H, D, S
    current_high=0  min_allowed=16  raise_delta=1
    overall: avg=15.62  p30=13.00  std=4.53
    suit_stats:
      S: pts=[9, 16, 13, 15, 24, 21 ...]  avg=15.62  p30=13.00  std=4.53
      H: pts=[]
      D: pts=[]
    failed_checks:
      H: p30 0.00 < 15; conf_mean 0.00 < 15
      D: p30 0.00 < 15; conf_mean 0.00 < 15
      S: p30 13.00 < 15; conf_mean 13.36 < 15
    reason: Pass: No suit meets thresholds. Best suit S has p30=13.00, conf_mean=13.36 below min_allowed=16 (current_high=0, raise_delta=+1). Failed checks for best suit: p30 13.00 < 15, conf_mean 13.36 < 15.
Bid: Player 1 proposes 21 (min_allowed=16)
  bidding analysis:
    present_suits: H, D, C, S
    current_high=0  min_allowed=16  raise_delta=1
    chosen_suit: D
    proposed_bid: 21
    overall: avg=21.00  p30=21.00  std=0.00
    suit_stats:
      H: pts=[14]  avg=14.00  p30=14.00  std=0.00
      S: pts=[3]  avg=3.00  p30=3.00  std=0.00
      C: pts=[10]  avg=10.00  p30=10.00  std=0.00
      D: pts=[21]  avg=21.00  p30=21.00  std=0.00
    reason: Bid: Suit D meets thresholds (p30=21.00, conf_mean=21.00 >= min_allowed=16); conservative mapping max(p30, avg-1) -> 21. (current_high=0, raise_delta=+1)
Pass (locked): Player 2 (min_allowed=22)
  bidding analysis:
    present_suits: D, C, S
    current_high=21  min_allowed=22  raise_delta=1
    overall: avg=12.50  p30=7.00  std=5.45
    suit_stats:
      D: pts=[7, 7, 11, 15, 21, 5 ...]  avg=12.50  p30=7.00  std=5.45
      C: pts=[]
      S: pts=[]
    failed_checks:
      D: p30 7.00 < 21; conf_mean 9.77 < 21
      C: p30 0.00 < 21; conf_mean 0.00 < 21
      S: p30 0.00 < 21; conf_mean 0.00 < 21
    reason: Pass: No suit meets thresholds. Best suit D has p30=7.00, conf_mean=9.77 below min_allowed=22 (current_high=21, raise_delta=+1). Failed checks for best suit: p30 7.00 < 21, conf_mean 9.77 < 21.
Pass (locked): Player 3 (min_allowed=22)
  bidding analysis:
    present_suits: H, S
    current_high=21  min_allowed=22  raise_delta=1
    overall: avg=18.75  p30=17.00  std=5.61
    suit_stats:
      S: pts=[17, 23, 13, 18, 23, 22 ...]  avg=18.75  p30=17.00  std=5.61
      H: pts=[7]  avg=7.00  p30=7.00  std=0.00
    failed_checks:
      H: p30 7.00 < 21; conf_mean 7.00 < 21
      S: p30 17.00 < 21; conf_mean 15.95 < 21
    reason: Pass: No suit meets thresholds. Best suit S has p30=17.00, conf_mean=15.95 below min_allowed=22 (current_high=21, raise_delta=+1). Failed checks for best suit: p30 17.00 < 21, conf_mean 15.95 < 21.

AUCTION WINNER: Player 1 with bid 21; chooses trump C 
Details={'chosen': 'C', 'estimates': {'D': 7.0, 'H': 14.0, 'S': 8.0, 'C': 22.0}}
Player 0 hand :  ['10H', '8S', 'AD', '9S', '8C', 'AH', '9C', '8H']
Player 1 hand :  ['7H', '10D', 'JS', 'JD', 'KS', 'QS', 'QC']
Player 2 hand :  ['AS', 'KD', '8D', 'AC', '7C', '7D', '9H', '9D']
Player 3 hand :  ['10S', 'JH', '7S', 'KH', 'JC', '10C', 'QH', 'QD']
Player 0 (auction 4 cards): ['10H', '8S', 'AD', '9S']
Player 1 (auction 4 cards): ['7H', '10D', 'KC', 'JS']
Player 2 (auction 4 cards): ['AS', 'KD', '8D', 'AC']
Player 3 (auction 4 cards): ['10S', 'JH', '7S', 'KH']
Auction winner (bidder): Player 1 with bid 21
Bidder sets concealed trump suit: C
Phase: concealed, bidder concealed card: KC

Player 0 plays 10H
Player 1 plays 7H
Player 2 plays 9H
Player 3 plays JH
Player 3 won the hand: 6 points

Player 3 plays 10S
Player 0 plays 8S
Player 1 plays JS
Player 2 plays AS
Player 1 won the hand: 5 points

Player 1 plays 10D
Player 2 plays KD
Player 3 plays QD
Player 0 plays AD
Player 0 won the hand: 2 points

Player 0 plays 9S
Player 1 plays KS
Player 2 plays 8D
Player 3 plays 7S
Player 0 won the hand: 2 points

Player 0 plays 8C
Player 1 plays QC
Player 2 plays AC
Player 3 plays JC
Player 3 won the hand: 4 points

Player 3 plays KH
Player 0 plays AH
Player 1 plays JD
-- Phase 2 begins: Trump revealed as C by Player 2 on trick 6 --
Player 2 plays 7C
Player 2 won the hand: 4 points

Player 2 plays 7D
Player 3 plays 10C
Player 0 plays 9C
Player 1 plays QS
Player 0 won the hand: 3 points

Player 0 plays 8H
Player 1 plays KC
Player 2 plays 9D
Player 3 plays QH
Player 1 won the hand: 2 points

Game 12 final points: Team A=11, Team B=17
Series cumulative game score so far: Team A=-8, Team B=-3
Log saved to: c:\Users\laksh\Desktop\Projects\28bot\logs\game28\mcts_games\game_12_20250821_000458_754011.log
