
===== GAME 2 (20250819_122420_436051) =====
Bid: Player 0 proposes 18 (min_allowed=16) – suit_scores={'H': [0, 10, 10, 15], 'C': [19, 23, 12, 16], 'S': [0, 18, 0, 12]} chosen=C p30=12 avg=17.5
Pass: Player 1 (min_allowed=19) – analysis={'present_suits': ['D', 'C', 'S'], 'suit_to_points': {'D': [15, 0, 20, 10], 'C': [12, 10, 8, 1], 'S': [0, 23, 5, 12]}, 'chosen_suit': 'D', 'avg_points': 11.25, 'p30_points': 0, 'proposed': None, 'current_high': 18}
Bid: Player 2 proposes 20 (min_allowed=19) – suit_scores={'D': [0, 10, 19, 20], 'C': [22, 25, 21, 11]} chosen=C p30=11 avg=19.75
Pass: Player 3 (min_allowed=21) – analysis={'present_suits': ['H', 'D', 'S'], 'suit_to_points': {'H': [14, 11, 14, 0], 'D': [18, 21, 1, 23], 'S': [0, 17, 21, 0]}, 'chosen_suit': 'D', 'avg_points': 15.75, 'p30_points': 1, 'proposed': None, 'current_high': 20}
Pass: Player 0 (min_allowed=21) – analysis={'present_suits': ['H', 'C', 'S'], 'suit_to_points': {'H': [16, 18, 9, 12], 'C': [17, 18, 15, 16], 'S': [0, 13, 7, 17]}, 'chosen_suit': 'C', 'avg_points': 16.5, 'p30_points': 15, 'proposed': None, 'current_high': 20}
Pass: Player 1 (min_allowed=21) – analysis={'present_suits': ['D', 'C', 'S'], 'suit_to_points': {'D': [7, 0, 0, 0], 'C': [10, 6, 0, 16], 'S': [0, 12, 10, 0]}, 'chosen_suit': 'C', 'avg_points': 8.0, 'p30_points': 0, 'proposed': None, 'current_high': 20}
Auction winner: Player 2 with bid 20; chooses trump C – details={'chosen': 'C', 'estimates': {'D': 12, 'C': 16}}
Player 0 hand :  ['KH', '7C', 'QC', 'KS', '8S', '8C', '10H', '7S']
Player 1 hand :  ['10D', '10C', 'AS', 'QS', 'KC', '9S', 'AD', 'QD']
Player 2 hand :  ['KD', 'JD', '9C', 'QH', '9D', '8H', '10S']
Player 3 hand :  ['JS', '9H', '7D', 'AH', 'AC', 'JH', '8D', '7H']
Player 0 (auction 4 cards): ['KH', '7C', 'QC', 'KS']
Player 1 (auction 4 cards): ['10D', '10C', 'AS', 'QS']
Player 2 (auction 4 cards): ['KD', 'JD', '9C', 'JC']
Player 3 (auction 4 cards): ['JS', '9H', '7D', 'AH']
Auction winner (bidder): Player 2 with bid 20
Bidder sets concealed trump suit: C
Phase: concealed, bidder concealed card: JC

Player 0 plays KH
-- Phase 2 begins: Trump revealed as C by Player 1 on trick 1 --
Player 1 plays KC
Player 2 plays QH
Player 3 plays 7H
Player 1 won the hand: 0 points

Player 1 plays QS
Player 2 plays 10S
Player 3 plays JS
Player 0 plays 8S
Player 3 won the hand: 4 points

Player 3 plays 9H
Player 0 plays 10H
Player 1 plays 10D
Player 2 plays 8H
Player 3 won the hand: 4 points

Player 3 plays AH
Player 0 plays 7C
Player 1 plays 10C
Player 2 plays 9C
Player 2 won the hand: 4 points

Player 2 plays KD
Player 3 plays 7D
Player 0 plays QC
Player 1 plays AD
Player 0 won the hand: 1 points

Player 0 plays KS
Player 1 plays AS
Player 2 plays JC
Player 3 plays AC
Player 2 won the hand: 5 points

Player 2 plays JD
Player 3 plays 8D
Player 0 plays 7S
Player 1 plays QD
Player 2 won the hand: 3 points

Player 2 plays 9D
Player 3 plays JH
Player 0 plays 8C
Player 1 plays 9S
Player 0 won the hand: 7 points

Game 2 final points: Team A=20, Team B=8
Series cumulative game score so far: Team A=1, Team B=-1
Log saved to: c:\Users\laksh\Desktop\Projects\28bot\logs\game28\mcts_games\game_2_20250819_122420_436051.log
