
===== GAME 127 (20250823_140952_090749) =====

===== AUCTION =====
Pass (locked): Player 0 (min_allowed=16)
  bidding analysis:
    present_suits: D, C, S
    current_high=0  min_allowed=16  raise_delta=1
    overall: avg=15.50  p30=12.00  std=5.80
    suit_stats:
      C: pts=[21, 21, 10, 12, 23, 14 ...]  avg=15.50  p30=12.00  std=5.80
      D: pts=[]
      S: pts=[]
    failed_checks:
      D: p30 0.00 < 15; conf_mean 0.00 < 15
      C: p30 12.00 < 15; conf_mean 12.60 < 15
      S: p30 0.00 < 15; conf_mean 0.00 < 15
    reason: Pass: No suit meets thresholds. Best suit C has p30=12.00, conf_mean=12.60 below min_allowed=16 (current_high=0, raise_delta=+1). Failed checks for best suit: p30 12.00 < 15, conf_mean 12.60 < 15.
Bid: Player 1 proposes 19 (min_allowed=16)
  bidding analysis:
    present_suits: H, D, C
    current_high=0  min_allowed=16  raise_delta=1
    chosen_suit: D
    proposed_bid: 19
    overall: avg=20.38  p30=19.00  std=3.31
    reason: Bid (precomputed): Suit D meets thresholds (p30=19.00, conf_mean=18.72 >= min_allowed=16); conservative mapping max(p30, avg-1) -> 19. (current_high=0, raise_delta=+1)
Pass (locked): Player 2 (min_allowed=20)
  bidding analysis:
    present_suits: H, S
    current_high=19  min_allowed=20  raise_delta=1
    overall: avg=15.44  p30=14.00  std=4.90
    suit_stats:
      H: pts=[15, 16, 19, 14, 16, 25 ...]  avg=15.44  p30=14.00  std=4.90
      S: pts=[]
    failed_checks:
      H: p30 14.00 < 19; conf_mean 12.99 < 19
      S: p30 0.00 < 19; conf_mean 0.00 < 19
    reason: Pass: No suit meets thresholds. Best suit H has p30=14.00, conf_mean=12.99 below min_allowed=20 (current_high=19, raise_delta=+1). Failed checks for best suit: p30 14.00 < 19, conf_mean 12.99 < 19.
Pass (locked): Player 3 (min_allowed=20)
  bidding analysis:
    present_suits: D, C
    current_high=19  min_allowed=20  raise_delta=1
    overall: avg=17.31  p30=13.00  std=6.59
    suit_stats:
      D: pts=[24, 7, 11, 5, 20, 19 ...]  avg=17.31  p30=13.00  std=6.59
      C: pts=[]
    failed_checks:
      D: p30 13.00 < 19; conf_mean 14.02 < 19
      C: p30 0.00 < 19; conf_mean 0.00 < 19
    reason: Pass: No suit meets thresholds. Best suit D has p30=13.00, conf_mean=14.02 below min_allowed=20 (current_high=19, raise_delta=+1). Failed checks for best suit: p30 13.00 < 19, conf_mean 14.02 < 19.

AUCTION WINNER: Player 1 with bid 19; chooses trump D 
Details={'chosen': 'D', 'estimates': {'D': 20.375, 'C': 0.0, 'H': 16.166666666666668}}
Player 0 hand :  ['KC', '9C', '9S', '9D', '10S', 'AC', 'AD', '8S']
Player 1 hand :  ['7D', 'JH', 'JC', 'AH', 'QC', 'QH', 'AS']
Player 2 hand :  ['7H', 'KS', '9H', '8H', 'KH', '10H', 'QS', '8C']
Player 3 hand :  ['10C', 'KD', 'QD', 'JD', '8D', '7S', '7C', 'JS']
Player 0 (auction 4 cards): ['KC', '9C', '9S', '9D']
Player 1 (auction 4 cards): ['7D', '10D', 'JH', 'JC']
Player 2 (auction 4 cards): ['7H', 'KS', '9H', '8H']
Player 3 (auction 4 cards): ['10C', 'KD', 'QD', 'JD']
Auction winner (bidder): Player 1 with bid 19
Bidder sets concealed trump suit: D
Phase: concealed, bidder concealed card: 10D

Player 0 plays KC
Player 1 plays JC
Player 2 plays 8C
Player 3 plays 10C
Player 1 won the hand: 4 points

Player 1 plays JH
Player 2 plays 7H
-- Phase 2 begins: Trump revealed as D by Player 3 on trick 2 --
Player 3 plays KD
Player 0 plays 9C
Player 3 won the hand: 5 points

Player 3 plays QD
Player 0 plays 9D
Player 1 plays 7D
Player 2 plays KS
Player 0 won the hand: 2 points

Player 0 plays 9S
Player 1 plays AS
Player 2 plays QS
Player 3 plays 7S
Player 0 won the hand: 3 points

Player 0 plays 10S
Player 1 plays AH
Player 2 plays 9H
Player 3 plays JS
Player 3 won the hand: 7 points

Player 3 plays JD
Player 0 plays AD
Player 1 plays 10D
Player 2 plays 8H
Player 3 won the hand: 5 points

Player 3 plays 8D
Player 0 plays AC
Player 1 plays QC
Player 2 plays KH
Player 3 won the hand: 1 points

Player 3 plays 7C
Player 0 plays 8S
Player 1 plays QH
Player 2 plays 10H
Player 3 won the hand: 1 points

Game 127 final points: Team A=5, Team B=23
Series cumulative game score so far: Team A=-10, Team B=-5
Log saved to: c:\Users\laksh\Desktop\Projects\28bot\logs\game28\mcts_games\game_127_20250823_140952_090749.log
