
===== GAME 13 (20250821_102959_122296) =====

===== AUCTION =====
Bid: Player 0 proposes 18 (min_allowed=16)
  bidding analysis:
    present_suits: C, S
    current_high=0  min_allowed=16  raise_delta=1
    chosen_suit: S
    proposed_bid: 18
    overall: avg=18.88  p30=18.00  std=5.88
    suit_stats:
      S: pts=[27, 20, 24, 18, 8, 19 ...]  avg=18.88  p30=18.00  std=5.88
      C: pts=[11]  avg=11.00  p30=11.00  std=0.00
    reason: Bid: Suit S meets thresholds (p30=18.00, conf_mean=15.93 >= min_allowed=16); conservative mapping max(p30, avg-1) -> 18. (current_high=0, raise_delta=+1)
Pass (locked): Player 1 (min_allowed=19)
  bidding analysis:
    present_suits: H, D, S
    current_high=18  min_allowed=19  raise_delta=1
    overall: avg=11.88  p30=10.00  std=6.51
    suit_stats:
      D: pts=[10, 1, 5, 10, 17, 22 ...]  avg=11.88  p30=10.00  std=6.51
      H: pts=[]
      S: pts=[]
    failed_checks:
      H: p30 0.00 < 18; conf_mean 0.00 < 18
      D: p30 10.00 < 18; conf_mean 8.62 < 18
      S: p30 0.00 < 18; conf_mean 0.00 < 18
    reason: Pass: No suit meets thresholds. Best suit D has p30=10.00, conf_mean=8.62 below min_allowed=19 (current_high=18, raise_delta=+1). Failed checks for best suit: p30 10.00 < 18, conf_mean 8.62 < 18.
Pass (locked): Player 2 (min_allowed=19)
  bidding analysis:
    present_suits: H, D, C, S
    current_high=18  min_allowed=19  raise_delta=1
    overall: avg=13.00  p30=13.00  std=0.00
    suit_stats:
      C: pts=[2]  avg=2.00  p30=2.00  std=0.00
      S: pts=[13]  avg=13.00  p30=13.00  std=0.00
      H: pts=[13]  avg=13.00  p30=13.00  std=0.00
      D: pts=[10]  avg=10.00  p30=10.00  std=0.00
    failed_checks:
      H: p30 13.00 < 18; conf_mean 13.00 < 18
      D: p30 10.00 < 18; conf_mean 10.00 < 18
      C: p30 2.00 < 18; conf_mean 2.00 < 18
      S: p30 13.00 < 18; conf_mean 13.00 < 18
    reason: Pass: No suit meets thresholds. Best suit H has p30=13.00, conf_mean=13.00 below min_allowed=19 (current_high=18, raise_delta=+1). Failed checks for best suit: p30 13.00 < 18, conf_mean 13.00 < 18.
Pass (locked): Player 3 (min_allowed=19)
  bidding analysis:
    present_suits: H, D, C
    current_high=18  min_allowed=19  raise_delta=1
    overall: avg=18.62  p30=14.00  std=7.11
    failed_checks:
      H: p30 14.00 < 18; conf_mean 15.07 < 18
      D: p30 0.00 < 18; conf_mean 0.00 < 18
    reason: Pass: No suit meets thresholds. Best suit H has p30=14.00, conf_mean=15.07 below min_allowed=19 (current_high=18, raise_delta=+1). Failed checks for best suit: p30 14.00 < 18, conf_mean 15.07 < 18.

AUCTION WINNER: Player 0 with bid 18; chooses trump C 
Details={'chosen': 'C', 'estimates': {'S': 17.0, 'C': 17.0}}
Player 0 hand :  ['9S', '7C', '10S', 'AC', 'KC', '7D', '9D']
Player 1 hand :  ['10D', 'JD', '7H', 'AS', 'KS', 'QD', 'KH', 'AD']
Player 2 hand :  ['10H', '7S', 'KD', 'QC', '9H', 'JS', '8S', 'JH']
Player 3 hand :  ['JC', '9C', 'AH', '8D', 'QH', 'QS', '8C', '8H']
Player 0 (auction 4 cards): ['9S', '7C', '10C', '10S']
Player 1 (auction 4 cards): ['10D', 'JD', '7H', 'AS']
Player 2 (auction 4 cards): ['10H', '7S', 'KD', 'QC']
Player 3 (auction 4 cards): ['JC', '9C', 'AH', '8D']
Auction winner (bidder): Player 0 with bid 18
Bidder sets concealed trump suit: C
Phase: concealed, bidder concealed card: 10C

Player 0 plays 9S
Player 1 plays AS
Player 2 plays 7S
Player 3 plays QS
Player 0 won the hand: 3 points

Player 0 plays 10S
Player 1 plays KS
Player 2 plays JS
-- Phase 2 begins: Trump revealed as C by Player 3 on trick 2 --
Player 3 plays JC
Player 3 won the hand: 7 points

Player 3 plays 9C
Player 0 plays 7C
Player 1 plays 10D
Player 2 plays QC
Player 3 won the hand: 3 points

Player 3 plays AH
Player 0 plays AC
Player 1 plays 7H
Player 2 plays 10H
Player 0 won the hand: 3 points

Player 0 plays KC
Player 1 plays JD
Player 2 plays KD
Player 3 plays 8C
Player 0 won the hand: 3 points

Player 0 plays 7D
Player 1 plays QD
Player 2 plays 9H
Player 3 plays 8D
Player 1 won the hand: 2 points

Player 1 plays KH
Player 2 plays JH
Player 3 plays QH
Player 0 plays 9D
Player 2 won the hand: 5 points

Player 2 plays 8S
Player 3 plays 8H
Player 0 plays 10C
Player 1 plays AD
Player 0 won the hand: 2 points

Game 13 final points: Team A=16, Team B=12
Series cumulative game score so far: Team A=-3, Team B=-1
Log saved to: C:\Users\laksh\Desktop\Projects\28bot\logs\game28\mcts_games\game_13_20250821_102959_122296.log
