
===== GAME 41 (20250825_110444_777630) =====

===== AUCTION =====
Bid: Player 0 proposes 17 (min_allowed=16)
  bidding analysis:
    present_suits: H, D, C
    current_high=0  min_allowed=16  raise_delta=1
    chosen_suit: D
    proposed_bid: 17
    overall: avg=18.75  p30=15.00  std=4.21
    suit_stats:
      D: pts=[14, 19, 19, 14, 19, 17 ...]  avg=18.75  p30=15.00  std=4.21
      H: pts=[]
      C: pts=[]
    reason: Bid: Suit D meets thresholds (p30=15.00, conf_mean=16.65 >= min_allowed=16); conservative mapping max(p30, avg-1) -> 17. (current_high=0, raise_delta=+1)
Pass (locked): Player 1 (min_allowed=18)
  bidding analysis:
    present_suits: H, C, S
    current_high=17  min_allowed=18  raise_delta=1
    overall: avg=0.00  p30=0.00  std=0.00
    failed_checks:
      H: p30 0.00 < 17; conf_mean 0.00 < 17
      S: p30 0.00 < 17; conf_mean 0.00 < 17
    reason: Pass: No suit meets thresholds. Best suit H has p30=0.00, conf_mean=0.00 below min_allowed=18 (current_high=17, raise_delta=+1). Failed checks for best suit: p30 0.00 < 17, conf_mean 0.00 < 17.
Bid: Player 2 proposes 24 (min_allowed=18)
  bidding analysis:
    present_suits: H, D, C, S
    current_high=17  min_allowed=18  raise_delta=1
    chosen_suit: D
    proposed_bid: 24
    overall: avg=24.00  p30=24.00  std=0.00
    suit_stats:
      H: pts=[5]  avg=5.00  p30=5.00  std=0.00
      S: pts=[17]  avg=17.00  p30=17.00  std=0.00
      C: pts=[12]  avg=12.00  p30=12.00  std=0.00
      D: pts=[24]  avg=24.00  p30=24.00  std=0.00
    reason: Bid: Suit D meets thresholds (p30=24.00, conf_mean=24.00 >= min_allowed=18); conservative mapping max(p30, avg-1) -> 24. (current_high=17, raise_delta=+1)
Pass (locked): Player 3 (min_allowed=25)
  bidding analysis:
    present_suits: H, D, S
    current_high=24  min_allowed=25  raise_delta=1
    overall: avg=11.62  p30=5.00  std=7.11
    failed_checks:
      D: p30 0.00 < 24; conf_mean 0.00 < 24
      S: p30 5.00 < 24; conf_mean 8.07 < 24
    reason: Pass: No suit meets thresholds. Best suit S has p30=5.00, conf_mean=8.07 below min_allowed=25 (current_high=24, raise_delta=+1). Failed checks for best suit: p30 5.00 < 24, conf_mean 8.07 < 24.
Pass (locked): Player 0 (min_allowed=25)
  bidding analysis:
    present_suits: H, D, C
    current_high=24  min_allowed=25  raise_delta=1
    overall: avg=15.31  p30=11.00  std=5.02
    suit_stats:
      D: pts=[7, 16, 24, 15, 9, 16 ...]  avg=15.31  p30=11.00  std=5.02
      H: pts=[]
      C: pts=[]
    failed_checks:
      H: p30 0.00 < 24; conf_mean 0.00 < 24
      D: p30 11.00 < 24; conf_mean 12.80 < 24
      C: p30 0.00 < 24; conf_mean 0.00 < 24
    reason: Pass: No suit meets thresholds. Best suit D has p30=11.00, conf_mean=12.80 below min_allowed=25 (current_high=24, raise_delta=+1). Failed checks for best suit: p30 11.00 < 24, conf_mean 12.80 < 24.

AUCTION WINNER: Player 2 with bid 24; chooses trump D 
Details={'chosen': 'D', 'estimates': {'C': 5.0, 'S': 13.0, 'H': 15.0, 'D': 21.0}}
Player 0 hand :  ['JD', '7D', 'QH', 'KC', 'AC', '7S', '9D', '10D']
Player 1 hand :  ['8H', 'JC', '8C', 'AS', 'QS', 'AH', '9C', 'QC']
Player 2 hand :  ['10C', '10H', 'KS', '9H', '10S', '7C', 'JH']
Player 3 hand :  ['8S', '9S', '7H', 'QD', 'KH', 'JS', 'KD', '8D']
Player 0 (auction 4 cards): ['JD', '7D', 'QH', 'KC']
Player 1 (auction 4 cards): ['8H', 'JC', '8C', 'AS']
Player 2 (auction 4 cards): ['10C', '10H', 'KS', 'AD']
Player 3 (auction 4 cards): ['8S', '9S', '7H', 'QD']
Auction winner (bidder): Player 2 with bid 24
Bidder sets concealed trump suit: D
Phase: concealed, bidder concealed card: AD

Player 0 plays JD
Player 1 plays 8H
Player 2 plays 10C
Player 3 plays QD
Player 0 won the hand: 4 points

Player 0 plays 7D
Player 1 plays JC
Player 2 plays 10H
Player 3 plays KD
Player 3 won the hand: 4 points

Player 3 plays 8S
Player 0 plays 7S
Player 1 plays AS
Player 2 plays KS
Player 1 won the hand: 1 points

Player 1 plays 8C
Player 2 plays 7C
Player 3 plays 9S
Player 0 plays KC
Player 0 won the hand: 2 points

Player 0 plays QH
Player 1 plays AH
Player 2 plays 9H
Player 3 plays 7H
Player 2 won the hand: 3 points

Player 2 plays 10S
Player 3 plays JS
Player 0 plays AC
Player 1 plays QS
Player 3 won the hand: 5 points

Player 3 plays KH
-- Phase 2 begins: Trump revealed as D by Player 0 on trick 7 --
Player 0 plays 9D
Player 1 plays 9C
Player 2 plays JH
Player 0 won the hand: 7 points

Player 0 plays 10D
Player 1 plays QC
Player 2 plays AD
Player 3 plays 8D
Player 2 won the hand: 2 points

Game 41 final points: Team A=18, Team B=10
Series cumulative game score so far: Team A=-11, Team B=-4
Log saved to: c:\Users\laksh\Desktop\Projects\28bot\logs\game28\mcts_games\game_41_20250825_110444_777630.log
