
===== GAME 3 (20250820_234600_706288) =====

===== AUCTION =====
Bid: Player 0 proposes 16 (min_allowed=16)
  bidding analysis:
    present_suits: C, S
    current_high=0  min_allowed=16  raise_delta=1
    chosen_suit: C
    proposed_bid: 16
    overall: avg=17.88  p30=15.00  std=3.66
    suit_stats:
      C: pts=[12, 15, 23, 14, 22, 20 ...]  avg=17.88  p30=15.00  std=3.66
      S: pts=[]
    reason: Bid: Suit C meets thresholds (p30=15.00, conf_mean=16.05 >= min_allowed=16); conservative mapping max(p30, avg-1) -> 16. (current_high=0, raise_delta=+1)
Bid: Player 1 proposes 17 (min_allowed=17)
  bidding analysis:
    present_suits: H, D
    current_high=16  min_allowed=17  raise_delta=1
    chosen_suit: D
    proposed_bid: 17
    overall: avg=17.00  p30=17.00  std=0.00
    suit_stats:
      H: pts=[17, 8, 14, 13, 6, 14 ...]  avg=12.50  p30=9.00  std=4.21
      D: pts=[17]  avg=17.00  p30=17.00  std=0.00
    reason: Bid: Suit D meets thresholds (p30=17.00, conf_mean=17.00 >= min_allowed=17); conservative mapping max(p30, avg-1) -> 17. (current_high=16, raise_delta=+1)
Pass (locked): Player 2 (min_allowed=18)
  bidding analysis:
    present_suits: D, C, S
    current_high=17  min_allowed=18  raise_delta=1
    overall: avg=12.50  p30=9.00  std=5.20
    suit_stats:
      D: pts=[9, 22, 15, 4, 13, 11 ...]  avg=12.50  p30=9.00  std=5.20
      C: pts=[]
      S: pts=[]
    failed_checks:
      D: p30 9.00 < 17; conf_mean 9.90 < 17
      C: p30 0.00 < 17; conf_mean 0.00 < 17
      S: p30 0.00 < 17; conf_mean 0.00 < 17
    reason: Pass: No suit meets thresholds. Best suit D has p30=9.00, conf_mean=9.90 below min_allowed=18 (current_high=17, raise_delta=+1). Failed checks for best suit: p30 9.00 < 17, conf_mean 9.90 < 17.
Pass (locked): Player 3 (min_allowed=18)
  bidding analysis:
    present_suits: H, D, S
    current_high=17  min_allowed=18  raise_delta=1
    overall: avg=13.75  p30=12.00  std=5.89
    failed_checks:
      D: p30 12.00 < 17; conf_mean 10.81 < 17
      S: p30 0.00 < 17; conf_mean 0.00 < 17
    reason: Pass: No suit meets thresholds. Best suit D has p30=12.00, conf_mean=10.81 below min_allowed=18 (current_high=17, raise_delta=+1). Failed checks for best suit: p30 12.00 < 17, conf_mean 10.81 < 17.
Pass (locked): Player 0 (min_allowed=18)
  bidding analysis:
    present_suits: C, S
    current_high=17  min_allowed=18  raise_delta=1
    overall: avg=19.38  p30=13.00  std=5.70
    suit_stats:
      C: pts=[12, 20, 25, 13, 24, 26 ...]  avg=19.38  p30=13.00  std=5.70
      S: pts=[]
    failed_checks:
      C: p30 13.00 < 17; conf_mean 16.53 < 17
      S: p30 0.00 < 17; conf_mean 0.00 < 17
    reason: Pass: No suit meets thresholds. Best suit C has p30=13.00, conf_mean=16.53 below min_allowed=18 (current_high=17, raise_delta=+1). Failed checks for best suit: p30 13.00 < 17, conf_mean 16.53 < 17.

AUCTION WINNER: Player 1 with bid 17; chooses trump D 
Details={'chosen': 'D', 'estimates': {'H': 11.0, 'D': 22.0}}
Player 0 hand :  ['10C', 'AC', 'JS', '9C', '8D', '8C', 'KC', '9D']
Player 1 hand :  ['AH', '7D', '10H', '9H', '9S', 'KS', '7H']
Player 2 hand :  ['QC', 'KD', 'AD', 'QS', '7C', 'JH', 'JD', 'JC']
Player 3 hand :  ['QH', 'KH', 'QD', '7S', '8S', 'AS', '10S', '8H']
Player 0 (auction 4 cards): ['10C', 'AC', 'JS', '9C']
Player 1 (auction 4 cards): ['AH', '7D', '10D', '10H']
Player 2 (auction 4 cards): ['QC', 'KD', 'AD', 'QS']
Player 3 (auction 4 cards): ['QH', 'KH', 'QD', '7S']
Auction winner (bidder): Player 1 with bid 17
Bidder sets concealed trump suit: D
Phase: concealed, bidder concealed card: 10D

Player 0 plays 10C
Player 1 plays AH
Player 2 plays QC
Player 3 plays QH
Player 0 won the hand: 2 points

Player 0 plays AC
-- Phase 2 begins: Trump revealed as D by Player 1 on trick 2 --
Player 1 plays 7D
Player 2 plays 7C
Player 3 plays KH
Player 1 won the hand: 1 points

Player 1 plays 10H
Player 2 plays JH
Player 3 plays 8H
Player 0 plays JS
Player 2 won the hand: 7 points

Player 2 plays KD
Player 3 plays QD
Player 0 plays 8D
Player 1 plays 10D
Player 1 won the hand: 1 points

Player 1 plays 9H
Player 2 plays AD
Player 3 plays 7S
Player 0 plays 9C
Player 2 won the hand: 5 points

Player 2 plays QS
Player 3 plays 8S
Player 0 plays 8C
Player 1 plays 9S
Player 1 won the hand: 2 points

Player 1 plays KS
Player 2 plays JD
Player 3 plays AS
Player 0 plays KC
Player 2 won the hand: 4 points

Player 2 plays JC
Player 3 plays 10S
Player 0 plays 9D
Player 1 plays 7H
Player 0 won the hand: 6 points

Game 3 final points: Team A=24, Team B=4
Series cumulative game score so far: Team A=0, Team B=-1
Log saved to: c:\Users\laksh\Desktop\Projects\28bot\logs\game28\mcts_games\game_3_20250820_234600_706288.log
