
===== GAME 3 (20250819_130412_365106) =====
Pass (locked): Player 0 (min_allowed=16) – analysis={'present_suits': ['D', 'C', 'S'], 'suit_to_points': {'D': [15, 23, 23, 12], 'C': [0, 9, 14, 27], 'S': [15, 17, 9, 13]}, 'chosen_suit': None, 'avg_points': 0.0, 'p30_points': 0.0, 'std_points': 0.0, 'proposed': None, 'current_high': 0, 'min_allowed': 16, 'reason': 'no_suit_meets_thresholds'}
Pass (locked): Player 1 (min_allowed=16) – analysis={'present_suits': ['H', 'C', 'S'], 'suit_to_points': {'H': [0, 6, 15, 11], 'C': [10, 0, 4, 0], 'S': [8, 15, 1, 7]}, 'chosen_suit': None, 'avg_points': 0.0, 'p30_points': 0.0, 'std_points': 0.0, 'proposed': None, 'current_high': 0, 'min_allowed': 16, 'reason': 'no_suit_meets_thresholds'}
Pass (locked): Player 2 (min_allowed=16) – analysis={'present_suits': ['D', 'C', 'S'], 'suit_to_points': {'D': [0, 0, 0, 8], 'C': [15, 14, 17, 15], 'S': [14, 12, 10, 13]}, 'chosen_suit': None, 'avg_points': 0.0, 'p30_points': 0.0, 'std_points': 0.0, 'proposed': None, 'current_high': 0, 'min_allowed': 16, 'reason': 'no_suit_meets_thresholds'}
Pass (locked): Player 3 (min_allowed=16) – analysis={'present_suits': ['D', 'C', 'S'], 'suit_to_points': {'D': [15, 13, 19, 0], 'C': [0, 6, 16, 0], 'S': [14, 12, 4, 15]}, 'chosen_suit': None, 'avg_points': 0.0, 'p30_points': 0.0, 'std_points': 0.0, 'proposed': None, 'current_high': 0, 'min_allowed': 16, 'reason': 'no_suit_meets_thresholds'}
Forced bid: All players passed. Player 0 takes minimum bid 16.
Auction winner: Player 0 with bid 16; chooses trump D – details={'chosen': 'D', 'estimates': {'D': 8, 'C': 5, 'S': 5}}
Player 0 hand :  ['10S', 'AC', '8D', '10H', '9H', 'AH', 'JC']
Player 1 hand :  ['8S', '8H', 'QH', '10C', 'QC', 'KH', '8C', 'KD']
Player 2 hand :  ['9S', 'AD', '9C', 'KC', 'AS', 'JH', 'JD', '7D']
Player 3 hand :  ['9D', 'JS', '7C', 'QD', 'KS', 'QS', '7H', '7S']
Player 0 (auction 4 cards): ['10S', '10D', 'AC', '8D']
Player 1 (auction 4 cards): ['8S', '8H', 'QH', '10C']
Player 2 (auction 4 cards): ['9S', 'AD', '9C', 'KC']
Player 3 (auction 4 cards): ['9D', 'JS', '7C', 'QD']
Auction winner (bidder): Player 0 with bid 16
Bidder sets concealed trump suit: D
Phase: concealed, bidder concealed card: 10D

Player 0 plays AC
Player 1 plays 10C
Player 2 plays 9C
Player 3 plays 7C
Player 0 won the hand: 4 points

Player 0 plays AH
Player 1 plays 8H
Player 2 plays JH
Player 3 plays 7H
Player 0 won the hand: 4 points

Player 0 plays 10H
Player 1 plays QH
-- Phase 2 begins: Trump revealed as D by Player 2 on trick 3 --
Player 2 plays AD
Player 3 plays 9D
Player 2 won the hand: 4 points

Player 2 plays 7D
Player 3 plays QD
Player 0 plays 8D
Player 1 plays KD
Player 1 won the hand: 0 points

Player 1 plays QC
Player 2 plays KC
Player 3 plays JS
Player 0 plays JC
Player 2 won the hand: 6 points

Player 2 plays AS
Player 3 plays KS
Player 0 plays 10S
Player 1 plays 8S
Player 2 won the hand: 2 points

Player 2 plays 9S
Player 3 plays QS
Player 0 plays 10D
Player 1 plays KH
Player 0 won the hand: 3 points

Player 0 plays 9H
Player 1 plays 8C
Player 2 plays JD
Player 3 plays 7S
Player 2 won the hand: 5 points

Game 3 final points: Team A=28, Team B=0
Series cumulative game score so far: Team A=3, Team B=0
Log saved to: c:\Users\laksh\Desktop\Projects\28bot\logs\game28\mcts_games\game_3_20250819_130412_365106.log
