
===== GAME 16 (20250820_101749_168461) =====

===== AUCTION =====
Pass (locked): Player 0 (min_allowed=16)
  bidding analysis:
    present_suits: H, C, S
    current_high=0  min_allowed=16  raise_delta=1
    overall: avg=8.25  p30=2.00  std=7.69
    suit_stats:
      H: pts=[12, 2, 19, 0]  avg=8.25  p30=2.00  std=7.69
      C: pts=[]
      S: pts=[]
    failed_checks:
      H: p30 2.00 < 15; conf_mean 4.40 < 15
      C: p30 0.00 < 15; conf_mean 0.00 < 15
      S: p30 0.00 < 15; conf_mean 0.00 < 15
    reason: Pass: No suit meets thresholds. Best suit H has p30=2.00, conf_mean=4.40 below min_allowed=16 (current_high=0, raise_delta=+1). Failed checks for best suit: p30 2.00 < 15, conf_mean 4.40 < 15.
Pass (locked): Player 1 (min_allowed=16)
  bidding analysis:
    present_suits: D, C, S
    current_high=0  min_allowed=16  raise_delta=1
    overall: avg=14.50  p30=11.00  std=6.10
    failed_checks:
      D: p30 11.00 < 15; conf_mean 11.45 < 15
      C: p30 0.00 < 15; conf_mean 0.00 < 15
    reason: Pass: No suit meets thresholds. Best suit D has p30=11.00, conf_mean=11.45 below min_allowed=16 (current_high=0, raise_delta=+1). Failed checks for best suit: p30 11.00 < 15, conf_mean 11.45 < 15.
Bid: Player 2 proposes 21 (min_allowed=16)
  bidding analysis:
    present_suits: D, S
    current_high=0  min_allowed=16  raise_delta=1
    chosen_suit: D
    proposed_bid: 21
    overall: avg=20.75  p30=21.00  std=1.64
    suit_stats:
      D: pts=[18, 22, 22, 21]  avg=20.75  p30=21.00  std=1.64
      S: pts=[]
    reason: Bid: Suit D meets thresholds (p30=21.00, conf_mean=19.93 >= min_allowed=16); conservative mapping max(p30, avg-1) -> 21. (current_high=0, raise_delta=+1)
Pass (locked): Player 3 (min_allowed=22)
  bidding analysis:
    present_suits: C
    current_high=21  min_allowed=22  raise_delta=1
    overall: avg=15.75  p30=14.00  std=4.15
    suit_stats:
      C: pts=[14, 21, 10, 18]  avg=15.75  p30=14.00  std=4.15
    failed_checks:
      C: p30 14.00 < 21; conf_mean 13.68 < 21
    reason: Pass: No suit meets thresholds. Best suit C has p30=14.00, conf_mean=13.68 below min_allowed=22 (current_high=21, raise_delta=+1). Failed checks for best suit: p30 14.00 < 21, conf_mean 13.68 < 21.

AUCTION WINNER: Player 2 with bid 21; chooses trump D 
Details={'chosen': 'D', 'estimates': {'D': 17.166666666666668, 'S': 8.5}}
Player 0 hand :  ['10C', 'QH', 'KH', '8S', '9H', 'QC', '9S', '10D']
Player 1 hand :  ['KD', '7S', '9C', '10S', 'JS', '7H', 'JH', 'QD']
Player 2 hand :  ['JD', '7D', 'KS', 'AH', '9D', 'AS', '8D']
Player 3 hand :  ['AC', 'JC', '8C', '7C', 'QS', 'KC', '10H', '8H']
Player 0 (auction 4 cards): ['10C', 'QH', 'KH', '8S']
Player 1 (auction 4 cards): ['KD', '7S', '9C', '10S']
Player 2 (auction 4 cards): ['AD', 'JD', '7D', 'KS']
Player 3 (auction 4 cards): ['AC', 'JC', '8C', '7C']
Auction winner (bidder): Player 2 with bid 21
Bidder sets concealed trump suit: D
Phase: concealed, bidder concealed card: AD

Player 0 plays 10C
Player 1 plays 9C
-- Phase 2 begins: Trump revealed as D by Player 2 on trick 1 --
Player 2 plays JD
Player 3 plays AC
Player 2 won the hand: 7 points

Player 2 plays 7D
Player 3 plays JC
Player 0 plays 10D
Player 1 plays KD
Player 0 won the hand: 4 points

Player 0 plays QH
Player 1 plays 7H
Player 2 plays AH
Player 3 plays 10H
Player 2 won the hand: 2 points

Player 2 plays KS
Player 3 plays QS
Player 0 plays 8S
Player 1 plays 7S
Player 2 won the hand: 0 points

Player 2 plays 9D
Player 3 plays 8C
Player 0 plays KH
Player 1 plays QD
Player 2 won the hand: 2 points

Player 2 plays AS
Player 3 plays 7C
Player 0 plays 9S
Player 1 plays 10S
Player 0 won the hand: 4 points

Player 0 plays 9H
Player 1 plays JH
Player 2 plays 8D
Player 3 plays 8H
Player 2 won the hand: 5 points

Player 2 plays AD
Player 3 plays KC
Player 0 plays QC
Player 1 plays JS
Player 2 won the hand: 4 points

Game 16 final points: Team A=28, Team B=0
Series cumulative game score so far: Team A=-1, Team B=-1
Log saved to: c:\Users\laksh\Desktop\Projects\28bot\logs\game28\mcts_games\game_16_20250820_101749_168461.log
