
===== GAME 2 (20250820_225552_969258) =====

===== AUCTION =====
Pass (locked): Player 0 (min_allowed=16)
  bidding analysis:
    present_suits: H, C, S
    current_high=0  min_allowed=16  raise_delta=1
    overall: avg=15.62  p30=11.00  std=5.70
    suit_stats:
      S: pts=[17, 18, 15, 28, 10, 17 ...]  avg=15.62  p30=11.00  std=5.70
      H: pts=[]
      C: pts=[]
    failed_checks:
      H: p30 0.00 < 15; conf_mean 0.00 < 15
      C: p30 0.00 < 15; conf_mean 0.00 < 15
      S: p30 11.00 < 15; conf_mean 12.78 < 15
    reason: Pass: No suit meets thresholds. Best suit S has p30=11.00, conf_mean=12.78 below min_allowed=16 (current_high=0, raise_delta=+1). Failed checks for best suit: p30 11.00 < 15, conf_mean 12.78 < 15.
Bid: Player 1 proposes 20 (min_allowed=16)
  bidding analysis:
    present_suits: H, D
    current_high=0  min_allowed=16  raise_delta=1
    chosen_suit: D
    proposed_bid: 20
    overall: avg=20.00  p30=20.00  std=0.00
    suit_stats:
      H: pts=[11, 19, 10, 15, 24, 13 ...]  avg=17.00  p30=13.00  std=5.12
      D: pts=[20]  avg=20.00  p30=20.00  std=0.00
    reason: Bid: Suit D meets thresholds (p30=20.00, conf_mean=20.00 >= min_allowed=16); conservative mapping max(p30, avg-1) -> 20. (current_high=0, raise_delta=+1)
Pass (locked): Player 2 (min_allowed=21)
  bidding analysis:
    present_suits: H, D, C
    current_high=20  min_allowed=21  raise_delta=1
    overall: avg=15.88  p30=13.00  std=6.90
    suit_stats:
      H: pts=[14, 9, 20, 25, 13, 5 ...]  avg=15.88  p30=13.00  std=6.90
      D: pts=[]
      C: pts=[]
    failed_checks:
      H: p30 13.00 < 20; conf_mean 12.43 < 20
      D: p30 0.00 < 20; conf_mean 0.00 < 20
      C: p30 0.00 < 20; conf_mean 0.00 < 20
    reason: Pass: No suit meets thresholds. Best suit H has p30=13.00, conf_mean=12.43 below min_allowed=21 (current_high=20, raise_delta=+1). Failed checks for best suit: p30 13.00 < 20, conf_mean 12.43 < 20.
Pass (locked): Player 3 (min_allowed=21)
  bidding analysis:
    present_suits: H, D, C
    current_high=20  min_allowed=21  raise_delta=1
    overall: avg=10.00  p30=6.00  std=6.02
    suit_stats:
      C: pts=[2, 18, 8, 8, 11, 6 ...]  avg=10.00  p30=6.00  std=6.02
      H: pts=[]
      D: pts=[]
    failed_checks:
      H: p30 0.00 < 20; conf_mean 0.00 < 20
      D: p30 0.00 < 20; conf_mean 0.00 < 20
      C: p30 6.00 < 20; conf_mean 6.99 < 20
    reason: Pass: No suit meets thresholds. Best suit C has p30=6.00, conf_mean=6.99 below min_allowed=21 (current_high=20, raise_delta=+1). Failed checks for best suit: p30 6.00 < 20, conf_mean 6.99 < 20.

AUCTION WINNER: Player 1 with bid 20; chooses trump H 
Details={'chosen': 'H', 'estimates': {'H': 22.0, 'D': 21.0}}
Player 0 hand :  ['AS', '10S', '9H', '9C', '9D', 'JS', '7S', '7D']
Player 1 hand :  ['JH', '10D', 'JD', '10C', 'AD', 'KC', '8S']
Player 2 hand :  ['QC', 'QD', 'QH', '10H', '9S', 'JC', '8C', '8H']
Player 3 hand :  ['AH', 'KD', 'AC', '7C', 'QS', '7H', 'KS', '8D']
Player 0 (auction 4 cards): ['AS', '10S', '9H', '9C']
Player 1 (auction 4 cards): ['KH', 'JH', '10D', 'JD']
Player 2 (auction 4 cards): ['QC', 'QD', 'QH', '10H']
Player 3 (auction 4 cards): ['AH', 'KD', 'AC', '7C']
Auction winner (bidder): Player 1 with bid 20
Bidder sets concealed trump suit: H
Phase: concealed, bidder concealed card: KH

Player 0 plays AS
Player 1 plays 8S
Player 2 plays 9S
Player 3 plays QS
Player 2 won the hand: 3 points

Player 2 plays QC
Player 3 plays AC
Player 0 plays 9C
Player 1 plays 10C
Player 0 won the hand: 4 points

Player 0 plays 10S
-- Phase 2 begins: Trump revealed as H by Player 1 on trick 3 --
Player 1 plays JH
Player 2 plays QD
Player 3 plays KS
Player 1 won the hand: 4 points

Player 1 plays 10D
Player 2 plays QH
Player 3 plays KD
Player 0 plays 9D
Player 2 won the hand: 3 points

Player 2 plays 10H
Player 3 plays AH
Player 0 plays 9H
Player 1 plays KH
Player 0 won the hand: 4 points

Player 0 plays JS
Player 1 plays JD
Player 2 plays JC
Player 3 plays 7C
Player 0 won the hand: 9 points

Player 0 plays 7S
Player 1 plays AD
Player 2 plays 8C
Player 3 plays 7H
Player 3 won the hand: 1 points

Player 3 plays 8D
Player 0 plays 7D
Player 1 plays KC
Player 2 plays 8H
Player 2 won the hand: 0 points

Game 2 final points: Team A=23, Team B=5
Series cumulative game score so far: Team A=1, Team B=-2
Log saved to: c:\Users\laksh\Desktop\Projects\28bot\logs\game28\mcts_games\game_2_20250820_225552_969258.log
