
===== GAME 89 (20250822_165505_521951) =====

===== AUCTION =====
Pass (locked): Player 0 (min_allowed=16)
  bidding analysis:
    present_suits: D, C, S
    current_high=0  min_allowed=16  raise_delta=1
    overall: avg=13.50  p30=9.00  std=6.80
    failed_checks:
      D: p30 0.00 < 15; conf_mean 0.00 < 15
      S: p30 9.00 < 15; conf_mean 10.10 < 15
    reason: Pass: No suit meets thresholds. Best suit S has p30=9.00, conf_mean=10.10 below min_allowed=16 (current_high=0, raise_delta=+1). Failed checks for best suit: p30 9.00 < 15, conf_mean 10.10 < 15.
Bid: Player 1 proposes 17 (min_allowed=16)
  bidding analysis:
    present_suits: H, D, C, S
    current_high=0  min_allowed=16  raise_delta=1
    chosen_suit: S
    proposed_bid: 17
    overall: avg=18.17  p30=16.00  std=3.72
    reason: Bid (precomputed): Suit S meets thresholds (p30=16.00, conf_mean=16.31 >= min_allowed=16); conservative mapping max(p30, avg-1) -> 17. (current_high=0, raise_delta=+1)
Pass (locked): Player 2 (min_allowed=18)
  bidding analysis:
    present_suits: H, C
    current_high=17  min_allowed=18  raise_delta=1
    overall: avg=12.00  p30=12.00  std=0.00
    failed_checks:
      C: p30 12.00 < 17; conf_mean 12.00 < 17
    reason: Pass: No suit meets thresholds. Best suit C has p30=12.00, conf_mean=12.00 below min_allowed=18 (current_high=17, raise_delta=+1). Failed checks for best suit: p30 12.00 < 17, conf_mean 12.00 < 17.
Pass (locked): Player 3 (min_allowed=18)
  bidding analysis:
    present_suits: D, C, S
    current_high=17  min_allowed=18  raise_delta=1
    overall: avg=3.50  p30=2.00  std=1.50
    failed_checks:
      D: p30 0.00 < 17; conf_mean 2.42 < 17
      C: p30 2.00 < 17; conf_mean 2.75 < 17
    reason: Pass: No suit meets thresholds. Best suit C has p30=2.00, conf_mean=2.75 below min_allowed=18 (current_high=17, raise_delta=+1). Failed checks for best suit: p30 2.00 < 17, conf_mean 2.75 < 17.

AUCTION WINNER: Player 1 with bid 17; chooses trump S 
Details={'chosen': 'S', 'estimates': {'H': 17.0, 'D': 9.0, 'C': 17.5, 'S': 18.166666666666668}}
Player 0 hand :  ['8S', 'AD', '8C', 'QS', '9S', 'AS', '7H', 'JC']
Player 1 hand :  ['AC', 'AH', '9D', '10H', '9H', 'QH', '10C']
Player 2 hand :  ['JH', 'KC', '9C', '8H', 'KH', 'QC', 'KD', '7S']
Player 3 hand :  ['7C', '7D', '10D', 'KS', '10S', 'QD', 'JD', '8D']
Player 0 (auction 4 cards): ['8S', 'AD', '8C', 'QS']
Player 1 (auction 4 cards): ['AC', 'JS', 'AH', '9D']
Player 2 (auction 4 cards): ['JH', 'KC', '9C', '8H']
Player 3 (auction 4 cards): ['7C', '7D', '10D', 'KS']
Auction winner (bidder): Player 1 with bid 17
Bidder sets concealed trump suit: S
Phase: concealed, bidder concealed card: JS

Player 0 plays 8S
Player 1 plays AC
Player 2 plays 7S
Player 3 plays KS
Player 3 won the hand: 1 points

Player 3 plays 7C
Player 0 plays 8C
Player 1 plays 10C
Player 2 plays KC
Player 1 won the hand: 1 points

Player 1 plays AH
Player 2 plays JH
Player 3 plays 7D
Player 0 plays 7H
Player 2 won the hand: 4 points

Player 2 plays 9C
Player 3 plays 10D
Player 0 plays JC
Player 1 plays 9D
Player 0 won the hand: 8 points

Player 0 plays AD
Player 1 plays 10H
Player 2 plays KD
Player 3 plays QD
Player 0 won the hand: 2 points

Player 0 plays QS
Player 1 plays 9H
Player 2 plays 8H
Player 3 plays 10S
Player 3 won the hand: 3 points

Player 3 plays JD
-- Phase 2 begins: Trump revealed as S by Player 0 on trick 7 --
Player 0 plays 9S
Player 1 plays QH
Player 2 plays KH
Player 0 won the hand: 5 points

Player 0 plays AS
Player 1 plays JS
Player 2 plays QC
Player 3 plays 8D
Player 1 won the hand: 4 points

Game 89 final points: Team A=19, Team B=9
Series cumulative game score so far: Team A=-6, Team B=-2
Log saved to: c:\Users\laksh\Desktop\Projects\28bot\logs\game28\mcts_games\game_89_20250822_165505_521951.log
