
===== GAME 30 (20250821_111359_708236) =====

===== AUCTION =====
Pass (locked): Player 0 (min_allowed=16)
  bidding analysis:
    present_suits: H, D, S
    current_high=0  min_allowed=16  raise_delta=1
    overall: avg=11.00  p30=13.00  std=6.67
    failed_checks:
      H: p30 0.00 < 15; conf_mean 0.00 < 15
      D: p30 13.00 < 15; conf_mean 7.66 < 15
      S: p30 0.00 < 15; conf_mean 0.00 < 15
    reason: Pass: No suit meets thresholds. Best suit D has p30=13.00, conf_mean=7.66 below min_allowed=16 (current_high=0, raise_delta=+1). Failed checks for best suit: p30 13.00 < 15, conf_mean 7.66 < 15.
Pass (locked): Player 1 (min_allowed=16)
  bidding analysis:
    present_suits: H, C, S
    current_high=0  min_allowed=16  raise_delta=1
    overall: avg=14.00  p30=11.00  std=4.53
    suit_stats:
      H: pts=[6, 17, 11, 15, 20, 9 ...]  avg=14.00  p30=11.00  std=4.53
      C: pts=[]
      S: pts=[]
    failed_checks:
      H: p30 11.00 < 15; conf_mean 11.74 < 15
      C: p30 0.00 < 15; conf_mean 0.00 < 15
      S: p30 0.00 < 15; conf_mean 0.00 < 15
    reason: Pass: No suit meets thresholds. Best suit H has p30=11.00, conf_mean=11.74 below min_allowed=16 (current_high=0, raise_delta=+1). Failed checks for best suit: p30 11.00 < 15, conf_mean 11.74 < 15.
Bid: Player 2 proposes 17 (min_allowed=16)
  bidding analysis:
    present_suits: H, D
    current_high=0  min_allowed=16  raise_delta=1
    chosen_suit: D
    proposed_bid: 17
    overall: avg=18.62  p30=17.00  std=4.24
    suit_stats:
      D: pts=[16, 25, 10, 22, 21, 18 ...]  avg=18.62  p30=17.00  std=4.24
      H: pts=[]
    reason: Bid: Suit D meets thresholds (p30=17.00, conf_mean=16.50 >= min_allowed=16); conservative mapping max(p30, avg-1) -> 17. (current_high=0, raise_delta=+1)
Pass (locked): Player 3 (min_allowed=18)
  bidding analysis:
    present_suits: H, C, S
    current_high=17  min_allowed=18  raise_delta=1
    overall: avg=7.00  p30=3.00  std=4.00
    failed_checks:
      H: p30 0.00 < 17; conf_mean 5.26 < 17
      C: p30 3.00 < 17; conf_mean 5.00 < 17
    reason: Pass: No suit meets thresholds. Best suit C has p30=3.00, conf_mean=5.00 below min_allowed=18 (current_high=17, raise_delta=+1). Failed checks for best suit: p30 3.00 < 17, conf_mean 5.00 < 17.

AUCTION WINNER: Player 2 with bid 17; chooses trump H 
Details={'chosen': 'H', 'estimates': {'D': 14.0, 'H': 19.0}}
Player 0 hand :  ['QS', '7H', '10D', 'QD', '7D', '10H', 'AS', 'AC']
Player 1 hand :  ['AH', 'KS', '9C', 'KH', '8D', '10C', '8H', 'KC']
Player 2 hand :  ['JD', 'AD', 'KD', 'JC', '9S', '8C', '9D']
Player 3 hand :  ['7S', '9H', 'JH', '7C', 'JS', '10S', '8S', 'QC']
Player 0 (auction 4 cards): ['QS', '7H', '10D', 'QD']
Player 1 (auction 4 cards): ['AH', 'KS', '9C', 'KH']
Player 2 (auction 4 cards): ['JD', 'AD', 'KD', 'QH']
Player 3 (auction 4 cards): ['7S', '9H', 'JH', '7C']
Auction winner (bidder): Player 2 with bid 17
Bidder sets concealed trump suit: H
Phase: concealed, bidder concealed card: QH

Player 0 plays QS
Player 1 plays KS
Player 2 plays 9S
Player 3 plays 7S
Player 2 won the hand: 2 points

Player 2 plays JD
-- Phase 2 begins: Trump revealed as H by Player 3 on trick 2 --
Player 3 plays 9H
Player 0 plays 10D
Player 1 plays 8D
Player 3 won the hand: 6 points

Player 3 plays JH
Player 0 plays 7H
Player 1 plays AH
Player 2 plays QH
Player 3 won the hand: 4 points

Player 3 plays 7C
Player 0 plays AC
Player 1 plays 9C
Player 2 plays JC
Player 2 won the hand: 6 points

Player 2 plays AD
Player 3 plays JS
Player 0 plays QD
Player 1 plays KH
Player 1 won the hand: 4 points

Player 1 plays 10C
Player 2 plays 8C
Player 3 plays QC
Player 0 plays 7D
Player 1 won the hand: 1 points

Player 1 plays 8H
Player 2 plays KD
Player 3 plays 10S
Player 0 plays 10H
Player 0 won the hand: 2 points

Player 0 plays AS
Player 1 plays KC
Player 2 plays 9D
Player 3 plays 8S
Player 0 won the hand: 3 points

Game 30 final points: Team A=13, Team B=15
Series cumulative game score so far: Team A=-8, Team B=-4
Log saved to: C:\Users\laksh\Desktop\Projects\28bot\logs\game28\mcts_games\game_30_20250821_111359_708236.log
