
===== GAME 3 (20250819_130849_707963) =====
Bid: Player 0 proposes 17 (min_allowed=16) – suit_scores={'H': [19, 8, 13, 6], 'C': [0, 0, 9, 16], 'S': [16, 13, 18, 25]} chosen=S p30=16 avg=18.0
Pass (locked): Player 1 (min_allowed=18) – analysis={'present_suits': ['H', 'D', 'S'], 'suit_to_points': {'H': [8, 18, 6, 14], 'D': [19, 15, 17, 17], 'S': [18, 14, 12, 18]}, 'chosen_suit': None, 'avg_points': 17.0, 'p30_points': 17, 'std_points': 1.4142135623730951, 'proposed': None, 'current_high': 17, 'min_allowed': 19, 'reason': 'no_suit_meets_thresholds'}
Pass (locked): Player 2 (min_allowed=18) – analysis={'present_suits': ['H', 'S'], 'suit_to_points': {'H': [22, 15, 0, 14], 'S': [27, 6, 0, 12]}, 'chosen_suit': None, 'avg_points': 12.75, 'p30_points': 14, 'std_points': 7.980444849756184, 'proposed': None, 'current_high': 17, 'min_allowed': 19, 'reason': 'no_suit_meets_thresholds'}
Pass (locked): Player 3 (min_allowed=18) – analysis={'present_suits': ['D', 'C'], 'suit_to_points': {'D': [17, 0, 11, 17], 'C': [18, 11, 13, 15]}, 'chosen_suit': None, 'avg_points': 14.25, 'p30_points': 13, 'std_points': 2.5860201081971503, 'proposed': None, 'current_high': 17, 'min_allowed': 19, 'reason': 'no_suit_meets_thresholds'}
Auction winner: Player 0 with bid 17; chooses trump S – details={'chosen': 'S', 'estimates': {'H': 5, 'C': 5, 'S': 8}}
Player 0 hand :  ['10S', '10H', 'AC', 'AH', 'JD', 'KC', '9D']
Player 1 hand :  ['9S', '8D', 'QH', '7H', 'JC', '10D', '8S', 'AD']
Player 2 hand :  ['AS', 'KH', '9H', 'JH', '9C', 'JS', '8H', '7S']
Player 3 hand :  ['KD', 'QC', 'QD', '7C', 'QS', '7D', '8C', '10C']
Player 0 (auction 4 cards): ['10S', 'KS', '10H', 'AC']
Player 1 (auction 4 cards): ['9S', '8D', 'QH', '7H']
Player 2 (auction 4 cards): ['AS', 'KH', '9H', 'JH']
Player 3 (auction 4 cards): ['KD', 'QC', 'QD', '7C']
Auction winner (bidder): Player 0 with bid 17
Bidder sets concealed trump suit: S
Phase: concealed, bidder concealed card: KS

Player 0 plays 10H
Player 1 plays QH
Player 2 plays KH
-- Phase 2 begins: Trump revealed as S by Player 3 on trick 1 --
Player 3 plays QS
Player 3 won the hand: 1 points

Player 3 plays QC
Player 0 plays KC
Player 1 plays JC
Player 2 plays 9C
Player 1 won the hand: 5 points

Player 1 plays 9S
Player 2 plays JS
Player 3 plays KD
Player 0 plays 10S
Player 2 won the hand: 6 points

Player 2 plays AS
Player 3 plays QD
Player 0 plays KS
Player 1 plays 8S
Player 2 won the hand: 1 points

Player 2 plays 9H
Player 3 plays 7C
Player 0 plays AH
Player 1 plays 7H
Player 2 won the hand: 3 points

Player 2 plays JH
Player 3 plays 7D
Player 0 plays AC
Player 1 plays 8D
Player 2 won the hand: 4 points

Player 2 plays 8H
Player 3 plays 8C
Player 0 plays JD
Player 1 plays 10D
Player 2 won the hand: 4 points

Player 2 plays 7S
Player 3 plays 10C
Player 0 plays 9D
Player 1 plays AD
Player 2 won the hand: 4 points

Game 3 final points: Team A=22, Team B=6
Series cumulative game score so far: Team A=4, Team B=0
Log saved to: c:\Users\laksh\Desktop\Projects\28bot\logs\game28\mcts_games\game_3_20250819_130849_707963.log
