
===== GAME 60 (20250820_161332_411300) =====

===== AUCTION =====
Bid: Player 0 proposes 20 (min_allowed=16)
  bidding analysis:
    present_suits: D, C
    current_high=0  min_allowed=16  raise_delta=1
    chosen_suit: D
    proposed_bid: 20
    overall: avg=21.50  p30=20.00  std=3.35
    suit_stats:
      D: pts=[26, 20, 17, 23]  avg=21.50  p30=20.00  std=3.35
      C: pts=[9, 22]  avg=15.50  p30=9.00  std=6.50
    reason: Bid: Suit D meets thresholds (p30=20.00, conf_mean=19.82 >= min_allowed=16); conservative mapping max(p30, avg-1) -> 20. (current_high=0, raise_delta=+1)
Pass (locked): Player 1 (min_allowed=21)
  bidding analysis:
    present_suits: H, D, S
    current_high=20  min_allowed=21  raise_delta=1
    overall: avg=11.00  p30=11.00  std=7.18
    suit_stats:
      D: pts=[0, 13, 11, 20]  avg=11.00  p30=11.00  std=7.18
      H: pts=[]
      S: pts=[]
    failed_checks:
      H: p30 0.00 < 20; conf_mean 0.00 < 20
      D: p30 11.00 < 20; conf_mean 7.41 < 20
      S: p30 0.00 < 20; conf_mean 0.00 < 20
    reason: Pass: No suit meets thresholds. Best suit D has p30=11.00, conf_mean=7.41 below min_allowed=21 (current_high=20, raise_delta=+1). Failed checks for best suit: p30 11.00 < 20, conf_mean 7.41 < 20.
Pass (locked): Player 2 (min_allowed=21)
  bidding analysis:
    present_suits: H, C
    current_high=20  min_allowed=21  raise_delta=1
    overall: avg=21.50  p30=20.00  std=3.35
    suit_stats:
      C: pts=[18, 21, 27, 20]  avg=21.50  p30=20.00  std=3.35
      H: pts=[19, 16]  avg=17.50  p30=16.00  std=1.50
    failed_checks:
      H: p30 16.00 < 20; conf_mean 16.75 < 20
      C: conf_mean 19.82 < 20
    reason: Pass: No suit meets thresholds. Best suit C has p30=20.00, conf_mean=19.82 below min_allowed=21 (current_high=20, raise_delta=+1). Failed checks for best suit: conf_mean 19.82 < 20.
Pass (locked): Player 3 (min_allowed=21)
  bidding analysis:
    present_suits: D, S
    current_high=20  min_allowed=21  raise_delta=1
    overall: avg=8.67  p30=0.00  std=6.85
    failed_checks:
      D: p30 0.00 < 20; conf_mean 5.24 < 20
    reason: Pass: No suit meets thresholds. Best suit D has p30=0.00, conf_mean=5.24 below min_allowed=21 (current_high=20, raise_delta=+1). Failed checks for best suit: p30 0.00 < 20, conf_mean 5.24 < 20.

AUCTION WINNER: Player 0 with bid 20; chooses trump D 
Details={'chosen': 'D', 'estimates': {'C': 11.0, 'D': 14.833333333333334}}
Player 0 hand :  ['8C', '9D', '10C', '7H', 'QC', '9H', 'AH']
Player 1 hand :  ['10H', 'KD', '10D', 'KS', 'QH', '8D', '9C', 'QS']
Player 2 hand :  ['KH', 'JC', 'AC', 'JH', '8H', 'JS', '10S', 'AS']
Player 3 hand :  ['AD', '8S', '7D', '7S', '7C', '9S', 'KC', 'JD']
Player 0 (auction 4 cards): ['8C', '9D', 'QD', '10C']
Player 1 (auction 4 cards): ['10H', 'KD', '10D', 'KS']
Player 2 (auction 4 cards): ['KH', 'JC', 'AC', 'JH']
Player 3 (auction 4 cards): ['AD', '8S', '7D', '7S']
Auction winner (bidder): Player 0 with bid 20
Bidder sets concealed trump suit: D
Phase: concealed, bidder concealed card: QD

Player 0 plays 8C
Player 1 plays 9C
Player 2 plays JC
Player 3 plays 7C
Player 2 won the hand: 5 points

Player 2 plays KH
-- Phase 2 begins: Trump revealed as D by Player 3 on trick 2 --
Player 3 plays AD
Player 0 plays 7H
Player 1 plays 10H
Player 3 won the hand: 2 points

Player 3 plays 8S
Player 0 plays 9D
Player 1 plays KS
Player 2 plays JS
Player 0 won the hand: 5 points

Player 0 plays 10C
Player 1 plays KD
Player 2 plays AC
Player 3 plays KC
Player 1 won the hand: 2 points

Player 1 plays 10D
Player 2 plays JH
Player 3 plays 7D
Player 0 plays QD
Player 1 won the hand: 4 points

Player 1 plays QH
Player 2 plays 8H
Player 3 plays 7S
Player 0 plays 9H
Player 0 won the hand: 2 points

Player 0 plays QC
Player 1 plays 8D
Player 2 plays 10S
Player 3 plays 9S
Player 1 won the hand: 3 points

Player 1 plays QS
Player 2 plays AS
Player 3 plays JD
Player 0 plays AH
Player 3 won the hand: 5 points

Game 60 final points: Team A=12, Team B=16
Series cumulative game score so far: Team A=-4, Team B=-4
Log saved to: c:\Users\laksh\Desktop\Projects\28bot\logs\game28\mcts_games\game_60_20250820_161332_411300.log
