
===== GAME 50 (20250822_144420_885595) =====

===== AUCTION =====
Pass (locked): Player 0 (min_allowed=16)
  bidding analysis:
    present_suits: H, D, S
    current_high=0  min_allowed=16  raise_delta=1
    overall: avg=16.12  p30=13.00  std=4.69
    suit_stats:
      D: pts=[11, 23, 22, 20, 13, 16 ...]  avg=16.12  p30=13.00  std=4.69
      H: pts=[]
      S: pts=[]
    failed_checks:
      H: p30 0.00 < 15; conf_mean 0.00 < 15
      D: p30 13.00 < 15; conf_mean 13.78 < 15
      S: p30 0.00 < 15; conf_mean 0.00 < 15
    reason: Pass: No suit meets thresholds. Best suit D has p30=13.00, conf_mean=13.78 below min_allowed=16 (current_high=0, raise_delta=+1). Failed checks for best suit: p30 13.00 < 15, conf_mean 13.78 < 15.
Pass (locked): Player 1 (min_allowed=16)
  bidding analysis:
    present_suits: H, C, S
    current_high=0  min_allowed=16  raise_delta=1
    overall: avg=16.44  p30=14.00  std=5.09
    suit_stats:
      H: pts=[23, 7, 9, 14, 24, 21 ...]  avg=16.44  p30=14.00  std=5.09
      C: pts=[]
      S: pts=[]
    failed_checks:
      H: p30 14.00 < 15; conf_mean 13.89 < 15
      C: p30 0.00 < 15; conf_mean 0.00 < 15
      S: p30 0.00 < 15; conf_mean 0.00 < 15
    reason: Pass: No suit meets thresholds. Best suit H has p30=14.00, conf_mean=13.89 below min_allowed=16 (current_high=0, raise_delta=+1). Failed checks for best suit: p30 14.00 < 15, conf_mean 13.89 < 15.
Pass (locked): Player 2 (min_allowed=16)
  bidding analysis:
    present_suits: D, C, S
    current_high=0  min_allowed=16  raise_delta=1
    overall: avg=11.00  p30=0.00  std=8.31
    failed_checks:
      D: p30 0.00 < 15; conf_mean 6.85 < 15
      C: p30 0.00 < 15; conf_mean 1.75 < 15
    reason: Pass: No suit meets thresholds. Best suit D has p30=0.00, conf_mean=6.85 below min_allowed=16 (current_high=0, raise_delta=+1). Failed checks for best suit: p30 0.00 < 15, conf_mean 6.85 < 15.
Bid: Player 3 proposes 20 (min_allowed=16)
  bidding analysis:
    present_suits: H, D, C, S
    current_high=0  min_allowed=16  raise_delta=1
    chosen_suit: D
    proposed_bid: 20
    overall: avg=20.00  p30=20.00  std=0.00
    suit_stats:
      C: pts=[18]  avg=18.00  p30=18.00  std=0.00
      H: pts=[18]  avg=18.00  p30=18.00  std=0.00
      D: pts=[20]  avg=20.00  p30=20.00  std=0.00
      S: pts=[6]  avg=6.00  p30=6.00  std=0.00
    reason: Bid: Suit D meets thresholds (p30=20.00, conf_mean=20.00 >= min_allowed=16); conservative mapping max(p30, avg-1) -> 20. (current_high=0, raise_delta=+1)

AUCTION WINNER: Player 3 with bid 20; chooses trump C 
Details={'chosen': 'C', 'estimates': {'S': 0.0, 'D': 13.0, 'C': 14.0, 'H': 9.0}}
Player 0 hand :  ['QS', 'KD', 'AD', 'JH', '8C', '9C', '9H', 'KC']
Player 1 hand :  ['10S', 'AH', '10C', '10H', '8H', 'AS', '8D', 'QH']
Player 2 hand :  ['7S', '7D', 'AC', '9S', 'KS', '9D', 'QC', '8S']
Player 3 hand :  ['7H', 'QD', 'JS', 'JC', '10D', 'JD', 'KH']
Player 0 (auction 4 cards): ['QS', 'KD', 'AD', 'JH']
Player 1 (auction 4 cards): ['10S', 'AH', '10C', '10H']
Player 2 (auction 4 cards): ['7S', '7D', 'AC', '9S']
Player 3 (auction 4 cards): ['7H', 'QD', 'JS', '7C']
Auction winner (bidder): Player 3 with bid 20
Bidder sets concealed trump suit: C
Phase: concealed, bidder concealed card: 7C

Player 0 plays QS
Player 1 plays 10S
Player 2 plays 7S
Player 3 plays JS
Player 3 won the hand: 4 points

Player 3 plays 7H
Player 0 plays JH
Player 1 plays AH
Player 2 plays 7D
Player 0 won the hand: 4 points

Player 0 plays KD
Player 1 plays 8D
Player 2 plays 9D
Player 3 plays QD
Player 2 won the hand: 2 points

Player 2 plays AC
Player 3 plays JC
Player 0 plays 8C
Player 1 plays 10C
Player 3 won the hand: 5 points

Player 3 plays 10D
Player 0 plays AD
Player 1 plays 10H
Player 2 plays 9S
Player 0 won the hand: 5 points

Player 0 plays 9C
Player 1 plays 8H
Player 2 plays QC
Player 3 plays JD
Player 0 won the hand: 5 points

Player 0 plays 9H
Player 1 plays QH
Player 2 plays KS
Player 3 plays KH
Player 0 won the hand: 2 points

Player 0 plays KC
Player 1 plays AS
Player 2 plays 8S
Game 50 final points: Team A=18, Team B=9
Series cumulative game score so far: Team A=-12, Team B=3
Log saved to: c:\Users\laksh\Desktop\Projects\28bot\logs\game28\mcts_games\game_50_20250822_144420_885595.log
