
===== GAME 75 (20250825_153512_562640) =====

===== AUCTION =====
Bid: Player 0 proposes 16 (min_allowed=16)
  bidding analysis:
    present_suits: H, D, C, S
    current_high=0  min_allowed=16  raise_delta=1
    chosen_suit: H
    proposed_bid: 16
    overall: avg=16.00  p30=16.00  std=0.00
    suit_stats:
      C: pts=[4]  avg=4.00  p30=4.00  std=0.00
      D: pts=[13]  avg=13.00  p30=13.00  std=0.00
      S: pts=[10]  avg=10.00  p30=10.00  std=0.00
      H: pts=[16]  avg=16.00  p30=16.00  std=0.00
    reason: Bid: Suit H meets thresholds (p30=16.00, conf_mean=16.00 >= min_allowed=16); conservative mapping max(p30, avg-1) -> 16. (current_high=0, raise_delta=+1)
Pass (locked): Player 1 (min_allowed=17)
  bidding analysis:
    present_suits: H, C, S
    current_high=16  min_allowed=17  raise_delta=1
    overall: avg=0.00  p30=0.00  std=0.00
    failed_checks:
      H: p30 0.00 < 16; conf_mean 0.00 < 16
      S: p30 0.00 < 16; conf_mean 0.00 < 16
    reason: Pass: No suit meets thresholds. Best suit H has p30=0.00, conf_mean=0.00 below min_allowed=17 (current_high=16, raise_delta=+1). Failed checks for best suit: p30 0.00 < 16, conf_mean 0.00 < 16.
Pass (locked): Player 2 (min_allowed=17)
  bidding analysis:
    present_suits: D, C
    current_high=16  min_allowed=17  raise_delta=1
    overall: avg=16.19  p30=12.00  std=6.48
    suit_stats:
      D: pts=[23, 15, 12, 12, 15, 6 ...]  avg=16.19  p30=12.00  std=6.48
      C: pts=[]
    failed_checks:
      D: p30 12.00 < 16; conf_mean 12.95 < 16
      C: p30 0.00 < 16; conf_mean 0.00 < 16
    reason: Pass: No suit meets thresholds. Best suit D has p30=12.00, conf_mean=12.95 below min_allowed=17 (current_high=16, raise_delta=+1). Failed checks for best suit: p30 12.00 < 16, conf_mean 12.95 < 16.
Bid: Player 3 proposes 17 (min_allowed=17)
  bidding analysis:
    present_suits: H, D, C
    current_high=16  min_allowed=17  raise_delta=1
    chosen_suit: C
    proposed_bid: 17
    overall: avg=18.00  p30=16.00  std=3.46
    reason: Bid (precomputed): Suit C meets thresholds (p30=16.00, conf_mean=16.27 >= min_allowed=17); conservative mapping max(p30, avg-1) -> 17. (current_high=16, raise_delta=+1)
Pass (locked): Player 0 (min_allowed=18)
  bidding analysis:
    present_suits: H, D, C, S
    current_high=17  min_allowed=18  raise_delta=1
    overall: avg=15.00  p30=15.00  std=0.00
    suit_stats:
      S: pts=[4]  avg=4.00  p30=4.00  std=0.00
      C: pts=[15]  avg=15.00  p30=15.00  std=0.00
      H: pts=[7]  avg=7.00  p30=7.00  std=0.00
      D: pts=[10]  avg=10.00  p30=10.00  std=0.00
    failed_checks:
      H: p30 7.00 < 17; conf_mean 7.00 < 17
      D: p30 10.00 < 17; conf_mean 10.00 < 17
      C: p30 15.00 < 17; conf_mean 15.00 < 17
      S: p30 4.00 < 17; conf_mean 4.00 < 17
    reason: Pass: No suit meets thresholds. Best suit C has p30=15.00, conf_mean=15.00 below min_allowed=18 (current_high=17, raise_delta=+1). Failed checks for best suit: p30 15.00 < 17, conf_mean 15.00 < 17.

AUCTION WINNER: Player 3 with bid 17; chooses trump C 
Details={'chosen': 'C', 'estimates': {'H': 0.0, 'C': 18.0, 'D': 13.5}}
Player 0 hand :  ['AH', '9S', '7D', '8C', 'QS', '8H', 'KS', 'JD']
Player 1 hand :  ['8S', 'JS', '10H', 'AC', 'AD', 'QD', '9H', 'JH']
Player 2 hand :  ['10D', 'KD', '8D', '7C', 'QC', '10S', 'AS', 'KC']
Player 3 hand :  ['9D', '10C', '7H', 'KH', 'QH', '9C', '7S']
Player 0 (auction 4 cards): ['AH', '9S', '7D', '8C']
Player 1 (auction 4 cards): ['8S', 'JS', '10H', 'AC']
Player 2 (auction 4 cards): ['10D', 'KD', '8D', '7C']
Player 3 (auction 4 cards): ['9D', 'JC', '10C', '7H']
Auction winner (bidder): Player 3 with bid 17
Bidder sets concealed trump suit: C
Phase: concealed, bidder concealed card: JC

Player 0 plays AH
Player 1 plays 10H
Player 2 plays 10D
Player 3 plays 7H
Player 0 won the hand: 3 points

Player 0 plays 9S
Player 1 plays 8S
Player 2 plays 10S
Player 3 plays 7S
Player 0 won the hand: 3 points

Player 0 plays 7D
Player 1 plays AD
Player 2 plays KD
Player 3 plays 9D
Player 3 won the hand: 3 points

Player 3 plays KH
Player 0 plays 8H
Player 1 plays 9H
Player 2 plays 8D
Player 1 won the hand: 2 points

Player 1 plays JS
Player 2 plays AS
-- Phase 2 begins: Trump revealed as C by Player 3 on trick 5 --
Player 3 plays 10C
Player 0 plays QS
Player 3 won the hand: 5 points

Player 3 plays QH
Player 0 plays 8C
Player 1 plays JH
Player 2 plays 7C
Player 0 won the hand: 3 points

Player 0 plays KS
Player 1 plays AC
Player 2 plays QC
Player 3 plays 9C
Player 3 won the hand: 3 points

Player 3 plays JC
Player 0 plays JD
Player 1 plays QD
Player 2 plays KC
Player 3 won the hand: 6 points

Game 75 final points: Team A=9, Team B=19
Series cumulative game score so far: Team A=-15, Team B=-4
Log saved to: c:\Users\laksh\Desktop\Projects\28bot\logs\game28\mcts_games\game_75_20250825_153512_562640.log
