
===== GAME 7 (20250819_131358_146848) =====
Bid: Player 0 proposes 17 (min_allowed=16) – suit_scores={'H': [14, 14, 0, 10], 'D': [13, 0, 16, 10], 'C': [15, 24, 18, 15]} chosen=C p30=15 avg=18.0
Pass (locked): Player 1 (min_allowed=18) – analysis={'present_suits': ['H', 'D', 'C', 'S'], 'suit_to_points': {'H': [14, 14, 10, 14], 'D': [13, 23, 0, 16], 'C': [10, 7, 20, 12], 'S': [14, 21, 17, 20]}, 'chosen_suit': None, 'avg_points': 18.0, 'p30_points': 17, 'std_points': 2.7386127875258306, 'proposed': None, 'current_high': 17, 'min_allowed': 19, 'reason': 'no_suit_meets_thresholds'}
Pass (locked): Player 2 (min_allowed=18) – analysis={'present_suits': ['C', 'S'], 'suit_to_points': {'C': [28, 0, 0, 0], 'S': [13, 0, 0, 8]}, 'chosen_suit': None, 'avg_points': 7.0, 'p30_points': 0, 'std_points': 12.12435565298214, 'proposed': None, 'current_high': 17, 'min_allowed': 19, 'reason': 'no_suit_meets_thresholds'}
Pass (locked): Player 3 (min_allowed=18) – analysis={'present_suits': ['H', 'D', 'S'], 'suit_to_points': {'H': [18, 16, 19, 22], 'D': [0, 0, 12, 0], 'S': [6, 5, 0, 11]}, 'chosen_suit': None, 'avg_points': 18.75, 'p30_points': 18, 'std_points': 2.165063509461097, 'proposed': None, 'current_high': 17, 'min_allowed': 19, 'reason': 'no_suit_meets_thresholds'}
Auction winner: Player 0 with bid 17; chooses trump D – details={'chosen': 'D', 'estimates': {'H': 3, 'D': 8, 'C': 5}}
Player 0 hand :  ['AC', '8H', 'KD', '7H', 'AH', '10C', '8D']
Player 1 hand :  ['9D', '9C', 'JH', '10S', 'JS', '10D', '10H', 'KS']
Player 2 hand :  ['8S', '9S', 'KC', '8C', 'QH', 'QS', 'JD', '7S']
Player 3 hand :  ['9H', 'KH', 'AS', 'QD', 'JC', '7C', 'QC', '7D']
Player 0 (auction 4 cards): ['AC', '8H', 'AD', 'KD']
Player 1 (auction 4 cards): ['9D', '9C', 'JH', '10S']
Player 2 (auction 4 cards): ['8S', '9S', 'KC', '8C']
Player 3 (auction 4 cards): ['9H', 'KH', 'AS', 'QD']
Auction winner (bidder): Player 0 with bid 17
Bidder sets concealed trump suit: D
Phase: concealed, bidder concealed card: AD

Player 0 plays AC
Player 1 plays 9C
Player 2 plays KC
Player 3 plays JC
Player 3 won the hand: 6 points

Player 3 plays KH
Player 0 plays AH
Player 1 plays 10H
Player 2 plays QH
Player 0 won the hand: 2 points

Player 0 plays 8H
Player 1 plays JH
-- Phase 2 begins: Trump revealed as D by Player 2 on trick 3 --
Player 2 plays JD
Player 3 plays 9H
Player 2 won the hand: 8 points

Player 2 plays 8S
Player 3 plays AS
Player 0 plays KD
Player 1 plays 10S
Player 0 won the hand: 2 points

Player 0 plays 7H
Player 1 plays 9D
Player 2 plays 8C
Player 3 plays QD
Player 1 won the hand: 2 points

Player 1 plays 10D
Player 2 plays 9S
Player 3 plays 7D
Player 0 plays AD
Player 0 won the hand: 4 points

Player 0 plays 10C
Player 1 plays JS
Player 2 plays QS
Player 3 plays 7C
Player 0 won the hand: 4 points

Player 0 plays 8D
Player 1 plays KS
Player 2 plays 7S
Player 3 plays QC
Player 0 won the hand: 0 points

Game 7 final points: Team A=20, Team B=8
Series cumulative game score so far: Team A=7, Team B=-1
Log saved to: c:\Users\laksh\Desktop\Projects\28bot\logs\game28\mcts_games\game_7_20250819_131358_146848.log
