
===== GAME 26 (20250825_094604_558217) =====

===== AUCTION =====
Pass (locked): Player 0 (min_allowed=16)
  bidding analysis:
    present_suits: H, D, C
    current_high=0  min_allowed=16  raise_delta=1
    overall: avg=15.50  p30=14.00  std=3.94
    failed_checks:
      D: p30 14.00 < 15; conf_mean 13.53 < 15
      C: p30 0.00 < 15; conf_mean 0.00 < 15
    reason: Pass: No suit meets thresholds. Best suit D has p30=14.00, conf_mean=13.53 below min_allowed=16 (current_high=0, raise_delta=+1). Failed checks for best suit: p30 14.00 < 15, conf_mean 13.53 < 15.
Pass (locked): Player 1 (min_allowed=16)
  bidding analysis:
    present_suits: D, C, S
    current_high=0  min_allowed=16  raise_delta=1
    overall: avg=13.31  p30=9.00  std=5.07
    failed_checks:
      D: p30 9.00 < 15; conf_mean 10.78 < 15
      S: p30 0.00 < 15; conf_mean 0.00 < 15
    reason: Pass: No suit meets thresholds. Best suit D has p30=9.00, conf_mean=10.78 below min_allowed=16 (current_high=0, raise_delta=+1). Failed checks for best suit: p30 9.00 < 15, conf_mean 10.78 < 15.
Bid: Player 2 proposes 17 (min_allowed=16)
  bidding analysis:
    present_suits: H, C
    current_high=0  min_allowed=16  raise_delta=1
    chosen_suit: H
    proposed_bid: 17
    overall: avg=18.50  p30=16.00  std=4.03
    suit_stats:
      H: pts=[15, 21, 19, 23, 11, 18 ...]  avg=18.50  p30=16.00  std=4.03
      C: pts=[]
    reason: Bid: Suit H meets thresholds (p30=16.00, conf_mean=16.48 >= min_allowed=16); conservative mapping max(p30, avg-1) -> 17. (current_high=0, raise_delta=+1)
Pass (locked): Player 3 (min_allowed=18)
  bidding analysis:
    present_suits: H, D, S
    current_high=17  min_allowed=18  raise_delta=1
    overall: avg=12.69  p30=11.00  std=4.09
    suit_stats:
      S: pts=[17, 16, 14, 19, 11, 12 ...]  avg=12.69  p30=11.00  std=4.09
      H: pts=[]
      D: pts=[]
    failed_checks:
      H: p30 0.00 < 17; conf_mean 0.00 < 17
      D: p30 0.00 < 17; conf_mean 0.00 < 17
      S: p30 11.00 < 17; conf_mean 10.64 < 17
    reason: Pass: No suit meets thresholds. Best suit S has p30=11.00, conf_mean=10.64 below min_allowed=18 (current_high=17, raise_delta=+1). Failed checks for best suit: p30 11.00 < 17, conf_mean 10.64 < 17.

AUCTION WINNER: Player 2 with bid 17; chooses trump H 
Details={'chosen': 'H', 'estimates': {'H': 20.0, 'C': 7.0}}
Player 0 hand :  ['8D', 'AH', 'AD', 'QC', '7S', 'KS', '8H', '9H']
Player 1 hand :  ['8C', 'QD', '9S', '7C', '9D', 'QS', 'KC', 'AS']
Player 2 hand :  ['10H', 'AC', 'JH', '9C', 'JC', 'JS', 'JD']
Player 3 hand :  ['KD', '10S', '7H', '8S', '10D', '7D', 'KH', '10C']
Player 0 (auction 4 cards): ['8D', 'AH', 'AD', 'QC']
Player 1 (auction 4 cards): ['8C', 'QD', '9S', '7C']
Player 2 (auction 4 cards): ['10H', 'AC', 'QH', 'JH']
Player 3 (auction 4 cards): ['KD', '10S', '7H', '8S']
Auction winner (bidder): Player 2 with bid 17
Bidder sets concealed trump suit: H
Phase: concealed, bidder concealed card: QH

Player 0 plays 8D
Player 1 plays QD
Player 2 plays JD
Player 3 plays KD
Player 2 won the hand: 3 points

Player 2 plays AC
Player 3 plays 10C
Player 0 plays QC
Player 1 plays 8C
Player 2 won the hand: 2 points

Player 2 plays 9C
Player 3 plays 10S
-- Phase 2 begins: Trump revealed as H by Player 0 on trick 3 --
Player 0 plays AH
Player 1 plays 7C
Player 0 won the hand: 4 points

Player 0 plays AD
Player 1 plays 9D
Player 2 plays 10H
Player 3 plays 10D
Player 2 won the hand: 5 points

Player 2 plays JH
Player 3 plays 7H
Player 0 plays 8H
Player 1 plays 9S
Player 2 won the hand: 5 points

Player 2 plays JC
Player 3 plays 8S
Player 0 plays 7S
Player 1 plays KC
Player 2 won the hand: 3 points

Player 2 plays JS
Player 3 plays 7D
Player 0 plays KS
Player 1 plays QS
Player 2 won the hand: 3 points

Player 2 plays QH
Player 3 plays KH
Player 0 plays 9H
Player 1 plays AS
Player 0 won the hand: 3 points

Game 26 final points: Team A=28, Team B=0
Series cumulative game score so far: Team A=-8, Team B=-3
Log saved to: c:\Users\laksh\Desktop\Projects\28bot\logs\game28\mcts_games\game_26_20250825_094604_558217.log
