
===== GAME 20 (20250823_183251_375077) =====

===== AUCTION =====
Bid: Player 0 proposes 18 (min_allowed=16)
  bidding analysis:
    present_suits: C, S
    current_high=0  min_allowed=16  raise_delta=1
    chosen_suit: C
    proposed_bid: 18
    overall: avg=18.00  p30=18.00  std=0.00
    suit_stats:
      S: pts=[9, 3, 21, 9, 26, 15 ...]  avg=16.38  p30=13.00  std=6.36
      C: pts=[18]  avg=18.00  p30=18.00  std=0.00
    reason: Bid: Suit C meets thresholds (p30=18.00, conf_mean=18.00 >= min_allowed=16); conservative mapping max(p30, avg-1) -> 18. (current_high=0, raise_delta=+1)
Pass (locked): Player 1 (min_allowed=19)
  bidding analysis:
    present_suits: H, D, S
    current_high=18  min_allowed=19  raise_delta=1
    overall: avg=14.00  p30=11.00  std=5.55
    suit_stats:
      D: pts=[19, 4, 2, 11, 16, 18 ...]  avg=14.00  p30=11.00  std=5.55
      H: pts=[]
      S: pts=[]
    failed_checks:
      H: p30 0.00 < 18; conf_mean 0.00 < 18
      D: p30 11.00 < 18; conf_mean 11.23 < 18
      S: p30 0.00 < 18; conf_mean 0.00 < 18
    reason: Pass: No suit meets thresholds. Best suit D has p30=11.00, conf_mean=11.23 below min_allowed=19 (current_high=18, raise_delta=+1). Failed checks for best suit: p30 11.00 < 18, conf_mean 11.23 < 18.
Bid: Player 2 proposes 23 (min_allowed=19)
  bidding analysis:
    present_suits: H, D, C, S
    current_high=18  min_allowed=19  raise_delta=1
    chosen_suit: S
    proposed_bid: 23
    overall: avg=23.00  p30=23.00  std=0.00
    suit_stats:
      C: pts=[6]  avg=6.00  p30=6.00  std=0.00
      S: pts=[23]  avg=23.00  p30=23.00  std=0.00
      D: pts=[16]  avg=16.00  p30=16.00  std=0.00
      H: pts=[11]  avg=11.00  p30=11.00  std=0.00
    reason: Bid: Suit S meets thresholds (p30=23.00, conf_mean=23.00 >= min_allowed=19); conservative mapping max(p30, avg-1) -> 23. (current_high=18, raise_delta=+1)
Pass (locked): Player 3 (min_allowed=24)
  bidding analysis:
    present_suits: H, C, S
    current_high=23  min_allowed=24  raise_delta=1
    overall: avg=18.62  p30=14.00  std=7.11
    failed_checks:
      H: p30 14.00 < 23; conf_mean 15.07 < 23
      S: p30 0.00 < 23; conf_mean 0.00 < 23
    reason: Pass: No suit meets thresholds. Best suit H has p30=14.00, conf_mean=15.07 below min_allowed=24 (current_high=23, raise_delta=+1). Failed checks for best suit: p30 14.00 < 23, conf_mean 15.07 < 23.
Bid: Player 0 proposes 24 (min_allowed=24)
  bidding analysis:
    present_suits: C, S
    current_high=23  min_allowed=24  raise_delta=1
    chosen_suit: S
    proposed_bid: 24
    overall: avg=24.00  p30=24.00  std=0.00
    suit_stats:
      C: pts=[16, 21, 18, 12, 14, 10 ...]  avg=15.38  p30=13.00  std=4.92
      S: pts=[24]  avg=24.00  p30=24.00  std=0.00
    reason: Bid: Suit S meets thresholds (p30=24.00, conf_mean=24.00 >= min_allowed=24); conservative mapping max(p30, avg-1) -> 24. (current_high=23, raise_delta=+1)
Pass (locked): Player 2 (min_allowed=25)
  bidding analysis:
    present_suits: H, D, C, S
    current_high=24  min_allowed=25  raise_delta=1
    overall: avg=20.00  p30=20.00  std=0.00
    suit_stats:
      C: pts=[20]  avg=20.00  p30=20.00  std=0.00
      S: pts=[8]  avg=8.00  p30=8.00  std=0.00
      D: pts=[10]  avg=10.00  p30=10.00  std=0.00
      H: pts=[5]  avg=5.00  p30=5.00  std=0.00
    failed_checks:
      H: p30 5.00 < 24; conf_mean 5.00 < 24
      D: p30 10.00 < 24; conf_mean 10.00 < 24
      C: p30 20.00 < 24; conf_mean 20.00 < 24
      S: p30 8.00 < 24; conf_mean 8.00 < 24
    reason: Pass: No suit meets thresholds. Best suit C has p30=20.00, conf_mean=20.00 below min_allowed=25 (current_high=24, raise_delta=+1). Failed checks for best suit: p30 20.00 < 24, conf_mean 20.00 < 24.

AUCTION WINNER: Player 0 with bid 24; chooses trump S 
Details={'chosen': 'S', 'estimates': {'S': 17.0, 'C': 14.0}}
Player 0 hand :  ['8C', 'KC', '10S', '8D', '7H', 'QC', 'JC']
Player 1 hand :  ['8H', 'AD', 'AS', 'QD', 'QH', 'AH', '7D', 'QS']
Player 2 hand :  ['7S', '10H', '7C', 'KD', 'KH', 'KS', '9C', 'JD']
Player 3 hand :  ['JH', '9H', 'AC', '8S', '10C', '9S', '10D', '9D']
Player 0 (auction 4 cards): ['8C', 'KC', '10S', 'JS']
Player 1 (auction 4 cards): ['8H', 'AD', 'AS', 'QD']
Player 2 (auction 4 cards): ['7S', '10H', '7C', 'KD']
Player 3 (auction 4 cards): ['JH', '9H', 'AC', '8S']
Auction winner (bidder): Player 0 with bid 24
Bidder sets concealed trump suit: S
Phase: concealed, bidder concealed card: JS

Player 0 plays 8C
Player 1 plays 8H
Player 2 plays 7C
Player 3 plays AC
Player 3 won the hand: 1 points

Player 3 plays JH
Player 0 plays 7H
Player 1 plays QH
Player 2 plays 10H
Player 3 won the hand: 4 points

Player 3 plays 9H
Player 0 plays KC
Player 1 plays AH
Player 2 plays KH
Player 3 won the hand: 3 points

Player 3 plays 8S
Player 0 plays 10S
Player 1 plays AS
Player 2 plays 7S
Player 1 won the hand: 2 points

Player 1 plays AD
Player 2 plays KD
Player 3 plays 10D
Player 0 plays 8D
Player 1 won the hand: 2 points

Player 1 plays QD
Player 2 plays JD
Player 3 plays 9D
Player 0 plays QC
Player 2 won the hand: 5 points

Player 2 plays KS
Player 3 plays 9S
Player 0 plays JC
Player 1 plays QS
Player 3 won the hand: 5 points

Player 3 plays 10C
Error during gameplay: Current player 0 has no cards but other players do
No cards available, ending game
Game 20 final points: Team A=5, Team B=17
Series cumulative game score so far: Team A=-6, Team B=-3
Log saved to: c:\Users\laksh\Desktop\Projects\28bot\logs\game28\mcts_games\game_20_20250823_183251_375077.log
