
===== GAME 84 (20250822_164633_543377) =====

===== AUCTION =====
Pass (locked): Player 0 (min_allowed=16)
  bidding analysis:
    present_suits: H, D, C
    current_high=0  min_allowed=16  raise_delta=1
    overall: avg=13.62  p30=13.00  std=5.59
    failed_checks:
      H: p30 13.00 < 15; conf_mean 10.83 < 15
      D: p30 0.00 < 15; conf_mean 0.00 < 15
      C: p30 0.00 < 15; conf_mean 0.00 < 15
    reason: Pass: No suit meets thresholds. Best suit H has p30=13.00, conf_mean=10.83 below min_allowed=16 (current_high=0, raise_delta=+1). Failed checks for best suit: p30 13.00 < 15, conf_mean 10.83 < 15.
Pass (locked): Player 1 (min_allowed=16)
  bidding analysis:
    present_suits: H, D, S
    current_high=0  min_allowed=16  raise_delta=1
    overall: avg=13.25  p30=13.00  std=2.17
    failed_checks:
      H: p30 13.00 < 15; conf_mean 12.17 < 15
      D: p30 0.00 < 15; conf_mean 0.00 < 15
      S: p30 0.00 < 15; conf_mean 0.00 < 15
    reason: Pass: No suit meets thresholds. Best suit H has p30=13.00, conf_mean=12.17 below min_allowed=16 (current_high=0, raise_delta=+1). Failed checks for best suit: p30 13.00 < 15, conf_mean 12.17 < 15.
Pass (locked): Player 2 (min_allowed=16)
  bidding analysis:
    present_suits: H, D, C
    current_high=0  min_allowed=16  raise_delta=1
    overall: avg=13.62  p30=8.00  std=6.37
    suit_stats:
      C: pts=[6, 17, 10, 11, 8, 24 ...]  avg=13.62  p30=8.00  std=6.37
      H: pts=[]
      D: pts=[]
    failed_checks:
      H: p30 0.00 < 15; conf_mean 0.00 < 15
      D: p30 0.00 < 15; conf_mean 0.00 < 15
      C: p30 8.00 < 15; conf_mean 10.44 < 15
    reason: Pass: No suit meets thresholds. Best suit C has p30=8.00, conf_mean=10.44 below min_allowed=16 (current_high=0, raise_delta=+1). Failed checks for best suit: p30 8.00 < 15, conf_mean 10.44 < 15.
Bid: Player 3 proposes 18 (min_allowed=16)
  bidding analysis:
    present_suits: H, S
    current_high=0  min_allowed=16  raise_delta=1
    chosen_suit: H
    proposed_bid: 18
    overall: avg=19.12  p30=17.00  std=3.37
    reason: Bid (precomputed): Suit H meets thresholds (p30=17.00, conf_mean=17.44 >= min_allowed=16); conservative mapping max(p30, avg-1) -> 18. (current_high=0, raise_delta=+1)

AUCTION WINNER: Player 3 with bid 18; chooses trump H 
Details={'chosen': 'H', 'estimates': {'H': 19.125, 'S': 0.0}}
Player 0 hand :  ['8D', 'JH', '9D', '10C', 'AH', 'AC', 'AD', '8C']
Player 1 hand :  ['9H', 'KH', '9S', '7D', 'QH', '10S', 'KD', 'JC']
Player 2 hand :  ['10D', '7C', '9C', '10H', 'QD', 'AS', '7H', 'JD']
Player 3 hand :  ['KS', '7S', 'JS', '8S', 'KC', 'QC', 'QS']
Player 0 (auction 4 cards): ['8D', 'JH', '9D', '10C']
Player 1 (auction 4 cards): ['9H', 'KH', '9S', '7D']
Player 2 (auction 4 cards): ['10D', '7C', '9C', '10H']
Player 3 (auction 4 cards): ['KS', '8H', '7S', 'JS']
Auction winner (bidder): Player 3 with bid 18
Bidder sets concealed trump suit: H
Phase: concealed, bidder concealed card: 8H

Player 0 plays 8D
Player 1 plays 7D
Player 2 plays 10D
Player 3 plays KS
Player 2 won the hand: 1 points

Player 2 plays 7C
Player 3 plays KC
Player 0 plays 10C
Player 1 plays JC
Player 1 won the hand: 4 points

Player 1 plays 9H
Player 2 plays 10H
Player 3 plays 7S
Player 0 plays JH
Player 0 won the hand: 6 points

Player 0 plays 9D
Player 1 plays KD
Player 2 plays QD
Player 3 plays JS
Player 0 won the hand: 5 points

Player 0 plays AH
Player 1 plays KH
Player 2 plays 7H
Player 3 plays 8S
Player 0 won the hand: 1 points

Player 0 plays AC
Player 1 plays 9S
Player 2 plays 9C
Player 3 plays QC
Player 2 won the hand: 5 points

Player 2 plays AS
Player 3 plays QS
Player 0 plays AD
Player 1 plays 10S
Player 2 won the hand: 3 points

Player 2 plays JD
Error during gameplay: Current player 3 has no cards but other players do
No cards available, ending game
Game 84 final points: Team A=21, Team B=4
Series cumulative game score so far: Team A=-7, Team B=-1
Log saved to: c:\Users\laksh\Desktop\Projects\28bot\logs\game28\mcts_games\game_84_20250822_164633_543377.log
