
===== GAME 46 (20250822_081638_345532) =====

===== AUCTION =====
Pass (locked): Player 0 (min_allowed=16)
  bidding analysis:
    present_suits: H, C
    current_high=0  min_allowed=16  raise_delta=1
    overall: avg=15.12  p30=12.00  std=4.51
    suit_stats:
      C: pts=[15, 17, 18, 21, 11, 7 ...]  avg=15.12  p30=12.00  std=4.51
      H: pts=[8]  avg=8.00  p30=8.00  std=0.00
    failed_checks:
      H: p30 8.00 < 15; conf_mean 8.00 < 15
      C: p30 12.00 < 15; conf_mean 12.87 < 15
    reason: Pass: No suit meets thresholds. Best suit C has p30=12.00, conf_mean=12.87 below min_allowed=16 (current_high=0, raise_delta=+1). Failed checks for best suit: p30 12.00 < 15, conf_mean 12.87 < 15.
Bid: Player 1 proposes 17 (min_allowed=16)
  bidding analysis:
    present_suits: H, D, C
    current_high=0  min_allowed=16  raise_delta=1
    chosen_suit: C
    proposed_bid: 17
    overall: avg=18.25  p30=17.00  std=4.18
    suit_stats:
      C: pts=[18, 28, 20, 17, 17, 15 ...]  avg=18.25  p30=17.00  std=4.18
      H: pts=[]
      D: pts=[]
    reason: Bid: Suit C meets thresholds (p30=17.00, conf_mean=16.16 >= min_allowed=16); conservative mapping max(p30, avg-1) -> 17. (current_high=0, raise_delta=+1)
Pass (locked): Player 2 (min_allowed=18)
  bidding analysis:
    present_suits: D, S
    current_high=17  min_allowed=18  raise_delta=1
    overall: avg=18.38  p30=15.00  std=4.27
    suit_stats:
      S: pts=[21, 14, 18, 21, 15, 12 ...]  avg=18.38  p30=15.00  std=4.27
      D: pts=[]
    failed_checks:
      D: p30 0.00 < 17; conf_mean 0.00 < 17
      S: p30 15.00 < 17; conf_mean 16.24 < 17
    reason: Pass: No suit meets thresholds. Best suit S has p30=15.00, conf_mean=16.24 below min_allowed=18 (current_high=17, raise_delta=+1). Failed checks for best suit: p30 15.00 < 17, conf_mean 16.24 < 17.
Pass (locked): Player 3 (min_allowed=18)
  bidding analysis:
    present_suits: H, C
    current_high=17  min_allowed=18  raise_delta=1
    overall: avg=13.38  p30=11.00  std=7.35
    suit_stats:
      C: pts=[5, 15, 13, 3, 19, 13 ...]  avg=13.38  p30=11.00  std=7.35
      H: pts=[10]  avg=10.00  p30=10.00  std=0.00
    failed_checks:
      H: p30 10.00 < 17; conf_mean 10.00 < 17
      C: p30 11.00 < 17; conf_mean 9.70 < 17
    reason: Pass: No suit meets thresholds. Best suit C has p30=11.00, conf_mean=9.70 below min_allowed=18 (current_high=17, raise_delta=+1). Failed checks for best suit: p30 11.00 < 17, conf_mean 9.70 < 17.

AUCTION WINNER: Player 1 with bid 17; chooses trump D 
Details={'chosen': 'D', 'estimates': {'H': 16.0, 'D': 27.0, 'C': 17.0}}
Player 0 hand :  ['8C', 'QH', '7C', 'AH', 'KC', '7S', 'JC', '8H']
Player 1 hand :  ['9C', '7H', '10C', 'JS', 'KD', 'KS', '7D']
Player 2 hand :  ['AS', '10S', 'QS', 'QD', '9S', '8D', '8S', 'JH']
Player 3 hand :  ['AC', '9H', '10H', 'QC', 'AD', '10D', 'JD', 'KH']
Player 0 (auction 4 cards): ['8C', 'QH', '7C', 'AH']
Player 1 (auction 4 cards): ['9C', '7H', '10C', '9D']
Player 2 (auction 4 cards): ['AS', '10S', 'QS', 'QD']
Player 3 (auction 4 cards): ['AC', '9H', '10H', 'QC']
Auction winner (bidder): Player 1 with bid 17
Bidder sets concealed trump suit: D
Phase: concealed, bidder concealed card: 9D

Player 0 plays 8C
Player 1 plays 9C
Player 2 plays AS
Player 3 plays AC
Player 1 won the hand: 4 points

Player 1 plays 7H
Player 2 plays JH
Player 3 plays 9H
Player 0 plays QH
Player 2 won the hand: 5 points

Player 2 plays 10S
Player 3 plays 10H
Player 0 plays 7S
Player 1 plays JS
Player 1 won the hand: 5 points

Player 1 plays 10C
Player 2 plays QS
Player 3 plays QC
Player 0 plays 7C
Player 1 won the hand: 1 points

Player 1 plays KS
Player 2 plays 9S
-- Phase 2 begins: Trump revealed as D by Player 3 on trick 5 --
Player 3 plays AD
Player 0 plays AH
Player 3 won the hand: 4 points

Player 3 plays 10D
Player 0 plays KC
Player 1 plays KD
Player 2 plays QD
Player 3 won the hand: 1 points

Player 3 plays JD
Player 0 plays JC
Player 1 plays 7D
Player 2 plays 8D
Player 3 won the hand: 6 points

Player 3 plays KH
Player 0 plays 8H
Player 1 plays 9D
Player 2 plays 8S
Player 1 won the hand: 2 points

Game 46 final points: Team A=5, Team B=23
Series cumulative game score so far: Team A=-4, Team B=-10
Log saved to: c:\Users\laksh\Desktop\Projects\28bot\logs\game28\mcts_games\game_46_20250822_081638_345532.log
