
===== GAME 59 (20250825_132527_303548) =====

===== AUCTION =====
Pass (locked): Player 0 (min_allowed=16)
  bidding analysis:
    present_suits: H, C, S
    current_high=0  min_allowed=16  raise_delta=1
    overall: avg=14.46  p30=13.00  std=5.72
    failed_checks:
      H: p30 13.00 < 15; conf_mean 11.60 < 15
      C: p30 0.00 < 15; conf_mean 0.00 < 15
      S: p30 0.00 < 15; conf_mean 0.00 < 15
    reason: Pass: No suit meets thresholds. Best suit H has p30=13.00, conf_mean=11.60 below min_allowed=16 (current_high=0, raise_delta=+1). Failed checks for best suit: p30 13.00 < 15, conf_mean 11.60 < 15.
Bid: Player 1 proposes 18 (min_allowed=16)
  bidding analysis:
    present_suits: H, S
    current_high=0  min_allowed=16  raise_delta=1
    chosen_suit: S
    proposed_bid: 18
    overall: avg=19.56  p30=17.00  std=5.06
    suit_stats:
      S: pts=[10, 22, 23, 17, 26, 19 ...]  avg=19.56  p30=17.00  std=5.06
      H: pts=[17]  avg=17.00  p30=17.00  std=0.00
    reason: Bid: Suit S meets thresholds (p30=17.00, conf_mean=17.03 >= min_allowed=16); conservative mapping max(p30, avg-1) -> 18. (current_high=0, raise_delta=+1)
Pass (locked): Player 2 (min_allowed=19)
  bidding analysis:
    present_suits: D, C, S
    current_high=18  min_allowed=19  raise_delta=1
    overall: avg=0.00  p30=0.00  std=0.00
    failed_checks:
      D: p30 0.00 < 18; conf_mean 0.00 < 18
      S: p30 0.00 < 18; conf_mean 0.00 < 18
    reason: Pass: No suit meets thresholds. Best suit D has p30=0.00, conf_mean=0.00 below min_allowed=19 (current_high=18, raise_delta=+1). Failed checks for best suit: p30 0.00 < 18, conf_mean 0.00 < 18.
Pass (locked): Player 3 (min_allowed=19)
  bidding analysis:
    present_suits: D, C, S
    current_high=18  min_allowed=19  raise_delta=1
    overall: avg=11.31  p30=9.00  std=5.05
    suit_stats:
      C: pts=[11, 11, 12, 9, 7, 3 ...]  avg=11.31  p30=9.00  std=5.05
      D: pts=[]
      S: pts=[]
    failed_checks:
      D: p30 0.00 < 18; conf_mean 0.00 < 18
      C: p30 9.00 < 18; conf_mean 8.79 < 18
      S: p30 0.00 < 18; conf_mean 0.00 < 18
    reason: Pass: No suit meets thresholds. Best suit C has p30=9.00, conf_mean=8.79 below min_allowed=19 (current_high=18, raise_delta=+1). Failed checks for best suit: p30 9.00 < 18, conf_mean 8.79 < 18.

AUCTION WINNER: Player 1 with bid 18; chooses trump S 
Details={'chosen': 'S', 'estimates': {'S': 15.0, 'H': 9.0}}
Player 0 hand :  ['QH', 'AS', '10C', '9C', '8H', 'KS', '7C', '10H']
Player 1 hand :  ['JH', '9H', '9S', '7D', 'AH', 'AC', 'JC']
Player 2 hand :  ['10D', '10S', 'QS', 'KC', '9D', '8D', 'AD', 'KH']
Player 3 hand :  ['QD', '8S', '8C', 'QC', '7H', '7S', 'JD', 'KD']
Player 0 (auction 4 cards): ['QH', 'AS', '10C', '9C']
Player 1 (auction 4 cards): ['JH', '9H', '9S', 'JS']
Player 2 (auction 4 cards): ['10D', '10S', 'QS', 'KC']
Player 3 (auction 4 cards): ['QD', '8S', '8C', 'QC']
Auction winner (bidder): Player 1 with bid 18
Bidder sets concealed trump suit: S
Phase: concealed, bidder concealed card: JS

Player 0 plays QH
Player 1 plays JH
Player 2 plays KH
Player 3 plays 7H
Player 1 won the hand: 3 points

Player 1 plays 9H
Player 2 plays 10D
Player 3 plays QD
Player 0 plays 8H
Player 1 won the hand: 3 points

Player 1 plays 7D
Player 2 plays 9D
Player 3 plays JD
-- Phase 2 begins: Trump revealed as S by Player 0 on trick 3 --
Player 0 plays AS
Player 0 won the hand: 6 points

Player 0 plays 10C
Player 1 plays AC
Player 2 plays KC
Player 3 plays 8C
Player 1 won the hand: 2 points

Player 1 plays 9S
Player 2 plays 10S
Player 3 plays 8S
Player 0 plays KS
Player 1 won the hand: 3 points

Player 1 plays AH
Player 2 plays QS
Player 3 plays QC
Player 0 plays 10H
Player 2 won the hand: 2 points

Player 2 plays 8D
Player 3 plays KD
Player 0 plays 9C
Player 1 plays JC
Player 3 won the hand: 5 points

Player 3 plays 7S
Player 0 plays 7C
Player 1 plays JS
Player 2 plays AD
Player 1 won the hand: 4 points

Game 59 final points: Team A=8, Team B=20
Series cumulative game score so far: Team A=-20, Team B=-5
Log saved to: c:\Users\laksh\Desktop\Projects\28bot\logs\game28\mcts_games\game_59_20250825_132527_303548.log
