
===== GAME 42 (20250820_153544_226922) =====

===== AUCTION =====
Pass (locked): Player 0 (min_allowed=16)
  bidding analysis:
    present_suits: D, C, S
    current_high=0  min_allowed=16  raise_delta=1
    overall: avg=11.25  p30=6.00  std=5.80
    suit_stats:
      D: pts=[6, 16, 5, 18]  avg=11.25  p30=6.00  std=5.80
      C: pts=[]
      S: pts=[]
    failed_checks:
      D: p30 6.00 < 15; conf_mean 8.35 < 15
      C: p30 0.00 < 15; conf_mean 0.00 < 15
      S: p30 0.00 < 15; conf_mean 0.00 < 15
    reason: Pass: No suit meets thresholds. Best suit D has p30=6.00, conf_mean=8.35 below min_allowed=16 (current_high=0, raise_delta=+1). Failed checks for best suit: p30 6.00 < 15, conf_mean 8.35 < 15.
Pass (locked): Player 1 (min_allowed=16)
  bidding analysis:
    present_suits: H, S
    current_high=0  min_allowed=16  raise_delta=1
    overall: avg=15.75  p30=13.00  std=3.34
    suit_stats:
      S: pts=[13, 12, 20, 18]  avg=15.75  p30=13.00  std=3.34
      H: pts=[]
    failed_checks:
      H: p30 0.00 < 15; conf_mean 0.00 < 15
      S: p30 13.00 < 15; conf_mean 14.08 < 15
    reason: Pass: No suit meets thresholds. Best suit S has p30=13.00, conf_mean=14.08 below min_allowed=16 (current_high=0, raise_delta=+1). Failed checks for best suit: p30 13.00 < 15, conf_mean 14.08 < 15.
Bid: Player 2 proposes 16 (min_allowed=16)
  bidding analysis:
    present_suits: H, D, S
    current_high=0  min_allowed=16  raise_delta=1
    chosen_suit: H
    proposed_bid: 16
    overall: avg=17.75  p30=15.00  std=4.60
    suit_stats:
      H: pts=[12, 20, 15, 24]  avg=17.75  p30=15.00  std=4.60
      D: pts=[]
      S: pts=[]
    reason: Bid: Suit H meets thresholds (p30=15.00, conf_mean=15.45 >= min_allowed=16); conservative mapping max(p30, avg-1) -> 16. (current_high=0, raise_delta=+1)
Pass (locked): Player 3 (min_allowed=17)
  bidding analysis:
    present_suits: H, D, S
    current_high=16  min_allowed=17  raise_delta=1
    overall: avg=9.67  p30=7.00  std=6.16
    failed_checks:
      H: p30 3.00 < 16; conf_mean 4.50 < 16
      D: p30 7.00 < 16; conf_mean 6.59 < 16
    reason: Pass: No suit meets thresholds. Best suit D has p30=7.00, conf_mean=6.59 below min_allowed=17 (current_high=16, raise_delta=+1). Failed checks for best suit: p30 7.00 < 16, conf_mean 6.59 < 16.

AUCTION WINNER: Player 2 with bid 16; chooses trump H 
Details={'chosen': 'H', 'estimates': {'S': 11.5, 'D': 11.5, 'H': 12.666666666666666}}
Player 0 hand :  ['KS', '7D', '7C', 'QD', 'AD', 'JH', 'KC', '10S']
Player 1 hand :  ['AS', 'QS', '8S', 'QH', '10C', 'JS', '9C', 'JD']
Player 2 hand :  ['8H', 'KD', '9S', 'AC', 'QC', '9H', '8D']
Player 3 hand :  ['10D', '7S', 'KH', '7H', 'AH', 'JC', '8C', '9D']
Player 0 (auction 4 cards): ['KS', '7D', '7C', 'QD']
Player 1 (auction 4 cards): ['AS', 'QS', '8S', 'QH']
Player 2 (auction 4 cards): ['8H', 'KD', '9S', '10H']
Player 3 (auction 4 cards): ['10D', '7S', 'KH', '7H']
Auction winner (bidder): Player 2 with bid 16
Bidder sets concealed trump suit: H
Phase: concealed, bidder concealed card: 10H

Player 0 plays KS
Player 1 plays AS
Player 2 plays 9S
Player 3 plays 7S
Player 2 won the hand: 3 points

Player 2 plays KD
Player 3 plays 10D
Player 0 plays 7D
Player 1 plays JD
Player 1 won the hand: 4 points

Player 1 plays QS
-- Phase 2 begins: Trump revealed as H by Player 2 on trick 3 --
Player 2 plays 8H
Player 3 plays KH
Player 0 plays 10S
Player 3 won the hand: 1 points

Player 3 plays 7H
Player 0 plays JH
Player 1 plays QH
Player 2 plays 9H
Player 0 won the hand: 5 points

Player 0 plays 7C
Player 1 plays 10C
Player 2 plays AC
Player 3 plays JC
Player 3 won the hand: 5 points

Player 3 plays AH
Player 0 plays QD
Player 1 plays 8S
Player 2 plays 10H
Player 3 won the hand: 2 points

Player 3 plays 8C
Player 0 plays KC
Player 1 plays 9C
Player 2 plays QC
Player 1 won the hand: 2 points

Player 1 plays JS
Player 2 plays 8D
Player 3 plays 9D
Player 0 plays AD
Player 1 won the hand: 6 points

Game 42 final points: Team A=8, Team B=20
Series cumulative game score so far: Team A=-3, Team B=-4
Log saved to: c:\Users\laksh\Desktop\Projects\28bot\logs\game28\mcts_games\game_42_20250820_153544_226922.log
