
===== GAME 117 (20250823_122544_831720) =====

===== AUCTION =====
Pass (locked): Player 0 (min_allowed=16)
  bidding analysis:
    present_suits: H, D, C
    current_high=0  min_allowed=16  raise_delta=1
    overall: avg=11.00  p30=10.00  std=4.32
    failed_checks:
      H: p30 10.00 < 15; conf_mean 8.84 < 15
      C: p30 0.00 < 15; conf_mean 0.00 < 15
    reason: Pass: No suit meets thresholds. Best suit H has p30=10.00, conf_mean=8.84 below min_allowed=16 (current_high=0, raise_delta=+1). Failed checks for best suit: p30 10.00 < 15, conf_mean 8.84 < 15.
Pass (locked): Player 1 (min_allowed=16)
  bidding analysis:
    present_suits: H, D, S
    current_high=0  min_allowed=16  raise_delta=1
    overall: avg=17.88  p30=13.00  std=6.29
    failed_checks:
      H: p30 13.00 < 15; conf_mean 14.73 < 15
      S: p30 0.00 < 15; conf_mean 0.00 < 15
    reason: Pass: No suit meets thresholds. Best suit H has p30=13.00, conf_mean=14.73 below min_allowed=16 (current_high=0, raise_delta=+1). Failed checks for best suit: p30 13.00 < 15, conf_mean 14.73 < 15.
Pass (locked): Player 2 (min_allowed=16)
  bidding analysis:
    present_suits: H, C, S
    current_high=0  min_allowed=16  raise_delta=1
    overall: avg=16.12  p30=11.00  std=5.84
    failed_checks:
      H: p30 11.00 < 15; conf_mean 13.20 < 15
      C: p30 0.00 < 15; conf_mean 0.00 < 15
      S: p30 0.00 < 15; conf_mean 0.00 < 15
    reason: Pass: No suit meets thresholds. Best suit H has p30=11.00, conf_mean=13.20 below min_allowed=16 (current_high=0, raise_delta=+1). Failed checks for best suit: p30 11.00 < 15, conf_mean 13.20 < 15.
Bid: Player 3 proposes 17 (min_allowed=16)
  bidding analysis:
    present_suits: H, D, S
    current_high=0  min_allowed=16  raise_delta=1
    chosen_suit: H
    proposed_bid: 17
    overall: avg=18.75  p30=17.00  std=3.88
    suit_stats:
      H: pts=[21, 17, 21, 20, 9, 21 ...]  avg=18.75  p30=17.00  std=3.88
      D: pts=[]
      S: pts=[]
    reason: Bid: Suit H meets thresholds (p30=17.00, conf_mean=16.81 >= min_allowed=16); conservative mapping max(p30, avg-1) -> 17. (current_high=0, raise_delta=+1)

AUCTION WINNER: Player 3 with bid 17; chooses trump S 
Details={'chosen': 'S', 'estimates': {'D': 11.0, 'S': 18.0, 'H': 16.0}}
Player 0 hand :  ['7H', '7C', 'QD', 'KD', '9S', 'KH', '10H', 'JS']
Player 1 hand :  ['10D', '8S', 'QH', 'AH', 'QS', 'JC', 'KC', 'QC']
Player 2 hand :  ['9C', 'AC', '9H', '7S', '7D', '9D', '10S', '8D']
Player 3 hand :  ['8H', 'JD', 'JH', 'KS', '10C', 'AD', '8C']
Player 0 (auction 4 cards): ['7H', '7C', 'QD', 'KD']
Player 1 (auction 4 cards): ['10D', '8S', 'QH', 'AH']
Player 2 (auction 4 cards): ['9C', 'AC', '9H', '7S']
Player 3 (auction 4 cards): ['AS', '8H', 'JD', 'JH']
Auction winner (bidder): Player 3 with bid 17
Bidder sets concealed trump suit: S
Phase: concealed, bidder concealed card: AS

Player 0 plays 7H
Player 1 plays QH
Player 2 plays 9H
Player 3 plays 8H
Player 2 won the hand: 2 points

Player 2 plays 9C
Player 3 plays 10C
Player 0 plays 7C
Player 1 plays JC
Player 1 won the hand: 6 points

Player 1 plays 10D
Player 2 plays 7D
Player 3 plays JD
Player 0 plays QD
Player 3 won the hand: 4 points

Player 3 plays JH
Player 0 plays KH
Player 1 plays AH
Player 2 plays AC
Player 3 won the hand: 5 points

Player 3 plays AD
Player 0 plays KD
-- Phase 2 begins: Trump revealed as S by Player 1 on trick 5 --
Player 1 plays 8S
Player 2 plays 9D
Player 1 won the hand: 3 points

Player 1 plays QS
Player 2 plays 7S
Player 3 plays KS
Player 0 plays 9S
Player 0 won the hand: 2 points

Player 0 plays 10H
Player 1 plays KC
Player 2 plays 10S
Player 3 plays 8C
Player 2 won the hand: 2 points

Player 2 plays 8D
Player 3 plays AS
Player 0 plays JS
Player 1 plays QC
Player 0 won the hand: 4 points

Game 117 final points: Team A=10, Team B=18
Series cumulative game score so far: Team A=-8, Team B=-4
Log saved to: c:\Users\laksh\Desktop\Projects\28bot\logs\game28\mcts_games\game_117_20250823_122544_831720.log
