
===== GAME 18 (20250820_102635_096856) =====

===== AUCTION =====
Pass (locked): Player 0 (min_allowed=16)
  bidding analysis:
    present_suits: D, C, S
    current_high=0  min_allowed=16  raise_delta=1
    overall: avg=13.50  p30=14.00  std=2.18
    suit_stats:
      D: pts=[14, 14, 16, 10]  avg=13.50  p30=14.00  std=2.18
      C: pts=[]
      S: pts=[]
    failed_checks:
      D: p30 14.00 < 15; conf_mean 12.41 < 15
      C: p30 0.00 < 15; conf_mean 0.00 < 15
      S: p30 0.00 < 15; conf_mean 0.00 < 15
    reason: Pass: No suit meets thresholds. Best suit D has p30=14.00, conf_mean=12.41 below min_allowed=16 (current_high=0, raise_delta=+1). Failed checks for best suit: p30 14.00 < 15, conf_mean 12.41 < 15.
Pass (locked): Player 1 (min_allowed=16)
  bidding analysis:
    present_suits: D, C, S
    current_high=0  min_allowed=16  raise_delta=1
    overall: avg=4.25  p30=4.00  std=2.68
    suit_stats:
      C: pts=[0, 4, 7, 6]  avg=4.25  p30=4.00  std=2.68
      D: pts=[]
      S: pts=[]
    failed_checks:
      D: p30 0.00 < 15; conf_mean 0.00 < 15
      C: p30 4.00 < 15; conf_mean 2.91 < 15
      S: p30 0.00 < 15; conf_mean 0.00 < 15
    reason: Pass: No suit meets thresholds. Best suit C has p30=4.00, conf_mean=2.91 below min_allowed=16 (current_high=0, raise_delta=+1). Failed checks for best suit: p30 4.00 < 15, conf_mean 2.91 < 15.
Pass (locked): Player 2 (min_allowed=16)
  bidding analysis:
    present_suits: H, D, C
    current_high=0  min_allowed=16  raise_delta=1
    overall: avg=18.25  p30=21.00  std=10.83
    suit_stats:
      D: pts=[24, 21, 0, 28]  avg=18.25  p30=21.00  std=10.83
      H: pts=[]
      C: pts=[]
    failed_checks:
      H: p30 0.00 < 15; conf_mean 0.00 < 15
      D: conf_mean 12.84 < 15
      C: p30 0.00 < 15; conf_mean 0.00 < 15
    reason: Pass: No suit meets thresholds. Best suit D has p30=21.00, conf_mean=12.84 below min_allowed=16 (current_high=0, raise_delta=+1). Failed checks for best suit: conf_mean 12.84 < 15.
Pass (locked): Player 3 (min_allowed=16)
  bidding analysis:
    present_suits: H, D, C, S
    current_high=0  min_allowed=16  raise_delta=1
    overall: avg=12.33  p30=13.00  std=5.62
    suit_stats:
      S: pts=[0, 7, 17, 21, 10, 12]  avg=11.17  p30=7.00  std=6.77
      H: pts=[19, 11, 10, 10, 0, 11]  avg=10.17  p30=10.00  std=5.52
      D: pts=[0, 12, 8, 15, 15, 6]  avg=9.33  p30=6.00  std=5.34
      C: pts=[16, 14, 16, 13, 0, 15]  avg=12.33  p30=13.00  std=5.62
    failed_checks:
      H: p30 10.00 < 15; conf_mean 7.41 < 15
      D: p30 6.00 < 15; conf_mean 6.66 < 15
      C: p30 13.00 < 15; conf_mean 9.52 < 15
      S: p30 7.00 < 15; conf_mean 7.78 < 15
    reason: Pass: No suit meets thresholds. Best suit C has p30=13.00, conf_mean=9.52 below min_allowed=16 (current_high=0, raise_delta=+1). Failed checks for best suit: p30 13.00 < 15, conf_mean 9.52 < 15.
Forced bid: All players passed. Player 0 takes minimum bid 16.

AUCTION WINNER: Player 0 with bid 16; chooses trump S 
Details={'chosen': 'S', 'estimates': {'D': 5.333333333333333, 'C': 8.166666666666666, 'S': 13.333333333333334}}
Player 0 hand :  ['9D', 'AD', '10C', 'QH', 'JD', 'JS', '8S']
Player 1 hand :  ['KD', 'QC', 'KC', 'AS', 'QD', '7S', 'KH', '7C']
Player 2 hand :  ['8D', '8H', '7D', 'JC', '10S', '7H', 'AH', '9S']
Player 3 hand :  ['QS', '10D', 'AC', '10H', '9C', '9H', '8C', 'JH']
Player 0 (auction 4 cards): ['9D', 'KS', 'AD', '10C']
Player 1 (auction 4 cards): ['KD', 'QC', 'KC', 'AS']
Player 2 (auction 4 cards): ['8D', '8H', '7D', 'JC']
Player 3 (auction 4 cards): ['QS', '10D', 'AC', '10H']
Auction winner (bidder): Player 0 with bid 16
Bidder sets concealed trump suit: S
Phase: concealed, bidder concealed card: KS

Player 0 plays 9D
Player 1 plays KD
Player 2 plays 8D
Player 3 plays 10D
Player 0 won the hand: 3 points

Player 0 plays AD
Player 1 plays QD
Player 2 plays 7D
-- Phase 2 begins: Trump revealed as S by Player 3 on trick 2 --
Player 3 plays QS
Player 3 won the hand: 1 points

Player 3 plays AC
Player 0 plays 10C
Player 1 plays QC
Player 2 plays JC
Player 2 won the hand: 5 points

Player 2 plays 8H
Player 3 plays 10H
Player 0 plays QH
Player 1 plays KH
Player 3 won the hand: 1 points

Player 3 plays 9C
Player 0 plays JD
Player 1 plays KC
Player 2 plays 10S
Player 2 won the hand: 6 points

Player 2 plays 7H
Player 3 plays 9H
Player 0 plays JS
Player 1 plays AS
Player 0 won the hand: 6 points

Player 0 plays 8S
Player 1 plays 7S
Player 2 plays 9S
Player 3 plays 8C
Player 2 won the hand: 2 points

Player 2 plays AH
Player 3 plays JH
Player 0 plays KS
Player 1 plays 7C
Player 0 won the hand: 4 points

Game 18 final points: Team A=26, Team B=2
Series cumulative game score so far: Team A=-1, Team B=-1
Log saved to: c:\Users\laksh\Desktop\Projects\28bot\logs\game28\mcts_games\game_18_20250820_102635_096856.log
