
===== GAME 2 (20250819_130728_496708) =====
Bid: Player 0 proposes 22 (min_allowed=16) – suit_scores={'H': [22, 22, 17, 22], 'D': [12, 0, 6, 3]} chosen=H p30=22 avg=20.75
Pass (locked): Player 1 (min_allowed=23) – analysis={'present_suits': ['D', 'C', 'S'], 'suit_to_points': {'D': [13, 22, 27, 22], 'C': [19, 10, 17, 20], 'S': [21, 15, 0, 19]}, 'chosen_suit': None, 'avg_points': 21.0, 'p30_points': 22, 'std_points': 5.049752469181039, 'proposed': None, 'current_high': 22, 'min_allowed': 23, 'reason': 'no_suit_meets_thresholds'}
Pass (locked): Player 2 (min_allowed=23) – analysis={'present_suits': ['H', 'D', 'C', 'S'], 'suit_to_points': {'H': [0, 18, 0, 13], 'D': [16, 21, 17, 17], 'C': [15, 20, 12, 5], 'S': [15, 22, 14, 0]}, 'chosen_suit': None, 'avg_points': 17.75, 'p30_points': 17, 'std_points': 1.920286436967152, 'proposed': None, 'current_high': 22, 'min_allowed': 23, 'reason': 'no_suit_meets_thresholds'}
Pass (locked): Player 3 (min_allowed=23) – analysis={'present_suits': ['D', 'C', 'S'], 'suit_to_points': {'D': [10, 12, 22, 0], 'C': [21, 16, 0, 0], 'S': [0, 0, 12, 0]}, 'chosen_suit': None, 'avg_points': 11.0, 'p30_points': 10, 'std_points': 7.810249675906654, 'proposed': None, 'current_high': 22, 'min_allowed': 23, 'reason': 'no_suit_meets_thresholds'}
Auction winner: Player 0 with bid 22; chooses trump H – details={'chosen': 'H', 'estimates': {'H': 13, 'D': 3}}
Player 0 hand :  ['9H', '7D', '8H', '7C', '9D', 'KC', 'QS']
Player 1 hand :  ['JS', '9C', 'JD', '8D', '10H', 'KD', 'AH', 'KH']
Player 2 hand :  ['AC', 'JH', '10D', '8S', 'JC', 'KS', '7H', '10C']
Player 3 hand :  ['9S', 'QC', 'AD', '10S', 'QD', '8C', '7S', 'AS']
Player 0 (auction 4 cards): ['9H', '7D', '8H', 'QH']
Player 1 (auction 4 cards): ['JS', '9C', 'JD', '8D']
Player 2 (auction 4 cards): ['AC', 'JH', '10D', '8S']
Player 3 (auction 4 cards): ['9S', 'QC', 'AD', '10S']
Auction winner (bidder): Player 0 with bid 22
Bidder sets concealed trump suit: H
Phase: concealed, bidder concealed card: QH

Player 0 plays 7D
Player 1 plays 8D
Player 2 plays 10D
Player 3 plays QD
Player 2 won the hand: 1 points

Player 2 plays JC
Player 3 plays QC
Player 0 plays 7C
Player 1 plays 9C
Player 2 won the hand: 5 points

Player 2 plays AC
Player 3 plays 8C
Player 0 plays KC
Player 1 plays JS
Player 2 won the hand: 4 points

Player 2 plays 10C
Player 3 plays 7S
-- Phase 2 begins: Trump revealed as H by Player 0 on trick 4 --
Player 0 plays 9H
Player 1 plays JD
Player 0 won the hand: 6 points

Player 0 plays 9D
Player 1 plays KD
Player 2 plays 7H
Player 3 plays AD
Player 2 won the hand: 3 points

Player 2 plays JH
Player 3 plays 9S
Player 0 plays 8H
Player 1 plays 10H
Player 2 won the hand: 6 points

Player 2 plays 8S
Player 3 plays 10S
Player 0 plays QS
Player 1 plays AH
Player 1 won the hand: 2 points

Player 1 plays KH
Player 2 plays KS
Player 3 plays AS
Player 0 plays QH
Player 1 won the hand: 1 points

Game 2 final points: Team A=25, Team B=3
Series cumulative game score so far: Team A=3, Team B=0
Log saved to: c:\Users\laksh\Desktop\Projects\28bot\logs\game28\mcts_games\game_2_20250819_130728_496708.log
