
===== GAME 124 (20250823_124949_769217) =====

===== AUCTION =====
Pass (locked): Player 0 (min_allowed=16)
  bidding analysis:
    present_suits: H, C, S
    current_high=0  min_allowed=16  raise_delta=1
    overall: avg=0.00  p30=0.00  std=0.00
    failed_checks:
      H: p30 0.00 < 15; conf_mean 0.00 < 15
      S: p30 0.00 < 15; conf_mean 0.00 < 15
    reason: Pass: No suit meets thresholds. Best suit H has p30=0.00, conf_mean=0.00 below min_allowed=16 (current_high=0, raise_delta=+1). Failed checks for best suit: p30 0.00 < 15, conf_mean 0.00 < 15.
Pass (locked): Player 1 (min_allowed=16)
  bidding analysis:
    present_suits: H, D, C
    current_high=0  min_allowed=16  raise_delta=1
    overall: avg=18.00  p30=13.00  std=4.85
    failed_checks:
      H: p30 0.00 < 15; conf_mean 0.00 < 15
      D: p30 13.00 < 15
      C: p30 0.00 < 15; conf_mean 0.00 < 15
    reason: Pass: No suit meets thresholds. Best suit D has p30=13.00, conf_mean=15.58 below min_allowed=16 (current_high=0, raise_delta=+1). Failed checks for best suit: p30 13.00 < 15.
Pass (locked): Player 2 (min_allowed=16)
  bidding analysis:
    present_suits: H, D
    current_high=0  min_allowed=16  raise_delta=1
    overall: avg=14.50  p30=12.00  std=6.28
    failed_checks:
      D: p30 12.00 < 15; conf_mean 11.36 < 15
    reason: Pass: No suit meets thresholds. Best suit D has p30=12.00, conf_mean=11.36 below min_allowed=16 (current_high=0, raise_delta=+1). Failed checks for best suit: p30 12.00 < 15, conf_mean 11.36 < 15.
Pass (locked): Player 3 (min_allowed=16)
  bidding analysis:
    present_suits: H, C
    current_high=0  min_allowed=16  raise_delta=1
    overall: avg=16.33  p30=10.00  std=5.28
    failed_checks:
      H: p30 10.00 < 15; conf_mean 13.69 < 15
    reason: Pass: No suit meets thresholds. Best suit H has p30=10.00, conf_mean=13.69 below min_allowed=16 (current_high=0, raise_delta=+1). Failed checks for best suit: p30 10.00 < 15, conf_mean 13.69 < 15.
Forced bid: All players passed. Player 0 takes minimum bid 16.

AUCTION WINNER: Player 0 with bid 16; chooses trump C 
Details={'chosen': 'C', 'estimates': {'H': 0.0, 'S': 0.0, 'C': 14.666666666666666}}
Player 0 hand :  ['QS', '8C', '8H', '9H', '9C', '9S', 'KD']
Player 1 hand :  ['JH', '10D', 'AC', 'JD', 'JS', 'KS', 'QD', '10S']
Player 2 hand :  ['9D', '7D', 'QH', '10H', 'AS', 'AD', '8D', '7S']
Player 3 hand :  ['7C', '10C', 'AH', '7H', 'QC', '8S', 'KH', 'JC']
Player 0 (auction 4 cards): ['QS', 'KC', '8C', '8H']
Player 1 (auction 4 cards): ['JH', '10D', 'AC', 'JD']
Player 2 (auction 4 cards): ['9D', '7D', 'QH', '10H']
Player 3 (auction 4 cards): ['7C', '10C', 'AH', '7H']
Auction winner (bidder): Player 0 with bid 16
Bidder sets concealed trump suit: C
Phase: concealed, bidder concealed card: KC

Player 0 plays QS
Player 1 plays JS
Player 2 plays AS
Player 3 plays 8S
Player 1 won the hand: 4 points

Player 1 plays JH
Player 2 plays QH
Player 3 plays AH
Player 0 plays 8H
Player 1 won the hand: 4 points

Player 1 plays 10D
Player 2 plays 9D
-- Phase 2 begins: Trump revealed as C by Player 3 on trick 3 --
Player 3 plays 7C
Player 0 plays KD
Player 3 won the hand: 3 points

Player 3 plays 10C
Player 0 plays 8C
Player 1 plays AC
Player 2 plays 7D
Player 1 won the hand: 2 points

Player 1 plays JD
Player 2 plays AD
Player 3 plays 7H
Player 0 plays 9H
Player 1 won the hand: 6 points

Player 1 plays KS
Player 2 plays 7S
Player 3 plays QC
Player 0 plays 9S
Player 3 won the hand: 2 points

Player 3 plays KH
Player 0 plays 9C
Player 1 plays QD
Player 2 plays 10H
Player 0 won the hand: 3 points

Player 0 plays KC
Player 1 plays 10S
Player 2 plays 8D
Player 3 plays JC
Player 3 won the hand: 4 points

Game 124 final points: Team A=3, Team B=25
Series cumulative game score so far: Team A=-11, Team B=-6
Log saved to: c:\Users\laksh\Desktop\Projects\28bot\logs\game28\mcts_games\game_124_20250823_124949_769217.log
