
===== GAME 20 (20250822_002358_768171) =====

===== AUCTION =====
Pass (locked): Player 0 (min_allowed=16)
  bidding analysis:
    present_suits: H, D, C, S
    current_high=0  min_allowed=16  raise_delta=1
    overall: avg=12.33  p30=13.00  std=5.62
    failed_checks:
      H: p30 10.00 < 15; conf_mean 7.41 < 15
      D: p30 6.00 < 15; conf_mean 6.66 < 15
      C: p30 13.00 < 15; conf_mean 9.52 < 15
      S: p30 7.00 < 15; conf_mean 7.78 < 15
    reason: Pass: No suit meets thresholds. Best suit C has p30=13.00, conf_mean=9.52 below min_allowed=16 (current_high=0, raise_delta=+1). Failed checks for best suit: p30 13.00 < 15, conf_mean 9.52 < 15.
Pass (locked): Player 1 (min_allowed=16)
  bidding analysis:
    present_suits: H, D, C, S
    current_high=0  min_allowed=16  raise_delta=1
    overall: avg=13.17  p30=10.00  std=5.73
    failed_checks:
      H: p30 10.00 < 15; conf_mean 10.30 < 15
      D: p30 7.00 < 15; conf_mean 6.46 < 15
      C: p30 0.00 < 15; conf_mean 0.33 < 15
      S: p30 10.00 < 15; conf_mean 9.89 < 15
    reason: Pass: No suit meets thresholds. Best suit H has p30=10.00, conf_mean=10.30 below min_allowed=16 (current_high=0, raise_delta=+1). Failed checks for best suit: p30 10.00 < 15, conf_mean 10.30 < 15.
Bid: Player 2 proposes 20 (min_allowed=16)
  bidding analysis:
    present_suits: C, S
    current_high=0  min_allowed=16  raise_delta=1
    chosen_suit: S
    proposed_bid: 20
    overall: avg=19.12  p30=20.00  std=4.83
    suit_stats:
      S: pts=[22, 11, 24, 11, 21, 21 ...]  avg=19.12  p30=20.00  std=4.83
      C: pts=[2]  avg=2.00  p30=2.00  std=0.00
    reason: Bid: Suit S meets thresholds (p30=20.00, conf_mean=16.71 >= min_allowed=16); conservative mapping max(p30, avg-1) -> 20. (current_high=0, raise_delta=+1)
Pass (locked): Player 3 (min_allowed=21)
  bidding analysis:
    present_suits: H, D
    current_high=20  min_allowed=21  raise_delta=1
    overall: avg=21.50  p30=20.00  std=3.35
    failed_checks:
      D: conf_mean 19.82 < 20
    reason: Pass: No suit meets thresholds. Best suit D has p30=20.00, conf_mean=19.82 below min_allowed=21 (current_high=20, raise_delta=+1). Failed checks for best suit: conf_mean 19.82 < 20.

AUCTION WINNER: Player 2 with bid 20; chooses trump C 
Details={'chosen': 'C', 'estimates': {'C': 25.0, 'S': 22.0}}
Player 0 hand :  ['10S', 'AH', 'QD', '10C', 'AD', 'QC', 'KD', 'JC']
Player 1 hand :  ['AS', '8C', '10H', 'JD', 'KC', 'KH', '9S', 'JH']
Player 2 hand :  ['JS', 'KS', '9C', '7D', '7C', 'QS', '9D']
Player 3 hand :  ['8D', 'QH', '9H', '10D', '8S', '8H', '7H', '7S']
Player 0 (auction 4 cards): ['10S', 'AH', 'QD', '10C']
Player 1 (auction 4 cards): ['AS', '8C', '10H', 'JD']
Player 2 (auction 4 cards): ['JS', 'AC', 'KS', '9C']
Player 3 (auction 4 cards): ['8D', 'QH', '9H', '10D']
Auction winner (bidder): Player 2 with bid 20
Bidder sets concealed trump suit: C
Phase: concealed, bidder concealed card: AC

Player 0 plays 10S
Player 1 plays AS
Player 2 plays JS
Player 3 plays 8S
Player 2 won the hand: 5 points

Player 2 plays KS
Player 3 plays 7S
Player 0 plays AH
Player 1 plays 9S
Player 1 won the hand: 3 points

Player 1 plays 8C
Player 2 plays 9C
Player 3 plays 8D
Player 0 plays 10C
Player 2 won the hand: 3 points

Player 2 plays 7D
Player 3 plays 10D
Player 0 plays QD
Player 1 plays JD
Player 1 won the hand: 4 points

Player 1 plays 10H
-- Phase 2 begins: Trump revealed as C by Player 2 on trick 5 --
Player 2 plays 7C
Player 3 plays QH
Player 0 plays AD
Player 2 won the hand: 2 points

Player 2 plays QS
Player 3 plays 9H
Player 0 plays QC
Player 1 plays KC
Player 1 won the hand: 2 points

Player 1 plays KH
Player 2 plays 9D
Player 3 plays 8H
Player 0 plays KD
Player 1 won the hand: 2 points

Player 1 plays JH
Player 2 plays AC
Player 3 plays 7H
Player 0 plays JC
Player 0 won the hand: 7 points

Game 20 final points: Team A=17, Team B=11
Series cumulative game score so far: Team A=-3, Team B=-4
Log saved to: c:\Users\laksh\Desktop\Projects\28bot\logs\game28\mcts_games\game_20_20250822_002358_768171.log
