
===== GAME 129 (20250823_141338_184534) =====

===== AUCTION =====
Pass (locked): Player 0 (min_allowed=16)
  bidding analysis:
    present_suits: H, S
    current_high=0  min_allowed=16  raise_delta=1
    overall: avg=13.81  p30=9.00  std=6.86
    suit_stats:
      H: pts=[12, 17, 22, 11, 6, 5 ...]  avg=13.81  p30=9.00  std=6.86
      S: pts=[]
    failed_checks:
      H: p30 9.00 < 15; conf_mean 10.38 < 15
      S: p30 0.00 < 15; conf_mean 0.00 < 15
    reason: Pass: No suit meets thresholds. Best suit H has p30=9.00, conf_mean=10.38 below min_allowed=16 (current_high=0, raise_delta=+1). Failed checks for best suit: p30 9.00 < 15, conf_mean 10.38 < 15.
Pass (locked): Player 1 (min_allowed=16)
  bidding analysis:
    present_suits: D, C
    current_high=0  min_allowed=16  raise_delta=1
    overall: avg=3.25  p30=3.00  std=2.17
    failed_checks:
      D: p30 3.00 < 15; conf_mean 2.17 < 15
      C: p30 2.00 < 15; conf_mean 5.42 < 15
    reason: Pass: No suit meets thresholds. Best suit D has p30=3.00, conf_mean=2.17 below min_allowed=16 (current_high=0, raise_delta=+1). Failed checks for best suit: p30 3.00 < 15, conf_mean 2.17 < 15.
Pass (locked): Player 2 (min_allowed=16)
  bidding analysis:
    present_suits: D, C, S
    current_high=0  min_allowed=16  raise_delta=1
    overall: avg=17.67  p30=14.00  std=9.37
    failed_checks:
      D: p30 0.00 < 15; conf_mean 1.75 < 15
      C: p30 14.00 < 15; conf_mean 12.98 < 15
    reason: Pass: No suit meets thresholds. Best suit C has p30=14.00, conf_mean=12.98 below min_allowed=16 (current_high=0, raise_delta=+1). Failed checks for best suit: p30 14.00 < 15, conf_mean 12.98 < 15.
Pass (locked): Player 3 (min_allowed=16)
  bidding analysis:
    present_suits: H, C, S
    current_high=0  min_allowed=16  raise_delta=1
    overall: avg=13.12  p30=9.00  std=6.04
    suit_stats:
      H: pts=[6, 6, 4, 9, 11, 21 ...]  avg=13.12  p30=9.00  std=6.04
      C: pts=[]
      S: pts=[]
    failed_checks:
      H: p30 9.00 < 15; conf_mean 10.10 < 15
      C: p30 0.00 < 15; conf_mean 0.00 < 15
      S: p30 0.00 < 15; conf_mean 0.00 < 15
    reason: Pass: No suit meets thresholds. Best suit H has p30=9.00, conf_mean=10.10 below min_allowed=16 (current_high=0, raise_delta=+1). Failed checks for best suit: p30 9.00 < 15, conf_mean 10.10 < 15.
Forced bid: All players passed. Player 0 takes minimum bid 16.

AUCTION WINNER: Player 0 with bid 16; chooses trump H 
Details={'chosen': 'H', 'estimates': {'S': 17.0, 'H': 19.0}}
Player 0 hand :  ['KS', 'QH', '8H', 'AD', '10D', 'QC', '8S']
Player 1 hand :  ['7C', 'KD', 'QD', '8C', 'JD', 'AH', 'JH', 'AC']
Player 2 hand :  ['9C', '7D', '7S', '9D', 'KC', 'AS', '9H', '9S']
Player 3 hand :  ['QS', 'JC', '7H', '10H', '10S', 'JS', '10C', '8D']
Player 0 (auction 4 cards): ['KH', 'KS', 'QH', '8H']
Player 1 (auction 4 cards): ['7C', 'KD', 'QD', '8C']
Player 2 (auction 4 cards): ['9C', '7D', '7S', '9D']
Player 3 (auction 4 cards): ['QS', 'JC', '7H', '10H']
Auction winner (bidder): Player 0 with bid 16
Bidder sets concealed trump suit: H
Phase: concealed, bidder concealed card: KH

Player 0 plays KS
Player 1 plays 7C
Player 2 plays 7S
Player 3 plays QS
Player 0 won the hand: 0 points

Player 0 plays AD
Player 1 plays KD
Player 2 plays 7D
Player 3 plays 8D
Player 0 won the hand: 1 points

Player 0 plays 10D
Player 1 plays QD
Player 2 plays 9D
Player 3 plays JC
Player 2 won the hand: 6 points

Player 2 plays 9C
Player 3 plays 10C
Player 0 plays QC
Player 1 plays 8C
Player 2 won the hand: 3 points

Player 2 plays KC
-- Phase 2 begins: Trump revealed as H by Player 3 on trick 5 --
Player 3 plays 7H
Player 0 plays QH
Player 1 plays AC
Player 0 won the hand: 1 points

Player 0 plays 8H
Player 1 plays AH
Player 2 plays 9H
Player 3 plays 10H
Player 2 won the hand: 4 points

Player 2 plays AS
Player 3 plays 10S
Player 0 plays 8S
Player 1 plays JD
Player 2 won the hand: 5 points

Player 2 plays 9S
Player 3 plays JS
Player 0 plays KH
Player 1 plays JH
Player 1 won the hand: 8 points

Game 129 final points: Team A=20, Team B=8
Series cumulative game score so far: Team A=-8, Team B=-5
Log saved to: c:\Users\laksh\Desktop\Projects\28bot\logs\game28\mcts_games\game_129_20250823_141338_184534.log
