
===== GAME 81 (20250825_160133_687350) =====

===== AUCTION =====
Pass (locked): Player 0 (min_allowed=16)
  bidding analysis:
    present_suits: D, S
    current_high=0  min_allowed=16  raise_delta=1
    overall: avg=15.88  p30=12.00  std=6.36
    suit_stats:
      S: pts=[17, 26, 13, 15, 12, 8 ...]  avg=15.88  p30=12.00  std=6.36
      D: pts=[]
    failed_checks:
      D: p30 0.00 < 15; conf_mean 0.00 < 15
      S: p30 12.00 < 15; conf_mean 12.69 < 15
    reason: Pass: No suit meets thresholds. Best suit S has p30=12.00, conf_mean=12.69 below min_allowed=16 (current_high=0, raise_delta=+1). Failed checks for best suit: p30 12.00 < 15, conf_mean 12.69 < 15.
Pass (locked): Player 1 (min_allowed=16)
  bidding analysis:
    present_suits: C, S
    current_high=0  min_allowed=16  raise_delta=1
    overall: avg=0.00  p30=0.00  std=0.00
    failed_checks:
      C: p30 0.00 < 15; conf_mean 0.00 < 15
    reason: Pass: No suit meets thresholds. Best suit C has p30=0.00, conf_mean=0.00 below min_allowed=16 (current_high=0, raise_delta=+1). Failed checks for best suit: p30 0.00 < 15, conf_mean 0.00 < 15.
Pass (locked): Player 2 (min_allowed=16)
  bidding analysis:
    present_suits: H, D, C
    current_high=0  min_allowed=16  raise_delta=1
    overall: avg=12.94  p30=8.00  std=6.44
    failed_checks:
      H: p30 0.00 < 15; conf_mean 0.00 < 15
      D: p30 8.00 < 15; conf_mean 9.72 < 15
    reason: Pass: No suit meets thresholds. Best suit D has p30=8.00, conf_mean=9.72 below min_allowed=16 (current_high=0, raise_delta=+1). Failed checks for best suit: p30 8.00 < 15, conf_mean 9.72 < 15.
Pass (locked): Player 3 (min_allowed=16)
  bidding analysis:
    present_suits: H, D
    current_high=0  min_allowed=16  raise_delta=1
    overall: avg=15.62  p30=11.00  std=7.96
    suit_stats:
      D: pts=[26, 17, 3, 24, 18, 21 ...]  avg=15.62  p30=11.00  std=7.96
      H: pts=[4]  avg=4.00  p30=4.00  std=0.00
    failed_checks:
      H: p30 4.00 < 15; conf_mean 4.00 < 15
      D: p30 11.00 < 15; conf_mean 11.65 < 15
    reason: Pass: No suit meets thresholds. Best suit D has p30=11.00, conf_mean=11.65 below min_allowed=16 (current_high=0, raise_delta=+1). Failed checks for best suit: p30 11.00 < 15, conf_mean 11.65 < 15.
Forced bid: All players passed. Player 0 takes minimum bid 16.

AUCTION WINNER: Player 0 with bid 16; chooses trump D 
Details={'chosen': 'D', 'estimates': {'D': 10.0, 'S': 8.0}}
Player 0 hand :  ['8S', 'AS', '10S', 'KS', '9S', 'QS', '7D']
Player 1 hand :  ['JS', 'KC', 'JC', '9C', 'QC', '10H', '7H', '7C']
Player 2 hand :  ['10C', 'QH', '8D', '8C', '8H', 'JH', '9D', 'JD']
Player 3 hand :  ['AH', 'KH', '10D', 'KD', 'AD', '7S', '9H', 'AC']
Player 0 (auction 4 cards): ['8S', 'QD', 'AS', '10S']
Player 1 (auction 4 cards): ['JS', 'KC', 'JC', '9C']
Player 2 (auction 4 cards): ['10C', 'QH', '8D', '8C']
Player 3 (auction 4 cards): ['AH', 'KH', '10D', 'KD']
Auction winner (bidder): Player 0 with bid 16
Bidder sets concealed trump suit: D
Phase: concealed, bidder concealed card: QD

Player 0 plays 8S
Player 1 plays JS
Player 2 plays 10C
Player 3 plays 7S
Player 1 won the hand: 4 points

Player 1 plays KC
Player 2 plays 8C
Player 3 plays AC
Player 0 plays AS
Player 3 won the hand: 2 points

Player 3 plays AH
Player 0 plays 10S
Player 1 plays 10H
Player 2 plays QH
Player 3 won the hand: 3 points

Player 3 plays KH
Player 0 plays KS
Player 1 plays 7H
Player 2 plays 8H
Player 3 won the hand: 0 points

Player 3 plays 10D
Player 0 plays 7D
Player 1 plays JC
Player 2 plays 8D
Player 3 won the hand: 4 points

Player 3 plays KD
Player 0 plays 9S
Player 1 plays 9C
Player 2 plays 9D
Player 2 won the hand: 6 points

Player 2 plays JH
Player 3 plays 9H
Player 0 plays QS
Player 1 plays QC
Player 2 won the hand: 5 points

Player 2 plays JD
Player 3 plays AD
Error during gameplay: Current player 0 has no cards but other players do
No cards available, ending game
Game 81 final points: Team A=11, Team B=13
Series cumulative game score so far: Team A=-16, Team B=-6
Log saved to: c:\Users\laksh\Desktop\Projects\28bot\logs\game28\mcts_games\game_81_20250825_160133_687350.log
