
===== GAME 1 (20250820_191327_250484) =====

===== AUCTION =====
Pass (locked): Player 0 (min_allowed=16)
  bidding analysis:
    present_suits: D, C
    current_high=0  min_allowed=16  raise_delta=1
    overall: avg=12.00  p30=11.00  std=3.32
    suit_stats:
      D: pts=[7, 15, 15, 11]  avg=12.00  p30=11.00  std=3.32
      C: pts=[14, 7]  avg=10.50  p30=7.00  std=3.50
    failed_checks:
      D: p30 11.00 < 15; conf_mean 10.34 < 15
      C: p30 7.00 < 15; conf_mean 8.75 < 15
    reason: Pass: No suit meets thresholds. Best suit D has p30=11.00, conf_mean=10.34 below min_allowed=16 (current_high=0, raise_delta=+1). Failed checks for best suit: p30 11.00 < 15, conf_mean 10.34 < 15.
Pass (locked): Player 1 (min_allowed=16)
  bidding analysis:
    present_suits: H, C, S
    current_high=0  min_allowed=16  raise_delta=1
    overall: avg=8.50  p30=6.00  std=5.89
    failed_checks:
      H: p30 6.00 < 15; conf_mean 5.55 < 15
      C: p30 0.00 < 15; conf_mean 0.00 < 15
    reason: Pass: No suit meets thresholds. Best suit H has p30=6.00, conf_mean=5.55 below min_allowed=16 (current_high=0, raise_delta=+1). Failed checks for best suit: p30 6.00 < 15, conf_mean 5.55 < 15.
Pass (locked): Player 2 (min_allowed=16)
  bidding analysis:
    present_suits: H, D, C, S
    current_high=0  min_allowed=16  raise_delta=1
    overall: avg=15.33  p30=12.00  std=5.62
    suit_stats:
      C: pts=[7, 21, 16, 4, 16, 18]  avg=13.67  p30=7.00  std=6.07
      H: pts=[22, 8, 12, 15, 14, 12]  avg=13.83  p30=12.00  std=4.26
      D: pts=[9, 5, 11, 14, 11, 23]  avg=12.17  p30=9.00  std=5.55
      S: pts=[21, 5, 21, 12, 18, 15]  avg=15.33  p30=12.00  std=5.62
    failed_checks:
      H: p30 12.00 < 15; conf_mean 11.70 < 15
      D: p30 9.00 < 15; conf_mean 9.39 < 15
      C: p30 7.00 < 15; conf_mean 10.63 < 15
      S: p30 12.00 < 15; conf_mean 12.52 < 15
    reason: Pass: No suit meets thresholds. Best suit S has p30=12.00, conf_mean=12.52 below min_allowed=16 (current_high=0, raise_delta=+1). Failed checks for best suit: p30 12.00 < 15, conf_mean 12.52 < 15.
Bid: Player 3 proposes 18 (min_allowed=16)
  bidding analysis:
    present_suits: D, C, S
    current_high=0  min_allowed=16  raise_delta=1
    chosen_suit: S
    proposed_bid: 18
    overall: avg=18.50  p30=18.00  std=3.57
    suit_stats:
      S: pts=[14, 18, 18, 24]  avg=18.50  p30=18.00  std=3.57
      D: pts=[]
      C: pts=[]
    reason: Bid: Suit S meets thresholds (p30=18.00, conf_mean=16.71 >= min_allowed=16); conservative mapping max(p30, avg-1) -> 18. (current_high=0, raise_delta=+1)

AUCTION WINNER: Player 3 with bid 18; chooses trump C 
Details={'chosen': 'C', 'estimates': {'C': 17.666666666666668, 'S': 13.5, 'D': 13.833333333333334}}
Player 0 hand :  ['QC', 'QD', 'AD', '8C', '9S', 'AC', '7H', '10H']
Player 1 hand :  ['QH', 'AS', '9C', '9H', 'JH', 'KC', '8S', 'KH']
Player 2 hand :  ['JC', '10D', 'AH', '10S', 'KS', '8H', '7C', '7D']
Player 3 hand :  ['7S', 'JS', 'JD', 'QS', '9D', 'KD', '8D']
Player 0 (auction 4 cards): ['QC', 'QD', 'AD', '8C']
Player 1 (auction 4 cards): ['QH', 'AS', '9C', '9H']
Player 2 (auction 4 cards): ['JC', '10D', 'AH', '10S']
Player 3 (auction 4 cards): ['7S', 'JS', '10C', 'JD']
Auction winner (bidder): Player 3 with bid 18
Bidder sets concealed trump suit: C
Phase: concealed, bidder concealed card: 10C

Player 0 plays QC
Player 1 plays 9C
Player 2 plays JC
Player 3 plays 7S
Player 2 won the hand: 5 points

Player 2 plays 10D
Player 3 plays JD
Player 0 plays QD
Player 1 plays QH
Player 3 won the hand: 4 points

Player 3 plays JS
Player 0 plays 9S
Player 1 plays AS
Player 2 plays 10S
Player 3 won the hand: 7 points

Player 3 plays QS
Player 0 plays AD
Player 1 plays 8S
Player 2 plays KS
Player 2 won the hand: 1 points

Player 2 plays AH
Player 3 plays 9D
Player 0 plays 7H
Player 1 plays 9H
Player 1 won the hand: 5 points

Player 1 plays JH
Player 2 plays 8H
Player 3 plays KD
Player 0 plays 10H
Player 1 won the hand: 4 points

Player 1 plays KC
Player 2 plays 7C
Player 3 plays 8D
Player 0 plays 8C
Player 1 won the hand: 0 points

Player 1 plays KH
Player 2 plays 7D
