
===== GAME 18 (20250822_134651_213772) =====

===== AUCTION =====
Pass (locked): Player 0 (min_allowed=16)
  bidding analysis:
    present_suits: C, S
    current_high=0  min_allowed=16  raise_delta=1
    overall: avg=11.38  p30=9.00  std=5.41
    failed_checks:
      C: p30 9.00 < 15; conf_mean 8.67 < 15
    reason: Pass: No suit meets thresholds. Best suit C has p30=9.00, conf_mean=8.67 below min_allowed=16 (current_high=0, raise_delta=+1). Failed checks for best suit: p30 9.00 < 15, conf_mean 8.67 < 15.
Bid: Player 1 proposes 17 (min_allowed=16)
  bidding analysis:
    present_suits: D, C, S
    current_high=0  min_allowed=16  raise_delta=1
    chosen_suit: C
    proposed_bid: 17
    overall: avg=18.81  p30=17.00  std=5.54
    suit_stats:
      C: pts=[18, 17, 23, 17, 22, 15 ...]  avg=18.81  p30=17.00  std=5.54
      D: pts=[]
      S: pts=[]
    reason: Bid: Suit C meets thresholds (p30=17.00, conf_mean=16.04 >= min_allowed=16); conservative mapping max(p30, avg-1) -> 17. (current_high=0, raise_delta=+1)
Pass (locked): Player 2 (min_allowed=18)
  bidding analysis:
    present_suits: D, C, S
    current_high=17  min_allowed=18  raise_delta=1
    overall: avg=15.88  p30=11.00  std=5.50
    suit_stats:
      S: pts=[7, 15, 11, 18, 20, 10 ...]  avg=15.88  p30=11.00  std=5.50
      D: pts=[]
      C: pts=[]
    failed_checks:
      D: p30 0.00 < 17; conf_mean 0.00 < 17
      C: p30 0.00 < 17; conf_mean 0.00 < 17
      S: p30 11.00 < 17; conf_mean 13.13 < 17
    reason: Pass: No suit meets thresholds. Best suit S has p30=11.00, conf_mean=13.13 below min_allowed=18 (current_high=17, raise_delta=+1). Failed checks for best suit: p30 11.00 < 17, conf_mean 13.13 < 17.
Pass (locked): Player 3 (min_allowed=18)
  bidding analysis:
    present_suits: H, D
    current_high=17  min_allowed=18  raise_delta=1
    overall: avg=17.50  p30=15.00  std=6.61
    suit_stats:
      H: pts=[4, 24, 9, 9, 22, 24 ...]  avg=17.50  p30=15.00  std=6.61
      D: pts=[]
    failed_checks:
      H: p30 15.00 < 17; conf_mean 14.19 < 17
      D: p30 0.00 < 17; conf_mean 0.00 < 17
    reason: Pass: No suit meets thresholds. Best suit H has p30=15.00, conf_mean=14.19 below min_allowed=18 (current_high=17, raise_delta=+1). Failed checks for best suit: p30 15.00 < 17, conf_mean 14.19 < 17.

AUCTION WINNER: Player 1 with bid 17; chooses trump D 
Details={'chosen': 'D', 'estimates': {'C': 1.0, 'D': 15.0, 'S': 0.0}}
Player 0 hand :  ['KC', 'QS', '7C', '8S', 'QC', 'JH', '8H', '10C']
Player 1 hand :  ['7S', '8C', 'JC', 'QD', '10S', 'AS', 'JD']
Player 2 hand :  ['KS', 'JS', 'AC', 'AD', '9S', '9C', '8D', '9H']
Player 3 hand :  ['10H', '9D', 'KH', 'QH', 'AH', '7D', '10D', '7H']
Player 0 (auction 4 cards): ['KC', 'QS', '7C', '8S']
Player 1 (auction 4 cards): ['7S', '8C', 'KD', 'JC']
Player 2 (auction 4 cards): ['KS', 'JS', 'AC', 'AD']
Player 3 (auction 4 cards): ['10H', '9D', 'KH', 'QH']
Auction winner (bidder): Player 1 with bid 17
Bidder sets concealed trump suit: D
Phase: concealed, bidder concealed card: KD

Player 0 plays KC
Player 1 plays 8C
Player 2 plays AC
Player 3 plays 10H
Player 2 won the hand: 2 points

Player 2 plays KS
-- Phase 2 begins: Trump revealed as D by Player 3 on trick 2 --
Player 3 plays 9D
Player 0 plays QS
Player 1 plays 7S
Player 3 won the hand: 2 points

Player 3 plays KH
Player 0 plays JH
Player 1 plays JC
Player 2 plays 9H
Player 0 won the hand: 8 points

Player 0 plays 7C
Player 1 plays QD
Player 2 plays 9C
Player 3 plays QH
Player 1 won the hand: 2 points

Player 1 plays 10S
Player 2 plays JS
Player 3 plays AH
Player 0 plays 8S
Player 2 won the hand: 5 points

Player 2 plays AD
Player 3 plays 7D
Player 0 plays QC
Player 1 plays JD
Player 1 won the hand: 4 points

Player 1 plays AS
Player 2 plays 9S
Player 3 plays 10D
Player 0 plays 8H
Player 3 won the hand: 4 points

Player 3 plays 7H
Player 0 plays 10C
Player 1 plays KD
Player 2 plays 8D
Player 1 won the hand: 1 points

Game 18 final points: Team A=15, Team B=13
Series cumulative game score so far: Team A=-2, Team B=-1
Log saved to: c:\Users\laksh\Desktop\Projects\28bot\logs\game28\mcts_games\game_18_20250822_134651_213772.log
