
===== GAME 1 (20250819_162016_746466) =====

===== AUCTION =====
Pass (locked): Player 0 (min_allowed=16)
  bidding analysis:
    present_suits: H, D, C, S
    current_high=0  min_allowed=16  raise_delta=1
    overall: avg=13.50  p30=9.00  std=7.16
    suit_stats:
      S: pts=[19, 0, 9, 20, 7, 10]  avg=10.83  p30=7.00  std=6.91
      D: pts=[15, 9, 11, 17, 3, 26]  avg=13.50  p30=9.00  std=7.16
      H: pts=[0, 9]  avg=4.50  p30=0.00  std=4.50
      C: pts=[8, 0]  avg=4.00  p30=0.00  std=4.00
    failed_checks:
      H: p30 0.00 < 15; conf_mean 2.25 < 15
      D: p30 9.00 < 15; conf_mean 9.92 < 15
      C: p30 0.00 < 15; conf_mean 2.00 < 15
      S: p30 7.00 < 15; conf_mean 7.38 < 15
    reason: Pass: No suit meets thresholds. Best suit D has p30=9.00, conf_mean=9.92 below min_allowed=16 (current_high=0, raise_delta=+1). Failed checks for best suit: p30 9.00 < 15, conf_mean 9.92 < 15.
Pass (locked): Player 1 (min_allowed=16)
  bidding analysis:
    present_suits: H, D, C
    current_high=0  min_allowed=16  raise_delta=1
    overall: avg=11.50  p30=8.00  std=6.02
    suit_stats:
      C: pts=[17, 3, 11, 0, 22, 17]  avg=11.67  p30=3.00  std=7.91
      D: pts=[0, 8, 17, 12, 15, 17]  avg=11.50  p30=8.00  std=6.02
      H: pts=[8, 0]  avg=4.00  p30=0.00  std=4.00
    failed_checks:
      H: p30 0.00 < 15; conf_mean 2.00 < 15
      D: p30 8.00 < 15; conf_mean 8.49 < 15
      C: p30 3.00 < 15; conf_mean 7.71 < 15
    reason: Pass: No suit meets thresholds. Best suit D has p30=8.00, conf_mean=8.49 below min_allowed=16 (current_high=0, raise_delta=+1). Failed checks for best suit: p30 8.00 < 15, conf_mean 8.49 < 15.
Bid: Player 2 proposes 16 (min_allowed=16)
  bidding analysis:
    present_suits: H, C, S
    current_high=0  min_allowed=16  raise_delta=1
    chosen_suit: C
    proposed_bid: 16
    overall: avg=17.67  p30=15.00  std=3.82
    suit_stats:
      H: pts=[11, 11, 0, 0, 11, 21]  avg=9.00  p30=0.00  std=7.28
      C: pts=[20, 19, 23, 11, 18, 15]  avg=17.67  p30=15.00  std=3.82
      S: pts=[0, 7]  avg=3.50  p30=0.00  std=3.50
    reason: Bid: Suit C meets thresholds (p30=15.00, conf_mean=15.76 >= min_allowed=16); conservative mapping max(p30, avg-1) -> 16. (current_high=0, raise_delta=+1)
Pass (locked): Player 3 (min_allowed=17)
  bidding analysis:
    present_suits: H, D, S
    current_high=16  min_allowed=17  raise_delta=1
    overall: avg=12.67  p30=7.00  std=7.65
    suit_stats:
      H: pts=[6, 20, 7, 11, 2, 0]  avg=7.67  p30=2.00  std=6.55
      D: pts=[7, 16, 24, 17, 0, 12]  avg=12.67  p30=7.00  std=7.65
      S: pts=[0, 12]  avg=6.00  p30=0.00  std=6.00
    failed_checks:
      H: p30 2.00 < 16; conf_mean 4.39 < 16
      D: p30 7.00 < 16; conf_mean 8.84 < 16
      S: p30 0.00 < 16; conf_mean 3.00 < 16
    reason: Pass: No suit meets thresholds. Best suit D has p30=7.00, conf_mean=8.84 below min_allowed=17 (current_high=16, raise_delta=+1). Failed checks for best suit: p30 7.00 < 16, conf_mean 8.84 < 16.

AUCTION WINNER: Player 2 with bid 16; chooses trump C 
Details={'chosen': 'C', 'estimates': {'H': 3, 'C': 10, 'S': 3}}
Player 0 hand :  ['9D', '8S', '9C', 'AH', 'QC', '10H', '7S', '7C']
Player 1 hand :  ['10D', 'KH', 'KC', 'AD', 'JS', 'QH', 'KS', '7D']
Player 2 hand :  ['QS', '8H', '10C', '9S', 'JC', 'KD', '8C']
Player 3 hand :  ['7H', '9H', '8D', 'AS', 'QD', 'JH', 'JD', '10S']
Player 0 (auction 4 cards): ['9D', '8S', '9C', 'AH']
Player 1 (auction 4 cards): ['10D', 'KH', 'KC', 'AD']
Player 2 (auction 4 cards): ['QS', '8H', 'AC', '10C']
Player 3 (auction 4 cards): ['7H', '9H', '8D', 'AS']
Auction winner (bidder): Player 2 with bid 16
Bidder sets concealed trump suit: C
Phase: concealed, bidder concealed card: AC

Player 0 plays 9D
Player 1 plays 10D
Player 2 plays KD
Player 3 plays 8D
Player 0 won the hand: 3 points

Player 0 plays 8S
Player 1 plays JS
Player 2 plays QS
Player 3 plays AS
Player 1 won the hand: 4 points

Player 1 plays KH
Player 2 plays 8H
Player 3 plays 7H
Player 0 plays AH
Player 0 won the hand: 1 points

Player 0 plays 9C
Player 1 plays KC
Player 2 plays 10C
Player 3 plays 9H
Player 0 won the hand: 5 points

Player 0 plays QC
Player 1 plays AD
Player 2 plays JC
Player 3 plays QD
Player 2 won the hand: 4 points

Player 2 plays 9S
Player 3 plays 10S
Player 0 plays 7S
Player 1 plays KS
Player 2 won the hand: 3 points

Player 2 plays 8C
Player 3 plays JH
Player 0 plays 7C
Player 1 plays QH
Player 2 won the hand: 3 points

Round declared invalid: trump never exposed by end of 7th trick.
Game 1 final points: Team A=0, Team B=0
Series cumulative game score so far: Team A=0, Team B=0
Log saved to: c:\Users\laksh\Desktop\Projects\28bot\logs\game28\mcts_games\game_1_20250819_162016_746466.log
