
===== GAME 35 (20250822_080246_819495) =====

===== AUCTION =====
Pass (locked): Player 0 (min_allowed=16)
  bidding analysis:
    present_suits: H, D, S
    current_high=0  min_allowed=16  raise_delta=1
    overall: avg=13.50  p30=12.00  std=3.67
    suit_stats:
      S: pts=[8, 20, 16, 12, 9, 14 ...]  avg=13.50  p30=12.00  std=3.67
      H: pts=[]
      D: pts=[]
    failed_checks:
      H: p30 0.00 < 15; conf_mean 0.00 < 15
      D: p30 0.00 < 15; conf_mean 0.00 < 15
      S: p30 12.00 < 15; conf_mean 11.66 < 15
    reason: Pass: No suit meets thresholds. Best suit S has p30=12.00, conf_mean=11.66 below min_allowed=16 (current_high=0, raise_delta=+1). Failed checks for best suit: p30 12.00 < 15, conf_mean 11.66 < 15.
Pass (locked): Player 1 (min_allowed=16)
  bidding analysis:
    present_suits: H, C, S
    current_high=0  min_allowed=16  raise_delta=1
    overall: avg=0.00  p30=0.00  std=0.00
    failed_checks:
      H: p30 0.00 < 15; conf_mean 0.00 < 15
      S: p30 0.00 < 15; conf_mean 0.00 < 15
    reason: Pass: No suit meets thresholds. Best suit H has p30=0.00, conf_mean=0.00 below min_allowed=16 (current_high=0, raise_delta=+1). Failed checks for best suit: p30 0.00 < 15, conf_mean 0.00 < 15.
Bid: Player 2 proposes 16 (min_allowed=16)
  bidding analysis:
    present_suits: C, S
    current_high=0  min_allowed=16  raise_delta=1
    chosen_suit: C
    proposed_bid: 16
    overall: avg=17.50  p30=15.00  std=4.18
    suit_stats:
      C: pts=[22, 25, 17, 11, 15, 17 ...]  avg=17.50  p30=15.00  std=4.18
      S: pts=[]
    reason: Bid: Suit C meets thresholds (p30=15.00, conf_mean=15.41 >= min_allowed=16); conservative mapping max(p30, avg-1) -> 16. (current_high=0, raise_delta=+1)
Pass (locked): Player 3 (min_allowed=17)
  bidding analysis:
    present_suits: H, D, C
    current_high=16  min_allowed=17  raise_delta=1
    overall: avg=16.50  p30=15.00  std=4.64
    suit_stats:
      D: pts=[19, 9, 17, 18, 10, 23 ...]  avg=16.50  p30=15.00  std=4.64
      H: pts=[]
      C: pts=[]
    failed_checks:
      H: p30 0.00 < 16; conf_mean 0.00 < 16
      D: p30 15.00 < 16; conf_mean 14.18 < 16
      C: p30 0.00 < 16; conf_mean 0.00 < 16
    reason: Pass: No suit meets thresholds. Best suit D has p30=15.00, conf_mean=14.18 below min_allowed=17 (current_high=16, raise_delta=+1). Failed checks for best suit: p30 15.00 < 16, conf_mean 14.18 < 16.

AUCTION WINNER: Player 2 with bid 16; chooses trump C 
Details={'chosen': 'C', 'estimates': {'S': 14.0, 'C': 19.0}}
Player 0 hand :  ['AS', '10S', '10D', 'KH', 'KS', '7S', 'KD', 'AH']
Player 1 hand :  ['JH', 'QS', 'JC', '7C', '7H', 'AC', 'JS', '8C']
Player 2 hand :  ['QC', '9S', '10C', 'QD', 'QH', '8S', '8H']
Player 3 hand :  ['9C', '9D', '9H', 'JD', '8D', '7D', '10H', 'AD']
Player 0 (auction 4 cards): ['AS', '10S', '10D', 'KH']
Player 1 (auction 4 cards): ['JH', 'QS', 'JC', '7C']
Player 2 (auction 4 cards): ['QC', 'KC', '9S', '10C']
Player 3 (auction 4 cards): ['9C', '9D', '9H', 'JD']
Auction winner (bidder): Player 2 with bid 16
Bidder sets concealed trump suit: C
Phase: concealed, bidder concealed card: KC

Player 0 plays AS
Player 1 plays QS
Player 2 plays 9S
-- Phase 2 begins: Trump revealed as C by Player 3 on trick 1 --
Player 3 plays 9C
Player 3 won the hand: 5 points

Player 3 plays 9D
Player 0 plays 10D
Player 1 plays JH
Player 2 plays QD
Player 3 won the hand: 6 points

Player 3 plays 9H
Player 0 plays KH
Player 1 plays 7H
Player 2 plays QH
Player 3 won the hand: 2 points

Player 3 plays JD
Player 0 plays KD
Player 1 plays JC
Player 2 plays QC
Player 1 won the hand: 6 points

Player 1 plays 7C
Player 2 plays 10C
Player 3 plays 8D
Player 0 plays 10S
Player 2 won the hand: 2 points

Player 2 plays 8S
Player 3 plays 7D
Player 0 plays KS
Player 1 plays JS
Player 1 won the hand: 3 points

Player 1 plays AC
Player 2 plays KC
Player 3 plays 10H
Player 0 plays 7S
Player 1 won the hand: 2 points

Player 1 plays 8C
Player 2 plays 8H
Player 3 plays AD
Player 0 plays AH
Player 1 won the hand: 2 points

Game 35 final points: Team A=2, Team B=26
Series cumulative game score so far: Team A=-6, Team B=-8
Log saved to: c:\Users\laksh\Desktop\Projects\28bot\logs\game28\mcts_games\game_35_20250822_080246_819495.log
