
===== GAME 58 (20250822_083408_712006) =====

===== AUCTION =====
Pass (locked): Player 0 (min_allowed=16)
  bidding analysis:
    present_suits: D, C
    current_high=0  min_allowed=16  raise_delta=1
    overall: avg=17.50  p30=13.00  std=6.58
    suit_stats:
      D: pts=[16, 13, 23, 6, 22, 24 ...]  avg=17.50  p30=13.00  std=6.58
      C: pts=[10]  avg=10.00  p30=10.00  std=0.00
    failed_checks:
      D: p30 13.00 < 15; conf_mean 14.21 < 15
      C: p30 10.00 < 15; conf_mean 10.00 < 15
    reason: Pass: No suit meets thresholds. Best suit D has p30=13.00, conf_mean=14.21 below min_allowed=16 (current_high=0, raise_delta=+1). Failed checks for best suit: p30 13.00 < 15, conf_mean 14.21 < 15.
Pass (locked): Player 1 (min_allowed=16)
  bidding analysis:
    present_suits: H, D, S
    current_high=0  min_allowed=16  raise_delta=1
    overall: avg=13.25  p30=10.00  std=4.38
    suit_stats:
      D: pts=[8, 12, 18, 15, 8, 10 ...]  avg=13.25  p30=10.00  std=4.38
      H: pts=[]
      S: pts=[]
    failed_checks:
      H: p30 0.00 < 15; conf_mean 0.00 < 15
      D: p30 10.00 < 15; conf_mean 11.06 < 15
      S: p30 0.00 < 15; conf_mean 0.00 < 15
    reason: Pass: No suit meets thresholds. Best suit D has p30=10.00, conf_mean=11.06 below min_allowed=16 (current_high=0, raise_delta=+1). Failed checks for best suit: p30 10.00 < 15, conf_mean 11.06 < 15.
Pass (locked): Player 2 (min_allowed=16)
  bidding analysis:
    present_suits: H, C
    current_high=0  min_allowed=16  raise_delta=1
    overall: avg=16.50  p30=12.00  std=8.15
    suit_stats:
      C: pts=[15, 12, 5, 21, 28, 25 ...]  avg=16.50  p30=12.00  std=8.15
      H: pts=[]
    failed_checks:
      H: p30 0.00 < 15; conf_mean 0.00 < 15
      C: p30 12.00 < 15; conf_mean 12.42 < 15
    reason: Pass: No suit meets thresholds. Best suit C has p30=12.00, conf_mean=12.42 below min_allowed=16 (current_high=0, raise_delta=+1). Failed checks for best suit: p30 12.00 < 15, conf_mean 12.42 < 15.
Bid: Player 3 proposes 17 (min_allowed=16)
  bidding analysis:
    present_suits: D, S
    current_high=0  min_allowed=16  raise_delta=1
    chosen_suit: S
    proposed_bid: 17
    overall: avg=18.62  p30=15.00  std=5.34
    reason: Bid (precomputed): Suit S meets thresholds (p30=15.00, conf_mean=15.96 >= min_allowed=16); conservative mapping max(p30, avg-1) -> 17. (current_high=0, raise_delta=+1)

AUCTION WINNER: Player 3 with bid 17; chooses trump S 
Details={'chosen': 'S', 'estimates': {'S': 18.625, 'D': 17.333333333333332}}
Player 0 hand :  ['7D', 'KD', 'JC', '7C', 'JH', 'QS', '8C', '10C']
Player 1 hand :  ['QD', '7H', '8D', '9S', '8H', 'KS', 'QH', '7S']
Player 2 hand :  ['9H', '9C', 'QC', 'KC', '10H', 'AH', 'JS', '10D']
Player 3 hand :  ['10S', '8S', 'JD', 'AC', '9D', 'KH', 'AD']
Player 0 (auction 4 cards): ['7D', 'KD', 'JC', '7C']
Player 1 (auction 4 cards): ['QD', '7H', '8D', '9S']
Player 2 (auction 4 cards): ['9H', '9C', 'QC', 'KC']
Player 3 (auction 4 cards): ['AS', '10S', '8S', 'JD']
Auction winner (bidder): Player 3 with bid 17
Bidder sets concealed trump suit: S
Phase: concealed, bidder concealed card: AS

Player 0 plays 7D
Player 1 plays QD
Player 2 plays 10D
Player 3 plays JD
Player 3 won the hand: 4 points

Player 3 plays AC
Player 0 plays JC
Player 1 plays 7H
Player 2 plays 9C
Player 0 won the hand: 6 points

Player 0 plays KD
Player 1 plays 8D
Player 2 plays 9H
Player 3 plays 9D
Player 3 won the hand: 4 points

Player 3 plays KH
Player 0 plays JH
Player 1 plays 8H
Player 2 plays 10H
Player 0 won the hand: 4 points

Player 0 plays 7C
-- Phase 2 begins: Trump revealed as S by Player 1 on trick 5 --
Player 1 plays 9S
Player 2 plays QC
Player 3 plays 10S
Player 1 won the hand: 3 points

Player 1 plays KS
Player 2 plays JS
Player 3 plays 8S
Player 0 plays QS
Player 2 won the hand: 3 points

Player 2 plays KC
Player 3 plays AD
Player 0 plays 8C
Player 1 plays QH
Player 2 won the hand: 1 points

Player 2 plays AH
Player 3 plays AS
Player 0 plays 10C
Player 1 plays 7S
Player 3 won the hand: 3 points

Game 58 final points: Team A=14, Team B=14
Series cumulative game score so far: Team A=-8, Team B=-13
Log saved to: c:\Users\laksh\Desktop\Projects\28bot\logs\game28\mcts_games\game_58_20250822_083408_712006.log
