
===== GAME 67 (20250825_143407_907242) =====

===== AUCTION =====
Pass (locked): Player 0 (min_allowed=16)
  bidding analysis:
    present_suits: H, D, S
    current_high=0  min_allowed=16  raise_delta=1
    overall: avg=13.38  p30=11.00  std=5.19
    suit_stats:
      S: pts=[26, 11, 13, 22, 7, 19 ...]  avg=13.38  p30=11.00  std=5.19
      H: pts=[]
      D: pts=[]
    failed_checks:
      H: p30 0.00 < 15; conf_mean 0.00 < 15
      D: p30 0.00 < 15; conf_mean 0.00 < 15
      S: p30 11.00 < 15; conf_mean 10.78 < 15
    reason: Pass: No suit meets thresholds. Best suit S has p30=11.00, conf_mean=10.78 below min_allowed=16 (current_high=0, raise_delta=+1). Failed checks for best suit: p30 11.00 < 15, conf_mean 10.78 < 15.
Pass (locked): Player 1 (min_allowed=16)
  bidding analysis:
    present_suits: H, D, C
    current_high=0  min_allowed=16  raise_delta=1
    overall: avg=0.00  p30=0.00  std=0.00
    failed_checks:
      H: p30 0.00 < 15; conf_mean 0.00 < 15
      C: p30 0.00 < 15; conf_mean 0.00 < 15
    reason: Pass: No suit meets thresholds. Best suit H has p30=0.00, conf_mean=0.00 below min_allowed=16 (current_high=0, raise_delta=+1). Failed checks for best suit: p30 0.00 < 15, conf_mean 0.00 < 15.
Bid: Player 2 proposes 20 (min_allowed=16)
  bidding analysis:
    present_suits: H, D, C, S
    current_high=0  min_allowed=16  raise_delta=1
    chosen_suit: H
    proposed_bid: 20
    overall: avg=20.00  p30=20.00  std=0.00
    suit_stats:
      H: pts=[20]  avg=20.00  p30=20.00  std=0.00
      C: pts=[14]  avg=14.00  p30=14.00  std=0.00
      D: pts=[6]  avg=6.00  p30=6.00  std=0.00
      S: pts=[18]  avg=18.00  p30=18.00  std=0.00
    reason: Bid: Suit H meets thresholds (p30=20.00, conf_mean=20.00 >= min_allowed=16); conservative mapping max(p30, avg-1) -> 20. (current_high=0, raise_delta=+1)
Pass (locked): Player 3 (min_allowed=21)
  bidding analysis:
    present_suits: H, D, C, S
    current_high=20  min_allowed=21  raise_delta=1
    overall: avg=17.00  p30=17.00  std=0.00
    failed_checks:
      H: p30 8.00 < 20; conf_mean 8.00 < 20
      D: p30 14.00 < 20; conf_mean 14.00 < 20
      C: p30 12.00 < 20; conf_mean 12.00 < 20
      S: p30 17.00 < 20; conf_mean 17.00 < 20
    reason: Pass: No suit meets thresholds. Best suit S has p30=17.00, conf_mean=17.00 below min_allowed=21 (current_high=20, raise_delta=+1). Failed checks for best suit: p30 17.00 < 20, conf_mean 17.00 < 20.

AUCTION WINNER: Player 2 with bid 20; chooses trump S 
Details={'chosen': 'S', 'estimates': {'H': 10.0, 'C': 15.0, 'D': 19.0, 'S': 27.0}}
Player 0 hand :  ['JD', 'KS', '8S', '8H', 'JS', '10S', '9S', '8D']
Player 1 hand :  ['7C', '10D', '8C', 'QH', 'QD', 'AD', '7H', 'AC']
Player 2 hand :  ['9D', 'JH', '9C', 'QC', 'AH', 'AS', '10C']
Player 3 hand :  ['9H', '7D', 'QS', 'JC', 'KC', 'KD', '10H', 'KH']
Player 0 (auction 4 cards): ['JD', 'KS', '8S', '8H']
Player 1 (auction 4 cards): ['7C', '10D', '8C', 'QH']
Player 2 (auction 4 cards): ['7S', '9D', 'JH', '9C']
Player 3 (auction 4 cards): ['9H', '7D', 'QS', 'JC']
Auction winner (bidder): Player 2 with bid 20
Bidder sets concealed trump suit: S
Phase: concealed, bidder concealed card: 7S

Player 0 plays JD
Player 1 plays 10D
Player 2 plays 9D
Player 3 plays 7D
Player 0 won the hand: 6 points

Player 0 plays KS
Player 1 plays 7C
Player 2 plays AS
Player 3 plays QS
Player 2 won the hand: 1 points

Player 2 plays JH
Player 3 plays 9H
Player 0 plays 8H
Player 1 plays QH
Player 2 won the hand: 5 points

Player 2 plays 9C
Player 3 plays JC
-- Phase 2 begins: Trump revealed as S by Player 0 on trick 4 --
Player 0 plays 8S
Player 1 plays 8C
Player 0 won the hand: 5 points

Player 0 plays JS
Player 1 plays QD
Player 2 plays 7S
Player 3 plays KC
Player 0 won the hand: 3 points

Player 0 plays 10S
Player 1 plays AD
Player 2 plays QC
Player 3 plays KD
Player 0 won the hand: 2 points

Player 0 plays 9S
Player 1 plays 7H
Player 2 plays AH
Player 3 plays 10H
Player 0 won the hand: 4 points

Player 0 plays 8D
Player 1 plays AC
Player 2 plays 10C
Player 3 plays KH
Player 0 won the hand: 2 points

Game 67 final points: Team A=28, Team B=0
Series cumulative game score so far: Team A=-18, Team B=-5
Log saved to: c:\Users\laksh\Desktop\Projects\28bot\logs\game28\mcts_games\game_67_20250825_143407_907242.log
