
===== GAME 30 (20250822_075800_767172) =====

===== AUCTION =====
Bid: Player 0 proposes 20 (min_allowed=16)
  bidding analysis:
    present_suits: H, D
    current_high=0  min_allowed=16  raise_delta=1
    chosen_suit: D
    proposed_bid: 20
    overall: avg=21.00  p30=19.00  std=3.35
    suit_stats:
      D: pts=[23, 16, 22, 27, 23, 21 ...]  avg=21.00  p30=19.00  std=3.35
      H: pts=[6]  avg=6.00  p30=6.00  std=0.00
    reason: Bid: Suit D meets thresholds (p30=19.00, conf_mean=19.32 >= min_allowed=16); conservative mapping max(p30, avg-1) -> 20. (current_high=0, raise_delta=+1)
Pass (locked): Player 1 (min_allowed=21)
  bidding analysis:
    present_suits: D, C, S
    current_high=20  min_allowed=21  raise_delta=1
    overall: avg=11.62  p30=5.00  std=7.11
    suit_stats:
      S: pts=[5, 15, 11, 3, 19, 2 ...]  avg=11.62  p30=5.00  std=7.11
      D: pts=[]
      C: pts=[]
    failed_checks:
      D: p30 0.00 < 20; conf_mean 0.00 < 20
      C: p30 0.00 < 20; conf_mean 0.00 < 20
      S: p30 5.00 < 20; conf_mean 8.07 < 20
    reason: Pass: No suit meets thresholds. Best suit S has p30=5.00, conf_mean=8.07 below min_allowed=21 (current_high=20, raise_delta=+1). Failed checks for best suit: p30 5.00 < 20, conf_mean 8.07 < 20.
Pass (locked): Player 2 (min_allowed=21)
  bidding analysis:
    present_suits: D, C, S
    current_high=20  min_allowed=21  raise_delta=1
    overall: avg=20.50  p30=16.00  std=4.36
    suit_stats:
      C: pts=[24, 25, 20, 16, 16, 16 ...]  avg=20.50  p30=16.00  std=4.36
      D: pts=[]
      S: pts=[]
    failed_checks:
      D: p30 0.00 < 20; conf_mean 0.00 < 20
      C: p30 16.00 < 20; conf_mean 18.32 < 20
      S: p30 0.00 < 20; conf_mean 0.00 < 20
    reason: Pass: No suit meets thresholds. Best suit C has p30=16.00, conf_mean=18.32 below min_allowed=21 (current_high=20, raise_delta=+1). Failed checks for best suit: p30 16.00 < 20, conf_mean 18.32 < 20.
Pass (locked): Player 3 (min_allowed=21)
  bidding analysis:
    present_suits: H, D, C
    current_high=20  min_allowed=21  raise_delta=1
    overall: avg=13.25  p30=7.00  std=7.56
    failed_checks:
      H: p30 0.00 < 20; conf_mean 0.00 < 20
      D: p30 7.00 < 20; conf_mean 9.47 < 20
    reason: Pass: No suit meets thresholds. Best suit D has p30=7.00, conf_mean=9.47 below min_allowed=21 (current_high=20, raise_delta=+1). Failed checks for best suit: p30 7.00 < 20, conf_mean 9.47 < 20.

AUCTION WINNER: Player 0 with bid 20; chooses trump D 
Details={'chosen': 'D', 'estimates': {'D': 19.0, 'H': 18.0}}
Player 0 hand :  ['9H', 'JH', '10D', '7S', '8D', 'QH', '9D']
Player 1 hand :  ['QC', '8S', '7D', '9S', 'AS', '7H', 'AC', '10H']
Player 2 hand :  ['9C', 'QS', 'JD', '7C', 'KS', '10S', 'KC', 'JS']
Player 3 hand :  ['AH', 'AD', 'JC', '10C', '8C', 'QD', '8H', 'KH']
Player 0 (auction 4 cards): ['9H', 'JH', 'KD', '10D']
Player 1 (auction 4 cards): ['QC', '8S', '7D', '9S']
Player 2 (auction 4 cards): ['9C', 'QS', 'JD', '7C']
Player 3 (auction 4 cards): ['AH', 'AD', 'JC', '10C']
Auction winner (bidder): Player 0 with bid 20
Bidder sets concealed trump suit: D
Phase: concealed, bidder concealed card: KD

Player 0 plays 9H
Player 1 plays 7H
Player 2 plays 9C
Player 3 plays AH
Player 0 won the hand: 5 points

Player 0 plays JH
Player 1 plays 10H
Player 2 plays QS
Player 3 plays 8H
Player 0 won the hand: 4 points

Player 0 plays 7S
Player 1 plays 8S
Player 2 plays KS
-- Phase 2 begins: Trump revealed as D by Player 3 on trick 3 --
Player 3 plays AD
Player 3 won the hand: 1 points

Player 3 plays JC
Player 0 plays 10D
Player 1 plays QC
Player 2 plays 7C
Player 0 won the hand: 4 points

Player 0 plays 8D
Player 1 plays 7D
Player 2 plays JD
Player 3 plays QD
Player 2 won the hand: 3 points

Player 2 plays 10S
Player 3 plays 10C
Player 0 plays QH
Player 1 plays 9S
Player 1 won the hand: 4 points

Player 1 plays AS
Player 2 plays JS
Player 3 plays 8C
Player 0 plays 9D
Player 0 won the hand: 6 points

Player 0 plays KD
Player 1 plays AC
Player 2 plays KC
Player 3 plays KH
Player 0 won the hand: 1 points

Game 30 final points: Team A=23, Team B=5
Series cumulative game score so far: Team A=-3, Team B=-4
Log saved to: c:\Users\laksh\Desktop\Projects\28bot\logs\game28\mcts_games\game_30_20250822_075800_767172.log
