
===== GAME 9 (20250821_094548_315579) =====

===== AUCTION =====
Pass (locked): Player 0 (min_allowed=16)
  bidding analysis:
    present_suits: D, C, S
    current_high=0  min_allowed=16  raise_delta=1
    overall: avg=17.75  p30=13.00  std=5.91
    suit_stats:
      D: pts=[23, 22, 25, 8, 13, 12 ...]  avg=17.75  p30=13.00  std=5.91
      C: pts=[]
      S: pts=[]
    failed_checks:
      D: p30 13.00 < 15; conf_mean 14.79 < 15
      C: p30 0.00 < 15; conf_mean 0.00 < 15
      S: p30 0.00 < 15; conf_mean 0.00 < 15
    reason: Pass: No suit meets thresholds. Best suit D has p30=13.00, conf_mean=14.79 below min_allowed=16 (current_high=0, raise_delta=+1). Failed checks for best suit: p30 13.00 < 15, conf_mean 14.79 < 15.
Pass (locked): Player 1 (min_allowed=16)
  bidding analysis:
    present_suits: H, C, S
    current_high=0  min_allowed=16  raise_delta=1
    overall: avg=16.62  p30=16.00  std=5.63
    failed_checks:
      H: conf_mean 13.81 < 15
      C: p30 0.00 < 15; conf_mean 0.00 < 15
    reason: Pass: No suit meets thresholds. Best suit H has p30=16.00, conf_mean=13.81 below min_allowed=16 (current_high=0, raise_delta=+1). Failed checks for best suit: conf_mean 13.81 < 15.
Pass (locked): Player 2 (min_allowed=16)
  bidding analysis:
    present_suits: D, C, S
    current_high=0  min_allowed=16  raise_delta=1
    overall: avg=13.50  p30=11.00  std=6.02
    suit_stats:
      D: pts=[5, 20, 12, 15, 22, 18 ...]  avg=13.50  p30=11.00  std=6.02
      C: pts=[]
      S: pts=[]
    failed_checks:
      D: p30 11.00 < 15; conf_mean 10.49 < 15
      C: p30 0.00 < 15; conf_mean 0.00 < 15
      S: p30 0.00 < 15; conf_mean 0.00 < 15
    reason: Pass: No suit meets thresholds. Best suit D has p30=11.00, conf_mean=10.49 below min_allowed=16 (current_high=0, raise_delta=+1). Failed checks for best suit: p30 11.00 < 15, conf_mean 10.49 < 15.
Pass (locked): Player 3 (min_allowed=16)
  bidding analysis:
    present_suits: H, C, S
    current_high=0  min_allowed=16  raise_delta=1
    overall: avg=13.00  p30=6.00  std=7.71
    suit_stats:
      C: pts=[20, 5, 21, 21, 9, 20 ...]  avg=13.00  p30=6.00  std=7.71
      H: pts=[]
      S: pts=[]
    failed_checks:
      H: p30 0.00 < 15; conf_mean 0.00 < 15
      C: p30 6.00 < 15; conf_mean 9.14 < 15
      S: p30 0.00 < 15; conf_mean 0.00 < 15
    reason: Pass: No suit meets thresholds. Best suit C has p30=6.00, conf_mean=9.14 below min_allowed=16 (current_high=0, raise_delta=+1). Failed checks for best suit: p30 6.00 < 15, conf_mean 9.14 < 15.
Forced bid: All players passed. Player 0 takes minimum bid 16.

AUCTION WINNER: Player 0 with bid 16; chooses trump S 
Details={'chosen': 'S', 'estimates': {'S': 22.0, 'D': 17.0, 'C': 13.0}}
Player 0 hand :  ['JD', '8C', 'KD', 'JH', '10D', '9C', '10H']
Player 1 hand :  ['JC', '8H', 'KS', 'QS', '7C', 'QD', '9D', '7H']
Player 2 hand :  ['AC', 'AD', '8D', '7S', 'KH', '10S', 'JS', 'AH']
Player 3 hand :  ['KC', '10C', '8S', 'QH', 'QC', '7D', '9S', '9H']
Player 0 (auction 4 cards): ['AS', 'JD', '8C', 'KD']
Player 1 (auction 4 cards): ['JC', '8H', 'KS', 'QS']
Player 2 (auction 4 cards): ['AC', 'AD', '8D', '7S']
Player 3 (auction 4 cards): ['KC', '10C', '8S', 'QH']
Auction winner (bidder): Player 0 with bid 16
Bidder sets concealed trump suit: S
Phase: concealed, bidder concealed card: AS

Player 0 plays JD
Player 1 plays QD
Player 2 plays AD
Player 3 plays 7D
Player 0 won the hand: 4 points

Player 0 plays 8C
Player 1 plays JC
Player 2 plays AC
Player 3 plays KC
Player 1 won the hand: 4 points

Player 1 plays 8H
Player 2 plays KH
Player 3 plays QH
Player 0 plays JH
Player 0 won the hand: 3 points

Player 0 plays KD
Player 1 plays 9D
Player 2 plays 8D
Player 3 plays 10C
Player 1 won the hand: 3 points

Player 1 plays KS
Player 2 plays 7S
Player 3 plays 8S
Player 0 plays 10D
Player 1 won the hand: 1 points

Player 1 plays QS
Player 2 plays 10S
Player 3 plays 9S
Player 0 plays 9C
Player 3 won the hand: 5 points

Player 3 plays QC
Player 0 plays 10H
Player 1 plays 7C
-- Phase 2 begins: Trump revealed as S by Player 2 on trick 7 --
Player 2 plays JS
Player 2 won the hand: 4 points

Player 2 plays AH
Player 3 plays 9H
Player 0 plays AS
Player 1 plays 7H
Player 0 won the hand: 4 points

Game 9 final points: Team A=15, Team B=13
Series cumulative game score so far: Team A=-4, Team B=-1
Log saved to: C:\Users\laksh\Desktop\Projects\28bot\logs\game28\mcts_games\game_9_20250821_094548_315579.log
