
===== GAME 15 (20250823_180904_886052) =====

===== AUCTION =====
Pass (locked): Player 0 (min_allowed=16)
  bidding analysis:
    present_suits: H, C, S
    current_high=0  min_allowed=16  raise_delta=1
    overall: avg=14.44  p30=8.00  std=5.67
    failed_checks:
      H: p30 8.00 < 15; conf_mean 11.60 < 15
      S: p30 0.00 < 15; conf_mean 0.00 < 15
    reason: Pass: No suit meets thresholds. Best suit H has p30=8.00, conf_mean=11.60 below min_allowed=16 (current_high=0, raise_delta=+1). Failed checks for best suit: p30 8.00 < 15, conf_mean 11.60 < 15.
Bid: Player 1 proposes 22 (min_allowed=16)
  bidding analysis:
    present_suits: H, D, C, S
    current_high=0  min_allowed=16  raise_delta=1
    chosen_suit: H
    proposed_bid: 22
    overall: avg=22.00  p30=22.00  std=0.00
    suit_stats:
      S: pts=[11]  avg=11.00  p30=11.00  std=0.00
      H: pts=[22]  avg=22.00  p30=22.00  std=0.00
      D: pts=[10]  avg=10.00  p30=10.00  std=0.00
      C: pts=[11]  avg=11.00  p30=11.00  std=0.00
    reason: Bid: Suit H meets thresholds (p30=22.00, conf_mean=22.00 >= min_allowed=16); conservative mapping max(p30, avg-1) -> 22. (current_high=0, raise_delta=+1)
Pass (locked): Player 2 (min_allowed=23)
  bidding analysis:
    present_suits: H, D
    current_high=22  min_allowed=23  raise_delta=1
    overall: avg=13.81  p30=11.00  std=5.67
    suit_stats:
      D: pts=[11, 12, 20, 19, 7, 23 ...]  avg=13.81  p30=11.00  std=5.67
      H: pts=[]
    failed_checks:
      H: p30 0.00 < 22; conf_mean 0.00 < 22
      D: p30 11.00 < 22; conf_mean 10.98 < 22
    reason: Pass: No suit meets thresholds. Best suit D has p30=11.00, conf_mean=10.98 below min_allowed=23 (current_high=22, raise_delta=+1). Failed checks for best suit: p30 11.00 < 22, conf_mean 10.98 < 22.
Pass (locked): Player 3 (min_allowed=23)
  bidding analysis:
    present_suits: C, S
    current_high=22  min_allowed=23  raise_delta=1
    overall: avg=17.19  p30=14.00  std=4.11
    suit_stats:
      C: pts=[17, 15, 18, 23, 13, 13 ...]  avg=17.19  p30=14.00  std=4.11
      S: pts=[]
    failed_checks:
      C: p30 14.00 < 22; conf_mean 15.13 < 22
      S: p30 0.00 < 22; conf_mean 0.00 < 22
    reason: Pass: No suit meets thresholds. Best suit C has p30=14.00, conf_mean=15.13 below min_allowed=23 (current_high=22, raise_delta=+1). Failed checks for best suit: p30 14.00 < 22, conf_mean 15.13 < 22.

AUCTION WINNER: Player 1 with bid 22; chooses trump C 
Details={'chosen': 'C', 'estimates': {'H': 13.0, 'C': 15.0, 'D': 7.0, 'S': 12.0}}
Player 0 hand :  ['10S', 'AS', '8H', '7C', 'QC', 'QH', 'QD', 'KH']
Player 1 hand :  ['9H', 'AD', '9S', '9D', 'JD', 'JH', 'KS']
Player 2 hand :  ['8D', 'KD', '10H', '10D', '9C', 'JS', 'AC', 'QS']
Player 3 hand :  ['8S', 'JC', '10C', '8C', '7H', '7D', 'AH', '7S']
Player 0 (auction 4 cards): ['10S', 'AS', '8H', '7C']
Player 1 (auction 4 cards): ['9H', 'AD', 'KC', '9S']
Player 2 (auction 4 cards): ['8D', 'KD', '10H', '10D']
Player 3 (auction 4 cards): ['8S', 'JC', '10C', '8C']
Auction winner (bidder): Player 1 with bid 22
Bidder sets concealed trump suit: C
Phase: concealed, bidder concealed card: KC

Player 0 plays 10S
Player 1 plays 9S
Player 2 plays JS
Player 3 plays 8S
Player 2 won the hand: 6 points

Player 2 plays 8D
Player 3 plays 7D
Player 0 plays QD
Player 1 plays AD
Player 1 won the hand: 1 points

Player 1 plays 9H
Player 2 plays 10H
Player 3 plays 7H
Player 0 plays 8H
Player 1 won the hand: 3 points

Player 1 plays 9D
Player 2 plays KD
-- Phase 2 begins: Trump revealed as C by Player 3 on trick 4 --
Player 3 plays JC
Player 0 plays AS
Player 3 won the hand: 6 points

Player 3 plays 10C
Player 0 plays 7C
Player 1 plays KC
Player 2 plays 9C
Player 2 won the hand: 3 points

Player 2 plays 10D
Player 3 plays 8C
Player 0 plays QC
Player 1 plays JD
Player 0 won the hand: 4 points

Player 0 plays QH
Player 1 plays JH
Player 2 plays AC
Player 3 plays AH
Player 2 won the hand: 5 points

Player 2 plays QS
Player 3 plays 7S
Player 0 plays KH
Player 1 plays KS
Player 1 won the hand: 0 points

Game 15 final points: Team A=18, Team B=10
Series cumulative game score so far: Team A=-1, Team B=-2
Log saved to: c:\Users\laksh\Desktop\Projects\28bot\logs\game28\mcts_games\game_15_20250823_180904_886052.log
