
===== GAME 1 (20250820_214703_330650) =====

===== AUCTION =====
Pass (locked): Player 0 (min_allowed=16)
  bidding analysis:
    present_suits: H, D, S
    current_high=0  min_allowed=16  raise_delta=1
    overall: avg=13.25  p30=11.00  std=5.09
    suit_stats:
      S: pts=[6, 15, 19, 11, 17, 20 ...]  avg=13.25  p30=11.00  std=5.09
      H: pts=[]
      D: pts=[]
    failed_checks:
      H: p30 0.00 < 15; conf_mean 0.00 < 15
      D: p30 0.00 < 15; conf_mean 0.00 < 15
      S: p30 11.00 < 15; conf_mean 10.70 < 15
    reason: Pass: No suit meets thresholds. Best suit S has p30=11.00, conf_mean=10.70 below min_allowed=16 (current_high=0, raise_delta=+1). Failed checks for best suit: p30 11.00 < 15, conf_mean 10.70 < 15.
Bid: Player 1 proposes 17 (min_allowed=16)
  bidding analysis:
    present_suits: H, D
    current_high=0  min_allowed=16  raise_delta=1
    chosen_suit: H
    proposed_bid: 17
    overall: avg=18.25  p30=16.00  std=3.53
    suit_stats:
      H: pts=[20, 18, 13, 15, 21, 18 ...]  avg=18.25  p30=16.00  std=3.53
      D: pts=[]
    reason: Bid: Suit H meets thresholds (p30=16.00, conf_mean=16.49 >= min_allowed=16); conservative mapping max(p30, avg-1) -> 17. (current_high=0, raise_delta=+1)
Bid: Player 2 proposes 21 (min_allowed=18)
  bidding analysis:
    present_suits: D, C, S
    current_high=17  min_allowed=18  raise_delta=1
    chosen_suit: S
    proposed_bid: 21
    overall: avg=22.75  p30=20.00  std=3.56
    reason: Bid (precomputed): Suit S meets thresholds (p30=20.00, conf_mean=20.97 >= min_allowed=18); conservative mapping max(p30, avg-1) -> 21. (current_high=17, raise_delta=+1)
Pass (locked): Player 3 (min_allowed=22)
  bidding analysis:
    present_suits: H, C, S
    current_high=21  min_allowed=22  raise_delta=1
    overall: avg=0.00  p30=0.00  std=0.00
    failed_checks:
      C: p30 0.00 < 21; conf_mean 0.00 < 21
      S: p30 0.00 < 21; conf_mean 0.00 < 21
    reason: Pass: No suit meets thresholds. Best suit H has p30=0.00, conf_mean=0.00 below min_allowed=22 (current_high=21, raise_delta=+1). Failed checks for best suit: n/a.
Pass (locked): Player 1 (min_allowed=22)
  bidding analysis:
    present_suits: H, D
    current_high=21  min_allowed=22  raise_delta=1
    overall: avg=16.25  p30=13.00  std=4.99
    suit_stats:
      H: pts=[21, 14, 13, 10, 14, 21 ...]  avg=16.25  p30=13.00  std=4.99
      D: pts=[]
    failed_checks:
      H: p30 13.00 < 21; conf_mean 13.75 < 21
      D: p30 0.00 < 21; conf_mean 0.00 < 21
    reason: Pass: No suit meets thresholds. Best suit H has p30=13.00, conf_mean=13.75 below min_allowed=22 (current_high=21, raise_delta=+1). Failed checks for best suit: p30 13.00 < 21, conf_mean 13.75 < 21.

AUCTION WINNER: Player 2 with bid 21; chooses trump S 
Details={'chosen': 'S', 'estimates': {'D': 0.0, 'C': 0.0, 'S': 22.75}}
Player 0 hand :  ['QD', '8S', 'JS', '7H', '10C', 'KC', 'KD', '7S']
Player 1 hand :  ['8D', '10H', '9H', 'KH', 'AH', 'KS', '8C', '8H']
Player 2 hand :  ['AD', '10S', '7C', '7D', 'QC', 'AC', 'QH']
Player 3 hand :  ['9C', 'JH', '9S', 'QS', '9D', 'JD', 'JC', '10D']
Player 0 (auction 4 cards): ['QD', '8S', 'JS', '7H']
Player 1 (auction 4 cards): ['8D', '10H', '9H', 'KH']
Player 2 (auction 4 cards): ['AS', 'AD', '10S', '7C']
Player 3 (auction 4 cards): ['9C', 'JH', '9S', 'QS']
Auction winner (bidder): Player 2 with bid 21
Bidder sets concealed trump suit: S
Phase: concealed, bidder concealed card: AS

Player 0 plays QD
