
===== GAME 2 (20250823_165538_666425) =====

===== AUCTION =====
Bid: Player 0 proposes 16 (min_allowed=16)
  bidding analysis:
    present_suits: H, D, C, S
    current_high=0  min_allowed=16  raise_delta=1
    chosen_suit: C
    proposed_bid: 16
    overall: avg=15.00  p30=15.00  std=0.00
    suit_stats:
      H: pts=[11]  avg=11.00  p30=11.00  std=0.00
      D: pts=[15]  avg=15.00  p30=15.00  std=0.00
      C: pts=[15]  avg=15.00  p30=15.00  std=0.00
      S: pts=[8]  avg=8.00  p30=8.00  std=0.00
    reason: Bid: Suit C meets thresholds (p30=15.00, conf_mean=15.00 >= min_allowed=16); conservative mapping max(p30, avg-1) -> 16. (current_high=0, raise_delta=+1)
Pass (locked): Player 1 (min_allowed=17)
  bidding analysis:
    present_suits: C, S
    current_high=16  min_allowed=17  raise_delta=1
    overall: avg=13.12  p30=13.00  std=5.30
    failed_checks:
      S: p30 13.00 < 16; conf_mean 10.47 < 16
    reason: Pass: No suit meets thresholds. Best suit S has p30=13.00, conf_mean=10.47 below min_allowed=17 (current_high=16, raise_delta=+1). Failed checks for best suit: p30 13.00 < 16, conf_mean 10.47 < 16.
Pass (locked): Player 2 (min_allowed=17)
  bidding analysis:
    present_suits: H, D, S
    current_high=16  min_allowed=17  raise_delta=1
    overall: avg=15.50  p30=14.00  std=5.02
    suit_stats:
      D: pts=[16, 14, 5, 17, 8, 18 ...]  avg=15.50  p30=14.00  std=5.02
      H: pts=[]
      S: pts=[]
    failed_checks:
      H: p30 0.00 < 16; conf_mean 0.00 < 16
      D: p30 14.00 < 16; conf_mean 12.99 < 16
      S: p30 0.00 < 16; conf_mean 0.00 < 16
    reason: Pass: No suit meets thresholds. Best suit D has p30=14.00, conf_mean=12.99 below min_allowed=17 (current_high=16, raise_delta=+1). Failed checks for best suit: p30 14.00 < 16, conf_mean 12.99 < 16.
Pass (locked): Player 3 (min_allowed=17)
  bidding analysis:
    present_suits: C, S
    current_high=16  min_allowed=17  raise_delta=1
    overall: avg=17.62  p30=17.00  std=6.11
    failed_checks:
      C: p30 12.00 < 16; conf_mean 12.00 < 16
      S: conf_mean 14.57 < 16
    reason: Pass: No suit meets thresholds. Best suit S has p30=17.00, conf_mean=14.57 below min_allowed=17 (current_high=16, raise_delta=+1). Failed checks for best suit: conf_mean 14.57 < 16.

AUCTION WINNER: Player 0 with bid 16; chooses trump C 
Details={'chosen': 'C', 'estimates': {'D': 14.0, 'H': 9.0, 'C': 17.0, 'S': 14.0}}
Player 0 hand :  ['AH', '7S', 'AD', 'KD', 'QS', 'QH', '8H']
Player 1 hand :  ['8C', '10C', 'QC', 'KS', '10H', 'AS', 'AC', '8D']
Player 2 hand :  ['10D', '9H', 'JD', '10S', 'QD', '7C', '9S', '9D']
Player 3 hand :  ['8S', 'JS', '9C', 'KC', '7D', 'JH', '7H', 'KH']
Player 0 (auction 4 cards): ['JC', 'AH', '7S', 'AD']
Player 1 (auction 4 cards): ['8C', '10C', 'QC', 'KS']
Player 2 (auction 4 cards): ['10D', '9H', 'JD', '10S']
Player 3 (auction 4 cards): ['8S', 'JS', '9C', 'KC']
Auction winner (bidder): Player 0 with bid 16
Bidder sets concealed trump suit: C
Phase: concealed, bidder concealed card: JC

Player 0 plays AH
Player 1 plays 10H
Player 2 plays 9H
Player 3 plays JH
Player 3 won the hand: 7 points

Player 3 plays 8S
Player 0 plays 7S
Player 1 plays KS
Player 2 plays 10S
Player 2 won the hand: 1 points

Player 2 plays 10D
Player 3 plays 7D
Player 0 plays AD
Player 1 plays 8D
Player 0 won the hand: 2 points

Player 0 plays KD
-- Phase 2 begins: Trump revealed as C by Player 1 on trick 4 --
Player 1 plays 8C
Player 2 plays JD
Player 3 plays JS
Player 1 won the hand: 6 points

Player 1 plays 10C
Player 2 plays 7C
Player 3 plays 9C
Player 0 plays JC
Player 0 won the hand: 6 points

Player 0 plays QS
Player 1 plays AS
Player 2 plays 9S
Player 3 plays KC
Player 3 won the hand: 3 points

Player 3 plays 7H
Player 0 plays QH
Player 1 plays QC
Player 2 plays QD
Player 1 won the hand: 0 points

Player 1 plays AC
Player 2 plays 9D
Player 3 plays KH
Player 0 plays 8H
Player 1 won the hand: 3 points

Game 2 final points: Team A=9, Team B=19
Series cumulative game score so far: Team A=-1, Team B=0
Log saved to: c:\Users\laksh\Desktop\Projects\28bot\logs\game28\mcts_games\game_2_20250823_165538_666425.log
