
===== GAME 58 (20250820_161005_341045) =====

===== AUCTION =====
Bid: Player 0 proposes 17 (min_allowed=16)
  bidding analysis:
    present_suits: C, S
    current_high=0  min_allowed=16  raise_delta=1
    chosen_suit: S
    proposed_bid: 17
    overall: avg=18.25  p30=16.00  std=3.96
    suit_stats:
      S: pts=[15, 25, 16, 17]  avg=18.25  p30=16.00  std=3.96
      C: pts=[]
    reason: Bid: Suit S meets thresholds (p30=16.00, conf_mean=16.27 >= min_allowed=16); conservative mapping max(p30, avg-1) -> 17. (current_high=0, raise_delta=+1)
Pass (locked): Player 1 (min_allowed=18)
  bidding analysis:
    present_suits: H, D, C
    current_high=17  min_allowed=18  raise_delta=1
    overall: avg=16.00  p30=12.00  std=4.06
    suit_stats:
      H: pts=[12, 12, 21, 19]  avg=16.00  p30=12.00  std=4.06
      D: pts=[]
      C: pts=[]
    failed_checks:
      H: p30 12.00 < 17; conf_mean 13.97 < 17
      D: p30 0.00 < 17; conf_mean 0.00 < 17
      C: p30 0.00 < 17; conf_mean 0.00 < 17
    reason: Pass: No suit meets thresholds. Best suit H has p30=12.00, conf_mean=13.97 below min_allowed=18 (current_high=17, raise_delta=+1). Failed checks for best suit: p30 12.00 < 17, conf_mean 13.97 < 17.
Pass (locked): Player 2 (min_allowed=18)
  bidding analysis:
    present_suits: H, C, S
    current_high=17  min_allowed=18  raise_delta=1
    overall: avg=13.75  p30=12.00  std=9.01
    suit_stats:
      S: pts=[0, 24, 12, 19]  avg=13.75  p30=12.00  std=9.01
      H: pts=[]
      C: pts=[]
    failed_checks:
      H: p30 0.00 < 17; conf_mean 0.00 < 17
      C: p30 0.00 < 17; conf_mean 0.00 < 17
      S: p30 12.00 < 17; conf_mean 9.24 < 17
    reason: Pass: No suit meets thresholds. Best suit S has p30=12.00, conf_mean=9.24 below min_allowed=18 (current_high=17, raise_delta=+1). Failed checks for best suit: p30 12.00 < 17, conf_mean 9.24 < 17.
Pass (locked): Player 3 (min_allowed=18)
  bidding analysis:
    present_suits: H, D, C
    current_high=17  min_allowed=18  raise_delta=1
    overall: avg=17.75  p30=13.00  std=6.30
    suit_stats:
      D: pts=[27, 13, 11, 20]  avg=17.75  p30=13.00  std=6.30
      H: pts=[]
      C: pts=[]
    failed_checks:
      H: p30 0.00 < 17; conf_mean 0.00 < 17
      D: p30 13.00 < 17; conf_mean 14.60 < 17
      C: p30 0.00 < 17; conf_mean 0.00 < 17
    reason: Pass: No suit meets thresholds. Best suit D has p30=13.00, conf_mean=14.60 below min_allowed=18 (current_high=17, raise_delta=+1). Failed checks for best suit: p30 13.00 < 17, conf_mean 14.60 < 17.

AUCTION WINNER: Player 0 with bid 17; chooses trump S 
Details={'chosen': 'S', 'estimates': {'C': 11.5, 'S': 18.833333333333332}}
Player 0 hand :  ['7S', '9S', '7C', 'QH', 'AD', 'KD', 'QD']
Player 1 hand :  ['8H', '10H', '9C', 'JD', '7H', '9H', 'KS', 'AH']
Player 2 hand :  ['8S', 'JH', 'AS', 'AC', '10S', '10D', '8C', 'QS']
Player 3 hand :  ['KH', '8D', 'KC', '9D', '7D', '10C', 'QC', 'JC']
Player 0 (auction 4 cards): ['7S', 'JS', '9S', '7C']
Player 1 (auction 4 cards): ['8H', '10H', '9C', 'JD']
Player 2 (auction 4 cards): ['8S', 'JH', 'AS', 'AC']
Player 3 (auction 4 cards): ['KH', '8D', 'KC', '9D']
Auction winner (bidder): Player 0 with bid 17
Bidder sets concealed trump suit: S
Phase: concealed, bidder concealed card: JS

Player 0 plays 7C
Player 1 plays 9C
Player 2 plays AC
Player 3 plays KC
Player 1 won the hand: 3 points

Player 1 plays 8H
Player 2 plays JH
Player 3 plays KH
Player 0 plays QH
Player 2 won the hand: 3 points

Player 2 plays 8S
Player 3 plays 8D
Player 0 plays 7S
Player 1 plays KS
Player 1 won the hand: 0 points

Player 1 plays 10H
-- Phase 2 begins: Trump revealed as S by Player 2 on trick 4 --
Player 2 plays AS
Player 3 plays 9D
Player 0 plays 9S
Player 0 won the hand: 6 points

Player 0 plays AD
Player 1 plays JD
Player 2 plays 10D
Player 3 plays 7D
Player 1 won the hand: 5 points

Player 1 plays 7H
Player 2 plays 10S
Player 3 plays 10C
Player 0 plays KD
Player 2 won the hand: 2 points

Player 2 plays 8C
Player 3 plays QC
Player 0 plays QD
Player 1 plays 9H
Player 3 won the hand: 2 points

Player 3 plays JC
Player 0 plays JS
Player 1 plays AH
Player 2 plays QS
Player 0 won the hand: 7 points

Game 58 final points: Team A=18, Team B=10
Series cumulative game score so far: Team A=-3, Team B=-4
Log saved to: c:\Users\laksh\Desktop\Projects\28bot\logs\game28\mcts_games\game_58_20250820_161005_341045.log
