
===== GAME 6 (20250819_121804_794452) =====
Bid: Player 0 proposes 24 (min_allowed=16) – suit_scores={'H': [4, 0, 0, 17], 'C': [25, 28, 20, 21], 'S': [11, 11, 0, 13]} chosen=C p30=20 avg=23.5
Pass: Player 1 (min_allowed=25) – analysis={'present_suits': ['H', 'C', 'S'], 'suit_to_points': {'H': [16, 11, 0, 19], 'C': [16, 11, 0, 19], 'S': [17, 8, 8, 0]}, 'chosen_suit': 'H', 'avg_points': 11.5, 'p30_points': 0, 'proposed': None, 'current_high': 24}
Pass: Player 2 (min_allowed=25) – analysis={'present_suits': ['H', 'D', 'S'], 'suit_to_points': {'H': [0, 0, 0, 16], 'D': [0, 23, 15, 0], 'S': [17, 15, 16, 28]}, 'chosen_suit': 'S', 'avg_points': 19.0, 'p30_points': 15, 'proposed': None, 'current_high': 24}
Pass: Player 3 (min_allowed=25) – analysis={'present_suits': ['H', 'D', 'C', 'S'], 'suit_to_points': {'H': [9, 0, 0, 17], 'D': [0, 15, 6, 16], 'C': [0, 17, 18, 12], 'S': [0, 17, 15, 16]}, 'chosen_suit': 'S', 'avg_points': 12.0, 'p30_points': 0, 'proposed': None, 'current_high': 24}
Auction winner: Player 0 with bid 24; chooses trump C – details={'chosen': 'C', 'estimates': {'H': 5, 'C': 10, 'S': 3}}
Player 0 hand :  ['QC', 'KS', 'AH', 'QH', '10D', '10H', '10C']
Player 1 hand :  ['KC', 'AC', '7S', 'KH', 'AD', 'QD', '7D', '9H']
Player 2 hand :  ['8S', 'JD', '7H', 'AS', '9D', '10S', '8D', 'QS']
Player 3 hand :  ['KD', '8C', 'JS', '8H', 'JH', '7C', 'JC', '9S']
Player 0 (auction 4 cards): ['QC', 'KS', '9C', 'AH']
Player 1 (auction 4 cards): ['KC', 'AC', '7S', 'KH']
Player 2 (auction 4 cards): ['8S', 'JD', '7H', 'AS']
Player 3 (auction 4 cards): ['KD', '8C', 'JS', '8H']
Auction winner (bidder): Player 0 with bid 24
Bidder sets concealed trump suit: C
Phase: concealed, bidder concealed card: 9C

Player 0 plays KS
Player 1 plays 7S
Player 2 plays 8S
Player 3 plays JS
Player 3 won the hand: 3 points

Player 3 plays JH
Player 0 plays AH
Player 1 plays KH
Player 2 plays 7H
Player 3 won the hand: 4 points

Player 3 plays KD
Player 0 plays 10D
Player 1 plays AD
Player 2 plays JD
Player 2 won the hand: 5 points

Player 2 plays AS
Player 3 plays 9S
-- Phase 2 begins: Trump revealed as C by Player 0 on trick 4 --
Player 0 plays QC
Player 1 plays 9H
Player 0 won the hand: 5 points

Player 0 plays QH
Player 1 plays KC
Player 2 plays 10S
Player 3 plays 8H
Player 1 won the hand: 1 points

Player 1 plays AC
Player 2 plays 9D
Player 3 plays 8C
Player 0 plays 9C
Player 0 won the hand: 5 points

Player 0 plays 10H
Player 1 plays QD
Player 2 plays 8D
Player 3 plays 7C
Player 3 won the hand: 1 points

Player 3 plays JC
Player 0 plays 10C
Player 1 plays 7D
Player 2 plays QS
Player 3 won the hand: 4 points

Game 6 final points: Team A=15, Team B=13
Series cumulative game score so far: Team A=2, Team B=-2
Log saved to: c:\Users\laksh\Desktop\Projects\28bot\logs\game28\mcts_games\game_6_20250819_121804_794452.log
