
===== GAME 44 (20250825_112308_460558) =====

===== AUCTION =====
Pass (locked): Player 0 (min_allowed=16)
  bidding analysis:
    present_suits: H, D, S
    current_high=0  min_allowed=16  raise_delta=1
    overall: avg=13.50  p30=12.00  std=6.87
    failed_checks:
      H: p30 0.00 < 15; conf_mean 0.50 < 15
      D: p30 12.00 < 15; conf_mean 10.06 < 15
    reason: Pass: No suit meets thresholds. Best suit D has p30=12.00, conf_mean=10.06 below min_allowed=16 (current_high=0, raise_delta=+1). Failed checks for best suit: p30 12.00 < 15, conf_mean 10.06 < 15.
Pass (locked): Player 1 (min_allowed=16)
  bidding analysis:
    present_suits: H, C, S
    current_high=0  min_allowed=16  raise_delta=1
    overall: avg=9.50  p30=9.00  std=6.02
    failed_checks:
      H: p30 0.00 < 15; conf_mean 0.00 < 15
      C: p30 9.00 < 15; conf_mean 6.49 < 15
      S: p30 0.00 < 15; conf_mean 0.00 < 15
    reason: Pass: No suit meets thresholds. Best suit C has p30=9.00, conf_mean=6.49 below min_allowed=16 (current_high=0, raise_delta=+1). Failed checks for best suit: p30 9.00 < 15, conf_mean 6.49 < 15.
Bid: Player 2 proposes 16 (min_allowed=16)
  bidding analysis:
    present_suits: H, C, S
    current_high=0  min_allowed=16  raise_delta=1
    chosen_suit: S
    proposed_bid: 16
    overall: avg=17.88  p30=15.00  std=4.15
    suit_stats:
      S: pts=[14, 17, 17, 17, 18, 11 ...]  avg=17.88  p30=15.00  std=4.15
      H: pts=[]
      C: pts=[]
    reason: Bid: Suit S meets thresholds (p30=15.00, conf_mean=15.80 >= min_allowed=16); conservative mapping max(p30, avg-1) -> 16. (current_high=0, raise_delta=+1)
Pass (locked): Player 3 (min_allowed=17)
  bidding analysis:
    present_suits: H, D
    current_high=16  min_allowed=17  raise_delta=1
    overall: avg=10.50  p30=7.00  std=5.56
    suit_stats:
      H: pts=[5, 8, 18, 9, 11, 5 ...]  avg=10.50  p30=7.00  std=5.56
      D: pts=[5]  avg=5.00  p30=5.00  std=0.00
    failed_checks:
      H: p30 7.00 < 16; conf_mean 7.72 < 16
      D: p30 5.00 < 16; conf_mean 5.00 < 16
    reason: Pass: No suit meets thresholds. Best suit H has p30=7.00, conf_mean=7.72 below min_allowed=17 (current_high=16, raise_delta=+1). Failed checks for best suit: p30 7.00 < 16, conf_mean 7.72 < 16.

AUCTION WINNER: Player 2 with bid 16; chooses trump H 
Details={'chosen': 'H', 'estimates': {'C': 19.0, 'S': 19.0, 'H': 19.0}}
Player 0 hand :  ['8S', '7H', '10S', '7D', '8H', 'QC', 'AH', 'QH']
Player 1 hand :  ['8C', 'KS', 'JH', '7S', 'QD', '8D', '9S', '9C']
Player 2 hand :  ['JS', 'AS', 'KC', 'AD', 'AC', '9D', 'QS']
Player 3 hand :  ['KD', '10D', 'KH', '10H', 'JD', '7C', '10C', 'JC']
Player 0 (auction 4 cards): ['8S', '7H', '10S', '7D']
Player 1 (auction 4 cards): ['8C', 'KS', 'JH', '7S']
Player 2 (auction 4 cards): ['JS', '9H', 'AS', 'KC']
Player 3 (auction 4 cards): ['KD', '10D', 'KH', '10H']
Auction winner (bidder): Player 2 with bid 16
Bidder sets concealed trump suit: H
Phase: concealed, bidder concealed card: 9H

Player 0 plays 8S
Player 1 plays KS
Player 2 plays JS
Player 3 plays KD
Player 2 won the hand: 3 points

Player 2 plays AS
Player 3 plays 10D
Player 0 plays 10S
Player 1 plays 7S
Player 2 won the hand: 3 points

Player 2 plays KC
Player 3 plays 7C
Player 0 plays QC
Player 1 plays 8C
Player 2 won the hand: 0 points

Player 2 plays AD
Player 3 plays JD
Player 0 plays 7D
Player 1 plays QD
Player 3 won the hand: 4 points

Player 3 plays KH
Player 0 plays 7H
Player 1 plays JH
Player 2 plays AC
Player 1 won the hand: 4 points

Player 1 plays 8D
Player 2 plays 9D
-- Phase 2 begins: Trump revealed as H by Player 3 on trick 6 --
Player 3 plays 10H
Player 0 plays 8H
Player 3 won the hand: 3 points

Player 3 plays 10C
Player 0 plays AH
Player 1 plays 9C
Player 2 plays QS
Player 0 won the hand: 4 points

Player 0 plays QH
Player 1 plays 9S
Player 2 plays 9H
Player 3 plays JC
Player 2 won the hand: 7 points

Game 44 final points: Team A=17, Team B=11
Series cumulative game score so far: Team A=-13, Team B=-4
Log saved to: c:\Users\laksh\Desktop\Projects\28bot\logs\game28\mcts_games\game_44_20250825_112308_460558.log
