
===== GAME 42 (20250822_143455_710819) =====

===== AUCTION =====
Pass (locked): Player 0 (min_allowed=16)
  bidding analysis:
    present_suits: H, C, S
    current_high=0  min_allowed=16  raise_delta=1
    overall: avg=14.44  p30=12.00  std=5.79
    suit_stats:
      C: pts=[13, 18, 22, 5, 9, 15 ...]  avg=14.44  p30=12.00  std=5.79
      H: pts=[]
      S: pts=[]
    failed_checks:
      H: p30 0.00 < 15; conf_mean 0.00 < 15
      C: p30 12.00 < 15; conf_mean 11.54 < 15
      S: p30 0.00 < 15; conf_mean 0.00 < 15
    reason: Pass: No suit meets thresholds. Best suit C has p30=12.00, conf_mean=11.54 below min_allowed=16 (current_high=0, raise_delta=+1). Failed checks for best suit: p30 12.00 < 15, conf_mean 11.54 < 15.
Pass (locked): Player 1 (min_allowed=16)
  bidding analysis:
    present_suits: H, C, S
    current_high=0  min_allowed=16  raise_delta=1
    overall: avg=14.17  p30=8.00  std=5.81
    failed_checks:
      H: p30 8.00 < 15; conf_mean 11.26 < 15
      C: p30 0.00 < 15; conf_mean 0.00 < 15
    reason: Pass: No suit meets thresholds. Best suit H has p30=8.00, conf_mean=11.26 below min_allowed=16 (current_high=0, raise_delta=+1). Failed checks for best suit: p30 8.00 < 15, conf_mean 11.26 < 15.
Pass (locked): Player 2 (min_allowed=16)
  bidding analysis:
    present_suits: C, S
    current_high=0  min_allowed=16  raise_delta=1
    overall: avg=16.06  p30=13.00  std=4.59
    suit_stats:
      C: pts=[11, 15, 7, 13, 21, 11 ...]  avg=16.06  p30=13.00  std=4.59
      S: pts=[]
    failed_checks:
      C: p30 13.00 < 15; conf_mean 13.77 < 15
      S: p30 0.00 < 15; conf_mean 0.00 < 15
    reason: Pass: No suit meets thresholds. Best suit C has p30=13.00, conf_mean=13.77 below min_allowed=16 (current_high=0, raise_delta=+1). Failed checks for best suit: p30 13.00 < 15, conf_mean 13.77 < 15.
Pass (locked): Player 3 (min_allowed=16)
  bidding analysis:
    present_suits: H, D, S
    current_high=0  min_allowed=16  raise_delta=1
    overall: avg=11.50  p30=11.00  std=4.61
    failed_checks:
      H: p30 11.00 < 15; conf_mean 9.20 < 15
      D: p30 0.00 < 15; conf_mean 0.00 < 15
    reason: Pass: No suit meets thresholds. Best suit H has p30=11.00, conf_mean=9.20 below min_allowed=16 (current_high=0, raise_delta=+1). Failed checks for best suit: p30 11.00 < 15, conf_mean 9.20 < 15.
Forced bid: All players passed. Player 0 takes minimum bid 16.

AUCTION WINNER: Player 0 with bid 16; chooses trump C 
Details={'chosen': 'C', 'estimates': {'S': 23.0, 'C': 23.0, 'H': 14.0}}
Player 0 hand :  ['QH', 'AS', 'KC', 'AH', 'KH', 'AD', '8S']
Player 1 hand :  ['JC', '7S', '7H', '10S', '8H', 'KD', 'JD', '8C']
Player 2 hand :  ['9S', '7C', '10C', 'QC', '9D', '9C', 'QS', 'JH']
Player 3 hand :  ['JS', '8D', 'KS', '10H', '7D', 'QD', '10D', '9H']
Player 0 (auction 4 cards): ['AC', 'QH', 'AS', 'KC']
Player 1 (auction 4 cards): ['JC', '7S', '7H', '10S']
Player 2 (auction 4 cards): ['9S', '7C', '10C', 'QC']
Player 3 (auction 4 cards): ['JS', '8D', 'KS', '10H']
Auction winner (bidder): Player 0 with bid 16
Bidder sets concealed trump suit: C
Phase: concealed, bidder concealed card: AC

Player 0 plays QH
Player 1 plays 7H
Player 2 plays JH
Player 3 plays 10H
Player 2 won the hand: 4 points

Player 2 plays 9S
Player 3 plays JS
Player 0 plays AS
Player 1 plays 7S
Player 3 won the hand: 6 points

Player 3 plays 8D
Player 0 plays AD
Player 1 plays KD
Player 2 plays 9D
Player 2 won the hand: 3 points

Player 2 plays 7C
Player 3 plays KS
Player 0 plays KC
Player 1 plays JC
Player 1 won the hand: 3 points

Player 1 plays 10S
Player 2 plays QS
Player 3 plays 7D
Player 0 plays 8S
Player 1 won the hand: 1 points

Player 1 plays 8H
-- Phase 2 begins: Trump revealed as C by Player 2 on trick 6 --
Player 2 plays 10C
Player 3 plays 9H
Player 0 plays AH
Player 2 won the hand: 4 points

Player 2 plays QC
Player 3 plays QD
Player 0 plays AC
Player 1 plays 8C
Player 0 won the hand: 1 points

Player 0 plays KH
Player 1 plays JD
Player 2 plays 9C
Player 3 plays 10D
Player 2 won the hand: 6 points

Game 42 final points: Team A=18, Team B=10
Series cumulative game score so far: Team A=-8, Team B=5
Log saved to: c:\Users\laksh\Desktop\Projects\28bot\logs\game28\mcts_games\game_42_20250822_143455_710819.log
