
===== GAME 4 (20250819_120606_734322) =====
Pass: Player 0 (min_allowed=16) – analysis={'present_suits': ['H', 'D', 'C'], 'suit_to_points': {'H': [0, 10, 17, 0], 'D': [20, 22, 12, 0], 'C': [0, 19, 9, 0]}, 'chosen_suit': 'D', 'avg_points': 13.5, 'p30_points': 0, 'proposed': None, 'current_high': 0}
Pass: Player 1 (min_allowed=16) – analysis={'present_suits': ['D', 'C', 'S'], 'suit_to_points': {'D': [17, 0, 4, 9], 'C': [15, 10, 0, 23], 'S': [0, 4, 7, 0]}, 'chosen_suit': 'C', 'avg_points': 12.0, 'p30_points': 0, 'proposed': None, 'current_high': 0}
Bid: Player 2 proposes 18 (min_allowed=16) – suit_scores={'D': [0, 23, 10, 17], 'C': [17, 0, 13, 24], 'S': [23, 9, 14, 23]} chosen=S p30=9 avg=17.25
Pass: Player 3 (min_allowed=19) – analysis={'present_suits': ['H', 'D', 'C', 'S'], 'suit_to_points': {'H': [15, 20, 19, 0], 'D': [11, 13, 0, 7], 'C': [12, 17, 17, 21], 'S': [17, 0, 0, 22]}, 'chosen_suit': 'C', 'avg_points': 16.75, 'p30_points': 12, 'proposed': None, 'current_high': 18}
Pass: Player 0 (min_allowed=19) – analysis={'present_suits': ['H', 'D', 'C'], 'suit_to_points': {'H': [0, 13, 21, 12], 'D': [18, 16, 25, 14], 'C': [14, 25, 25, 0]}, 'chosen_suit': 'D', 'avg_points': 18.25, 'p30_points': 14, 'proposed': None, 'current_high': 18}
Pass: Player 1 (min_allowed=19) – analysis={'present_suits': ['D', 'C', 'S'], 'suit_to_points': {'D': [4, 14, 15, 5], 'C': [17, 9, 18, 17], 'S': [21, 23, 7, 17]}, 'chosen_suit': 'S', 'avg_points': 17.0, 'p30_points': 7, 'proposed': None, 'current_high': 18}
Auction winner: Player 2 with bid 18; chooses trump S – details={'chosen': 'S', 'estimates': {'D': 9, 'C': 3, 'S': 10}}
Player 0 hand :  ['AD', '9C', '9D', 'QH', '9S', 'QC', 'QS', 'AH']
Player 1 hand :  ['8S', '10C', '8D', 'KC', 'KH', '10H', '8H', '7H']
Player 2 hand :  ['10S', 'JD', '7C', 'KD', 'QD', '10D', 'JC']
Player 3 hand :  ['8C', 'JS', '9H', '7D', '7S', 'JH', 'KS', 'AC']
Player 0 (auction 4 cards): ['AD', '9C', '9D', 'QH']
Player 1 (auction 4 cards): ['8S', '10C', '8D', 'KC']
Player 2 (auction 4 cards): ['10S', 'AS', 'JD', '7C']
Player 3 (auction 4 cards): ['8C', 'JS', '9H', '7D']
Auction winner (bidder): Player 2 with bid 18
Bidder sets concealed trump suit: S
Phase: concealed, bidder concealed card: AS

Player 0 plays AH
Player 1 plays KH
-- Phase 2 begins: Trump revealed as S by Player 2 on trick 1 --
Player 2 plays 10S
Player 3 plays 9H
Player 2 won the hand: 4 points

Player 2 plays JD
Player 3 plays 7D
Player 0 plays AD
Player 1 plays 8D
Player 2 won the hand: 4 points

Player 2 plays 7C
Player 3 plays 8C
Player 0 plays 9C
Player 1 plays 10C
Player 0 won the hand: 3 points

Player 0 plays 9D
Player 1 plays 8S
Player 2 plays KD
Player 3 plays JS
Player 3 won the hand: 5 points

Player 3 plays JH
Player 0 plays QH
Player 1 plays 10H
Player 2 plays AS
Player 2 won the hand: 5 points

Player 2 plays QD
Player 3 plays 7S
Player 0 plays 9S
Player 1 plays KC
Player 0 won the hand: 2 points

Player 0 plays QC
Player 1 plays 8H
Player 2 plays JC
Player 3 plays AC
Player 2 won the hand: 4 points

Player 2 plays 10D
Player 3 plays KS
Player 0 plays QS
Player 1 plays 7H
Player 3 won the hand: 1 points

Game 4 final points: Team A=22, Team B=6
Series cumulative game score so far: Team A=2, Team B=-2
Log saved to: c:\Users\laksh\Desktop\Projects\28bot\logs\game28\mcts_games\game_4_20250819_120606_734322.log
