
===== GAME 64 (20250825_142018_919865) =====

===== AUCTION =====
Pass (locked): Player 0 (min_allowed=16)
  bidding analysis:
    present_suits: H, C, S
    current_high=0  min_allowed=16  raise_delta=1
    overall: avg=11.94  p30=8.00  std=5.56
    suit_stats:
      C: pts=[6, 16, 15, 6, 19, 8 ...]  avg=11.94  p30=8.00  std=5.56
      H: pts=[]
      S: pts=[]
    failed_checks:
      H: p30 0.00 < 15; conf_mean 0.00 < 15
      C: p30 8.00 < 15; conf_mean 9.16 < 15
      S: p30 0.00 < 15; conf_mean 0.00 < 15
    reason: Pass: No suit meets thresholds. Best suit C has p30=8.00, conf_mean=9.16 below min_allowed=16 (current_high=0, raise_delta=+1). Failed checks for best suit: p30 8.00 < 15, conf_mean 9.16 < 15.
Pass (locked): Player 1 (min_allowed=16)
  bidding analysis:
    present_suits: H, C, S
    current_high=0  min_allowed=16  raise_delta=1
    overall: avg=15.75  p30=12.00  std=4.98
    suit_stats:
      S: pts=[11, 16, 24, 6, 16, 11 ...]  avg=15.75  p30=12.00  std=4.98
      H: pts=[]
      C: pts=[]
    failed_checks:
      H: p30 0.00 < 15; conf_mean 0.00 < 15
      C: p30 0.00 < 15; conf_mean 0.00 < 15
      S: p30 12.00 < 15; conf_mean 13.26 < 15
    reason: Pass: No suit meets thresholds. Best suit S has p30=12.00, conf_mean=13.26 below min_allowed=16 (current_high=0, raise_delta=+1). Failed checks for best suit: p30 12.00 < 15, conf_mean 13.26 < 15.
Bid: Player 2 proposes 17 (min_allowed=16)
  bidding analysis:
    present_suits: H, S
    current_high=0  min_allowed=16  raise_delta=1
    chosen_suit: S
    proposed_bid: 17
    overall: avg=18.69  p30=15.00  std=4.82
    suit_stats:
      S: pts=[8, 24, 24, 25, 22, 21 ...]  avg=18.69  p30=15.00  std=4.82
      H: pts=[6]  avg=6.00  p30=6.00  std=0.00
    reason: Bid: Suit S meets thresholds (p30=15.00, conf_mean=16.28 >= min_allowed=16); conservative mapping max(p30, avg-1) -> 17. (current_high=0, raise_delta=+1)
Pass (locked): Player 3 (min_allowed=18)
  bidding analysis:
    present_suits: H, D, S
    current_high=17  min_allowed=18  raise_delta=1
    overall: avg=15.50  p30=12.00  std=3.57
    failed_checks:
      D: p30 12.00 < 17; conf_mean 13.71 < 17
      S: p30 0.00 < 17; conf_mean 0.00 < 17
    reason: Pass: No suit meets thresholds. Best suit D has p30=12.00, conf_mean=13.71 below min_allowed=18 (current_high=17, raise_delta=+1). Failed checks for best suit: p30 12.00 < 17, conf_mean 13.71 < 17.

AUCTION WINNER: Player 2 with bid 17; chooses trump S 
Details={'chosen': 'S', 'estimates': {'S': 27.0, 'H': 22.0}}
Player 0 hand :  ['QH', 'QC', 'AC', 'QS', '8S', 'JC', '8C', '8H']
Player 1 hand :  ['10H', 'KS', '7C', '10S', 'QD', '10C', '7D', 'AD']
Player 2 hand :  ['JS', '7H', 'JH', 'KD', '7S', 'KH', '10D']
Player 3 hand :  ['9H', '8D', 'AH', '9S', 'JD', '9C', 'KC', '9D']
Player 0 (auction 4 cards): ['QH', 'QC', 'AC', 'QS']
Player 1 (auction 4 cards): ['10H', 'KS', '7C', '10S']
Player 2 (auction 4 cards): ['JS', '7H', 'JH', 'AS']
Player 3 (auction 4 cards): ['9H', '8D', 'AH', '9S']
Auction winner (bidder): Player 2 with bid 17
Bidder sets concealed trump suit: S
Phase: concealed, bidder concealed card: AS

Player 0 plays QH
Player 1 plays 10H
Player 2 plays 7H
Player 3 plays 9H
Player 3 won the hand: 3 points

Player 3 plays 8D
Player 0 plays QC
Player 1 plays QD
Player 2 plays KD
Player 2 won the hand: 0 points

Player 2 plays JH
Player 3 plays AH
Player 0 plays 8H
-- Phase 2 begins: Trump revealed as S by Player 1 on trick 3 --
Player 1 plays KS
Player 1 won the hand: 4 points

Player 1 plays 7C
Player 2 plays JS
Player 3 plays 9C
Player 0 plays AC
Player 2 won the hand: 6 points

Player 2 plays 7S
Player 3 plays 9S
Player 0 plays QS
Player 1 plays 10S
Player 3 won the hand: 3 points

Player 3 plays JD
Player 0 plays 8S
Player 1 plays 7D
Player 2 plays 10D
Player 0 won the hand: 4 points

Player 0 plays JC
Player 1 plays 10C
Player 2 plays KH
Player 3 plays KC
Player 0 won the hand: 4 points

Player 0 plays 8C
Player 1 plays AD
Player 2 plays AS
Player 3 plays 9D
Player 2 won the hand: 4 points

Game 64 final points: Team A=18, Team B=10
Series cumulative game score so far: Team A=-17, Team B=-5
Log saved to: c:\Users\laksh\Desktop\Projects\28bot\logs\game28\mcts_games\game_64_20250825_142018_919865.log
