
===== GAME 50 (20250821_113748_827143) =====

===== AUCTION =====
Pass (locked): Player 0 (min_allowed=16)
  bidding analysis:
    present_suits: H, C, S
    current_high=0  min_allowed=16  raise_delta=1
    overall: avg=9.67  p30=6.00  std=3.04
    failed_checks:
      H: p30 6.00 < 15; conf_mean 8.15 < 15
      C: p30 0.00 < 15; conf_mean 4.19 < 15
    reason: Pass: No suit meets thresholds. Best suit H has p30=6.00, conf_mean=8.15 below min_allowed=16 (current_high=0, raise_delta=+1). Failed checks for best suit: p30 6.00 < 15, conf_mean 8.15 < 15.
Bid: Player 1 proposes 16 (min_allowed=16)
  bidding analysis:
    present_suits: D, S
    current_high=0  min_allowed=16  raise_delta=1
    chosen_suit: D
    proposed_bid: 16
    overall: avg=16.00  p30=16.00  std=0.00
    suit_stats:
      S: pts=[22, 16, 7, 10, 18, 26 ...]  avg=16.75  p30=10.00  std=7.40
      D: pts=[16]  avg=16.00  p30=16.00  std=0.00
    reason: Bid: Suit D meets thresholds (p30=16.00, conf_mean=16.00 >= min_allowed=16); conservative mapping max(p30, avg-1) -> 16. (current_high=0, raise_delta=+1)
Pass (locked): Player 2 (min_allowed=17)
  bidding analysis:
    present_suits: H, D, C
    current_high=16  min_allowed=17  raise_delta=1
    overall: avg=15.38  p30=13.00  std=3.57
    suit_stats:
      D: pts=[18, 17, 14, 17, 11, 13 ...]  avg=15.38  p30=13.00  std=3.57
      H: pts=[]
      C: pts=[]
    failed_checks:
      H: p30 0.00 < 16; conf_mean 0.00 < 16
      D: p30 13.00 < 16; conf_mean 13.59 < 16
      C: p30 0.00 < 16; conf_mean 0.00 < 16
    reason: Pass: No suit meets thresholds. Best suit D has p30=13.00, conf_mean=13.59 below min_allowed=17 (current_high=16, raise_delta=+1). Failed checks for best suit: p30 13.00 < 16, conf_mean 13.59 < 16.
Pass (locked): Player 3 (min_allowed=17)
  bidding analysis:
    present_suits: D, S
    current_high=16  min_allowed=17  raise_delta=1
    overall: avg=15.00  p30=15.00  std=0.00
    suit_stats:
      D: pts=[22, 7, 19, 15, 11, 14 ...]  avg=15.25  p30=14.00  std=4.49
      S: pts=[15]  avg=15.00  p30=15.00  std=0.00
    failed_checks:
      D: p30 14.00 < 16; conf_mean 13.00 < 16
      S: p30 15.00 < 16; conf_mean 15.00 < 16
    reason: Pass: No suit meets thresholds. Best suit S has p30=15.00, conf_mean=15.00 below min_allowed=17 (current_high=16, raise_delta=+1). Failed checks for best suit: p30 15.00 < 16, conf_mean 15.00 < 16.

AUCTION WINNER: Player 1 with bid 16; chooses trump S 
Details={'chosen': 'S', 'estimates': {'D': 12.0, 'S': 13.0}}
Player 0 hand :  ['7S', '10C', '7C', 'QH', 'AC', '7D', 'AH', '9S']
Player 1 hand :  ['10D', 'KD', '10S', '8C', 'JH', 'QC', 'QD']
Player 2 hand :  ['10H', '8D', 'JC', 'AD', 'QS', 'AS', '9H', 'KC']
Player 3 hand :  ['9D', 'JD', '8S', 'KS', '8H', 'KH', '9C', '7H']
Player 0 (auction 4 cards): ['7S', '10C', '7C', 'QH']
Player 1 (auction 4 cards): ['10D', 'KD', '10S', 'JS']
Player 2 (auction 4 cards): ['10H', '8D', 'JC', 'AD']
Player 3 (auction 4 cards): ['9D', 'JD', '8S', 'KS']
Auction winner (bidder): Player 1 with bid 16
Bidder sets concealed trump suit: S
Phase: concealed, bidder concealed card: JS

Player 0 plays 7S
Player 1 plays 10S
Player 2 plays QS
Player 3 plays 8S
Player 1 won the hand: 1 points

Player 1 plays 10D
Player 2 plays 8D
Player 3 plays 9D
Player 0 plays 7D
Player 3 won the hand: 3 points

Player 3 plays JD
Player 0 plays 10C
Player 1 plays KD
Player 2 plays AD
Player 3 won the hand: 5 points

Player 3 plays KS
Player 0 plays 9S
Player 1 plays 8C
Player 2 plays AS
Player 0 won the hand: 3 points

Player 0 plays 7C
Player 1 plays QC
Player 2 plays JC
Player 3 plays 9C
Player 2 won the hand: 5 points

Player 2 plays 10H
Player 3 plays 8H
Player 0 plays QH
Player 1 plays JH
Player 1 won the hand: 4 points

Player 1 plays QD
Player 2 plays 9H
Player 3 plays KH
Player 0 plays AC
Player 1 won the hand: 3 points

Error during gameplay: Current player 1 has no cards but other players do
No cards available, ending game
Game 50 final points: Team A=8, Team B=16
Series cumulative game score so far: Team A=-4, Team B=-16
Log saved to: C:\Users\laksh\Desktop\Projects\28bot\logs\game28\mcts_games\game_50_20250821_113748_827143.log
