
===== GAME 2 (20250819_130255_211817) =====
Pass (locked): Player 0 (min_allowed=16) – analysis={'present_suits': ['H', 'D', 'S'], 'suit_to_points': {'H': [14, 0, 15, 18], 'D': [0, 12, 0, 2], 'S': [26, 10, 17, 7]}, 'chosen_suit': None, 'avg_points': 0.0, 'p30_points': 0.0, 'std_points': 0.0, 'proposed': None, 'current_high': 0, 'min_allowed': 16, 'reason': 'no_suit_meets_thresholds'}
Pass (locked): Player 1 (min_allowed=16) – analysis={'present_suits': ['D', 'C', 'S'], 'suit_to_points': {'D': [0, 13, 15, 15], 'C': [13, 11, 0, 3], 'S': [10, 7, 0, 0]}, 'chosen_suit': None, 'avg_points': 0.0, 'p30_points': 0.0, 'std_points': 0.0, 'proposed': None, 'current_high': 0, 'min_allowed': 16, 'reason': 'no_suit_meets_thresholds'}
Pass (locked): Player 2 (min_allowed=16) – analysis={'present_suits': ['D', 'C'], 'suit_to_points': {'D': [0, 20, 18, 14], 'C': [6, 23, 9, 13]}, 'chosen_suit': None, 'avg_points': 0.0, 'p30_points': 0.0, 'std_points': 0.0, 'proposed': None, 'current_high': 0, 'min_allowed': 16, 'reason': 'no_suit_meets_thresholds'}
Pass (locked): Player 3 (min_allowed=16) – analysis={'present_suits': ['H', 'D', 'C'], 'suit_to_points': {'H': [10, 0, 22, 15], 'D': [0, 10, 11, 0], 'C': [15, 11, 0, 0]}, 'chosen_suit': None, 'avg_points': 0.0, 'p30_points': 0.0, 'std_points': 0.0, 'proposed': None, 'current_high': 0, 'min_allowed': 16, 'reason': 'no_suit_meets_thresholds'}
Forced bid: All players passed. Player 0 takes minimum bid 16.
Auction winner: Player 0 with bid 16; chooses trump H – details={'chosen': 'H', 'estimates': {'H': 10, 'D': 3, 'S': 5}}
Player 0 hand :  ['10S', '8D', '7H', '9C', 'QS', '10H', 'AS']
Player 1 hand :  ['8S', '10D', '9S', '10C', 'KS', 'QC', '7D', 'JS']
Player 2 hand :  ['QD', '9D', '8C', '7C', '7S', 'KC', 'AH', 'KH']
Player 3 hand :  ['JD', 'JC', 'AC', '8H', 'JH', 'QH', 'AD', 'KD']
Player 0 (auction 4 cards): ['10S', '8D', '9H', '7H']
Player 1 (auction 4 cards): ['8S', '10D', '9S', '10C']
Player 2 (auction 4 cards): ['QD', '9D', '8C', '7C']
Player 3 (auction 4 cards): ['JD', 'JC', 'AC', '8H']
Auction winner (bidder): Player 0 with bid 16
Bidder sets concealed trump suit: H
Phase: concealed, bidder concealed card: 9H

Player 0 plays 8D
Player 1 plays 10D
Player 2 plays QD
Player 3 plays JD
Player 2 won the hand: 4 points

Player 2 plays 9D
Player 3 plays AD
-- Phase 2 begins: Trump revealed as H by Player 0 on trick 2 --
Player 0 plays 7H
Player 1 plays 7D
Player 0 won the hand: 3 points

Player 0 plays 9C
Player 1 plays 10C
Player 2 plays KC
Player 3 plays JC
Player 2 won the hand: 6 points

Player 2 plays 8C
Player 3 plays AC
Player 0 plays 10H
Player 1 plays QC
Player 0 won the hand: 2 points

Player 0 plays QS
Player 1 plays 8S
Player 2 plays 7S
Player 3 plays 8H
Player 3 won the hand: 0 points

Player 3 plays KD
Player 0 plays 9H
Player 1 plays 9S
Player 2 plays 7C
Player 0 won the hand: 4 points

Player 0 plays 10S
Player 1 plays KS
Player 2 plays AH
Player 3 plays JH
Player 2 won the hand: 5 points

Player 2 plays KH
Player 3 plays QH
Player 0 plays AS
Player 1 plays JS
Player 2 won the hand: 4 points

Game 2 final points: Team A=28, Team B=0
Series cumulative game score so far: Team A=2, Team B=0
Log saved to: c:\Users\laksh\Desktop\Projects\28bot\logs\game28\mcts_games\game_2_20250819_130255_211817.log
