
===== GAME 60 (20250822_083732_956901) =====

===== AUCTION =====
Pass (locked): Player 0 (min_allowed=16)
  bidding analysis:
    present_suits: H, C, S
    current_high=0  min_allowed=16  raise_delta=1
    overall: avg=13.75  p30=12.00  std=9.01
    failed_checks:
      H: p30 0.00 < 15; conf_mean 0.00 < 15
      C: p30 0.00 < 15; conf_mean 0.00 < 15
      S: p30 12.00 < 15; conf_mean 9.24 < 15
    reason: Pass: No suit meets thresholds. Best suit S has p30=12.00, conf_mean=9.24 below min_allowed=16 (current_high=0, raise_delta=+1). Failed checks for best suit: p30 12.00 < 15, conf_mean 9.24 < 15.
Pass (locked): Player 1 (min_allowed=16)
  bidding analysis:
    present_suits: D, C, S
    current_high=0  min_allowed=16  raise_delta=1
    overall: avg=13.75  p30=13.00  std=5.52
    suit_stats:
      S: pts=[19, 18, 8, 16, 17, 13 ...]  avg=13.75  p30=13.00  std=5.52
      D: pts=[]
      C: pts=[]
    failed_checks:
      D: p30 0.00 < 15; conf_mean 0.00 < 15
      C: p30 0.00 < 15; conf_mean 0.00 < 15
      S: p30 13.00 < 15; conf_mean 10.99 < 15
    reason: Pass: No suit meets thresholds. Best suit S has p30=13.00, conf_mean=10.99 below min_allowed=16 (current_high=0, raise_delta=+1). Failed checks for best suit: p30 13.00 < 15, conf_mean 10.99 < 15.
Pass (locked): Player 2 (min_allowed=16)
  bidding analysis:
    present_suits: H, C, S
    current_high=0  min_allowed=16  raise_delta=1
    overall: avg=13.00  p30=12.00  std=4.58
    failed_checks:
      C: p30 0.00 < 15; conf_mean 0.00 < 15
      S: p30 12.00 < 15; conf_mean 10.71 < 15
    reason: Pass: No suit meets thresholds. Best suit S has p30=12.00, conf_mean=10.71 below min_allowed=16 (current_high=0, raise_delta=+1). Failed checks for best suit: p30 12.00 < 15, conf_mean 10.71 < 15.
Bid: Player 3 proposes 18 (min_allowed=16)
  bidding analysis:
    present_suits: D, C
    current_high=0  min_allowed=16  raise_delta=1
    chosen_suit: D
    proposed_bid: 18
    overall: avg=18.12  p30=18.00  std=4.23
    suit_stats:
      D: pts=[24, 21, 13, 20, 20, 19 ...]  avg=18.12  p30=18.00  std=4.23
      C: pts=[]
    reason: Bid: Suit D meets thresholds (p30=18.00, conf_mean=16.01 >= min_allowed=16); conservative mapping max(p30, avg-1) -> 18. (current_high=0, raise_delta=+1)

AUCTION WINNER: Player 3 with bid 18; chooses trump D 
Details={'chosen': 'D', 'estimates': {'D': 20.0, 'C': 19.0}}
Player 0 hand :  ['AH', '8C', 'AC', 'JS', 'QC', '9H', '8H', '7D']
Player 1 hand :  ['9C', '8D', '8S', '10S', '7H', 'QH', 'QS', 'KD']
Player 2 hand :  ['AS', '7C', 'KS', 'KH', '10H', 'JD', 'JH', '7S']
Player 3 hand :  ['10D', '9D', 'KC', 'JC', '10C', 'AD', '9S']
Player 0 (auction 4 cards): ['AH', '8C', 'AC', 'JS']
Player 1 (auction 4 cards): ['9C', '8D', '8S', '10S']
Player 2 (auction 4 cards): ['AS', '7C', 'KS', 'KH']
Player 3 (auction 4 cards): ['10D', 'QD', '9D', 'KC']
Auction winner (bidder): Player 3 with bid 18
Bidder sets concealed trump suit: D
Phase: concealed, bidder concealed card: QD

Player 0 plays AH
Player 1 plays 7H
Player 2 plays KH
-- Phase 2 begins: Trump revealed as D by Player 3 on trick 1 --
Player 3 plays 10D
Player 3 won the hand: 2 points

Player 3 plays 9D
Player 0 plays 7D
Player 1 plays 8D
Player 2 plays JD
Player 2 won the hand: 5 points

Player 2 plays AS
Player 3 plays 9S
Player 0 plays JS
Player 1 plays 8S
Player 0 won the hand: 6 points

Player 0 plays 8C
Player 1 plays 9C
Player 2 plays 7C
Player 3 plays KC
Player 1 won the hand: 2 points

Player 1 plays 10S
Player 2 plays KS
Player 3 plays JC
Player 0 plays AC
Player 1 won the hand: 5 points

Player 1 plays QH
Player 2 plays 10H
Player 3 plays 10C
Player 0 plays 9H
Player 0 won the hand: 4 points

Player 0 plays QC
Player 1 plays QS
Player 2 plays JH
Player 3 plays AD
Player 3 won the hand: 4 points

Player 3 plays QD
Player 0 plays 8H
Player 1 plays KD
Player 2 plays 7S
Player 1 won the hand: 0 points

Game 60 final points: Team A=15, Team B=13
Series cumulative game score so far: Team A=-7, Team B=-14
Log saved to: c:\Users\laksh\Desktop\Projects\28bot\logs\game28\mcts_games\game_60_20250822_083732_956901.log
