
===== GAME 5 (20250819_121714_005579) =====
Pass: Player 0 (min_allowed=16) – analysis={'present_suits': ['H', 'D', 'S'], 'suit_to_points': {'H': [0, 19, 4, 15], 'D': [0, 15, 10, 0], 'S': [0, 18, 17, 10]}, 'chosen_suit': 'S', 'avg_points': 11.25, 'p30_points': 0, 'proposed': None, 'current_high': 0}
Pass: Player 1 (min_allowed=16) – analysis={'present_suits': ['H', 'C', 'S'], 'suit_to_points': {'H': [0, 12, 14, 12], 'C': [18, 15, 3, 17], 'S': [0, 14, 10, 0]}, 'chosen_suit': 'C', 'avg_points': 13.25, 'p30_points': 3, 'proposed': None, 'current_high': 0}
Bid: Player 2 proposes 17 (min_allowed=16) – suit_scores={'H': [16, 8, 18, 23], 'C': [18, 12, 16, 13], 'S': [11, 10, 25, 0]} chosen=H p30=8 avg=16.25
Pass: Player 3 (min_allowed=18) – analysis={'present_suits': ['H', 'S'], 'suit_to_points': {'H': [0, 19, 10, 24], 'S': [14, 0, 0, 19]}, 'chosen_suit': 'H', 'avg_points': 13.25, 'p30_points': 0, 'proposed': None, 'current_high': 17}
Pass: Player 0 (min_allowed=18) – analysis={'present_suits': ['H', 'D', 'S'], 'suit_to_points': {'H': [15, 15, 17, 0], 'D': [23, 0, 19, 0], 'S': [23, 0, 0, 0]}, 'chosen_suit': 'H', 'avg_points': 11.75, 'p30_points': 0, 'proposed': None, 'current_high': 17}
Pass: Player 1 (min_allowed=18) – analysis={'present_suits': ['H', 'C', 'S'], 'suit_to_points': {'H': [0, 0, 13, 3], 'C': [16, 10, 9, 14], 'S': [14, 12, 20, 14]}, 'chosen_suit': 'S', 'avg_points': 15.0, 'p30_points': 12, 'proposed': None, 'current_high': 17}
Auction winner: Player 2 with bid 17; chooses trump C – details={'chosen': 'C', 'estimates': {'H': 7, 'C': 9, 'S': 8}}
Player 0 hand :  ['JS', '7H', 'AD', 'KS', '8D', '7D', '9D', 'QC']
Player 1 hand :  ['AS', '8C', '8H', '10C', 'JD', 'QS', 'AH', 'KH']
Player 2 hand :  ['10S', '9H', '8S', '10D', 'KC', '9C', 'JH']
Player 3 hand :  ['7S', '9S', '10H', 'QH', 'AC', 'QD', '7C', 'KD']
Player 0 (auction 4 cards): ['JS', '7H', 'AD', 'KS']
Player 1 (auction 4 cards): ['AS', '8C', '8H', '10C']
Player 2 (auction 4 cards): ['JC', '10S', '9H', '8S']
Player 3 (auction 4 cards): ['7S', '9S', '10H', 'QH']
Auction winner (bidder): Player 2 with bid 17
Bidder sets concealed trump suit: C
Phase: concealed, bidder concealed card: JC

Player 0 plays 8D
Player 1 plays JD
Player 2 plays 10D
Player 3 plays QD
Player 1 won the hand: 4 points

Player 1 plays 8H
Player 2 plays 9H
Player 3 plays 10H
Player 0 plays 7H
Player 2 won the hand: 3 points

Player 2 plays 10S
Player 3 plays 7S
Player 0 plays JS
Player 1 plays AS
Player 0 won the hand: 5 points

Player 0 plays AD
-- Phase 2 begins: Trump revealed as C by Player 1 on trick 4 --
Player 1 plays 8C
Player 2 plays 8S
Player 3 plays KD
Player 1 won the hand: 1 points

Player 1 plays 10C
Player 2 plays KC
Player 3 plays AC
Player 0 plays QC
Player 3 won the hand: 2 points

Player 3 plays 9S
Player 0 plays KS
Player 1 plays QS
Player 2 plays 9C
Player 2 won the hand: 4 points

Player 2 plays JH
Player 3 plays QH
Player 0 plays 7D
Player 1 plays AH
Player 2 won the hand: 4 points

Player 2 plays JC
Player 3 plays 7C
Player 0 plays 9D
Player 1 plays KH
Player 2 won the hand: 5 points

Game 5 final points: Team A=21, Team B=7
Series cumulative game score so far: Team A=3, Team B=-2
Log saved to: c:\Users\laksh\Desktop\Projects\28bot\logs\game28\mcts_games\game_5_20250819_121714_005579.log
