
===== GAME 35 (20250820_152231_507994) =====

===== AUCTION =====
Pass (locked): Player 0 (min_allowed=16)
  bidding analysis:
    present_suits: H, D, C, S
    current_high=0  min_allowed=16  raise_delta=1
    overall: avg=10.83  p30=7.00  std=5.84
    suit_stats:
      C: pts=[0, 12, 0, 8, 0, 8]  avg=4.67  p30=0.00  std=4.85
      D: pts=[11, 17, 7, 15, 0, 15]  avg=10.83  p30=7.00  std=5.84
      H: pts=[0, 4, 19, 10, 20, 0]  avg=8.83  p30=0.00  std=8.25
      S: pts=[8, 15, 6, 0, 15, 18]  avg=10.33  p30=6.00  std=6.24
    failed_checks:
      H: p30 0.00 < 15; conf_mean 4.71 < 15
      D: p30 7.00 < 15; conf_mean 7.91 < 15
      C: p30 0.00 < 15; conf_mean 2.24 < 15
      S: p30 6.00 < 15; conf_mean 7.22 < 15
    reason: Pass: No suit meets thresholds. Best suit D has p30=7.00, conf_mean=7.91 below min_allowed=16 (current_high=0, raise_delta=+1). Failed checks for best suit: p30 7.00 < 15, conf_mean 7.91 < 15.
Pass (locked): Player 1 (min_allowed=16)
  bidding analysis:
    present_suits: D, C, S
    current_high=0  min_allowed=16  raise_delta=1
    overall: avg=11.50  p30=6.00  std=9.21
    suit_stats:
      C: pts=[6, 16, 0, 24]  avg=11.50  p30=6.00  std=9.21
      D: pts=[]
      S: pts=[]
    failed_checks:
      D: p30 0.00 < 15; conf_mean 0.00 < 15
      C: p30 6.00 < 15; conf_mean 6.90 < 15
      S: p30 0.00 < 15; conf_mean 0.00 < 15
    reason: Pass: No suit meets thresholds. Best suit C has p30=6.00, conf_mean=6.90 below min_allowed=16 (current_high=0, raise_delta=+1). Failed checks for best suit: p30 6.00 < 15, conf_mean 6.90 < 15.
Pass (locked): Player 2 (min_allowed=16)
  bidding analysis:
    present_suits: H, D, C
    current_high=0  min_allowed=16  raise_delta=1
    overall: avg=8.50  p30=6.00  std=5.89
    suit_stats:
      H: pts=[6, 14, 14, 0]  avg=8.50  p30=6.00  std=5.89
      D: pts=[]
      C: pts=[]
    failed_checks:
      H: p30 6.00 < 15; conf_mean 5.55 < 15
      D: p30 0.00 < 15; conf_mean 0.00 < 15
      C: p30 0.00 < 15; conf_mean 0.00 < 15
    reason: Pass: No suit meets thresholds. Best suit H has p30=6.00, conf_mean=5.55 below min_allowed=16 (current_high=0, raise_delta=+1). Failed checks for best suit: p30 6.00 < 15, conf_mean 5.55 < 15.
Bid: Player 3 proposes 21 (min_allowed=16)
  bidding analysis:
    present_suits: D, C, S
    current_high=0  min_allowed=16  raise_delta=1
    chosen_suit: S
    proposed_bid: 21
    overall: avg=22.75  p30=20.00  std=3.56
    suit_stats:
      S: pts=[24, 19, 28, 20]  avg=22.75  p30=20.00  std=3.56
      D: pts=[]
      C: pts=[]
    reason: Bid: Suit S meets thresholds (p30=20.00, conf_mean=20.97 >= min_allowed=16); conservative mapping max(p30, avg-1) -> 21. (current_high=0, raise_delta=+1)

AUCTION WINNER: Player 3 with bid 21; chooses trump S 
Details={'chosen': 'S', 'estimates': {'C': 11.5, 'D': 10.0, 'S': 13.666666666666666}}
Player 0 hand :  ['JC', 'QD', '7H', 'QS', 'QC', 'KD', '7D', 'AH']
Player 1 hand :  ['JD', '9C', 'KC', '8S', '8H', 'JH', 'KH', '10D']
Player 2 hand :  ['QH', 'AC', '9D', '9H', 'KS', '8C', '10H', 'JS']
Player 3 hand :  ['10S', '7C', 'AD', '8D', '9S', '10C', '7S']
Player 0 (auction 4 cards): ['JC', 'QD', '7H', 'QS']
Player 1 (auction 4 cards): ['JD', '9C', 'KC', '8S']
Player 2 (auction 4 cards): ['QH', 'AC', '9D', '9H']
Player 3 (auction 4 cards): ['10S', '7C', 'AD', 'AS']
Auction winner (bidder): Player 3 with bid 21
Bidder sets concealed trump suit: S
Phase: concealed, bidder concealed card: AS

Player 0 plays JC
Player 1 plays 9C
Player 2 plays AC
Player 3 plays 7C
Player 0 won the hand: 6 points

Player 0 plays QD
Player 1 plays JD
Player 2 plays 9D
Player 3 plays AD
Player 1 won the hand: 6 points

Player 1 plays KC
Player 2 plays 8C
Player 3 plays 10C
Player 0 plays QC
Player 3 won the hand: 1 points

Player 3 plays 8D
Player 0 plays KD
Player 1 plays 10D
Player 2 plays QH
Player 1 won the hand: 1 points

Player 1 plays 8S
Player 2 plays KS
Player 3 plays 10S
Player 0 plays QS
Player 3 won the hand: 1 points

Player 3 plays 9S
Player 0 plays 7H
Player 1 plays 8H
Player 2 plays JS
Player 2 won the hand: 5 points

Player 2 plays 9H
-- Phase 2 begins: Trump revealed as S by Player 3 on trick 7 --
Player 3 plays 7S
Player 0 plays AH
Player 1 plays JH
Player 3 won the hand: 6 points

Player 3 plays AS
Player 0 plays 7D
Player 1 plays KH
Player 2 plays 10H
Player 3 won the hand: 2 points

Game 35 final points: Team A=11, Team B=17
Series cumulative game score so far: Team A=-1, Team B=-5
Log saved to: c:\Users\laksh\Desktop\Projects\28bot\logs\game28\mcts_games\game_35_20250820_152231_507994.log
