
===== GAME 81 (20250822_164150_089877) =====

===== AUCTION =====
Bid: Player 0 proposes 28 (min_allowed=16)
  bidding analysis:
    present_suits: H, D, C, S
    current_high=0  min_allowed=16  raise_delta=1
    chosen_suit: D
    proposed_bid: 28
    overall: avg=28.00  p30=28.00  std=0.00
    suit_stats:
      D: pts=[28]  avg=28.00  p30=28.00  std=0.00
      H: pts=[26]  avg=26.00  p30=26.00  std=0.00
      C: pts=[14]  avg=14.00  p30=14.00  std=0.00
      S: pts=[18]  avg=18.00  p30=18.00  std=0.00
    reason: Bid: Suit D meets thresholds (p30=28.00, conf_mean=28.00 >= min_allowed=16); conservative mapping max(p30, avg-1) -> 28. (current_high=0, raise_delta=+1)
Pass (locked): Player 1 (min_allowed=29)
  bidding analysis:
    present_suits: H, S
    current_high=28  min_allowed=29  raise_delta=1
    overall: avg=13.00  p30=13.00  std=0.00
    suit_stats:
      H: pts=[12, 16, 6, 9, 11, 18 ...]  avg=14.56  p30=9.00  std=5.36
      S: pts=[13]  avg=13.00  p30=13.00  std=0.00
    failed_checks:
      H: p30 9.00 < 28; conf_mean 11.88 < 28
      S: p30 13.00 < 28; conf_mean 13.00 < 28
    reason: Pass: No suit meets thresholds. Best suit S has p30=13.00, conf_mean=13.00 below min_allowed=29 (current_high=28, raise_delta=+1). Failed checks for best suit: p30 13.00 < 28, conf_mean 13.00 < 28.
Pass (locked): Player 2 (min_allowed=29)
  bidding analysis:
    present_suits: H, D, C
    current_high=28  min_allowed=29  raise_delta=1
    overall: avg=8.25  p30=2.00  std=7.69
    failed_checks:
      H: p30 2.00 < 28; conf_mean 4.40 < 28
      C: p30 0.00 < 28; conf_mean 0.00 < 28
    reason: Pass: No suit meets thresholds. Best suit H has p30=2.00, conf_mean=4.40 below min_allowed=29 (current_high=28, raise_delta=+1). Failed checks for best suit: p30 2.00 < 28, conf_mean 4.40 < 28.
Pass (locked): Player 3 (min_allowed=29)
  bidding analysis:
    present_suits: H, C, S
    current_high=28  min_allowed=29  raise_delta=1
    overall: avg=12.62  p30=9.00  std=5.24
    suit_stats:
      S: pts=[16, 9, 8, 17, 5, 18 ...]  avg=12.62  p30=9.00  std=5.24
      H: pts=[]
      C: pts=[]
    failed_checks:
      H: p30 0.00 < 28; conf_mean 0.00 < 28
      C: p30 0.00 < 28; conf_mean 0.00 < 28
      S: p30 9.00 < 28; conf_mean 10.00 < 28
    reason: Pass: No suit meets thresholds. Best suit S has p30=9.00, conf_mean=10.00 below min_allowed=29 (current_high=28, raise_delta=+1). Failed checks for best suit: p30 9.00 < 28, conf_mean 10.00 < 28.

AUCTION WINNER: Player 0 with bid 28; chooses trump S 
Details={'chosen': 'S', 'estimates': {'S': 26.0, 'D': 25.0, 'H': 21.0, 'C': 24.0}}
Player 0 hand :  ['JD', 'JC', 'JH', '7D', '7S', '8H', 'QC']
Player 1 hand :  ['AH', '9S', 'QS', 'KH', 'AS', 'AD', '9H', '10C']
Player 2 hand :  ['10H', '8C', 'QD', 'KD', 'KC', 'QH', '8D', '9D']
Player 3 hand :  ['7H', '10S', 'KS', 'AC', '8S', '7C', '10D', '9C']
Player 0 (auction 4 cards): ['JD', 'JC', 'JH', 'JS']
Player 1 (auction 4 cards): ['AH', '9S', 'QS', 'KH']
Player 2 (auction 4 cards): ['10H', '8C', 'QD', 'KD']
Player 3 (auction 4 cards): ['7H', '10S', 'KS', 'AC']
Auction winner (bidder): Player 0 with bid 28
Bidder sets concealed trump suit: S
Phase: concealed, bidder concealed card: JS

Player 0 plays JD
Player 1 plays AD
Player 2 plays QD
Player 3 plays 10D
Player 0 won the hand: 5 points

Player 0 plays JC
Player 1 plays 10C
Player 2 plays 8C
Player 3 plays AC
Player 0 won the hand: 5 points

Player 0 plays JH
Player 1 plays AH
Player 2 plays 10H
Player 3 plays 7H
Player 0 won the hand: 5 points

Player 0 plays 7D
-- Phase 2 begins: Trump revealed as S by Player 1 on trick 4 --
Player 1 plays 9S
Player 2 plays KD
Player 3 plays 10S
Player 1 won the hand: 3 points

Player 1 plays QS
Player 2 plays KC
Player 3 plays KS
Player 0 plays 7S
Player 3 won the hand: 0 points

Player 3 plays 8S
Player 0 plays JS
Player 1 plays AS
Player 2 plays QH
Player 0 won the hand: 4 points

Player 0 plays 8H
Player 1 plays KH
Player 2 plays 8D
Player 3 plays 7C
Player 1 won the hand: 0 points

Player 1 plays 9H
Player 2 plays 9D
Player 3 plays 9C
Player 0 plays QC
Player 1 won the hand: 6 points

Game 81 final points: Team A=19, Team B=9
Series cumulative game score so far: Team A=-7, Team B=-1
Log saved to: c:\Users\laksh\Desktop\Projects\28bot\logs\game28\mcts_games\game_81_20250822_164150_089877.log
