
===== GAME 6 (20250819_133945_207308) =====

===== AUCTION =====
Pass (locked): Player 0 (min_allowed=16)
  bidding analysis:
    present_suits: H, C, S
    current_high=0  min_allowed=16  raise_delta=1
    overall: avg=8.00  p30=7.00  std=5.15
    suit_stats:
      H: pts=[0, 0, 12, 8]  avg=5.00  p30=0.00  std=5.20
      C: pts=[15, 0, 10, 0]  avg=6.25  p30=0.00  std=6.50
      S: pts=[12, 0, 13, 7]  avg=8.00  p30=7.00  std=5.15
    failed_checks:
      H: p30 0.00 < 15; conf_mean 2.40 < 15
      C: p30 0.00 < 15; conf_mean 3.00 < 15
      S: p30 7.00 < 15; conf_mean 5.43 < 15
    reason: Pass: No suit meets thresholds. Best suit S has p30=7.00, conf_mean=5.43 below min_allowed=16 (current_high=0, raise_delta=+1). Failed checks for best suit: p30 7.00 < 15, conf_mean 5.43 < 15.
Pass (locked): Player 1 (min_allowed=16)
  bidding analysis:
    present_suits: H, D, C, S
    current_high=0  min_allowed=16  raise_delta=1
    overall: avg=14.25  p30=13.00  std=3.56
    suit_stats:
      H: pts=[9, 13, 0, 0]  avg=5.50  p30=0.00  std=5.68
      D: pts=[13, 23, 13, 0]  avg=12.25  p30=13.00  std=8.17
      C: pts=[17, 18, 13, 9]  avg=14.25  p30=13.00  std=3.56
      S: pts=[0, 12, 7, 0]  avg=4.75  p30=0.00  std=5.07
    failed_checks:
      H: p30 0.00 < 15; conf_mean 2.66 < 15
      D: p30 13.00 < 15; conf_mean 8.17 < 15
      C: p30 13.00 < 15; conf_mean 12.47 < 15
      S: p30 0.00 < 15; conf_mean 2.22 < 15
    reason: Pass: No suit meets thresholds. Best suit C has p30=13.00, conf_mean=12.47 below min_allowed=16 (current_high=0, raise_delta=+1). Failed checks for best suit: p30 13.00 < 15, conf_mean 12.47 < 15.
Pass (locked): Player 2 (min_allowed=16)
  bidding analysis:
    present_suits: H, D, C
    current_high=0  min_allowed=16  raise_delta=1
    overall: avg=13.75  p30=13.00  std=8.70
    suit_stats:
      H: pts=[24, 0, 19, 0]  avg=10.75  p30=0.00  std=10.89
      D: pts=[13, 0, 19, 23]  avg=13.75  p30=13.00  std=8.70
      C: pts=[16, 0, 7, 20]  avg=10.75  p30=7.00  std=7.79
    failed_checks:
      H: p30 0.00 < 15; conf_mean 5.30 < 15
      D: p30 13.00 < 15; conf_mean 9.40 < 15
      C: p30 7.00 < 15; conf_mean 6.85 < 15
    reason: Pass: No suit meets thresholds. Best suit D has p30=13.00, conf_mean=9.40 below min_allowed=16 (current_high=0, raise_delta=+1). Failed checks for best suit: p30 13.00 < 15, conf_mean 9.40 < 15.
Pass (locked): Player 3 (min_allowed=16)
  bidding analysis:
    present_suits: H, D, S
    current_high=0  min_allowed=16  raise_delta=1
    overall: avg=12.00  p30=13.00  std=7.18
    suit_stats:
      H: pts=[13, 17, 18, 0]  avg=12.00  p30=13.00  std=7.18
      D: pts=[25, 15, 0, 8]  avg=12.00  p30=8.00  std=9.19
      S: pts=[0, 0, 13, 28]  avg=10.25  p30=0.00  std=11.54
    failed_checks:
      H: p30 13.00 < 15; conf_mean 8.41 < 15
      D: p30 8.00 < 15; conf_mean 7.40 < 15
      S: p30 0.00 < 15; conf_mean 4.48 < 15
    reason: Pass: No suit meets thresholds. Best suit H has p30=13.00, conf_mean=8.41 below min_allowed=16 (current_high=0, raise_delta=+1). Failed checks for best suit: p30 13.00 < 15, conf_mean 8.41 < 15.
Forced bid: All players passed. Player 0 takes minimum bid 16.

AUCTION WINNER: Player 0 with bid 16; chooses trump C 
Details={'chosen': 'C', 'estimates': {'H': 3, 'C': 8, 'S': 3}}
Player 0 hand :  ['KC', 'KH', 'KS', '7H', 'AH', '7S', '7D']
Player 1 hand :  ['10H', 'JD', 'AS', '7C', 'QS', '9D', 'AD', '10C']
Player 2 hand :  ['QC', 'QH', 'JC', 'QD', '10S', '9H', '8H', '8C']
Player 3 hand :  ['JH', 'JS', '8D', 'KD', '10D', '9C', '8S', '9S']
Player 0 (auction 4 cards): ['KC', 'AC', 'KH', 'KS']
Player 1 (auction 4 cards): ['10H', 'JD', 'AS', '7C']
Player 2 (auction 4 cards): ['QC', 'QH', 'JC', 'QD']
Player 3 (auction 4 cards): ['JH', 'JS', '8D', 'KD']
Auction winner (bidder): Player 0 with bid 16
Bidder sets concealed trump suit: C
Phase: concealed, bidder concealed card: AC

Player 0 plays KS
Player 1 plays AS
Player 2 plays 10S
Player 3 plays 8S
Player 1 won the hand: 2 points

Player 1 plays AD
Player 2 plays QD
Player 3 plays 8D
Player 0 plays 7D
Player 1 won the hand: 1 points

Player 1 plays 10H
Player 2 plays QH
Player 3 plays JH
Player 0 plays KH
Player 3 won the hand: 4 points

Player 3 plays JS
Player 0 plays 7S
Player 1 plays QS
-- Phase 2 begins: Trump revealed as C by Player 2 on trick 4 --
Player 2 plays QC
Player 2 won the hand: 3 points

Player 2 plays JC
Player 3 plays 9C
Player 0 plays KC
Player 1 plays 7C
Player 2 won the hand: 5 points

Player 2 plays 8C
Player 3 plays KD
Player 0 plays AC
Player 1 plays 10C
Player 0 won the hand: 2 points

Player 0 plays 7H
Player 1 plays JD
Player 2 plays 9H
Player 3 plays 10D
Player 2 won the hand: 6 points

Player 2 plays 8H
Player 3 plays 9S
Player 0 plays AH
Player 1 plays 9D
Player 0 won the hand: 5 points

Game 6 final points: Team A=21, Team B=7
Series cumulative game score so far: Team A=6, Team B=0
Log saved to: c:\Users\laksh\Desktop\Projects\28bot\logs\game28\mcts_games\game_6_20250819_133945_207308.log
