
===== GAME 97 (20250822_170852_407947) =====

===== AUCTION =====
Bid: Player 0 proposes 16 (min_allowed=16)
  bidding analysis:
    present_suits: H, D, S
    current_high=0  min_allowed=16  raise_delta=1
    chosen_suit: S
    proposed_bid: 16
    overall: avg=17.50  p30=16.00  std=2.69
    reason: Bid (precomputed): Suit S meets thresholds (p30=16.00, conf_mean=16.15 >= min_allowed=16); conservative mapping max(p30, avg-1) -> 16. (current_high=0, raise_delta=+1)
Pass (locked): Player 1 (min_allowed=17)
  bidding analysis:
    present_suits: H, D, C
    current_high=16  min_allowed=17  raise_delta=1
    overall: avg=12.44  p30=10.00  std=4.43
    suit_stats:
      C: pts=[6, 17, 11, 15, 10, 8 ...]  avg=12.44  p30=10.00  std=4.43
      H: pts=[]
      D: pts=[]
    failed_checks:
      H: p30 0.00 < 16; conf_mean 0.00 < 16
      D: p30 0.00 < 16; conf_mean 0.00 < 16
      C: p30 10.00 < 16; conf_mean 10.22 < 16
    reason: Pass: No suit meets thresholds. Best suit C has p30=10.00, conf_mean=10.22 below min_allowed=17 (current_high=16, raise_delta=+1). Failed checks for best suit: p30 10.00 < 16, conf_mean 10.22 < 16.
Pass (locked): Player 2 (min_allowed=17)
  bidding analysis:
    present_suits: D, C
    current_high=16  min_allowed=17  raise_delta=1
    overall: avg=17.50  p30=14.00  std=4.92
    suit_stats:
      C: pts=[17, 23, 26, 18, 16, 23 ...]  avg=17.50  p30=14.00  std=4.92
      D: pts=[]
    failed_checks:
      D: p30 0.00 < 16; conf_mean 0.00 < 16
      C: p30 14.00 < 16; conf_mean 15.04 < 16
    reason: Pass: No suit meets thresholds. Best suit C has p30=14.00, conf_mean=15.04 below min_allowed=17 (current_high=16, raise_delta=+1). Failed checks for best suit: p30 14.00 < 16, conf_mean 15.04 < 16.
Pass (locked): Player 3 (min_allowed=17)
  bidding analysis:
    present_suits: H, D
    current_high=16  min_allowed=17  raise_delta=1
    overall: avg=14.69  p30=12.00  std=5.06
    suit_stats:
      D: pts=[17, 14, 18, 20, 4, 23 ...]  avg=14.69  p30=12.00  std=5.06
      H: pts=[]
    failed_checks:
      H: p30 0.00 < 16; conf_mean 0.00 < 16
      D: p30 12.00 < 16; conf_mean 12.16 < 16
    reason: Pass: No suit meets thresholds. Best suit D has p30=12.00, conf_mean=12.16 below min_allowed=17 (current_high=16, raise_delta=+1). Failed checks for best suit: p30 12.00 < 16, conf_mean 12.16 < 16.

AUCTION WINNER: Player 0 with bid 16; chooses trump D 
Details={'chosen': 'D', 'estimates': {'H': 0.0, 'S': 17.5, 'D': 21.5}}
Player 0 hand :  ['JD', 'QS', 'JH', 'AS', 'QH', 'KS', 'KH']
Player 1 hand :  ['QC', 'KC', '8D', '8H', '9C', '10H', '10S', '9D']
Player 2 hand :  ['10D', 'JC', '10C', '8C', '8S', 'AC', 'JS', '9H']
Player 3 hand :  ['7D', 'KD', '7H', 'AD', '7C', 'AH', '7S', '9S']
Player 0 (auction 4 cards): ['JD', 'QD', 'QS', 'JH']
Player 1 (auction 4 cards): ['QC', 'KC', '8D', '8H']
Player 2 (auction 4 cards): ['10D', 'JC', '10C', '8C']
Player 3 (auction 4 cards): ['7D', 'KD', '7H', 'AD']
Auction winner (bidder): Player 0 with bid 16
Bidder sets concealed trump suit: D
Phase: concealed, bidder concealed card: QD

Player 0 plays QS
Player 1 plays 10S
Player 2 plays 8S
Player 3 plays 7S
Player 1 won the hand: 1 points

Player 1 plays QC
Player 2 plays JC
Player 3 plays 7C
-- Phase 2 begins: Trump revealed as D by Player 0 on trick 2 --
Player 0 plays JD
Player 0 won the hand: 6 points

Player 0 plays JH
Player 1 plays 8H
Player 2 plays 9H
Player 3 plays 7H
Player 0 won the hand: 5 points

Player 0 plays AS
Player 1 plays KC
Player 2 plays JS
Player 3 plays 9S
Player 2 won the hand: 6 points

Player 2 plays 10D
Player 3 plays 7D
Player 0 plays QD
Player 1 plays 8D
Player 2 won the hand: 1 points

Player 2 plays 10C
Player 3 plays KD
Player 0 plays QH
Player 1 plays 9C
Player 3 won the hand: 3 points

Player 3 plays AD
Player 0 plays KS
Player 1 plays 9D
Player 2 plays 8C
Player 1 won the hand: 3 points

Player 1 plays 10H
Player 2 plays AC
Player 3 plays AH
Player 0 plays KH
Player 3 won the hand: 3 points

Game 97 final points: Team A=18, Team B=10
Series cumulative game score so far: Team A=-8, Team B=0
Log saved to: c:\Users\laksh\Desktop\Projects\28bot\logs\game28\mcts_games\game_97_20250822_170852_407947.log
