
===== GAME 91 (20250825_170349_939556) =====

===== AUCTION =====
Pass (locked): Player 0 (min_allowed=16)
  bidding analysis:
    present_suits: H, D, C
    current_high=0  min_allowed=16  raise_delta=1
    overall: avg=17.00  p30=12.00  std=5.81
    suit_stats:
      H: pts=[16, 10, 21, 9, 17, 17 ...]  avg=17.00  p30=12.00  std=5.81
      D: pts=[]
      C: pts=[]
    failed_checks:
      H: p30 12.00 < 15; conf_mean 14.10 < 15
      D: p30 0.00 < 15; conf_mean 0.00 < 15
      C: p30 0.00 < 15; conf_mean 0.00 < 15
    reason: Pass: No suit meets thresholds. Best suit H has p30=12.00, conf_mean=14.10 below min_allowed=16 (current_high=0, raise_delta=+1). Failed checks for best suit: p30 12.00 < 15, conf_mean 14.10 < 15.
Pass (locked): Player 1 (min_allowed=16)
  bidding analysis:
    present_suits: H, D, C
    current_high=0  min_allowed=16  raise_delta=1
    overall: avg=17.69  p30=15.00  std=5.82
    suit_stats:
      D: pts=[21, 6, 20, 17, 15, 25 ...]  avg=17.69  p30=15.00  std=5.82
      H: pts=[]
      C: pts=[]
    failed_checks:
      H: p30 0.00 < 15; conf_mean 0.00 < 15
      D: conf_mean 14.78 < 15
      C: p30 0.00 < 15; conf_mean 0.00 < 15
    reason: Pass: No suit meets thresholds. Best suit D has p30=15.00, conf_mean=14.78 below min_allowed=16 (current_high=0, raise_delta=+1). Failed checks for best suit: conf_mean 14.78 < 15.
Pass (locked): Player 2 (min_allowed=16)
  bidding analysis:
    present_suits: H, C, S
    current_high=0  min_allowed=16  raise_delta=1
    overall: avg=11.00  p30=5.00  std=6.61
    failed_checks:
      H: p30 5.00 < 15; conf_mean 7.70 < 15
      C: p30 5.00 < 15; conf_mean 5.72 < 15
    reason: Pass: No suit meets thresholds. Best suit H has p30=5.00, conf_mean=7.70 below min_allowed=16 (current_high=0, raise_delta=+1). Failed checks for best suit: p30 5.00 < 15, conf_mean 7.70 < 15.
Pass (locked): Player 3 (min_allowed=16)
  bidding analysis:
    present_suits: H, D, S
    current_high=0  min_allowed=16  raise_delta=1
    overall: avg=16.06  p30=12.00  std=5.93
    suit_stats:
      D: pts=[16, 8, 26, 22, 24, 24 ...]  avg=16.06  p30=12.00  std=5.93
      H: pts=[]
      S: pts=[]
    failed_checks:
      H: p30 0.00 < 15; conf_mean 0.00 < 15
      D: p30 12.00 < 15; conf_mean 13.10 < 15
      S: p30 0.00 < 15; conf_mean 0.00 < 15
    reason: Pass: No suit meets thresholds. Best suit D has p30=12.00, conf_mean=13.10 below min_allowed=16 (current_high=0, raise_delta=+1). Failed checks for best suit: p30 12.00 < 15, conf_mean 13.10 < 15.
Forced bid: All players passed. Player 0 takes minimum bid 16.

AUCTION WINNER: Player 0 with bid 16; chooses trump H 
Details={'chosen': 'H', 'estimates': {'H': 22.0, 'D': 2.0, 'C': 17.0}}
Player 0 hand :  ['8H', 'QD', 'AC', 'JS', '8C', '8D', '9S']
Player 1 hand :  ['KC', 'JD', '10D', 'AH', '9D', 'KH', 'QC', '8S']
Player 2 hand :  ['9C', '7H', '7S', 'QS', 'KS', 'JC', '10S', '10H']
Player 3 hand :  ['KD', 'JH', 'AS', 'AD', 'QH', '10C', '7D', '7C']
Player 0 (auction 4 cards): ['8H', 'QD', 'AC', '9H']
Player 1 (auction 4 cards): ['KC', 'JD', '10D', 'AH']
Player 2 (auction 4 cards): ['9C', '7H', '7S', 'QS']
Player 3 (auction 4 cards): ['KD', 'JH', 'AS', 'AD']
Auction winner (bidder): Player 0 with bid 16
Bidder sets concealed trump suit: H
Phase: concealed, bidder concealed card: 9H

Player 0 plays QD
Player 1 plays JD
Player 2 plays 9C
Player 3 plays KD
Player 1 won the hand: 5 points

Player 1 plays KC
Player 2 plays JC
Player 3 plays 10C
Player 0 plays AC
Player 2 won the hand: 5 points

Player 2 plays 7H
Player 3 plays JH
Player 0 plays 8H
Player 1 plays AH
Player 3 won the hand: 4 points

Player 3 plays AS
Player 0 plays JS
Player 1 plays 8S
Player 2 plays 7S
Player 0 won the hand: 4 points

Player 0 plays 8C
Player 1 plays QC
Player 2 plays QS
Player 3 plays 7C
Player 1 won the hand: 0 points

Player 1 plays 10D
Player 2 plays KS
Player 3 plays AD
Player 0 plays 8D
Player 3 won the hand: 2 points

Player 3 plays QH
Player 0 plays 9S
Player 1 plays KH
Player 2 plays 10H
Player 2 won the hand: 3 points

Player 2 plays 10S
Player 3 plays 7D
Error during gameplay: Current player 0 has no cards but other players do
No cards available, ending game
Game 91 final points: Team A=12, Team B=11
Series cumulative game score so far: Team A=-18, Team B=-14
Log saved to: c:\Users\laksh\Desktop\Projects\28bot\logs\game28\mcts_games\game_91_20250825_170349_939556.log
