
===== GAME 7 (20250819_123225_916395) =====
Bid: Player 0 proposes 19 (min_allowed=16) – suit_scores={'H': [17, 2, 21, 4], 'D': [13, 25, 23, 13]} chosen=D p30=13 avg=18.5
Pass: Player 1 (min_allowed=20) – analysis={'present_suits': ['H', 'D', 'C'], 'suit_to_points': {'H': [20, 13, 16, 4], 'D': [10, 12, 11, 20], 'C': [15, 1, 22, 9]}, 'chosen_suit': 'H', 'avg_points': 13.25, 'p30_points': 4, 'proposed': None, 'current_high': 19}
Pass: Player 2 (min_allowed=20) – analysis={'present_suits': ['D', 'C', 'S'], 'suit_to_points': {'D': [19, 8, 14, 16], 'C': [7, 15, 0, 15], 'S': [20, 15, 15, 12]}, 'chosen_suit': 'S', 'avg_points': 15.5, 'p30_points': 12, 'proposed': None, 'current_high': 19}
Pass: Player 3 (min_allowed=20) – analysis={'present_suits': ['H', 'C', 'S'], 'suit_to_points': {'H': [0, 13, 14, 0], 'C': [22, 11, 16, 9], 'S': [6, 17, 17, 0]}, 'chosen_suit': 'C', 'avg_points': 14.5, 'p30_points': 9, 'proposed': None, 'current_high': 19}
Auction winner: Player 0 with bid 19; chooses trump D – details={'chosen': 'D', 'estimates': {'H': 3, 'D': 13}}
Player 0 hand :  ['8D', 'KH', '7D', 'AH', '8C', 'KC', 'KS']
Player 1 hand :  ['10H', '9C', 'KD', 'AD', 'QH', '7H', 'AC', '9S']
Player 2 hand :  ['AS', 'JC', 'QD', 'QS', '7C', '8H', '8S', '10C']
Player 3 hand :  ['QC', '9H', '10S', 'JH', '10D', '7S', 'JD', 'JS']
Player 0 (auction 4 cards): ['8D', 'KH', '9D', '7D']
Player 1 (auction 4 cards): ['10H', '9C', 'KD', 'AD']
Player 2 (auction 4 cards): ['AS', 'JC', 'QD', 'QS']
Player 3 (auction 4 cards): ['QC', '9H', '10S', 'JH']
Auction winner (bidder): Player 0 with bid 19
Bidder sets concealed trump suit: D
Phase: concealed, bidder concealed card: 9D

Player 0 plays KH
Player 1 plays 10H
Player 2 plays 8H
Player 3 plays 9H
Player 3 won the hand: 3 points

Player 3 plays JH
Player 0 plays AH
Player 1 plays QH
-- Phase 2 begins: Trump revealed as D by Player 2 on trick 2 --
Player 2 plays QD
Player 2 won the hand: 4 points

Player 2 plays QS
Player 3 plays 10S
Player 0 plays KS
Player 1 plays 9S
Player 1 won the hand: 3 points

Player 1 plays 9C
Player 2 plays JC
Player 3 plays QC
Player 0 plays 8C
Player 2 won the hand: 5 points

Player 2 plays AS
Player 3 plays JS
Player 0 plays 9D
Player 1 plays KD
Player 0 won the hand: 6 points

Player 0 plays 8D
Player 1 plays AD
Player 2 plays 7C
Player 3 plays 10D
Player 1 won the hand: 2 points

Player 1 plays 7H
Player 2 plays 8S
Player 3 plays 7S
Player 0 plays 7D
Player 0 won the hand: 0 points

Player 0 plays KC
Player 1 plays AC
Player 2 plays 10C
Player 3 plays JD
Player 3 won the hand: 5 points

Game 7 final points: Team A=15, Team B=13
Series cumulative game score so far: Team A=1, Team B=-2
Log saved to: c:\Users\laksh\Desktop\Projects\28bot\logs\game28\mcts_games\game_7_20250819_123225_916395.log
