
===== GAME 4 (20250821_093818_455087) =====

===== AUCTION =====
Pass (locked): Player 0 (min_allowed=16)
  bidding analysis:
    present_suits: D, C
    current_high=0  min_allowed=16  raise_delta=1
    overall: avg=8.00  p30=8.00  std=0.00
    suit_stats:
      C: pts=[10, 6, 25, 16, 11, 3 ...]  avg=11.88  p30=7.00  std=6.68
      D: pts=[8]  avg=8.00  p30=8.00  std=0.00
    failed_checks:
      D: p30 8.00 < 15; conf_mean 8.00 < 15
      C: p30 7.00 < 15; conf_mean 8.54 < 15
    reason: Pass: No suit meets thresholds. Best suit D has p30=8.00, conf_mean=8.00 below min_allowed=16 (current_high=0, raise_delta=+1). Failed checks for best suit: p30 8.00 < 15, conf_mean 8.00 < 15.
Pass (locked): Player 1 (min_allowed=16)
  bidding analysis:
    present_suits: H, D, S
    current_high=0  min_allowed=16  raise_delta=1
    overall: avg=17.50  p30=14.00  std=5.59
    failed_checks:
      H: p30 14.00 < 15; conf_mean 14.70 < 15
      S: p30 0.00 < 15; conf_mean 0.00 < 15
    reason: Pass: No suit meets thresholds. Best suit H has p30=14.00, conf_mean=14.70 below min_allowed=16 (current_high=0, raise_delta=+1). Failed checks for best suit: p30 14.00 < 15, conf_mean 14.70 < 15.
Pass (locked): Player 2 (min_allowed=16)
  bidding analysis:
    present_suits: H, D, C
    current_high=0  min_allowed=16  raise_delta=1
    overall: avg=15.50  p30=10.00  std=7.11
    suit_stats:
      D: pts=[10, 10, 18, 10, 27, 24 ...]  avg=15.50  p30=10.00  std=7.11
      H: pts=[]
      C: pts=[]
    failed_checks:
      H: p30 0.00 < 15; conf_mean 0.00 < 15
      D: p30 10.00 < 15; conf_mean 11.95 < 15
      C: p30 0.00 < 15; conf_mean 0.00 < 15
    reason: Pass: No suit meets thresholds. Best suit D has p30=10.00, conf_mean=11.95 below min_allowed=16 (current_high=0, raise_delta=+1). Failed checks for best suit: p30 10.00 < 15, conf_mean 11.95 < 15.
Pass (locked): Player 3 (min_allowed=16)
  bidding analysis:
    present_suits: H, D, S
    current_high=0  min_allowed=16  raise_delta=1
    overall: avg=16.12  p30=14.00  std=5.23
    suit_stats:
      S: pts=[21, 6, 15, 16, 18, 25 ...]  avg=16.12  p30=14.00  std=5.23
      H: pts=[]
      D: pts=[]
    failed_checks:
      H: p30 0.00 < 15; conf_mean 0.00 < 15
      D: p30 0.00 < 15; conf_mean 0.00 < 15
      S: p30 14.00 < 15; conf_mean 13.51 < 15
    reason: Pass: No suit meets thresholds. Best suit S has p30=14.00, conf_mean=13.51 below min_allowed=16 (current_high=0, raise_delta=+1). Failed checks for best suit: p30 14.00 < 15, conf_mean 13.51 < 15.
Forced bid: All players passed. Player 0 takes minimum bid 16.

AUCTION WINNER: Player 0 with bid 16; chooses trump D 
Details={'chosen': 'D', 'estimates': {'C': 13.0, 'D': 18.0}}
Player 0 hand :  ['8D', '8C', '7C', '10H', 'QH', '7S', 'JD']
Player 1 hand :  ['7H', '9H', '9D', '8S', 'JC', 'AS', '10C', 'AC']
Player 2 hand :  ['AD', 'JH', 'KC', '10D', '9S', '7D', 'AH', 'QC']
Player 3 hand :  ['QD', 'KS', 'KH', 'QS', '9C', '10S', 'JS', '8H']
Player 0 (auction 4 cards): ['8D', '8C', 'KD', '7C']
Player 1 (auction 4 cards): ['7H', '9H', '9D', '8S']
Player 2 (auction 4 cards): ['AD', 'JH', 'KC', '10D']
Player 3 (auction 4 cards): ['QD', 'KS', 'KH', 'QS']
Auction winner (bidder): Player 0 with bid 16
Bidder sets concealed trump suit: D
Phase: concealed, bidder concealed card: KD

Player 0 plays 8C
Player 1 plays JC
Player 2 plays KC
Player 3 plays 9C
Player 1 won the hand: 5 points

Player 1 plays 7H
Player 2 plays JH
Player 3 plays KH
Player 0 plays 10H
Player 2 won the hand: 4 points

Player 2 plays AD
Player 3 plays QD
Player 0 plays 8D
Player 1 plays 9D
Player 1 won the hand: 3 points

Player 1 plays 9H
Player 2 plays AH
Player 3 plays 8H
Player 0 plays QH
Player 1 won the hand: 3 points

Player 1 plays 8S
Player 2 plays 9S
Player 3 plays KS
Player 0 plays 7S
Player 2 won the hand: 2 points

Player 2 plays 10D
Player 3 plays QS
Player 0 plays JD
Player 1 plays AS
Player 0 won the hand: 5 points

Player 0 plays 7C
Player 1 plays 10C
Player 2 plays QC
Player 3 plays 10S
Player 1 won the hand: 2 points

Player 1 plays AC
-- Phase 2 begins: Trump revealed as D by Player 2 on trick 8 --
Player 2 plays 7D
Player 3 plays JS
Player 0 plays KD
Player 0 won the hand: 4 points

Game 4 final points: Team A=15, Team B=13
Series cumulative game score so far: Team A=-4, Team B=-1
Log saved to: C:\Users\laksh\Desktop\Projects\28bot\logs\game28\mcts_games\game_4_20250821_093818_455087.log
