
===== GAME 92 (20250822_170016_595817) =====

===== AUCTION =====
Pass (locked): Player 0 (min_allowed=16)
  bidding analysis:
    present_suits: H, D, C
    current_high=0  min_allowed=16  raise_delta=1
    overall: avg=16.00  p30=13.00  std=4.09
    suit_stats:
      C: pts=[15, 20, 16, 16, 11, 25 ...]  avg=16.00  p30=13.00  std=4.09
      H: pts=[]
      D: pts=[]
    failed_checks:
      H: p30 0.00 < 15; conf_mean 0.00 < 15
      D: p30 0.00 < 15; conf_mean 0.00 < 15
      C: p30 13.00 < 15; conf_mean 13.95 < 15
    reason: Pass: No suit meets thresholds. Best suit C has p30=13.00, conf_mean=13.95 below min_allowed=16 (current_high=0, raise_delta=+1). Failed checks for best suit: p30 13.00 < 15, conf_mean 13.95 < 15.
Pass (locked): Player 1 (min_allowed=16)
  bidding analysis:
    present_suits: H, D, S
    current_high=0  min_allowed=16  raise_delta=1
    overall: avg=16.69  p30=14.00  std=4.75
    suit_stats:
      H: pts=[10, 12, 22, 20, 15, 14 ...]  avg=16.69  p30=14.00  std=4.75
      D: pts=[]
      S: pts=[]
    failed_checks:
      H: p30 14.00 < 15; conf_mean 14.31 < 15
      D: p30 0.00 < 15; conf_mean 0.00 < 15
      S: p30 0.00 < 15; conf_mean 0.00 < 15
    reason: Pass: No suit meets thresholds. Best suit H has p30=14.00, conf_mean=14.31 below min_allowed=16 (current_high=0, raise_delta=+1). Failed checks for best suit: p30 14.00 < 15, conf_mean 14.31 < 15.
Pass (locked): Player 2 (min_allowed=16)
  bidding analysis:
    present_suits: H, D, C
    current_high=0  min_allowed=16  raise_delta=1
    overall: avg=0.00  p30=0.00  std=0.00
    failed_checks:
      H: p30 0.00 < 15; conf_mean 0.00 < 15
      D: p30 0.00 < 15; conf_mean 0.00 < 15
    reason: Pass: No suit meets thresholds. Best suit H has p30=0.00, conf_mean=0.00 below min_allowed=16 (current_high=0, raise_delta=+1). Failed checks for best suit: p30 0.00 < 15, conf_mean 0.00 < 15.
Pass (locked): Player 3 (min_allowed=16)
  bidding analysis:
    present_suits: C, S
    current_high=0  min_allowed=16  raise_delta=1
    overall: avg=17.12  p30=18.00  std=7.04
    failed_checks:
      C: conf_mean 13.60 < 15
    reason: Pass: No suit meets thresholds. Best suit C has p30=18.00, conf_mean=13.60 below min_allowed=16 (current_high=0, raise_delta=+1). Failed checks for best suit: conf_mean 13.60 < 15.
Forced bid: All players passed. Player 0 takes minimum bid 16.

AUCTION WINNER: Player 0 with bid 16; chooses trump C 
Details={'chosen': 'C', 'estimates': {'C': 13.0, 'H': 4.0, 'D': 11.0}}
Player 0 hand :  ['KD', '8H', '10C', '7C', '7S', 'QS', 'JD']
Player 1 hand :  ['JH', '9S', '7D', 'QH', '9H', '7H', '10S', 'QD']
Player 2 hand :  ['10D', 'AH', 'QC', '8D', 'AD', 'JC', '9D', 'KS']
Player 3 hand :  ['AC', 'JS', '8S', '9C', '10H', '8C', 'AS', 'KH']
Player 0 (auction 4 cards): ['KC', 'KD', '8H', '10C']
Player 1 (auction 4 cards): ['JH', '9S', '7D', 'QH']
Player 2 (auction 4 cards): ['10D', 'AH', 'QC', '8D']
Player 3 (auction 4 cards): ['AC', 'JS', '8S', '9C']
Auction winner (bidder): Player 0 with bid 16
Bidder sets concealed trump suit: C
Phase: concealed, bidder concealed card: KC

Player 0 plays KD
Player 1 plays 7D
Player 2 plays 10D
-- Phase 2 begins: Trump revealed as C by Player 3 on trick 1 --
Player 3 plays AC
Player 3 won the hand: 2 points

Player 3 plays JS
Player 0 plays 7S
Player 1 plays 9S
Player 2 plays KS
Player 3 won the hand: 5 points

Player 3 plays 8S
Player 0 plays QS
Player 1 plays 10S
Player 2 plays AH
Player 1 won the hand: 2 points

Player 1 plays JH
Player 2 plays QC
Player 3 plays 10H
Player 0 plays 8H
Player 2 won the hand: 4 points

Player 2 plays 8D
Player 3 plays 9C
Player 0 plays JD
Player 1 plays QD
Player 3 won the hand: 5 points

Player 3 plays 8C
Player 0 plays 10C
Player 1 plays QH
Player 2 plays JC
Player 2 won the hand: 4 points

Player 2 plays AD
Player 3 plays AS
Player 0 plays 7C
Player 1 plays 9H
Player 0 won the hand: 4 points

Player 0 plays KC
Player 1 plays 7H
Player 2 plays 9D
Player 3 plays KH
Player 0 won the hand: 2 points

Game 92 final points: Team A=14, Team B=14
Series cumulative game score so far: Team A=-8, Team B=-1
Log saved to: c:\Users\laksh\Desktop\Projects\28bot\logs\game28\mcts_games\game_92_20250822_170016_595817.log
