
===== GAME 4 (20250820_165237_269488) =====

===== AUCTION =====
Pass (locked): Player 0 (min_allowed=16)
  bidding analysis:
    present_suits: C, S
    current_high=0  min_allowed=16  raise_delta=1
    overall: avg=13.00  p30=14.00  std=3.54
    suit_stats:
      S: pts=[14, 16, 7, 15]  avg=13.00  p30=14.00  std=3.54
      C: pts=[12, 6]  avg=9.00  p30=6.00  std=3.00
    failed_checks:
      C: p30 6.00 < 15; conf_mean 7.50 < 15
      S: p30 14.00 < 15; conf_mean 11.23 < 15
    reason: Pass: No suit meets thresholds. Best suit S has p30=14.00, conf_mean=11.23 below min_allowed=16 (current_high=0, raise_delta=+1). Failed checks for best suit: p30 14.00 < 15, conf_mean 11.23 < 15.
Pass (locked): Player 1 (min_allowed=16)
  bidding analysis:
    present_suits: H, D, S
    current_high=0  min_allowed=16  raise_delta=1
    overall: avg=16.00  p30=12.00  std=5.24
    suit_stats:
      D: pts=[19, 10, 12, 23]  avg=16.00  p30=12.00  std=5.24
      H: pts=[]
      S: pts=[]
    failed_checks:
      H: p30 0.00 < 15; conf_mean 0.00 < 15
      D: p30 12.00 < 15; conf_mean 13.38 < 15
      S: p30 0.00 < 15; conf_mean 0.00 < 15
    reason: Pass: No suit meets thresholds. Best suit D has p30=12.00, conf_mean=13.38 below min_allowed=16 (current_high=0, raise_delta=+1). Failed checks for best suit: p30 12.00 < 15, conf_mean 13.38 < 15.
Pass (locked): Player 2 (min_allowed=16)
  bidding analysis:
    present_suits: H, D, C, S
    current_high=0  min_allowed=16  raise_delta=1
    overall: avg=14.67  p30=12.00  std=5.37
    suit_stats:
      H: pts=[14, 5, 8, 18, 21, 14]  avg=13.33  p30=8.00  std=5.47
      S: pts=[10, 23, 9, 9, 15, 11]  avg=12.83  p30=9.00  std=4.98
      D: pts=[24, 4, 20, 12, 7, 2]  avg=11.50  p30=4.00  std=8.12
      C: pts=[13, 26, 13, 12, 15, 9]  avg=14.67  p30=12.00  std=5.37
    failed_checks:
      H: p30 8.00 < 15; conf_mean 10.60 < 15
      D: p30 4.00 < 15; conf_mean 7.44 < 15
      C: p30 12.00 < 15; conf_mean 11.98 < 15
      S: p30 9.00 < 15; conf_mean 10.34 < 15
    reason: Pass: No suit meets thresholds. Best suit C has p30=12.00, conf_mean=11.98 below min_allowed=16 (current_high=0, raise_delta=+1). Failed checks for best suit: p30 12.00 < 15, conf_mean 11.98 < 15.
Pass (locked): Player 3 (min_allowed=16)
  bidding analysis:
    present_suits: H, C, S
    current_high=0  min_allowed=16  raise_delta=1
    overall: avg=15.25  p30=12.00  std=3.77
    suit_stats:
      H: pts=[11, 12, 19, 19]  avg=15.25  p30=12.00  std=3.77
      C: pts=[]
      S: pts=[]
    failed_checks:
      H: p30 12.00 < 15; conf_mean 13.37 < 15
      C: p30 0.00 < 15; conf_mean 0.00 < 15
      S: p30 0.00 < 15; conf_mean 0.00 < 15
    reason: Pass: No suit meets thresholds. Best suit H has p30=12.00, conf_mean=13.37 below min_allowed=16 (current_high=0, raise_delta=+1). Failed checks for best suit: p30 12.00 < 15, conf_mean 13.37 < 15.
Forced bid: All players passed. Player 0 takes minimum bid 16.

AUCTION WINNER: Player 0 with bid 16; chooses trump C 
Details={'chosen': 'C', 'estimates': {'C': 12.666666666666666, 'S': 12.666666666666666}}
Player 0 hand :  ['7S', '7C', '10S', '10D', '8C', 'QS', 'AH']
Player 1 hand :  ['10H', 'KD', '8S', '9D', 'KS', 'JS', 'JC', '10C']
Player 2 hand :  ['9S', '8D', '7H', '9C', '8H', 'QD', 'JD', 'JH']
Player 3 hand :  ['QH', 'AS', 'KH', 'AC', '9H', '7D', 'QC', 'AD']
Player 0 (auction 4 cards): ['7S', 'KC', '7C', '10S']
Player 1 (auction 4 cards): ['10H', 'KD', '8S', '9D']
Player 2 (auction 4 cards): ['9S', '8D', '7H', '9C']
Player 3 (auction 4 cards): ['QH', 'AS', 'KH', 'AC']
Auction winner (bidder): Player 0 with bid 16
Bidder sets concealed trump suit: C
Phase: concealed, bidder concealed card: KC

Player 0 plays 7S
Player 1 plays 8S
Player 2 plays 9S
Player 3 plays AS
Player 2 won the hand: 3 points

Player 2 plays 8D
Player 3 plays 7D
Player 0 plays 10D
Player 1 plays KD
Player 0 won the hand: 1 points

Player 0 plays 10S
Player 1 plays KS
Player 2 plays 7H
Player 3 plays QH
Player 0 won the hand: 1 points

Player 0 plays QS
Player 1 plays JS
-- Phase 2 begins: Trump revealed as C by Player 2 on trick 4 --
Player 2 plays 9C
Player 3 plays KH
Player 2 won the hand: 5 points

Player 2 plays 8H
Player 3 plays 9H
Player 0 plays AH
Player 1 plays 10H
Player 3 won the hand: 4 points

Player 3 plays AC
Player 0 plays 7C
Player 1 plays JC
Player 2 plays QD
Player 1 won the hand: 4 points

Player 1 plays 9D
Player 2 plays JD
Player 3 plays AD
Player 0 plays 8C
Player 0 won the hand: 6 points

Player 0 plays KC
Player 1 plays 10C
Player 2 plays JH
Player 3 plays QC
Player 1 won the hand: 4 points

Game 4 final points: Team A=16, Team B=12
Series cumulative game score so far: Team A=1, Team B=-1
Log saved to: C:\Users\laksh\Desktop\Projects\28bot\logs\game28\mcts_games\game_4_20250820_165237_269488.log
