
===== GAME 50 (20250825_123908_767977) =====

===== AUCTION =====
Pass (locked): Player 0 (min_allowed=16)
  bidding analysis:
    present_suits: H, C
    current_high=0  min_allowed=16  raise_delta=1
    overall: avg=12.12  p30=8.00  std=4.57
    suit_stats:
      C: pts=[8, 6, 19, 7, 6, 13 ...]  avg=12.12  p30=8.00  std=4.57
      H: pts=[4]  avg=4.00  p30=4.00  std=0.00
    failed_checks:
      H: p30 4.00 < 15; conf_mean 4.00 < 15
      C: p30 8.00 < 15; conf_mean 9.84 < 15
    reason: Pass: No suit meets thresholds. Best suit C has p30=8.00, conf_mean=9.84 below min_allowed=16 (current_high=0, raise_delta=+1). Failed checks for best suit: p30 8.00 < 15, conf_mean 9.84 < 15.
Bid: Player 1 proposes 20 (min_allowed=16)
  bidding analysis:
    present_suits: H, D, C, S
    current_high=0  min_allowed=16  raise_delta=1
    chosen_suit: D
    proposed_bid: 20
    overall: avg=20.00  p30=20.00  std=0.00
    reason: Bid (precomputed): Suit D meets thresholds (p30=20.00, conf_mean=20.00 >= min_allowed=16); conservative mapping max(p30, avg-1) -> 20. (current_high=0, raise_delta=+1)
Pass (locked): Player 2 (min_allowed=21)
  bidding analysis:
    present_suits: H, D, S
    current_high=20  min_allowed=21  raise_delta=1
    overall: avg=19.38  p30=19.00  std=1.58
    failed_checks:
      H: p30 19.00 < 20; conf_mean 18.59 < 20
      D: p30 0.00 < 20; conf_mean 0.00 < 20
      S: p30 0.00 < 20; conf_mean 0.00 < 20
    reason: Pass: No suit meets thresholds. Best suit H has p30=19.00, conf_mean=18.59 below min_allowed=21 (current_high=20, raise_delta=+1). Failed checks for best suit: p30 19.00 < 20, conf_mean 18.59 < 20.
Pass (locked): Player 3 (min_allowed=21)
  bidding analysis:
    present_suits: H, C, S
    current_high=20  min_allowed=21  raise_delta=1
    overall: avg=14.12  p30=10.00  std=6.05
    failed_checks:
      H: p30 10.00 < 20; conf_mean 11.10 < 20
      C: p30 0.00 < 20; conf_mean 0.00 < 20
    reason: Pass: No suit meets thresholds. Best suit H has p30=10.00, conf_mean=11.10 below min_allowed=21 (current_high=20, raise_delta=+1). Failed checks for best suit: p30 10.00 < 20, conf_mean 11.10 < 20.

AUCTION WINNER: Player 1 with bid 20; chooses trump D 
Details={'chosen': 'D', 'estimates': {'H': 5.0, 'D': 20.0, 'C': 15.0, 'S': 12.0}}
Player 0 hand :  ['8H', 'QH', '7C', '8C', 'AD', 'KD', 'KH', '10C']
Player 1 hand :  ['JH', 'KS', '9C', '10S', 'QS', '8D', '7H']
Player 2 hand :  ['9H', '9S', 'JD', 'JS', 'KC', '8S', 'AH', 'QD']
Player 3 hand :  ['QC', 'AS', '10H', '7S', 'JC', '9D', '10D', 'AC']
Player 0 (auction 4 cards): ['8H', 'QH', '7C', '8C']
Player 1 (auction 4 cards): ['JH', '7D', 'KS', '9C']
Player 2 (auction 4 cards): ['9H', '9S', 'JD', 'JS']
Player 3 (auction 4 cards): ['QC', 'AS', '10H', '7S']
Auction winner (bidder): Player 1 with bid 20
Bidder sets concealed trump suit: D
Phase: concealed, bidder concealed card: 7D

Player 0 plays 8H
Player 1 plays JH
Player 2 plays 9H
Player 3 plays 10H
Player 1 won the hand: 6 points

Player 1 plays KS
Player 2 plays 9S
Player 3 plays AS
Player 0 plays QH
Player 2 won the hand: 3 points

Player 2 plays JD
Player 3 plays 9D
Player 0 plays AD
Player 1 plays 8D
Player 2 won the hand: 6 points

Player 2 plays JS
Player 3 plays 7S
Player 0 plays 7C
Player 1 plays 10S
Player 2 won the hand: 4 points

Player 2 plays KC
Player 3 plays QC
Player 0 plays 8C
Player 1 plays 9C
Player 1 won the hand: 2 points

Player 1 plays QS
Player 2 plays 8S
Player 3 plays JC
-- Phase 2 begins: Trump revealed as D by Player 0 on trick 6 --
Player 0 plays KD
Player 0 won the hand: 3 points

Player 0 plays KH
Player 1 plays 7H
Player 2 plays AH
Player 3 plays 10D
Player 3 won the hand: 2 points

Player 3 plays AC
Player 0 plays 10C
Player 1 plays 7D
Player 2 plays QD
Player 2 won the hand: 2 points

Game 50 final points: Team A=18, Team B=10
Series cumulative game score so far: Team A=-13, Team B=-6
Log saved to: c:\Users\laksh\Desktop\Projects\28bot\logs\game28\mcts_games\game_50_20250825_123908_767977.log
