
===== GAME 19 (20250822_002321_789475) =====

===== AUCTION =====
Pass (locked): Player 0 (min_allowed=16)
  bidding analysis:
    present_suits: H, D, S
    current_high=0  min_allowed=16  raise_delta=1
    overall: avg=12.50  p30=11.00  std=6.99
    failed_checks:
      H: p30 11.00 < 15; conf_mean 9.00 < 15
      D: p30 0.00 < 15; conf_mean 3.46 < 15
    reason: Pass: No suit meets thresholds. Best suit H has p30=11.00, conf_mean=9.00 below min_allowed=16 (current_high=0, raise_delta=+1). Failed checks for best suit: p30 11.00 < 15, conf_mean 9.00 < 15.
Pass (locked): Player 1 (min_allowed=16)
  bidding analysis:
    present_suits: H, D, S
    current_high=0  min_allowed=16  raise_delta=1
    overall: avg=16.12  p30=11.00  std=5.84
    failed_checks:
      H: p30 11.00 < 15; conf_mean 13.20 < 15
      S: p30 0.00 < 15; conf_mean 0.00 < 15
    reason: Pass: No suit meets thresholds. Best suit H has p30=11.00, conf_mean=13.20 below min_allowed=16 (current_high=0, raise_delta=+1). Failed checks for best suit: p30 11.00 < 15, conf_mean 13.20 < 15.
Bid: Player 2 proposes 19 (min_allowed=16)
  bidding analysis:
    present_suits: H, D, C, S
    current_high=0  min_allowed=16  raise_delta=1
    chosen_suit: S
    proposed_bid: 19
    overall: avg=19.00  p30=19.00  std=0.00
    reason: Bid (precomputed): Suit S meets thresholds (p30=19.00, conf_mean=19.00 >= min_allowed=16); conservative mapping max(p30, avg-1) -> 19. (current_high=0, raise_delta=+1)
Pass (locked): Player 3 (min_allowed=20)
  bidding analysis:
    present_suits: H, D
    current_high=19  min_allowed=20  raise_delta=1
    overall: avg=15.00  p30=15.00  std=0.00
    failed_checks:
      H: p30 7.00 < 19; conf_mean 9.59 < 19
      D: p30 15.00 < 19; conf_mean 15.00 < 19
    reason: Pass: No suit meets thresholds. Best suit D has p30=15.00, conf_mean=15.00 below min_allowed=20 (current_high=19, raise_delta=+1). Failed checks for best suit: p30 15.00 < 19, conf_mean 15.00 < 19.

AUCTION WINNER: Player 2 with bid 19; chooses trump S 
Details={'chosen': 'S', 'estimates': {'H': 16.0, 'D': 8.0, 'C': 8.0, 'S': 19.0}}
Player 0 hand :  ['7D', '8S', '7H', 'JS', '9S', '8D', '8C', '10C']
Player 1 hand :  ['7S', 'AH', '9H', '9D', 'AD', 'AC', 'QC', 'KS']
Player 2 hand :  ['9C', 'KD', 'JH', '8H', 'QS', '10S', 'KC']
Player 3 hand :  ['QD', 'JD', '10H', 'KH', '7C', '10D', 'JC', 'QH']
Player 0 (auction 4 cards): ['7D', '8S', '7H', 'JS']
Player 1 (auction 4 cards): ['7S', 'AH', '9H', '9D']
Player 2 (auction 4 cards): ['9C', 'AS', 'KD', 'JH']
Player 3 (auction 4 cards): ['QD', 'JD', '10H', 'KH']
Auction winner (bidder): Player 2 with bid 19
Bidder sets concealed trump suit: S
Phase: concealed, bidder concealed card: AS

Player 0 plays 7D
Player 1 plays 9D
Player 2 plays KD
Player 3 plays QD
Player 1 won the hand: 2 points

Player 1 plays 7S
Player 2 plays QS
Player 3 plays JD
Player 0 plays 8S
Player 2 won the hand: 3 points

Player 2 plays 9C
Player 3 plays 7C
Player 0 plays 8C
Player 1 plays AC
Player 2 won the hand: 3 points

Player 2 plays JH
Player 3 plays 10H
Player 0 plays 7H
Player 1 plays AH
Player 2 won the hand: 5 points

Player 2 plays 8H
Player 3 plays KH
-- Phase 2 begins: Trump revealed as S by Player 0 on trick 5 --
Player 0 plays JS
Player 1 plays 9H
Player 0 won the hand: 5 points

Player 0 plays 9S
Player 1 plays KS
Player 2 plays 10S
Player 3 plays 10D
Player 0 won the hand: 4 points

Player 0 plays 8D
Player 1 plays AD
Player 2 plays KC
Player 3 plays JC
Player 1 won the hand: 4 points

Player 1 plays QC
Player 2 plays AS
Player 3 plays QH
Player 0 plays 10C
Player 2 won the hand: 2 points

Game 19 final points: Team A=22, Team B=6
Series cumulative game score so far: Team A=-1, Team B=-4
Log saved to: c:\Users\laksh\Desktop\Projects\28bot\logs\game28\mcts_games\game_19_20250822_002321_789475.log
