
===== GAME 44 (20250822_081421_870215) =====

===== AUCTION =====
Pass (locked): Player 0 (min_allowed=16)
  bidding analysis:
    present_suits: H, D
    current_high=0  min_allowed=16  raise_delta=1
    overall: avg=10.50  p30=4.00  std=6.50
    failed_checks:
      H: p30 4.00 < 15; conf_mean 7.25 < 15
    reason: Pass: No suit meets thresholds. Best suit H has p30=4.00, conf_mean=7.25 below min_allowed=16 (current_high=0, raise_delta=+1). Failed checks for best suit: p30 4.00 < 15, conf_mean 7.25 < 15.
Pass (locked): Player 1 (min_allowed=16)
  bidding analysis:
    present_suits: D, C, S
    current_high=0  min_allowed=16  raise_delta=1
    overall: avg=14.00  p30=12.00  std=5.12
    suit_stats:
      S: pts=[7, 12, 6, 20, 21, 16 ...]  avg=14.00  p30=12.00  std=5.12
      D: pts=[]
      C: pts=[]
    failed_checks:
      D: p30 0.00 < 15; conf_mean 0.00 < 15
      C: p30 0.00 < 15; conf_mean 0.00 < 15
      S: p30 12.00 < 15; conf_mean 11.44 < 15
    reason: Pass: No suit meets thresholds. Best suit S has p30=12.00, conf_mean=11.44 below min_allowed=16 (current_high=0, raise_delta=+1). Failed checks for best suit: p30 12.00 < 15, conf_mean 11.44 < 15.
Pass (locked): Player 2 (min_allowed=16)
  bidding analysis:
    present_suits: H, D, C
    current_high=0  min_allowed=16  raise_delta=1
    overall: avg=13.88  p30=12.00  std=2.93
    suit_stats:
      C: pts=[12, 12, 14, 19, 13, 17 ...]  avg=13.88  p30=12.00  std=2.93
      H: pts=[]
      D: pts=[]
    failed_checks:
      H: p30 0.00 < 15; conf_mean 0.00 < 15
      D: p30 0.00 < 15; conf_mean 0.00 < 15
      C: p30 12.00 < 15; conf_mean 12.41 < 15
    reason: Pass: No suit meets thresholds. Best suit C has p30=12.00, conf_mean=12.41 below min_allowed=16 (current_high=0, raise_delta=+1). Failed checks for best suit: p30 12.00 < 15, conf_mean 12.41 < 15.
Pass (locked): Player 3 (min_allowed=16)
  bidding analysis:
    present_suits: H, D, C
    current_high=0  min_allowed=16  raise_delta=1
    overall: avg=11.62  p30=6.00  std=5.07
    suit_stats:
      D: pts=[12, 17, 17, 6, 12, 18 ...]  avg=11.62  p30=6.00  std=5.07
      H: pts=[]
      C: pts=[]
    failed_checks:
      H: p30 0.00 < 15; conf_mean 0.00 < 15
      D: p30 6.00 < 15; conf_mean 9.09 < 15
      C: p30 0.00 < 15; conf_mean 0.00 < 15
    reason: Pass: No suit meets thresholds. Best suit D has p30=6.00, conf_mean=9.09 below min_allowed=16 (current_high=0, raise_delta=+1). Failed checks for best suit: p30 6.00 < 15, conf_mean 9.09 < 15.
Forced bid: All players passed. Player 0 takes minimum bid 16.

AUCTION WINNER: Player 0 with bid 16; chooses trump D 
Details={'chosen': 'D', 'estimates': {'H': 10.5, 'D': 11.333333333333334}}
Player 0 hand :  ['QH', 'KD', '8H', 'JC', 'AC', 'QC', 'JH']
Player 1 hand :  ['7C', '8D', '8S', '9S', '8C', '10S', 'JS', 'QS']
Player 2 hand :  ['JD', '10C', '9C', '10H', 'KS', 'AS', '7H', '7S']
Player 3 hand :  ['QD', '10D', 'KC', 'AH', '7D', '9D', '9H', 'KH']
Player 0 (auction 4 cards): ['QH', 'KD', '8H', 'AD']
Player 1 (auction 4 cards): ['7C', '8D', '8S', '9S']
Player 2 (auction 4 cards): ['JD', '10C', '9C', '10H']
Player 3 (auction 4 cards): ['QD', '10D', 'KC', 'AH']
Auction winner (bidder): Player 0 with bid 16
Bidder sets concealed trump suit: D
Phase: concealed, bidder concealed card: AD

Player 0 plays QH
Player 1 plays 7C
Player 2 plays 10H
Player 3 plays AH
Player 3 won the hand: 2 points

Player 3 plays QD
Player 0 plays KD
Player 1 plays 8D
Player 2 plays JD
Player 2 won the hand: 3 points

Player 2 plays 10C
Player 3 plays KC
Player 0 plays JC
Player 1 plays 8C
Player 0 won the hand: 4 points

Player 0 plays 8H
Player 1 plays 8S
Player 2 plays 7H
Player 3 plays 9H
Player 3 won the hand: 2 points

Player 3 plays 10D
Player 0 plays AC
Player 1 plays 9S
Player 2 plays 9C
Player 3 won the hand: 6 points

Player 3 plays 7D
Player 0 plays QC
Player 1 plays 10S
Player 2 plays KS
Player 3 won the hand: 1 points

Player 3 plays 9D
Player 0 plays JH
Player 1 plays JS
Player 2 plays AS
Player 3 won the hand: 9 points

Player 3 plays KH
Error during gameplay: Current player 0 has no cards but other players do
No cards available, ending game
Game 44 final points: Team A=7, Team B=20
Series cumulative game score so far: Team A=-5, Team B=-11
Log saved to: c:\Users\laksh\Desktop\Projects\28bot\logs\game28\mcts_games\game_44_20250822_081421_870215.log
