
===== GAME 126 (20250823_125342_570376) =====

===== AUCTION =====
Pass (locked): Player 0 (min_allowed=16)
  bidding analysis:
    present_suits: H, D, S
    current_high=0  min_allowed=16  raise_delta=1
    overall: avg=13.06  p30=8.00  std=5.85
    suit_stats:
      D: pts=[8, 11, 7, 21, 9, 18 ...]  avg=13.06  p30=8.00  std=5.85
      H: pts=[]
      S: pts=[]
    failed_checks:
      H: p30 0.00 < 15; conf_mean 0.00 < 15
      D: p30 8.00 < 15; conf_mean 10.14 < 15
      S: p30 0.00 < 15; conf_mean 0.00 < 15
    reason: Pass: No suit meets thresholds. Best suit D has p30=8.00, conf_mean=10.14 below min_allowed=16 (current_high=0, raise_delta=+1). Failed checks for best suit: p30 8.00 < 15, conf_mean 10.14 < 15.
Pass (locked): Player 1 (min_allowed=16)
  bidding analysis:
    present_suits: H, D
    current_high=0  min_allowed=16  raise_delta=1
    overall: avg=0.00  p30=0.00  std=0.00
    failed_checks:
      H: p30 0.00 < 15; conf_mean 0.00 < 15
    reason: Pass: No suit meets thresholds. Best suit H has p30=0.00, conf_mean=0.00 below min_allowed=16 (current_high=0, raise_delta=+1). Failed checks for best suit: p30 0.00 < 15, conf_mean 0.00 < 15.
Pass (locked): Player 2 (min_allowed=16)
  bidding analysis:
    present_suits: H, C, S
    current_high=0  min_allowed=16  raise_delta=1
    overall: avg=13.19  p30=9.00  std=6.54
    suit_stats:
      C: pts=[9, 4, 14, 10, 21, 11 ...]  avg=13.19  p30=9.00  std=6.54
      H: pts=[]
      S: pts=[]
    failed_checks:
      H: p30 0.00 < 15; conf_mean 0.00 < 15
      C: p30 9.00 < 15; conf_mean 9.92 < 15
      S: p30 0.00 < 15; conf_mean 0.00 < 15
    reason: Pass: No suit meets thresholds. Best suit C has p30=9.00, conf_mean=9.92 below min_allowed=16 (current_high=0, raise_delta=+1). Failed checks for best suit: p30 9.00 < 15, conf_mean 9.92 < 15.
Pass (locked): Player 3 (min_allowed=16)
  bidding analysis:
    present_suits: H, C, S
    current_high=0  min_allowed=16  raise_delta=1
    overall: avg=12.88  p30=10.00  std=5.07
    suit_stats:
      C: pts=[3, 6, 20, 13, 9, 18 ...]  avg=12.88  p30=10.00  std=5.07
      H: pts=[]
      S: pts=[]
    failed_checks:
      H: p30 0.00 < 15; conf_mean 0.00 < 15
      C: p30 10.00 < 15; conf_mean 10.34 < 15
      S: p30 0.00 < 15; conf_mean 0.00 < 15
    reason: Pass: No suit meets thresholds. Best suit C has p30=10.00, conf_mean=10.34 below min_allowed=16 (current_high=0, raise_delta=+1). Failed checks for best suit: p30 10.00 < 15, conf_mean 10.34 < 15.
Forced bid: All players passed. Player 0 takes minimum bid 16.

AUCTION WINNER: Player 0 with bid 16; chooses trump S 
Details={'chosen': 'S', 'estimates': {'H': 6.0, 'D': 15.0, 'S': 28.0}}
Player 0 hand :  ['10H', '8D', '9D', '7H', '8H', '9S', 'AC']
Player 1 hand :  ['JH', '9H', 'KH', 'QD', '9C', 'KS', 'AS', 'JD']
Player 2 hand :  ['8C', 'JC', 'QS', 'QH', 'JS', '7D', '10D', '10C']
Player 3 hand :  ['7C', '10S', 'AH', 'QC', 'AD', '8S', 'KC', 'KD']
Player 0 (auction 4 cards): ['10H', '8D', '9D', '7S']
Player 1 (auction 4 cards): ['JH', '9H', 'KH', 'QD']
Player 2 (auction 4 cards): ['8C', 'JC', 'QS', 'QH']
Player 3 (auction 4 cards): ['7C', '10S', 'AH', 'QC']
Auction winner (bidder): Player 0 with bid 16
Bidder sets concealed trump suit: S
Phase: concealed, bidder concealed card: 7S

Player 0 plays 10H
Player 1 plays JH
Player 2 plays QH
Player 3 plays AH
Player 1 won the hand: 5 points

Player 1 plays 9H
Player 2 plays 8C
Player 3 plays 7C
Player 0 plays 7H
Player 1 won the hand: 2 points

Player 1 plays KH
Player 2 plays JC
-- Phase 2 begins: Trump revealed as S by Player 3 on trick 3 --
Player 3 plays 10S
Player 0 plays 8H
Player 3 won the hand: 4 points

Player 3 plays QC
Player 0 plays AC
Player 1 plays 9C
Player 2 plays 10C
Player 1 won the hand: 4 points

Player 1 plays QD
Player 2 plays 7D
Player 3 plays AD
Player 0 plays 8D
Player 3 won the hand: 1 points

Player 3 plays 8S
Player 0 plays 9S
Player 1 plays KS
Player 2 plays QS
Player 0 won the hand: 2 points

Player 0 plays 9D
Player 1 plays JD
Player 2 plays 10D
Player 3 plays KD
Player 1 won the hand: 6 points

Player 1 plays AS
Player 2 plays JS
Player 3 plays KC
Player 0 plays 7S
Player 2 won the hand: 4 points

Game 126 final points: Team A=6, Team B=22
Series cumulative game score so far: Team A=-10, Team B=-6
Log saved to: c:\Users\laksh\Desktop\Projects\28bot\logs\game28\mcts_games\game_126_20250823_125342_570376.log
