
===== GAME 74 (20250825_153117_852600) =====

===== AUCTION =====
Pass (locked): Player 0 (min_allowed=16)
  bidding analysis:
    present_suits: H, C, S
    current_high=0  min_allowed=16  raise_delta=1
    overall: avg=12.00  p30=11.00  std=4.81
    suit_stats:
      S: pts=[12, 13, 3, 16, 5, 7 ...]  avg=12.00  p30=11.00  std=4.81
      H: pts=[]
      C: pts=[]
    failed_checks:
      H: p30 0.00 < 15; conf_mean 0.00 < 15
      C: p30 0.00 < 15; conf_mean 0.00 < 15
      S: p30 11.00 < 15; conf_mean 9.60 < 15
    reason: Pass: No suit meets thresholds. Best suit S has p30=11.00, conf_mean=9.60 below min_allowed=16 (current_high=0, raise_delta=+1). Failed checks for best suit: p30 11.00 < 15, conf_mean 9.60 < 15.
Bid: Player 1 proposes 17 (min_allowed=16)
  bidding analysis:
    present_suits: D, C
    current_high=0  min_allowed=16  raise_delta=1
    chosen_suit: D
    proposed_bid: 17
    overall: avg=18.44  p30=16.00  std=6.30
    suit_stats:
      D: pts=[16, 4, 23, 19, 26, 12 ...]  avg=18.44  p30=16.00  std=6.30
      C: pts=[]
    reason: Bid: Suit D meets thresholds (p30=16.00, conf_mean=15.29 >= min_allowed=16); conservative mapping max(p30, avg-1) -> 17. (current_high=0, raise_delta=+1)
Pass (locked): Player 2 (min_allowed=18)
  bidding analysis:
    present_suits: D, C, S
    current_high=17  min_allowed=18  raise_delta=1
    overall: avg=7.50  p30=5.00  std=5.85
    failed_checks:
      C: p30 0.00 < 17; conf_mean 0.00 < 17
      S: p30 5.00 < 17; conf_mean 4.57 < 17
    reason: Pass: No suit meets thresholds. Best suit S has p30=5.00, conf_mean=4.57 below min_allowed=18 (current_high=17, raise_delta=+1). Failed checks for best suit: p30 5.00 < 17, conf_mean 4.57 < 17.
Pass (locked): Player 3 (min_allowed=18)
  bidding analysis:
    present_suits: H, D
    current_high=17  min_allowed=18  raise_delta=1
    overall: avg=0.00  p30=0.00  std=0.00
    failed_checks:
      H: p30 0.00 < 17; conf_mean 0.00 < 17
    reason: Pass: No suit meets thresholds. Best suit H has p30=0.00, conf_mean=0.00 below min_allowed=18 (current_high=17, raise_delta=+1). Failed checks for best suit: p30 0.00 < 17, conf_mean 0.00 < 17.

AUCTION WINNER: Player 1 with bid 17; chooses trump D 
Details={'chosen': 'D', 'estimates': {'D': 18.0, 'C': 16.0}}
Player 0 hand :  ['QS', '8S', 'AH', 'KC', '10H', '7C', 'QD', '9D']
Player 1 hand :  ['JC', 'JD', '10D', 'KS', 'QH', '9S', '9C']
Player 2 hand :  ['7D', '8C', 'QC', '10S', 'AC', 'JH', '7H', 'AS']
Player 3 hand :  ['9H', 'KH', '8D', '8H', 'AD', '7S', 'JS', '10C']
Player 0 (auction 4 cards): ['QS', '8S', 'AH', 'KC']
Player 1 (auction 4 cards): ['JC', 'KD', 'JD', '10D']
Player 2 (auction 4 cards): ['7D', '8C', 'QC', '10S']
Player 3 (auction 4 cards): ['9H', 'KH', '8D', '8H']
Auction winner (bidder): Player 1 with bid 17
Bidder sets concealed trump suit: D
Phase: concealed, bidder concealed card: KD

Player 0 plays QS
Player 1 plays KS
Player 2 plays 10S
Player 3 plays 7S
Player 2 won the hand: 1 points

Player 2 plays 7D
Player 3 plays 8D
Player 0 plays QD
Player 1 plays JD
Player 1 won the hand: 3 points

Player 1 plays JC
Player 2 plays 8C
Player 3 plays 10C
Player 0 plays KC
Player 1 won the hand: 4 points

Player 1 plays QH
Player 2 plays JH
Player 3 plays 9H
Player 0 plays AH
Player 2 won the hand: 6 points

Player 2 plays QC
Player 3 plays KH
Player 0 plays 7C
Player 1 plays 9C
Player 1 won the hand: 2 points

Player 1 plays 9S
Player 2 plays AS
Player 3 plays JS
Player 0 plays 8S
Player 3 won the hand: 6 points

Player 3 plays 8H
Player 0 plays 10H
-- Phase 2 begins: Trump revealed as D by Player 1 on trick 7 --
Player 1 plays 10D
Player 2 plays 7H
Player 1 won the hand: 2 points

Player 1 plays KD
Player 2 plays AC
Player 3 plays AD
Player 0 plays 9D
Player 0 won the hand: 4 points

Game 74 final points: Team A=11, Team B=17
Series cumulative game score so far: Team A=-15, Team B=-5
Log saved to: c:\Users\laksh\Desktop\Projects\28bot\logs\game28\mcts_games\game_74_20250825_153117_852600.log
