
===== GAME 7 (20250820_235550_545183) =====

===== AUCTION =====
Bid: Player 0 proposes 16 (min_allowed=16)
  bidding analysis:
    present_suits: H, D, S
    current_high=0  min_allowed=16  raise_delta=1
    chosen_suit: H
    proposed_bid: 16
    overall: avg=17.38  p30=16.00  std=3.94
    suit_stats:
      H: pts=[18, 23, 16, 23, 16, 17 ...]  avg=17.38  p30=16.00  std=3.94
      D: pts=[]
      S: pts=[]
    reason: Bid: Suit H meets thresholds (p30=16.00, conf_mean=15.41 >= min_allowed=16); conservative mapping max(p30, avg-1) -> 16. (current_high=0, raise_delta=+1)
Pass (locked): Player 1 (min_allowed=17)
  bidding analysis:
    present_suits: H, D, C
    current_high=16  min_allowed=17  raise_delta=1
    overall: avg=16.04  p30=13.00  std=6.22
    failed_checks:
      H: p30 0.00 < 16; conf_mean 0.00 < 16
      D: p30 13.00 < 16; conf_mean 12.93 < 16
      C: p30 0.00 < 16; conf_mean 0.00 < 16
    reason: Pass: No suit meets thresholds. Best suit D has p30=13.00, conf_mean=12.93 below min_allowed=17 (current_high=16, raise_delta=+1). Failed checks for best suit: p30 13.00 < 16, conf_mean 12.93 < 16.
Bid: Player 2 proposes 17 (min_allowed=17)
  bidding analysis:
    present_suits: C, S
    current_high=16  min_allowed=17  raise_delta=1
    chosen_suit: S
    proposed_bid: 17
    overall: avg=17.00  p30=17.00  std=0.00
    suit_stats:
      C: pts=[21, 15, 15, 28, 21, 21 ...]  avg=17.25  p30=15.00  std=6.38
      S: pts=[17]  avg=17.00  p30=17.00  std=0.00
    reason: Bid: Suit S meets thresholds (p30=17.00, conf_mean=17.00 >= min_allowed=17); conservative mapping max(p30, avg-1) -> 17. (current_high=16, raise_delta=+1)
Pass (locked): Player 3 (min_allowed=18)
  bidding analysis:
    present_suits: H, D, C, S
    current_high=17  min_allowed=18  raise_delta=1
    overall: avg=14.50  p30=12.00  std=4.23
    failed_checks:
      H: p30 0.00 < 17; conf_mean 3.25 < 17
      D: p30 0.00 < 17; conf_mean 1.00 < 17
      C: p30 3.00 < 17; conf_mean 6.49 < 17
      S: p30 12.00 < 17; conf_mean 12.38 < 17
    reason: Pass: No suit meets thresholds. Best suit S has p30=12.00, conf_mean=12.38 below min_allowed=18 (current_high=17, raise_delta=+1). Failed checks for best suit: p30 12.00 < 17, conf_mean 12.38 < 17.
Pass (locked): Player 0 (min_allowed=18)
  bidding analysis:
    present_suits: H, D, S
    current_high=17  min_allowed=18  raise_delta=1
    overall: avg=11.75  p30=8.00  std=3.80
    suit_stats:
      H: pts=[14, 7, 17, 14, 8, 16 ...]  avg=11.75  p30=8.00  std=3.80
      D: pts=[]
      S: pts=[]
    failed_checks:
      H: p30 8.00 < 17; conf_mean 9.85 < 17
      D: p30 0.00 < 17; conf_mean 0.00 < 17
      S: p30 0.00 < 17; conf_mean 0.00 < 17
    reason: Pass: No suit meets thresholds. Best suit H has p30=8.00, conf_mean=9.85 below min_allowed=18 (current_high=17, raise_delta=+1). Failed checks for best suit: p30 8.00 < 17, conf_mean 9.85 < 17.

AUCTION WINNER: Player 2 with bid 17; chooses trump C 
Details={'chosen': 'C', 'estimates': {'C': 21.0, 'S': 15.0}}
Player 0 hand :  ['JH', 'AH', 'KD', 'QS', '8D', 'KS', '9H', 'JD']
Player 1 hand :  ['AD', '8C', 'KH', '9D', '8H', '10C', 'KC', '10S']
Player 2 hand :  ['7S', '9C', 'JS', 'AS', '9S', '7H', 'QD']
Player 3 hand :  ['7D', '8S', '7C', '10H', 'QH', '10D', 'JC', 'QC']
Player 0 (auction 4 cards): ['JH', 'AH', 'KD', 'QS']
Player 1 (auction 4 cards): ['AD', '8C', 'KH', '9D']
Player 2 (auction 4 cards): ['7S', 'AC', '9C', 'JS']
Player 3 (auction 4 cards): ['7D', '8S', '7C', '10H']
Auction winner (bidder): Player 2 with bid 17
Bidder sets concealed trump suit: C
Phase: concealed, bidder concealed card: AC

Player 0 plays JH
Player 1 plays KH
Player 2 plays 7H
Player 3 plays 10H
Player 0 won the hand: 4 points

Player 0 plays AH
Player 1 plays 8H
Player 2 plays 7S
Player 3 plays QH
Player 0 won the hand: 1 points

Player 0 plays KD
Player 1 plays AD
Player 2 plays QD
Player 3 plays 7D
Player 1 won the hand: 1 points

Player 1 plays 8C
Player 2 plays 9C
Player 3 plays 7C
Player 0 plays QS
Player 2 won the hand: 2 points

Player 2 plays JS
Player 3 plays 8S
Player 0 plays KS
Player 1 plays 10S
Player 2 won the hand: 4 points

Player 2 plays AS
Player 3 plays 10D
Player 0 plays 8D
Player 1 plays 9D
Player 2 won the hand: 4 points

Player 2 plays 9S
-- Phase 2 begins: Trump revealed as C by Player 3 on trick 7 --
Player 3 plays JC
Player 0 plays 9H
Player 1 plays 10C
Player 3 won the hand: 8 points

Player 3 plays QC
Player 0 plays JD
Player 1 plays KC
Player 2 plays AC
Player 2 won the hand: 4 points

Game 7 final points: Team A=19, Team B=9
Series cumulative game score so far: Team A=-2, Team B=-1
Log saved to: c:\Users\laksh\Desktop\Projects\28bot\logs\game28\mcts_games\game_7_20250820_235550_545183.log
