
===== GAME 2 (20250820_205112_365369) =====

===== AUCTION =====
Pass (locked): Player 0 (min_allowed=16)
  (failed to format bidding analysis)
Pass (locked): Player 1 (min_allowed=16)
  (failed to format bidding analysis)
Pass (locked): Player 2 (min_allowed=16)
  (failed to format bidding analysis)
Pass (locked): Player 3 (min_allowed=16)
  (failed to format bidding analysis)
Forced bid: All players passed. Player 0 takes minimum bid 16.

AUCTION WINNER: Player 0 with bid 16; chooses trump D 
Details={'chosen': 'D', 'estimates': {'S': 11.0, 'D': 18.0, 'H': 13.0}}
Player 0 hand :  ['8D', '8S', '9H', 'QC', '10S', 'AD', 'AH']
Player 1 hand :  ['7C', 'AC', 'KD', '10C', '8C', '7D', 'QD', 'KH']
Player 2 hand :  ['QH', '7H', 'QS', '8H', '9C', '10H', '9S', 'JH']
Player 3 hand :  ['KS', '9D', 'KC', '10D', 'JS', '7S', 'JC', 'AS']
Player 0 (auction 4 cards): ['JD', '8D', '8S', '9H']
Player 1 (auction 4 cards): ['7C', 'AC', 'KD', '10C']
Player 2 (auction 4 cards): ['QH', '7H', 'QS', '8H']
Player 3 (auction 4 cards): ['KS', '9D', 'KC', '10D']
Auction winner (bidder): Player 0 with bid 16
Bidder sets concealed trump suit: D
Phase: concealed, bidder concealed card: JD

Player 0 plays 8S
Player 1 plays 7C
Player 2 plays QS
Player 3 plays KS
Player 3 won the hand: 0 points

Player 3 plays 9D
Player 0 plays 8D
Player 1 plays KD
Player 2 plays QH
Player 3 won the hand: 2 points

Player 3 plays KC
Player 0 plays QC
Player 1 plays AC
Player 2 plays 9C
Player 2 won the hand: 3 points

Player 2 plays 7H
-- Phase 2 begins: Trump revealed as D by Player 3 on trick 4 --
Player 3 plays 10D
Player 0 plays 9H
Player 1 plays KH
Player 3 won the hand: 3 points

Player 3 plays JS
Player 0 plays 10S
Player 1 plays 10C
Player 2 plays 9S
Player 3 won the hand: 7 points

Player 3 plays 7S
Player 0 plays AD
Player 1 plays 8C
Player 2 plays 8H
Player 0 won the hand: 1 points

Player 0 plays AH
Player 1 plays 7D
Player 2 plays 10H
Player 3 plays JC
Player 1 won the hand: 5 points

Player 1 plays QD
Player 2 plays JH
Player 3 plays AS
Player 0 plays JD
Player 0 won the hand: 7 points

Game 2 final points: Team A=11, Team B=17
Series cumulative game score so far: Team A=-1, Team B=-2
Log saved to: c:\Users\laksh\Desktop\Projects\28bot\logs\game28\mcts_games\game_2_20250820_205112_365369.log
