
===== GAME 3 (20250819_163525_927398) =====

===== AUCTION =====
Pass (locked): Player 0 (min_allowed=16)
  bidding analysis:
    present_suits: H, C, S
    current_high=0  min_allowed=16  raise_delta=1
    overall: avg=17.17  p30=18.00  std=7.95
    suit_stats:
      H: pts=[21, 12, 15, 16, 5, 15]  avg=14.00  p30=12.00  std=4.83
      C: pts=[0, 18, 23, 21, 23, 18]  avg=17.17  p30=18.00  std=7.95
      S: pts=[17, 7]  avg=12.00  p30=7.00  std=5.00
    failed_checks:
      H: p30 12.00 < 15; conf_mean 11.58 < 15
      C: conf_mean 13.19 < 15
      S: p30 7.00 < 15; conf_mean 9.50 < 15
    reason: Pass: No suit meets thresholds. Best suit C has p30=18.00, conf_mean=13.19 below min_allowed=16 (current_high=0, raise_delta=+1). Failed checks for best suit: conf_mean 13.19 < 15.
Pass (locked): Player 1 (min_allowed=16)
  bidding analysis:
    present_suits: H, D, C
    current_high=0  min_allowed=16  raise_delta=1
    overall: avg=16.67  p30=13.00  std=5.79
    suit_stats:
      H: pts=[9, 0, 8, 15, 20, 19]  avg=11.83  p30=8.00  std=6.96
      D: pts=[8, 25, 23, 16, 15, 13]  avg=16.67  p30=13.00  std=5.79
      C: pts=[15, 9]  avg=12.00  p30=9.00  std=3.00
    failed_checks:
      H: p30 8.00 < 15; conf_mean 8.35 < 15
      D: p30 13.00 < 15; conf_mean 13.77 < 15
      C: p30 9.00 < 15; conf_mean 10.50 < 15
    reason: Pass: No suit meets thresholds. Best suit D has p30=13.00, conf_mean=13.77 below min_allowed=16 (current_high=0, raise_delta=+1). Failed checks for best suit: p30 13.00 < 15, conf_mean 13.77 < 15.
Pass (locked): Player 2 (min_allowed=16)
  bidding analysis:
    present_suits: H, D, C
    current_high=0  min_allowed=16  raise_delta=1
    overall: avg=12.50  p30=6.00  std=6.50
    suit_stats:
      H: pts=[8, 21, 7, 16, 0, 0]  avg=8.67  p30=0.00  std=7.74
      D: pts=[18, 3, 0, 16, 25, 0]  avg=10.33  p30=0.00  std=9.78
      C: pts=[19, 6]  avg=12.50  p30=6.00  std=6.50
    failed_checks:
      H: p30 0.00 < 15; conf_mean 4.80 < 15
      D: p30 0.00 < 15; conf_mean 5.45 < 15
      C: p30 6.00 < 15; conf_mean 9.25 < 15
    reason: Pass: No suit meets thresholds. Best suit C has p30=6.00, conf_mean=9.25 below min_allowed=16 (current_high=0, raise_delta=+1). Failed checks for best suit: p30 6.00 < 15, conf_mean 9.25 < 15.
Bid: Player 3 proposes 21 (min_allowed=16)
  bidding analysis:
    present_suits: D, C, S
    current_high=0  min_allowed=16  raise_delta=1
    chosen_suit: S
    proposed_bid: 21
    overall: avg=22.17  p30=18.00  std=4.37
    suit_stats:
      D: pts=[19, 19, 0, 16, 18, 0]  avg=12.00  p30=0.00  std=8.54
      S: pts=[21, 18, 28, 21, 28, 17]  avg=22.17  p30=18.00  std=4.37
      C: pts=[0, 0]  avg=0.00  p30=0.00  std=0.00
    reason: Bid: Suit S meets thresholds (p30=18.00, conf_mean=19.98 >= min_allowed=16); conservative mapping max(p30, avg-1) -> 21. (current_high=0, raise_delta=+1)

AUCTION WINNER: Player 3 with bid 21; chooses trump S 
Details={'chosen': 'S', 'estimates': {'D': 9, 'C': 3, 'S': 10}}
Player 0 hand :  ['AC', 'JS', 'QH', '8S', '10S', 'KS', 'KH', 'JC']
Player 1 hand :  ['9H', 'AD', '9D', '10C', '9C', 'QD', '7S', 'AH']
Player 2 hand :  ['7D', '8H', 'QC', '7C', 'AS', 'KD', '8D', '10H']
Player 3 hand :  ['9S', 'KC', 'JD', '7H', '10D', '8C', 'JH']
Player 0 (auction 4 cards): ['AC', 'JS', 'QH', '8S']
Player 1 (auction 4 cards): ['9H', 'AD', '9D', '10C']
Player 2 (auction 4 cards): ['7D', '8H', 'QC', '7C']
Player 3 (auction 4 cards): ['QS', '9S', 'KC', 'JD']
Auction winner (bidder): Player 3 with bid 21
Bidder sets concealed trump suit: S
Phase: concealed, bidder concealed card: QS

Player 0 plays AC
Player 1 plays 10C
Player 2 plays QC
Player 3 plays KC
Player 0 won the hand: 2 points

Player 0 plays JS
Player 1 plays 7S
Player 2 plays AS
Player 3 plays 9S
Player 0 won the hand: 6 points

Player 0 plays QH
Player 1 plays 9H
Player 2 plays 8H
Player 3 plays 7H
Player 1 won the hand: 2 points

Player 1 plays AD
Player 2 plays 7D
Player 3 plays JD
-- Phase 2 begins: Trump revealed as S by Player 0 on trick 4 --
Player 0 plays 8S
Player 0 won the hand: 4 points

Player 0 plays 10S
Player 1 plays 9D
Player 2 plays 7C
Player 3 plays QS
Player 0 won the hand: 3 points

Player 0 plays KS
Player 1 plays 9C
Player 2 plays KD
Player 3 plays 10D
Player 0 won the hand: 3 points

Player 0 plays KH
Player 1 plays AH
Player 2 plays 10H
Player 3 plays JH
Player 3 won the hand: 5 points

Player 3 plays 8C
Player 0 plays JC
Player 1 plays QD
Player 2 plays 8D
Player 0 won the hand: 3 points

Game 3 final points: Team A=21, Team B=7
Series cumulative game score so far: Team A=1, Team B=-3
Log saved to: c:\Users\laksh\Desktop\Projects\28bot\logs\game28\mcts_games\game_3_20250819_163525_927398.log
