
===== GAME 1 (20250820_225413_762769) =====

===== AUCTION =====
Bid: Player 0 proposes 18 (min_allowed=16)
  bidding analysis:
    present_suits: H, D, C
    current_high=0  min_allowed=16  raise_delta=1
    chosen_suit: D
    proposed_bid: 18
    overall: avg=18.25  p30=18.00  std=4.24
    suit_stats:
      D: pts=[20, 9, 18, 16, 19, 25 ...]  avg=18.25  p30=18.00  std=4.24
      H: pts=[]
      C: pts=[]
    reason: Bid: Suit D meets thresholds (p30=18.00, conf_mean=16.13 >= min_allowed=16); conservative mapping max(p30, avg-1) -> 18. (current_high=0, raise_delta=+1)
Pass (locked): Player 1 (min_allowed=19)
  bidding analysis:
    present_suits: H, C, S
    current_high=18  min_allowed=19  raise_delta=1
    overall: avg=13.75  p30=10.00  std=5.99
    suit_stats:
      S: pts=[6, 5, 22, 19, 15, 20 ...]  avg=13.75  p30=10.00  std=5.99
      H: pts=[]
      C: pts=[]
    failed_checks:
      H: p30 0.00 < 18; conf_mean 0.00 < 18
      C: p30 0.00 < 18; conf_mean 0.00 < 18
      S: p30 10.00 < 18; conf_mean 10.75 < 18
    reason: Pass: No suit meets thresholds. Best suit S has p30=10.00, conf_mean=10.75 below min_allowed=19 (current_high=18, raise_delta=+1). Failed checks for best suit: p30 10.00 < 18, conf_mean 10.75 < 18.
Pass (locked): Player 2 (min_allowed=19)
  bidding analysis:
    present_suits: D, C
    current_high=18  min_allowed=19  raise_delta=1
    overall: avg=16.25  p30=15.00  std=4.21
    suit_stats:
      D: pts=[20, 16, 8, 18, 21, 12 ...]  avg=16.25  p30=15.00  std=4.21
      C: pts=[]
    failed_checks:
      D: p30 15.00 < 18; conf_mean 14.15 < 18
      C: p30 0.00 < 18; conf_mean 0.00 < 18
    reason: Pass: No suit meets thresholds. Best suit D has p30=15.00, conf_mean=14.15 below min_allowed=19 (current_high=18, raise_delta=+1). Failed checks for best suit: p30 15.00 < 18, conf_mean 14.15 < 18.
Pass (locked): Player 3 (min_allowed=19)
  bidding analysis:
    present_suits: H, S
    current_high=18  min_allowed=19  raise_delta=1
    overall: avg=15.50  p30=15.00  std=3.08
    suit_stats:
      S: pts=[16, 19, 19, 9, 13, 15 ...]  avg=15.50  p30=15.00  std=3.08
      H: pts=[10]  avg=10.00  p30=10.00  std=0.00
    failed_checks:
      H: p30 10.00 < 18; conf_mean 10.00 < 18
      S: p30 15.00 < 18; conf_mean 13.96 < 18
    reason: Pass: No suit meets thresholds. Best suit S has p30=15.00, conf_mean=13.96 below min_allowed=19 (current_high=18, raise_delta=+1). Failed checks for best suit: p30 15.00 < 18, conf_mean 13.96 < 18.

AUCTION WINNER: Player 0 with bid 18; chooses trump C 
Details={'chosen': 'C', 'estimates': {'H': 9.0, 'C': 21.0, 'D': 19.0}}
Player 0 hand :  ['JH', 'JD', '7D', '7C', '10C', '8C', '8S']
Player 1 hand :  ['7S', 'QC', '7H', 'KS', '8H', '9H', 'KH', 'QS']
Player 2 hand :  ['QD', 'AC', '8D', 'AD', '10D', 'KD', 'KC', '10H']
Player 3 hand :  ['AH', '10S', 'AS', 'QH', 'JS', 'JC', '9D', '9S']
Player 0 (auction 4 cards): ['JH', 'JD', '7D', '9C']
Player 1 (auction 4 cards): ['7S', 'QC', '7H', 'KS']
Player 2 (auction 4 cards): ['QD', 'AC', '8D', 'AD']
Player 3 (auction 4 cards): ['AH', '10S', 'AS', 'QH']
Auction winner (bidder): Player 0 with bid 18
Bidder sets concealed trump suit: C
Phase: concealed, bidder concealed card: 9C

Player 0 plays JH
Player 1 plays 7H
Player 2 plays 10H
Player 3 plays AH
Player 0 won the hand: 5 points

Player 0 plays JD
Player 1 plays 7S
Player 2 plays QD
Player 3 plays 9D
Player 0 won the hand: 5 points

Player 0 plays 7D
-- Phase 2 begins: Trump revealed as C by Player 1 on trick 3 --
Player 1 plays QC
Player 2 plays 8D
Player 3 plays 10S
Player 1 won the hand: 1 points

Player 1 plays KS
Player 2 plays AC
Player 3 plays AS
Player 0 plays 8S
Player 2 won the hand: 2 points

Player 2 plays AD
Player 3 plays QH
Player 0 plays 7C
Player 1 plays 8H
Player 0 won the hand: 1 points

Player 0 plays 10C
Player 1 plays 9H
Player 2 plays KC
Player 3 plays JC
Player 3 won the hand: 6 points

Player 3 plays JS
Player 0 plays 8C
Player 1 plays QS
Player 2 plays 10D
Player 0 won the hand: 4 points

Player 0 plays 9C
Player 1 plays KH
Player 2 plays KD
Player 3 plays 9S
Player 0 won the hand: 4 points

Game 1 final points: Team A=21, Team B=7
Series cumulative game score so far: Team A=1, Team B=0
Log saved to: c:\Users\laksh\Desktop\Projects\28bot\logs\game28\mcts_games\game_1_20250820_225413_762769.log
