
===== GAME 16 (20250821_105848_849394) =====

===== AUCTION =====
Pass (locked): Player 0 (min_allowed=16)
  bidding analysis:
    present_suits: H, D, S
    current_high=0  min_allowed=16  raise_delta=1
    overall: avg=14.12  p30=9.00  std=6.43
    suit_stats:
      H: pts=[21, 9, 21, 16, 7, 7 ...]  avg=14.12  p30=9.00  std=6.43
      D: pts=[]
      S: pts=[]
    failed_checks:
      H: p30 9.00 < 15; conf_mean 10.91 < 15
      D: p30 0.00 < 15; conf_mean 0.00 < 15
      S: p30 0.00 < 15; conf_mean 0.00 < 15
    reason: Pass: No suit meets thresholds. Best suit H has p30=9.00, conf_mean=10.91 below min_allowed=16 (current_high=0, raise_delta=+1). Failed checks for best suit: p30 9.00 < 15, conf_mean 10.91 < 15.
Bid: Player 1 proposes 16 (min_allowed=16)
  bidding analysis:
    present_suits: H, C, S
    current_high=0  min_allowed=16  raise_delta=1
    chosen_suit: C
    proposed_bid: 16
    overall: avg=17.25  p30=16.00  std=4.18
    suit_stats:
      C: pts=[16, 9, 16, 17, 25, 18 ...]  avg=17.25  p30=16.00  std=4.18
      H: pts=[]
      S: pts=[]
    reason: Bid: Suit C meets thresholds (p30=16.00, conf_mean=15.16 >= min_allowed=16); conservative mapping max(p30, avg-1) -> 16. (current_high=0, raise_delta=+1)
Pass (locked): Player 2 (min_allowed=17)
  bidding analysis:
    present_suits: D, C, S
    current_high=16  min_allowed=17  raise_delta=1
    overall: avg=15.12  p30=15.00  std=2.20
    suit_stats:
      S: pts=[17, 12, 17, 17, 11, 16 ...]  avg=15.12  p30=15.00  std=2.20
      D: pts=[]
      C: pts=[]
    failed_checks:
      D: p30 0.00 < 16; conf_mean 0.00 < 16
      C: p30 0.00 < 16; conf_mean 0.00 < 16
      S: p30 15.00 < 16; conf_mean 14.02 < 16
    reason: Pass: No suit meets thresholds. Best suit S has p30=15.00, conf_mean=14.02 below min_allowed=17 (current_high=16, raise_delta=+1). Failed checks for best suit: p30 15.00 < 16, conf_mean 14.02 < 16.
Bid: Player 3 proposes 19 (min_allowed=17)
  bidding analysis:
    present_suits: H, D, C, S
    current_high=16  min_allowed=17  raise_delta=1
    chosen_suit: C
    proposed_bid: 19
    overall: avg=19.00  p30=19.00  std=0.00
    suit_stats:
      C: pts=[19]  avg=19.00  p30=19.00  std=0.00
      D: pts=[15]  avg=15.00  p30=15.00  std=0.00
      H: pts=[19]  avg=19.00  p30=19.00  std=0.00
      S: pts=[0]  avg=0.00  p30=0.00  std=0.00
    reason: Bid: Suit C meets thresholds (p30=19.00, conf_mean=19.00 >= min_allowed=17); conservative mapping max(p30, avg-1) -> 19. (current_high=16, raise_delta=+1)
Pass (locked): Player 1 (min_allowed=20)
  bidding analysis:
    present_suits: H, C, S
    current_high=19  min_allowed=20  raise_delta=1
    overall: avg=15.62  p30=14.00  std=3.60
    suit_stats:
      C: pts=[23, 15, 15, 19, 10, 14 ...]  avg=15.62  p30=14.00  std=3.60
      H: pts=[]
      S: pts=[]
    failed_checks:
      H: p30 0.00 < 19; conf_mean 0.00 < 19
      C: p30 14.00 < 19; conf_mean 13.82 < 19
      S: p30 0.00 < 19; conf_mean 0.00 < 19
    reason: Pass: No suit meets thresholds. Best suit C has p30=14.00, conf_mean=13.82 below min_allowed=20 (current_high=19, raise_delta=+1). Failed checks for best suit: p30 14.00 < 19, conf_mean 13.82 < 19.

AUCTION WINNER: Player 3 with bid 19; chooses trump S 
Details={'chosen': 'S', 'estimates': {'D': 14.0, 'C': 6.0, 'S': 20.0, 'H': 10.0}}
Player 0 hand :  ['9H', 'QS', 'QD', '10H', 'KD', '10C', '10D', '7C']
Player 1 hand :  ['9C', '8C', '9S', '7H', '9D', '8D', 'AD', 'JS']
Player 2 hand :  ['KC', '10S', 'JD', '8S', 'AH', 'AC', 'KH', '7S']
Player 3 hand :  ['7D', 'JC', 'JH', 'KS', 'QC', 'QH', '8H']
Player 0 (auction 4 cards): ['9H', 'QS', 'QD', '10H']
Player 1 (auction 4 cards): ['9C', '8C', '9S', '7H']
Player 2 (auction 4 cards): ['KC', '10S', 'JD', '8S']
Player 3 (auction 4 cards): ['7D', 'JC', 'JH', 'AS']
Auction winner (bidder): Player 3 with bid 19
Bidder sets concealed trump suit: S
Phase: concealed, bidder concealed card: AS

Player 0 plays 9H
Player 1 plays 7H
Player 2 plays AH
Player 3 plays JH
Player 3 won the hand: 6 points

Player 3 plays 7D
Player 0 plays QD
Player 1 plays 9D
Player 2 plays JD
Player 2 won the hand: 5 points

Player 2 plays KC
Player 3 plays JC
Player 0 plays 10C
Player 1 plays 9C
Player 3 won the hand: 6 points

Player 3 plays QC
Player 0 plays 7C
Player 1 plays 8C
Player 2 plays AC
Player 2 won the hand: 1 points

Player 2 plays 10S
Player 3 plays KS
Player 0 plays QS
Player 1 plays 9S
Player 1 won the hand: 3 points

Player 1 plays 8D
-- Phase 2 begins: Trump revealed as S by Player 2 on trick 6 --
Player 2 plays 8S
Player 3 plays QH
Player 0 plays KD
Player 2 won the hand: 0 points

Player 2 plays KH
Player 3 plays 8H
Player 0 plays 10H
Player 1 plays AD
Player 0 won the hand: 2 points

Player 0 plays 10D
Player 1 plays JS
Player 2 plays 7S
Player 3 plays AS
Player 1 won the hand: 5 points

Game 16 final points: Team A=8, Team B=20
Series cumulative game score so far: Team A=-5, Team B=-2
Log saved to: C:\Users\laksh\Desktop\Projects\28bot\logs\game28\mcts_games\game_16_20250821_105848_849394.log
