
===== GAME 62 (20250822_151313_461184) =====

===== AUCTION =====
Bid: Player 0 proposes 19 (min_allowed=16)
  bidding analysis:
    present_suits: H, S
    current_high=0  min_allowed=16  raise_delta=1
    chosen_suit: S
    proposed_bid: 19
    overall: avg=20.75  p30=19.00  std=5.44
    suit_stats:
      S: pts=[23, 28, 23, 19, 20, 27 ...]  avg=20.75  p30=19.00  std=5.44
      H: pts=[]
    reason: Bid: Suit S meets thresholds (p30=19.00, conf_mean=18.03 >= min_allowed=16); conservative mapping max(p30, avg-1) -> 19. (current_high=0, raise_delta=+1)
Pass (locked): Player 1 (min_allowed=20)
  bidding analysis:
    present_suits: H, D, C, S
    current_high=19  min_allowed=20  raise_delta=1
    overall: avg=18.00  p30=18.00  std=0.00
    suit_stats:
      S: pts=[17]  avg=17.00  p30=17.00  std=0.00
      D: pts=[18]  avg=18.00  p30=18.00  std=0.00
      H: pts=[14]  avg=14.00  p30=14.00  std=0.00
      C: pts=[18]  avg=18.00  p30=18.00  std=0.00
    failed_checks:
      H: p30 14.00 < 19; conf_mean 14.00 < 19
      D: p30 18.00 < 19; conf_mean 18.00 < 19
      C: p30 18.00 < 19; conf_mean 18.00 < 19
      S: p30 17.00 < 19; conf_mean 17.00 < 19
    reason: Pass: No suit meets thresholds. Best suit D has p30=18.00, conf_mean=18.00 below min_allowed=20 (current_high=19, raise_delta=+1). Failed checks for best suit: p30 18.00 < 19, conf_mean 18.00 < 19.
Pass (locked): Player 2 (min_allowed=20)
  bidding analysis:
    present_suits: H, D, C
    current_high=19  min_allowed=20  raise_delta=1
    overall: avg=15.75  p30=15.00  std=5.33
    failed_checks:
      H: p30 15.00 < 19; conf_mean 13.08 < 19
      D: p30 0.00 < 19; conf_mean 0.00 < 19
      C: p30 0.00 < 19; conf_mean 0.00 < 19
    reason: Pass: No suit meets thresholds. Best suit H has p30=15.00, conf_mean=13.08 below min_allowed=20 (current_high=19, raise_delta=+1). Failed checks for best suit: p30 15.00 < 19, conf_mean 13.08 < 19.
Pass (locked): Player 3 (min_allowed=20)
  bidding analysis:
    present_suits: D, C, S
    current_high=19  min_allowed=20  raise_delta=1
    overall: avg=0.00  p30=0.00  std=0.00
    failed_checks:
      D: p30 0.00 < 19; conf_mean 0.00 < 19
      C: p30 0.00 < 19; conf_mean 0.00 < 19
    reason: Pass: No suit meets thresholds. Best suit D has p30=0.00, conf_mean=0.00 below min_allowed=20 (current_high=19, raise_delta=+1). Failed checks for best suit: p30 0.00 < 19, conf_mean 0.00 < 19.

AUCTION WINNER: Player 0 with bid 19; chooses trump S 
Details={'chosen': 'S', 'estimates': {'H': 17.0, 'S': 18.0}}
Player 0 hand :  ['9H', '10S', '9S', '8H', 'AS', 'KD', '7S']
Player 1 hand :  ['QH', 'JD', '8S', 'QC', 'KC', 'AH', '10D', 'JH']
Player 2 hand :  ['QD', '8C', '10H', 'JC', '9D', 'KH', '8D', 'JS']
Player 3 hand :  ['QS', '7D', 'AD', '10C', '9C', 'AC', '7H', '7C']
Player 0 (auction 4 cards): ['9H', '10S', '9S', 'KS']
Player 1 (auction 4 cards): ['QH', 'JD', '8S', 'QC']
Player 2 (auction 4 cards): ['QD', '8C', '10H', 'JC']
Player 3 (auction 4 cards): ['QS', '7D', 'AD', '10C']
Auction winner (bidder): Player 0 with bid 19
Bidder sets concealed trump suit: S
Phase: concealed, bidder concealed card: KS

Player 0 plays 9H
Player 1 plays QH
Player 2 plays 10H
Player 3 plays 7H
Player 0 won the hand: 3 points

Player 0 plays 8H
Player 1 plays AH
Player 2 plays KH
-- Phase 2 begins: Trump revealed as S by Player 3 on trick 2 --
Player 3 plays QS
Player 3 won the hand: 1 points

Player 3 plays 7D
Player 0 plays KD
Player 1 plays JD
Player 2 plays QD
Player 1 won the hand: 3 points

Player 1 plays 8S
Player 2 plays JS
Player 3 plays AD
Player 0 plays 10S
Player 2 won the hand: 5 points

Player 2 plays 8C
Player 3 plays 10C
Player 0 plays 9S
Player 1 plays QC
Player 0 won the hand: 3 points

Player 0 plays AS
Player 1 plays KC
Player 2 plays JC
Player 3 plays 9C
Player 0 won the hand: 6 points

Player 0 plays 7S
Player 1 plays 10D
Player 2 plays 9D
Player 3 plays AC
Player 0 won the hand: 4 points

Player 0 plays KS
Player 1 plays JH
Player 2 plays 8D
Player 3 plays 7C
Player 0 won the hand: 3 points

Game 62 final points: Team A=24, Team B=4
Series cumulative game score so far: Team A=-10, Team B=3
Log saved to: c:\Users\laksh\Desktop\Projects\28bot\logs\game28\mcts_games\game_62_20250822_151313_461184.log
