
===== GAME 24 (20250820_145651_834096) =====

===== AUCTION =====
Pass (locked): Player 0 (min_allowed=16)
  bidding analysis:
    present_suits: H, D, C, S
    current_high=0  min_allowed=16  raise_delta=1
    overall: avg=10.00  p30=1.00  std=8.52
    suit_stats:
      H: pts=[13, 0, 12, 9, 13, 0]  avg=7.83  p30=0.00  std=5.70
      C: pts=[0, 11, 19, 20, 0, 7]  avg=9.50  p30=0.00  std=8.06
      S: pts=[8, 20, 23, 0, 11, 0]  avg=10.33  p30=0.00  std=8.88
      D: pts=[0, 17, 4, 21, 17, 1]  avg=10.00  p30=1.00  std=8.52
    failed_checks:
      H: p30 0.00 < 15; conf_mean 4.98 < 15
      D: p30 1.00 < 15; conf_mean 5.74 < 15
      C: p30 0.00 < 15; conf_mean 5.47 < 15
      S: p30 0.00 < 15; conf_mean 5.89 < 15
    reason: Pass: No suit meets thresholds. Best suit D has p30=1.00, conf_mean=5.74 below min_allowed=16 (current_high=0, raise_delta=+1). Failed checks for best suit: p30 1.00 < 15, conf_mean 5.74 < 15.
Pass (locked): Player 1 (min_allowed=16)
  bidding analysis:
    present_suits: H, D, C
    current_high=0  min_allowed=16  raise_delta=1
    overall: avg=16.75  p30=18.00  std=5.17
    suit_stats:
      H: pts=[18, 8, 20, 21]  avg=16.75  p30=18.00  std=5.17
      D: pts=[]
      C: pts=[]
    failed_checks:
      H: conf_mean 14.17 < 15
      D: p30 0.00 < 15; conf_mean 0.00 < 15
      C: p30 0.00 < 15; conf_mean 0.00 < 15
    reason: Pass: No suit meets thresholds. Best suit H has p30=18.00, conf_mean=14.17 below min_allowed=16 (current_high=0, raise_delta=+1). Failed checks for best suit: conf_mean 14.17 < 15.
Pass (locked): Player 2 (min_allowed=16)
  bidding analysis:
    present_suits: H, C, S
    current_high=0  min_allowed=16  raise_delta=1
    overall: avg=11.50  p30=7.00  std=9.23
    suit_stats:
      S: pts=[0, 7, 25, 14]  avg=11.50  p30=7.00  std=9.23
      H: pts=[]
      C: pts=[]
    failed_checks:
      H: p30 0.00 < 15; conf_mean 0.00 < 15
      C: p30 0.00 < 15; conf_mean 0.00 < 15
      S: p30 7.00 < 15; conf_mean 6.88 < 15
    reason: Pass: No suit meets thresholds. Best suit S has p30=7.00, conf_mean=6.88 below min_allowed=16 (current_high=0, raise_delta=+1). Failed checks for best suit: p30 7.00 < 15, conf_mean 6.88 < 15.
Pass (locked): Player 3 (min_allowed=16)
  bidding analysis:
    present_suits: D, C, S
    current_high=0  min_allowed=16  raise_delta=1
    overall: avg=3.75  p30=0.00  std=4.92
    suit_stats:
      C: pts=[0, 3, 12, 0]  avg=3.75  p30=0.00  std=4.92
      D: pts=[]
      S: pts=[]
    failed_checks:
      D: p30 0.00 < 15; conf_mean 0.00 < 15
      C: p30 0.00 < 15; conf_mean 1.29 < 15
      S: p30 0.00 < 15; conf_mean 0.00 < 15
    reason: Pass: No suit meets thresholds. Best suit C has p30=0.00, conf_mean=1.29 below min_allowed=16 (current_high=0, raise_delta=+1). Failed checks for best suit: p30 0.00 < 15, conf_mean 1.29 < 15.
Forced bid: All players passed. Player 0 takes minimum bid 16.

AUCTION WINNER: Player 0 with bid 16; chooses trump S 
Details={'chosen': 'S', 'estimates': {'D': 5.833333333333333, 'H': 8.5, 'C': 9.5, 'S': 12.166666666666666}}
Player 0 hand :  ['10D', '10H', 'AC', 'AS', 'JC', '9S', 'QS']
Player 1 hand :  ['JH', '9D', '8H', 'QC', '9H', '7H', '7D', 'QH']
Player 2 hand :  ['AH', '10C', '7S', 'JS', 'KH', '10S', '8D', 'AD']
Player 3 hand :  ['KC', 'KS', '8C', 'KD', '7C', 'JD', '9C', 'QD']
Player 0 (auction 4 cards): ['10D', '8S', '10H', 'AC']
Player 1 (auction 4 cards): ['JH', '9D', '8H', 'QC']
Player 2 (auction 4 cards): ['AH', '10C', '7S', 'JS']
Player 3 (auction 4 cards): ['KC', 'KS', '8C', 'KD']
Auction winner (bidder): Player 0 with bid 16
Bidder sets concealed trump suit: S
Phase: concealed, bidder concealed card: 8S

Player 0 plays 10D
Player 1 plays 9D
Player 2 plays 8D
Player 3 plays KD
Player 1 won the hand: 3 points

Player 1 plays JH
Player 2 plays AH
Player 3 plays KC
Player 0 plays 10H
Player 1 won the hand: 5 points

Player 1 plays 8H
Player 2 plays KH
-- Phase 2 begins: Trump revealed as S by Player 3 on trick 3 --
Player 3 plays KS
Player 0 plays AC
Player 3 won the hand: 1 points

Player 3 plays 8C
Player 0 plays JC
Player 1 plays QC
Player 2 plays 10C
Player 0 won the hand: 4 points

Player 0 plays AS
Player 1 plays 9H
Player 2 plays 7S
Player 3 plays 7C
Player 0 won the hand: 3 points

Player 0 plays 9S
Player 1 plays 7H
Player 2 plays JS
Player 3 plays JD
Player 2 won the hand: 8 points

Player 2 plays 10S
Player 3 plays 9C
Player 0 plays QS
Player 1 plays 7D
Player 2 won the hand: 3 points

Player 2 plays AD
Player 3 plays QD
Player 0 plays 8S
Player 1 plays QH
Player 0 won the hand: 1 points

Game 24 final points: Team A=19, Team B=9
Series cumulative game score so far: Team A=1, Team B=-1
Log saved to: c:\Users\laksh\Desktop\Projects\28bot\logs\game28\mcts_games\game_24_20250820_145651_834096.log
