
===== GAME 29 (20250825_095923_907960) =====

===== AUCTION =====
Bid: Player 0 proposes 17 (min_allowed=16)
  bidding analysis:
    present_suits: D, C, S
    current_high=0  min_allowed=16  raise_delta=1
    chosen_suit: C
    proposed_bid: 17
    overall: avg=18.31  p30=16.00  std=3.72
    suit_stats:
      C: pts=[23, 17, 21, 15, 17, 23 ...]  avg=18.31  p30=16.00  std=3.72
      D: pts=[]
      S: pts=[]
    reason: Bid: Suit C meets thresholds (p30=16.00, conf_mean=16.45 >= min_allowed=16); conservative mapping max(p30, avg-1) -> 17. (current_high=0, raise_delta=+1)
Pass (locked): Player 1 (min_allowed=18)
  bidding analysis:
    present_suits: H, D, C
    current_high=17  min_allowed=18  raise_delta=1
    overall: avg=10.44  p30=6.00  std=5.94
    suit_stats:
      D: pts=[10, 20, 8, 21, 3, 6 ...]  avg=10.44  p30=6.00  std=5.94
      H: pts=[]
      C: pts=[]
    failed_checks:
      H: p30 0.00 < 17; conf_mean 0.00 < 17
      D: p30 6.00 < 17; conf_mean 7.47 < 17
      C: p30 0.00 < 17; conf_mean 0.00 < 17
    reason: Pass: No suit meets thresholds. Best suit D has p30=6.00, conf_mean=7.47 below min_allowed=18 (current_high=17, raise_delta=+1). Failed checks for best suit: p30 6.00 < 17, conf_mean 7.47 < 17.
Pass (locked): Player 2 (min_allowed=18)
  bidding analysis:
    present_suits: H, C, S
    current_high=17  min_allowed=18  raise_delta=1
    overall: avg=15.25  p30=13.00  std=3.96
    failed_checks:
      H: p30 13.00 < 17; conf_mean 13.27 < 17
      S: p30 0.00 < 17; conf_mean 0.00 < 17
    reason: Pass: No suit meets thresholds. Best suit H has p30=13.00, conf_mean=13.27 below min_allowed=18 (current_high=17, raise_delta=+1). Failed checks for best suit: p30 13.00 < 17, conf_mean 13.27 < 17.
Pass (locked): Player 3 (min_allowed=18)
  bidding analysis:
    present_suits: C, S
    current_high=17  min_allowed=18  raise_delta=1
    overall: avg=12.88  p30=7.00  std=8.12
    suit_stats:
      C: pts=[4, 26, 18, 22, 1, 7 ...]  avg=12.88  p30=7.00  std=8.12
      S: pts=[6]  avg=6.00  p30=6.00  std=0.00
    failed_checks:
      C: p30 7.00 < 17; conf_mean 8.81 < 17
      S: p30 6.00 < 17; conf_mean 6.00 < 17
    reason: Pass: No suit meets thresholds. Best suit C has p30=7.00, conf_mean=8.81 below min_allowed=18 (current_high=17, raise_delta=+1). Failed checks for best suit: p30 7.00 < 17, conf_mean 8.81 < 17.

AUCTION WINNER: Player 0 with bid 17; chooses trump C 
Details={'chosen': 'C', 'estimates': {'D': 14.0, 'C': 15.0, 'S': 15.0}}
Player 0 hand :  ['KD', '10C', 'JS', 'JH', '8S', '9D', 'AS']
Player 1 hand :  ['7C', '10D', '9H', '8D', '8C', 'AH', 'JD', '9S']
Player 2 hand :  ['8H', 'QS', '7H', 'QC', 'QD', '7D', 'AD', 'QH']
Player 3 hand :  ['KS', 'KC', 'AC', '10S', '7S', '9C', 'KH', '10H']
Player 0 (auction 4 cards): ['KD', '10C', 'JC', 'JS']
Player 1 (auction 4 cards): ['7C', '10D', '9H', '8D']
Player 2 (auction 4 cards): ['8H', 'QS', '7H', 'QC']
Player 3 (auction 4 cards): ['KS', 'KC', 'AC', '10S']
Auction winner (bidder): Player 0 with bid 17
Bidder sets concealed trump suit: C
Phase: concealed, bidder concealed card: JC

Player 0 plays KD
Player 1 plays 10D
Player 2 plays QD
Player 3 plays KS
Player 1 won the hand: 1 points

Player 1 plays 7C
Player 2 plays QC
Player 3 plays KC
Player 0 plays 10C
Player 0 won the hand: 1 points

Player 0 plays JS
Player 1 plays 9S
Player 2 plays QS
Player 3 plays 10S
Player 0 won the hand: 6 points

Player 0 plays JH
Player 1 plays 9H
Player 2 plays 8H
Player 3 plays KH
Player 0 won the hand: 5 points

Player 0 plays 8S
Player 1 plays 8D
Player 2 plays 7H
Player 3 plays 7S
Player 0 won the hand: 0 points

Player 0 plays 9D
Player 1 plays JD
Player 2 plays 7D
-- Phase 2 begins: Trump revealed as C by Player 3 on trick 6 --
Player 3 plays AC
Player 3 won the hand: 6 points

Player 3 plays 9C
Player 0 plays JC
Player 1 plays 8C
Player 2 plays AD
Player 0 won the hand: 6 points

Player 0 plays AS
Player 1 plays AH
Player 2 plays QH
Player 3 plays 10H
Player 0 won the hand: 3 points

Game 29 final points: Team A=21, Team B=7
Series cumulative game score so far: Team A=-6, Team B=-3
Log saved to: c:\Users\laksh\Desktop\Projects\28bot\logs\game28\mcts_games\game_29_20250825_095923_907960.log
