
===== GAME 52 (20250821_113950_463694) =====

===== AUCTION =====
Bid: Player 0 proposes 24 (min_allowed=16)
  bidding analysis:
    present_suits: H, D, C, S
    current_high=0  min_allowed=16  raise_delta=1
    chosen_suit: C
    proposed_bid: 24
    overall: avg=24.00  p30=24.00  std=0.00
    suit_stats:
      D: pts=[19]  avg=19.00  p30=19.00  std=0.00
      C: pts=[24]  avg=24.00  p30=24.00  std=0.00
      S: pts=[15]  avg=15.00  p30=15.00  std=0.00
      H: pts=[7]  avg=7.00  p30=7.00  std=0.00
    reason: Bid: Suit C meets thresholds (p30=24.00, conf_mean=24.00 >= min_allowed=16); conservative mapping max(p30, avg-1) -> 24. (current_high=0, raise_delta=+1)
Pass (locked): Player 1 (min_allowed=25)
  bidding analysis:
    present_suits: H, C, S
    current_high=24  min_allowed=25  raise_delta=1
    overall: avg=11.00  p30=7.00  std=6.40
    suit_stats:
      C: pts=[9, 4, 4, 10, 7, 19 ...]  avg=11.00  p30=7.00  std=6.40
      H: pts=[]
      S: pts=[]
    failed_checks:
      H: p30 0.00 < 24; conf_mean 0.00 < 24
      C: p30 7.00 < 24; conf_mean 7.80 < 24
      S: p30 0.00 < 24; conf_mean 0.00 < 24
    reason: Pass: No suit meets thresholds. Best suit C has p30=7.00, conf_mean=7.80 below min_allowed=25 (current_high=24, raise_delta=+1). Failed checks for best suit: p30 7.00 < 24, conf_mean 7.80 < 24.
Pass (locked): Player 2 (min_allowed=25)
  bidding analysis:
    present_suits: H, C, S
    current_high=24  min_allowed=25  raise_delta=1
    overall: avg=12.00  p30=9.00  std=6.86
    suit_stats:
      S: pts=[9, 12, 1, 18, 17, 14 ...]  avg=12.00  p30=9.00  std=6.86
      H: pts=[]
      C: pts=[]
    failed_checks:
      H: p30 0.00 < 24; conf_mean 0.00 < 24
      C: p30 0.00 < 24; conf_mean 0.00 < 24
      S: p30 9.00 < 24; conf_mean 8.57 < 24
    reason: Pass: No suit meets thresholds. Best suit S has p30=9.00, conf_mean=8.57 below min_allowed=25 (current_high=24, raise_delta=+1). Failed checks for best suit: p30 9.00 < 24, conf_mean 8.57 < 24.
Pass (locked): Player 3 (min_allowed=25)
  bidding analysis:
    present_suits: H, D, C, S
    current_high=24  min_allowed=25  raise_delta=1
    overall: avg=21.00  p30=21.00  std=0.00
    suit_stats:
      S: pts=[15]  avg=15.00  p30=15.00  std=0.00
      C: pts=[16]  avg=16.00  p30=16.00  std=0.00
      H: pts=[19]  avg=19.00  p30=19.00  std=0.00
      D: pts=[21]  avg=21.00  p30=21.00  std=0.00
    failed_checks:
      H: p30 19.00 < 24; conf_mean 19.00 < 24
      D: p30 21.00 < 24; conf_mean 21.00 < 24
      C: p30 16.00 < 24; conf_mean 16.00 < 24
      S: p30 15.00 < 24; conf_mean 15.00 < 24
    reason: Pass: No suit meets thresholds. Best suit D has p30=21.00, conf_mean=21.00 below min_allowed=25 (current_high=24, raise_delta=+1). Failed checks for best suit: p30 21.00 < 24, conf_mean 21.00 < 24.

AUCTION WINNER: Player 0 with bid 24; chooses trump H 
Details={'chosen': 'H', 'estimates': {'S': 14.0, 'C': 6.0, 'D': 15.0, 'H': 15.0}}
Player 0 hand :  ['KS', '7D', 'JC', '9H', '8D', '8C', '9D']
Player 1 hand :  ['7C', '9S', 'KC', 'AH', 'QS', 'JD', '10D', 'KD']
Player 2 hand :  ['7S', '7H', '10C', 'AS', '9C', 'KH', '10S', '8S']
Player 3 hand :  ['JS', 'QD', 'AC', '10H', 'JH', 'QC', 'AD', 'QH']
Player 0 (auction 4 cards): ['KS', '8H', '7D', 'JC']
Player 1 (auction 4 cards): ['7C', '9S', 'KC', 'AH']
Player 2 (auction 4 cards): ['7S', '7H', '10C', 'AS']
Player 3 (auction 4 cards): ['JS', 'QD', 'AC', '10H']
Auction winner (bidder): Player 0 with bid 24
Bidder sets concealed trump suit: H
Phase: concealed, bidder concealed card: 8H

Player 0 plays KS
Player 1 plays 9S
Player 2 plays 7S
Player 3 plays JS
Player 3 won the hand: 5 points

Player 3 plays QD
Player 0 plays 7D
Player 1 plays JD
-- Phase 2 begins: Trump revealed as H by Player 2 on trick 2 --
Player 2 plays 7H
Player 2 won the hand: 3 points

Player 2 plays 10C
Player 3 plays AC
Player 0 plays JC
Player 1 plays 7C
Player 0 won the hand: 5 points

Player 0 plays 9H
Player 1 plays AH
Player 2 plays KH
Player 3 plays 10H
Player 0 won the hand: 4 points

Player 0 plays 8D
Player 1 plays 10D
Player 2 plays AS
Player 3 plays AD
Player 3 won the hand: 3 points

Player 3 plays JH
Player 0 plays 8H
Player 1 plays KC
Player 2 plays 9C
Player 3 won the hand: 5 points

Player 3 plays QC
Player 0 plays 8C
Player 1 plays QS
Player 2 plays 10S
Player 3 won the hand: 1 points

Player 3 plays QH
Player 0 plays 9D
Player 1 plays KD
Player 2 plays 8S
Player 3 won the hand: 2 points

Game 52 final points: Team A=12, Team B=16
Series cumulative game score so far: Team A=-6, Team B=-16
Log saved to: C:\Users\laksh\Desktop\Projects\28bot\logs\game28\mcts_games\game_52_20250821_113950_463694.log
