
===== GAME 1 (20250819_120327_230096) =====
Bid: Player 0 proposes 17 (min_allowed=16) – suit_scores={'D': [11, 6, 11, 16], 'C': [8, 16, 22, 22], 'S': [9, 23, 9, 11]} chosen=C p30=8 avg=17.0
Pass: Player 1 (min_allowed=18) – analysis={'present_suits': ['H', 'D'], 'suit_to_points': {'H': [15, 5, 14, 0], 'D': [14, 18, 11, 27]}, 'chosen_suit': 'D', 'avg_points': 17.5, 'p30_points': 11, 'proposed': None, 'current_high': 17}
Pass: Player 2 (min_allowed=18) – analysis={'present_suits': ['H', 'C'], 'suit_to_points': {'H': [13, 4, 25, 20], 'C': [13, 5, 12, 7]}, 'chosen_suit': 'H', 'avg_points': 15.5, 'p30_points': 4, 'proposed': None, 'current_high': 17}
Pass: Player 3 (min_allowed=18) – analysis={'present_suits': ['H', 'D', 'C', 'S'], 'suit_to_points': {'H': [0, 11, 0, 21], 'D': [15, 20, 8, 11], 'C': [12, 10, 20, 6], 'S': [14, 0, 0, 13]}, 'chosen_suit': 'D', 'avg_points': 13.5, 'p30_points': 8, 'proposed': None, 'current_high': 17}
Auction winner: Player 0 with bid 17; chooses trump C – details={'chosen': 'C', 'estimates': {'D': 9, 'C': 14, 'S': 3}}
Player 0 hand :  ['10C', 'QS', 'JD', 'AC', 'JS', '10D', '7S']
Player 1 hand :  ['7D', '9H', '8D', '9D', 'KD', 'JH', 'AH', '8C']
Player 2 hand :  ['KH', 'QC', '7H', 'KC', '10S', 'AS', '8H', '8S']
Player 3 hand :  ['9C', 'QH', '9S', 'QD', '10H', 'KS', '7C', 'AD']
Player 0 (auction 4 cards): ['10C', 'QS', 'JD', 'JC']
Player 1 (auction 4 cards): ['7D', '9H', '8D', '9D']
Player 2 (auction 4 cards): ['KH', 'QC', '7H', 'KC']
Player 3 (auction 4 cards): ['9C', 'QH', '9S', 'QD']
Auction winner (bidder): Player 0 with bid 17
Bidder sets concealed trump suit: C
Phase: concealed, bidder concealed card: JC

Player 0 plays QS
-- Phase 2 begins: Trump revealed as C by Player 1 on trick 1 --
Player 1 plays 8C
Player 2 plays 10S
Player 3 plays KS
Player 1 won the hand: 1 points

Player 1 plays 9H
Player 2 plays KH
Player 3 plays QH
Player 0 plays 10C
Player 0 won the hand: 3 points

Player 0 plays JD
Player 1 plays 7D
Player 2 plays QC
Player 3 plays QD
Player 2 won the hand: 3 points

Player 2 plays 7H
Player 3 plays 10H
Player 0 plays AC
Player 1 plays JH
Player 0 won the hand: 5 points

Player 0 plays JS
Player 1 plays 8D
Player 2 plays AS
Player 3 plays 9S
Player 0 won the hand: 6 points

Player 0 plays 7S
Player 1 plays KD
Player 2 plays 8S
Player 3 plays 7C
Player 3 won the hand: 0 points

Player 3 plays AD
Player 0 plays 10D
Player 1 plays 9D
Player 2 plays KC
Player 2 won the hand: 4 points

Player 2 plays 8H
Player 3 plays 9C
Player 0 plays JC
Player 1 plays AH
Player 0 won the hand: 6 points

Game 1 final points: Team A=27, Team B=1
Series cumulative game score so far: Team A=1, Team B=0
Log saved to: c:\Users\laksh\Desktop\Projects\28bot\logs\game28\mcts_games\game_1_20250819_120327_230096.log
