
===== GAME 74 (20250822_162804_686667) =====

===== AUCTION =====
Pass (locked): Player 0 (min_allowed=16)
  bidding analysis:
    present_suits: H, D, C
    current_high=0  min_allowed=16  raise_delta=1
    overall: avg=13.62  p30=10.00  std=4.90
    suit_stats:
      C: pts=[11, 14, 11, 14, 9, 8 ...]  avg=13.62  p30=10.00  std=4.90
      H: pts=[]
      D: pts=[]
    failed_checks:
      H: p30 0.00 < 15; conf_mean 0.00 < 15
      D: p30 0.00 < 15; conf_mean 0.00 < 15
      C: p30 10.00 < 15; conf_mean 11.18 < 15
    reason: Pass: No suit meets thresholds. Best suit C has p30=10.00, conf_mean=11.18 below min_allowed=16 (current_high=0, raise_delta=+1). Failed checks for best suit: p30 10.00 < 15, conf_mean 11.18 < 15.
Pass (locked): Player 1 (min_allowed=16)
  bidding analysis:
    present_suits: D, C, S
    current_high=0  min_allowed=16  raise_delta=1
    overall: avg=15.00  p30=15.00  std=6.96
    failed_checks:
      D: p30 0.00 < 15; conf_mean 0.00 < 15
      C: conf_mean 11.52 < 15
    reason: Pass: No suit meets thresholds. Best suit C has p30=15.00, conf_mean=11.52 below min_allowed=16 (current_high=0, raise_delta=+1). Failed checks for best suit: conf_mean 11.52 < 15.
Bid: Player 2 proposes 19 (min_allowed=16)
  bidding analysis:
    present_suits: H, D
    current_high=0  min_allowed=16  raise_delta=1
    chosen_suit: H
    proposed_bid: 19
    overall: avg=18.75  p30=19.00  std=3.63
    reason: Bid (precomputed): Suit H meets thresholds (p30=19.00, conf_mean=16.93 >= min_allowed=16); conservative mapping max(p30, avg-1) -> 19. (current_high=0, raise_delta=+1)
Pass (locked): Player 3 (min_allowed=20)
  bidding analysis:
    present_suits: D, C, S
    current_high=19  min_allowed=20  raise_delta=1
    overall: avg=12.00  p30=7.00  std=5.95
    suit_stats:
      C: pts=[10, 15, 2, 10, 17, 7 ...]  avg=12.00  p30=7.00  std=5.95
      D: pts=[]
      S: pts=[]
    failed_checks:
      D: p30 0.00 < 19; conf_mean 0.00 < 19
      C: p30 7.00 < 19; conf_mean 9.03 < 19
      S: p30 0.00 < 19; conf_mean 0.00 < 19
    reason: Pass: No suit meets thresholds. Best suit C has p30=7.00, conf_mean=9.03 below min_allowed=20 (current_high=19, raise_delta=+1). Failed checks for best suit: p30 7.00 < 19, conf_mean 9.03 < 19.

AUCTION WINNER: Player 2 with bid 19; chooses trump H 
Details={'chosen': 'H', 'estimates': {'H': 18.75, 'D': 11.5}}
Player 0 hand :  ['KD', 'QC', '8H', '8C', 'AH', '10C', '8D', '10S']
Player 1 hand :  ['7S', 'KC', '8S', 'QD', '7H', 'JD', '9C', '9H']
Player 2 hand :  ['10H', 'JH', '9D', 'JC', 'JS', '7D', '9S']
Player 3 hand :  ['AD', 'AC', 'QS', '7C', 'KH', 'KS', '10D', 'AS']
Player 0 (auction 4 cards): ['KD', 'QC', '8H', '8C']
Player 1 (auction 4 cards): ['7S', 'KC', '8S', 'QD']
Player 2 (auction 4 cards): ['10H', 'JH', '9D', 'QH']
Player 3 (auction 4 cards): ['AD', 'AC', 'QS', '7C']
Auction winner (bidder): Player 2 with bid 19
Bidder sets concealed trump suit: H
Phase: concealed, bidder concealed card: QH

Player 0 plays KD
Player 1 plays QD
Player 2 plays 9D
Player 3 plays AD
Player 2 won the hand: 3 points

Player 2 plays JC
Player 3 plays AC
Player 0 plays QC
Player 1 plays KC
Player 2 won the hand: 4 points

Player 2 plays JS
Player 3 plays QS
Player 0 plays 10S
Player 1 plays 7S
Player 2 won the hand: 4 points

Player 2 plays 7D
Player 3 plays 10D
Player 0 plays 8D
Player 1 plays JD
Player 1 won the hand: 4 points

Player 1 plays 8S
Player 2 plays 9S
Player 3 plays KS
-- Phase 2 begins: Trump revealed as H by Player 0 on trick 5 --
Player 0 plays 8H
Player 0 won the hand: 2 points

Player 0 plays 8C
Player 1 plays 9C
Player 2 plays 10H
Player 3 plays 7C
Player 2 won the hand: 3 points

Player 2 plays JH
Player 3 plays KH
Player 0 plays AH
Player 1 plays 7H
Player 2 won the hand: 4 points

Player 2 plays QH
Player 3 plays AS
Player 0 plays 10C
Player 1 plays 9H
Player 1 won the hand: 4 points

Game 74 final points: Team A=20, Team B=8
Series cumulative game score so far: Team A=-5, Team B=1
Log saved to: c:\Users\laksh\Desktop\Projects\28bot\logs\game28\mcts_games\game_74_20250822_162804_686667.log
