
===== GAME 71 (20250822_162338_587798) =====

===== AUCTION =====
Bid: Player 0 proposes 16 (min_allowed=16)
  bidding analysis:
    present_suits: H, D, S
    current_high=0  min_allowed=16  raise_delta=1
    chosen_suit: S
    proposed_bid: 16
    overall: avg=17.50  p30=15.00  std=2.98
    suit_stats:
      S: pts=[21, 20, 18, 18, 15, 12 ...]  avg=17.50  p30=15.00  std=2.98
      H: pts=[]
      D: pts=[]
    reason: Bid: Suit S meets thresholds (p30=15.00, conf_mean=16.01 >= min_allowed=16); conservative mapping max(p30, avg-1) -> 16. (current_high=0, raise_delta=+1)
Pass (locked): Player 1 (min_allowed=17)
  bidding analysis:
    present_suits: H, D, C
    current_high=16  min_allowed=17  raise_delta=1
    overall: avg=15.50  p30=14.00  std=3.77
    failed_checks:
      H: p30 0.00 < 16; conf_mean 0.00 < 16
      D: p30 0.00 < 16; conf_mean 0.00 < 16
      C: p30 14.00 < 16; conf_mean 13.61 < 16
    reason: Pass: No suit meets thresholds. Best suit C has p30=14.00, conf_mean=13.61 below min_allowed=17 (current_high=16, raise_delta=+1). Failed checks for best suit: p30 14.00 < 16, conf_mean 13.61 < 16.
Pass (locked): Player 2 (min_allowed=17)
  bidding analysis:
    present_suits: H, C, S
    current_high=16  min_allowed=17  raise_delta=1
    overall: avg=13.38  p30=10.00  std=4.74
    failed_checks:
      H: p30 10.00 < 16; conf_mean 11.00 < 16
      S: p30 0.00 < 16; conf_mean 0.00 < 16
    reason: Pass: No suit meets thresholds. Best suit H has p30=10.00, conf_mean=11.00 below min_allowed=17 (current_high=16, raise_delta=+1). Failed checks for best suit: p30 10.00 < 16, conf_mean 11.00 < 16.
Pass (locked): Player 3 (min_allowed=17)
  bidding analysis:
    present_suits: H, C
    current_high=16  min_allowed=17  raise_delta=1
    overall: avg=15.19  p30=13.00  std=4.50
    suit_stats:
      C: pts=[12, 9, 19, 21, 20, 14 ...]  avg=15.19  p30=13.00  std=4.50
      H: pts=[]
    failed_checks:
      H: p30 0.00 < 16; conf_mean 0.00 < 16
      C: p30 13.00 < 16; conf_mean 12.94 < 16
    reason: Pass: No suit meets thresholds. Best suit C has p30=13.00, conf_mean=12.94 below min_allowed=17 (current_high=16, raise_delta=+1). Failed checks for best suit: p30 13.00 < 16, conf_mean 12.94 < 16.

AUCTION WINNER: Player 0 with bid 16; chooses trump S 
Details={'chosen': 'S', 'estimates': {'D': 19.0, 'H': 12.0, 'S': 22.0}}
Player 0 hand :  ['JH', 'JD', '10S', 'KS', 'AS', 'AD', 'QD']
Player 1 hand :  ['9C', '9D', 'JC', 'QH', '7S', 'AC', '8D', '8H']
Player 2 hand :  ['8S', '7H', 'AH', 'KC', '10H', '10D', 'KH', '7D']
Player 3 hand :  ['10C', 'QC', '8C', '9H', 'JS', '7C', '9S', 'KD']
Player 0 (auction 4 cards): ['JH', 'JD', 'QS', '10S']
Player 1 (auction 4 cards): ['9C', '9D', 'JC', 'QH']
Player 2 (auction 4 cards): ['8S', '7H', 'AH', 'KC']
Player 3 (auction 4 cards): ['10C', 'QC', '8C', '9H']
Auction winner (bidder): Player 0 with bid 16
Bidder sets concealed trump suit: S
Phase: concealed, bidder concealed card: QS

Player 0 plays JH
Player 1 plays QH
Player 2 plays 7H
Player 3 plays 9H
Player 0 won the hand: 5 points

Player 0 plays JD
Player 1 plays 9D
Player 2 plays 10D
Player 3 plays KD
Player 0 won the hand: 6 points

Player 0 plays AD
Player 1 plays 8D
Player 2 plays 7D
Player 3 plays 10C
Player 0 won the hand: 2 points

Player 0 plays QD
Player 1 plays 9C
-- Phase 2 begins: Trump revealed as S by Player 2 on trick 4 --
Player 2 plays 8S
Player 3 plays QC
Player 2 won the hand: 2 points

Player 2 plays AH
Player 3 plays 8C
Player 0 plays 10S
Player 1 plays 8H
Player 0 won the hand: 2 points

Player 0 plays KS
Player 1 plays 7S
Player 2 plays KC
Player 3 plays JS
Player 3 won the hand: 3 points

Player 3 plays 7C
Player 0 plays AS
Player 1 plays JC
Player 2 plays 10H
Player 0 won the hand: 5 points

Player 0 plays QS
Player 1 plays AC
Player 2 plays KH
Player 3 plays 9S
Player 3 won the hand: 3 points

Game 71 final points: Team A=22, Team B=6
Series cumulative game score so far: Team A=-6, Team B=2
Log saved to: c:\Users\laksh\Desktop\Projects\28bot\logs\game28\mcts_games\game_71_20250822_162338_587798.log
