
===== GAME 58 (20250825_131740_561544) =====

===== AUCTION =====
Pass (locked): Player 0 (min_allowed=16)
  bidding analysis:
    present_suits: D, C, S
    current_high=0  min_allowed=16  raise_delta=1
    overall: avg=13.50  p30=12.00  std=4.18
    failed_checks:
      D: p30 12.00 < 15; conf_mean 11.41 < 15
      C: p30 0.00 < 15; conf_mean 0.00 < 15
      S: p30 0.00 < 15; conf_mean 0.00 < 15
    reason: Pass: No suit meets thresholds. Best suit D has p30=12.00, conf_mean=11.41 below min_allowed=16 (current_high=0, raise_delta=+1). Failed checks for best suit: p30 12.00 < 15, conf_mean 11.41 < 15.
Pass (locked): Player 1 (min_allowed=16)
  bidding analysis:
    present_suits: H, D, C
    current_high=0  min_allowed=16  raise_delta=1
    overall: avg=0.00  p30=0.00  std=0.00
    failed_checks:
      H: p30 0.00 < 15; conf_mean 0.00 < 15
      C: p30 0.00 < 15; conf_mean 0.00 < 15
    reason: Pass: No suit meets thresholds. Best suit H has p30=0.00, conf_mean=0.00 below min_allowed=16 (current_high=0, raise_delta=+1). Failed checks for best suit: p30 0.00 < 15, conf_mean 0.00 < 15.
Pass (locked): Player 2 (min_allowed=16)
  bidding analysis:
    present_suits: D, C, S
    current_high=0  min_allowed=16  raise_delta=1
    overall: avg=0.00  p30=0.00  std=0.00
    failed_checks:
      D: p30 0.00 < 15; conf_mean 0.00 < 15
      S: p30 0.00 < 15; conf_mean 0.00 < 15
    reason: Pass: No suit meets thresholds. Best suit D has p30=0.00, conf_mean=0.00 below min_allowed=16 (current_high=0, raise_delta=+1). Failed checks for best suit: p30 0.00 < 15, conf_mean 0.00 < 15.
Pass (locked): Player 3 (min_allowed=16)
  bidding analysis:
    present_suits: H, D
    current_high=0  min_allowed=16  raise_delta=1
    overall: avg=10.50  p30=4.00  std=6.50
    failed_checks:
      H: p30 4.00 < 15; conf_mean 7.25 < 15
    reason: Pass: No suit meets thresholds. Best suit H has p30=4.00, conf_mean=7.25 below min_allowed=16 (current_high=0, raise_delta=+1). Failed checks for best suit: p30 4.00 < 15, conf_mean 7.25 < 15.
Forced bid: All players passed. Player 0 takes minimum bid 16.

AUCTION WINNER: Player 0 with bid 16; chooses trump D 
Details={'chosen': 'D', 'estimates': {'D': 13.5, 'C': 0.0, 'S': 0.0}}
Player 0 hand :  ['8S', '10D', '10C', 'KC', '8C', '7C', '7S']
Player 1 hand :  ['QC', 'JD', 'QH', 'JC', '7H', 'AC', 'JS', 'KD']
Player 2 hand :  ['10S', '9D', 'QS', '9C', '9H', 'KS', '9S', '10H']
Player 3 hand :  ['KH', '8D', 'QD', 'AH', 'AS', 'JH', '8H', '7D']
Player 0 (auction 4 cards): ['8S', '10D', '10C', 'AD']
Player 1 (auction 4 cards): ['QC', 'JD', 'QH', 'JC']
Player 2 (auction 4 cards): ['10S', '9D', 'QS', '9C']
Player 3 (auction 4 cards): ['KH', '8D', 'QD', 'AH']
Auction winner (bidder): Player 0 with bid 16
Bidder sets concealed trump suit: D
Phase: concealed, bidder concealed card: AD

Player 0 plays 8S
Player 1 plays JS
Player 2 plays 10S
Player 3 plays AS
Player 1 won the hand: 5 points

Player 1 plays QC
Player 2 plays 9C
Player 3 plays KH
Player 0 plays 10C
Player 2 won the hand: 3 points

Player 2 plays 9D
Player 3 plays 8D
Player 0 plays 10D
Player 1 plays JD
Player 1 won the hand: 6 points

Player 1 plays QH
Player 2 plays 9H
Player 3 plays AH
Player 0 plays KC
Player 2 won the hand: 3 points

Player 2 plays QS
-- Phase 2 begins: Trump revealed as D by Player 3 on trick 5 --
Player 3 plays QD
Player 0 plays 7S
Player 1 plays JC
Player 3 won the hand: 3 points

Player 3 plays JH
Player 0 plays 8C
Player 1 plays 7H
Player 2 plays 10H
Player 3 won the hand: 4 points

Player 3 plays 8H
Player 0 plays 7C
Player 1 plays AC
Player 2 plays KS
Player 3 won the hand: 1 points

Player 3 plays 7D
Player 0 plays AD
Player 1 plays KD
Player 2 plays 9S
Player 0 won the hand: 3 points

Game 58 final points: Team A=9, Team B=19
Series cumulative game score so far: Team A=-20, Team B=-6
Log saved to: c:\Users\laksh\Desktop\Projects\28bot\logs\game28\mcts_games\game_58_20250825_131740_561544.log
