
===== GAME 80 (20250825_155540_909911) =====

===== AUCTION =====
Pass (locked): Player 0 (min_allowed=16)
  bidding analysis:
    present_suits: H, D
    current_high=0  min_allowed=16  raise_delta=1
    overall: avg=16.19  p30=12.00  std=5.15
    suit_stats:
      D: pts=[11, 27, 18, 24, 11, 14 ...]  avg=16.19  p30=12.00  std=5.15
      H: pts=[]
    failed_checks:
      H: p30 0.00 < 15; conf_mean 0.00 < 15
      D: p30 12.00 < 15; conf_mean 13.61 < 15
    reason: Pass: No suit meets thresholds. Best suit D has p30=12.00, conf_mean=13.61 below min_allowed=16 (current_high=0, raise_delta=+1). Failed checks for best suit: p30 12.00 < 15, conf_mean 13.61 < 15.
Pass (locked): Player 1 (min_allowed=16)
  bidding analysis:
    present_suits: D, C, S
    current_high=0  min_allowed=16  raise_delta=1
    overall: avg=15.62  p30=13.00  std=4.53
    failed_checks:
      D: p30 0.00 < 15; conf_mean 0.00 < 15
      S: p30 13.00 < 15; conf_mean 13.36 < 15
    reason: Pass: No suit meets thresholds. Best suit S has p30=13.00, conf_mean=13.36 below min_allowed=16 (current_high=0, raise_delta=+1). Failed checks for best suit: p30 13.00 < 15, conf_mean 13.36 < 15.
Pass (locked): Player 2 (min_allowed=16)
  bidding analysis:
    present_suits: D, C, S
    current_high=0  min_allowed=16  raise_delta=1
    overall: avg=16.69  p30=13.00  std=6.63
    suit_stats:
      S: pts=[1, 9, 17, 10, 24, 16 ...]  avg=16.69  p30=13.00  std=6.63
      D: pts=[]
      C: pts=[]
    failed_checks:
      D: p30 0.00 < 15; conf_mean 0.00 < 15
      C: p30 0.00 < 15; conf_mean 0.00 < 15
      S: p30 13.00 < 15; conf_mean 13.37 < 15
    reason: Pass: No suit meets thresholds. Best suit S has p30=13.00, conf_mean=13.37 below min_allowed=16 (current_high=0, raise_delta=+1). Failed checks for best suit: p30 13.00 < 15, conf_mean 13.37 < 15.
Pass (locked): Player 3 (min_allowed=16)
  bidding analysis:
    present_suits: H, D, S
    current_high=0  min_allowed=16  raise_delta=1
    overall: avg=14.00  p30=10.00  std=5.84
    failed_checks:
      H: p30 10.00 < 15; conf_mean 11.08 < 15
      D: p30 0.00 < 15; conf_mean 0.00 < 15
      S: p30 0.00 < 15; conf_mean 0.00 < 15
    reason: Pass: No suit meets thresholds. Best suit H has p30=10.00, conf_mean=11.08 below min_allowed=16 (current_high=0, raise_delta=+1). Failed checks for best suit: p30 10.00 < 15, conf_mean 11.08 < 15.
Forced bid: All players passed. Player 0 takes minimum bid 16.

AUCTION WINNER: Player 0 with bid 16; chooses trump H 
Details={'chosen': 'H', 'estimates': {'H': 18.0, 'D': 18.0}}
Player 0 hand :  ['7D', 'AD', 'QD', 'JD', 'QH', 'JC', '7C']
Player 1 hand :  ['9S', '8S', 'AC', '10D', 'QC', '7H', '8H', '9H']
Player 2 hand :  ['8D', '9C', '7S', 'JS', '8C', 'JH', '9D', '10S']
Player 3 hand :  ['KH', 'KS', 'KD', 'QS', '10C', 'AS', 'KC', 'AH']
Player 0 (auction 4 cards): ['10H', '7D', 'AD', 'QD']
Player 1 (auction 4 cards): ['9S', '8S', 'AC', '10D']
Player 2 (auction 4 cards): ['8D', '9C', '7S', 'JS']
Player 3 (auction 4 cards): ['KH', 'KS', 'KD', 'QS']
Auction winner (bidder): Player 0 with bid 16
Bidder sets concealed trump suit: H
Phase: concealed, bidder concealed card: 10H

Player 0 plays 7D
Player 1 plays 10D
Player 2 plays 8D
Player 3 plays KD
Player 1 won the hand: 1 points

Player 1 plays 9S
Player 2 plays 7S
Player 3 plays KS
Player 0 plays AD
Player 1 won the hand: 3 points

Player 1 plays 8S
Player 2 plays JS
Player 3 plays QS
Player 0 plays QD
Player 2 won the hand: 3 points

Player 2 plays 9C
Player 3 plays 10C
Player 0 plays JC
Player 1 plays AC
Player 0 won the hand: 7 points

Player 0 plays JD
Player 1 plays QC
Player 2 plays 9D
-- Phase 2 begins: Trump revealed as H by Player 3 on trick 5 --
Player 3 plays KH
Player 3 won the hand: 5 points

Player 3 plays AS
Player 0 plays QH
Player 1 plays 7H
Player 2 plays 10S
Player 0 won the hand: 2 points

Player 0 plays 7C
Player 1 plays 8H
Player 2 plays 8C
Player 3 plays KC
Player 1 won the hand: 0 points

Player 1 plays 9H
Player 2 plays JH
Player 3 plays AH
Player 0 plays 10H
Player 2 won the hand: 7 points

Game 80 final points: Team A=19, Team B=9
Series cumulative game score so far: Team A=-16, Team B=-6
Log saved to: c:\Users\laksh\Desktop\Projects\28bot\logs\game28\mcts_games\game_80_20250825_155540_909911.log
