
===== GAME 3 (20250819_181936_461735) =====

===== AUCTION =====
Pass (locked): Player 0 (min_allowed=16)
  bidding analysis:
    present_suits: H, D, C
    current_high=0  min_allowed=16  raise_delta=1
    overall: avg=11.00  p30=11.00  std=7.45
    suit_stats:
      H: pts=[21, 11, 12, 0]  avg=11.00  p30=11.00  std=7.45
      D: pts=[]
      C: pts=[]
    failed_checks:
      H: p30 11.00 < 15; conf_mean 7.28 < 15
      D: p30 0.00 < 15; conf_mean 0.00 < 15
      C: p30 0.00 < 15; conf_mean 0.00 < 15
    reason: Pass: No suit meets thresholds. Best suit H has p30=11.00, conf_mean=7.28 below min_allowed=16 (current_high=0, raise_delta=+1). Failed checks for best suit: p30 11.00 < 15, conf_mean 7.28 < 15.
Pass (locked): Player 1 (min_allowed=16)
  bidding analysis:
    present_suits: H, D, S
    current_high=0  min_allowed=16  raise_delta=1
    overall: avg=6.75  p30=0.00  std=6.76
    suit_stats:
      D: pts=[0, 13, 14, 0]  avg=6.75  p30=0.00  std=6.76
      H: pts=[]
      S: pts=[]
    failed_checks:
      H: p30 0.00 < 15; conf_mean 0.00 < 15
      D: p30 0.00 < 15; conf_mean 3.37 < 15
      S: p30 0.00 < 15; conf_mean 0.00 < 15
    reason: Pass: No suit meets thresholds. Best suit D has p30=0.00, conf_mean=3.37 below min_allowed=16 (current_high=0, raise_delta=+1). Failed checks for best suit: p30 0.00 < 15, conf_mean 3.37 < 15.
Pass (locked): Player 2 (min_allowed=16)
  bidding analysis:
    present_suits: C, S
    current_high=0  min_allowed=16  raise_delta=1
    overall: avg=12.50  p30=6.00  std=9.73
    suit_stats:
      C: pts=[22, 22, 6, 0]  avg=12.50  p30=6.00  std=9.73
      S: pts=[0, 0]  avg=0.00  p30=0.00  std=0.00
    failed_checks:
      C: p30 6.00 < 15; conf_mean 7.63 < 15
      S: p30 0.00 < 15; conf_mean 0.00 < 15
    reason: Pass: No suit meets thresholds. Best suit C has p30=6.00, conf_mean=7.63 below min_allowed=16 (current_high=0, raise_delta=+1). Failed checks for best suit: p30 6.00 < 15, conf_mean 7.63 < 15.
Pass (locked): Player 3 (min_allowed=16)
  bidding analysis:
    present_suits: D, C, S
    current_high=0  min_allowed=16  raise_delta=1
    overall: avg=14.75  p30=16.00  std=6.46
    suit_stats:
      D: pts=[18, 21, 4, 16]  avg=14.75  p30=16.00  std=6.46
      C: pts=[]
      S: pts=[]
    failed_checks:
      D: conf_mean 11.52 < 15
      C: p30 0.00 < 15; conf_mean 0.00 < 15
      S: p30 0.00 < 15; conf_mean 0.00 < 15
    reason: Pass: No suit meets thresholds. Best suit D has p30=16.00, conf_mean=11.52 below min_allowed=16 (current_high=0, raise_delta=+1). Failed checks for best suit: conf_mean 11.52 < 15.
Forced bid: All players passed. Player 0 takes minimum bid 16.

AUCTION WINNER: Player 0 with bid 16; chooses trump H 
Details={'chosen': 'H', 'estimates': {'C': 12.333333333333334, 'D': 8.0, 'H': 13.333333333333334}}
Player 0 hand :  ['9C', '9D', '10H', '9S', 'KH', 'JC', '10C']
Player 1 hand :  ['8H', 'KD', '8D', 'QS', '7C', 'JS', '7D', 'KS']
Player 2 hand :  ['8S', 'AS', '8C', 'AC', 'KC', '9H', 'AH', '7S']
Player 3 hand :  ['10S', 'QC', '10D', 'JD', 'AD', 'QH', 'QD', '7H']
Player 0 (auction 4 cards): ['9C', '9D', '10H', 'JH']
Player 1 (auction 4 cards): ['8H', 'KD', '8D', 'QS']
Player 2 (auction 4 cards): ['8S', 'AS', '8C', 'AC']
Player 3 (auction 4 cards): ['10S', 'QC', '10D', 'JD']
Auction winner (bidder): Player 0 with bid 16
Bidder sets concealed trump suit: H
Phase: concealed, bidder concealed card: JH

Player 0 plays 9C
Player 1 plays 7C
Player 2 plays 8C
Player 3 plays QC
Player 0 won the hand: 2 points

Player 0 plays 9D
Player 1 plays KD
Player 2 plays 8S
Player 3 plays 10D
Player 0 won the hand: 3 points

Player 0 plays 9S
Player 1 plays QS
Player 2 plays AS
Player 3 plays 10S
Player 0 won the hand: 4 points

Player 0 plays JC
-- Phase 2 begins: Trump revealed as H by Player 1 on trick 4 --
Player 1 plays 8H
Player 2 plays AC
Player 3 plays JD
Player 1 won the hand: 7 points

Player 1 plays 8D
Player 2 plays KC
Player 3 plays AD
Player 0 plays 10H
Player 0 won the hand: 2 points

Player 0 plays KH
Player 1 plays JS
Player 2 plays 9H
Player 3 plays QH
Player 2 won the hand: 5 points

Player 2 plays AH
Player 3 plays 7H
Player 0 plays JH
Player 1 plays 7D
Player 0 won the hand: 4 points

Player 0 plays 10C
Player 1 plays KS
Player 2 plays 7S
Player 3 plays QD
Player 0 won the hand: 1 points

Game 3 final points: Team A=21, Team B=7
Series cumulative game score so far: Team A=2, Team B=0
Log saved to: c:\Users\laksh\Desktop\Projects\28bot\logs\game28\mcts_games\game_3_20250819_181936_461735.log
