
===== GAME 28 (20250821_111213_545790) =====

===== AUCTION =====
Pass (locked): Player 0 (min_allowed=16)
  bidding analysis:
    present_suits: H, D, S
    current_high=0  min_allowed=16  raise_delta=1
    overall: avg=18.62  p30=14.00  std=5.52
    failed_checks:
      H: p30 0.00 < 15; conf_mean 0.00 < 15
      D: p30 14.00 < 15
    reason: Pass: No suit meets thresholds. Best suit D has p30=14.00, conf_mean=15.86 below min_allowed=16 (current_high=0, raise_delta=+1). Failed checks for best suit: p30 14.00 < 15.
Bid: Player 1 proposes 18 (min_allowed=16)
  bidding analysis:
    present_suits: H, D, C, S
    current_high=0  min_allowed=16  raise_delta=1
    chosen_suit: C
    proposed_bid: 18
    overall: avg=18.00  p30=18.00  std=0.00
    suit_stats:
      S: pts=[16]  avg=16.00  p30=16.00  std=0.00
      C: pts=[18]  avg=18.00  p30=18.00  std=0.00
      D: pts=[12]  avg=12.00  p30=12.00  std=0.00
      H: pts=[11]  avg=11.00  p30=11.00  std=0.00
    reason: Bid: Suit C meets thresholds (p30=18.00, conf_mean=18.00 >= min_allowed=16); conservative mapping max(p30, avg-1) -> 18. (current_high=0, raise_delta=+1)
Pass (locked): Player 2 (min_allowed=19)
  bidding analysis:
    present_suits: H, D, C, S
    current_high=18  min_allowed=19  raise_delta=1
    overall: avg=14.17  p30=10.00  std=6.04
    failed_checks:
      H: p30 10.00 < 18; conf_mean 11.15 < 18
      D: p30 3.00 < 18; conf_mean 8.23 < 18
      C: p30 8.00 < 18; conf_mean 10.87 < 18
      S: p30 8.00 < 18; conf_mean 8.49 < 18
    reason: Pass: No suit meets thresholds. Best suit H has p30=10.00, conf_mean=11.15 below min_allowed=19 (current_high=18, raise_delta=+1). Failed checks for best suit: p30 10.00 < 18, conf_mean 11.15 < 18.
Pass (locked): Player 3 (min_allowed=19)
  bidding analysis:
    present_suits: H, D, S
    current_high=18  min_allowed=19  raise_delta=1
    overall: avg=13.62  p30=14.00  std=4.00
    suit_stats:
      D: pts=[16, 18, 15, 16, 14, 14 ...]  avg=13.62  p30=14.00  std=4.00
      H: pts=[]
      S: pts=[]
    failed_checks:
      H: p30 0.00 < 18; conf_mean 0.00 < 18
      D: p30 14.00 < 18; conf_mean 11.63 < 18
      S: p30 0.00 < 18; conf_mean 0.00 < 18
    reason: Pass: No suit meets thresholds. Best suit D has p30=14.00, conf_mean=11.63 below min_allowed=19 (current_high=18, raise_delta=+1). Failed checks for best suit: p30 14.00 < 18, conf_mean 11.63 < 18.

AUCTION WINNER: Player 1 with bid 18; chooses trump C 
Details={'chosen': 'C', 'estimates': {'D': 0.0, 'S': 14.0, 'H': 16.0, 'C': 19.0}}
Player 0 hand :  ['9H', 'JS', 'AD', '9S', 'AH', '7D', 'JH', '10C']
Player 1 hand :  ['7H', '8D', '8S', 'QH', 'KD', '7C', 'AS']
Player 2 hand :  ['8H', 'AC', '9D', '10S', '8C', '10H', '9C', 'KC']
Player 3 hand :  ['JD', 'KS', '10D', 'KH', 'JC', 'QS', '7S', 'QD']
Player 0 (auction 4 cards): ['9H', 'JS', 'AD', '9S']
Player 1 (auction 4 cards): ['7H', 'QC', '8D', '8S']
Player 2 (auction 4 cards): ['8H', 'AC', '9D', '10S']
Player 3 (auction 4 cards): ['JD', 'KS', '10D', 'KH']
Auction winner (bidder): Player 1 with bid 18
Bidder sets concealed trump suit: C
Phase: concealed, bidder concealed card: QC

Player 0 plays 9H
Player 1 plays 7H
Player 2 plays 8H
Player 3 plays KH
Player 0 won the hand: 2 points

Player 0 plays JS
Player 1 plays 8S
Player 2 plays 10S
Player 3 plays KS
Player 0 won the hand: 4 points

Player 0 plays AD
Player 1 plays 8D
Player 2 plays 9D
Player 3 plays JD
Player 3 won the hand: 6 points

Player 3 plays 10D
Player 0 plays 7D
Player 1 plays KD
-- Phase 2 begins: Trump revealed as C by Player 2 on trick 4 --
Player 2 plays AC
Player 2 won the hand: 2 points

Player 2 plays 8C
Player 3 plays JC
Player 0 plays 10C
Player 1 plays 7C
Player 3 won the hand: 4 points

Player 3 plays QS
Player 0 plays 9S
Player 1 plays AS
Player 2 plays 10H
Player 0 won the hand: 4 points

Player 0 plays AH
Player 1 plays QH
Player 2 plays 9C
Player 3 plays 7S
Player 2 won the hand: 3 points

Player 2 plays KC
Player 3 plays QD
Player 0 plays JH
Player 1 plays QC
Player 2 won the hand: 3 points

Game 28 final points: Team A=18, Team B=10
Series cumulative game score so far: Team A=-7, Team B=-5
Log saved to: C:\Users\laksh\Desktop\Projects\28bot\logs\game28\mcts_games\game_28_20250821_111213_545790.log
