
===== GAME 48 (20250822_081951_554585) =====

===== AUCTION =====
Pass (locked): Player 0 (min_allowed=16)
  bidding analysis:
    present_suits: H, D, C
    current_high=0  min_allowed=16  raise_delta=1
    overall: avg=13.62  p30=11.00  std=4.33
    suit_stats:
      C: pts=[17, 10, 18, 16, 11, 5 ...]  avg=13.62  p30=11.00  std=4.33
      H: pts=[]
      D: pts=[]
    failed_checks:
      H: p30 0.00 < 15; conf_mean 0.00 < 15
      D: p30 0.00 < 15; conf_mean 0.00 < 15
      C: p30 11.00 < 15; conf_mean 11.46 < 15
    reason: Pass: No suit meets thresholds. Best suit C has p30=11.00, conf_mean=11.46 below min_allowed=16 (current_high=0, raise_delta=+1). Failed checks for best suit: p30 11.00 < 15, conf_mean 11.46 < 15.
Pass (locked): Player 1 (min_allowed=16)
  bidding analysis:
    present_suits: D, S
    current_high=0  min_allowed=16  raise_delta=1
    overall: avg=15.50  p30=10.00  std=6.58
    suit_stats:
      S: pts=[9, 26, 13, 6, 19, 22 ...]  avg=15.50  p30=10.00  std=6.58
      D: pts=[]
    failed_checks:
      D: p30 0.00 < 15; conf_mean 0.00 < 15
      S: p30 10.00 < 15; conf_mean 12.21 < 15
    reason: Pass: No suit meets thresholds. Best suit S has p30=10.00, conf_mean=12.21 below min_allowed=16 (current_high=0, raise_delta=+1). Failed checks for best suit: p30 10.00 < 15, conf_mean 12.21 < 15.
Bid: Player 2 proposes 17 (min_allowed=16)
  bidding analysis:
    present_suits: H, S
    current_high=0  min_allowed=16  raise_delta=1
    chosen_suit: S
    proposed_bid: 17
    overall: avg=18.62  p30=15.00  std=5.34
    reason: Bid (precomputed): Suit S meets thresholds (p30=15.00, conf_mean=15.96 >= min_allowed=16); conservative mapping max(p30, avg-1) -> 17. (current_high=0, raise_delta=+1)
Pass (locked): Player 3 (min_allowed=18)
  bidding analysis:
    present_suits: D, C, S
    current_high=17  min_allowed=18  raise_delta=1
    overall: avg=18.38  p30=17.00  std=4.06
    suit_stats:
      C: pts=[18, 11, 18, 21, 15, 22 ...]  avg=18.38  p30=17.00  std=4.06
      D: pts=[]
      S: pts=[]
    failed_checks:
      D: p30 0.00 < 17; conf_mean 0.00 < 17
      C: conf_mean 16.34 < 17
      S: p30 0.00 < 17; conf_mean 0.00 < 17
    reason: Pass: No suit meets thresholds. Best suit C has p30=17.00, conf_mean=16.34 below min_allowed=18 (current_high=17, raise_delta=+1). Failed checks for best suit: conf_mean 16.34 < 17.

AUCTION WINNER: Player 2 with bid 17; chooses trump S 
Details={'chosen': 'S', 'estimates': {'S': 18.625, 'H': 15.0}}
Player 0 hand :  ['KC', '9H', 'AD', '8C', 'JC', 'QD', '8D', '8H']
Player 1 hand :  ['9D', 'KS', '9S', 'QS', 'QH', 'KH', 'QC', '7H']
Player 2 hand :  ['10S', 'JH', '8S', 'JD', 'AH', 'KD', '7S']
Player 3 hand :  ['7D', 'JS', '7C', 'AC', '10H', '10C', '10D', '9C']
Player 0 (auction 4 cards): ['KC', '9H', 'AD', '8C']
Player 1 (auction 4 cards): ['9D', 'KS', '9S', 'QS']
Player 2 (auction 4 cards): ['AS', '10S', 'JH', '8S']
Player 3 (auction 4 cards): ['7D', 'JS', '7C', 'AC']
Auction winner (bidder): Player 2 with bid 17
Bidder sets concealed trump suit: S
Phase: concealed, bidder concealed card: AS

Player 0 plays KC
Player 1 plays QC
-- Phase 2 begins: Trump revealed as S by Player 2 on trick 1 --
Player 2 plays 10S
Player 3 plays 7C
Player 2 won the hand: 1 points

Player 2 plays JH
Player 3 plays 10H
Player 0 plays 9H
Player 1 plays QH
Player 2 won the hand: 6 points

Player 2 plays 8S
Player 3 plays JS
Player 0 plays AD
Player 1 plays KS
Player 3 won the hand: 4 points

Player 3 plays 7D
Player 0 plays QD
Player 1 plays 9D
Player 2 plays JD
Player 2 won the hand: 5 points

Player 2 plays AH
Player 3 plays AC
Player 0 plays 8H
Player 1 plays KH
Player 2 won the hand: 2 points

Player 2 plays KD
Player 3 plays 10D
Player 0 plays 8D
Player 1 plays 9S
Player 1 won the hand: 3 points

Player 1 plays QS
Player 2 plays 7S
Player 3 plays 10C
Player 0 plays 8C
Player 1 won the hand: 1 points

Player 1 plays 7H
Player 2 plays AS
Player 3 plays 9C
Player 0 plays JC
Player 2 won the hand: 6 points

Game 48 final points: Team A=20, Team B=8
Series cumulative game score so far: Team A=-5, Team B=-10
Log saved to: c:\Users\laksh\Desktop\Projects\28bot\logs\game28\mcts_games\game_48_20250822_081951_554585.log
