
===== GAME 21 (20250822_002516_941646) =====

===== AUCTION =====
Pass (locked): Player 0 (min_allowed=16)
  bidding analysis:
    present_suits: H, D, S
    current_high=0  min_allowed=16  raise_delta=1
    overall: avg=8.25  p30=2.00  std=7.69
    failed_checks:
      H: p30 2.00 < 15; conf_mean 4.40 < 15
      S: p30 0.00 < 15; conf_mean 0.00 < 15
    reason: Pass: No suit meets thresholds. Best suit H has p30=2.00, conf_mean=4.40 below min_allowed=16 (current_high=0, raise_delta=+1). Failed checks for best suit: p30 2.00 < 15, conf_mean 4.40 < 15.
Bid: Player 1 proposes 17 (min_allowed=16)
  bidding analysis:
    present_suits: H, C
    current_high=0  min_allowed=16  raise_delta=1
    chosen_suit: C
    proposed_bid: 17
    overall: avg=17.00  p30=17.00  std=0.00
    suit_stats:
      H: pts=[20, 7, 21, 14, 13, 14 ...]  avg=14.75  p30=13.00  std=5.87
      C: pts=[17]  avg=17.00  p30=17.00  std=0.00
    reason: Bid: Suit C meets thresholds (p30=17.00, conf_mean=17.00 >= min_allowed=16); conservative mapping max(p30, avg-1) -> 17. (current_high=0, raise_delta=+1)
Pass (locked): Player 2 (min_allowed=18)
  bidding analysis:
    present_suits: D, C, S
    current_high=17  min_allowed=18  raise_delta=1
    overall: avg=15.38  p30=14.00  std=5.57
    suit_stats:
      D: pts=[15, 26, 14, 19, 17, 10 ...]  avg=15.38  p30=14.00  std=5.57
      C: pts=[]
      S: pts=[]
    failed_checks:
      D: p30 14.00 < 17; conf_mean 12.59 < 17
      C: p30 0.00 < 17; conf_mean 0.00 < 17
      S: p30 0.00 < 17; conf_mean 0.00 < 17
    reason: Pass: No suit meets thresholds. Best suit D has p30=14.00, conf_mean=12.59 below min_allowed=18 (current_high=17, raise_delta=+1). Failed checks for best suit: p30 14.00 < 17, conf_mean 12.59 < 17.
Pass (locked): Player 3 (min_allowed=18)
  bidding analysis:
    present_suits: D, C, S
    current_high=17  min_allowed=18  raise_delta=1
    overall: avg=14.75  p30=12.00  std=6.14
    failed_checks:
      D: p30 0.00 < 17; conf_mean 0.00 < 17
      C: p30 12.00 < 17; conf_mean 11.68 < 17
      S: p30 0.00 < 17; conf_mean 0.00 < 17
    reason: Pass: No suit meets thresholds. Best suit C has p30=12.00, conf_mean=11.68 below min_allowed=18 (current_high=17, raise_delta=+1). Failed checks for best suit: p30 12.00 < 17, conf_mean 11.68 < 17.

AUCTION WINNER: Player 1 with bid 17; chooses trump H 
Details={'chosen': 'H', 'estimates': {'H': 12.0, 'C': 12.0}}
Player 0 hand :  ['KS', '8D', '10H', 'QS', 'JH', '8H', '7C', '9D']
Player 1 hand :  ['9C', 'QH', '10C', 'JC', 'AD', 'AH', 'JS']
Player 2 hand :  ['QC', '7D', 'QD', '8S', 'JD', '7S', 'AC', '10D']
Player 3 hand :  ['KC', 'KD', 'AS', '10S', '9H', '8C', '7H', '9S']
Player 0 (auction 4 cards): ['KS', '8D', '10H', 'QS']
Player 1 (auction 4 cards): ['9C', 'QH', '10C', 'KH']
Player 2 (auction 4 cards): ['QC', '7D', 'QD', '8S']
Player 3 (auction 4 cards): ['KC', 'KD', 'AS', '10S']
Auction winner (bidder): Player 1 with bid 17
Bidder sets concealed trump suit: H
Phase: concealed, bidder concealed card: KH

Player 0 plays KS
Player 1 plays JS
Player 2 plays 8S
Player 3 plays AS
Player 1 won the hand: 4 points

Player 1 plays 9C
Player 2 plays QC
Player 3 plays KC
Player 0 plays 7C
Player 1 won the hand: 2 points

Player 1 plays 10C
Player 2 plays AC
Player 3 plays 8C
Player 0 plays 8D
Player 2 won the hand: 2 points

Player 2 plays 7D
Player 3 plays KD
Player 0 plays 9D
Player 1 plays AD
Player 0 won the hand: 3 points

Player 0 plays 10H
Player 1 plays QH
Player 2 plays QD
Player 3 plays 9H
Player 3 won the hand: 3 points

Player 3 plays 10S
Player 0 plays QS
Player 1 plays JC
Player 2 plays 7S
Player 3 won the hand: 4 points

Player 3 plays 7H
Player 0 plays JH
Player 1 plays AH
Player 2 plays JD
Player 0 won the hand: 7 points

Player 0 plays 8H
Error during gameplay: Current player 1 has no cards but other players do
No cards available, ending game
Game 21 final points: Team A=12, Team B=13
Series cumulative game score so far: Team A=-3, Team B=-4
Log saved to: c:\Users\laksh\Desktop\Projects\28bot\logs\game28\mcts_games\game_21_20250822_002516_941646.log
