
===== GAME 28 (20250822_140653_222391) =====

===== AUCTION =====
Pass (locked): Player 0 (min_allowed=16)
  bidding analysis:
    present_suits: H, D, S
    current_high=0  min_allowed=16  raise_delta=1
    overall: avg=0.00  p30=0.00  std=0.00
    failed_checks:
      H: p30 0.00 < 15; conf_mean 0.00 < 15
      S: p30 0.00 < 15; conf_mean 0.00 < 15
    reason: Pass: No suit meets thresholds. Best suit H has p30=0.00, conf_mean=0.00 below min_allowed=16 (current_high=0, raise_delta=+1). Failed checks for best suit: p30 0.00 < 15, conf_mean 0.00 < 15.
Bid: Player 1 proposes 18 (min_allowed=16)
  bidding analysis:
    present_suits: H, D, C
    current_high=0  min_allowed=16  raise_delta=1
    chosen_suit: H
    proposed_bid: 18
    overall: avg=19.25  p30=17.00  std=5.26
    reason: Bid (precomputed): Suit H meets thresholds (p30=17.00, conf_mean=16.62 >= min_allowed=16); conservative mapping max(p30, avg-1) -> 18. (current_high=0, raise_delta=+1)
Pass (locked): Player 2 (min_allowed=19)
  bidding analysis:
    present_suits: H, D, C
    current_high=18  min_allowed=19  raise_delta=1
    overall: avg=15.31  p30=12.00  std=5.06
    suit_stats:
      H: pts=[23, 19, 22, 17, 9, 13 ...]  avg=15.31  p30=12.00  std=5.06
      D: pts=[]
      C: pts=[]
    failed_checks:
      H: p30 12.00 < 18; conf_mean 12.78 < 18
      D: p30 0.00 < 18; conf_mean 0.00 < 18
      C: p30 0.00 < 18; conf_mean 0.00 < 18
    reason: Pass: No suit meets thresholds. Best suit H has p30=12.00, conf_mean=12.78 below min_allowed=19 (current_high=18, raise_delta=+1). Failed checks for best suit: p30 12.00 < 18, conf_mean 12.78 < 18.
Bid: Player 3 proposes 21 (min_allowed=19)
  bidding analysis:
    present_suits: H, D, C, S
    current_high=18  min_allowed=19  raise_delta=1
    chosen_suit: S
    proposed_bid: 21
    overall: avg=21.00  p30=21.00  std=0.00
    suit_stats:
      C: pts=[2]  avg=2.00  p30=2.00  std=0.00
      H: pts=[11]  avg=11.00  p30=11.00  std=0.00
      D: pts=[3]  avg=3.00  p30=3.00  std=0.00
      S: pts=[21]  avg=21.00  p30=21.00  std=0.00
    reason: Bid: Suit S meets thresholds (p30=21.00, conf_mean=21.00 >= min_allowed=19); conservative mapping max(p30, avg-1) -> 21. (current_high=18, raise_delta=+1)
Pass (locked): Player 1 (min_allowed=22)
  bidding analysis:
    present_suits: H, D, C
    current_high=21  min_allowed=22  raise_delta=1
    overall: avg=19.25  p30=17.00  std=5.26
    failed_checks:
      H: p30 17.00 < 21; conf_mean 16.62 < 21
      C: p30 0.00 < 21; conf_mean 0.00 < 21
    reason: Pass: No suit meets thresholds. Best suit H has p30=17.00, conf_mean=16.62 below min_allowed=22 (current_high=21, raise_delta=+1). Failed checks for best suit: p30 17.00 < 21, conf_mean 16.62 < 21.

AUCTION WINNER: Player 3 with bid 21; chooses trump H 
Details={'chosen': 'H', 'estimates': {'D': 14.0, 'C': 6.0, 'S': 10.0, 'H': 22.0}}
Player 0 hand :  ['9H', 'KS', '7S', 'AD', '10S', 'KH', 'QH', '8C']
Player 1 hand :  ['8D', 'JD', 'JH', '7C', 'QD', '10H', 'AS', 'JS']
Player 2 hand :  ['7D', 'JC', 'AH', '8H', 'QC', '10C', '9D', 'KC']
Player 3 hand :  ['KD', '9S', 'AC', 'QS', '10D', '9C', '8S']
Player 0 (auction 4 cards): ['9H', 'KS', '7S', 'AD']
Player 1 (auction 4 cards): ['8D', 'JD', 'JH', '7C']
Player 2 (auction 4 cards): ['7D', 'JC', 'AH', '8H']
Player 3 (auction 4 cards): ['KD', '7H', '9S', 'AC']
Auction winner (bidder): Player 3 with bid 21
Bidder sets concealed trump suit: H
Phase: concealed, bidder concealed card: 7H

Player 0 plays 9H
Player 1 plays JH
Player 2 plays AH
Player 3 plays KD
Player 1 won the hand: 6 points

Player 1 plays 8D
Player 2 plays 7D
Player 3 plays 10D
Player 0 plays AD
Player 0 won the hand: 2 points

Player 0 plays KS
Player 1 plays AS
Player 2 plays JC
Player 3 plays 9S
Player 3 won the hand: 6 points

Player 3 plays AC
Player 0 plays 8C
Player 1 plays 7C
Player 2 plays QC
Player 3 won the hand: 1 points

Player 3 plays QS
Player 0 plays 7S
Player 1 plays JS
-- Phase 2 begins: Trump revealed as H by Player 2 on trick 5 --
Player 2 plays 8H
Player 2 won the hand: 3 points

Player 2 plays 10C
Player 3 plays 9C
Player 0 plays 10S
Player 1 plays JD
Player 3 won the hand: 7 points

Player 3 plays 8S
Player 0 plays KH
Player 1 plays QD
Player 2 plays 9D
Player 0 won the hand: 2 points

Player 0 plays QH
Player 1 plays 10H
Player 2 plays KC
Player 3 plays 7H
Player 1 won the hand: 1 points

Game 28 final points: Team A=7, Team B=21
Series cumulative game score so far: Team A=-4, Team B=4
Log saved to: c:\Users\laksh\Desktop\Projects\28bot\logs\game28\mcts_games\game_28_20250822_140653_222391.log
