
===== GAME 36 (20250821_112050_635223) =====

===== AUCTION =====
Pass (locked): Player 0 (min_allowed=16)
  bidding analysis:
    present_suits: H, D, S
    current_high=0  min_allowed=16  raise_delta=1
    overall: avg=10.62  p30=8.00  std=5.52
    suit_stats:
      D: pts=[9, 4, 16, 10, 8, 22 ...]  avg=10.62  p30=8.00  std=5.52
      H: pts=[]
      S: pts=[]
    failed_checks:
      H: p30 0.00 < 15; conf_mean 0.00 < 15
      D: p30 8.00 < 15; conf_mean 7.86 < 15
      S: p30 0.00 < 15; conf_mean 0.00 < 15
    reason: Pass: No suit meets thresholds. Best suit D has p30=8.00, conf_mean=7.86 below min_allowed=16 (current_high=0, raise_delta=+1). Failed checks for best suit: p30 8.00 < 15, conf_mean 7.86 < 15.
Pass (locked): Player 1 (min_allowed=16)
  bidding analysis:
    present_suits: C, S
    current_high=0  min_allowed=16  raise_delta=1
    overall: avg=8.00  p30=8.00  std=0.00
    suit_stats:
      C: pts=[17, 5, 2, 4, 12, 9 ...]  avg=9.25  p30=5.00  std=5.56
      S: pts=[8]  avg=8.00  p30=8.00  std=0.00
    failed_checks:
      C: p30 5.00 < 15; conf_mean 6.47 < 15
      S: p30 8.00 < 15; conf_mean 8.00 < 15
    reason: Pass: No suit meets thresholds. Best suit S has p30=8.00, conf_mean=8.00 below min_allowed=16 (current_high=0, raise_delta=+1). Failed checks for best suit: p30 8.00 < 15, conf_mean 8.00 < 15.
Pass (locked): Player 2 (min_allowed=16)
  bidding analysis:
    present_suits: H, D, C
    current_high=0  min_allowed=16  raise_delta=1
    overall: avg=11.25  p30=13.00  std=6.65
    failed_checks:
      H: p30 13.00 < 15; conf_mean 7.93 < 15
      C: p30 0.00 < 15; conf_mean 0.00 < 15
    reason: Pass: No suit meets thresholds. Best suit H has p30=13.00, conf_mean=7.93 below min_allowed=16 (current_high=0, raise_delta=+1). Failed checks for best suit: p30 13.00 < 15, conf_mean 7.93 < 15.
Bid: Player 3 proposes 19 (min_allowed=16)
  bidding analysis:
    present_suits: H, D, S
    current_high=0  min_allowed=16  raise_delta=1
    chosen_suit: H
    proposed_bid: 19
    overall: avg=19.38  p30=19.00  std=1.58
    suit_stats:
      H: pts=[20, 18, 20, 21, 16, 19 ...]  avg=19.38  p30=19.00  std=1.58
      D: pts=[]
      S: pts=[]
    reason: Bid: Suit H meets thresholds (p30=19.00, conf_mean=18.59 >= min_allowed=16); conservative mapping max(p30, avg-1) -> 19. (current_high=0, raise_delta=+1)

AUCTION WINNER: Player 3 with bid 19; chooses trump S 
Details={'chosen': 'S', 'estimates': {'D': 20.0, 'H': 16.0, 'S': 25.0}}
Player 0 hand :  ['9D', 'QH', 'KS', 'QD', 'JS', 'KC', 'JC', 'AS']
Player 1 hand :  ['AC', '10C', '8S', '10S', '8D', '7D', '7S', 'AD']
Player 2 hand :  ['10D', 'QC', 'KH', 'KD', '8H', '8C', 'AH', '10H']
Player 3 hand :  ['9H', 'JH', 'JD', 'QS', '9C', '7C', '7H']
Player 0 (auction 4 cards): ['9D', 'QH', 'KS', 'QD']
Player 1 (auction 4 cards): ['AC', '10C', '8S', '10S']
Player 2 (auction 4 cards): ['10D', 'QC', 'KH', 'KD']
Player 3 (auction 4 cards): ['9H', 'JH', '9S', 'JD']
Auction winner (bidder): Player 3 with bid 19
Bidder sets concealed trump suit: S
Phase: concealed, bidder concealed card: 9S

Player 0 plays 9D
Player 1 plays 8D
Player 2 plays 10D
Player 3 plays JD
Player 3 won the hand: 6 points

Player 3 plays 9H
Player 0 plays QH
Player 1 plays AC
Player 2 plays KH
Player 3 won the hand: 3 points

Player 3 plays JH
-- Phase 2 begins: Trump revealed as S by Player 0 on trick 3 --
Player 0 plays KS
Player 1 plays 10C
Player 2 plays 8H
Player 0 won the hand: 4 points

Player 0 plays QD
Player 1 plays 7D
Player 2 plays KD
Player 3 plays QS
Player 3 won the hand: 0 points

Player 3 plays 9C
Player 0 plays KC
Player 1 plays 8S
Player 2 plays QC
Player 1 won the hand: 2 points

Player 1 plays 10S
Player 2 plays 8C
Player 3 plays 9S
Player 0 plays JS
Player 0 won the hand: 6 points

Player 0 plays JC
Player 1 plays 7S
Player 2 plays AH
Player 3 plays 7C
Player 1 won the hand: 4 points

Player 1 plays AD
Player 2 plays 10H
Player 3 plays 7H
Player 0 plays AS
Player 0 won the hand: 3 points

Game 36 final points: Team A=13, Team B=15
Series cumulative game score so far: Team A=-7, Team B=-8
Log saved to: C:\Users\laksh\Desktop\Projects\28bot\logs\game28\mcts_games\game_36_20250821_112050_635223.log
