
===== GAME 25 (20250825_093750_175839) =====

===== AUCTION =====
Pass (locked): Player 0 (min_allowed=16)
  bidding analysis:
    present_suits: D, C, S
    current_high=0  min_allowed=16  raise_delta=1
    overall: avg=17.56  p30=12.00  std=6.53
    failed_checks:
      D: p30 12.00 < 15; conf_mean 14.30 < 15
      S: p30 0.00 < 15; conf_mean 0.00 < 15
    reason: Pass: No suit meets thresholds. Best suit D has p30=12.00, conf_mean=14.30 below min_allowed=16 (current_high=0, raise_delta=+1). Failed checks for best suit: p30 12.00 < 15, conf_mean 14.30 < 15.
Pass (locked): Player 1 (min_allowed=16)
  bidding analysis:
    present_suits: H, D, C
    current_high=0  min_allowed=16  raise_delta=1
    overall: avg=13.00  p30=11.00  std=5.92
    failed_checks:
      H: p30 11.00 < 15; conf_mean 10.04 < 15
      D: p30 0.00 < 15; conf_mean 0.00 < 15
      C: p30 0.00 < 15; conf_mean 0.00 < 15
    reason: Pass: No suit meets thresholds. Best suit H has p30=11.00, conf_mean=10.04 below min_allowed=16 (current_high=0, raise_delta=+1). Failed checks for best suit: p30 11.00 < 15, conf_mean 10.04 < 15.
Bid: Player 2 proposes 16 (min_allowed=16)
  bidding analysis:
    present_suits: C, S
    current_high=0  min_allowed=16  raise_delta=1
    chosen_suit: S
    proposed_bid: 16
    overall: avg=17.50  p30=15.00  std=3.74
    reason: Bid (precomputed): Suit S meets thresholds (p30=15.00, conf_mean=15.63 >= min_allowed=16); conservative mapping max(p30, avg-1) -> 16. (current_high=0, raise_delta=+1)
Pass (locked): Player 3 (min_allowed=17)
  bidding analysis:
    present_suits: H, D, S
    current_high=16  min_allowed=17  raise_delta=1
    overall: avg=11.25  p30=9.00  std=3.77
    failed_checks:
      H: p30 0.00 < 16; conf_mean 0.00 < 16
      D: p30 9.00 < 16; conf_mean 9.37 < 16
      S: p30 0.00 < 16; conf_mean 0.00 < 16
    reason: Pass: No suit meets thresholds. Best suit D has p30=9.00, conf_mean=9.37 below min_allowed=17 (current_high=16, raise_delta=+1). Failed checks for best suit: p30 9.00 < 16, conf_mean 9.37 < 16.

AUCTION WINNER: Player 2 with bid 16; chooses trump S 
Details={'chosen': 'S', 'estimates': {'C': 0.0, 'S': 17.5}}
Player 0 hand :  ['AS', 'JC', 'KD', '7C', 'KH', '9H', 'JH', 'KC']
Player 1 hand :  ['AC', 'AD', '9C', '7H', 'JS', '8C', '10D', '7D']
Player 2 hand :  ['10C', '7S', '9S', '10H', 'KS', 'AH', 'QD']
Player 3 hand :  ['8S', 'QS', 'JD', '8H', '8D', 'QH', 'QC', '9D']
Player 0 (auction 4 cards): ['AS', 'JC', 'KD', '7C']
Player 1 (auction 4 cards): ['AC', 'AD', '9C', '7H']
Player 2 (auction 4 cards): ['10C', '7S', '10S', '9S']
Player 3 (auction 4 cards): ['8S', 'QS', 'JD', '8H']
Auction winner (bidder): Player 2 with bid 16
Bidder sets concealed trump suit: S
Phase: concealed, bidder concealed card: 10S

Player 0 plays AS
Player 1 plays JS
Player 2 plays 7S
Player 3 plays 8S
Player 1 won the hand: 4 points

Player 1 plays AC
Player 2 plays 10C
Player 3 plays QC
Player 0 plays JC
Player 0 won the hand: 5 points

Player 0 plays KD
Player 1 plays AD
Player 2 plays QD
Player 3 plays JD
Player 3 won the hand: 4 points

Player 3 plays QS
Player 0 plays 7C
Player 1 plays 9C
Player 2 plays 9S
Player 2 won the hand: 4 points

Player 2 plays 10H
Player 3 plays 8H
Player 0 plays KH
Player 1 plays 7H
Player 2 won the hand: 1 points

Player 2 plays AH
Player 3 plays QH
Player 0 plays 9H
Player 1 plays 8C
Player 0 won the hand: 3 points

Player 0 plays JH
Player 1 plays 10D
-- Phase 2 begins: Trump revealed as S by Player 2 on trick 7 --
Player 2 plays KS
Player 3 plays 8D
Player 2 won the hand: 4 points

Player 2 plays 10S
Player 3 plays 9D
Player 0 plays KC
Player 1 plays 7D
Player 2 won the hand: 3 points

Game 25 final points: Team A=20, Team B=8
Series cumulative game score so far: Team A=-9, Team B=-3
Log saved to: c:\Users\laksh\Desktop\Projects\28bot\logs\game28\mcts_games\game_25_20250825_093750_175839.log
