
===== GAME 128 (20250823_141200_346940) =====

===== AUCTION =====
Pass (locked): Player 0 (min_allowed=16)
  bidding analysis:
    present_suits: C, S
    current_high=0  min_allowed=16  raise_delta=1
    overall: avg=14.81  p30=14.00  std=6.28
    suit_stats:
      S: pts=[17, 14, 8, 4, 21, 18 ...]  avg=14.81  p30=14.00  std=6.28
      C: pts=[]
    failed_checks:
      C: p30 0.00 < 15; conf_mean 0.00 < 15
      S: p30 14.00 < 15; conf_mean 11.67 < 15
    reason: Pass: No suit meets thresholds. Best suit S has p30=14.00, conf_mean=11.67 below min_allowed=16 (current_high=0, raise_delta=+1). Failed checks for best suit: p30 14.00 < 15, conf_mean 11.67 < 15.
Pass (locked): Player 1 (min_allowed=16)
  bidding analysis:
    present_suits: H, D, S
    current_high=0  min_allowed=16  raise_delta=1
    overall: avg=16.50  p30=13.00  std=6.22
    failed_checks:
      D: p30 0.00 < 15; conf_mean 0.00 < 15
      S: p30 13.00 < 15; conf_mean 13.39 < 15
    reason: Pass: No suit meets thresholds. Best suit S has p30=13.00, conf_mean=13.39 below min_allowed=16 (current_high=0, raise_delta=+1). Failed checks for best suit: p30 13.00 < 15, conf_mean 13.39 < 15.
Pass (locked): Player 2 (min_allowed=16)
  bidding analysis:
    present_suits: H, D, C
    current_high=0  min_allowed=16  raise_delta=1
    overall: avg=13.25  p30=15.00  std=7.95
    failed_checks:
      H: conf_mean 9.28 < 15
      D: p30 0.00 < 15; conf_mean 0.00 < 15
      C: p30 0.00 < 15; conf_mean 0.00 < 15
    reason: Pass: No suit meets thresholds. Best suit H has p30=15.00, conf_mean=9.28 below min_allowed=16 (current_high=0, raise_delta=+1). Failed checks for best suit: conf_mean 9.28 < 15.
Pass (locked): Player 3 (min_allowed=16)
  bidding analysis:
    present_suits: H, S
    current_high=0  min_allowed=16  raise_delta=1
    overall: avg=15.38  p30=13.00  std=6.61
    suit_stats:
      S: pts=[15, 8, 16, 5, 19, 14 ...]  avg=15.38  p30=13.00  std=6.61
      H: pts=[6]  avg=6.00  p30=6.00  std=0.00
    failed_checks:
      H: p30 6.00 < 15; conf_mean 6.00 < 15
      S: p30 13.00 < 15; conf_mean 12.07 < 15
    reason: Pass: No suit meets thresholds. Best suit S has p30=13.00, conf_mean=12.07 below min_allowed=16 (current_high=0, raise_delta=+1). Failed checks for best suit: p30 13.00 < 15, conf_mean 12.07 < 15.
Forced bid: All players passed. Player 0 takes minimum bid 16.

AUCTION WINNER: Player 0 with bid 16; chooses trump C 
Details={'chosen': 'C', 'estimates': {'S': 15.0, 'C': 15.0}}
Player 0 hand :  ['8S', 'AS', '7S', '9C', 'KS', 'AD', 'JD']
Player 1 hand :  ['QS', '9H', 'AH', 'KD', 'QC', '7H', 'KC', 'JS']
Player 2 hand :  ['10H', '9D', 'AC', '7C', '8D', '8C', 'JC', 'JH']
Player 3 hand :  ['8H', 'KH', '10S', '9S', '7D', 'QD', 'QH', '10D']
Player 0 (auction 4 cards): ['10C', '8S', 'AS', '7S']
Player 1 (auction 4 cards): ['QS', '9H', 'AH', 'KD']
Player 2 (auction 4 cards): ['10H', '9D', 'AC', '7C']
Player 3 (auction 4 cards): ['8H', 'KH', '10S', '9S']
Auction winner (bidder): Player 0 with bid 16
Bidder sets concealed trump suit: C
Phase: concealed, bidder concealed card: 10C

Player 0 plays 8S
Player 1 plays QS
Player 2 plays 10H
Player 3 plays 10S
Player 3 won the hand: 2 points

Player 3 plays 8H
Player 0 plays AS
Player 1 plays 9H
Player 2 plays JH
Player 2 won the hand: 6 points

Player 2 plays 9D
Player 3 plays 7D
Player 0 plays AD
Player 1 plays KD
Player 2 won the hand: 3 points

Player 2 plays AC
Player 3 plays KH
Player 0 plays 9C
Player 1 plays QC
Player 0 won the hand: 3 points

Player 0 plays 7S
Player 1 plays JS
-- Phase 2 begins: Trump revealed as C by Player 2 on trick 5 --
Player 2 plays 7C
Player 3 plays 9S
Player 2 won the hand: 5 points

Player 2 plays 8D
Player 3 plays QD
Player 0 plays JD
Player 1 plays AH
Player 0 won the hand: 4 points

Player 0 plays KS
Player 1 plays 7H
Player 2 plays 8C
Player 3 plays QH
Player 2 won the hand: 0 points

Player 2 plays JC
Player 3 plays 10D
Player 0 plays 10C
Player 1 plays KC
Player 2 won the hand: 5 points

Game 128 final points: Team A=26, Team B=2
Series cumulative game score so far: Team A=-9, Team B=-5
Log saved to: c:\Users\laksh\Desktop\Projects\28bot\logs\game28\mcts_games\game_128_20250823_141200_346940.log
