
===== GAME 36 (20250820_152428_842752) =====

===== AUCTION =====
Pass (locked): Player 0 (min_allowed=16)
  bidding analysis:
    present_suits: H, D, S
    current_high=0  min_allowed=16  raise_delta=1
    overall: avg=12.50  p30=9.00  std=8.08
    suit_stats:
      D: pts=[24, 2, 15, 9]  avg=12.50  p30=9.00  std=8.08
      H: pts=[]
      S: pts=[]
    failed_checks:
      H: p30 0.00 < 15; conf_mean 0.00 < 15
      D: p30 9.00 < 15; conf_mean 8.46 < 15
      S: p30 0.00 < 15; conf_mean 0.00 < 15
    reason: Pass: No suit meets thresholds. Best suit D has p30=9.00, conf_mean=8.46 below min_allowed=16 (current_high=0, raise_delta=+1). Failed checks for best suit: p30 9.00 < 15, conf_mean 8.46 < 15.
Pass (locked): Player 1 (min_allowed=16)
  bidding analysis:
    present_suits: D, C, S
    current_high=0  min_allowed=16  raise_delta=1
    overall: avg=9.50  p30=10.00  std=5.89
    suit_stats:
      C: pts=[10, 0, 12, 16]  avg=9.50  p30=10.00  std=5.89
      D: pts=[]
      S: pts=[]
    failed_checks:
      D: p30 0.00 < 15; conf_mean 0.00 < 15
      C: p30 10.00 < 15; conf_mean 6.55 < 15
      S: p30 0.00 < 15; conf_mean 0.00 < 15
    reason: Pass: No suit meets thresholds. Best suit C has p30=10.00, conf_mean=6.55 below min_allowed=16 (current_high=0, raise_delta=+1). Failed checks for best suit: p30 10.00 < 15, conf_mean 6.55 < 15.
Pass (locked): Player 2 (min_allowed=16)
  bidding analysis:
    present_suits: H, D, C
    current_high=0  min_allowed=16  raise_delta=1
    overall: avg=12.50  p30=10.00  std=6.75
    failed_checks:
      H: p30 10.00 < 15; conf_mean 9.12 < 15
      D: p30 4.00 < 15; conf_mean 7.31 < 15
      C: p30 0.00 < 15; conf_mean 0.75 < 15
    reason: Pass: No suit meets thresholds. Best suit H has p30=10.00, conf_mean=9.12 below min_allowed=16 (current_high=0, raise_delta=+1). Failed checks for best suit: p30 10.00 < 15, conf_mean 9.12 < 15.
Pass (locked): Player 3 (min_allowed=16)
  bidding analysis:
    present_suits: H, D, S
    current_high=0  min_allowed=16  raise_delta=1
    overall: avg=11.50  p30=9.00  std=8.32
    suit_stats:
      H: pts=[14, 9, 0, 23]  avg=11.50  p30=9.00  std=8.32
      D: pts=[]
      S: pts=[]
    failed_checks:
      H: p30 9.00 < 15; conf_mean 7.34 < 15
      D: p30 0.00 < 15; conf_mean 0.00 < 15
      S: p30 0.00 < 15; conf_mean 0.00 < 15
    reason: Pass: No suit meets thresholds. Best suit H has p30=9.00, conf_mean=7.34 below min_allowed=16 (current_high=0, raise_delta=+1). Failed checks for best suit: p30 9.00 < 15, conf_mean 7.34 < 15.
Forced bid: All players passed. Player 0 takes minimum bid 16.

AUCTION WINNER: Player 0 with bid 16; chooses trump H 
Details={'chosen': 'H', 'estimates': {'S': 11.0, 'H': 11.5, 'D': 11.0}}
Player 0 hand :  ['QD', 'AD', 'AS', '9C', '8D', '8S', 'JS']
Player 1 hand :  ['7C', '9D', 'QC', 'QS', 'KC', '10D', 'KS', 'KD']
Player 2 hand :  ['7H', 'JH', '7D', '8C', '9H', '10S', 'AC', '7S']
Player 3 hand :  ['KH', 'JD', '9S', '8H', 'JC', '10C', 'AH', 'QH']
Player 0 (auction 4 cards): ['10H', 'QD', 'AD', 'AS']
Player 1 (auction 4 cards): ['7C', '9D', 'QC', 'QS']
Player 2 (auction 4 cards): ['7H', 'JH', '7D', '8C']
Player 3 (auction 4 cards): ['KH', 'JD', '9S', '8H']
Auction winner (bidder): Player 0 with bid 16
Bidder sets concealed trump suit: H
Phase: concealed, bidder concealed card: 10H

Player 0 plays QD
Player 1 plays 9D
Player 2 plays 7D
Player 3 plays JD
Player 3 won the hand: 5 points

Player 3 plays KH
Player 0 plays AD
Player 1 plays 7C
Player 2 plays 7H
Player 3 won the hand: 1 points

Player 3 plays 9S
Player 0 plays AS
Player 1 plays QS
Player 2 plays 10S
Player 3 won the hand: 4 points

Player 3 plays 8H
Player 0 plays 9C
Player 1 plays QC
Player 2 plays JH
Player 2 won the hand: 5 points

Player 2 plays 8C
Player 3 plays JC
Player 0 plays 8D
Player 1 plays KC
Player 3 won the hand: 3 points

Player 3 plays 10C
Player 0 plays 8S
Player 1 plays 10D
Player 2 plays AC
Player 2 won the hand: 3 points

Player 2 plays 9H
Player 3 plays AH
Player 0 plays JS
Player 1 plays KS
Player 2 won the hand: 6 points

Round declared invalid: trump never exposed by end of 7th trick.
Game 36 final points: Team A=0, Team B=0
Series cumulative game score so far: Team A=-1, Team B=-5
Log saved to: c:\Users\laksh\Desktop\Projects\28bot\logs\game28\mcts_games\game_36_20250820_152428_842752.log
