
===== GAME 48 (20250821_113506_910961) =====

===== AUCTION =====
Bid: Player 0 proposes 18 (min_allowed=16)
  bidding analysis:
    present_suits: D, C, S
    current_high=0  min_allowed=16  raise_delta=1
    chosen_suit: S
    proposed_bid: 18
    overall: avg=19.12  p30=17.00  std=2.57
    suit_stats:
      S: pts=[18, 22, 17, 23, 17, 18 ...]  avg=19.12  p30=17.00  std=2.57
      D: pts=[]
      C: pts=[]
    reason: Bid: Suit S meets thresholds (p30=17.00, conf_mean=17.84 >= min_allowed=16); conservative mapping max(p30, avg-1) -> 18. (current_high=0, raise_delta=+1)
Pass (locked): Player 1 (min_allowed=19)
  bidding analysis:
    present_suits: H, D, S
    current_high=18  min_allowed=19  raise_delta=1
    overall: avg=18.75  p30=18.00  std=3.42
    suit_stats:
      H: pts=[12, 18, 18, 22, 23, 19 ...]  avg=18.75  p30=18.00  std=3.42
      D: pts=[]
      S: pts=[]
    failed_checks:
      H: conf_mean 17.04 < 18
      D: p30 0.00 < 18; conf_mean 0.00 < 18
      S: p30 0.00 < 18; conf_mean 0.00 < 18
    reason: Pass: No suit meets thresholds. Best suit H has p30=18.00, conf_mean=17.04 below min_allowed=19 (current_high=18, raise_delta=+1). Failed checks for best suit: conf_mean 17.04 < 18.
Pass (locked): Player 2 (min_allowed=19)
  bidding analysis:
    present_suits: H, D, C
    current_high=18  min_allowed=19  raise_delta=1
    overall: avg=17.25  p30=16.00  std=6.06
    suit_stats:
      H: pts=[25, 20, 16, 22, 6, 22 ...]  avg=17.25  p30=16.00  std=6.06
      D: pts=[]
      C: pts=[]
    failed_checks:
      H: p30 16.00 < 18; conf_mean 14.22 < 18
      D: p30 0.00 < 18; conf_mean 0.00 < 18
      C: p30 0.00 < 18; conf_mean 0.00 < 18
    reason: Pass: No suit meets thresholds. Best suit H has p30=16.00, conf_mean=14.22 below min_allowed=19 (current_high=18, raise_delta=+1). Failed checks for best suit: p30 16.00 < 18, conf_mean 14.22 < 18.
Bid: Player 3 proposes 22 (min_allowed=19)
  bidding analysis:
    present_suits: H, D, C, S
    current_high=18  min_allowed=19  raise_delta=1
    chosen_suit: D
    proposed_bid: 22
    overall: avg=22.00  p30=22.00  std=0.00
    suit_stats:
      S: pts=[4]  avg=4.00  p30=4.00  std=0.00
      D: pts=[22]  avg=22.00  p30=22.00  std=0.00
      C: pts=[10]  avg=10.00  p30=10.00  std=0.00
      H: pts=[20]  avg=20.00  p30=20.00  std=0.00
    reason: Bid: Suit D meets thresholds (p30=22.00, conf_mean=22.00 >= min_allowed=19); conservative mapping max(p30, avg-1) -> 22. (current_high=18, raise_delta=+1)
Pass (locked): Player 0 (min_allowed=23)
  bidding analysis:
    present_suits: D, C, S
    current_high=22  min_allowed=23  raise_delta=1
    overall: avg=13.88  p30=11.00  std=6.70
    suit_stats:
      S: pts=[14, 14, 24, 21, 3, 18 ...]  avg=13.88  p30=11.00  std=6.70
      D: pts=[]
      C: pts=[]
    failed_checks:
      D: p30 0.00 < 22; conf_mean 0.00 < 22
      C: p30 0.00 < 22; conf_mean 0.00 < 22
      S: p30 11.00 < 22; conf_mean 10.53 < 22
    reason: Pass: No suit meets thresholds. Best suit S has p30=11.00, conf_mean=10.53 below min_allowed=23 (current_high=22, raise_delta=+1). Failed checks for best suit: p30 11.00 < 22, conf_mean 10.53 < 22.

AUCTION WINNER: Player 3 with bid 22; chooses trump D 
Details={'chosen': 'D', 'estimates': {'H': 8.0, 'C': 16.0, 'S': 16.0, 'D': 22.0}}
Player 0 hand :  ['AD', 'AS', '8S', 'KC', '7H', '9S', '7S', '9D']
Player 1 hand :  ['KS', '8D', 'KH', 'QH', 'JD', '8H', 'KD', 'JC']
Player 2 hand :  ['9C', 'AH', 'JH', '7D', 'JS', '7C', 'QD', '8C']
Player 3 hand :  ['QC', '10S', '9H', '10H', '10C', 'AC', 'QS']
Player 0 (auction 4 cards): ['AD', 'AS', '8S', 'KC']
Player 1 (auction 4 cards): ['KS', '8D', 'KH', 'QH']
Player 2 (auction 4 cards): ['9C', 'AH', 'JH', '7D']
Player 3 (auction 4 cards): ['10D', 'QC', '10S', '9H']
Auction winner (bidder): Player 3 with bid 22
Bidder sets concealed trump suit: D
Phase: concealed, bidder concealed card: 10D

Player 0 plays AD
Player 1 plays 8D
Player 2 plays 7D
Player 3 plays QC
Player 0 won the hand: 1 points

Player 0 plays AS
Player 1 plays KS
Player 2 plays JS
Player 3 plays 10S
Player 2 won the hand: 5 points

Player 2 plays 9C
Player 3 plays 10C
Player 0 plays KC
Player 1 plays JC
Player 1 won the hand: 6 points

Player 1 plays KH
Player 2 plays AH
Player 3 plays 9H
Player 0 plays 7H
Player 3 won the hand: 3 points

Player 3 plays 10H
Player 0 plays 8S
Player 1 plays QH
Player 2 plays JH
Player 2 won the hand: 4 points

Player 2 plays 7C
Player 3 plays AC
Player 0 plays 9S
-- Phase 2 begins: Trump revealed as D by Player 1 on trick 6 --
Player 1 plays JD
Player 1 won the hand: 6 points

Player 1 plays 8H
Player 2 plays QD
Player 3 plays QS
Player 0 plays 7S
Player 2 won the hand: 0 points

Player 2 plays 8C
Player 3 plays 10D
Player 0 plays 9D
Player 1 plays KD
Player 0 won the hand: 3 points

Game 48 final points: Team A=13, Team B=15
Series cumulative game score so far: Team A=-4, Team B=-14
Log saved to: C:\Users\laksh\Desktop\Projects\28bot\logs\game28\mcts_games\game_48_20250821_113506_910961.log
