
===== GAME 2 (20250820_221055_082443) =====

===== AUCTION =====
Pass (locked): Player 0 (min_allowed=16)
  bidding analysis:
    present_suits: H, C, S
    current_high=0  min_allowed=16  raise_delta=1
    overall: avg=14.46  p30=13.00  std=5.72
    suit_stats:
      H: pts=[17, 13, 18, 14, 18, 16 ...]  avg=14.46  p30=13.00  std=5.72
      C: pts=[]
      S: pts=[]
    failed_checks:
      H: p30 13.00 < 15; conf_mean 11.60 < 15
      C: p30 0.00 < 15; conf_mean 0.00 < 15
      S: p30 0.00 < 15; conf_mean 0.00 < 15
    reason: Pass: No suit meets thresholds. Best suit H has p30=13.00, conf_mean=11.60 below min_allowed=16 (current_high=0, raise_delta=+1). Failed checks for best suit: p30 13.00 < 15, conf_mean 11.60 < 15.
Pass (locked): Player 1 (min_allowed=16)
  bidding analysis:
    present_suits: D, C
    current_high=0  min_allowed=16  raise_delta=1
    overall: avg=17.17  p30=15.00  std=4.84
    suit_stats:
      D: pts=[13, 16, 19, 15, 18, 24 ...]  avg=17.17  p30=15.00  std=4.84
      C: pts=[]
    failed_checks:
      D: conf_mean 14.74 < 15
      C: p30 0.00 < 15; conf_mean 0.00 < 15
    reason: Pass: No suit meets thresholds. Best suit D has p30=15.00, conf_mean=14.74 below min_allowed=16 (current_high=0, raise_delta=+1). Failed checks for best suit: conf_mean 14.74 < 15.
Pass (locked): Player 2 (min_allowed=16)
  bidding analysis:
    present_suits: H, D, C
    current_high=0  min_allowed=16  raise_delta=1
    overall: avg=13.42  p30=11.00  std=5.72
    suit_stats:
      D: pts=[6, 11, 2, 19, 15, 11 ...]  avg=13.42  p30=11.00  std=5.72
      H: pts=[]
      C: pts=[]
    failed_checks:
      H: p30 0.00 < 15; conf_mean 0.00 < 15
      D: p30 11.00 < 15; conf_mean 10.56 < 15
      C: p30 0.00 < 15; conf_mean 0.00 < 15
    reason: Pass: No suit meets thresholds. Best suit D has p30=11.00, conf_mean=10.56 below min_allowed=16 (current_high=0, raise_delta=+1). Failed checks for best suit: p30 11.00 < 15, conf_mean 10.56 < 15.
Pass (locked): Player 3 (min_allowed=16)
  bidding analysis:
    present_suits: H, C
    current_high=0  min_allowed=16  raise_delta=1
    overall: avg=11.00  p30=11.00  std=0.00
    suit_stats:
      H: pts=[6, 16, 19, 7, 24, 5 ...]  avg=13.67  p30=8.00  std=6.50
      C: pts=[11]  avg=11.00  p30=11.00  std=0.00
    failed_checks:
      H: p30 8.00 < 15; conf_mean 10.42 < 15
      C: p30 11.00 < 15; conf_mean 11.00 < 15
    reason: Pass: No suit meets thresholds. Best suit C has p30=11.00, conf_mean=11.00 below min_allowed=16 (current_high=0, raise_delta=+1). Failed checks for best suit: p30 11.00 < 15, conf_mean 11.00 < 15.
Forced bid: All players passed. Player 0 takes minimum bid 16.

AUCTION WINNER: Player 0 with bid 16; chooses trump S 
Details={'chosen': 'S', 'estimates': {'C': 5.0, 'H': 15.0, 'S': 19.0}}
Player 0 hand :  ['9H', 'QC', '10H', '8H', '9D', '10S', 'QS']
Player 1 hand :  ['8D', 'KD', 'JD', '8C', 'AH', 'AD', 'KS', '9S']
Player 2 hand :  ['KC', 'QH', '10D', '7D', '8S', 'JH', 'JS', 'AC']
Player 3 hand :  ['9C', 'JC', '7H', 'KH', '10C', '7S', 'QD', '7C']
Player 0 (auction 4 cards): ['9H', 'QC', '10H', 'AS']
Player 1 (auction 4 cards): ['8D', 'KD', 'JD', '8C']
Player 2 (auction 4 cards): ['KC', 'QH', '10D', '7D']
Player 3 (auction 4 cards): ['9C', 'JC', '7H', 'KH']
Auction winner (bidder): Player 0 with bid 16
Bidder sets concealed trump suit: S
Phase: concealed, bidder concealed card: AS

Player 0 plays 9H
Player 1 plays AH
Player 2 plays QH
Player 3 plays 7H
Player 0 won the hand: 3 points

Player 0 plays QC
Player 1 plays 8C
Player 2 plays KC
Player 3 plays 9C
Player 3 won the hand: 2 points

Player 3 plays JC
Player 0 plays 10H
Player 1 plays 8D
Player 2 plays AC
Player 3 won the hand: 5 points

Player 3 plays KH
Player 0 plays 8H
Player 1 plays KD
Player 2 plays JH
Player 2 won the hand: 3 points

Player 2 plays 10D
Player 3 plays QD
Player 0 plays 9D
Player 1 plays JD
Player 1 won the hand: 6 points

Player 1 plays AD
Player 2 plays 7D
Player 3 plays 10C
-- Phase 2 begins: Trump revealed as S by Player 0 on trick 6 --
Player 0 plays 10S
Player 0 won the hand: 3 points

Player 0 plays QS
Player 1 plays KS
Player 2 plays 8S
Player 3 plays 7S
Player 1 won the hand: 0 points

Player 1 plays 9S
Player 2 plays JS
Player 3 plays 7C
Player 0 plays AS
Player 2 won the hand: 6 points

Game 2 final points: Team A=15, Team B=13
Series cumulative game score so far: Team A=0, Team B=0
Log saved to: c:\Users\laksh\Desktop\Projects\28bot\logs\game28\mcts_games\game_2_20250820_221055_082443.log
