
===== GAME 6 (20250821_094137_341119) =====

===== AUCTION =====
Pass (locked): Player 0 (min_allowed=16)
  bidding analysis:
    present_suits: H, C, S
    current_high=0  min_allowed=16  raise_delta=1
    overall: avg=15.00  p30=14.00  std=3.81
    suit_stats:
      S: pts=[17, 17, 19, 6, 14, 15 ...]  avg=15.00  p30=14.00  std=3.81
      H: pts=[]
      C: pts=[]
    failed_checks:
      H: p30 0.00 < 15; conf_mean 0.00 < 15
      C: p30 0.00 < 15; conf_mean 0.00 < 15
      S: p30 14.00 < 15; conf_mean 13.10 < 15
    reason: Pass: No suit meets thresholds. Best suit S has p30=14.00, conf_mean=13.10 below min_allowed=16 (current_high=0, raise_delta=+1). Failed checks for best suit: p30 14.00 < 15, conf_mean 13.10 < 15.
Pass (locked): Player 1 (min_allowed=16)
  bidding analysis:
    present_suits: H, D
    current_high=0  min_allowed=16  raise_delta=1
    overall: avg=15.88  p30=13.00  std=4.34
    suit_stats:
      D: pts=[18, 13, 20, 16, 13, 16 ...]  avg=15.88  p30=13.00  std=4.34
      H: pts=[]
    failed_checks:
      H: p30 0.00 < 15; conf_mean 0.00 < 15
      D: p30 13.00 < 15; conf_mean 13.70 < 15
    reason: Pass: No suit meets thresholds. Best suit D has p30=13.00, conf_mean=13.70 below min_allowed=16 (current_high=0, raise_delta=+1). Failed checks for best suit: p30 13.00 < 15, conf_mean 13.70 < 15.
Pass (locked): Player 2 (min_allowed=16)
  bidding analysis:
    present_suits: H, D, S
    current_high=0  min_allowed=16  raise_delta=1
    overall: avg=9.75  p30=8.00  std=4.05
    suit_stats:
      D: pts=[17, 9, 4, 10, 14, 8 ...]  avg=9.75  p30=8.00  std=4.05
      H: pts=[]
      S: pts=[]
    failed_checks:
      H: p30 0.00 < 15; conf_mean 0.00 < 15
      D: p30 8.00 < 15; conf_mean 7.72 < 15
      S: p30 0.00 < 15; conf_mean 0.00 < 15
    reason: Pass: No suit meets thresholds. Best suit D has p30=8.00, conf_mean=7.72 below min_allowed=16 (current_high=0, raise_delta=+1). Failed checks for best suit: p30 8.00 < 15, conf_mean 7.72 < 15.
Pass (locked): Player 3 (min_allowed=16)
  bidding analysis:
    present_suits: H, C, S
    current_high=0  min_allowed=16  raise_delta=1
    overall: avg=14.38  p30=10.00  std=5.54
    suit_stats:
      H: pts=[11, 18, 23, 20, 10, 10 ...]  avg=14.38  p30=10.00  std=5.54
      C: pts=[]
      S: pts=[]
    failed_checks:
      H: p30 10.00 < 15; conf_mean 11.60 < 15
      C: p30 0.00 < 15; conf_mean 0.00 < 15
      S: p30 0.00 < 15; conf_mean 0.00 < 15
    reason: Pass: No suit meets thresholds. Best suit H has p30=10.00, conf_mean=11.60 below min_allowed=16 (current_high=0, raise_delta=+1). Failed checks for best suit: p30 10.00 < 15, conf_mean 11.60 < 15.
Forced bid: All players passed. Player 0 takes minimum bid 16.

AUCTION WINNER: Player 0 with bid 16; chooses trump S 
Details={'chosen': 'S', 'estimates': {'C': 15.0, 'H': 14.0, 'S': 22.0}}
Player 0 hand :  ['KS', 'JC', '10H', '10D', 'JH', '10C', '9D']
Player 1 hand :  ['8D', '9H', 'AD', '7D', 'QC', 'QS', '8S', 'AH']
Player 2 hand :  ['7H', '9S', 'QD', 'KD', 'QH', '9C', '7C', 'JD']
Player 3 hand :  ['KH', '8H', '7S', 'KC', '10S', 'JS', 'AC', '8C']
Player 0 (auction 4 cards): ['KS', 'JC', 'AS', '10H']
Player 1 (auction 4 cards): ['8D', '9H', 'AD', '7D']
Player 2 (auction 4 cards): ['7H', '9S', 'QD', 'KD']
Player 3 (auction 4 cards): ['KH', '8H', '7S', 'KC']
Auction winner (bidder): Player 0 with bid 16
Bidder sets concealed trump suit: S
Phase: concealed, bidder concealed card: AS

Player 0 plays JC
Player 1 plays QC
Player 2 plays 9C
Player 3 plays KC
Player 0 won the hand: 5 points

Player 0 plays 10H
Player 1 plays 9H
Player 2 plays 7H
Player 3 plays KH
Player 1 won the hand: 3 points

Player 1 plays 8D
Player 2 plays QD
Player 3 plays 8H
Player 0 plays 10D
Player 0 won the hand: 1 points

Player 0 plays JH
Player 1 plays AH
Player 2 plays QH
-- Phase 2 begins: Trump revealed as S by Player 3 on trick 4 --
Player 3 plays 7S
Player 3 won the hand: 4 points

Player 3 plays 10S
Player 0 plays KS
Player 1 plays QS
Player 2 plays 9S
Player 2 won the hand: 3 points

Player 2 plays KD
Player 3 plays JS
Player 0 plays 9D
Player 1 plays AD
Player 3 won the hand: 6 points

Player 3 plays AC
Player 0 plays 10C
Player 1 plays 7D
Player 2 plays 7C
Player 3 won the hand: 2 points

Player 3 plays 8C
Player 0 plays AS
Player 1 plays 8S
Player 2 plays JD
Player 0 won the hand: 4 points

Game 6 final points: Team A=13, Team B=15
Series cumulative game score so far: Team A=-3, Team B=-1
Log saved to: C:\Users\laksh\Desktop\Projects\28bot\logs\game28\mcts_games\game_6_20250821_094137_341119.log
