
===== GAME 3 (20250823_170318_714412) =====

===== AUCTION =====
Bid: Player 0 proposes 19 (min_allowed=16)
  bidding analysis:
    present_suits: H, D, C
    current_high=0  min_allowed=16  raise_delta=1
    chosen_suit: D
    proposed_bid: 19
    overall: avg=19.50  p30=19.00  std=3.39
    reason: Bid (precomputed): Suit D meets thresholds (p30=19.00, conf_mean=17.80 >= min_allowed=16); conservative mapping max(p30, avg-1) -> 19. (current_high=0, raise_delta=+1)
Pass (locked): Player 1 (min_allowed=20)
  bidding analysis:
    present_suits: H, C, S
    current_high=19  min_allowed=20  raise_delta=1
    overall: avg=15.25  p30=12.00  std=5.72
    suit_stats:
      C: pts=[23, 22, 11, 10, 15, 12 ...]  avg=15.25  p30=12.00  std=5.72
      H: pts=[]
      S: pts=[]
    failed_checks:
      H: p30 0.00 < 19; conf_mean 0.00 < 19
      C: p30 12.00 < 19; conf_mean 12.39 < 19
      S: p30 0.00 < 19; conf_mean 0.00 < 19
    reason: Pass: No suit meets thresholds. Best suit C has p30=12.00, conf_mean=12.39 below min_allowed=20 (current_high=19, raise_delta=+1). Failed checks for best suit: p30 12.00 < 19, conf_mean 12.39 < 19.
Pass (locked): Player 2 (min_allowed=20)
  bidding analysis:
    present_suits: H, S
    current_high=19  min_allowed=20  raise_delta=1
    overall: avg=18.12  p30=16.00  std=4.27
    suit_stats:
      S: pts=[16, 18, 16, 16, 11, 22 ...]  avg=18.12  p30=16.00  std=4.27
      H: pts=[]
    failed_checks:
      H: p30 0.00 < 19; conf_mean 0.00 < 19
      S: p30 16.00 < 19; conf_mean 15.99 < 19
    reason: Pass: No suit meets thresholds. Best suit S has p30=16.00, conf_mean=15.99 below min_allowed=20 (current_high=19, raise_delta=+1). Failed checks for best suit: p30 16.00 < 19, conf_mean 15.99 < 19.
Pass (locked): Player 3 (min_allowed=20)
  bidding analysis:
    present_suits: D, S
    current_high=19  min_allowed=20  raise_delta=1
    overall: avg=18.81  p30=16.00  std=4.93
    suit_stats:
      S: pts=[10, 19, 23, 9, 16, 18 ...]  avg=18.81  p30=16.00  std=4.93
      D: pts=[]
    failed_checks:
      D: p30 0.00 < 19; conf_mean 0.00 < 19
      S: p30 16.00 < 19; conf_mean 16.35 < 19
    reason: Pass: No suit meets thresholds. Best suit S has p30=16.00, conf_mean=16.35 below min_allowed=20 (current_high=19, raise_delta=+1). Failed checks for best suit: p30 16.00 < 19, conf_mean 16.35 < 19.

AUCTION WINNER: Player 0 with bid 19; chooses trump D 
Details={'chosen': 'D', 'estimates': {'H': 0.0, 'D': 19.5, 'C': 19.0}}
Player 0 hand :  ['JC', 'JH', 'QC', '9C', '8S', 'AH', 'JD']
Player 1 hand :  ['AC', 'QH', 'KC', '7S', '7H', '10D', 'KH', '7C']
Player 2 hand :  ['10H', 'KS', 'JS', 'AS', 'KD', '8H', '10C', '8C']
Player 3 hand :  ['10S', 'QD', 'QS', '9S', '7D', 'AD', '9H', '8D']
Player 0 (auction 4 cards): ['JC', 'JH', 'QC', '9D']
Player 1 (auction 4 cards): ['AC', 'QH', 'KC', '7S']
Player 2 (auction 4 cards): ['10H', 'KS', 'JS', 'AS']
Player 3 (auction 4 cards): ['10S', 'QD', 'QS', '9S']
Auction winner (bidder): Player 0 with bid 19
Bidder sets concealed trump suit: D
Phase: concealed, bidder concealed card: 9D

Player 0 plays JC
Player 1 plays AC
Player 2 plays 10C
Player 3 plays 10S
Player 0 won the hand: 6 points

Player 0 plays JH
Player 1 plays QH
Player 2 plays 10H
Player 3 plays 9H
Player 0 won the hand: 6 points

Player 0 plays QC
Player 1 plays KC
Player 2 plays 8C
-- Phase 2 begins: Trump revealed as D by Player 3 on trick 3 --
Player 3 plays QD
Player 3 won the hand: 0 points

Player 3 plays QS
Player 0 plays 8S
Player 1 plays 7S
Player 2 plays KS
Player 2 won the hand: 0 points

Player 2 plays JS
Player 3 plays 9S
Player 0 plays 9C
Player 1 plays 7H
Player 2 won the hand: 7 points

Player 2 plays AS
Player 3 plays 7D
Player 0 plays AH
Player 1 plays 10D
Player 1 won the hand: 3 points

Player 1 plays KH
Player 2 plays 8H
Player 3 plays AD
Player 0 plays JD
Player 0 won the hand: 4 points

Player 0 plays 9D
Player 1 plays 7C
Player 2 plays KD
Player 3 plays 8D
Player 0 won the hand: 2 points

Game 3 final points: Team A=25, Team B=3
Series cumulative game score so far: Team A=0, Team B=0
Log saved to: c:\Users\laksh\Desktop\Projects\28bot\logs\game28\mcts_games\game_3_20250823_170318_714412.log
