
===== GAME 44 (20250821_113009_285608) =====

===== AUCTION =====
Bid: Player 0 proposes 18 (min_allowed=16)
  bidding analysis:
    present_suits: H, S
    current_high=0  min_allowed=16  raise_delta=1
    chosen_suit: H
    proposed_bid: 18
    overall: avg=18.00  p30=18.00  std=0.00
    suit_stats:
      S: pts=[19, 18, 15, 13, 9, 15 ...]  avg=17.00  p30=15.00  std=4.77
      H: pts=[18]  avg=18.00  p30=18.00  std=0.00
    reason: Bid: Suit H meets thresholds (p30=18.00, conf_mean=18.00 >= min_allowed=16); conservative mapping max(p30, avg-1) -> 18. (current_high=0, raise_delta=+1)
Pass (locked): Player 1 (min_allowed=19)
  bidding analysis:
    present_suits: D, S
    current_high=18  min_allowed=19  raise_delta=1
    overall: avg=17.38  p30=15.00  std=4.87
    suit_stats:
      D: pts=[9, 18, 18, 25, 21, 21 ...]  avg=17.38  p30=15.00  std=4.87
      S: pts=[]
    failed_checks:
      D: p30 15.00 < 18; conf_mean 14.94 < 18
      S: p30 0.00 < 18; conf_mean 0.00 < 18
    reason: Pass: No suit meets thresholds. Best suit D has p30=15.00, conf_mean=14.94 below min_allowed=19 (current_high=18, raise_delta=+1). Failed checks for best suit: p30 15.00 < 18, conf_mean 14.94 < 18.
Pass (locked): Player 2 (min_allowed=19)
  bidding analysis:
    present_suits: H, C, S
    current_high=18  min_allowed=19  raise_delta=1
    overall: avg=14.62  p30=12.00  std=7.02
    suit_stats:
      S: pts=[23, 23, 12, 5, 12, 15 ...]  avg=14.62  p30=12.00  std=7.02
      H: pts=[]
      C: pts=[]
    failed_checks:
      H: p30 0.00 < 18; conf_mean 0.00 < 18
      C: p30 0.00 < 18; conf_mean 0.00 < 18
      S: p30 12.00 < 18; conf_mean 11.12 < 18
    reason: Pass: No suit meets thresholds. Best suit S has p30=12.00, conf_mean=11.12 below min_allowed=19 (current_high=18, raise_delta=+1). Failed checks for best suit: p30 12.00 < 18, conf_mean 11.12 < 18.
Pass (locked): Player 3 (min_allowed=19)
  bidding analysis:
    present_suits: H, D, S
    current_high=18  min_allowed=19  raise_delta=1
    overall: avg=7.50  p30=5.00  std=5.85
    failed_checks:
      H: p30 0.00 < 18; conf_mean 0.00 < 18
      S: p30 5.00 < 18; conf_mean 4.57 < 18
    reason: Pass: No suit meets thresholds. Best suit S has p30=5.00, conf_mean=4.57 below min_allowed=19 (current_high=18, raise_delta=+1). Failed checks for best suit: p30 5.00 < 18, conf_mean 4.57 < 18.

AUCTION WINNER: Player 0 with bid 18; chooses trump H 
Details={'chosen': 'H', 'estimates': {'H': 15.0, 'S': 13.0}}
Player 0 hand :  ['JS', '10H', 'KS', 'KD', 'KC', '9D', '9C']
Player 1 hand :  ['AD', '8D', '9S', 'QD', 'QC', 'JD', '8S', 'AS']
Player 2 hand :  ['10C', 'QS', '9H', '10S', 'KH', 'JC', '7D', '7C']
Player 3 hand :  ['10D', 'QH', '8H', '7S', '8C', 'AC', 'JH', '7H']
Player 0 (auction 4 cards): ['JS', '10H', 'KS', 'AH']
Player 1 (auction 4 cards): ['AD', '8D', '9S', 'QD']
Player 2 (auction 4 cards): ['10C', 'QS', '9H', '10S']
Player 3 (auction 4 cards): ['10D', 'QH', '8H', '7S']
Auction winner (bidder): Player 0 with bid 18
Bidder sets concealed trump suit: H
Phase: concealed, bidder concealed card: AH

Player 0 plays JS
Player 1 plays 9S
Player 2 plays QS
Player 3 plays 7S
Player 0 won the hand: 5 points

Player 0 plays KS
Player 1 plays 8S
Player 2 plays 10S
Player 3 plays 10D
Player 2 won the hand: 2 points

Player 2 plays 10C
Player 3 plays 8C
Player 0 plays KC
Player 1 plays QC
Player 2 won the hand: 1 points

Player 2 plays 9H
Player 3 plays QH
Player 0 plays 10H
Player 1 plays AD
Player 2 won the hand: 4 points

Player 2 plays KH
Player 3 plays 8H
Player 0 plays KD
Player 1 plays 8D
Player 2 won the hand: 0 points

Player 2 plays JC
Player 3 plays AC
Player 0 plays 9C
Player 1 plays QD
Player 2 won the hand: 6 points

Player 2 plays 7D
-- Phase 2 begins: Trump revealed as H by Player 3 on trick 7 --
Player 3 plays JH
Player 0 plays 9D
Player 1 plays JD
Player 3 won the hand: 8 points

Player 3 plays 7H
Player 0 plays AH
Player 1 plays AS
Player 2 plays 7C
Player 0 won the hand: 2 points

Game 44 final points: Team A=20, Team B=8
Series cumulative game score so far: Team A=-5, Team B=-12
Log saved to: C:\Users\laksh\Desktop\Projects\28bot\logs\game28\mcts_games\game_44_20250821_113009_285608.log
