
===== GAME 58 (20250821_114654_815506) =====

===== AUCTION =====
Pass (locked): Player 0 (min_allowed=16)
  bidding analysis:
    present_suits: D, S
    current_high=0  min_allowed=16  raise_delta=1
    overall: avg=13.00  p30=13.00  std=0.00
    suit_stats:
      D: pts=[21, 19, 18, 17, 6, 4 ...]  avg=14.12  p30=12.00  std=5.82
      S: pts=[13]  avg=13.00  p30=13.00  std=0.00
    failed_checks:
      D: p30 12.00 < 15; conf_mean 11.22 < 15
      S: p30 13.00 < 15; conf_mean 13.00 < 15
    reason: Pass: No suit meets thresholds. Best suit S has p30=13.00, conf_mean=13.00 below min_allowed=16 (current_high=0, raise_delta=+1). Failed checks for best suit: p30 13.00 < 15, conf_mean 13.00 < 15.
Pass (locked): Player 1 (min_allowed=16)
  bidding analysis:
    present_suits: H, D, C
    current_high=0  min_allowed=16  raise_delta=1
    overall: avg=12.75  p30=11.00  std=5.12
    suit_stats:
      H: pts=[19, 2, 15, 15, 9, 18 ...]  avg=12.75  p30=11.00  std=5.12
      D: pts=[]
      C: pts=[]
    failed_checks:
      H: p30 11.00 < 15; conf_mean 10.19 < 15
      D: p30 0.00 < 15; conf_mean 0.00 < 15
      C: p30 0.00 < 15; conf_mean 0.00 < 15
    reason: Pass: No suit meets thresholds. Best suit H has p30=11.00, conf_mean=10.19 below min_allowed=16 (current_high=0, raise_delta=+1). Failed checks for best suit: p30 11.00 < 15, conf_mean 10.19 < 15.
Pass (locked): Player 2 (min_allowed=16)
  bidding analysis:
    present_suits: D, C, S
    current_high=0  min_allowed=16  raise_delta=1
    overall: avg=0.00  p30=0.00  std=0.00
    failed_checks:
      D: p30 0.00 < 15; conf_mean 0.00 < 15
      S: p30 0.00 < 15; conf_mean 0.00 < 15
    reason: Pass: No suit meets thresholds. Best suit D has p30=0.00, conf_mean=0.00 below min_allowed=16 (current_high=0, raise_delta=+1). Failed checks for best suit: p30 0.00 < 15, conf_mean 0.00 < 15.
Pass (locked): Player 3 (min_allowed=16)
  bidding analysis:
    present_suits: H, D, C, S
    current_high=0  min_allowed=16  raise_delta=1
    overall: avg=12.00  p30=12.00  std=0.00
    suit_stats:
      C: pts=[10]  avg=10.00  p30=10.00  std=0.00
      D: pts=[8]  avg=8.00  p30=8.00  std=0.00
      H: pts=[12]  avg=12.00  p30=12.00  std=0.00
      S: pts=[10]  avg=10.00  p30=10.00  std=0.00
    failed_checks:
      H: p30 12.00 < 15; conf_mean 12.00 < 15
      D: p30 8.00 < 15; conf_mean 8.00 < 15
      C: p30 10.00 < 15; conf_mean 10.00 < 15
      S: p30 10.00 < 15; conf_mean 10.00 < 15
    reason: Pass: No suit meets thresholds. Best suit H has p30=12.00, conf_mean=12.00 below min_allowed=16 (current_high=0, raise_delta=+1). Failed checks for best suit: p30 12.00 < 15, conf_mean 12.00 < 15.
Forced bid: All players passed. Player 0 takes minimum bid 16.

AUCTION WINNER: Player 0 with bid 16; chooses trump D 
Details={'chosen': 'D', 'estimates': {'S': 14.0, 'D': 15.0}}
Player 0 hand :  ['QS', 'KD', '10S', 'JS', '9H', 'JH', '8H']
Player 1 hand :  ['10H', '8C', '9D', 'QH', '10C', '9C', 'AC', '8D']
Player 2 hand :  ['8S', 'JC', '10D', 'KS', '7D', '7H', 'JD', 'KH']
Player 3 hand :  ['QD', 'KC', 'AH', 'AS', 'QC', '7C', '7S', '9S']
Player 0 (auction 4 cards): ['AD', 'QS', 'KD', '10S']
Player 1 (auction 4 cards): ['10H', '8C', '9D', 'QH']
Player 2 (auction 4 cards): ['8S', 'JC', '10D', 'KS']
Player 3 (auction 4 cards): ['QD', 'KC', 'AH', 'AS']
Auction winner (bidder): Player 0 with bid 16
Bidder sets concealed trump suit: D
Phase: concealed, bidder concealed card: AD

Player 0 plays QS
Player 1 plays 10H
Player 2 plays 8S
Player 3 plays AS
Player 3 won the hand: 2 points

Player 3 plays QD
Player 0 plays KD
Player 1 plays 9D
Player 2 plays 10D
Player 1 won the hand: 3 points

Player 1 plays 8C
Player 2 plays JC
Player 3 plays KC
Player 0 plays 10S
Player 2 won the hand: 4 points

Player 2 plays KS
Player 3 plays 7S
Player 0 plays JS
Player 1 plays QH
Player 0 won the hand: 3 points

Player 0 plays 9H
Player 1 plays 10C
Player 2 plays 7H
Player 3 plays AH
Player 0 won the hand: 4 points

Player 0 plays JH
Player 1 plays 9C
Player 2 plays KH
Player 3 plays QC
Player 0 won the hand: 5 points

Player 0 plays 8H
Player 1 plays AC
-- Phase 2 begins: Trump revealed as D by Player 2 on trick 7 --
Player 2 plays 7D
Player 3 plays 7C
Player 2 won the hand: 1 points

Player 2 plays JD
Player 3 plays 9S
Player 0 plays AD
Player 1 plays 8D
Player 2 won the hand: 6 points

Game 58 final points: Team A=23, Team B=5
Series cumulative game score so far: Team A=-6, Team B=-17
Log saved to: C:\Users\laksh\Desktop\Projects\28bot\logs\game28\mcts_games\game_58_20250821_114654_815506.log
