
===== GAME 34 (20250820_152001_919066) =====

===== AUCTION =====
Pass (locked): Player 0 (min_allowed=16)
  bidding analysis:
    present_suits: H, D, C
    current_high=0  min_allowed=16  raise_delta=1
    overall: avg=15.00  p30=14.00  std=5.43
    suit_stats:
      H: pts=[7, 14, 17, 22]  avg=15.00  p30=14.00  std=5.43
      D: pts=[]
      C: pts=[]
    failed_checks:
      H: p30 14.00 < 15; conf_mean 12.28 < 15
      D: p30 0.00 < 15; conf_mean 0.00 < 15
      C: p30 0.00 < 15; conf_mean 0.00 < 15
    reason: Pass: No suit meets thresholds. Best suit H has p30=14.00, conf_mean=12.28 below min_allowed=16 (current_high=0, raise_delta=+1). Failed checks for best suit: p30 14.00 < 15, conf_mean 12.28 < 15.
Bid: Player 1 proposes 16 (min_allowed=16)
  bidding analysis:
    present_suits: H, D, C, S
    current_high=0  min_allowed=16  raise_delta=1
    chosen_suit: D
    proposed_bid: 16
    overall: avg=17.00  p30=15.00  std=3.96
    suit_stats:
      C: pts=[0, 14, 0, 9, 20, 0]  avg=7.17  p30=0.00  std=7.84
      S: pts=[0, 7, 0, 21, 26, 0]  avg=9.00  p30=0.00  std=10.65
      H: pts=[19, 12, 13, 15, 0, 21]  avg=13.33  p30=12.00  std=6.75
      D: pts=[19, 20, 20, 19, 15, 9]  avg=17.00  p30=15.00  std=3.96
    reason: Bid: Suit D meets thresholds (p30=15.00, conf_mean=15.02 >= min_allowed=16); conservative mapping max(p30, avg-1) -> 16. (current_high=0, raise_delta=+1)
Pass (locked): Player 2 (min_allowed=17)
  bidding analysis:
    present_suits: H, D, S
    current_high=16  min_allowed=17  raise_delta=1
    overall: avg=12.00  p30=8.00  std=6.44
    suit_stats:
      D: pts=[5, 8, 13, 22]  avg=12.00  p30=8.00  std=6.44
      H: pts=[]
      S: pts=[]
    failed_checks:
      H: p30 0.00 < 16; conf_mean 0.00 < 16
      D: p30 8.00 < 16; conf_mean 8.78 < 16
      S: p30 0.00 < 16; conf_mean 0.00 < 16
    reason: Pass: No suit meets thresholds. Best suit D has p30=8.00, conf_mean=8.78 below min_allowed=17 (current_high=16, raise_delta=+1). Failed checks for best suit: p30 8.00 < 16, conf_mean 8.78 < 16.
Bid: Player 3 proposes 18 (min_allowed=17)
  bidding analysis:
    present_suits: C, S
    current_high=16  min_allowed=17  raise_delta=1
    chosen_suit: S
    proposed_bid: 18
    overall: avg=18.00  p30=18.00  std=1.41
    suit_stats:
      S: pts=[16, 20, 18, 18]  avg=18.00  p30=18.00  std=1.41
      C: pts=[]
    reason: Bid: Suit S meets thresholds (p30=18.00, conf_mean=17.29 >= min_allowed=17); conservative mapping max(p30, avg-1) -> 18. (current_high=16, raise_delta=+1)
Pass (locked): Player 1 (min_allowed=19)
  bidding analysis:
    present_suits: H, D, C, S
    current_high=18  min_allowed=19  raise_delta=1
    overall: avg=14.00  p30=12.00  std=3.11
    suit_stats:
      D: pts=[18, 0, 18, 0, 15, 0]  avg=8.50  p30=0.00  std=8.56
      H: pts=[20, 0, 0, 5, 12, 20]  avg=9.50  p30=0.00  std=8.44
      S: pts=[13, 14, 10, 20, 15, 12]  avg=14.00  p30=12.00  std=3.11
      C: pts=[0, 11, 15, 10, 22, 24]  avg=13.67  p30=10.00  std=8.01
    failed_checks:
      H: p30 0.00 < 18; conf_mean 5.28 < 18
      D: p30 0.00 < 18; conf_mean 4.22 < 18
      C: p30 10.00 < 18; conf_mean 9.66 < 18
      S: p30 12.00 < 18; conf_mean 12.45 < 18
    reason: Pass: No suit meets thresholds. Best suit S has p30=12.00, conf_mean=12.45 below min_allowed=19 (current_high=18, raise_delta=+1). Failed checks for best suit: p30 12.00 < 18, conf_mean 12.45 < 18.

AUCTION WINNER: Player 3 with bid 18; chooses trump C 
Details={'chosen': 'C', 'estimates': {'S': 9.166666666666666, 'C': 11.666666666666666}}
Player 0 hand :  ['QD', 'AH', 'AC', 'QH', '9D', 'KC', '10S', 'JH']
Player 1 hand :  ['AS', 'JD', '9C', '9H', '8C', '10H', 'KD', 'QC']
Player 2 hand :  ['AD', '9S', '8D', 'KH', 'JC', '7D', '8H', '7H']
Player 3 hand :  ['8S', '7S', 'KS', '10C', 'JS', '10D', 'QS']
Player 0 (auction 4 cards): ['QD', 'AH', 'AC', 'QH']
Player 1 (auction 4 cards): ['AS', 'JD', '9C', '9H']
Player 2 (auction 4 cards): ['AD', '9S', '8D', 'KH']
Player 3 (auction 4 cards): ['7C', '8S', '7S', 'KS']
Auction winner (bidder): Player 3 with bid 18
Bidder sets concealed trump suit: C
Phase: concealed, bidder concealed card: 7C

Player 0 plays QD
Player 1 plays JD
Player 2 plays AD
Player 3 plays 10D
Player 1 won the hand: 5 points

Player 1 plays AS
Player 2 plays 9S
Player 3 plays 8S
Player 0 plays 10S
Player 2 won the hand: 4 points

Player 2 plays 8D
Player 3 plays 7S
Player 0 plays 9D
Player 1 plays KD
Player 0 won the hand: 2 points

Player 0 plays AH
Player 1 plays 9H
Player 2 plays KH
Player 3 plays KS
Player 1 won the hand: 3 points

Player 1 plays 9C
Player 2 plays JC
Player 3 plays 10C
Player 0 plays AC
Player 2 won the hand: 7 points

Player 2 plays 7D
Player 3 plays JS
Player 0 plays QH
-- Phase 2 begins: Trump revealed as C by Player 1 on trick 6 --
Player 1 plays 8C
Player 1 won the hand: 3 points

Player 1 plays 10H
Player 2 plays 8H
Player 3 plays QS
Player 0 plays JH
Player 0 won the hand: 4 points

Player 0 plays KC
Player 1 plays QC
Player 2 plays 7H
Player 3 plays 7C
Player 0 won the hand: 0 points

Game 34 final points: Team A=17, Team B=11
Series cumulative game score so far: Team A=-1, Team B=-3
Log saved to: c:\Users\laksh\Desktop\Projects\28bot\logs\game28\mcts_games\game_34_20250820_152001_919066.log
