
===== GAME 44 (20250820_153948_959479) =====

===== AUCTION =====
Pass (locked): Player 0 (min_allowed=16)
  bidding analysis:
    present_suits: D, C, S
    current_high=0  min_allowed=16  raise_delta=1
    overall: avg=17.25  p30=14.00  std=6.02
    suit_stats:
      C: pts=[27, 14, 17, 11]  avg=17.25  p30=14.00  std=6.02
      D: pts=[]
      S: pts=[]
    failed_checks:
      D: p30 0.00 < 15; conf_mean 0.00 < 15
      C: p30 14.00 < 15; conf_mean 14.24 < 15
      S: p30 0.00 < 15; conf_mean 0.00 < 15
    reason: Pass: No suit meets thresholds. Best suit C has p30=14.00, conf_mean=14.24 below min_allowed=16 (current_high=0, raise_delta=+1). Failed checks for best suit: p30 14.00 < 15, conf_mean 14.24 < 15.
Pass (locked): Player 1 (min_allowed=16)
  bidding analysis:
    present_suits: H, D, S
    current_high=0  min_allowed=16  raise_delta=1
    overall: avg=6.00  p30=6.00  std=3.94
    suit_stats:
      D: pts=[6, 0, 7, 11]  avg=6.00  p30=6.00  std=3.94
      H: pts=[]
      S: pts=[]
    failed_checks:
      H: p30 0.00 < 15; conf_mean 0.00 < 15
      D: p30 6.00 < 15; conf_mean 4.03 < 15
      S: p30 0.00 < 15; conf_mean 0.00 < 15
    reason: Pass: No suit meets thresholds. Best suit D has p30=6.00, conf_mean=4.03 below min_allowed=16 (current_high=0, raise_delta=+1). Failed checks for best suit: p30 6.00 < 15, conf_mean 4.03 < 15.
Pass (locked): Player 2 (min_allowed=16)
  bidding analysis:
    present_suits: H, D, C
    current_high=0  min_allowed=16  raise_delta=1
    overall: avg=16.83  p30=13.00  std=6.41
    failed_checks:
      H: p30 7.00 < 15; conf_mean 8.82 < 15
      D: p30 0.00 < 15; conf_mean 1.50 < 15
      C: p30 13.00 < 15; conf_mean 13.63 < 15
    reason: Pass: No suit meets thresholds. Best suit C has p30=13.00, conf_mean=13.63 below min_allowed=16 (current_high=0, raise_delta=+1). Failed checks for best suit: p30 13.00 < 15, conf_mean 13.63 < 15.
Pass (locked): Player 3 (min_allowed=16)
  bidding analysis:
    present_suits: H, C
    current_high=0  min_allowed=16  raise_delta=1
    overall: avg=16.50  p30=14.00  std=2.50
    suit_stats:
      C: pts=[21, 8, 0, 11]  avg=10.00  p30=8.00  std=7.52
      H: pts=[19, 14]  avg=16.50  p30=14.00  std=2.50
    failed_checks:
      H: p30 14.00 < 15
      C: p30 8.00 < 15; conf_mean 6.24 < 15
    reason: Pass: No suit meets thresholds. Best suit H has p30=14.00, conf_mean=15.25 below min_allowed=16 (current_high=0, raise_delta=+1). Failed checks for best suit: p30 14.00 < 15.
Forced bid: All players passed. Player 0 takes minimum bid 16.

AUCTION WINNER: Player 0 with bid 16; chooses trump S 
Details={'chosen': 'S', 'estimates': {'D': 9.0, 'C': 16.166666666666668, 'S': 16.333333333333332}}
Player 0 hand :  ['9C', '8C', '9D', 'KD', '7S', 'JS', '8S']
Player 1 hand :  ['QD', 'AD', 'KH', '10S', 'QH', 'KC', 'AC', 'AS']
Player 2 hand :  ['7H', 'JC', '7D', '10C', '10H', 'JH', 'JD', 'QS']
Player 3 hand :  ['7C', '9H', 'QC', 'AH', '8H', '10D', '8D', '9S']
Player 0 (auction 4 cards): ['KS', '9C', '8C', '9D']
Player 1 (auction 4 cards): ['QD', 'AD', 'KH', '10S']
Player 2 (auction 4 cards): ['7H', 'JC', '7D', '10C']
Player 3 (auction 4 cards): ['7C', '9H', 'QC', 'AH']
Auction winner (bidder): Player 0 with bid 16
Bidder sets concealed trump suit: S
Phase: concealed, bidder concealed card: KS

Player 0 plays 9C
Player 1 plays KC
Player 2 plays JC
Player 3 plays 7C
Player 2 won the hand: 5 points

Player 2 plays 7H
Player 3 plays 9H
Player 0 plays 8C
Player 1 plays KH
Player 3 won the hand: 2 points

Player 3 plays QC
Player 0 plays 9D
Player 1 plays AC
Player 2 plays 10C
Player 1 won the hand: 4 points

Player 1 plays QD
Player 2 plays 7D
Player 3 plays 10D
Player 0 plays KD
Player 3 won the hand: 1 points

Player 3 plays AH
-- Phase 2 begins: Trump revealed as S by Player 0 on trick 5 --
Player 0 plays 7S
Player 1 plays QH
Player 2 plays 10H
Player 0 won the hand: 2 points

Player 0 plays JS
Player 1 plays 10S
Player 2 plays QS
Player 3 plays 9S
Player 0 won the hand: 6 points

Player 0 plays 8S
Player 1 plays AS
Player 2 plays JH
Player 3 plays 8H
Player 1 won the hand: 4 points

Player 1 plays AD
Player 2 plays JD
Player 3 plays 8D
Player 0 plays KS
Player 0 won the hand: 4 points

Game 44 final points: Team A=17, Team B=11
Series cumulative game score so far: Team A=-1, Team B=-4
Log saved to: c:\Users\laksh\Desktop\Projects\28bot\logs\game28\mcts_games\game_44_20250820_153948_959479.log
