
===== GAME 3 (20250820_205341_271877) =====

===== AUCTION =====
Pass (locked): Player 0 (min_allowed=16)
  bidding analysis:
    present_suits: H, C, S
    current_high=0  min_allowed=16  raise_delta=1
    overall: avg=17.00  p30=17.00  std=5.34
    failed_checks:
      H: conf_mean 14.33 < 15
      S: p30 0.00 < 15; conf_mean 0.00 < 15
    reason: Pass: No suit meets thresholds. Best suit H has p30=17.00, conf_mean=14.33 below min_allowed=16 (current_high=0, raise_delta=+1). Failed checks for best suit: conf_mean 14.33 < 15.
Bid: Player 1 proposes 17 (min_allowed=16)
  (failed to format bidding analysis)
Pass (locked): Player 2 (min_allowed=18)
  (failed to format bidding analysis)
Pass (locked): Player 3 (min_allowed=18)
  (failed to format bidding analysis)

AUCTION WINNER: Player 1 with bid 17; chooses trump H 
Details={'chosen': 'H', 'estimates': {'S': 15.0, 'D': 16.0, 'H': 28.0}}
Player 0 hand :  ['9S', 'JC', '8S', 'AH', '7S', '10H', 'AC', 'AD']
Player 1 hand :  ['AS', 'KS', '10D', '7C', 'QH', 'QD', 'JD']
Player 2 hand :  ['10C', '8D', '9C', 'QS', 'KC', 'JS', 'KD', '7H']
Player 3 hand :  ['7D', 'QC', 'KH', '8C', '9D', '9H', '10S', 'JH']
Player 0 (auction 4 cards): ['9S', 'JC', '8S', 'AH']
Player 1 (auction 4 cards): ['8H', 'AS', 'KS', '10D']
Player 2 (auction 4 cards): ['10C', '8D', '9C', 'QS']
Player 3 (auction 4 cards): ['7D', 'QC', 'KH', '8C']
Auction winner (bidder): Player 1 with bid 17
Bidder sets concealed trump suit: H
Phase: concealed, bidder concealed card: 8H

Player 0 plays 9S
Player 1 plays AS
Player 2 plays QS
Player 3 plays 10S
Player 0 won the hand: 4 points

Player 0 plays JC
Player 1 plays 7C
Player 2 plays 10C
Player 3 plays QC
Player 0 won the hand: 4 points

Player 0 plays 8S
Player 1 plays KS
Player 2 plays JS
Player 3 plays 7D
Player 2 won the hand: 3 points

Player 2 plays 8D
Player 3 plays 9D
Player 0 plays AD
Player 1 plays 10D
Player 3 won the hand: 4 points

Player 3 plays KH
Player 0 plays AH
Player 1 plays QH
Player 2 plays 7H
Player 0 won the hand: 1 points

Player 0 plays 7S
Player 1 plays QD
Player 2 plays 9C
Player 3 plays 8C
Player 0 won the hand: 2 points

Player 0 plays 10H
Player 1 plays JD
Player 2 plays KC
Player 3 plays 9H
Player 3 won the hand: 6 points

Player 3 plays JH
Player 0 plays AC
