
===== GAME 8 (20250819_134234_294171) =====

===== AUCTION =====
Bid: Player 0 proposes 17 (min_allowed=16)
  bidding analysis:
    present_suits: D, C
    current_high=0  min_allowed=16  raise_delta=1
    chosen_suit: D
    proposed_bid: 17
    overall: avg=18.00  p30=16.00  std=4.06
    suit_stats:
      D: pts=[16, 19, 24, 13]  avg=18.00  p30=16.00  std=4.06
      C: pts=[24, 9, 11, 13]  avg=14.25  p30=11.00  std=5.80
    reason: Bid: Suit D meets thresholds (p30=16.00, conf_mean=15.97 >= min_allowed=16); conservative mapping max(p30, avg-1) -> 17. (current_high=0, raise_delta=+1)
Pass (locked): Player 1 (min_allowed=18)
  bidding analysis:
    present_suits: D, C, S
    current_high=17  min_allowed=18  raise_delta=1
    overall: avg=9.75  p30=10.00  std=5.93
    suit_stats:
      D: pts=[15, 10, 14, 0]  avg=9.75  p30=10.00  std=5.93
      C: pts=[18, 6, 20, 0]  avg=11.00  p30=6.00  std=8.31
      S: pts=[19, 13, 0, 0]  avg=8.00  p30=0.00  std=8.28
    failed_checks:
      D: p30 10.00 < 17; conf_mean 6.78 < 17
      C: p30 6.00 < 17; conf_mean 6.85 < 17
      S: p30 0.00 < 17; conf_mean 3.86 < 17
    reason: Pass: No suit meets thresholds. Best suit D has p30=10.00, conf_mean=6.78 below min_allowed=18 (current_high=17, raise_delta=+1). Failed checks for best suit: p30 10.00 < 17, conf_mean 6.78 < 17.
Bid: Player 2 proposes 19 (min_allowed=18)
  bidding analysis:
    present_suits: H, D, C
    current_high=17  min_allowed=18  raise_delta=1
    chosen_suit: H
    proposed_bid: 19
    overall: avg=20.00  p30=18.00  std=2.74
    suit_stats:
      H: pts=[17, 21, 24, 18]  avg=20.00  p30=18.00  std=2.74
      D: pts=[17, 0, 0, 0]  avg=4.25  p30=0.00  std=7.36
      C: pts=[19, 13, 14, 0]  avg=11.50  p30=13.00  std=7.02
    reason: Bid: Suit H meets thresholds (p30=18.00, conf_mean=18.63 >= min_allowed=18); conservative mapping max(p30, avg-1) -> 19. (current_high=17, raise_delta=+1)
Pass (locked): Player 3 (min_allowed=20)
  bidding analysis:
    present_suits: H, C, S
    current_high=19  min_allowed=20  raise_delta=1
    overall: avg=10.25  p30=12.00  std=6.10
    suit_stats:
      H: pts=[9, 0, 20, 0]  avg=7.25  p30=0.00  std=8.23
      C: pts=[0, 0, 0, 14]  avg=3.50  p30=0.00  std=6.06
      S: pts=[16, 0, 13, 12]  avg=10.25  p30=12.00  std=6.10
    failed_checks:
      H: p30 0.00 < 19; conf_mean 3.14 < 19
      C: p30 0.00 < 19; conf_mean 0.47 < 19
      S: p30 12.00 < 19; conf_mean 7.20 < 19
    reason: Pass: No suit meets thresholds. Best suit S has p30=12.00, conf_mean=7.20 below min_allowed=20 (current_high=19, raise_delta=+1). Failed checks for best suit: p30 12.00 < 19, conf_mean 7.20 < 19.
Pass (locked): Player 0 (min_allowed=20)
  bidding analysis:
    present_suits: D, C
    current_high=19  min_allowed=20  raise_delta=1
    overall: avg=16.50  p30=16.00  std=5.32
    suit_stats:
      D: pts=[9, 16, 24, 17]  avg=16.50  p30=16.00  std=5.32
      C: pts=[18, 13, 11, 8]  avg=12.50  p30=11.00  std=3.64
    failed_checks:
      D: p30 16.00 < 19; conf_mean 13.84 < 19
      C: p30 11.00 < 19; conf_mean 10.68 < 19
    reason: Pass: No suit meets thresholds. Best suit D has p30=16.00, conf_mean=13.84 below min_allowed=20 (current_high=19, raise_delta=+1). Failed checks for best suit: p30 16.00 < 19, conf_mean 13.84 < 19.

AUCTION WINNER: Player 2 with bid 19; chooses trump C 
Details={'chosen': 'C', 'estimates': {'H': 8, 'D': 5, 'C': 9}}
Player 0 hand :  ['9D', '10D', '9C', '8D', 'JD', '10S', 'KH', '10H']
Player 1 hand :  ['8C', '9S', 'KD', '7D', '7S', 'QS', 'QD', 'QC']
Player 2 hand :  ['AD', 'AH', '8H', 'JH', '8S', '9H', 'JS']
Player 3 hand :  ['7H', 'QH', 'AS', '7C', 'AC', 'KS', '10C', 'KC']
Player 0 (auction 4 cards): ['9D', '10D', '9C', '8D']
Player 1 (auction 4 cards): ['8C', '9S', 'KD', '7D']
Player 2 (auction 4 cards): ['JC', 'AD', 'AH', '8H']
Player 3 (auction 4 cards): ['7H', 'QH', 'AS', '7C']
Auction winner (bidder): Player 2 with bid 19
Bidder sets concealed trump suit: C
Phase: concealed, bidder concealed card: JC

Player 0 plays 10S
Player 1 plays QS
Player 2 plays 8S
Player 3 plays KS
Player 0 won the hand: 1 points

Player 0 plays 10D
Player 1 plays KD
Player 2 plays AD
-- Phase 2 begins: Trump revealed as C by Player 3 on trick 2 --
Player 3 plays 7C
Player 3 won the hand: 2 points

Player 3 plays 7H
Player 0 plays KH
Player 1 plays 8C
Player 2 plays AH
Player 1 won the hand: 1 points

Player 1 plays 9S
Player 2 plays JS
Player 3 plays AS
Player 0 plays 9D
Player 2 won the hand: 8 points

Player 2 plays 8H
Player 3 plays QH
Player 0 plays 10H
Player 1 plays QC
Player 1 won the hand: 1 points

Player 1 plays 7D
Player 2 plays JC
Player 3 plays AC
Player 0 plays JD
Player 2 won the hand: 7 points

Player 2 plays JH
Player 3 plays 10C
Player 0 plays 9C
Player 1 plays 7S
Player 0 won the hand: 6 points

Player 0 plays 8D
Player 1 plays QD
Player 2 plays 9H
Player 3 plays KC
Player 3 won the hand: 2 points

Game 8 final points: Team A=22, Team B=6
Series cumulative game score so far: Team A=8, Team B=0
Log saved to: c:\Users\laksh\Desktop\Projects\28bot\logs\game28\mcts_games\game_8_20250819_134234_294171.log
