
===== GAME 12 (20250822_133625_443060) =====

===== AUCTION =====
Bid: Player 0 proposes 16 (min_allowed=16)
  bidding analysis:
    present_suits: D, C, S
    current_high=0  min_allowed=16  raise_delta=1
    chosen_suit: D
    proposed_bid: 16
    overall: avg=17.88  p30=16.00  std=4.04
    suit_stats:
      D: pts=[20, 28, 17, 17, 15, 16 ...]  avg=17.88  p30=16.00  std=4.04
      C: pts=[]
      S: pts=[]
    reason: Bid: Suit D meets thresholds (p30=16.00, conf_mean=15.85 >= min_allowed=16); conservative mapping max(p30, avg-1) -> 16. (current_high=0, raise_delta=+1)
Pass (locked): Player 1 (min_allowed=17)
  bidding analysis:
    present_suits: D, C, S
    current_high=16  min_allowed=17  raise_delta=1
    overall: avg=0.00  p30=0.00  std=0.00
    failed_checks:
      D: p30 0.00 < 16; conf_mean 0.00 < 16
      C: p30 0.00 < 16; conf_mean 0.00 < 16
    reason: Pass: No suit meets thresholds. Best suit D has p30=0.00, conf_mean=0.00 below min_allowed=17 (current_high=16, raise_delta=+1). Failed checks for best suit: p30 0.00 < 16, conf_mean 0.00 < 16.
Pass (locked): Player 2 (min_allowed=17)
  bidding analysis:
    present_suits: H, D
    current_high=16  min_allowed=17  raise_delta=1
    overall: avg=15.94  p30=12.00  std=5.07
    suit_stats:
      H: pts=[16, 12, 18, 12, 20, 25 ...]  avg=15.94  p30=12.00  std=5.07
      D: pts=[]
    failed_checks:
      H: p30 12.00 < 16; conf_mean 13.40 < 16
      D: p30 0.00 < 16; conf_mean 0.00 < 16
    reason: Pass: No suit meets thresholds. Best suit H has p30=12.00, conf_mean=13.40 below min_allowed=17 (current_high=16, raise_delta=+1). Failed checks for best suit: p30 12.00 < 16, conf_mean 13.40 < 16.
Pass (locked): Player 3 (min_allowed=17)
  bidding analysis:
    present_suits: C, S
    current_high=16  min_allowed=17  raise_delta=1
    overall: avg=16.31  p30=13.00  std=5.24
    suit_stats:
      C: pts=[18, 16, 15, 11, 12, 20 ...]  avg=16.31  p30=13.00  std=5.24
      S: pts=[]
    failed_checks:
      C: p30 13.00 < 16; conf_mean 13.69 < 16
      S: p30 0.00 < 16; conf_mean 0.00 < 16
    reason: Pass: No suit meets thresholds. Best suit C has p30=13.00, conf_mean=13.69 below min_allowed=17 (current_high=16, raise_delta=+1). Failed checks for best suit: p30 13.00 < 16, conf_mean 13.69 < 16.

AUCTION WINNER: Player 0 with bid 16; chooses trump C 
Details={'chosen': 'C', 'estimates': {'C': 24.0, 'D': 18.0, 'S': 22.0}}
Player 0 hand :  ['7S', 'JD', '10D', 'AS', '8H', '9S', 'QH']
Player 1 hand :  ['8D', '9D', 'JS', '10C', '8C', '7H', 'KD', '10S']
Player 2 hand :  ['KH', 'AH', '10H', '7D', 'QC', '9H', 'QS', 'QD']
Player 3 hand :  ['9C', '8S', 'KC', '7C', 'AD', 'KS', 'AC', 'JH']
Player 0 (auction 4 cards): ['7S', 'JD', '10D', 'JC']
Player 1 (auction 4 cards): ['8D', '9D', 'JS', '10C']
Player 2 (auction 4 cards): ['KH', 'AH', '10H', '7D']
Player 3 (auction 4 cards): ['9C', '8S', 'KC', '7C']
Auction winner (bidder): Player 0 with bid 16
Bidder sets concealed trump suit: C
Phase: concealed, bidder concealed card: JC

Player 0 plays 7S
Player 1 plays JS
Player 2 plays QS
Player 3 plays 8S
Player 1 won the hand: 3 points

Player 1 plays 8D
Player 2 plays 7D
Player 3 plays AD
Player 0 plays JD
Player 0 won the hand: 4 points

Player 0 plays 10D
Player 1 plays 9D
Player 2 plays QD
-- Phase 2 begins: Trump revealed as C by Player 3 on trick 3 --
Player 3 plays 9C
Player 3 won the hand: 5 points

Player 3 plays KC
Player 0 plays JC
Player 1 plays 10C
Player 2 plays QC
Player 0 won the hand: 4 points

Player 0 plays AS
Player 1 plays 10S
Player 2 plays KH
Player 3 plays KS
Player 0 won the hand: 2 points

Player 0 plays 8H
Player 1 plays 7H
Player 2 plays AH
Player 3 plays JH
Player 3 won the hand: 4 points

Player 3 plays 7C
Player 0 plays 9S
Player 1 plays 8C
Player 2 plays 10H
Player 1 won the hand: 3 points

Player 1 plays KD
Player 2 plays 9H
Player 3 plays AC
Player 0 plays QH
Player 3 won the hand: 3 points

Game 12 final points: Team A=10, Team B=18
Series cumulative game score so far: Team A=-5, Team B=3
Log saved to: c:\Users\laksh\Desktop\Projects\28bot\logs\game28\mcts_games\game_12_20250822_133625_443060.log
