
===== GAME 65 (20250822_152329_264442) =====

===== AUCTION =====
Pass (locked): Player 0 (min_allowed=16)
  bidding analysis:
    present_suits: H, D, S
    current_high=0  min_allowed=16  raise_delta=1
    overall: avg=13.00  p30=6.00  std=7.91
    failed_checks:
      H: p30 0.00 < 15; conf_mean 0.00 < 15
      D: p30 6.00 < 15; conf_mean 9.05 < 15
      S: p30 0.00 < 15; conf_mean 0.00 < 15
    reason: Pass: No suit meets thresholds. Best suit D has p30=6.00, conf_mean=9.05 below min_allowed=16 (current_high=0, raise_delta=+1). Failed checks for best suit: p30 6.00 < 15, conf_mean 9.05 < 15.
Pass (locked): Player 1 (min_allowed=16)
  bidding analysis:
    present_suits: H, C
    current_high=0  min_allowed=16  raise_delta=1
    overall: avg=15.75  p30=14.00  std=4.28
    suit_stats:
      C: pts=[13, 16, 16, 18, 11, 27 ...]  avg=15.75  p30=14.00  std=4.28
      H: pts=[]
    failed_checks:
      H: p30 0.00 < 15; conf_mean 0.00 < 15
      C: p30 14.00 < 15; conf_mean 13.61 < 15
    reason: Pass: No suit meets thresholds. Best suit C has p30=14.00, conf_mean=13.61 below min_allowed=16 (current_high=0, raise_delta=+1). Failed checks for best suit: p30 14.00 < 15, conf_mean 13.61 < 15.
Pass (locked): Player 2 (min_allowed=16)
  bidding analysis:
    present_suits: D, C, S
    current_high=0  min_allowed=16  raise_delta=1
    overall: avg=18.19  p30=13.00  std=6.21
    suit_stats:
      S: pts=[7, 17, 13, 13, 21, 13 ...]  avg=18.19  p30=13.00  std=6.21
      D: pts=[]
      C: pts=[]
    failed_checks:
      D: p30 0.00 < 15; conf_mean 0.00 < 15
      C: p30 0.00 < 15; conf_mean 0.00 < 15
      S: p30 13.00 < 15
    reason: Pass: No suit meets thresholds. Best suit S has p30=13.00, conf_mean=15.08 below min_allowed=16 (current_high=0, raise_delta=+1). Failed checks for best suit: p30 13.00 < 15.
Pass (locked): Player 3 (min_allowed=16)
  bidding analysis:
    present_suits: H, D, S
    current_high=0  min_allowed=16  raise_delta=1
    overall: avg=0.00  p30=0.00  std=0.00
    failed_checks:
      H: p30 0.00 < 15; conf_mean 0.00 < 15
      D: p30 0.00 < 15; conf_mean 0.00 < 15
    reason: Pass: No suit meets thresholds. Best suit H has p30=0.00, conf_mean=0.00 below min_allowed=16 (current_high=0, raise_delta=+1). Failed checks for best suit: p30 0.00 < 15, conf_mean 0.00 < 15.
Forced bid: All players passed. Player 0 takes minimum bid 16.

AUCTION WINNER: Player 0 with bid 16; chooses trump D 
Details={'chosen': 'D', 'estimates': {'H': 0.0, 'D': 13.0, 'S': 0.0}}
Player 0 hand :  ['AH', '7S', '10S', 'JC', 'KS', 'KD', '7H']
Player 1 hand :  ['8C', 'KC', '10C', 'KH', '9D', '7D', 'AC', 'QC']
Player 2 hand :  ['JD', '9S', '9C', 'AS', '8D', 'AD', '10H', '7C']
Player 3 hand :  ['QH', 'JH', '10D', 'JS', '8H', 'QS', '9H', '8S']
Player 0 (auction 4 cards): ['AH', '7S', 'QD', '10S']
Player 1 (auction 4 cards): ['8C', 'KC', '10C', 'KH']
Player 2 (auction 4 cards): ['JD', '9S', '9C', 'AS']
Player 3 (auction 4 cards): ['QH', 'JH', '10D', 'JS']
Auction winner (bidder): Player 0 with bid 16
Bidder sets concealed trump suit: D
Phase: concealed, bidder concealed card: QD

Player 0 plays AH
Player 1 plays KH
Player 2 plays 10H
Player 3 plays QH
Player 0 won the hand: 2 points

Player 0 plays 7S
Player 1 plays 8C
Player 2 plays 9S
Player 3 plays JS
Player 3 won the hand: 5 points

Player 3 plays JH
Player 0 plays 7H
Player 1 plays KC
-- Phase 2 begins: Trump revealed as D by Player 2 on trick 3 --
Player 2 plays JD
Player 2 won the hand: 6 points

Player 2 plays 9C
Player 3 plays 10D
Player 0 plays JC
Player 1 plays 10C
Player 3 won the hand: 7 points

Player 3 plays 8H
Player 0 plays 10S
Player 1 plays 9D
Player 2 plays AS
Player 1 won the hand: 4 points

Player 1 plays 7D
Player 2 plays 8D
Player 3 plays QS
Player 0 plays KD
Player 0 won the hand: 0 points

Player 0 plays KS
Player 1 plays AC
Player 2 plays AD
Player 3 plays 8S
Player 2 won the hand: 2 points

Player 2 plays 7C
Player 3 plays 9H
Player 0 plays QD
Player 1 plays QC
Player 0 won the hand: 2 points

Game 65 final points: Team A=12, Team B=16
Series cumulative game score so far: Team A=-11, Team B=2
Log saved to: c:\Users\laksh\Desktop\Projects\28bot\logs\game28\mcts_games\game_65_20250822_152329_264442.log
