
===== GAME 72 (20250822_162518_044992) =====

===== AUCTION =====
Pass (locked): Player 0 (min_allowed=16)
  bidding analysis:
    present_suits: H, C, S
    current_high=0  min_allowed=16  raise_delta=1
    overall: avg=15.88  p30=12.00  std=6.84
    suit_stats:
      S: pts=[17, 12, 4, 5, 13, 9 ...]  avg=15.88  p30=12.00  std=6.84
      H: pts=[]
      C: pts=[]
    failed_checks:
      H: p30 0.00 < 15; conf_mean 0.00 < 15
      C: p30 0.00 < 15; conf_mean 0.00 < 15
      S: p30 12.00 < 15; conf_mean 12.46 < 15
    reason: Pass: No suit meets thresholds. Best suit S has p30=12.00, conf_mean=12.46 below min_allowed=16 (current_high=0, raise_delta=+1). Failed checks for best suit: p30 12.00 < 15, conf_mean 12.46 < 15.
Pass (locked): Player 1 (min_allowed=16)
  bidding analysis:
    present_suits: D, C
    current_high=0  min_allowed=16  raise_delta=1
    overall: avg=8.67  p30=0.00  std=6.85
    failed_checks:
      D: p30 0.00 < 15; conf_mean 5.24 < 15
    reason: Pass: No suit meets thresholds. Best suit D has p30=0.00, conf_mean=5.24 below min_allowed=16 (current_high=0, raise_delta=+1). Failed checks for best suit: p30 0.00 < 15, conf_mean 5.24 < 15.
Pass (locked): Player 2 (min_allowed=16)
  bidding analysis:
    present_suits: H, C, S
    current_high=0  min_allowed=16  raise_delta=1
    overall: avg=11.50  p30=5.00  std=10.59
    failed_checks:
      H: p30 0.00 < 15; conf_mean 0.00 < 15
      C: p30 0.00 < 15; conf_mean 0.00 < 15
      S: p30 5.00 < 15; conf_mean 6.20 < 15
    reason: Pass: No suit meets thresholds. Best suit S has p30=5.00, conf_mean=6.20 below min_allowed=16 (current_high=0, raise_delta=+1). Failed checks for best suit: p30 5.00 < 15, conf_mean 6.20 < 15.
Bid: Player 3 proposes 22 (min_allowed=16)
  bidding analysis:
    present_suits: H, D, C, S
    current_high=0  min_allowed=16  raise_delta=1
    chosen_suit: D
    proposed_bid: 22
    overall: avg=22.00  p30=22.00  std=0.00
    suit_stats:
      C: pts=[14]  avg=14.00  p30=14.00  std=0.00
      S: pts=[8]  avg=8.00  p30=8.00  std=0.00
      H: pts=[2]  avg=2.00  p30=2.00  std=0.00
      D: pts=[22]  avg=22.00  p30=22.00  std=0.00
    reason: Bid: Suit D meets thresholds (p30=22.00, conf_mean=22.00 >= min_allowed=16); conservative mapping max(p30, avg-1) -> 22. (current_high=0, raise_delta=+1)

AUCTION WINNER: Player 3 with bid 22; chooses trump S 
Details={'chosen': 'S', 'estimates': {'D': 14.0, 'H': 15.0, 'S': 20.0, 'C': 17.0}}
Player 0 hand :  ['AS', '10C', '8H', '9S', '9D', '8D', '8S', 'QH']
Player 1 hand :  ['7C', '7D', 'AD', '8C', 'AC', '10S', 'QD', 'JH']
Player 2 hand :  ['10H', '7H', 'JC', 'KS', 'QC', 'AH', 'JS', '9H']
Player 3 hand :  ['KC', 'KH', 'KD', 'JD', '9C', '10D', '7S']
Player 0 (auction 4 cards): ['AS', '10C', '8H', '9S']
Player 1 (auction 4 cards): ['7C', '7D', 'AD', '8C']
Player 2 (auction 4 cards): ['10H', '7H', 'JC', 'KS']
Player 3 (auction 4 cards): ['KC', 'QS', 'KH', 'KD']
Auction winner (bidder): Player 3 with bid 22
Bidder sets concealed trump suit: S
Phase: concealed, bidder concealed card: QS

Player 0 plays AS
Player 1 plays 10S
Player 2 plays KS
Player 3 plays 7S
Player 0 won the hand: 2 points

Player 0 plays 10C
Player 1 plays 7C
Player 2 plays JC
Player 3 plays KC
Player 2 won the hand: 4 points

Player 2 plays 10H
Player 3 plays KH
Player 0 plays 8H
Player 1 plays JH
Player 1 won the hand: 4 points

Player 1 plays 7D
Player 2 plays 7H
Player 3 plays KD
Player 0 plays 9D
Player 0 won the hand: 2 points

Player 0 plays 9S
Player 1 plays AD
Player 2 plays JS
Player 3 plays JD
Player 2 won the hand: 9 points

Player 2 plays QC
Player 3 plays 9C
Player 0 plays 8D
Player 1 plays 8C
Player 3 won the hand: 2 points

Player 3 plays 10D
-- Phase 2 begins: Trump revealed as S by Player 0 on trick 7 --
Player 0 plays 8S
Player 1 plays QD
Player 2 plays AH
Player 0 won the hand: 2 points

Player 0 plays QH
Player 1 plays AC
Player 2 plays 9H
Player 3 plays QS
Player 3 won the hand: 3 points

Game 72 final points: Team A=19, Team B=9
Series cumulative game score so far: Team A=-6, Team B=0
Log saved to: c:\Users\laksh\Desktop\Projects\28bot\logs\game28\mcts_games\game_72_20250822_162518_044992.log
