
===== GAME 3 (20250822_132320_419514) =====

===== AUCTION =====
Pass (locked): Player 0 (min_allowed=16)
  bidding analysis:
    present_suits: H, C, S
    current_high=0  min_allowed=16  raise_delta=1
    overall: avg=0.00  p30=0.00  std=0.00
    failed_checks:
      H: p30 0.00 < 15; conf_mean 0.00 < 15
      C: p30 0.00 < 15; conf_mean 0.00 < 15
    reason: Pass: No suit meets thresholds. Best suit H has p30=0.00, conf_mean=0.00 below min_allowed=16 (current_high=0, raise_delta=+1). Failed checks for best suit: p30 0.00 < 15, conf_mean 0.00 < 15.
Pass (locked): Player 1 (min_allowed=16)
  bidding analysis:
    present_suits: H, D, C
    current_high=0  min_allowed=16  raise_delta=1
    overall: avg=7.00  p30=0.00  std=7.04
    failed_checks:
      H: p30 0.00 < 15; conf_mean 3.48 < 15
      D: p30 0.00 < 15; conf_mean 0.00 < 15
    reason: Pass: No suit meets thresholds. Best suit H has p30=0.00, conf_mean=3.48 below min_allowed=16 (current_high=0, raise_delta=+1). Failed checks for best suit: p30 0.00 < 15, conf_mean 3.48 < 15.
Pass (locked): Player 2 (min_allowed=16)
  bidding analysis:
    present_suits: D, C, S
    current_high=0  min_allowed=16  raise_delta=1
    overall: avg=16.62  p30=13.00  std=6.11
    suit_stats:
      D: pts=[25, 23, 8, 25, 9, 14 ...]  avg=16.62  p30=13.00  std=6.11
      C: pts=[]
      S: pts=[]
    failed_checks:
      D: p30 13.00 < 15; conf_mean 13.57 < 15
      C: p30 0.00 < 15; conf_mean 0.00 < 15
      S: p30 0.00 < 15; conf_mean 0.00 < 15
    reason: Pass: No suit meets thresholds. Best suit D has p30=13.00, conf_mean=13.57 below min_allowed=16 (current_high=0, raise_delta=+1). Failed checks for best suit: p30 13.00 < 15, conf_mean 13.57 < 15.
Bid: Player 3 proposes 16 (min_allowed=16)
  bidding analysis:
    present_suits: H, D, C, S
    current_high=0  min_allowed=16  raise_delta=1
    chosen_suit: D
    proposed_bid: 16
    overall: avg=15.00  p30=15.00  std=0.00
    suit_stats:
      C: pts=[5]  avg=5.00  p30=5.00  std=0.00
      H: pts=[8]  avg=8.00  p30=8.00  std=0.00
      D: pts=[15]  avg=15.00  p30=15.00  std=0.00
      S: pts=[8]  avg=8.00  p30=8.00  std=0.00
    reason: Bid: Suit D meets thresholds (p30=15.00, conf_mean=15.00 >= min_allowed=16); conservative mapping max(p30, avg-1) -> 16. (current_high=0, raise_delta=+1)

AUCTION WINNER: Player 3 with bid 16; chooses trump D 
Details={'chosen': 'D', 'estimates': {'S': 13.0, 'D': 19.0, 'H': 12.0, 'C': 18.0}}
Player 0 hand :  ['JS', '10H', 'KC', '10S', '8S', 'AD', '7H', 'JH']
Player 1 hand :  ['9C', 'JC', 'KH', '8D', '9D', 'AC', 'QH', '9H']
Player 2 hand :  ['10D', '7S', 'JD', '8C', 'AH', '10C', 'AS', 'QS']
Player 3 hand :  ['KS', '7C', '8H', 'QC', '9S', '7D', 'KD']
Player 0 (auction 4 cards): ['JS', '10H', 'KC', '10S']
Player 1 (auction 4 cards): ['9C', 'JC', 'KH', '8D']
Player 2 (auction 4 cards): ['10D', '7S', 'JD', '8C']
Player 3 (auction 4 cards): ['KS', '7C', 'QD', '8H']
Auction winner (bidder): Player 3 with bid 16
Bidder sets concealed trump suit: D
Phase: concealed, bidder concealed card: QD

Player 0 plays JS
Player 1 plays 9C
Player 2 plays 7S
Player 3 plays KS
Player 0 won the hand: 5 points

Player 0 plays 10H
Player 1 plays KH
Player 2 plays AH
Player 3 plays 8H
Player 2 won the hand: 2 points

Player 2 plays 10D
Player 3 plays 7D
Player 0 plays AD
Player 1 plays 8D
Player 0 won the hand: 2 points

Player 0 plays KC
Player 1 plays JC
Player 2 plays 8C
Player 3 plays 7C
Player 1 won the hand: 3 points

Player 1 plays 9D
Player 2 plays JD
Player 3 plays KD
Player 0 plays 10S
Player 2 won the hand: 6 points

Player 2 plays 10C
Player 3 plays QC
Player 0 plays 8S
Player 1 plays AC
Player 1 won the hand: 2 points

Player 1 plays QH
Player 2 plays AS
Player 3 plays 9S
Player 0 plays 7H
Player 1 won the hand: 3 points

Player 1 plays 9H
Player 2 plays QS
Error during gameplay: Current player 3 has no cards but other players do
No cards available, ending game
Game 3 final points: Team A=15, Team B=8
Series cumulative game score so far: Team A=-1, Team B=0
Log saved to: c:\Users\laksh\Desktop\Projects\28bot\logs\game28\mcts_games\game_3_20250822_132320_419514.log
