
===== GAME 6 (20250823_171809_976503) =====

===== AUCTION =====
Pass (locked): Player 0 (min_allowed=16)
  bidding analysis:
    present_suits: H, C, S
    current_high=0  min_allowed=16  raise_delta=1
    overall: avg=12.62  p30=9.00  std=5.38
    failed_checks:
      C: p30 9.00 < 15; conf_mean 9.93 < 15
      S: p30 0.00 < 15; conf_mean 0.00 < 15
    reason: Pass: No suit meets thresholds. Best suit C has p30=9.00, conf_mean=9.93 below min_allowed=16 (current_high=0, raise_delta=+1). Failed checks for best suit: p30 9.00 < 15, conf_mean 9.93 < 15.
Pass (locked): Player 1 (min_allowed=16)
  bidding analysis:
    present_suits: H, D
    current_high=0  min_allowed=16  raise_delta=1
    overall: avg=14.75  p30=9.00  std=5.77
    suit_stats:
      H: pts=[12, 17, 13, 23, 22, 14 ...]  avg=14.75  p30=9.00  std=5.77
      D: pts=[6]  avg=6.00  p30=6.00  std=0.00
    failed_checks:
      H: p30 9.00 < 15; conf_mean 11.86 < 15
      D: p30 6.00 < 15; conf_mean 6.00 < 15
    reason: Pass: No suit meets thresholds. Best suit H has p30=9.00, conf_mean=11.86 below min_allowed=16 (current_high=0, raise_delta=+1). Failed checks for best suit: p30 9.00 < 15, conf_mean 11.86 < 15.
Pass (locked): Player 2 (min_allowed=16)
  bidding analysis:
    present_suits: D, C, S
    current_high=0  min_allowed=16  raise_delta=1
    overall: avg=15.19  p30=12.00  std=4.25
    suit_stats:
      C: pts=[14, 11, 12, 16, 19, 14 ...]  avg=15.19  p30=12.00  std=4.25
      D: pts=[]
      S: pts=[]
    failed_checks:
      D: p30 0.00 < 15; conf_mean 0.00 < 15
      C: p30 12.00 < 15; conf_mean 13.06 < 15
      S: p30 0.00 < 15; conf_mean 0.00 < 15
    reason: Pass: No suit meets thresholds. Best suit C has p30=12.00, conf_mean=13.06 below min_allowed=16 (current_high=0, raise_delta=+1). Failed checks for best suit: p30 12.00 < 15, conf_mean 13.06 < 15.
Pass (locked): Player 3 (min_allowed=16)
  bidding analysis:
    present_suits: H, D, C
    current_high=0  min_allowed=16  raise_delta=1
    overall: avg=12.00  p30=5.00  std=8.08
    failed_checks:
      H: p30 5.00 < 15; conf_mean 7.96 < 15
      D: p30 0.00 < 15; conf_mean 7.86 < 15
      C: p30 1.00 < 15; conf_mean 1.50 < 15
    reason: Pass: No suit meets thresholds. Best suit H has p30=5.00, conf_mean=7.96 below min_allowed=16 (current_high=0, raise_delta=+1). Failed checks for best suit: p30 5.00 < 15, conf_mean 7.96 < 15.
Forced bid: All players passed. Player 0 takes minimum bid 16.

AUCTION WINNER: Player 0 with bid 16; chooses trump H 
Details={'chosen': 'H', 'estimates': {'C': 12.625, 'S': 0.0, 'H': 13.333333333333334}}
Player 0 hand :  ['10S', '7S', '8C', '9S', 'KC', '8H', 'QD']
Player 1 hand :  ['KH', 'JH', '10D', '8D', '7D', '10C', 'QS', 'AD']
Player 2 hand :  ['9C', 'KD', 'QC', 'AS', 'AH', '10H', 'JD', '8S']
Player 3 hand :  ['AC', '7H', '9D', '7C', 'JS', '9H', 'JC', 'KS']
Player 0 (auction 4 cards): ['QH', '10S', '7S', '8C']
Player 1 (auction 4 cards): ['KH', 'JH', '10D', '8D']
Player 2 (auction 4 cards): ['9C', 'KD', 'QC', 'AS']
Player 3 (auction 4 cards): ['AC', '7H', '9D', '7C']
Auction winner (bidder): Player 0 with bid 16
Bidder sets concealed trump suit: H
Phase: concealed, bidder concealed card: QH

Player 0 plays 10S
Player 1 plays QS
Player 2 plays AS
Player 3 plays JS
Player 3 won the hand: 5 points

Player 3 plays AC
Player 0 plays 8C
Player 1 plays 10C
Player 2 plays 9C
Player 2 won the hand: 4 points

Player 2 plays KD
Player 3 plays 9D
Player 0 plays QD
Player 1 plays 10D
Player 3 won the hand: 3 points

Player 3 plays 7H
Player 0 plays 8H
Player 1 plays KH
Player 2 plays AH
Player 2 won the hand: 1 points

Player 2 plays QC
Player 3 plays 7C
Player 0 plays KC
-- Phase 2 begins: Trump revealed as H by Player 1 on trick 5 --
Player 1 plays JH
Player 1 won the hand: 3 points

Player 1 plays 8D
Player 2 plays JD
Player 3 plays 9H
Player 0 plays 7S
Player 3 won the hand: 5 points

Player 3 plays JC
Player 0 plays 9S
Player 1 plays 7D
Player 2 plays 10H
Player 2 won the hand: 6 points

Player 2 plays 8S
Player 3 plays KS
Player 0 plays QH
Player 1 plays AD
Player 0 won the hand: 1 points

Game 6 final points: Team A=12, Team B=16
Series cumulative game score so far: Team A=-2, Team B=0
Log saved to: c:\Users\laksh\Desktop\Projects\28bot\logs\game28\mcts_games\game_6_20250823_171809_976503.log
