
===== GAME 6 (20250822_000255_491576) =====

===== AUCTION =====
Pass (locked): Player 0 (min_allowed=16)
  bidding analysis:
    present_suits: H, D, S
    current_high=0  min_allowed=16  raise_delta=1
    overall: avg=13.50  p30=14.00  std=8.20
    failed_checks:
      D: p30 14.00 < 15; conf_mean 9.40 < 15
      S: p30 0.00 < 15; conf_mean 0.00 < 15
    reason: Pass: No suit meets thresholds. Best suit D has p30=14.00, conf_mean=9.40 below min_allowed=16 (current_high=0, raise_delta=+1). Failed checks for best suit: p30 14.00 < 15, conf_mean 9.40 < 15.
Pass (locked): Player 1 (min_allowed=16)
  bidding analysis:
    present_suits: D, C, S
    current_high=0  min_allowed=16  raise_delta=1
    overall: avg=16.25  p30=14.00  std=4.92
    suit_stats:
      S: pts=[13, 14, 7, 15, 24, 17 ...]  avg=16.25  p30=14.00  std=4.92
      D: pts=[]
      C: pts=[]
    failed_checks:
      D: p30 0.00 < 15; conf_mean 0.00 < 15
      C: p30 0.00 < 15; conf_mean 0.00 < 15
      S: p30 14.00 < 15; conf_mean 13.79 < 15
    reason: Pass: No suit meets thresholds. Best suit S has p30=14.00, conf_mean=13.79 below min_allowed=16 (current_high=0, raise_delta=+1). Failed checks for best suit: p30 14.00 < 15, conf_mean 13.79 < 15.
Pass (locked): Player 2 (min_allowed=16)
  bidding analysis:
    present_suits: H, D, C
    current_high=0  min_allowed=16  raise_delta=1
    overall: avg=12.67  p30=0.00  std=10.92
    failed_checks:
      H: p30 0.00 < 15; conf_mean 7.21 < 15
      D: p30 0.00 < 15; conf_mean 0.50 < 15
    reason: Pass: No suit meets thresholds. Best suit H has p30=0.00, conf_mean=7.21 below min_allowed=16 (current_high=0, raise_delta=+1). Failed checks for best suit: p30 0.00 < 15, conf_mean 7.21 < 15.
Pass (locked): Player 3 (min_allowed=16)
  bidding analysis:
    present_suits: H, D, C
    current_high=0  min_allowed=16  raise_delta=1
    overall: avg=11.75  p30=7.00  std=6.68
    suit_stats:
      C: pts=[10, 6, 7, 17, 2, 22 ...]  avg=11.75  p30=7.00  std=6.68
      H: pts=[]
      D: pts=[]
    failed_checks:
      H: p30 0.00 < 15; conf_mean 0.00 < 15
      D: p30 0.00 < 15; conf_mean 0.00 < 15
      C: p30 7.00 < 15; conf_mean 8.41 < 15
    reason: Pass: No suit meets thresholds. Best suit C has p30=7.00, conf_mean=8.41 below min_allowed=16 (current_high=0, raise_delta=+1). Failed checks for best suit: p30 7.00 < 15, conf_mean 8.41 < 15.
Forced bid: All players passed. Player 0 takes minimum bid 16.

AUCTION WINNER: Player 0 with bid 16; chooses trump D 
Details={'chosen': 'D', 'estimates': {'D': 13.5, 'S': 0.0, 'H': 9.333333333333334}}
Player 0 hand :  ['7S', '9H', 'AH', 'JH', '7C', 'QD', 'AS']
Player 1 hand :  ['KS', 'JC', '10D', 'JS', '9S', '10H', '9C', 'JD']
Player 2 hand :  ['7D', '10C', 'KH', '7H', '8S', 'QS', '10S', 'KC']
Player 3 hand :  ['QC', '8C', 'QH', 'AD', '9D', '8H', 'AC', 'KD']
Player 0 (auction 4 cards): ['7S', '9H', '8D', 'AH']
Player 1 (auction 4 cards): ['KS', 'JC', '10D', 'JS']
Player 2 (auction 4 cards): ['7D', '10C', 'KH', '7H']
Player 3 (auction 4 cards): ['QC', '8C', 'QH', 'AD']
Auction winner (bidder): Player 0 with bid 16
Bidder sets concealed trump suit: D
Phase: concealed, bidder concealed card: 8D

Player 0 plays 7S
Player 1 plays KS
Player 2 plays 8S
Player 3 plays QC
Player 1 won the hand: 0 points

Player 1 plays JC
Player 2 plays 10C
Player 3 plays 8C
Player 0 plays 7C
Player 1 won the hand: 4 points

Player 1 plays 10D
Player 2 plays 7D
Player 3 plays AD
Player 0 plays QD
Player 3 won the hand: 2 points

Player 3 plays QH
Player 0 plays 9H
Player 1 plays 10H
Player 2 plays KH
Player 0 won the hand: 3 points

Player 0 plays AH
Player 1 plays JS
Player 2 plays 7H
Player 3 plays 8H
Player 0 won the hand: 4 points

Player 0 plays JH
Player 1 plays 9S
Player 2 plays QS
-- Phase 2 begins: Trump revealed as D by Player 3 on trick 6 --
Player 3 plays 9D
Player 3 won the hand: 7 points

Player 3 plays AC
Player 0 plays AS
Player 1 plays 9C
Player 2 plays KC
Player 1 won the hand: 4 points

Player 1 plays JD
Player 2 plays 10S
Player 3 plays KD
Player 0 plays 8D
Player 1 won the hand: 4 points

Game 6 final points: Team A=7, Team B=21
Series cumulative game score so far: Team A=1, Team B=-3
Log saved to: c:\Users\laksh\Desktop\Projects\28bot\logs\game28\mcts_games\game_6_20250822_000255_491576.log
