
===== GAME 18 (20250822_002136_872654) =====

===== AUCTION =====
Bid: Player 0 proposes 18 (min_allowed=16)
  bidding analysis:
    present_suits: D, C, S
    current_high=0  min_allowed=16  raise_delta=1
    chosen_suit: S
    proposed_bid: 18
    overall: avg=19.38  p30=15.00  std=5.07
    suit_stats:
      S: pts=[13, 21, 23, 24, 15, 17 ...]  avg=19.38  p30=15.00  std=5.07
      D: pts=[]
      C: pts=[]
    reason: Bid: Suit S meets thresholds (p30=15.00, conf_mean=16.84 >= min_allowed=16); conservative mapping max(p30, avg-1) -> 18. (current_high=0, raise_delta=+1)
Pass (locked): Player 1 (min_allowed=19)
  bidding analysis:
    present_suits: H, S
    current_high=18  min_allowed=19  raise_delta=1
    overall: avg=14.62  p30=12.00  std=6.56
    suit_stats:
      H: pts=[16, 16, 17, 9, 25, 2 ...]  avg=14.62  p30=12.00  std=6.56
      S: pts=[]
    failed_checks:
      H: p30 12.00 < 18; conf_mean 11.35 < 18
      S: p30 0.00 < 18; conf_mean 0.00 < 18
    reason: Pass: No suit meets thresholds. Best suit H has p30=12.00, conf_mean=11.35 below min_allowed=19 (current_high=18, raise_delta=+1). Failed checks for best suit: p30 12.00 < 18, conf_mean 11.35 < 18.
Pass (locked): Player 2 (min_allowed=19)
  bidding analysis:
    present_suits: D, C, S
    current_high=18  min_allowed=19  raise_delta=1
    overall: avg=13.00  p30=10.00  std=4.72
    suit_stats:
      S: pts=[11, 8, 17, 11, 10, 15 ...]  avg=13.00  p30=10.00  std=4.72
      D: pts=[]
      C: pts=[]
    failed_checks:
      D: p30 0.00 < 18; conf_mean 0.00 < 18
      C: p30 0.00 < 18; conf_mean 0.00 < 18
      S: p30 10.00 < 18; conf_mean 10.64 < 18
    reason: Pass: No suit meets thresholds. Best suit S has p30=10.00, conf_mean=10.64 below min_allowed=19 (current_high=18, raise_delta=+1). Failed checks for best suit: p30 10.00 < 18, conf_mean 10.64 < 18.
Pass (locked): Player 3 (min_allowed=19)
  bidding analysis:
    present_suits: H, D, C, S
    current_high=18  min_allowed=19  raise_delta=1
    overall: avg=14.17  p30=9.00  std=8.05
    failed_checks:
      H: p30 9.00 < 18; conf_mean 10.86 < 18
      D: p30 8.00 < 18; conf_mean 8.62 < 18
      C: p30 8.00 < 18; conf_mean 10.55 < 18
      S: p30 9.00 < 18; conf_mean 10.14 < 18
    reason: Pass: No suit meets thresholds. Best suit S has p30=9.00, conf_mean=10.14 below min_allowed=19 (current_high=18, raise_delta=+1). Failed checks for best suit: p30 9.00 < 18, conf_mean 10.14 < 18.

AUCTION WINNER: Player 0 with bid 18; chooses trump S 
Details={'chosen': 'S', 'estimates': {'D': 16.0, 'S': 19.0, 'C': 12.0}}
Player 0 hand :  ['JD', '8C', '9S', 'QC', '10C', '10H', 'KD']
Player 1 hand :  ['KH', '9H', 'JS', '7H', '8S', '7S', 'AC', 'AH']
Player 2 hand :  ['9C', 'AS', '8D', 'KS', '7C', 'JH', '8H', '7D']
Player 3 hand :  ['JC', 'QH', '10D', '10S', 'KC', 'AD', 'QD', '9D']
Player 0 (auction 4 cards): ['JD', '8C', 'QS', '9S']
Player 1 (auction 4 cards): ['KH', '9H', 'JS', '7H']
Player 2 (auction 4 cards): ['9C', 'AS', '8D', 'KS']
Player 3 (auction 4 cards): ['JC', 'QH', '10D', '10S']
Auction winner (bidder): Player 0 with bid 18
Bidder sets concealed trump suit: S
Phase: concealed, bidder concealed card: QS

Player 0 plays JD
Player 1 plays KH
Player 2 plays 8D
Player 3 plays 10D
Player 0 won the hand: 4 points

Player 0 plays 8C
Player 1 plays AC
Player 2 plays 9C
Player 3 plays JC
Player 3 won the hand: 6 points

Player 3 plays QH
Player 0 plays 10H
Player 1 plays 9H
Player 2 plays JH
Player 2 won the hand: 6 points

Player 2 plays AS
Player 3 plays 10S
Player 0 plays 9S
Player 1 plays JS
Player 1 won the hand: 7 points

Player 1 plays 7H
Player 2 plays 8H
Player 3 plays KC
Player 0 plays QC
Player 2 won the hand: 0 points

Player 2 plays KS
Player 3 plays AD
Player 0 plays 10C
Player 1 plays 8S
Player 2 won the hand: 2 points

Player 2 plays 7C
Player 3 plays QD
Player 0 plays KD
-- Phase 2 begins: Trump revealed as S by Player 1 on trick 7 --
Player 1 plays 7S
Player 1 won the hand: 0 points

Player 1 plays AH
Player 2 plays 7D
Player 3 plays 9D
Player 0 plays QS
Player 0 won the hand: 3 points

Game 18 final points: Team A=15, Team B=13
Series cumulative game score so far: Team A=-2, Team B=-4
Log saved to: c:\Users\laksh\Desktop\Projects\28bot\logs\game28\mcts_games\game_18_20250822_002136_872654.log
