
===== GAME 22 (20250820_145124_579359) =====

===== AUCTION =====
Pass (locked): Player 0 (min_allowed=16)
  bidding analysis:
    present_suits: D, C
    current_high=0  min_allowed=16  raise_delta=1
    overall: avg=9.50  p30=10.00  std=6.10
    suit_stats:
      C: pts=[11, 10, 17, 0]  avg=9.50  p30=10.00  std=6.10
      D: pts=[]
    failed_checks:
      D: p30 0.00 < 15; conf_mean 0.00 < 15
      C: p30 10.00 < 15; conf_mean 6.45 < 15
    reason: Pass: No suit meets thresholds. Best suit C has p30=10.00, conf_mean=6.45 below min_allowed=16 (current_high=0, raise_delta=+1). Failed checks for best suit: p30 10.00 < 15, conf_mean 6.45 < 15.
Pass (locked): Player 1 (min_allowed=16)
  bidding analysis:
    present_suits: H, S
    current_high=0  min_allowed=16  raise_delta=1
    overall: avg=13.25  p30=12.00  std=8.47
    suit_stats:
      H: pts=[19, 22, 0, 12]  avg=13.25  p30=12.00  std=8.47
      S: pts=[]
    failed_checks:
      H: p30 12.00 < 15; conf_mean 9.02 < 15
      S: p30 0.00 < 15; conf_mean 0.00 < 15
    reason: Pass: No suit meets thresholds. Best suit H has p30=12.00, conf_mean=9.02 below min_allowed=16 (current_high=0, raise_delta=+1). Failed checks for best suit: p30 12.00 < 15, conf_mean 9.02 < 15.
Bid: Player 2 proposes 16 (min_allowed=16)
  bidding analysis:
    present_suits: H, D
    current_high=0  min_allowed=16  raise_delta=1
    chosen_suit: D
    proposed_bid: 16
    overall: avg=17.50  p30=15.00  std=4.33
    suit_stats:
      D: pts=[15, 25, 15, 15]  avg=17.50  p30=15.00  std=4.33
      H: pts=[]
    reason: Bid: Suit D meets thresholds (p30=15.00, conf_mean=15.33 >= min_allowed=16); conservative mapping max(p30, avg-1) -> 16. (current_high=0, raise_delta=+1)
Pass (locked): Player 3 (min_allowed=17)
  bidding analysis:
    present_suits: H, D, S
    current_high=16  min_allowed=17  raise_delta=1
    overall: avg=14.75  p30=15.00  std=9.93
    failed_checks:
      H: p30 15.00 < 16; conf_mean 9.78 < 16
      D: p30 0.00 < 16; conf_mean 0.00 < 16
      S: p30 0.00 < 16; conf_mean 0.00 < 16
    reason: Pass: No suit meets thresholds. Best suit H has p30=15.00, conf_mean=9.78 below min_allowed=17 (current_high=16, raise_delta=+1). Failed checks for best suit: p30 15.00 < 16, conf_mean 9.78 < 16.

AUCTION WINNER: Player 2 with bid 16; chooses trump D 
Details={'chosen': 'D', 'estimates': {'H': 10.0, 'D': 14.166666666666666}}
Player 0 hand :  ['7C', 'AC', '9D', 'QC', '8H', 'QS', 'KD', '8C']
Player 1 hand :  ['QH', '10S', '10H', 'JH', '8D', 'JS', 'JC', 'KS']
Player 2 hand :  ['7D', '10D', 'KH', '9C', 'KC', '10C', 'AD']
Player 3 hand :  ['9H', '7S', '9S', 'JD', '7H', 'AS', '8S', 'AH']
Player 0 (auction 4 cards): ['7C', 'AC', '9D', 'QC']
Player 1 (auction 4 cards): ['QH', '10S', '10H', 'JH']
Player 2 (auction 4 cards): ['7D', 'QD', '10D', 'KH']
Player 3 (auction 4 cards): ['9H', '7S', '9S', 'JD']
Auction winner (bidder): Player 2 with bid 16
Bidder sets concealed trump suit: D
Phase: concealed, bidder concealed card: QD

Player 0 plays 7C
Player 1 plays JC
Player 2 plays 9C
Player 3 plays 9H
Player 1 won the hand: 7 points

Player 1 plays QH
Player 2 plays KH
Player 3 plays 7H
Player 0 plays 8H
Player 2 won the hand: 0 points

Player 2 plays KC
Player 3 plays 7S
Player 0 plays AC
Player 1 plays 10S
Player 0 won the hand: 2 points

Player 0 plays 9D
Player 1 plays 8D
Player 2 plays 7D
Player 3 plays JD
Player 3 won the hand: 5 points

Player 3 plays 9S
Player 0 plays QS
Player 1 plays JS
-- Phase 2 begins: Trump revealed as D by Player 2 on trick 5 --
Player 2 plays 10D
Player 2 won the hand: 6 points

Player 2 plays 10C
Player 3 plays AS
Player 0 plays QC
Player 1 plays 10H
Player 2 won the hand: 3 points

Player 2 plays AD
Player 3 plays 8S
Player 0 plays KD
Player 1 plays JH
Player 2 won the hand: 4 points

Player 2 plays QD
Player 3 plays AH
Player 0 plays 8C
Player 1 plays KS
Player 2 won the hand: 1 points

Game 22 final points: Team A=16, Team B=12
Series cumulative game score so far: Team A=-1, Team B=-1
Log saved to: c:\Users\laksh\Desktop\Projects\28bot\logs\game28\mcts_games\game_22_20250820_145124_579359.log
