
===== GAME 1 (20250820_221536_573976) =====

===== AUCTION =====
Pass (locked): Player 0 (min_allowed=16)
  bidding analysis:
    present_suits: H, C, S
    current_high=0  min_allowed=16  raise_delta=1
    overall: avg=17.00  p30=17.00  std=5.34
    failed_checks:
      H: conf_mean 14.33 < 15
      S: p30 0.00 < 15; conf_mean 0.00 < 15
    reason: Pass: No suit meets thresholds. Best suit H has p30=17.00, conf_mean=14.33 below min_allowed=16 (current_high=0, raise_delta=+1). Failed checks for best suit: conf_mean 14.33 < 15.
Pass (locked): Player 1 (min_allowed=16)
  bidding analysis:
    present_suits: H, C, S
    current_high=0  min_allowed=16  raise_delta=1
    overall: avg=15.17  p30=13.00  std=4.88
    suit_stats:
      S: pts=[25, 8, 24, 14, 17, 20 ...]  avg=15.17  p30=13.00  std=4.88
      H: pts=[]
      C: pts=[]
    failed_checks:
      H: p30 0.00 < 15; conf_mean 0.00 < 15
      C: p30 0.00 < 15; conf_mean 0.00 < 15
      S: p30 13.00 < 15; conf_mean 12.73 < 15
    reason: Pass: No suit meets thresholds. Best suit S has p30=13.00, conf_mean=12.73 below min_allowed=16 (current_high=0, raise_delta=+1). Failed checks for best suit: p30 13.00 < 15, conf_mean 12.73 < 15.
Pass (locked): Player 2 (min_allowed=16)
  bidding analysis:
    present_suits: H, C
    current_high=0  min_allowed=16  raise_delta=1
    overall: avg=16.25  p30=15.00  std=3.74
    suit_stats:
      H: pts=[16, 20, 9, 11, 15, 22 ...]  avg=16.25  p30=15.00  std=3.74
      C: pts=[]
    failed_checks:
      H: conf_mean 14.38 < 15
      C: p30 0.00 < 15; conf_mean 0.00 < 15
    reason: Pass: No suit meets thresholds. Best suit H has p30=15.00, conf_mean=14.38 below min_allowed=16 (current_high=0, raise_delta=+1). Failed checks for best suit: conf_mean 14.38 < 15.
Pass (locked): Player 3 (min_allowed=16)
  bidding analysis:
    present_suits: H, C, S
    current_high=0  min_allowed=16  raise_delta=1
    overall: avg=4.50  p30=0.00  std=6.18
    failed_checks:
      H: p30 0.00 < 15; conf_mean 0.00 < 15
      C: p30 0.00 < 15; conf_mean 0.00 < 15
      S: p30 0.00 < 15; conf_mean 1.41 < 15
    reason: Pass: No suit meets thresholds. Best suit S has p30=0.00, conf_mean=1.41 below min_allowed=16 (current_high=0, raise_delta=+1). Failed checks for best suit: p30 0.00 < 15, conf_mean 1.41 < 15.
Forced bid: All players passed. Player 0 takes minimum bid 16.

AUCTION WINNER: Player 0 with bid 16; chooses trump H 
Details={'chosen': 'H', 'estimates': {'H': 17.0, 'S': 0.0, 'C': 16.5}}
Player 0 hand :  ['AC', '8S', '9S', '8C', 'JD', 'JS', '9C']
Player 1 hand :  ['KS', '7H', 'JC', 'AS', 'KD', '8D', '9D', 'QS']
Player 2 hand :  ['8H', '9H', 'QC', 'KH', 'QD', 'AD', 'QH', 'KC']
Player 3 hand :  ['7C', 'AH', '10S', '10C', '10D', '7D', '7S', '10H']
Player 0 (auction 4 cards): ['AC', '8S', 'JH', '9S']
Player 1 (auction 4 cards): ['KS', '7H', 'JC', 'AS']
Player 2 (auction 4 cards): ['8H', '9H', 'QC', 'KH']
Player 3 (auction 4 cards): ['7C', 'AH', '10S', '10C']
Auction winner (bidder): Player 0 with bid 16
Bidder sets concealed trump suit: H
Phase: concealed, bidder concealed card: JH

Player 0 plays AC
Player 1 plays JC
Player 2 plays QC
Player 3 plays 7C
Player 1 won the hand: 4 points

Player 1 plays KS
-- Phase 2 begins: Trump revealed as H by Player 2 on trick 2 --
Player 2 plays 8H
Player 3 plays 10S
Player 0 plays 8S
Player 2 won the hand: 1 points

Player 2 plays 9H
Player 3 plays AH
Player 0 plays JH
Player 1 plays 7H
Player 0 won the hand: 6 points

Player 0 plays 9S
