
===== GAME 91 (20250822_165822_902331) =====

===== AUCTION =====
Bid: Player 0 proposes 16 (min_allowed=16)
  bidding analysis:
    present_suits: H, C
    current_high=0  min_allowed=16  raise_delta=1
    chosen_suit: H
    proposed_bid: 16
    overall: avg=16.00  p30=16.00  std=0.00
    reason: Bid (precomputed): Suit H meets thresholds (p30=16.00, conf_mean=16.00 >= min_allowed=16); conservative mapping max(p30, avg-1) -> 16. (current_high=0, raise_delta=+1)
Bid: Player 1 proposes 18 (min_allowed=17)
  bidding analysis:
    present_suits: H, D
    current_high=16  min_allowed=17  raise_delta=1
    chosen_suit: H
    proposed_bid: 18
    overall: avg=19.75  p30=17.00  std=5.49
    suit_stats:
      H: pts=[9, 16, 26, 26, 11, 17 ...]  avg=19.75  p30=17.00  std=5.49
      D: pts=[]
    reason: Bid: Suit H meets thresholds (p30=17.00, conf_mean=17.00 >= min_allowed=17); conservative mapping max(p30, avg-1) -> 18. (current_high=16, raise_delta=+1)
Pass (locked): Player 2 (min_allowed=19)
  bidding analysis:
    present_suits: D, S
    current_high=18  min_allowed=19  raise_delta=1
    overall: avg=12.00  p30=12.00  std=0.00
    suit_stats:
      D: pts=[17, 7, 23, 15, 12, 11 ...]  avg=14.62  p30=11.00  std=6.27
      S: pts=[12]  avg=12.00  p30=12.00  std=0.00
    failed_checks:
      D: p30 11.00 < 18; conf_mean 11.49 < 18
      S: p30 12.00 < 18; conf_mean 12.00 < 18
    reason: Pass: No suit meets thresholds. Best suit S has p30=12.00, conf_mean=12.00 below min_allowed=19 (current_high=18, raise_delta=+1). Failed checks for best suit: p30 12.00 < 18, conf_mean 12.00 < 18.
Pass (locked): Player 3 (min_allowed=19)
  bidding analysis:
    present_suits: D, C, S
    current_high=18  min_allowed=19  raise_delta=1
    overall: avg=12.00  p30=10.00  std=2.55
    failed_checks:
      C: p30 10.00 < 18; conf_mean 10.73 < 18
      S: p30 0.00 < 18; conf_mean 0.00 < 18
    reason: Pass: No suit meets thresholds. Best suit C has p30=10.00, conf_mean=10.73 below min_allowed=19 (current_high=18, raise_delta=+1). Failed checks for best suit: p30 10.00 < 18, conf_mean 10.73 < 18.
Pass (locked): Player 0 (min_allowed=19)
  bidding analysis:
    present_suits: H, C
    current_high=18  min_allowed=19  raise_delta=1
    overall: avg=16.00  p30=16.00  std=0.00
    failed_checks:
      H: p30 16.00 < 18; conf_mean 16.00 < 18
    reason: Pass: No suit meets thresholds. Best suit H has p30=16.00, conf_mean=16.00 below min_allowed=19 (current_high=18, raise_delta=+1). Failed checks for best suit: p30 16.00 < 18, conf_mean 16.00 < 18.

AUCTION WINNER: Player 1 with bid 18; chooses trump H 
Details={'chosen': 'H', 'estimates': {'D': 7.0, 'H': 11.0}}
Player 0 hand :  ['10C', 'KH', 'QH', 'AC', '8D', '7S', 'AH', '8H']
Player 1 hand :  ['7H', '9H', 'QD', '10H', 'KD', 'QS', '10S']
Player 2 hand :  ['7D', '8S', 'AS', '9D', '7C', 'JD', 'KS', '9S']
Player 3 hand :  ['JS', '9C', 'AD', '10D', 'KC', 'QC', '8C', 'JC']
Player 0 (auction 4 cards): ['10C', 'KH', 'QH', 'AC']
Player 1 (auction 4 cards): ['7H', '9H', 'QD', 'JH']
Player 2 (auction 4 cards): ['7D', '8S', 'AS', '9D']
Player 3 (auction 4 cards): ['JS', '9C', 'AD', '10D']
Auction winner (bidder): Player 1 with bid 18
Bidder sets concealed trump suit: H
Phase: concealed, bidder concealed card: JH

Player 0 plays 10C
-- Phase 2 begins: Trump revealed as H by Player 1 on trick 1 --
Player 1 plays 7H
Player 2 plays 7C
Player 3 plays 9C
Player 1 won the hand: 3 points

Player 1 plays 9H
Player 2 plays 7D
Player 3 plays JS
Player 0 plays KH
Player 1 won the hand: 5 points

Player 1 plays QD
Player 2 plays 9D
Player 3 plays AD
Player 0 plays 8D
Player 2 won the hand: 3 points

Player 2 plays 8S
Player 3 plays 10D
Player 0 plays 7S
Player 1 plays QS
Player 1 won the hand: 1 points

Player 1 plays 10H
Player 2 plays AS
Player 3 plays KC
Player 0 plays QH
Player 1 won the hand: 2 points

Player 1 plays KD
Player 2 plays JD
Player 3 plays QC
Player 0 plays AC
Player 2 won the hand: 4 points

Player 2 plays KS
Player 3 plays 8C
Player 0 plays AH
Player 1 plays 10S
Player 0 won the hand: 2 points

Player 0 plays 8H
Player 1 plays JH
Player 2 plays 9S
Player 3 plays JC
Player 1 won the hand: 8 points

Game 91 final points: Team A=9, Team B=19
Series cumulative game score so far: Team A=-7, Team B=-1
Log saved to: c:\Users\laksh\Desktop\Projects\28bot\logs\game28\mcts_games\game_91_20250822_165822_902331.log
