
===== GAME 2 (20250821_093529_581227) =====

===== AUCTION =====
Bid: Player 0 proposes 22 (min_allowed=16)
  bidding analysis:
    present_suits: H, C
    current_high=0  min_allowed=16  raise_delta=1
    chosen_suit: H
    proposed_bid: 22
    overall: avg=22.00  p30=22.00  std=0.00
    suit_stats:
      C: pts=[9, 15, 19, 25, 15, 12 ...]  avg=15.88  p30=12.00  std=5.35
      H: pts=[22]  avg=22.00  p30=22.00  std=0.00
    reason: Bid: Suit H meets thresholds (p30=22.00, conf_mean=22.00 >= min_allowed=16); conservative mapping max(p30, avg-1) -> 22. (current_high=0, raise_delta=+1)
Pass (locked): Player 1 (min_allowed=23)
  bidding analysis:
    present_suits: H, D, S
    current_high=22  min_allowed=23  raise_delta=1
    overall: avg=13.00  p30=12.00  std=3.91
    failed_checks:
      H: p30 0.00 < 22; conf_mean 0.00 < 22
      D: p30 12.00 < 22; conf_mean 11.05 < 22
      S: p30 0.00 < 22; conf_mean 0.00 < 22
    reason: Pass: No suit meets thresholds. Best suit D has p30=12.00, conf_mean=11.05 below min_allowed=23 (current_high=22, raise_delta=+1). Failed checks for best suit: p30 12.00 < 22, conf_mean 11.05 < 22.
Pass (locked): Player 2 (min_allowed=23)
  bidding analysis:
    present_suits: H, D, S
    current_high=22  min_allowed=23  raise_delta=1
    overall: avg=15.25  p30=15.00  std=5.49
    suit_stats:
      S: pts=[21, 16, 15, 16, 14, 2 ...]  avg=15.25  p30=15.00  std=5.49
      H: pts=[]
      D: pts=[]
    failed_checks:
      H: p30 0.00 < 22; conf_mean 0.00 < 22
      D: p30 0.00 < 22; conf_mean 0.00 < 22
      S: p30 15.00 < 22; conf_mean 12.50 < 22
    reason: Pass: No suit meets thresholds. Best suit S has p30=15.00, conf_mean=12.50 below min_allowed=23 (current_high=22, raise_delta=+1). Failed checks for best suit: p30 15.00 < 22, conf_mean 12.50 < 22.
Pass (locked): Player 3 (min_allowed=23)
  bidding analysis:
    present_suits: H, C, S
    current_high=22  min_allowed=23  raise_delta=1
    overall: avg=4.00  p30=3.00  std=1.00
    failed_checks:
      H: p30 0.00 < 22; conf_mean 5.89 < 22
      C: p30 3.00 < 22; conf_mean 3.50 < 22
    reason: Pass: No suit meets thresholds. Best suit C has p30=3.00, conf_mean=3.50 below min_allowed=23 (current_high=22, raise_delta=+1). Failed checks for best suit: p30 3.00 < 22, conf_mean 3.50 < 22.

AUCTION WINNER: Player 0 with bid 22; chooses trump H 
Details={'chosen': 'H', 'estimates': {'C': 16.0, 'H': 17.0}}
Player 0 hand :  ['10C', '9H', 'AC', 'JD', '7D', '10H', '7H']
Player 1 hand :  ['KH', '9D', 'QD', 'JS', '8C', '8D', '9S', 'KD']
Player 2 hand :  ['8S', 'AD', 'AS', 'AH', 'JC', '10D', 'KC', 'KS']
Player 3 hand :  ['7C', '7S', '8H', '10S', 'JH', 'QS', 'QC', '9C']
Player 0 (auction 4 cards): ['10C', '9H', 'AC', 'QH']
Player 1 (auction 4 cards): ['KH', '9D', 'QD', 'JS']
Player 2 (auction 4 cards): ['8S', 'AD', 'AS', 'AH']
Player 3 (auction 4 cards): ['7C', '7S', '8H', '10S']
Auction winner (bidder): Player 0 with bid 22
Bidder sets concealed trump suit: H
Phase: concealed, bidder concealed card: QH

Player 0 plays 10C
Player 1 plays 8C
Player 2 plays JC
Player 3 plays 7C
Player 2 won the hand: 4 points

Player 2 plays 8S
Player 3 plays 7S
-- Phase 2 begins: Trump revealed as H by Player 0 on trick 2 --
Player 0 plays 9H
Player 1 plays JS
Player 0 won the hand: 5 points

Player 0 plays AC
Player 1 plays KH
Player 2 plays KC
Player 3 plays QC
Player 1 won the hand: 1 points

Player 1 plays 9D
Player 2 plays AD
Player 3 plays 8H
Player 0 plays JD
Player 3 won the hand: 6 points

Player 3 plays 10S
Player 0 plays 7D
Player 1 plays 9S
Player 2 plays AS
Player 1 won the hand: 4 points

Player 1 plays QD
Player 2 plays 10D
Player 3 plays JH
Player 0 plays 10H
Player 3 won the hand: 5 points

Player 3 plays QS
Player 0 plays 7H
Player 1 plays 8D
Player 2 plays KS
Player 0 won the hand: 0 points

Player 0 plays QH
Player 1 plays KD
Player 2 plays AH
Player 3 plays 9C
Player 2 won the hand: 3 points

Game 2 final points: Team A=12, Team B=16
Series cumulative game score so far: Team A=-2, Team B=-1
Log saved to: C:\Users\laksh\Desktop\Projects\28bot\logs\game28\mcts_games\game_2_20250821_093529_581227.log
