
===== GAME 52 (20250820_155916_829993) =====

===== AUCTION =====
Pass (locked): Player 0 (min_allowed=16)
  bidding analysis:
    present_suits: H, D, S
    current_high=0  min_allowed=16  raise_delta=1
    overall: avg=11.25  p30=9.00  std=3.77
    suit_stats:
      D: pts=[17, 7, 9, 12]  avg=11.25  p30=9.00  std=3.77
      H: pts=[]
      S: pts=[]
    failed_checks:
      H: p30 0.00 < 15; conf_mean 0.00 < 15
      D: p30 9.00 < 15; conf_mean 9.37 < 15
      S: p30 0.00 < 15; conf_mean 0.00 < 15
    reason: Pass: No suit meets thresholds. Best suit D has p30=9.00, conf_mean=9.37 below min_allowed=16 (current_high=0, raise_delta=+1). Failed checks for best suit: p30 9.00 < 15, conf_mean 9.37 < 15.
Bid: Player 1 proposes 17 (min_allowed=16)
  bidding analysis:
    present_suits: D, C, S
    current_high=0  min_allowed=16  raise_delta=1
    chosen_suit: C
    proposed_bid: 17
    overall: avg=18.25  p30=15.00  std=6.02
    suit_stats:
      C: pts=[24, 10, 24, 15]  avg=18.25  p30=15.00  std=6.02
      D: pts=[]
      S: pts=[]
    reason: Bid: Suit C meets thresholds (p30=15.00, conf_mean=15.24 >= min_allowed=16); conservative mapping max(p30, avg-1) -> 17. (current_high=0, raise_delta=+1)
Pass (locked): Player 2 (min_allowed=18)
  bidding analysis:
    present_suits: H, S
    current_high=17  min_allowed=18  raise_delta=1
    overall: avg=15.00  p30=16.00  std=9.11
    suit_stats:
      H: pts=[0, 16, 24, 20]  avg=15.00  p30=16.00  std=9.11
      S: pts=[]
    failed_checks:
      H: p30 16.00 < 17; conf_mean 10.44 < 17
      S: p30 0.00 < 17; conf_mean 0.00 < 17
    reason: Pass: No suit meets thresholds. Best suit H has p30=16.00, conf_mean=10.44 below min_allowed=18 (current_high=17, raise_delta=+1). Failed checks for best suit: p30 16.00 < 17, conf_mean 10.44 < 17.
Pass (locked): Player 3 (min_allowed=18)
  bidding analysis:
    present_suits: D, C, S
    current_high=17  min_allowed=18  raise_delta=1
    overall: avg=6.75  p30=0.00  std=6.76
    suit_stats:
      S: pts=[13, 14, 0, 0]  avg=6.75  p30=0.00  std=6.76
      D: pts=[]
      C: pts=[]
    failed_checks:
      D: p30 0.00 < 17; conf_mean 0.00 < 17
      C: p30 0.00 < 17; conf_mean 0.00 < 17
      S: p30 0.00 < 17; conf_mean 3.37 < 17
    reason: Pass: No suit meets thresholds. Best suit S has p30=0.00, conf_mean=3.37 below min_allowed=18 (current_high=17, raise_delta=+1). Failed checks for best suit: p30 0.00 < 17, conf_mean 3.37 < 17.

AUCTION WINNER: Player 1 with bid 17; chooses trump C 
Details={'chosen': 'C', 'estimates': {'D': 14.25, 'C': 15.0, 'S': 9.666666666666666}}
Player 0 hand :  ['QD', 'JH', '8S', '8D', '7C', '7D', '9S', 'JD']
Player 1 hand :  ['10D', 'JC', 'KS', 'AD', 'KH', 'KD', 'QC']
Player 2 hand :  ['9H', '8H', '10H', 'JS', 'AH', '10S', 'KC', 'QH']
Player 3 hand :  ['9D', '10C', 'AS', 'QS', '8C', '7H', '7S', '9C']
Player 0 (auction 4 cards): ['QD', 'JH', '8S', '8D']
Player 1 (auction 4 cards): ['10D', 'JC', 'KS', 'AC']
Player 2 (auction 4 cards): ['9H', '8H', '10H', 'JS']
Player 3 (auction 4 cards): ['9D', '10C', 'AS', 'QS']
Auction winner (bidder): Player 1 with bid 17
Bidder sets concealed trump suit: C
Phase: concealed, bidder concealed card: AC

Player 0 plays QD
Player 1 plays 10D
Player 2 plays 9H
Player 3 plays 9D
Player 3 won the hand: 5 points

Player 3 plays 10C
Player 0 plays 7C
Player 1 plays JC
Player 2 plays KC
Player 1 won the hand: 4 points

Player 1 plays KS
Player 2 plays JS
Player 3 plays AS
Player 0 plays 8S
Player 2 won the hand: 4 points

Player 2 plays 8H
Player 3 plays 7H
Player 0 plays JH
Player 1 plays KH
Player 0 won the hand: 3 points

Player 0 plays 8D
Player 1 plays AD
Player 2 plays 10H
Player 3 plays QS
Player 1 won the hand: 2 points

Player 1 plays KD
Player 2 plays AH
-- Phase 2 begins: Trump revealed as C by Player 3 on trick 6 --
Player 3 plays 8C
Player 0 plays 7D
Player 3 won the hand: 1 points

Player 3 plays 7S
Player 0 plays 9S
Player 1 plays QC
Player 2 plays 10S
Player 1 won the hand: 3 points

Player 1 plays AC
Player 2 plays QH
Player 3 plays 9C
Player 0 plays JD
Player 3 won the hand: 6 points

Game 52 final points: Team A=7, Team B=21
Series cumulative game score so far: Team A=-3, Team B=-4
Log saved to: c:\Users\laksh\Desktop\Projects\28bot\logs\game28\mcts_games\game_52_20250820_155916_829993.log
