
===== GAME 16 (20250823_181435_909560) =====

===== AUCTION =====
Bid: Player 0 proposes 20 (min_allowed=16)
  bidding analysis:
    present_suits: H, D, C, S
    current_high=0  min_allowed=16  raise_delta=1
    chosen_suit: H
    proposed_bid: 20
    overall: avg=20.00  p30=20.00  std=0.00
    suit_stats:
      C: pts=[19]  avg=19.00  p30=19.00  std=0.00
      D: pts=[12]  avg=12.00  p30=12.00  std=0.00
      S: pts=[17]  avg=17.00  p30=17.00  std=0.00
      H: pts=[20]  avg=20.00  p30=20.00  std=0.00
    reason: Bid: Suit H meets thresholds (p30=20.00, conf_mean=20.00 >= min_allowed=16); conservative mapping max(p30, avg-1) -> 20. (current_high=0, raise_delta=+1)
Pass (locked): Player 1 (min_allowed=21)
  bidding analysis:
    present_suits: H, D, S
    current_high=20  min_allowed=21  raise_delta=1
    overall: avg=13.75  p30=10.00  std=4.89
    suit_stats:
      H: pts=[15, 9, 9, 18, 22, 23 ...]  avg=13.75  p30=10.00  std=4.89
      D: pts=[]
      S: pts=[]
    failed_checks:
      H: p30 10.00 < 20; conf_mean 11.30 < 20
      D: p30 0.00 < 20; conf_mean 0.00 < 20
      S: p30 0.00 < 20; conf_mean 0.00 < 20
    reason: Pass: No suit meets thresholds. Best suit H has p30=10.00, conf_mean=11.30 below min_allowed=21 (current_high=20, raise_delta=+1). Failed checks for best suit: p30 10.00 < 20, conf_mean 11.30 < 20.
Pass (locked): Player 2 (min_allowed=21)
  bidding analysis:
    present_suits: H, C, S
    current_high=20  min_allowed=21  raise_delta=1
    overall: avg=16.25  p30=14.00  std=4.92
    failed_checks:
      C: p30 0.00 < 20; conf_mean 0.00 < 20
      S: p30 14.00 < 20; conf_mean 13.79 < 20
    reason: Pass: No suit meets thresholds. Best suit S has p30=14.00, conf_mean=13.79 below min_allowed=21 (current_high=20, raise_delta=+1). Failed checks for best suit: p30 14.00 < 20, conf_mean 13.79 < 20.
Pass (locked): Player 3 (min_allowed=21)
  bidding analysis:
    present_suits: D, C, S
    current_high=20  min_allowed=21  raise_delta=1
    overall: avg=11.75  p30=7.00  std=6.68
    failed_checks:
      D: p30 0.00 < 20; conf_mean 0.00 < 20
      C: p30 7.00 < 20; conf_mean 8.41 < 20
    reason: Pass: No suit meets thresholds. Best suit C has p30=7.00, conf_mean=8.41 below min_allowed=21 (current_high=20, raise_delta=+1). Failed checks for best suit: p30 7.00 < 20, conf_mean 8.41 < 20.

AUCTION WINNER: Player 0 with bid 20; chooses trump C 
Details={'chosen': 'C', 'estimates': {'H': 14.0, 'C': 18.0, 'S': 10.0, 'D': 9.0}}
Player 0 hand :  ['JD', '9H', '10S', '10D', '7C', '9D', 'KC']
Player 1 hand :  ['7H', '8D', 'QH', '9S', '8C', 'KD', '8H', 'KH']
Player 2 hand :  ['10H', 'JC', 'KS', 'JS', 'AC', 'AH', 'QD', '9C']
Player 3 hand :  ['QS', 'QC', 'AD', '8S', 'AS', '7S', 'JH', '7D']
Player 0 (auction 4 cards): ['JD', '9H', '10S', '10C']
Player 1 (auction 4 cards): ['7H', '8D', 'QH', '9S']
Player 2 (auction 4 cards): ['10H', 'JC', 'KS', 'JS']
Player 3 (auction 4 cards): ['QS', 'QC', 'AD', '8S']
Auction winner (bidder): Player 0 with bid 20
Bidder sets concealed trump suit: C
Phase: concealed, bidder concealed card: 10C

Player 0 plays JD
Player 1 plays 8D
Player 2 plays QD
Player 3 plays AD
Player 0 won the hand: 4 points

Player 0 plays 9H
Player 1 plays 7H
Player 2 plays 10H
Player 3 plays JH
Player 3 won the hand: 6 points

Player 3 plays QS
Player 0 plays 10S
Player 1 plays 9S
Player 2 plays KS
Player 1 won the hand: 3 points

Player 1 plays QH
Player 2 plays AH
-- Phase 2 begins: Trump revealed as C by Player 3 on trick 4 --
Player 3 plays QC
Player 0 plays 10D
Player 3 won the hand: 2 points

Player 3 plays 8S
Player 0 plays 7C
Player 1 plays 8C
Player 2 plays JS
Player 1 won the hand: 3 points

Player 1 plays KD
Player 2 plays JC
Player 3 plays 7D
Player 0 plays 9D
Player 2 won the hand: 5 points

Player 2 plays AC
Player 3 plays AS
Player 0 plays KC
Player 1 plays 8H
Player 2 won the hand: 2 points

Player 2 plays 9C
Player 3 plays 7S
Player 0 plays 10C
Player 1 plays KH
Player 2 won the hand: 3 points

Game 16 final points: Team A=14, Team B=14
Series cumulative game score so far: Team A=-3, Team B=-2
Log saved to: c:\Users\laksh\Desktop\Projects\28bot\logs\game28\mcts_games\game_16_20250823_181435_909560.log
