
===== GAME 3 (20250822_000050_453400) =====

===== AUCTION =====
Pass (locked): Player 0 (min_allowed=16)
  bidding analysis:
    present_suits: D, C, S
    current_high=0  min_allowed=16  raise_delta=1
    overall: avg=13.12  p30=9.00  std=4.20
    suit_stats:
      C: pts=[6, 9, 17, 16, 16, 14 ...]  avg=13.12  p30=9.00  std=4.20
      D: pts=[]
      S: pts=[]
    failed_checks:
      D: p30 0.00 < 15; conf_mean 0.00 < 15
      C: p30 9.00 < 15; conf_mean 11.03 < 15
      S: p30 0.00 < 15; conf_mean 0.00 < 15
    reason: Pass: No suit meets thresholds. Best suit C has p30=9.00, conf_mean=11.03 below min_allowed=16 (current_high=0, raise_delta=+1). Failed checks for best suit: p30 9.00 < 15, conf_mean 11.03 < 15.
Pass (locked): Player 1 (min_allowed=16)
  bidding analysis:
    present_suits: H, D, S
    current_high=0  min_allowed=16  raise_delta=1
    overall: avg=17.12  p30=13.00  std=7.66
    suit_stats:
      H: pts=[6, 16, 28, 13, 13, 10 ...]  avg=17.12  p30=13.00  std=7.66
      D: pts=[]
      S: pts=[]
    failed_checks:
      H: p30 13.00 < 15; conf_mean 13.30 < 15
      D: p30 0.00 < 15; conf_mean 0.00 < 15
      S: p30 0.00 < 15; conf_mean 0.00 < 15
    reason: Pass: No suit meets thresholds. Best suit H has p30=13.00, conf_mean=13.30 below min_allowed=16 (current_high=0, raise_delta=+1). Failed checks for best suit: p30 13.00 < 15, conf_mean 13.30 < 15.
Bid: Player 2 proposes 20 (min_allowed=16)
  bidding analysis:
    present_suits: C, S
    current_high=0  min_allowed=16  raise_delta=1
    chosen_suit: C
    proposed_bid: 20
    overall: avg=21.75  p30=19.00  std=2.44
    reason: Bid (precomputed): Suit C meets thresholds (p30=19.00, conf_mean=20.53 >= min_allowed=16); conservative mapping max(p30, avg-1) -> 20. (current_high=0, raise_delta=+1)
Pass (locked): Player 3 (min_allowed=21)
  bidding analysis:
    present_suits: H, D, C
    current_high=20  min_allowed=21  raise_delta=1
    overall: avg=12.38  p30=9.00  std=4.06
    suit_stats:
      C: pts=[16, 9, 12, 16, 17, 9 ...]  avg=12.38  p30=9.00  std=4.06
      H: pts=[]
      D: pts=[]
    failed_checks:
      H: p30 0.00 < 20; conf_mean 0.00 < 20
      D: p30 0.00 < 20; conf_mean 0.00 < 20
      C: p30 9.00 < 20; conf_mean 10.34 < 20
    reason: Pass: No suit meets thresholds. Best suit C has p30=9.00, conf_mean=10.34 below min_allowed=21 (current_high=20, raise_delta=+1). Failed checks for best suit: p30 9.00 < 20, conf_mean 10.34 < 20.

AUCTION WINNER: Player 2 with bid 20; chooses trump C 
Details={'chosen': 'C', 'estimates': {'C': 21.75, 'S': 0.0}}
Player 0 hand :  ['9S', 'KC', '10C', 'QD', '8D', '8C', 'QC', 'KH']
Player 1 hand :  ['JH', 'AH', '8S', 'KD', '7H', '10H', '9H', '8H']
Player 2 hand :  ['JS', '7S', '10S', '7C', 'KS', 'AD', 'AS']
Player 3 hand :  ['AC', '9C', '10D', 'QH', 'QS', 'JD', '7D', '9D']
Player 0 (auction 4 cards): ['9S', 'KC', '10C', 'QD']
Player 1 (auction 4 cards): ['JH', 'AH', '8S', 'KD']
Player 2 (auction 4 cards): ['JC', 'JS', '7S', '10S']
Player 3 (auction 4 cards): ['AC', '9C', '10D', 'QH']
Auction winner (bidder): Player 2 with bid 20
Bidder sets concealed trump suit: C
Phase: concealed, bidder concealed card: JC

Player 0 plays 9S
Player 1 plays 8S
Player 2 plays JS
Player 3 plays QS
Player 2 won the hand: 5 points

Player 2 plays 7S
-- Phase 2 begins: Trump revealed as C by Player 3 on trick 2 --
Player 3 plays AC
Player 0 plays KC
Player 1 plays JH
Player 3 won the hand: 4 points

Player 3 plays 9C
Player 0 plays 10C
Player 1 plays AH
Player 2 plays 7C
Player 3 won the hand: 4 points

Player 3 plays 10D
Player 0 plays QD
Player 1 plays KD
Player 2 plays AD
Player 2 won the hand: 2 points

Player 2 plays 10S
Player 3 plays QH
Player 0 plays 8D
Player 1 plays 7H
Player 2 won the hand: 1 points

Player 2 plays KS
Player 3 plays JD
Player 0 plays 8C
Player 1 plays 10H
Player 0 won the hand: 4 points

Player 0 plays QC
Player 1 plays 9H
Player 2 plays JC
Player 3 plays 7D
Player 2 won the hand: 5 points

Player 2 plays AS
Player 3 plays 9D
Player 0 plays KH
Player 1 plays 8H
Player 2 won the hand: 3 points

Game 3 final points: Team A=20, Team B=8
Series cumulative game score so far: Team A=2, Team B=0
Log saved to: c:\Users\laksh\Desktop\Projects\28bot\logs\game28\mcts_games\game_3_20250822_000050_453400.log
