
===== GAME 35 (20250825_102743_961465) =====

===== AUCTION =====
Pass (locked): Player 0 (min_allowed=16)
  bidding analysis:
    present_suits: D, C, S
    current_high=0  min_allowed=16  raise_delta=1
    overall: avg=13.50  p30=12.00  std=4.66
    failed_checks:
      D: p30 0.00 < 15; conf_mean 0.00 < 15
      C: p30 12.00 < 15; conf_mean 11.17 < 15
    reason: Pass: No suit meets thresholds. Best suit C has p30=12.00, conf_mean=11.17 below min_allowed=16 (current_high=0, raise_delta=+1). Failed checks for best suit: p30 12.00 < 15, conf_mean 11.17 < 15.
Pass (locked): Player 1 (min_allowed=16)
  bidding analysis:
    present_suits: D, C, S
    current_high=0  min_allowed=16  raise_delta=1
    overall: avg=14.00  p30=12.00  std=3.74
    failed_checks:
      C: p30 0.00 < 15; conf_mean 0.00 < 15
      S: p30 12.00 < 15; conf_mean 12.13 < 15
    reason: Pass: No suit meets thresholds. Best suit S has p30=12.00, conf_mean=12.13 below min_allowed=16 (current_high=0, raise_delta=+1). Failed checks for best suit: p30 12.00 < 15, conf_mean 12.13 < 15.
Bid: Player 2 proposes 17 (min_allowed=16)
  bidding analysis:
    present_suits: H, C
    current_high=0  min_allowed=16  raise_delta=1
    chosen_suit: H
    proposed_bid: 17
    overall: avg=18.88  p30=16.00  std=3.57
    suit_stats:
      H: pts=[17, 23, 19, 20, 27, 22 ...]  avg=18.88  p30=16.00  std=3.57
      C: pts=[]
    reason: Bid: Suit H meets thresholds (p30=16.00, conf_mean=17.09 >= min_allowed=16); conservative mapping max(p30, avg-1) -> 17. (current_high=0, raise_delta=+1)
Pass (locked): Player 3 (min_allowed=18)
  bidding analysis:
    present_suits: H, D, S
    current_high=17  min_allowed=18  raise_delta=1
    overall: avg=14.38  p30=11.00  std=5.80
    failed_checks:
      H: p30 0.00 < 17; conf_mean 0.00 < 17
      S: p30 11.00 < 17; conf_mean 11.48 < 17
    reason: Pass: No suit meets thresholds. Best suit S has p30=11.00, conf_mean=11.48 below min_allowed=18 (current_high=17, raise_delta=+1). Failed checks for best suit: p30 11.00 < 17, conf_mean 11.48 < 17.

AUCTION WINNER: Player 2 with bid 17; chooses trump C 
Details={'chosen': 'C', 'estimates': {'H': 15.0, 'C': 17.0}}
Player 0 hand :  ['7D', '7C', 'AD', 'AS', '8D', '7S', 'JD', '7H']
Player 1 hand :  ['KD', 'QC', 'JS', 'AC', '10C', 'QD', '10D', '10H']
Player 2 hand :  ['QH', 'JH', '9H', '8C', 'JC', 'QS', '10S']
Player 3 hand :  ['8H', '9D', 'KS', '8S', 'KH', 'AH', '9C', '9S']
Player 0 (auction 4 cards): ['7D', '7C', 'AD', 'AS']
Player 1 (auction 4 cards): ['KD', 'QC', 'JS', 'AC']
Player 2 (auction 4 cards): ['QH', 'JH', '9H', 'KC']
Player 3 (auction 4 cards): ['8H', '9D', 'KS', '8S']
Auction winner (bidder): Player 2 with bid 17
Bidder sets concealed trump suit: C
Phase: concealed, bidder concealed card: KC

Player 0 plays 7D
Player 1 plays KD
Player 2 plays QH
Player 3 plays 9D
Player 3 won the hand: 2 points

Player 3 plays 8H
Player 0 plays 7H
Player 1 plays 10H
Player 2 plays JH
Player 2 won the hand: 4 points

Player 2 plays 9H
Player 3 plays KH
-- Phase 2 begins: Trump revealed as C by Player 0 on trick 3 --
Player 0 plays 7C
Player 1 plays QC
Player 1 won the hand: 2 points

Player 1 plays JS
Player 2 plays QS
Player 3 plays KS
Player 0 plays AS
Player 1 won the hand: 4 points

Player 1 plays AC
Player 2 plays 8C
Player 3 plays 9C
Player 0 plays AD
Player 3 won the hand: 4 points

Player 3 plays 8S
Player 0 plays 7S
Player 1 plays 10C
Player 2 plays 10S
Player 1 won the hand: 2 points

Player 1 plays QD
Player 2 plays JC
Player 3 plays AH
Player 0 plays 8D
Player 2 won the hand: 4 points

Player 2 plays KC
Player 3 plays 9S
Player 0 plays JD
Player 1 plays 10D
Player 2 won the hand: 6 points

Game 35 final points: Team A=14, Team B=14
Series cumulative game score so far: Team A=-9, Team B=-3
Log saved to: c:\Users\laksh\Desktop\Projects\28bot\logs\game28\mcts_games\game_35_20250825_102743_961465.log
