
===== GAME 76 (20250822_163054_496206) =====

===== AUCTION =====
Pass (locked): Player 0 (min_allowed=16)
  bidding analysis:
    present_suits: H, C, S
    current_high=0  min_allowed=16  raise_delta=1
    overall: avg=14.83  p30=13.00  std=5.14
    failed_checks:
      H: p30 13.00 < 15; conf_mean 12.26 < 15
      S: p30 0.00 < 15; conf_mean 0.00 < 15
    reason: Pass: No suit meets thresholds. Best suit H has p30=13.00, conf_mean=12.26 below min_allowed=16 (current_high=0, raise_delta=+1). Failed checks for best suit: p30 13.00 < 15, conf_mean 12.26 < 15.
Pass (locked): Player 1 (min_allowed=16)
  bidding analysis:
    present_suits: H, D, C
    current_high=0  min_allowed=16  raise_delta=1
    overall: avg=16.31  p30=9.00  std=8.06
    suit_stats:
      D: pts=[8, 19, 11, 20, 28, 17 ...]  avg=16.31  p30=9.00  std=8.06
      H: pts=[]
      C: pts=[]
    failed_checks:
      H: p30 0.00 < 15; conf_mean 0.00 < 15
      D: p30 9.00 < 15; conf_mean 12.28 < 15
      C: p30 0.00 < 15; conf_mean 0.00 < 15
    reason: Pass: No suit meets thresholds. Best suit D has p30=9.00, conf_mean=12.28 below min_allowed=16 (current_high=0, raise_delta=+1). Failed checks for best suit: p30 9.00 < 15, conf_mean 12.28 < 15.
Pass (locked): Player 2 (min_allowed=16)
  bidding analysis:
    present_suits: H, S
    current_high=0  min_allowed=16  raise_delta=1
    overall: avg=9.00  p30=9.00  std=0.00
    failed_checks:
      H: p30 9.00 < 15; conf_mean 9.00 < 15
    reason: Pass: No suit meets thresholds. Best suit H has p30=9.00, conf_mean=9.00 below min_allowed=16 (current_high=0, raise_delta=+1). Failed checks for best suit: p30 9.00 < 15, conf_mean 9.00 < 15.
Bid: Player 3 proposes 20 (min_allowed=16)
  bidding analysis:
    present_suits: H, D, S
    current_high=0  min_allowed=16  raise_delta=1
    chosen_suit: H
    proposed_bid: 20
    overall: avg=21.31  p30=19.00  std=4.00
    suit_stats:
      H: pts=[17, 22, 21, 22, 25, 26 ...]  avg=21.31  p30=19.00  std=4.00
      D: pts=[]
      S: pts=[]
    reason: Bid: Suit H meets thresholds (p30=19.00, conf_mean=19.31 >= min_allowed=16); conservative mapping max(p30, avg-1) -> 20. (current_high=0, raise_delta=+1)

AUCTION WINNER: Player 3 with bid 20; chooses trump H 
Details={'chosen': 'H', 'estimates': {'D': 21.0, 'S': 20.0, 'H': 22.0}}
Player 0 hand :  ['10H', 'KC', 'KH', '7S', '8C', 'KD', '8S', 'AC']
Player 1 hand :  ['AD', 'AH', '7D', 'JC', '10C', '8D', '7C', '9S']
Player 2 hand :  ['QS', '9H', '8H', '10S', '9D', 'QC', 'AS', '9C']
Player 3 hand :  ['7H', 'JS', 'JD', 'QH', 'KS', '10D', 'QD']
Player 0 (auction 4 cards): ['10H', 'KC', 'KH', '7S']
Player 1 (auction 4 cards): ['AD', 'AH', '7D', 'JC']
Player 2 (auction 4 cards): ['QS', '9H', '8H', '10S']
Player 3 (auction 4 cards): ['7H', 'JS', 'JH', 'JD']
Auction winner (bidder): Player 3 with bid 20
Bidder sets concealed trump suit: H
Phase: concealed, bidder concealed card: JH

Player 0 plays 10H
Player 1 plays AH
Player 2 plays 9H
Player 3 plays 7H
Player 2 won the hand: 4 points

Player 2 plays QS
Player 3 plays JS
Player 0 plays 7S
Player 1 plays 9S
Player 3 won the hand: 5 points

Player 3 plays JD
Player 0 plays KD
Player 1 plays AD
Player 2 plays 9D
Player 3 won the hand: 6 points

Player 3 plays KS
Player 0 plays 8S
Player 1 plays 7D
Player 2 plays 10S
Player 2 won the hand: 1 points

Player 2 plays 8H
Player 3 plays QH
Player 0 plays KH
Player 1 plays JC
Player 0 won the hand: 3 points

Player 0 plays KC
Player 1 plays 10C
Player 2 plays QC
Player 3 plays 10D
Player 1 won the hand: 2 points

Player 1 plays 8D
Player 2 plays AS
Player 3 plays QD
Player 0 plays 8C
Player 3 won the hand: 1 points

Error during gameplay: Current player 3 has no cards but other players do
No cards available, ending game
Game 76 final points: Team A=8, Team B=14
Series cumulative game score so far: Team A=-6, Team B=1
Log saved to: c:\Users\laksh\Desktop\Projects\28bot\logs\game28\mcts_games\game_76_20250822_163054_496206.log
