
===== GAME 20 (20250822_135310_861158) =====

===== AUCTION =====
Pass (locked): Player 0 (min_allowed=16)
  bidding analysis:
    present_suits: D, S
    current_high=0  min_allowed=16  raise_delta=1
    overall: avg=11.00  p30=11.00  std=0.00
    suit_stats:
      S: pts=[3, 26, 10, 6, 21, 11 ...]  avg=14.88  p30=10.00  std=7.17
      D: pts=[11]  avg=11.00  p30=11.00  std=0.00
    failed_checks:
      D: p30 11.00 < 15; conf_mean 11.00 < 15
      S: p30 10.00 < 15; conf_mean 11.29 < 15
    reason: Pass: No suit meets thresholds. Best suit D has p30=11.00, conf_mean=11.00 below min_allowed=16 (current_high=0, raise_delta=+1). Failed checks for best suit: p30 11.00 < 15, conf_mean 11.00 < 15.
Pass (locked): Player 1 (min_allowed=16)
  bidding analysis:
    present_suits: H, C, S
    current_high=0  min_allowed=16  raise_delta=1
    overall: avg=17.50  p30=14.00  std=4.56
    suit_stats:
      C: pts=[16, 14, 13, 21, 20, 19 ...]  avg=17.50  p30=14.00  std=4.56
      H: pts=[]
      S: pts=[]
    failed_checks:
      H: p30 0.00 < 15; conf_mean 0.00 < 15
      C: p30 14.00 < 15
      S: p30 0.00 < 15; conf_mean 0.00 < 15
    reason: Pass: No suit meets thresholds. Best suit C has p30=14.00, conf_mean=15.22 below min_allowed=16 (current_high=0, raise_delta=+1). Failed checks for best suit: p30 14.00 < 15.
Pass (locked): Player 2 (min_allowed=16)
  bidding analysis:
    present_suits: D, C
    current_high=0  min_allowed=16  raise_delta=1
    overall: avg=11.00  p30=11.00  std=0.00
    suit_stats:
      D: pts=[11, 15, 20, 25, 16, 8 ...]  avg=13.12  p30=8.00  std=6.15
      C: pts=[11]  avg=11.00  p30=11.00  std=0.00
    failed_checks:
      D: p30 8.00 < 15; conf_mean 10.05 < 15
      C: p30 11.00 < 15; conf_mean 11.00 < 15
    reason: Pass: No suit meets thresholds. Best suit C has p30=11.00, conf_mean=11.00 below min_allowed=16 (current_high=0, raise_delta=+1). Failed checks for best suit: p30 11.00 < 15, conf_mean 11.00 < 15.
Pass (locked): Player 3 (min_allowed=16)
  bidding analysis:
    present_suits: H, D
    current_high=0  min_allowed=16  raise_delta=1
    overall: avg=13.17  p30=7.00  std=7.45
    failed_checks:
      H: p30 0.00 < 15; conf_mean 3.69 < 15
      D: p30 7.00 < 15; conf_mean 9.44 < 15
    reason: Pass: No suit meets thresholds. Best suit D has p30=7.00, conf_mean=9.44 below min_allowed=16 (current_high=0, raise_delta=+1). Failed checks for best suit: p30 7.00 < 15, conf_mean 9.44 < 15.
Forced bid: All players passed. Player 0 takes minimum bid 16.

AUCTION WINNER: Player 0 with bid 16; chooses trump S 
Details={'chosen': 'S', 'estimates': {'D': 23.0, 'S': 26.0}}
Player 0 hand :  ['10S', 'KD', '9D', 'JS', '8C', '10H', 'JD']
Player 1 hand :  ['JC', 'KC', 'QH', 'AS', 'KS', '10D', '7C', '9S']
Player 2 hand :  ['8D', '9C', 'AC', 'QD', 'KH', 'JH', '8S', '7S']
Player 3 hand :  ['7D', '9H', '7H', 'AH', 'AD', '8H', 'QC', '10C']
Player 0 (auction 4 cards): ['10S', 'KD', 'QS', '9D']
Player 1 (auction 4 cards): ['JC', 'KC', 'QH', 'AS']
Player 2 (auction 4 cards): ['8D', '9C', 'AC', 'QD']
Player 3 (auction 4 cards): ['7D', '9H', '7H', 'AH']
Auction winner (bidder): Player 0 with bid 16
Bidder sets concealed trump suit: S
Phase: concealed, bidder concealed card: QS

Player 0 plays KD
Player 1 plays 10D
Player 2 plays 8D
Player 3 plays 7D
Player 1 won the hand: 1 points

Player 1 plays JC
Player 2 plays 9C
Player 3 plays QC
Player 0 plays 8C
Player 1 won the hand: 5 points

Player 1 plays KC
Player 2 plays AC
Player 3 plays 10C
-- Phase 2 begins: Trump revealed as S by Player 0 on trick 3 --
Player 0 plays 10S
Player 0 won the hand: 3 points

Player 0 plays 9D
Player 1 plays QH
Player 2 plays QD
Player 3 plays AD
Player 0 won the hand: 3 points

Player 0 plays JS
Player 1 plays AS
Player 2 plays 8S
Player 3 plays 9H
Player 0 won the hand: 6 points

Player 0 plays 10H
Player 1 plays KS
Player 2 plays KH
Player 3 plays 7H
Player 1 won the hand: 1 points

Player 1 plays 7C
Player 2 plays JH
Player 3 plays AH
Player 0 plays JD
Player 1 won the hand: 7 points

Player 1 plays 9S
Player 2 plays 7S
Player 3 plays 8H
Player 0 plays QS
Player 1 won the hand: 2 points

Game 20 final points: Team A=12, Team B=16
Series cumulative game score so far: Team A=-3, Team B=0
Log saved to: c:\Users\laksh\Desktop\Projects\28bot\logs\game28\mcts_games\game_20_20250822_135310_861158.log
