
===== GAME 51 (20250822_082423_609343) =====

===== AUCTION =====
Bid: Player 0 proposes 19 (min_allowed=16)
  bidding analysis:
    present_suits: H, D, S
    current_high=0  min_allowed=16  raise_delta=1
    chosen_suit: D
    proposed_bid: 19
    overall: avg=19.88  p30=19.00  std=2.67
    suit_stats:
      D: pts=[19, 24, 17, 15, 21, 21 ...]  avg=19.88  p30=19.00  std=2.67
      H: pts=[]
      S: pts=[]
    reason: Bid: Suit D meets thresholds (p30=19.00, conf_mean=18.54 >= min_allowed=16); conservative mapping max(p30, avg-1) -> 19. (current_high=0, raise_delta=+1)
Pass (locked): Player 1 (min_allowed=20)
  bidding analysis:
    present_suits: H, C, S
    current_high=19  min_allowed=20  raise_delta=1
    overall: avg=18.38  p30=17.00  std=4.06
    failed_checks:
      C: p30 17.00 < 19; conf_mean 16.34 < 19
      S: p30 0.00 < 19; conf_mean 0.00 < 19
    reason: Pass: No suit meets thresholds. Best suit C has p30=17.00, conf_mean=16.34 below min_allowed=20 (current_high=19, raise_delta=+1). Failed checks for best suit: p30 17.00 < 19, conf_mean 16.34 < 19.
Pass (locked): Player 2 (min_allowed=20)
  bidding analysis:
    present_suits: H, D, S
    current_high=19  min_allowed=20  raise_delta=1
    overall: avg=0.00  p30=0.00  std=0.00
    failed_checks:
      H: p30 0.00 < 19; conf_mean 0.00 < 19
      D: p30 0.00 < 19; conf_mean 0.00 < 19
    reason: Pass: No suit meets thresholds. Best suit H has p30=0.00, conf_mean=0.00 below min_allowed=20 (current_high=19, raise_delta=+1). Failed checks for best suit: p30 0.00 < 19, conf_mean 0.00 < 19.
Pass (locked): Player 3 (min_allowed=20)
  bidding analysis:
    present_suits: H, C
    current_high=19  min_allowed=20  raise_delta=1
    overall: avg=16.00  p30=14.00  std=4.80
    suit_stats:
      C: pts=[7, 12, 14, 23, 16, 21 ...]  avg=16.00  p30=14.00  std=4.80
      H: pts=[]
    failed_checks:
      H: p30 0.00 < 19; conf_mean 0.00 < 19
      C: p30 14.00 < 19; conf_mean 13.60 < 19
    reason: Pass: No suit meets thresholds. Best suit C has p30=14.00, conf_mean=13.60 below min_allowed=20 (current_high=19, raise_delta=+1). Failed checks for best suit: p30 14.00 < 19, conf_mean 13.60 < 19.

AUCTION WINNER: Player 0 with bid 19; chooses trump D 
Details={'chosen': 'D', 'estimates': {'H': 24.0, 'S': 24.0, 'D': 26.0}}
Player 0 hand :  ['8D', 'QH', 'JS', 'KH', 'QC', 'KS', '10S']
Player 1 hand :  ['7S', 'JH', 'AS', '7C', '10H', 'KD', '10D', 'JC']
Player 2 hand :  ['AH', '7D', '8S', '9D', 'QD', '9H', 'QS', 'KC']
Player 3 hand :  ['AC', '10C', '7H', '8C', '8H', '9C', 'AD', '9S']
Player 0 (auction 4 cards): ['JD', '8D', 'QH', 'JS']
Player 1 (auction 4 cards): ['7S', 'JH', 'AS', '7C']
Player 2 (auction 4 cards): ['AH', '7D', '8S', '9D']
Player 3 (auction 4 cards): ['AC', '10C', '7H', '8C']
Auction winner (bidder): Player 0 with bid 19
Bidder sets concealed trump suit: D
Phase: concealed, bidder concealed card: JD

Player 0 plays QH
Player 1 plays JH
Player 2 plays AH
Player 3 plays 7H
Player 1 won the hand: 4 points

Player 1 plays 7S
Player 2 plays 8S
Player 3 plays 9S
Player 0 plays JS
Player 0 won the hand: 5 points

Player 0 plays KH
Player 1 plays 10H
Player 2 plays 9H
Player 3 plays 8H
Player 2 won the hand: 3 points

Player 2 plays 7D
Player 3 plays AD
Player 0 plays 8D
Player 1 plays KD
Player 3 won the hand: 1 points

Player 3 plays AC
Player 0 plays QC
Player 1 plays 7C
Player 2 plays KC
Player 3 won the hand: 1 points

Player 3 plays 10C
Player 0 plays KS
Player 1 plays JC
-- Phase 2 begins: Trump revealed as D by Player 2 on trick 6 --
Player 2 plays 9D
Player 2 won the hand: 6 points

Player 2 plays QD
Player 3 plays 8C
Player 0 plays JD
Player 1 plays 10D
Player 0 won the hand: 4 points

Player 0 plays 10S
Player 1 plays AS
Player 2 plays QS
Player 3 plays 9C
Player 1 won the hand: 4 points

Game 51 final points: Team A=18, Team B=10
Series cumulative game score so far: Team A=-5, Team B=-10
Log saved to: c:\Users\laksh\Desktop\Projects\28bot\logs\game28\mcts_games\game_51_20250822_082423_609343.log
