
===== GAME 73 (20250822_162633_888179) =====

===== AUCTION =====
Pass (locked): Player 0 (min_allowed=16)
  bidding analysis:
    present_suits: H, D, C
    current_high=0  min_allowed=16  raise_delta=1
    overall: avg=18.19  p30=14.00  std=4.46
    suit_stats:
      D: pts=[23, 13, 19, 23, 20, 23 ...]  avg=18.19  p30=14.00  std=4.46
      H: pts=[]
      C: pts=[]
    failed_checks:
      H: p30 0.00 < 15; conf_mean 0.00 < 15
      D: p30 14.00 < 15
      C: p30 0.00 < 15; conf_mean 0.00 < 15
    reason: Pass: No suit meets thresholds. Best suit D has p30=14.00, conf_mean=15.96 below min_allowed=16 (current_high=0, raise_delta=+1). Failed checks for best suit: p30 14.00 < 15.
Pass (locked): Player 1 (min_allowed=16)
  bidding analysis:
    present_suits: D, C, S
    current_high=0  min_allowed=16  raise_delta=1
    overall: avg=15.88  p30=11.00  std=5.69
    suit_stats:
      S: pts=[25, 10, 11, 18, 16, 20 ...]  avg=15.88  p30=11.00  std=5.69
      D: pts=[]
      C: pts=[]
    failed_checks:
      D: p30 0.00 < 15; conf_mean 0.00 < 15
      C: p30 0.00 < 15; conf_mean 0.00 < 15
      S: p30 11.00 < 15; conf_mean 13.03 < 15
    reason: Pass: No suit meets thresholds. Best suit S has p30=11.00, conf_mean=13.03 below min_allowed=16 (current_high=0, raise_delta=+1). Failed checks for best suit: p30 11.00 < 15, conf_mean 13.03 < 15.
Pass (locked): Player 2 (min_allowed=16)
  bidding analysis:
    present_suits: H, C, S
    current_high=0  min_allowed=16  raise_delta=1
    overall: avg=14.75  p30=12.00  std=3.83
    failed_checks:
      H: p30 0.00 < 15; conf_mean 0.00 < 15
      C: p30 12.00 < 15; conf_mean 12.83 < 15
      S: p30 0.00 < 15; conf_mean 0.00 < 15
    reason: Pass: No suit meets thresholds. Best suit C has p30=12.00, conf_mean=12.83 below min_allowed=16 (current_high=0, raise_delta=+1). Failed checks for best suit: p30 12.00 < 15, conf_mean 12.83 < 15.
Bid: Player 3 proposes 17 (min_allowed=16)
  bidding analysis:
    present_suits: D, C, S
    current_high=0  min_allowed=16  raise_delta=1
    chosen_suit: S
    proposed_bid: 17
    overall: avg=18.75  p30=17.00  std=5.49
    reason: Bid (precomputed): Suit S meets thresholds (p30=17.00, conf_mean=16.00 >= min_allowed=16); conservative mapping max(p30, avg-1) -> 17. (current_high=0, raise_delta=+1)

AUCTION WINNER: Player 3 with bid 17; chooses trump S 
Details={'chosen': 'S', 'estimates': {'D': 0.0, 'S': 18.75, 'C': 13.333333333333334}}
Player 0 hand :  ['JD', 'QD', 'JC', '7H', '7S', '7D', '10H', '8D']
Player 1 hand :  ['10C', 'AS', '10D', '8S', '9H', 'JH', '8H', 'QH']
Player 2 hand :  ['KH', '10S', 'QC', 'KC', '8C', 'AH', 'KS', 'KD']
Player 3 hand :  ['AD', '9S', 'AC', '9D', '7C', 'JS', '9C']
Player 0 (auction 4 cards): ['JD', 'QD', 'JC', '7H']
Player 1 (auction 4 cards): ['10C', 'AS', '10D', '8S']
Player 2 (auction 4 cards): ['KH', '10S', 'QC', 'KC']
Player 3 (auction 4 cards): ['AD', '9S', 'QS', 'AC']
Auction winner (bidder): Player 3 with bid 17
Bidder sets concealed trump suit: S
Phase: concealed, bidder concealed card: QS

Player 0 plays JD
Player 1 plays 10D
Player 2 plays KD
Player 3 plays AD
Player 0 won the hand: 5 points

Player 0 plays QD
Player 1 plays 10C
Player 2 plays KH
Player 3 plays 9D
Player 3 won the hand: 3 points

Player 3 plays AC
Player 0 plays JC
-- Phase 2 begins: Trump revealed as S by Player 1 on trick 3 --
Player 1 plays AS
Player 2 plays QC
Player 1 won the hand: 5 points

Player 1 plays 8S
Player 2 plays 10S
Player 3 plays 9S
Player 0 plays 7S
Player 3 won the hand: 3 points

Player 3 plays 7C
Player 0 plays 7H
Player 1 plays 9H
Player 2 plays KC
Player 2 won the hand: 2 points

Player 2 plays 8C
Player 3 plays 9C
Player 0 plays 7D
Player 1 plays JH
Player 3 won the hand: 5 points

Player 3 plays JS
Player 0 plays 10H
Player 1 plays 8H
Player 2 plays KS
Player 3 won the hand: 4 points

Player 3 plays QS
Player 0 plays 8D
Player 1 plays QH
Player 2 plays AH
Player 3 won the hand: 1 points

Game 73 final points: Team A=7, Team B=21
Series cumulative game score so far: Team A=-6, Team B=1
Log saved to: c:\Users\laksh\Desktop\Projects\28bot\logs\game28\mcts_games\game_73_20250822_162633_888179.log
