
===== GAME 7 (20250823_172243_743951) =====

===== AUCTION =====
Pass (locked): Player 0 (min_allowed=16)
  bidding analysis:
    present_suits: H, D, S
    current_high=0  min_allowed=16  raise_delta=1
    overall: avg=17.75  p30=14.00  std=6.38
    failed_checks:
      D: p30 0.00 < 15; conf_mean 0.00 < 15
      S: p30 14.00 < 15; conf_mean 14.56 < 15
    reason: Pass: No suit meets thresholds. Best suit S has p30=14.00, conf_mean=14.56 below min_allowed=16 (current_high=0, raise_delta=+1). Failed checks for best suit: p30 14.00 < 15, conf_mean 14.56 < 15.
Bid: Player 1 proposes 18 (min_allowed=16)
  bidding analysis:
    present_suits: H, D, S
    current_high=0  min_allowed=16  raise_delta=1
    chosen_suit: S
    proposed_bid: 18
    overall: avg=19.81  p30=16.00  std=5.50
    suit_stats:
      S: pts=[18, 28, 26, 25, 11, 13 ...]  avg=19.81  p30=16.00  std=5.50
      H: pts=[]
      D: pts=[]
    reason: Bid: Suit S meets thresholds (p30=16.00, conf_mean=17.06 >= min_allowed=16); conservative mapping max(p30, avg-1) -> 18. (current_high=0, raise_delta=+1)
Pass (locked): Player 2 (min_allowed=19)
  bidding analysis:
    present_suits: H, C
    current_high=18  min_allowed=19  raise_delta=1
    overall: avg=17.12  p30=15.00  std=4.74
    suit_stats:
      H: pts=[13, 17, 16, 13, 24, 18 ...]  avg=17.12  p30=15.00  std=4.74
      C: pts=[7]  avg=7.00  p30=7.00  std=0.00
    failed_checks:
      H: p30 15.00 < 18; conf_mean 14.75 < 18
      C: p30 7.00 < 18; conf_mean 7.00 < 18
    reason: Pass: No suit meets thresholds. Best suit H has p30=15.00, conf_mean=14.75 below min_allowed=19 (current_high=18, raise_delta=+1). Failed checks for best suit: p30 15.00 < 18, conf_mean 14.75 < 18.
Pass (locked): Player 3 (min_allowed=19)
  bidding analysis:
    present_suits: H, D, C
    current_high=18  min_allowed=19  raise_delta=1
    overall: avg=14.75  p30=12.00  std=3.83
    failed_checks:
      H: p30 0.00 < 18; conf_mean 0.00 < 18
      C: p30 12.00 < 18; conf_mean 12.83 < 18
    reason: Pass: No suit meets thresholds. Best suit C has p30=12.00, conf_mean=12.83 below min_allowed=19 (current_high=18, raise_delta=+1). Failed checks for best suit: p30 12.00 < 18, conf_mean 12.83 < 18.

AUCTION WINNER: Player 1 with bid 18; chooses trump S 
Details={'chosen': 'S', 'estimates': {'D': 25.0, 'S': 26.0, 'H': 19.0}}
Player 0 hand :  ['8S', 'QH', '8H', '9D', '10C', 'KH', '7C', '7D']
Player 1 hand :  ['JS', 'JD', '9H', '9S', '7S', '10D', '8C']
Player 2 hand :  ['JC', 'QC', 'AH', '7H', 'AS', 'AC', '10S', '9C']
Player 3 hand :  ['10H', 'QD', 'KC', 'KD', 'AD', 'JH', 'QS', '8D']
Player 0 (auction 4 cards): ['8S', 'QH', '8H', '9D']
Player 1 (auction 4 cards): ['JS', 'KS', 'JD', '9H']
Player 2 (auction 4 cards): ['JC', 'QC', 'AH', '7H']
Player 3 (auction 4 cards): ['10H', 'QD', 'KC', 'KD']
Auction winner (bidder): Player 1 with bid 18
Bidder sets concealed trump suit: S
Phase: concealed, bidder concealed card: KS

Player 0 plays 8S
Player 1 plays JS
Player 2 plays AS
Player 3 plays QS
Player 1 won the hand: 4 points

Player 1 plays JD
Player 2 plays JC
Player 3 plays QD
Player 0 plays 9D
Player 1 won the hand: 8 points

Player 1 plays 9H
Player 2 plays AH
Player 3 plays 10H
Player 0 plays QH
Player 1 won the hand: 4 points

Player 1 plays 10D
Player 2 plays QC
Player 3 plays KD
Player 0 plays 7D
Player 1 won the hand: 1 points

Player 1 plays 8C
Player 2 plays AC
Player 3 plays KC
Player 0 plays 10C
Player 2 won the hand: 2 points

Player 2 plays 7H
Player 3 plays JH
Player 0 plays 8H
-- Phase 2 begins: Trump revealed as S by Player 1 on trick 6 --
Player 1 plays 9S
Player 1 won the hand: 5 points

Player 1 plays 7S
Player 2 plays 10S
Player 3 plays AD
Player 0 plays KH
Player 2 won the hand: 2 points

Player 2 plays 9C
Player 3 plays 8D
Player 0 plays 7C
Player 1 plays KS
Player 1 won the hand: 2 points

Game 7 final points: Team A=4, Team B=24
Series cumulative game score so far: Team A=-2, Team B=1
Log saved to: c:\Users\laksh\Desktop\Projects\28bot\logs\game28\mcts_games\game_7_20250823_172243_743951.log
