
===== GAME 7 (20250820_170904_877642) =====

===== AUCTION =====
Pass (locked): Player 0 (min_allowed=16)
  bidding analysis:
    present_suits: H, C
    current_high=0  min_allowed=16  raise_delta=1
    overall: avg=18.25  p30=17.00  std=6.91
    suit_stats:
      C: pts=[17, 8, 21, 27]  avg=18.25  p30=17.00  std=6.91
      H: pts=[]
    failed_checks:
      H: p30 0.00 < 15; conf_mean 0.00 < 15
      C: conf_mean 14.80 < 15
    reason: Pass: No suit meets thresholds. Best suit C has p30=17.00, conf_mean=14.80 below min_allowed=16 (current_high=0, raise_delta=+1). Failed checks for best suit: conf_mean 14.80 < 15.
Pass (locked): Player 1 (min_allowed=16)
  bidding analysis:
    present_suits: H, D, C, S
    current_high=0  min_allowed=16  raise_delta=1
    overall: avg=14.17  p30=9.00  std=8.05
    suit_stats:
      D: pts=[11, 3, 8, 13, 12, 21]  avg=11.33  p30=8.00  std=5.44
      S: pts=[9, 0, 14, 22, 24, 16]  avg=14.17  p30=9.00  std=8.05
      C: pts=[19, 13, 12, 6, 8, 23]  avg=13.50  p30=8.00  std=5.91
      H: pts=[15, 9, 11, 16, 7, 23]  avg=13.50  p30=9.00  std=5.28
    failed_checks:
      H: p30 9.00 < 15; conf_mean 10.86 < 15
      D: p30 8.00 < 15; conf_mean 8.62 < 15
      C: p30 8.00 < 15; conf_mean 10.55 < 15
      S: p30 9.00 < 15; conf_mean 10.14 < 15
    reason: Pass: No suit meets thresholds. Best suit S has p30=9.00, conf_mean=10.14 below min_allowed=16 (current_high=0, raise_delta=+1). Failed checks for best suit: p30 9.00 < 15, conf_mean 10.14 < 15.
Pass (locked): Player 2 (min_allowed=16)
  bidding analysis:
    present_suits: D, S
    current_high=0  min_allowed=16  raise_delta=1
    overall: avg=16.25  p30=18.00  std=4.26
    suit_stats:
      D: pts=[20, 18, 18, 9]  avg=16.25  p30=18.00  std=4.26
      S: pts=[]
    failed_checks:
      D: conf_mean 14.12 < 15
      S: p30 0.00 < 15; conf_mean 0.00 < 15
    reason: Pass: No suit meets thresholds. Best suit D has p30=18.00, conf_mean=14.12 below min_allowed=16 (current_high=0, raise_delta=+1). Failed checks for best suit: conf_mean 14.12 < 15.
Pass (locked): Player 3 (min_allowed=16)
  bidding analysis:
    present_suits: H, D, C, S
    current_high=0  min_allowed=16  raise_delta=1
    overall: avg=18.17  p30=14.00  std=6.12
    failed_checks:
      H: p30 0.00 < 15; conf_mean 1.25 < 15
      D: p30 6.00 < 15; conf_mean 7.60 < 15
      C: p30 14.00 < 15
      S: p30 0.00 < 15; conf_mean 0.75 < 15
    reason: Pass: No suit meets thresholds. Best suit C has p30=14.00, conf_mean=15.11 below min_allowed=16 (current_high=0, raise_delta=+1). Failed checks for best suit: p30 14.00 < 15.
Forced bid: All players passed. Player 0 takes minimum bid 16.

AUCTION WINNER: Player 0 with bid 16; chooses trump H 
Details={'chosen': 'H', 'estimates': {'C': 19.0, 'H': 19.833333333333332}}
Player 0 hand :  ['AC', 'JC', '8C', 'KS', 'JD', '9H', 'QC']
Player 1 hand :  ['10D', 'QH', 'JS', '10C', '7D', '10S', 'KC', 'KH']
Player 2 hand :  ['QD', 'AD', 'KD', 'QS', 'JH', '10H', 'AS', '7S']
Player 3 hand :  ['8D', '9S', '7H', '7C', '9C', '8H', '9D', '8S']
Player 0 (auction 4 cards): ['AC', 'JC', '8C', 'AH']
Player 1 (auction 4 cards): ['10D', 'QH', 'JS', '10C']
Player 2 (auction 4 cards): ['QD', 'AD', 'KD', 'QS']
Player 3 (auction 4 cards): ['8D', '9S', '7H', '7C']
Auction winner (bidder): Player 0 with bid 16
Bidder sets concealed trump suit: H
Phase: concealed, bidder concealed card: AH

Player 0 plays AC
Player 1 plays 10C
Player 2 plays QD
Player 3 plays 7C
Player 0 won the hand: 2 points

Player 0 plays JC
Player 1 plays KC
Player 2 plays AD
Player 3 plays 9C
Player 0 won the hand: 6 points

Player 0 plays 8C
Player 1 plays 10D
Player 2 plays KD
Player 3 plays 8D
Player 0 won the hand: 1 points

Player 0 plays KS
Player 1 plays JS
Player 2 plays QS
Player 3 plays 9S
Player 1 won the hand: 5 points

Player 1 plays QH
Player 2 plays JH
Player 3 plays 7H
Player 0 plays 9H
Player 2 won the hand: 5 points

Player 2 plays 10H
Player 3 plays 8H
Player 0 plays JD
Player 1 plays KH
Player 2 won the hand: 4 points

Player 2 plays AS
Player 3 plays 8S
Player 0 plays QC
Player 1 plays 10S
Player 2 won the hand: 2 points

Player 2 plays 7S
Player 3 plays 9D
