
===== GAME 110 (20250823_120109_080483) =====

===== AUCTION =====
Bid: Player 0 proposes 24 (min_allowed=16)
  bidding analysis:
    present_suits: H, D, C, S
    current_high=0  min_allowed=16  raise_delta=1
    chosen_suit: S
    proposed_bid: 24
    overall: avg=24.00  p30=24.00  std=0.00
    reason: Bid (precomputed): Suit S meets thresholds (p30=24.00, conf_mean=24.00 >= min_allowed=16); conservative mapping max(p30, avg-1) -> 24. (current_high=0, raise_delta=+1)
Pass (locked): Player 1 (min_allowed=25)
  bidding analysis:
    present_suits: D, C
    current_high=24  min_allowed=25  raise_delta=1
    overall: avg=10.19  p30=6.00  std=4.99
    suit_stats:
      D: pts=[10, 13, 2, 15, 11, 8 ...]  avg=10.19  p30=6.00  std=4.99
      C: pts=[5]  avg=5.00  p30=5.00  std=0.00
    failed_checks:
      D: p30 6.00 < 24; conf_mean 7.69 < 24
      C: p30 5.00 < 24; conf_mean 5.00 < 24
    reason: Pass: No suit meets thresholds. Best suit D has p30=6.00, conf_mean=7.69 below min_allowed=25 (current_high=24, raise_delta=+1). Failed checks for best suit: p30 6.00 < 24, conf_mean 7.69 < 24.
Pass (locked): Player 2 (min_allowed=25)
  bidding analysis:
    present_suits: D, S
    current_high=24  min_allowed=25  raise_delta=1
    overall: avg=18.00  p30=18.00  std=0.00
    failed_checks:
      S: p30 18.00 < 24; conf_mean 18.00 < 24
    reason: Pass: No suit meets thresholds. Best suit S has p30=18.00, conf_mean=18.00 below min_allowed=25 (current_high=24, raise_delta=+1). Failed checks for best suit: p30 18.00 < 24, conf_mean 18.00 < 24.
Pass (locked): Player 3 (min_allowed=25)
  bidding analysis:
    present_suits: H, C, S
    current_high=24  min_allowed=25  raise_delta=1
    overall: avg=11.75  p30=11.00  std=4.79
    failed_checks:
      H: p30 0.00 < 24; conf_mean 0.00 < 24
      S: p30 11.00 < 24; conf_mean 9.36 < 24
    reason: Pass: No suit meets thresholds. Best suit S has p30=11.00, conf_mean=9.36 below min_allowed=25 (current_high=24, raise_delta=+1). Failed checks for best suit: p30 11.00 < 24, conf_mean 9.36 < 24.

AUCTION WINNER: Player 0 with bid 24; chooses trump S 
Details={'chosen': 'S', 'estimates': {'H': 13.0, 'D': 15.0, 'C': 17.0, 'S': 24.0}}
Player 0 hand :  ['9H', '8C', 'AD', 'KD', 'QH', 'AH', '7H']
Player 1 hand :  ['10C', 'AC', 'QD', '7D', 'KC', 'JC', 'QS', 'JH']
Player 2 hand :  ['7S', '8D', 'JD', '9S', 'JS', '8H', '9C', '7C']
Player 3 hand :  ['8S', '10S', 'QC', '10H', 'KH', '10D', '9D', 'AS']
Player 0 (auction 4 cards): ['9H', '8C', 'KS', 'AD']
Player 1 (auction 4 cards): ['10C', 'AC', 'QD', '7D']
Player 2 (auction 4 cards): ['7S', '8D', 'JD', '9S']
Player 3 (auction 4 cards): ['8S', '10S', 'QC', '10H']
Auction winner (bidder): Player 0 with bid 24
Bidder sets concealed trump suit: S
Phase: concealed, bidder concealed card: KS

Player 0 plays 9H
Player 1 plays JH
Player 2 plays 8H
Player 3 plays 10H
Player 1 won the hand: 6 points

Player 1 plays 10C
Player 2 plays 9C
Player 3 plays QC
Player 0 plays 8C
Player 2 won the hand: 3 points

Player 2 plays 7S
Player 3 plays 8S
Player 0 plays AD
Player 1 plays QS
Player 1 won the hand: 1 points

Player 1 plays AC
Player 2 plays 7C
-- Phase 2 begins: Trump revealed as S by Player 3 on trick 4 --
Player 3 plays 10S
Player 0 plays KD
Player 3 won the hand: 2 points

Player 3 plays KH
Player 0 plays QH
Player 1 plays QD
Player 2 plays 8D
Player 3 won the hand: 0 points

Player 3 plays 10D
Player 0 plays AH
Player 1 plays 7D
Player 2 plays JD
Player 2 won the hand: 5 points

Player 2 plays 9S
Player 3 plays AS
Player 0 plays KS
Player 1 plays KC
Player 2 won the hand: 3 points

Player 2 plays JS
Player 3 plays 9D
Player 0 plays 7H
Player 1 plays JC
Player 2 won the hand: 8 points

Game 110 final points: Team A=19, Team B=9
Series cumulative game score so far: Team A=-12, Team B=-1
Log saved to: c:\Users\laksh\Desktop\Projects\28bot\logs\game28\mcts_games\game_110_20250823_120109_080483.log
