
===== GAME 7 (20250819_151502_144008) =====

===== AUCTION =====
Bid: Player 0 proposes 21 (min_allowed=16)
  bidding analysis:
    present_suits: H, D, C, S
    current_high=0  min_allowed=16  raise_delta=1
    chosen_suit: D
    proposed_bid: 21
    overall: avg=19.25  p30=21.00  std=6.94
    suit_stats:
      H: pts=[24, 14, 0, 25]  avg=15.75  p30=14.00  std=10.06
      D: pts=[27, 21, 21, 8]  avg=19.25  p30=21.00  std=6.94
      C: pts=[15, 0, 7, 28]  avg=12.50  p30=7.00  std=10.40
      S: pts=[0, 0, 15, 26]  avg=10.25  p30=0.00  std=10.96
    reason: Bid: Suit D meets thresholds (p30=21.00, conf_mean=15.78 >= min_allowed=16); conservative mapping max(p30, avg-1) -> 21. (current_high=0, raise_delta=+1)
Pass (locked): Player 1 (min_allowed=22)
  bidding analysis:
    present_suits: H, C, S
    current_high=21  min_allowed=22  raise_delta=1
    overall: avg=16.25  p30=15.00  std=1.92
    suit_stats:
      H: pts=[14, 15, 17, 19]  avg=16.25  p30=15.00  std=1.92
      C: pts=[8, 17, 8, 23]  avg=14.00  p30=8.00  std=6.36
      S: pts=[0, 0, 2, 0]  avg=0.50  p30=0.00  std=0.87
    failed_checks:
      H: p30 15.00 < 21; conf_mean 15.29 < 21
      C: p30 8.00 < 21; conf_mean 10.82 < 21
      S: p30 0.00 < 21; conf_mean 0.07 < 21
    reason: Pass: No suit meets thresholds. Best suit H has p30=15.00, conf_mean=15.29 below min_allowed=22 (current_high=21, raise_delta=+1). Failed checks for best suit: p30 15.00 < 21, conf_mean 15.29 < 21.
Pass (locked): Player 2 (min_allowed=22)
  bidding analysis:
    present_suits: H, D, C
    current_high=21  min_allowed=22  raise_delta=1
    overall: avg=11.00  p30=8.00  std=8.66
    suit_stats:
      H: pts=[24, 12, 0, 8]  avg=11.00  p30=8.00  std=8.66
      D: pts=[0, 0, 16, 21]  avg=9.25  p30=0.00  std=9.42
      C: pts=[0, 17, 0, 13]  avg=7.50  p30=0.00  std=7.63
    failed_checks:
      H: p30 8.00 < 21; conf_mean 6.67 < 21
      D: p30 0.00 < 21; conf_mean 4.54 < 21
      C: p30 0.00 < 21; conf_mean 3.68 < 21
    reason: Pass: No suit meets thresholds. Best suit H has p30=8.00, conf_mean=6.67 below min_allowed=22 (current_high=21, raise_delta=+1). Failed checks for best suit: p30 8.00 < 21, conf_mean 6.67 < 21.
Pass (locked): Player 3 (min_allowed=22)
  bidding analysis:
    present_suits: D, C, S
    current_high=21  min_allowed=22  raise_delta=1
    overall: avg=13.00  p30=8.00  std=7.91
    suit_stats:
      D: pts=[3, 23, 18, 8]  avg=13.00  p30=8.00  std=7.91
      C: pts=[2, 13, 19, 7]  avg=10.25  p30=7.00  std=6.38
      S: pts=[0, 0, 18, 19]  avg=9.25  p30=0.00  std=9.26
    failed_checks:
      D: p30 8.00 < 21; conf_mean 9.05 < 21
      C: p30 7.00 < 21; conf_mean 7.06 < 21
      S: p30 0.00 < 21; conf_mean 4.62 < 21
    reason: Pass: No suit meets thresholds. Best suit D has p30=8.00, conf_mean=9.05 below min_allowed=22 (current_high=21, raise_delta=+1). Failed checks for best suit: p30 8.00 < 21, conf_mean 9.05 < 21.

AUCTION WINNER: Player 0 with bid 21; chooses trump C 
Details={'chosen': 'C', 'estimates': {'H': 3, 'D': 7, 'C': 9, 'S': 9}}
Player 0 hand :  ['KH', 'JS', '9D', '7H', 'JD', '8S', '8H']
Player 1 hand :  ['AC', '7S', 'QC', 'AH', 'QH', '8C', 'QS', '7D']
Player 2 hand :  ['7C', 'KC', '8D', '9H', 'AS', '10S', '10D', '10C']
Player 3 hand :  ['QD', 'AD', 'KS', '9C', 'JH', '10H', '9S', 'KD']
Player 0 (auction 4 cards): ['KH', 'JS', '9D', 'JC']
Player 1 (auction 4 cards): ['AC', '7S', 'QC', 'AH']
Player 2 (auction 4 cards): ['7C', 'KC', '8D', '9H']
Player 3 (auction 4 cards): ['QD', 'AD', 'KS', '9C']
Auction winner (bidder): Player 0 with bid 21
Bidder sets concealed trump suit: C
Phase: concealed, bidder concealed card: JC

Player 0 plays KH
Player 1 plays AH
Player 2 plays 9H
Player 3 plays JH
Player 3 won the hand: 6 points

Player 3 plays QD
Player 0 plays 9D
Player 1 plays 7D
Player 2 plays 8D
Player 0 won the hand: 2 points

Player 0 plays JS
Player 1 plays 7S
Player 2 plays AS
Player 3 plays KS
Player 0 won the hand: 4 points

Player 0 plays 7H
Player 1 plays QH
-- Phase 2 begins: Trump revealed as C by Player 2 on trick 4 --
Player 2 plays 7C
Player 3 plays 10H
Player 2 won the hand: 1 points

Player 2 plays KC
Player 3 plays 9C
Player 0 plays JC
Player 1 plays AC
Player 0 won the hand: 6 points

Player 0 plays JD
Player 1 plays QC
Player 2 plays 10D
Player 3 plays AD
Player 1 won the hand: 5 points

Player 1 plays 8C
Player 2 plays 10C
Player 3 plays 9S
Player 0 plays 8S
Player 2 won the hand: 3 points

Player 2 plays 10S
Player 3 plays KD
Player 0 plays 8H
Player 1 plays QS
Player 2 won the hand: 1 points

Game 7 final points: Team A=17, Team B=11
Series cumulative game score so far: Team A=0, Team B=1
Log saved to: c:\Users\laksh\Desktop\Projects\28bot\logs\game28\mcts_games\game_7_20250819_151502_144008.log
