
===== GAME 4 (20250819_122740_596526) =====
Bid: Player 0 proposes 18 (min_allowed=16) – suit_scores={'D': [10, 11, 12, 28], 'C': [16, 28, 25, 0]} chosen=C p30=0 avg=17.25
Bid: Player 1 proposes 20 (min_allowed=19) – suit_scores={'H': [0, 7, 20, 14], 'S': [17, 22, 19, 20]} chosen=S p30=17 avg=19.5
Pass: Player 2 (min_allowed=21) – analysis={'present_suits': ['H', 'D', 'C'], 'suit_to_points': {'H': [0, 13, 18, 10], 'D': [0, 11, 0, 0], 'C': [27, 12, 5, 6]}, 'chosen_suit': 'C', 'avg_points': 12.5, 'p30_points': 5, 'proposed': None, 'current_high': 20}
Pass: Player 3 (min_allowed=21) – analysis={'present_suits': ['H', 'C', 'S'], 'suit_to_points': {'H': [0, 17, 0, 0], 'C': [14, 8, 0, 0], 'S': [18, 14, 27, 22]}, 'chosen_suit': 'S', 'avg_points': 20.25, 'p30_points': 14, 'proposed': None, 'current_high': 20}
Pass: Player 0 (min_allowed=21) – analysis={'present_suits': ['D', 'C'], 'suit_to_points': {'D': [5, 10, 24, 6], 'C': [14, 24, 20, 18]}, 'chosen_suit': 'C', 'avg_points': 19.0, 'p30_points': 14, 'proposed': None, 'current_high': 20}
Auction winner: Player 1 with bid 20; chooses trump S – details={'chosen': 'S', 'estimates': {'H': 3, 'S': 9}}
Player 0 hand :  ['9D', 'KC', 'AC', 'JC', 'AH', 'QH', '7D', 'JH']
Player 1 hand :  ['KH', '7S', '8S', '9H', '10S', '8C', '10D']
Player 2 hand :  ['8H', '10C', '8D', 'QC', 'QS', '10H', 'QD', 'AD']
Player 3 hand :  ['JS', '7H', '7C', '9S', 'JD', '9C', 'AS', 'KD']
Player 0 (auction 4 cards): ['9D', 'KC', 'AC', 'JC']
Player 1 (auction 4 cards): ['KH', '7S', 'KS', '8S']
Player 2 (auction 4 cards): ['8H', '10C', '8D', 'QC']
Player 3 (auction 4 cards): ['JS', '7H', '7C', '9S']
Auction winner (bidder): Player 1 with bid 20
Bidder sets concealed trump suit: S
Phase: concealed, bidder concealed card: KS

Player 0 plays 9D
Player 1 plays 10D
Player 2 plays 8D
Player 3 plays JD
Player 3 won the hand: 6 points

Player 3 plays 7H
Player 0 plays QH
Player 1 plays KH
Player 2 plays 8H
Player 1 won the hand: 0 points

Player 1 plays 9H
Player 2 plays 10H
Player 3 plays 7C
Player 0 plays JH
Player 0 won the hand: 6 points

Player 0 plays JC
Player 1 plays 8C
Player 2 plays 10C
Player 3 plays 9C
Player 0 won the hand: 6 points

Player 0 plays KC
-- Phase 2 begins: Trump revealed as S by Player 1 on trick 5 --
Player 1 plays 7S
Player 2 plays QC
Player 3 plays JS
Player 3 won the hand: 3 points

Player 3 plays 9S
Player 0 plays AC
Player 1 plays 8S
Player 2 plays QS
Player 3 won the hand: 3 points

Player 3 plays AS
Player 0 plays AH
Player 1 plays 10S
Player 2 plays QD
Player 3 won the hand: 3 points

Player 3 plays KD
Player 0 plays 7D
Player 1 plays KS
Player 2 plays AD
Player 1 won the hand: 1 points

Game 4 final points: Team A=12, Team B=16
Series cumulative game score so far: Team A=2, Team B=-2
Log saved to: c:\Users\laksh\Desktop\Projects\28bot\logs\game28\mcts_games\game_4_20250819_122740_596526.log
