
===== GAME 9 (20250820_232125_709843) =====

===== AUCTION =====
Bid: Player 0 proposes 18 (min_allowed=16)
  bidding analysis:
    present_suits: C, S
    current_high=0  min_allowed=16  raise_delta=1
    chosen_suit: S
    proposed_bid: 18
    overall: avg=19.50  p30=16.00  std=3.50
    reason: Bid (precomputed): Suit S meets thresholds (p30=16.00, conf_mean=17.75 >= min_allowed=16); conservative mapping max(p30, avg-1) -> 18. (current_high=0, raise_delta=+1)
Pass (locked): Player 1 (min_allowed=19)
  bidding analysis:
    present_suits: H, D, C
    current_high=18  min_allowed=19  raise_delta=1
    overall: avg=12.62  p30=8.00  std=5.10
    suit_stats:
      H: pts=[16, 17, 4, 19, 17, 8 ...]  avg=12.62  p30=8.00  std=5.10
      D: pts=[]
      C: pts=[]
    failed_checks:
      H: p30 8.00 < 18; conf_mean 10.08 < 18
      D: p30 0.00 < 18; conf_mean 0.00 < 18
      C: p30 0.00 < 18; conf_mean 0.00 < 18
    reason: Pass: No suit meets thresholds. Best suit H has p30=8.00, conf_mean=10.08 below min_allowed=19 (current_high=18, raise_delta=+1). Failed checks for best suit: p30 8.00 < 18, conf_mean 10.08 < 18.
Bid: Player 2 proposes 21 (min_allowed=19)
  bidding analysis:
    present_suits: H, D
    current_high=18  min_allowed=19  raise_delta=1
    chosen_suit: H
    proposed_bid: 21
    overall: avg=21.00  p30=21.00  std=0.00
    suit_stats:
      D: pts=[6, 17, 6, 20, 16, 23 ...]  avg=13.50  p30=6.00  std=6.95
      H: pts=[21]  avg=21.00  p30=21.00  std=0.00
    reason: Bid: Suit H meets thresholds (p30=21.00, conf_mean=21.00 >= min_allowed=19); conservative mapping max(p30, avg-1) -> 21. (current_high=18, raise_delta=+1)
Pass (locked): Player 3 (min_allowed=22)
  bidding analysis:
    present_suits: H, D, S
    current_high=21  min_allowed=22  raise_delta=1
    overall: avg=15.62  p30=11.00  std=5.85
    suit_stats:
      S: pts=[12, 11, 24, 24, 10, 21 ...]  avg=15.62  p30=11.00  std=5.85
      H: pts=[]
      D: pts=[]
    failed_checks:
      H: p30 0.00 < 21; conf_mean 0.00 < 21
      D: p30 0.00 < 21; conf_mean 0.00 < 21
      S: p30 11.00 < 21; conf_mean 12.70 < 21
    reason: Pass: No suit meets thresholds. Best suit S has p30=11.00, conf_mean=12.70 below min_allowed=22 (current_high=21, raise_delta=+1). Failed checks for best suit: p30 11.00 < 21, conf_mean 12.70 < 21.
Pass (locked): Player 0 (min_allowed=22)
  bidding analysis:
    present_suits: C, S
    current_high=21  min_allowed=22  raise_delta=1
    overall: avg=19.50  p30=16.00  std=3.50
    failed_checks:
      C: p30 11.00 < 21; conf_mean 7.92 < 21
      S: p30 16.00 < 21; conf_mean 17.75 < 21
    reason: Pass: No suit meets thresholds. Best suit S has p30=16.00, conf_mean=17.75 below min_allowed=22 (current_high=21, raise_delta=+1). Failed checks for best suit: p30 16.00 < 21, conf_mean 17.75 < 21.

AUCTION WINNER: Player 2 with bid 21; chooses trump H 
Details={'chosen': 'H', 'estimates': {'H': 20.0, 'D': 1.0}}
Player 0 hand :  ['QS', '8S', 'JC', 'AC', '8C', '9S', 'KH', 'QC']
Player 1 hand :  ['QD', '10H', '10C', '9H', 'KC', '7S', '10S', '7D']
Player 2 hand :  ['AD', '8D', '7H', '7C', '10D', 'JD', 'JH']
Player 3 hand :  ['AH', 'JS', 'KS', '9D', 'KD', '9C', 'AS', 'QH']
Player 0 (auction 4 cards): ['QS', '8S', 'JC', 'AC']
Player 1 (auction 4 cards): ['QD', '10H', '10C', '9H']
Player 2 (auction 4 cards): ['AD', '8D', '8H', '7H']
Player 3 (auction 4 cards): ['AH', 'JS', 'KS', '9D']
Auction winner (bidder): Player 2 with bid 21
Bidder sets concealed trump suit: H
Phase: concealed, bidder concealed card: 8H

Player 0 plays QS
Player 1 plays 7S
Player 2 plays AD
Player 3 plays JS
Player 3 won the hand: 4 points

Player 3 plays AH
Player 0 plays KH
Player 1 plays 10H
Player 2 plays 7H
Player 3 won the hand: 2 points

Player 3 plays KS
Player 0 plays 8S
Player 1 plays 10S
Player 2 plays 8D
Player 1 won the hand: 1 points

Player 1 plays QD
Player 2 plays 10D
Player 3 plays 9D
Player 0 plays JC
Player 3 won the hand: 6 points

Player 3 plays KD
Player 0 plays AC
Player 1 plays 7D
Player 2 plays JD
Player 2 won the hand: 4 points

Player 2 plays 7C
Player 3 plays 9C
Player 0 plays 8C
Player 1 plays 10C
Player 3 won the hand: 3 points

Player 3 plays AS
Player 0 plays 9S
-- Phase 2 begins: Trump revealed as H by Player 1 on trick 7 --
Player 1 plays 9H
Player 2 plays JH
Player 2 won the hand: 8 points

Player 2 plays 8H
Player 3 plays QH
Player 0 plays QC
Player 1 plays KC
Player 3 won the hand: 0 points

Game 9 final points: Team A=12, Team B=16
Series cumulative game score so far: Team A=-5, Team B=2
Log saved to: c:\Users\laksh\Desktop\Projects\28bot\logs\game28\mcts_games\game_9_20250820_232125_709843.log
