
===== GAME 45 (20250822_143934_703483) =====

===== AUCTION =====
Pass (locked): Player 0 (min_allowed=16)
  bidding analysis:
    present_suits: D, C, S
    current_high=0  min_allowed=16  raise_delta=1
    overall: avg=16.00  p30=11.00  std=6.38
    suit_stats:
      C: pts=[20, 21, 20, 3, 26, 23 ...]  avg=16.00  p30=11.00  std=6.38
      D: pts=[]
      S: pts=[]
    failed_checks:
      D: p30 0.00 < 15; conf_mean 0.00 < 15
      C: p30 11.00 < 15; conf_mean 12.81 < 15
      S: p30 0.00 < 15; conf_mean 0.00 < 15
    reason: Pass: No suit meets thresholds. Best suit C has p30=11.00, conf_mean=12.81 below min_allowed=16 (current_high=0, raise_delta=+1). Failed checks for best suit: p30 11.00 < 15, conf_mean 12.81 < 15.
Pass (locked): Player 1 (min_allowed=16)
  bidding analysis:
    present_suits: D, C
    current_high=0  min_allowed=16  raise_delta=1
    overall: avg=6.83  p30=0.00  std=7.24
    failed_checks:
      D: p30 0.00 < 15; conf_mean 3.21 < 15
    reason: Pass: No suit meets thresholds. Best suit D has p30=0.00, conf_mean=3.21 below min_allowed=16 (current_high=0, raise_delta=+1). Failed checks for best suit: p30 0.00 < 15, conf_mean 3.21 < 15.
Pass (locked): Player 2 (min_allowed=16)
  bidding analysis:
    present_suits: H, C, S
    current_high=0  min_allowed=16  raise_delta=1
    overall: avg=13.50  p30=9.00  std=6.36
    failed_checks:
      H: p30 9.00 < 15; conf_mean 10.32 < 15
      S: p30 0.00 < 15; conf_mean 0.00 < 15
    reason: Pass: No suit meets thresholds. Best suit H has p30=9.00, conf_mean=10.32 below min_allowed=16 (current_high=0, raise_delta=+1). Failed checks for best suit: p30 9.00 < 15, conf_mean 10.32 < 15.
Pass (locked): Player 3 (min_allowed=16)
  bidding analysis:
    present_suits: H, D, S
    current_high=0  min_allowed=16  raise_delta=1
    overall: avg=0.00  p30=0.00  std=0.00
    failed_checks:
      D: p30 0.00 < 15; conf_mean 0.00 < 15
      S: p30 0.00 < 15; conf_mean 0.00 < 15
    reason: Pass: No suit meets thresholds. Best suit H has p30=0.00, conf_mean=0.00 below min_allowed=16 (current_high=0, raise_delta=+1). Failed checks for best suit: n/a.
Forced bid: All players passed. Player 0 takes minimum bid 16.

AUCTION WINNER: Player 0 with bid 16; chooses trump S 
Details={'chosen': 'S', 'estimates': {'C': 6.0, 'S': 13.0, 'D': 11.0}}
Player 0 hand :  ['8C', 'AC', '9D', 'QD', '10S', 'JS', 'QH']
Player 1 hand :  ['7D', '7C', 'KC', '10D', 'KH', 'AS', '9H', '8D']
Player 2 hand :  ['QC', '10H', 'KS', '10C', 'JC', '8H', '9C', '7H']
Player 3 hand :  ['AD', '7S', '9S', 'JH', 'KD', 'AH', 'JD', 'QS']
Player 0 (auction 4 cards): ['8C', '8S', 'AC', '9D']
Player 1 (auction 4 cards): ['7D', '7C', 'KC', '10D']
Player 2 (auction 4 cards): ['QC', '10H', 'KS', '10C']
Player 3 (auction 4 cards): ['AD', '7S', '9S', 'JH']
Auction winner (bidder): Player 0 with bid 16
Bidder sets concealed trump suit: S
Phase: concealed, bidder concealed card: 8S

Player 0 plays 8C
Player 1 plays 7C
Player 2 plays QC
Player 3 plays AD
Player 2 won the hand: 1 points

Player 2 plays 10H
Player 3 plays JH
Player 0 plays QH
Player 1 plays KH
Player 3 won the hand: 4 points

Player 3 plays 7S
Player 0 plays 10S
Player 1 plays AS
Player 2 plays KS
Player 1 won the hand: 2 points

Player 1 plays 7D
Player 2 plays 10C
Player 3 plays KD
Player 0 plays 9D
Player 0 won the hand: 3 points

Player 0 plays AC
Player 1 plays KC
Player 2 plays JC
-- Phase 2 begins: Trump revealed as S by Player 3 on trick 5 --
Player 3 plays 9S
Player 3 won the hand: 6 points

Player 3 plays AH
Player 0 plays QD
Player 1 plays 9H
Player 2 plays 8H
Player 1 won the hand: 3 points

Player 1 plays 10D
Player 2 plays 9C
Player 3 plays JD
Player 0 plays JS
Player 0 won the hand: 9 points

Player 0 plays 8S
Player 1 plays 8D
Player 2 plays 7H
Player 3 plays QS
Player 3 won the hand: 0 points

Game 45 final points: Team A=13, Team B=15
Series cumulative game score so far: Team A=-9, Team B=5
Log saved to: c:\Users\laksh\Desktop\Projects\28bot\logs\game28\mcts_games\game_45_20250822_143934_703483.log
