
===== GAME 21 (20250821_110513_252126) =====

===== AUCTION =====
Pass (locked): Player 0 (min_allowed=16)
  bidding analysis:
    present_suits: H, D, S
    current_high=0  min_allowed=16  raise_delta=1
    overall: avg=12.50  p30=6.00  std=8.28
    failed_checks:
      H: p30 0.00 < 15; conf_mean 0.25 < 15
      D: p30 6.00 < 15; conf_mean 8.36 < 15
    reason: Pass: No suit meets thresholds. Best suit D has p30=6.00, conf_mean=8.36 below min_allowed=16 (current_high=0, raise_delta=+1). Failed checks for best suit: p30 6.00 < 15, conf_mean 8.36 < 15.
Bid: Player 1 proposes 19 (min_allowed=16)
  bidding analysis:
    present_suits: D, C, S
    current_high=0  min_allowed=16  raise_delta=1
    chosen_suit: C
    proposed_bid: 19
    overall: avg=18.88  p30=19.00  std=4.48
    reason: Bid (precomputed): Suit C meets thresholds (p30=19.00, conf_mean=16.63 >= min_allowed=16); conservative mapping max(p30, avg-1) -> 19. (current_high=0, raise_delta=+1)
Bid: Player 2 proposes 20 (min_allowed=20)
  bidding analysis:
    present_suits: H, D, C, S
    current_high=19  min_allowed=20  raise_delta=1
    chosen_suit: S
    proposed_bid: 20
    overall: avg=19.00  p30=19.00  std=0.00
    suit_stats:
      D: pts=[8]  avg=8.00  p30=8.00  std=0.00
      H: pts=[16]  avg=16.00  p30=16.00  std=0.00
      S: pts=[19]  avg=19.00  p30=19.00  std=0.00
      C: pts=[8]  avg=8.00  p30=8.00  std=0.00
    reason: Bid: Suit S meets thresholds (p30=19.00, conf_mean=19.00 >= min_allowed=20); conservative mapping max(p30, avg-1) -> 20. (current_high=19, raise_delta=+1)
Pass (locked): Player 3 (min_allowed=21)
  bidding analysis:
    present_suits: H, C, S
    current_high=20  min_allowed=21  raise_delta=1
    overall: avg=12.12  p30=10.00  std=4.54
    suit_stats:
      H: pts=[13, 8, 5, 11, 15, 10 ...]  avg=12.12  p30=10.00  std=4.54
      C: pts=[]
      S: pts=[]
    failed_checks:
      H: p30 10.00 < 20; conf_mean 9.86 < 20
      C: p30 0.00 < 20; conf_mean 0.00 < 20
      S: p30 0.00 < 20; conf_mean 0.00 < 20
    reason: Pass: No suit meets thresholds. Best suit H has p30=10.00, conf_mean=9.86 below min_allowed=21 (current_high=20, raise_delta=+1). Failed checks for best suit: p30 10.00 < 20, conf_mean 9.86 < 20.
Pass (locked): Player 1 (min_allowed=21)
  bidding analysis:
    present_suits: D, C, S
    current_high=20  min_allowed=21  raise_delta=1
    overall: avg=18.88  p30=19.00  std=4.48
    failed_checks:
      C: p30 19.00 < 20; conf_mean 16.63 < 20
      S: p30 0.00 < 20; conf_mean 0.00 < 20
    reason: Pass: No suit meets thresholds. Best suit C has p30=19.00, conf_mean=16.63 below min_allowed=21 (current_high=20, raise_delta=+1). Failed checks for best suit: p30 19.00 < 20, conf_mean 16.63 < 20.

AUCTION WINNER: Player 2 with bid 20; chooses trump C 
Details={'chosen': 'C', 'estimates': {'D': 14.0, 'H': 12.0, 'C': 20.0, 'S': 18.0}}
Player 0 hand :  ['7H', '10S', 'JH', '7D', 'KC', 'QD', '7S', '10H']
Player 1 hand :  ['9D', 'JS', '7C', '10C', 'AC', '9S', 'JC', '10D']
Player 2 hand :  ['JD', 'AS', 'KH', 'KS', '8S', 'QH', 'AD']
Player 3 hand :  ['8C', 'AH', '8H', 'QS', '9H', 'KD', '8D', 'QC']
Player 0 (auction 4 cards): ['7H', '10S', 'JH', '7D']
Player 1 (auction 4 cards): ['9D', 'JS', '7C', '10C']
Player 2 (auction 4 cards): ['9C', 'JD', 'AS', 'KH']
Player 3 (auction 4 cards): ['8C', 'AH', '8H', 'QS']
Auction winner (bidder): Player 2 with bid 20
Bidder sets concealed trump suit: C
Phase: concealed, bidder concealed card: 9C

Player 0 plays 7H
Player 1 plays 9D
Player 2 plays KH
Player 3 plays AH
Player 3 won the hand: 3 points

Player 3 plays 8C
Player 0 plays KC
Player 1 plays 7C
Player 2 plays JD
Player 0 won the hand: 3 points

Player 0 plays 10S
Player 1 plays JS
Player 2 plays AS
Player 3 plays QS
Player 1 won the hand: 5 points

Player 1 plays 10C
Player 2 plays KS
Player 3 plays QC
Player 0 plays JH
Player 1 won the hand: 4 points

Player 1 plays AC
Player 2 plays 8S
Player 3 plays 8H
Player 0 plays 7D
Player 1 won the hand: 1 points

Player 1 plays 9S
Player 2 plays QH
Player 3 plays 9H
Player 0 plays 7S
Player 1 won the hand: 4 points

Player 1 plays JC
Player 2 plays AD
Player 3 plays KD
Player 0 plays QD
Player 1 won the hand: 4 points

Player 1 plays 10D
Error during gameplay: Current player 2 has no cards but other players do
No cards available, ending game
Game 21 final points: Team A=3, Team B=21
Series cumulative game score so far: Team A=-7, Team B=-4
Log saved to: C:\Users\laksh\Desktop\Projects\28bot\logs\game28\mcts_games\game_21_20250821_110513_252126.log
