
===== GAME 8 (20250822_000438_209979) =====

===== AUCTION =====
Pass (locked): Player 0 (min_allowed=16)
  bidding analysis:
    present_suits: D, C, S
    current_high=0  min_allowed=16  raise_delta=1
    overall: avg=0.00  p30=0.00  std=0.00
    failed_checks:
      C: p30 0.00 < 15; conf_mean 0.00 < 15
      S: p30 0.00 < 15; conf_mean 0.00 < 15
    reason: Pass: No suit meets thresholds. Best suit D has p30=0.00, conf_mean=0.00 below min_allowed=16 (current_high=0, raise_delta=+1). Failed checks for best suit: n/a.
Pass (locked): Player 1 (min_allowed=16)
  bidding analysis:
    present_suits: C, S
    current_high=0  min_allowed=16  raise_delta=1
    overall: avg=13.25  p30=7.00  std=6.59
    suit_stats:
      S: pts=[6, 16, 4, 21, 13, 16 ...]  avg=13.25  p30=7.00  std=6.59
      C: pts=[]
    failed_checks:
      C: p30 0.00 < 15; conf_mean 0.00 < 15
      S: p30 7.00 < 15; conf_mean 9.95 < 15
    reason: Pass: No suit meets thresholds. Best suit S has p30=7.00, conf_mean=9.95 below min_allowed=16 (current_high=0, raise_delta=+1). Failed checks for best suit: p30 7.00 < 15, conf_mean 9.95 < 15.
Pass (locked): Player 2 (min_allowed=16)
  bidding analysis:
    present_suits: H, D, S
    current_high=0  min_allowed=16  raise_delta=1
    overall: avg=0.00  p30=0.00  std=0.00
    failed_checks:
      H: p30 0.00 < 15; conf_mean 0.00 < 15
      D: p30 0.00 < 15; conf_mean 0.00 < 15
    reason: Pass: No suit meets thresholds. Best suit H has p30=0.00, conf_mean=0.00 below min_allowed=16 (current_high=0, raise_delta=+1). Failed checks for best suit: p30 0.00 < 15, conf_mean 0.00 < 15.
Pass (locked): Player 3 (min_allowed=16)
  bidding analysis:
    present_suits: H, D, S
    current_high=0  min_allowed=16  raise_delta=1
    overall: avg=10.25  p30=9.00  std=5.56
    suit_stats:
      S: pts=[13, 2, 12, 2, 9, 10 ...]  avg=10.25  p30=9.00  std=5.56
      H: pts=[]
      D: pts=[]
    failed_checks:
      H: p30 0.00 < 15; conf_mean 0.00 < 15
      D: p30 0.00 < 15; conf_mean 0.00 < 15
      S: p30 9.00 < 15; conf_mean 7.47 < 15
    reason: Pass: No suit meets thresholds. Best suit S has p30=9.00, conf_mean=7.47 below min_allowed=16 (current_high=0, raise_delta=+1). Failed checks for best suit: p30 9.00 < 15, conf_mean 7.47 < 15.
Forced bid: All players passed. Player 0 takes minimum bid 16.

AUCTION WINNER: Player 0 with bid 16; chooses trump D 
Details={'chosen': 'D', 'estimates': {'C': 0.0, 'S': 0.0, 'D': 21.166666666666668}}
Player 0 hand :  ['7C', '8D', 'JS', 'KH', 'QS', 'AC', 'AH']
Player 1 hand :  ['AS', '9C', '9S', '8S', 'KD', '7D', 'JH', 'JC']
Player 2 hand :  ['QH', 'AD', '10S', '9D', 'QD', 'QC', 'KC', '9H']
Player 3 hand :  ['KS', '10H', '10D', '7S', '8H', '8C', '10C', '7H']
Player 0 (auction 4 cards): ['7C', '8D', 'JD', 'JS']
Player 1 (auction 4 cards): ['AS', '9C', '9S', '8S']
Player 2 (auction 4 cards): ['QH', 'AD', '10S', '9D']
Player 3 (auction 4 cards): ['KS', '10H', '10D', '7S']
Auction winner (bidder): Player 0 with bid 16
Bidder sets concealed trump suit: D
Phase: concealed, bidder concealed card: JD

Player 0 plays 7C
Player 1 plays 9C
Player 2 plays QC
Player 3 plays 8C
Player 1 won the hand: 2 points

Player 1 plays AS
Player 2 plays 10S
Player 3 plays KS
Player 0 plays JS
Player 0 won the hand: 5 points

Player 0 plays KH
Player 1 plays JH
Player 2 plays QH
Player 3 plays 10H
Player 1 won the hand: 4 points

Player 1 plays 9S
-- Phase 2 begins: Trump revealed as D by Player 2 on trick 4 --
Player 2 plays AD
Player 3 plays 7S
Player 0 plays QS
Player 2 won the hand: 3 points

Player 2 plays 9D
Player 3 plays 10D
Player 0 plays 8D
Player 1 plays KD
Player 2 won the hand: 3 points

Player 2 plays QD
Player 3 plays 8H
Player 0 plays JD
Player 1 plays 7D
Player 0 won the hand: 3 points

Player 0 plays AC
Player 1 plays JC
Player 2 plays KC
Player 3 plays 10C
Player 1 won the hand: 5 points

Player 1 plays 8S
Player 2 plays 9H
Player 3 plays 7H
Player 0 plays AH
Player 1 won the hand: 3 points

Game 8 final points: Team A=14, Team B=14
Series cumulative game score so far: Team A=1, Team B=-3
Log saved to: c:\Users\laksh\Desktop\Projects\28bot\logs\game28\mcts_games\game_8_20250822_000438_209979.log
