
===== GAME 96 (20250822_170755_689103) =====

===== AUCTION =====
Pass (locked): Player 0 (min_allowed=16)
  bidding analysis:
    present_suits: H, D, C
    current_high=0  min_allowed=16  raise_delta=1
    overall: avg=16.75  p30=14.00  std=4.84
    failed_checks:
      H: p30 14.00 < 15; conf_mean 14.33 < 15
      D: p30 0.00 < 15; conf_mean 0.00 < 15
      C: p30 0.00 < 15; conf_mean 0.00 < 15
    reason: Pass: No suit meets thresholds. Best suit H has p30=14.00, conf_mean=14.33 below min_allowed=16 (current_high=0, raise_delta=+1). Failed checks for best suit: p30 14.00 < 15, conf_mean 14.33 < 15.
Pass (locked): Player 1 (min_allowed=16)
  bidding analysis:
    present_suits: H, D, S
    current_high=0  min_allowed=16  raise_delta=1
    overall: avg=16.88  p30=12.00  std=6.19
    suit_stats:
      S: pts=[13, 5, 24, 11, 9, 11 ...]  avg=16.88  p30=12.00  std=6.19
      H: pts=[]
      D: pts=[]
    failed_checks:
      H: p30 0.00 < 15; conf_mean 0.00 < 15
      D: p30 0.00 < 15; conf_mean 0.00 < 15
      S: p30 12.00 < 15; conf_mean 13.78 < 15
    reason: Pass: No suit meets thresholds. Best suit S has p30=12.00, conf_mean=13.78 below min_allowed=16 (current_high=0, raise_delta=+1). Failed checks for best suit: p30 12.00 < 15, conf_mean 13.78 < 15.
Pass (locked): Player 2 (min_allowed=16)
  bidding analysis:
    present_suits: H, C, S
    current_high=0  min_allowed=16  raise_delta=1
    overall: avg=10.75  p30=7.00  std=8.44
    failed_checks:
      C: p30 0.00 < 15; conf_mean 0.00 < 15
      S: p30 7.00 < 15; conf_mean 6.53 < 15
    reason: Pass: No suit meets thresholds. Best suit S has p30=7.00, conf_mean=6.53 below min_allowed=16 (current_high=0, raise_delta=+1). Failed checks for best suit: p30 7.00 < 15, conf_mean 6.53 < 15.
Pass (locked): Player 3 (min_allowed=16)
  bidding analysis:
    present_suits: H, D, S
    current_high=0  min_allowed=16  raise_delta=1
    overall: avg=10.75  p30=8.00  std=4.66
    failed_checks:
      H: p30 8.00 < 15; conf_mean 8.42 < 15
      S: p30 0.00 < 15; conf_mean 0.00 < 15
    reason: Pass: No suit meets thresholds. Best suit H has p30=8.00, conf_mean=8.42 below min_allowed=16 (current_high=0, raise_delta=+1). Failed checks for best suit: p30 8.00 < 15, conf_mean 8.42 < 15.
Forced bid: All players passed. Player 0 takes minimum bid 16.

AUCTION WINNER: Player 0 with bid 16; chooses trump H 
Details={'chosen': 'H', 'estimates': {'H': 16.75, 'D': 0.0, 'C': 0.0}}
Player 0 hand :  ['JD', '7C', 'QD', 'AS', '8H', '9C', 'AD']
Player 1 hand :  ['9H', 'JS', 'QS', 'KD', '8D', '9S', 'JC', '10S']
Player 2 hand :  ['AC', '10C', 'KS', 'AH', '7H', '8S', 'KC', '7D']
Player 3 hand :  ['7S', 'JH', '10D', 'KH', 'QC', 'QH', '8C', '9D']
Player 0 (auction 4 cards): ['10H', 'JD', '7C', 'QD']
Player 1 (auction 4 cards): ['9H', 'JS', 'QS', 'KD']
Player 2 (auction 4 cards): ['AC', '10C', 'KS', 'AH']
Player 3 (auction 4 cards): ['7S', 'JH', '10D', 'KH']
Auction winner (bidder): Player 0 with bid 16
Bidder sets concealed trump suit: H
Phase: concealed, bidder concealed card: 10H

Player 0 plays JD
Player 1 plays KD
Player 2 plays 7D
Player 3 plays 10D
Player 0 won the hand: 4 points

Player 0 plays 7C
Player 1 plays JC
Player 2 plays AC
Player 3 plays QC
Player 1 won the hand: 4 points

Player 1 plays 9H
Player 2 plays AH
Player 3 plays JH
Player 0 plays 8H
Player 3 won the hand: 6 points

Player 3 plays 7S
Player 0 plays AS
Player 1 plays JS
Player 2 plays KS
Player 1 won the hand: 4 points

Player 1 plays QS
Player 2 plays 8S
-- Phase 2 begins: Trump revealed as H by Player 3 on trick 5 --
Player 3 plays KH
Player 0 plays QD
Player 3 won the hand: 0 points

Player 3 plays QH
Player 0 plays 10H
Player 1 plays 8D
Player 2 plays 7H
Player 0 won the hand: 1 points

Player 0 plays 9C
Player 1 plays 9S
Player 2 plays 10C
Player 3 plays 8C
Player 0 won the hand: 5 points

Player 0 plays AD
Player 1 plays 10S
Player 2 plays KC
Player 3 plays 9D
Player 3 won the hand: 4 points

Game 96 final points: Team A=10, Team B=18
Series cumulative game score so far: Team A=-9, Team B=0
Log saved to: c:\Users\laksh\Desktop\Projects\28bot\logs\game28\mcts_games\game_96_20250822_170755_689103.log
