
===== GAME 38 (20250822_080642_689986) =====

===== AUCTION =====
Pass (locked): Player 0 (min_allowed=16)
  bidding analysis:
    present_suits: D, S
    current_high=0  min_allowed=16  raise_delta=1
    overall: avg=16.12  p30=11.00  std=6.45
    suit_stats:
      S: pts=[11, 23, 4, 23, 18, 11 ...]  avg=16.12  p30=11.00  std=6.45
      D: pts=[]
    failed_checks:
      D: p30 0.00 < 15; conf_mean 0.00 < 15
      S: p30 11.00 < 15; conf_mean 12.90 < 15
    reason: Pass: No suit meets thresholds. Best suit S has p30=11.00, conf_mean=12.90 below min_allowed=16 (current_high=0, raise_delta=+1). Failed checks for best suit: p30 11.00 < 15, conf_mean 12.90 < 15.
Pass (locked): Player 1 (min_allowed=16)
  bidding analysis:
    present_suits: H, D, C, S
    current_high=0  min_allowed=16  raise_delta=1
    overall: avg=9.17  p30=5.00  std=5.87
    failed_checks:
      H: p30 5.00 < 15; conf_mean 6.23 < 15
      D: p30 0.00 < 15; conf_mean 4.29 < 15
      C: p30 0.00 < 15; conf_mean 1.13 < 15
      S: p30 0.00 < 15; conf_mean 4.49 < 15
    reason: Pass: No suit meets thresholds. Best suit H has p30=5.00, conf_mean=6.23 below min_allowed=16 (current_high=0, raise_delta=+1). Failed checks for best suit: p30 5.00 < 15, conf_mean 6.23 < 15.
Pass (locked): Player 2 (min_allowed=16)
  bidding analysis:
    present_suits: C, S
    current_high=0  min_allowed=16  raise_delta=1
    overall: avg=12.00  p30=12.00  std=0.00
    failed_checks:
      C: p30 12.00 < 15; conf_mean 12.00 < 15
    reason: Pass: No suit meets thresholds. Best suit C has p30=12.00, conf_mean=12.00 below min_allowed=16 (current_high=0, raise_delta=+1). Failed checks for best suit: p30 12.00 < 15, conf_mean 12.00 < 15.
Bid: Player 3 proposes 21 (min_allowed=16)
  bidding analysis:
    present_suits: H, D, C
    current_high=0  min_allowed=16  raise_delta=1
    chosen_suit: H
    proposed_bid: 21
    overall: avg=22.62  p30=19.00  std=4.06
    suit_stats:
      H: pts=[28, 25, 26, 18, 19, 25 ...]  avg=22.62  p30=19.00  std=4.06
      D: pts=[]
      C: pts=[]
    reason: Bid: Suit H meets thresholds (p30=19.00, conf_mean=20.59 >= min_allowed=16); conservative mapping max(p30, avg-1) -> 21. (current_high=0, raise_delta=+1)

AUCTION WINNER: Player 3 with bid 21; chooses trump H 
Details={'chosen': 'H', 'estimates': {'C': 22.0, 'H': 28.0, 'D': 19.0}}
Player 0 hand :  ['7D', 'KS', 'JS', 'QS', 'KC', '9H', '10D', 'QH']
Player 1 hand :  ['AC', 'KD', 'KH', '9S', '9D', '10C', 'QD', '8C']
Player 2 hand :  ['10S', '9C', '7C', 'AS', 'QC', '10H', '7S', '8H']
Player 3 hand :  ['JD', 'JC', 'JH', 'AD', '8S', '7H', '8D']
Player 0 (auction 4 cards): ['7D', 'KS', 'JS', 'QS']
Player 1 (auction 4 cards): ['AC', 'KD', 'KH', '9S']
Player 2 (auction 4 cards): ['10S', '9C', '7C', 'AS']
Player 3 (auction 4 cards): ['JD', 'JC', 'AH', 'JH']
Auction winner (bidder): Player 3 with bid 21
Bidder sets concealed trump suit: H
Phase: concealed, bidder concealed card: AH

Player 0 plays 7D
Player 1 plays KD
Player 2 plays 10S
Player 3 plays JD
Player 3 won the hand: 4 points

Player 3 plays JC
Player 0 plays KC
Player 1 plays AC
Player 2 plays 9C
Player 3 won the hand: 6 points

Player 3 plays AD
Player 0 plays 10D
Player 1 plays 9D
Player 2 plays 7C
Player 1 won the hand: 4 points

Player 1 plays KH
Player 2 plays 10H
Player 3 plays JH
Player 0 plays 9H
Player 3 won the hand: 6 points

Player 3 plays 8S
Player 0 plays KS
Player 1 plays 9S
Player 2 plays AS
Player 1 won the hand: 3 points

Player 1 plays 10C
Player 2 plays QC
-- Phase 2 begins: Trump revealed as H by Player 3 on trick 6 --
Player 3 plays 7H
Player 0 plays JS
Player 3 won the hand: 4 points

Player 3 plays 8D
Player 0 plays QS
Player 1 plays QD
Player 2 plays 7S
Player 1 won the hand: 0 points

Player 1 plays 8C
Player 2 plays 8H
Player 3 plays AH
Player 0 plays QH
Player 3 won the hand: 1 points

Game 38 final points: Team A=0, Team B=28
Series cumulative game score so far: Team A=-6, Team B=-9
Log saved to: c:\Users\laksh\Desktop\Projects\28bot\logs\game28\mcts_games\game_38_20250822_080642_689986.log
