
===== GAME 49 (20250821_113636_346559) =====

===== AUCTION =====
Pass (locked): Player 0 (min_allowed=16)
  bidding analysis:
    present_suits: D, C
    current_high=0  min_allowed=16  raise_delta=1
    overall: avg=14.38  p30=10.00  std=4.97
    failed_checks:
      D: p30 10.00 < 15; conf_mean 11.89 < 15
    reason: Pass: No suit meets thresholds. Best suit D has p30=10.00, conf_mean=11.89 below min_allowed=16 (current_high=0, raise_delta=+1). Failed checks for best suit: p30 10.00 < 15, conf_mean 11.89 < 15.
Bid: Player 1 proposes 26 (min_allowed=16)
  bidding analysis:
    present_suits: H, D, C, S
    current_high=0  min_allowed=16  raise_delta=1
    chosen_suit: D
    proposed_bid: 26
    overall: avg=26.00  p30=26.00  std=0.00
    suit_stats:
      H: pts=[15]  avg=15.00  p30=15.00  std=0.00
      S: pts=[12]  avg=12.00  p30=12.00  std=0.00
      C: pts=[10]  avg=10.00  p30=10.00  std=0.00
      D: pts=[26]  avg=26.00  p30=26.00  std=0.00
    reason: Bid: Suit D meets thresholds (p30=26.00, conf_mean=26.00 >= min_allowed=16); conservative mapping max(p30, avg-1) -> 26. (current_high=0, raise_delta=+1)
Pass (locked): Player 2 (min_allowed=27)
  bidding analysis:
    present_suits: H, S
    current_high=26  min_allowed=27  raise_delta=1
    overall: avg=19.00  p30=18.00  std=5.00
    suit_stats:
      S: pts=[19, 27, 11, 18, 24, 22 ...]  avg=19.00  p30=18.00  std=5.00
      H: pts=[]
    failed_checks:
      H: p30 0.00 < 26; conf_mean 0.00 < 26
      S: p30 18.00 < 26; conf_mean 16.50 < 26
    reason: Pass: No suit meets thresholds. Best suit S has p30=18.00, conf_mean=16.50 below min_allowed=27 (current_high=26, raise_delta=+1). Failed checks for best suit: p30 18.00 < 26, conf_mean 16.50 < 26.
Pass (locked): Player 3 (min_allowed=27)
  bidding analysis:
    present_suits: H, C
    current_high=26  min_allowed=27  raise_delta=1
    overall: avg=21.00  p30=19.00  std=3.32
    suit_stats:
      H: pts=[25, 20, 26, 19, 22, 22 ...]  avg=21.00  p30=19.00  std=3.32
      C: pts=[]
    failed_checks:
      H: p30 19.00 < 26; conf_mean 19.34 < 26
      C: p30 0.00 < 26; conf_mean 0.00 < 26
    reason: Pass: No suit meets thresholds. Best suit H has p30=19.00, conf_mean=19.34 below min_allowed=27 (current_high=26, raise_delta=+1). Failed checks for best suit: p30 19.00 < 26, conf_mean 19.34 < 26.

AUCTION WINNER: Player 1 with bid 26; chooses trump H 
Details={'chosen': 'H', 'estimates': {'H': 18.0, 'D': 18.0, 'S': 11.0, 'C': 16.0}}
Player 0 hand :  ['7C', '9D', 'AC', 'JD', '8D', 'KS', 'QD', '7H']
Player 1 hand :  ['9C', 'AD', 'QS', 'AH', '10C', '9S', 'KD']
Player 2 hand :  ['10H', 'JS', '10S', '8S', '8H', '7D', 'QC', 'JC']
Player 3 hand :  ['9H', '8C', 'QH', 'KH', '7S', 'KC', 'AS', '10D']
Player 0 (auction 4 cards): ['7C', '9D', 'AC', 'JD']
Player 1 (auction 4 cards): ['JH', '9C', 'AD', 'QS']
Player 2 (auction 4 cards): ['10H', 'JS', '10S', '8S']
Player 3 (auction 4 cards): ['9H', '8C', 'QH', 'KH']
Auction winner (bidder): Player 1 with bid 26
Bidder sets concealed trump suit: H
Phase: concealed, bidder concealed card: JH

Player 0 plays 7C
Player 1 plays 9C
Player 2 plays QC
Player 3 plays 8C
Player 1 won the hand: 2 points

Player 1 plays AD
Player 2 plays 7D
Player 3 plays 10D
Player 0 plays 9D
Player 0 won the hand: 4 points

Player 0 plays AC
Player 1 plays 10C
Player 2 plays JC
Player 3 plays KC
Player 2 won the hand: 5 points

Player 2 plays 10H
Player 3 plays 9H
Player 0 plays 7H
Player 1 plays AH
Player 3 won the hand: 4 points

Player 3 plays QH
Player 0 plays JD
Player 1 plays QS
Player 2 plays 8H
Player 3 won the hand: 3 points

Player 3 plays KH
Player 0 plays 8D
Player 1 plays 9S
Player 2 plays JS
Player 3 won the hand: 5 points

Player 3 plays 7S
Player 0 plays KS
Player 1 plays KD
Player 2 plays 10S
Player 2 won the hand: 1 points

Player 2 plays 8S
Player 3 plays AS
Player 0 plays QD
Game 49 final points: Team A=10, Team B=14
Series cumulative game score so far: Team A=-4, Team B=-16
Log saved to: C:\Users\laksh\Desktop\Projects\28bot\logs\game28\mcts_games\game_49_20250821_113636_346559.log
