
===== GAME 43 (20250822_081316_074186) =====

===== AUCTION =====
Bid: Player 0 proposes 19 (min_allowed=16)
  bidding analysis:
    present_suits: H, D, C, S
    current_high=0  min_allowed=16  raise_delta=1
    chosen_suit: C
    proposed_bid: 19
    overall: avg=19.00  p30=19.00  std=0.00
    suit_stats:
      C: pts=[19]  avg=19.00  p30=19.00  std=0.00
      D: pts=[7]  avg=7.00  p30=7.00  std=0.00
      S: pts=[14]  avg=14.00  p30=14.00  std=0.00
      H: pts=[12]  avg=12.00  p30=12.00  std=0.00
    reason: Bid: Suit C meets thresholds (p30=19.00, conf_mean=19.00 >= min_allowed=16); conservative mapping max(p30, avg-1) -> 19. (current_high=0, raise_delta=+1)
Bid: Player 1 proposes 28 (min_allowed=20)
  bidding analysis:
    present_suits: H, D, C, S
    current_high=19  min_allowed=20  raise_delta=1
    chosen_suit: D
    proposed_bid: 28
    overall: avg=28.00  p30=28.00  std=0.00
    suit_stats:
      S: pts=[6]  avg=6.00  p30=6.00  std=0.00
      H: pts=[16]  avg=16.00  p30=16.00  std=0.00
      C: pts=[19]  avg=19.00  p30=19.00  std=0.00
      D: pts=[28]  avg=28.00  p30=28.00  std=0.00
    reason: Bid: Suit D meets thresholds (p30=28.00, conf_mean=28.00 >= min_allowed=20); conservative mapping max(p30, avg-1) -> 28. (current_high=19, raise_delta=+1)
Pass (locked): Player 2 (min_allowed=29)
  bidding analysis:
    present_suits: H, D, C
    current_high=28  min_allowed=29  raise_delta=1
    overall: avg=14.25  p30=12.00  std=6.68
    suit_stats:
      D: pts=[3, 12, 5, 16, 17, 23 ...]  avg=14.25  p30=12.00  std=6.68
      H: pts=[]
      C: pts=[]
    failed_checks:
      H: p30 0.00 < 28; conf_mean 0.00 < 28
      D: p30 12.00 < 28; conf_mean 10.91 < 28
      C: p30 0.00 < 28; conf_mean 0.00 < 28
    reason: Pass: No suit meets thresholds. Best suit D has p30=12.00, conf_mean=10.91 below min_allowed=29 (current_high=28, raise_delta=+1). Failed checks for best suit: p30 12.00 < 28, conf_mean 10.91 < 28.
Pass (locked): Player 3 (min_allowed=29)
  bidding analysis:
    present_suits: C, S
    current_high=28  min_allowed=29  raise_delta=1
    overall: avg=0.00  p30=0.00  std=0.00
    failed_checks:
      S: p30 0.00 < 28; conf_mean 0.00 < 28
    reason: Pass: No suit meets thresholds. Best suit C has p30=0.00, conf_mean=0.00 below min_allowed=29 (current_high=28, raise_delta=+1). Failed checks for best suit: n/a.
Pass (locked): Player 0 (min_allowed=29)
  bidding analysis:
    present_suits: H, D, C, S
    current_high=28  min_allowed=29  raise_delta=1
    overall: avg=19.00  p30=19.00  std=0.00
    suit_stats:
      C: pts=[10]  avg=10.00  p30=10.00  std=0.00
      H: pts=[4]  avg=4.00  p30=4.00  std=0.00
      D: pts=[19]  avg=19.00  p30=19.00  std=0.00
      S: pts=[12]  avg=12.00  p30=12.00  std=0.00
    failed_checks:
      H: p30 4.00 < 28; conf_mean 4.00 < 28
      D: p30 19.00 < 28; conf_mean 19.00 < 28
      C: p30 10.00 < 28; conf_mean 10.00 < 28
      S: p30 12.00 < 28; conf_mean 12.00 < 28
    reason: Pass: No suit meets thresholds. Best suit D has p30=19.00, conf_mean=19.00 below min_allowed=29 (current_high=28, raise_delta=+1). Failed checks for best suit: p30 19.00 < 28, conf_mean 19.00 < 28.

AUCTION WINNER: Player 1 with bid 28; chooses trump H 
Details={'chosen': 'H', 'estimates': {'D': 15.0, 'C': 12.0, 'S': 13.0, 'H': 16.0}}
Player 0 hand :  ['KD', '9H', 'KS', '7C', '9C', 'QD', 'QS', '10C']
Player 1 hand :  ['10S', 'AC', '7D', '8S', '8D', 'QC', 'KH']
Player 2 hand :  ['8H', '9D', 'JD', '8C', 'AD', 'AH', 'QH', '7H']
Player 3 hand :  ['AS', 'KC', '9S', 'JS', 'JC', '7S', '10D', '10H']
Player 0 (auction 4 cards): ['KD', '9H', 'KS', '7C']
Player 1 (auction 4 cards): ['10S', 'AC', 'JH', '7D']
Player 2 (auction 4 cards): ['8H', '9D', 'JD', '8C']
Player 3 (auction 4 cards): ['AS', 'KC', '9S', 'JS']
Auction winner (bidder): Player 1 with bid 28
Bidder sets concealed trump suit: H
Phase: concealed, bidder concealed card: JH

Player 0 plays KD
Player 1 plays 7D
Player 2 plays 9D
Player 3 plays 10D
Player 2 won the hand: 3 points

Player 2 plays 8H
Player 3 plays 10H
Player 0 plays 9H
Player 1 plays KH
Player 0 won the hand: 3 points

Player 0 plays KS
Player 1 plays 10S
Player 2 plays JD
Player 3 plays AS
Player 3 won the hand: 5 points

Player 3 plays KC
Player 0 plays 7C
Player 1 plays AC
Player 2 plays 8C
Player 1 won the hand: 1 points

Player 1 plays 8S
Player 2 plays AD
Player 3 plays 9S
Player 0 plays QS
Player 3 won the hand: 3 points

Player 3 plays JS
Player 0 plays 9C
Player 1 plays 8D
-- Phase 2 begins: Trump revealed as H by Player 2 on trick 6 --
Player 2 plays AH
Player 2 won the hand: 6 points

Player 2 plays QH
Player 3 plays JC
Player 0 plays QD
Player 1 plays JH
Player 1 won the hand: 6 points

Player 1 plays QC
Player 2 plays 7H
Player 3 plays 7S
Player 0 plays 10C
Player 2 won the hand: 1 points

Game 43 final points: Team A=13, Team B=15
Series cumulative game score so far: Team A=-5, Team B=-11
Log saved to: c:\Users\laksh\Desktop\Projects\28bot\logs\game28\mcts_games\game_43_20250822_081316_074186.log
