
===== GAME 36 (20250822_080353_278888) =====

===== AUCTION =====
Pass (locked): Player 0 (min_allowed=16)
  bidding analysis:
    present_suits: H, D, S
    current_high=0  min_allowed=16  raise_delta=1
    overall: avg=15.00  p30=12.00  std=7.28
    suit_stats:
      S: pts=[6, 25, 21, 20, 13, 3 ...]  avg=15.00  p30=12.00  std=7.28
      H: pts=[]
      D: pts=[]
    failed_checks:
      H: p30 0.00 < 15; conf_mean 0.00 < 15
      D: p30 0.00 < 15; conf_mean 0.00 < 15
      S: p30 12.00 < 15; conf_mean 11.36 < 15
    reason: Pass: No suit meets thresholds. Best suit S has p30=12.00, conf_mean=11.36 below min_allowed=16 (current_high=0, raise_delta=+1). Failed checks for best suit: p30 12.00 < 15, conf_mean 11.36 < 15.
Bid: Player 1 proposes 16 (min_allowed=16)
  bidding analysis:
    present_suits: H, C
    current_high=0  min_allowed=16  raise_delta=1
    chosen_suit: C
    proposed_bid: 16
    overall: avg=16.00  p30=16.00  std=0.00
    suit_stats:
      H: pts=[11, 15, 17, 28, 24, 10 ...]  avg=18.88  p30=15.00  std=6.17
      C: pts=[16]  avg=16.00  p30=16.00  std=0.00
    reason: Bid: Suit C meets thresholds (p30=16.00, conf_mean=16.00 >= min_allowed=16); conservative mapping max(p30, avg-1) -> 16. (current_high=0, raise_delta=+1)
Pass (locked): Player 2 (min_allowed=17)
  bidding analysis:
    present_suits: H, C, S
    current_high=16  min_allowed=17  raise_delta=1
    overall: avg=14.50  p30=13.00  std=4.74
    suit_stats:
      H: pts=[20, 13, 19, 16, 13, 19 ...]  avg=14.50  p30=13.00  std=4.74
      C: pts=[]
      S: pts=[]
    failed_checks:
      H: p30 13.00 < 16; conf_mean 12.13 < 16
      C: p30 0.00 < 16; conf_mean 0.00 < 16
      S: p30 0.00 < 16; conf_mean 0.00 < 16
    reason: Pass: No suit meets thresholds. Best suit H has p30=13.00, conf_mean=12.13 below min_allowed=17 (current_high=16, raise_delta=+1). Failed checks for best suit: p30 13.00 < 16, conf_mean 12.13 < 16.
Bid: Player 3 proposes 18 (min_allowed=17)
  bidding analysis:
    present_suits: H, D, C, S
    current_high=16  min_allowed=17  raise_delta=1
    chosen_suit: H
    proposed_bid: 18
    overall: avg=18.00  p30=18.00  std=0.00
    suit_stats:
      H: pts=[18]  avg=18.00  p30=18.00  std=0.00
      D: pts=[14]  avg=14.00  p30=14.00  std=0.00
      C: pts=[16]  avg=16.00  p30=16.00  std=0.00
      S: pts=[14]  avg=14.00  p30=14.00  std=0.00
    reason: Bid: Suit H meets thresholds (p30=18.00, conf_mean=18.00 >= min_allowed=17); conservative mapping max(p30, avg-1) -> 18. (current_high=16, raise_delta=+1)
Bid: Player 1 proposes 19 (min_allowed=19)
  bidding analysis:
    present_suits: H, C
    current_high=18  min_allowed=19  raise_delta=1
    chosen_suit: H
    proposed_bid: 19
    overall: avg=19.00  p30=18.00  std=1.94
    suit_stats:
      H: pts=[20, 20, 20, 16, 18, 21 ...]  avg=19.00  p30=18.00  std=1.94
      C: pts=[15]  avg=15.00  p30=15.00  std=0.00
    reason: Bid: Suit H meets thresholds (p30=18.00, conf_mean=18.03 >= min_allowed=19); conservative mapping max(p30, avg-1) -> 19. (current_high=18, raise_delta=+1)
Bid: Player 3 proposes 25 (min_allowed=20)
  bidding analysis:
    present_suits: H, D, C, S
    current_high=19  min_allowed=20  raise_delta=1
    chosen_suit: H
    proposed_bid: 25
    overall: avg=25.00  p30=25.00  std=0.00
    suit_stats:
      D: pts=[6]  avg=6.00  p30=6.00  std=0.00
      H: pts=[25]  avg=25.00  p30=25.00  std=0.00
      S: pts=[11]  avg=11.00  p30=11.00  std=0.00
      C: pts=[3]  avg=3.00  p30=3.00  std=0.00
    reason: Bid: Suit H meets thresholds (p30=25.00, conf_mean=25.00 >= min_allowed=20); conservative mapping max(p30, avg-1) -> 25. (current_high=19, raise_delta=+1)
Pass (locked): Player 1 (min_allowed=26)
  bidding analysis:
    present_suits: H, C
    current_high=25  min_allowed=26  raise_delta=1
    overall: avg=17.75  p30=14.00  std=5.14
    suit_stats:
      C: pts=[21, 13, 16, 10, 14, 20 ...]  avg=17.75  p30=14.00  std=5.14
      H: pts=[12]  avg=12.00  p30=12.00  std=0.00
    failed_checks:
      H: p30 12.00 < 25; conf_mean 12.00 < 25
      C: p30 14.00 < 25; conf_mean 15.18 < 25
    reason: Pass: No suit meets thresholds. Best suit C has p30=14.00, conf_mean=15.18 below min_allowed=26 (current_high=25, raise_delta=+1). Failed checks for best suit: p30 14.00 < 25, conf_mean 15.18 < 25.

AUCTION WINNER: Player 3 with bid 25; chooses trump D 
Details={'chosen': 'D', 'estimates': {'C': 4.0, 'H': 16.0, 'D': 26.0, 'S': 12.0}}
Player 0 hand :  ['10D', '9S', '10S', '10H', '9D', 'KS', 'QD', '7D']
Player 1 hand :  ['9H', '7C', 'JC', 'JH', 'AS', 'QH', '9C', 'AC']
Player 2 hand :  ['10C', '7H', 'KH', 'QS', '8C', 'AH', 'JS', '8D']
Player 3 hand :  ['QC', '7S', '8H', '8S', 'KC', 'AD', 'KD']
Player 0 (auction 4 cards): ['10D', '9S', '10S', '10H']
Player 1 (auction 4 cards): ['9H', '7C', 'JC', 'JH']
Player 2 (auction 4 cards): ['10C', '7H', 'KH', 'QS']
Player 3 (auction 4 cards): ['QC', '7S', '8H', 'JD']
Auction winner (bidder): Player 3 with bid 25
Bidder sets concealed trump suit: D
Phase: concealed, bidder concealed card: JD

Player 0 plays 10D
Player 1 plays 9H
Player 2 plays 8D
Player 3 plays AD
Player 3 won the hand: 4 points

Player 3 plays QC
Player 0 plays 9S
Player 1 plays 7C
Player 2 plays 10C
Player 2 won the hand: 3 points

Player 2 plays 7H
Player 3 plays 8H
Player 0 plays 10H
Player 1 plays JH
Player 1 won the hand: 4 points

Player 1 plays JC
Player 2 plays 8C
Player 3 plays KC
Player 0 plays 10S
Player 1 won the hand: 4 points

Player 1 plays AS
Player 2 plays QS
Player 3 plays 7S
Player 0 plays KS
Player 1 won the hand: 1 points

Player 1 plays QH
Player 2 plays KH
Player 3 plays 8S
-- Phase 2 begins: Trump revealed as D by Player 0 on trick 6 --
Player 0 plays 9D
Player 0 won the hand: 2 points

Player 0 plays QD
Player 1 plays 9C
Player 2 plays AH
Player 3 plays KD
Player 3 won the hand: 3 points

Player 3 plays JD
Player 0 plays 7D
Player 1 plays AC
Player 2 plays JS
Player 3 won the hand: 7 points

Game 36 final points: Team A=5, Team B=23
Series cumulative game score so far: Team A=-6, Team B=-10
Log saved to: c:\Users\laksh\Desktop\Projects\28bot\logs\game28\mcts_games\game_36_20250822_080353_278888.log
