
===== GAME 7 (20250819_121846_512889) =====
Pass: Player 0 (min_allowed=16) – analysis={'present_suits': ['H', 'C', 'S'], 'suit_to_points': {'H': [15, 24, 0, 0], 'C': [14, 19, 15, 0], 'S': [16, 22, 9, 13]}, 'chosen_suit': 'S', 'avg_points': 15.0, 'p30_points': 9, 'proposed': None, 'current_high': 0}
Pass: Player 1 (min_allowed=16) – analysis={'present_suits': ['H', 'D', 'S'], 'suit_to_points': {'H': [0, 15, 15, 0], 'D': [8, 19, 9, 13], 'S': [3, 16, 10, 16]}, 'chosen_suit': 'D', 'avg_points': 12.25, 'p30_points': 8, 'proposed': None, 'current_high': 0}
Pass: Player 2 (min_allowed=16) – analysis={'present_suits': ['H', 'D', 'S'], 'suit_to_points': {'H': [23, 18, 15, 0], 'D': [0, 10, 0, 22], 'S': [0, 10, 13, 12]}, 'chosen_suit': 'H', 'avg_points': 14.0, 'p30_points': 0, 'proposed': None, 'current_high': 0}
Pass: Player 3 (min_allowed=16) – analysis={'present_suits': ['H', 'D', 'S'], 'suit_to_points': {'H': [13, 3, 13, 7], 'D': [12, 10, 19, 14], 'S': [13, 11, 16, 0]}, 'chosen_suit': 'D', 'avg_points': 13.75, 'p30_points': 10, 'proposed': None, 'current_high': 0}
Forced bid: All players passed. Player 0 takes minimum bid 16.
Auction winner: Player 0 with bid 16; chooses trump H – details={'chosen': 'H', 'estimates': {'H': 7, 'C': 6, 'S': 7}}
Player 0 hand :  ['8C', '9S', 'QC', '8H', '7D', 'KC', '7H']
Player 1 hand :  ['8S', 'JH', 'QD', '8D', '10D', '9C', 'JC', 'AH']
Player 2 hand :  ['KD', 'JS', 'AS', 'QH', '10C', 'KH', 'AC', 'QS']
Player 3 hand :  ['7S', 'AD', 'KS', '10H', '7C', 'JD', '10S', '9D']
Player 0 (auction 4 cards): ['8C', '9S', 'QC', '9H']
Player 1 (auction 4 cards): ['8S', 'JH', 'QD', '8D']
Player 2 (auction 4 cards): ['KD', 'JS', 'AS', 'QH']
Player 3 (auction 4 cards): ['7S', 'AD', 'KS', '10H']
Auction winner (bidder): Player 0 with bid 16
Bidder sets concealed trump suit: H
Phase: concealed, bidder concealed card: 9H

Player 0 plays 8C
Player 1 plays 9C
Player 2 plays 10C
Player 3 plays 7C
Player 1 won the hand: 3 points

Player 1 plays JH
Player 2 plays QH
Player 3 plays 10H
Player 0 plays 8H
Player 1 won the hand: 4 points

Player 1 plays AH
Player 2 plays KH
Player 3 plays 7S
Player 0 plays 7H
Player 1 won the hand: 1 points

Player 1 plays 8S
Player 2 plays JS
Player 3 plays KS
Player 0 plays 9S
Player 2 won the hand: 5 points

Player 2 plays KD
Player 3 plays AD
Player 0 plays 7D
Player 1 plays QD
Player 3 won the hand: 1 points

Player 3 plays JD
Player 0 plays QC
Player 1 plays 8D
Player 2 plays AS
Player 3 won the hand: 4 points

Player 3 plays 10S
Player 0 plays KC
Player 1 plays 10D
Player 2 plays QS
Player 3 won the hand: 2 points

Round declared invalid: trump never exposed by end of 7th trick.
Game 7 final points: Team A=0, Team B=0
Series cumulative game score so far: Team A=2, Team B=-2
Log saved to: c:\Users\laksh\Desktop\Projects\28bot\logs\game28\mcts_games\game_7_20250819_121846_512889.log
