
===== GAME 39 (20250822_143055_138928) =====

===== AUCTION =====
Pass (locked): Player 0 (min_allowed=16)
  bidding analysis:
    present_suits: D, C, S
    current_high=0  min_allowed=16  raise_delta=1
    overall: avg=14.31  p30=12.00  std=5.58
    suit_stats:
      C: pts=[17, 5, 13, 18, 21, 14 ...]  avg=14.31  p30=12.00  std=5.58
      D: pts=[]
      S: pts=[]
    failed_checks:
      D: p30 0.00 < 15; conf_mean 0.00 < 15
      C: p30 12.00 < 15; conf_mean 11.52 < 15
      S: p30 0.00 < 15; conf_mean 0.00 < 15
    reason: Pass: No suit meets thresholds. Best suit C has p30=12.00, conf_mean=11.52 below min_allowed=16 (current_high=0, raise_delta=+1). Failed checks for best suit: p30 12.00 < 15, conf_mean 11.52 < 15.
Pass (locked): Player 1 (min_allowed=16)
  bidding analysis:
    present_suits: H, D, S
    current_high=0  min_allowed=16  raise_delta=1
    overall: avg=12.50  p30=10.00  std=6.37
    failed_checks:
      H: p30 10.00 < 15; conf_mean 9.31 < 15
      D: p30 0.00 < 15; conf_mean 1.25 < 15
    reason: Pass: No suit meets thresholds. Best suit H has p30=10.00, conf_mean=9.31 below min_allowed=16 (current_high=0, raise_delta=+1). Failed checks for best suit: p30 10.00 < 15, conf_mean 9.31 < 15.
Pass (locked): Player 2 (min_allowed=16)
  bidding analysis:
    present_suits: H, C
    current_high=0  min_allowed=16  raise_delta=1
    overall: avg=13.00  p30=13.00  std=0.00
    suit_stats:
      H: pts=[20, 7, 7, 17, 5, 14 ...]  avg=12.88  p30=7.00  std=5.88
      C: pts=[13]  avg=13.00  p30=13.00  std=0.00
    failed_checks:
      H: p30 7.00 < 15; conf_mean 9.93 < 15
      C: p30 13.00 < 15; conf_mean 13.00 < 15
    reason: Pass: No suit meets thresholds. Best suit C has p30=13.00, conf_mean=13.00 below min_allowed=16 (current_high=0, raise_delta=+1). Failed checks for best suit: p30 13.00 < 15, conf_mean 13.00 < 15.
Pass (locked): Player 3 (min_allowed=16)
  bidding analysis:
    present_suits: H, S
    current_high=0  min_allowed=16  raise_delta=1
    overall: avg=0.00  p30=0.00  std=0.00
    failed_checks:
      S: p30 0.00 < 15; conf_mean 0.00 < 15
    reason: Pass: No suit meets thresholds. Best suit H has p30=0.00, conf_mean=0.00 below min_allowed=16 (current_high=0, raise_delta=+1). Failed checks for best suit: n/a.
Forced bid: All players passed. Player 0 takes minimum bid 16.

AUCTION WINNER: Player 0 with bid 16; chooses trump D 
Details={'chosen': 'D', 'estimates': {'D': 19.0, 'S': 17.0, 'C': 15.0}}
Player 0 hand :  ['QC', '9C', '8S', '8D', 'JH', '10C', 'KD']
Player 1 hand :  ['7D', 'KH', '7S', '7H', 'AS', '8H', 'JD', '9D']
Player 2 hand :  ['AH', 'AC', 'QH', '7C', '10S', 'KC', 'JC', 'KS']
Player 3 hand :  ['10H', 'QS', 'JS', '9S', '8C', '9H', '10D', 'QD']
Player 0 (auction 4 cards): ['QC', '9C', '8S', 'AD']
Player 1 (auction 4 cards): ['7D', 'KH', '7S', '7H']
Player 2 (auction 4 cards): ['AH', 'AC', 'QH', '7C']
Player 3 (auction 4 cards): ['10H', 'QS', 'JS', '9S']
Auction winner (bidder): Player 0 with bid 16
Bidder sets concealed trump suit: D
Phase: concealed, bidder concealed card: AD

Player 0 plays QC
-- Phase 2 begins: Trump revealed as D by Player 1 on trick 1 --
Player 1 plays 7D
Player 2 plays AC
Player 3 plays 8C
Player 1 won the hand: 1 points

Player 1 plays KH
Player 2 plays AH
Player 3 plays 10H
Player 0 plays JH
Player 0 won the hand: 5 points

Player 0 plays 9C
Player 1 plays 7S
Player 2 plays 7C
Player 3 plays QS
Player 0 won the hand: 2 points

Player 0 plays 8S
Player 1 plays AS
Player 2 plays 10S
Player 3 plays JS
Player 3 won the hand: 5 points

Player 3 plays 9S
Player 0 plays 8D
Player 1 plays 7H
Player 2 plays KS
Player 0 won the hand: 2 points

Player 0 plays 10C
Player 1 plays 8H
Player 2 plays KC
Player 3 plays 9H
Player 0 won the hand: 3 points

Player 0 plays KD
Player 1 plays JD
Player 2 plays QH
Player 3 plays 10D
Player 1 won the hand: 4 points

Player 1 plays 9D
Player 2 plays JC
Player 3 plays QD
Player 0 plays AD
Player 1 won the hand: 6 points

Game 39 final points: Team A=12, Team B=16
Series cumulative game score so far: Team A=-9, Team B=3
Log saved to: c:\Users\laksh\Desktop\Projects\28bot\logs\game28\mcts_games\game_39_20250822_143055_138928.log
