
===== GAME 59 (20250822_083600_045864) =====

===== AUCTION =====
Pass (locked): Player 0 (min_allowed=16)
  bidding analysis:
    present_suits: H, D, C
    current_high=0  min_allowed=16  raise_delta=1
    overall: avg=10.75  p30=13.00  std=6.42
    failed_checks:
      H: p30 0.00 < 15; conf_mean 0.00 < 15
      D: p30 0.00 < 15; conf_mean 0.00 < 15
      C: p30 13.00 < 15; conf_mean 7.54 < 15
    reason: Pass: No suit meets thresholds. Best suit C has p30=13.00, conf_mean=7.54 below min_allowed=16 (current_high=0, raise_delta=+1). Failed checks for best suit: p30 13.00 < 15, conf_mean 7.54 < 15.
Pass (locked): Player 1 (min_allowed=16)
  bidding analysis:
    present_suits: D, C, S
    current_high=0  min_allowed=16  raise_delta=1
    overall: avg=14.50  p30=13.00  std=5.55
    failed_checks:
      D: p30 13.00 < 15; conf_mean 11.73 < 15
      C: p30 0.00 < 15; conf_mean 0.00 < 15
      S: p30 0.00 < 15; conf_mean 0.00 < 15
    reason: Pass: No suit meets thresholds. Best suit D has p30=13.00, conf_mean=11.73 below min_allowed=16 (current_high=0, raise_delta=+1). Failed checks for best suit: p30 13.00 < 15, conf_mean 11.73 < 15.
Bid: Player 2 proposes 17 (min_allowed=16)
  bidding analysis:
    present_suits: H, D, C
    current_high=0  min_allowed=16  raise_delta=1
    chosen_suit: C
    proposed_bid: 17
    overall: avg=18.00  p30=17.00  std=4.64
    suit_stats:
      C: pts=[22, 17, 17, 17, 22, 8 ...]  avg=18.00  p30=17.00  std=4.64
      H: pts=[]
      D: pts=[]
    reason: Bid: Suit C meets thresholds (p30=17.00, conf_mean=15.68 >= min_allowed=16); conservative mapping max(p30, avg-1) -> 17. (current_high=0, raise_delta=+1)
Pass (locked): Player 3 (min_allowed=18)
  bidding analysis:
    present_suits: H, C, S
    current_high=17  min_allowed=18  raise_delta=1
    overall: avg=12.75  p30=12.00  std=3.38
    suit_stats:
      S: pts=[12, 10, 19, 13, 13, 12 ...]  avg=12.75  p30=12.00  std=3.38
      H: pts=[]
      C: pts=[]
    failed_checks:
      H: p30 0.00 < 17; conf_mean 0.00 < 17
      C: p30 0.00 < 17; conf_mean 0.00 < 17
      S: p30 12.00 < 17; conf_mean 11.06 < 17
    reason: Pass: No suit meets thresholds. Best suit S has p30=12.00, conf_mean=11.06 below min_allowed=18 (current_high=17, raise_delta=+1). Failed checks for best suit: p30 12.00 < 17, conf_mean 11.06 < 17.

AUCTION WINNER: Player 2 with bid 17; chooses trump C 
Details={'chosen': 'C', 'estimates': {'D': 13.0, 'H': 10.0, 'C': 20.0}}
Player 0 hand :  ['8C', '7H', '9H', 'AD', 'KS', 'KD', '9S', 'AC']
Player 1 hand :  ['7C', '8D', '10D', 'AS', 'JH', '10S', 'QC', 'QH']
Player 2 hand :  ['JD', '8H', '10C', 'AH', '9C', 'QS', 'QD']
Player 3 hand :  ['10H', '8S', '7S', 'JC', '9D', '7D', 'KH', 'JS']
Player 0 (auction 4 cards): ['8C', '7H', '9H', 'AD']
Player 1 (auction 4 cards): ['7C', '8D', '10D', 'AS']
Player 2 (auction 4 cards): ['KC', 'JD', '8H', '10C']
Player 3 (auction 4 cards): ['10H', '8S', '7S', 'JC']
Auction winner (bidder): Player 2 with bid 17
Bidder sets concealed trump suit: C
Phase: concealed, bidder concealed card: KC

Player 0 plays 8C
Player 1 plays 7C
Player 2 plays 10C
Player 3 plays JC
Player 3 won the hand: 4 points

Player 3 plays 10H
Player 0 plays 7H
Player 1 plays JH
Player 2 plays 8H
Player 1 won the hand: 4 points

Player 1 plays 8D
Player 2 plays JD
Player 3 plays 9D
Player 0 plays AD
Player 2 won the hand: 6 points

Player 2 plays AH
Player 3 plays KH
Player 0 plays 9H
Player 1 plays QH
Player 0 won the hand: 3 points

Player 0 plays KS
Player 1 plays AS
Player 2 plays QS
Player 3 plays 8S
Player 1 won the hand: 1 points

Player 1 plays 10D
Player 2 plays QD
Player 3 plays 7D
Player 0 plays KD
Player 1 won the hand: 1 points

Player 1 plays 10S
-- Phase 2 begins: Trump revealed as C by Player 2 on trick 7 --
Player 2 plays 9C
Player 3 plays 7S
Player 0 plays 9S
Player 2 won the hand: 5 points

Player 2 plays KC
Player 3 plays JS
Player 0 plays AC
Player 1 plays QC
Player 0 won the hand: 4 points

Game 59 final points: Team A=18, Team B=10
Series cumulative game score so far: Team A=-7, Team B=-13
Log saved to: c:\Users\laksh\Desktop\Projects\28bot\logs\game28\mcts_games\game_59_20250822_083600_045864.log
