
===== GAME 2 (20250819_160823_294925) =====

===== AUCTION =====
Pass (locked): Player 0 (min_allowed=16)
  bidding analysis:
    present_suits: H, D, C, S
    current_high=0  min_allowed=16  raise_delta=1
    overall: avg=11.50  p30=8.00  std=5.44
    suit_stats:
      D: pts=[6, 13, 0, 22, 1, 0]  avg=7.00  p30=0.00  std=8.12
      C: pts=[13, 11, 2, 8, 18, 17]  avg=11.50  p30=8.00  std=5.44
      H: pts=[0, 0]  avg=0.00  p30=0.00  std=0.00
      S: pts=[18, 0]  avg=9.00  p30=0.00  std=9.00
    failed_checks:
      H: p30 0.00 < 15; conf_mean 0.00 < 15
      D: p30 0.00 < 15; conf_mean 2.94 < 15
      C: p30 8.00 < 15; conf_mean 8.78 < 15
      S: p30 0.00 < 15; conf_mean 4.50 < 15
    reason: Pass: No suit meets thresholds. Best suit C has p30=8.00, conf_mean=8.78 below min_allowed=16 (current_high=0, raise_delta=+1). Failed checks for best suit: p30 8.00 < 15, conf_mean 8.78 < 15.
Pass (locked): Player 1 (min_allowed=16)
  bidding analysis:
    present_suits: H, D, S
    current_high=0  min_allowed=16  raise_delta=1
    overall: avg=9.67  p30=0.00  std=7.72
    suit_stats:
      D: pts=[19, 0, 13, 8, 0, 18]  avg=9.67  p30=0.00  std=7.72
      S: pts=[15, 12, 0, 0, 11, 14]  avg=8.67  p30=0.00  std=6.26
      H: pts=[0, 0]  avg=0.00  p30=0.00  std=0.00
    failed_checks:
      H: p30 0.00 < 15; conf_mean 0.00 < 15
      D: p30 0.00 < 15; conf_mean 5.81 < 15
      S: p30 0.00 < 15; conf_mean 5.54 < 15
    reason: Pass: No suit meets thresholds. Best suit D has p30=0.00, conf_mean=5.81 below min_allowed=16 (current_high=0, raise_delta=+1). Failed checks for best suit: p30 0.00 < 15, conf_mean 5.81 < 15.
Pass (locked): Player 2 (min_allowed=16)
  bidding analysis:
    present_suits: D, C, S
    current_high=0  min_allowed=16  raise_delta=1
    overall: avg=9.83  p30=0.00  std=10.43
    suit_stats:
      C: pts=[0, 26, 19, 0, 14, 0]  avg=9.83  p30=0.00  std=10.43
      D: pts=[10, 16, 0, 13, 12, 0]  avg=8.50  p30=0.00  std=6.26
      S: pts=[0, 0]  avg=0.00  p30=0.00  std=0.00
    failed_checks:
      D: p30 0.00 < 15; conf_mean 5.37 < 15
      C: p30 0.00 < 15; conf_mean 4.62 < 15
      S: p30 0.00 < 15; conf_mean 0.00 < 15
    reason: Pass: No suit meets thresholds. Best suit C has p30=0.00, conf_mean=4.62 below min_allowed=16 (current_high=0, raise_delta=+1). Failed checks for best suit: p30 0.00 < 15, conf_mean 4.62 < 15.
Pass (locked): Player 3 (min_allowed=16)
  bidding analysis:
    present_suits: H, C, S
    current_high=0  min_allowed=16  raise_delta=1
    overall: avg=10.17  p30=0.00  std=8.25
    suit_stats:
      C: pts=[17, 0, 10, 0, 0, 12]  avg=6.50  p30=0.00  std=6.83
      S: pts=[8, 0, 0, 16, 15, 22]  avg=10.17  p30=0.00  std=8.25
      H: pts=[13, 0]  avg=6.50  p30=0.00  std=6.50
    failed_checks:
      H: p30 0.00 < 15; conf_mean 3.25 < 15
      C: p30 0.00 < 15; conf_mean 3.09 < 15
      S: p30 0.00 < 15; conf_mean 6.04 < 15
    reason: Pass: No suit meets thresholds. Best suit S has p30=0.00, conf_mean=6.04 below min_allowed=16 (current_high=0, raise_delta=+1). Failed checks for best suit: p30 0.00 < 15, conf_mean 6.04 < 15.
Forced bid: All players passed. Player 0 takes minimum bid 16.

AUCTION WINNER: Player 0 with bid 16; chooses trump C 
Details={'chosen': 'C', 'estimates': {'H': 3, 'D': 3, 'C': 5, 'S': 3}}
Player 0 hand :  ['7S', 'QD', 'QH', 'JS', '9S', '9D', 'KH']
Player 1 hand :  ['8D', 'AH', 'QS', '10D', 'AD', '7H', '10S', '10H']
Player 2 hand :  ['KS', 'KD', '9C', '7C', '7D', '8C', 'QC', 'JC']
Player 3 hand :  ['AS', '9H', '8S', 'KC', 'JD', 'AC', 'JH', '8H']
Player 0 (auction 4 cards): ['7S', '10C', 'QD', 'QH']
Player 1 (auction 4 cards): ['8D', 'AH', 'QS', '10D']
Player 2 (auction 4 cards): ['KS', 'KD', '9C', '7C']
Player 3 (auction 4 cards): ['AS', '9H', '8S', 'KC']
Auction winner (bidder): Player 0 with bid 16
Bidder sets concealed trump suit: C
Phase: concealed, bidder concealed card: 10C

Player 0 plays 7S
Player 1 plays QS
Player 2 plays KS
Player 3 plays AS
Player 3 won the hand: 1 points

Player 3 plays 9H
Player 0 plays QH
Player 1 plays AH
Player 2 plays KD
Player 3 won the hand: 3 points

Player 3 plays 8S
Player 0 plays JS
Player 1 plays 10S
-- Phase 2 begins: Trump revealed as C by Player 2 on trick 3 --
Player 2 plays 9C
Player 2 won the hand: 6 points

Player 2 plays 7C
Player 3 plays KC
Player 0 plays 10C
Player 1 plays 8D
Player 0 won the hand: 1 points

Player 0 plays QD
Player 1 plays 10D
Player 2 plays 7D
Player 3 plays JD
Player 3 won the hand: 4 points

Player 3 plays AC
Player 0 plays 9S
Player 1 plays AD
Player 2 plays 8C
Player 3 won the hand: 4 points

Player 3 plays JH
Player 0 plays KH
Player 1 plays 7H
Player 2 plays QC
Player 2 won the hand: 3 points

Player 2 plays JC
Player 3 plays 8H
Player 0 plays 9D
Player 1 plays 10H
Player 2 won the hand: 6 points

Game 2 final points: Team A=16, Team B=12
Series cumulative game score so far: Team A=0, Team B=0
Log saved to: c:\Users\laksh\Desktop\Projects\28bot\logs\game28\mcts_games\game_2_20250819_160823_294925.log
