
===== GAME 47 (20250825_113658_575369) =====

===== AUCTION =====
Pass (locked): Player 0 (min_allowed=16)
  bidding analysis:
    present_suits: H, D, C
    current_high=0  min_allowed=16  raise_delta=1
    overall: avg=9.25  p30=7.00  std=2.49
    failed_checks:
      H: p30 0.00 < 15; conf_mean 0.00 < 15
      D: p30 0.00 < 15; conf_mean 0.00 < 15
      C: p30 7.00 < 15; conf_mean 8.01 < 15
    reason: Pass: No suit meets thresholds. Best suit C has p30=7.00, conf_mean=8.01 below min_allowed=16 (current_high=0, raise_delta=+1). Failed checks for best suit: p30 7.00 < 15, conf_mean 8.01 < 15.
Pass (locked): Player 1 (min_allowed=16)
  bidding analysis:
    present_suits: H, C, S
    current_high=0  min_allowed=16  raise_delta=1
    overall: avg=13.88  p30=13.00  std=4.08
    failed_checks:
      H: p30 13.00 < 15; conf_mean 11.84 < 15
      C: p30 0.00 < 15; conf_mean 0.00 < 15
    reason: Pass: No suit meets thresholds. Best suit H has p30=13.00, conf_mean=11.84 below min_allowed=16 (current_high=0, raise_delta=+1). Failed checks for best suit: p30 13.00 < 15, conf_mean 11.84 < 15.
Pass (locked): Player 2 (min_allowed=16)
  bidding analysis:
    present_suits: H, D, S
    current_high=0  min_allowed=16  raise_delta=1
    overall: avg=16.06  p30=15.00  std=4.56
    failed_checks:
      H: p30 0.00 < 15; conf_mean 0.00 < 15
      D: conf_mean 13.78 < 15
    reason: Pass: No suit meets thresholds. Best suit D has p30=15.00, conf_mean=13.78 below min_allowed=16 (current_high=0, raise_delta=+1). Failed checks for best suit: conf_mean 13.78 < 15.
Pass (locked): Player 3 (min_allowed=16)
  bidding analysis:
    present_suits: D, C, S
    current_high=0  min_allowed=16  raise_delta=1
    overall: avg=0.00  p30=0.00  std=0.00
    failed_checks:
      C: p30 0.00 < 15; conf_mean 0.00 < 15
      S: p30 0.00 < 15; conf_mean 0.00 < 15
    reason: Pass: No suit meets thresholds. Best suit D has p30=0.00, conf_mean=0.00 below min_allowed=16 (current_high=0, raise_delta=+1). Failed checks for best suit: n/a.
Forced bid: All players passed. Player 0 takes minimum bid 16.

AUCTION WINNER: Player 0 with bid 16; chooses trump C 
Details={'chosen': 'C', 'estimates': {'H': 0.0, 'D': 0.0, 'C': 9.25}}
Player 0 hand :  ['JH', 'KD', 'QC', '7S', 'JC', '7H', '8D']
Player 1 hand :  ['8H', 'QS', '8C', '7C', '8S', 'AH', '9D', 'KH']
Player 2 hand :  ['10S', '9H', '10H', 'AD', 'AS', 'KS', 'JD', 'QH']
Player 3 hand :  ['7D', 'QD', 'AC', '9S', '9C', 'JS', '10C', '10D']
Player 0 (auction 4 cards): ['JH', 'KD', 'KC', 'QC']
Player 1 (auction 4 cards): ['8H', 'QS', '8C', '7C']
Player 2 (auction 4 cards): ['10S', '9H', '10H', 'AD']
Player 3 (auction 4 cards): ['7D', 'QD', 'AC', '9S']
Auction winner (bidder): Player 0 with bid 16
Bidder sets concealed trump suit: C
Phase: concealed, bidder concealed card: KC

Player 0 plays JH
Player 1 plays 8H
Player 2 plays 9H
Player 3 plays 7D
Player 0 won the hand: 5 points

Player 0 plays KD
Player 1 plays 9D
Player 2 plays AD
Player 3 plays QD
Player 1 won the hand: 3 points

Player 1 plays QS
Player 2 plays 10S
Player 3 plays 9S
Player 0 plays 7S
Player 3 won the hand: 3 points

Player 3 plays AC
Player 0 plays QC
Player 1 plays 8C
Player 2 plays 10H
Player 3 won the hand: 2 points

Player 3 plays 9C
Player 0 plays JC
Player 1 plays 7C
Player 2 plays AS
Player 0 won the hand: 6 points

Player 0 plays 7H
Player 1 plays AH
Player 2 plays QH
Player 3 plays JS
Player 1 won the hand: 4 points

Player 1 plays 8S
Player 2 plays KS
-- Phase 2 begins: Trump revealed as C by Player 3 on trick 7 --
Player 3 plays 10C
Player 0 plays 8D
Player 3 won the hand: 1 points

Player 3 plays 10D
Player 0 plays KC
Player 1 plays KH
Player 2 plays JD
Player 0 won the hand: 4 points

Game 47 final points: Team A=15, Team B=13
Series cumulative game score so far: Team A=-12, Team B=-4
Log saved to: c:\Users\laksh\Desktop\Projects\28bot\logs\game28\mcts_games\game_47_20250825_113658_575369.log
