
===== GAME 32 (20250821_111616_404144) =====

===== AUCTION =====
Bid: Player 0 proposes 19 (min_allowed=16)
  bidding analysis:
    present_suits: H, D, S
    current_high=0  min_allowed=16  raise_delta=1
    chosen_suit: D
    proposed_bid: 19
    overall: avg=19.50  p30=19.00  std=3.39
    suit_stats:
      D: pts=[19, 14, 19, 21, 21, 15 ...]  avg=19.50  p30=19.00  std=3.39
      H: pts=[]
      S: pts=[]
    reason: Bid: Suit D meets thresholds (p30=19.00, conf_mean=17.80 >= min_allowed=16); conservative mapping max(p30, avg-1) -> 19. (current_high=0, raise_delta=+1)
Pass (locked): Player 1 (min_allowed=20)
  bidding analysis:
    present_suits: H, C
    current_high=19  min_allowed=20  raise_delta=1
    overall: avg=16.75  p30=14.00  std=4.71
    suit_stats:
      C: pts=[25, 14, 15, 13, 19, 21 ...]  avg=16.75  p30=14.00  std=4.71
      H: pts=[10]  avg=10.00  p30=10.00  std=0.00
    failed_checks:
      H: p30 10.00 < 19; conf_mean 10.00 < 19
      C: p30 14.00 < 19; conf_mean 14.39 < 19
    reason: Pass: No suit meets thresholds. Best suit C has p30=14.00, conf_mean=14.39 below min_allowed=20 (current_high=19, raise_delta=+1). Failed checks for best suit: p30 14.00 < 19, conf_mean 14.39 < 19.
Pass (locked): Player 2 (min_allowed=20)
  bidding analysis:
    present_suits: D, C, S
    current_high=19  min_allowed=20  raise_delta=1
    overall: avg=13.50  p30=11.00  std=6.02
    failed_checks:
      D: p30 11.00 < 19; conf_mean 10.49 < 19
      C: p30 0.00 < 19; conf_mean 0.00 < 19
      S: p30 0.00 < 19; conf_mean 0.00 < 19
    reason: Pass: No suit meets thresholds. Best suit D has p30=11.00, conf_mean=10.49 below min_allowed=20 (current_high=19, raise_delta=+1). Failed checks for best suit: p30 11.00 < 19, conf_mean 10.49 < 19.
Pass (locked): Player 3 (min_allowed=20)
  bidding analysis:
    present_suits: H, D, C
    current_high=19  min_allowed=20  raise_delta=1
    overall: avg=14.75  p30=15.00  std=9.93
    failed_checks:
      H: p30 15.00 < 19; conf_mean 9.78 < 19
      D: p30 0.00 < 19; conf_mean 0.00 < 19
    reason: Pass: No suit meets thresholds. Best suit H has p30=15.00, conf_mean=9.78 below min_allowed=20 (current_high=19, raise_delta=+1). Failed checks for best suit: p30 15.00 < 19, conf_mean 9.78 < 19.

AUCTION WINNER: Player 0 with bid 19; chooses trump D 
Details={'chosen': 'D', 'estimates': {'S': 12.0, 'D': 18.0, 'H': 15.0}}
Player 0 hand :  ['9S', 'JH', 'JD', '8C', 'KH', 'AS', 'QH']
Player 1 hand :  ['9C', 'AH', '7C', '8H', 'KD', '8S', '10D', 'KS']
Player 2 hand :  ['AD', '8D', 'AC', '7S', '10S', '10C', '7D', 'KC']
Player 3 hand :  ['9H', 'JC', '9D', '7H', '10H', 'QS', 'QC', 'JS']
Player 0 (auction 4 cards): ['9S', 'QD', 'JH', 'JD']
Player 1 (auction 4 cards): ['9C', 'AH', '7C', '8H']
Player 2 (auction 4 cards): ['AD', '8D', 'AC', '7S']
Player 3 (auction 4 cards): ['9H', 'JC', '9D', '7H']
Auction winner (bidder): Player 0 with bid 19
Bidder sets concealed trump suit: D
Phase: concealed, bidder concealed card: QD

Player 0 plays 9S
Player 1 plays 8S
Player 2 plays 7S
Player 3 plays QS
Player 0 won the hand: 2 points

Player 0 plays JH
Player 1 plays AH
-- Phase 2 begins: Trump revealed as D by Player 2 on trick 2 --
Player 2 plays AD
Player 3 plays 9H
Player 2 won the hand: 7 points

Player 2 plays 8D
Player 3 plays 9D
Player 0 plays JD
Player 1 plays KD
Player 0 won the hand: 5 points

Player 0 plays 8C
Player 1 plays 9C
Player 2 plays AC
Player 3 plays JC
Player 3 won the hand: 6 points

Player 3 plays 7H
Player 0 plays KH
Player 1 plays 8H
Player 2 plays 10S
Player 0 won the hand: 1 points

Player 0 plays AS
Player 1 plays KS
Player 2 plays 10C
Player 3 plays JS
Player 3 won the hand: 5 points

Player 3 plays 10H
Player 0 plays QH
Player 1 plays 7C
Player 2 plays 7D
Player 2 won the hand: 1 points

Player 2 plays KC
Player 3 plays QC
Player 0 plays QD
Player 1 plays 10D
Player 1 won the hand: 1 points

Game 32 final points: Team A=16, Team B=12
Series cumulative game score so far: Team A=-9, Team B=-5
Log saved to: C:\Users\laksh\Desktop\Projects\28bot\logs\game28\mcts_games\game_32_20250821_111616_404144.log
