
===== GAME 31 (20250822_075857_535429) =====

===== AUCTION =====
Pass (locked): Player 0 (min_allowed=16)
  bidding analysis:
    present_suits: H, D, C, S
    current_high=0  min_allowed=16  raise_delta=1
    overall: avg=2.50  p30=2.00  std=0.50
    failed_checks:
      H: p30 2.00 < 15; conf_mean 2.25 < 15
      D: p30 0.00 < 15; conf_mean 1.00 < 15
      C: p30 0.00 < 15; conf_mean 3.07 < 15
      S: p30 0.00 < 15; conf_mean 4.94 < 15
    reason: Pass: No suit meets thresholds. Best suit H has p30=2.00, conf_mean=2.25 below min_allowed=16 (current_high=0, raise_delta=+1). Failed checks for best suit: p30 2.00 < 15, conf_mean 2.25 < 15.
Pass (locked): Player 1 (min_allowed=16)
  bidding analysis:
    present_suits: D, C
    current_high=0  min_allowed=16  raise_delta=1
    overall: avg=0.00  p30=0.00  std=0.00
    failed_checks:
      D: p30 0.00 < 15; conf_mean 0.00 < 15
    reason: Pass: No suit meets thresholds. Best suit D has p30=0.00, conf_mean=0.00 below min_allowed=16 (current_high=0, raise_delta=+1). Failed checks for best suit: p30 0.00 < 15, conf_mean 0.00 < 15.
Pass (locked): Player 2 (min_allowed=16)
  bidding analysis:
    present_suits: H, D, S
    current_high=0  min_allowed=16  raise_delta=1
    overall: avg=13.38  p30=11.00  std=7.24
    suit_stats:
      H: pts=[12, 11, 4, 25, 14, 22 ...]  avg=13.38  p30=11.00  std=7.24
      D: pts=[]
      S: pts=[]
    failed_checks:
      H: p30 11.00 < 15; conf_mean 9.75 < 15
      D: p30 0.00 < 15; conf_mean 0.00 < 15
      S: p30 0.00 < 15; conf_mean 0.00 < 15
    reason: Pass: No suit meets thresholds. Best suit H has p30=11.00, conf_mean=9.75 below min_allowed=16 (current_high=0, raise_delta=+1). Failed checks for best suit: p30 11.00 < 15, conf_mean 9.75 < 15.
Bid: Player 3 proposes 22 (min_allowed=16)
  bidding analysis:
    present_suits: H, D, C, S
    current_high=0  min_allowed=16  raise_delta=1
    chosen_suit: H
    proposed_bid: 22
    overall: avg=22.00  p30=22.00  std=0.00
    suit_stats:
      S: pts=[17]  avg=17.00  p30=17.00  std=0.00
      C: pts=[15]  avg=15.00  p30=15.00  std=0.00
      D: pts=[9]  avg=9.00  p30=9.00  std=0.00
      H: pts=[22]  avg=22.00  p30=22.00  std=0.00
    reason: Bid: Suit H meets thresholds (p30=22.00, conf_mean=22.00 >= min_allowed=16); conservative mapping max(p30, avg-1) -> 22. (current_high=0, raise_delta=+1)

AUCTION WINNER: Player 3 with bid 22; chooses trump C 
Details={'chosen': 'C', 'estimates': {'S': 6.0, 'C': 15.0, 'D': 9.0, 'H': 13.0}}
Player 0 hand :  ['KC', '7S', '8H', '7D', '8S', 'AS', 'JC', 'JS']
Player 1 hand :  ['AC', 'KD', '9C', '10C', 'KS', '10D', 'JH', 'AH']
Player 2 hand :  ['9S', '10H', '9D', 'QH', '7H', '9H', 'QD', 'QS']
Player 3 hand :  ['10S', '8D', 'KH', 'AD', '8C', 'JD', '7C']
Player 0 (auction 4 cards): ['KC', '7S', '8H', '7D']
Player 1 (auction 4 cards): ['AC', 'KD', '9C', '10C']
Player 2 (auction 4 cards): ['9S', '10H', '9D', 'QH']
Player 3 (auction 4 cards): ['10S', 'QC', '8D', 'KH']
Auction winner (bidder): Player 3 with bid 22
Bidder sets concealed trump suit: C
Phase: concealed, bidder concealed card: QC

Player 0 plays KC
Player 1 plays AC
Player 2 plays 9S
Player 3 plays 8C
Player 1 won the hand: 3 points

Player 1 plays KD
Player 2 plays 9D
Player 3 plays 8D
Player 0 plays 7D
Player 2 won the hand: 2 points

Player 2 plays 10H
Player 3 plays KH
Player 0 plays 8H
Player 1 plays JH
Player 1 won the hand: 4 points

Player 1 plays 9C
Player 2 plays QH
Player 3 plays 7C
Player 0 plays JC
Player 0 won the hand: 5 points

Player 0 plays 7S
Player 1 plays KS
Player 2 plays QS
Player 3 plays 10S
Player 3 won the hand: 1 points

Player 3 plays AD
Player 0 plays 8S
Player 1 plays 10D
Player 2 plays QD
Player 3 won the hand: 2 points

Player 3 plays JD
Player 0 plays AS
-- Phase 2 begins: Trump revealed as C by Player 1 on trick 7 --
Player 1 plays 10C
Player 2 plays 7H
Player 1 won the hand: 5 points

Player 1 plays AH
Player 2 plays 9H
Player 3 plays QC
Player 0 plays JS
Player 3 won the hand: 6 points

Game 31 final points: Team A=7, Team B=21
Series cumulative game score so far: Team A=-3, Team B=-6
Log saved to: c:\Users\laksh\Desktop\Projects\28bot\logs\game28\mcts_games\game_31_20250822_075857_535429.log
