
===== GAME 68 (20250822_162046_029589) =====

===== AUCTION =====
Bid: Player 0 proposes 22 (min_allowed=16)
  bidding analysis:
    present_suits: H, C, S
    current_high=0  min_allowed=16  raise_delta=1
    chosen_suit: H
    proposed_bid: 22
    overall: avg=20.75  p30=22.00  std=2.77
    reason: Bid (precomputed): Suit H meets thresholds (p30=22.00, conf_mean=19.36 >= min_allowed=16); conservative mapping max(p30, avg-1) -> 22. (current_high=0, raise_delta=+1)
Pass (locked): Player 1 (min_allowed=23)
  bidding analysis:
    present_suits: H, C
    current_high=22  min_allowed=23  raise_delta=1
    overall: avg=19.00  p30=19.00  std=0.00
    suit_stats:
      H: pts=[20, 19, 21, 24, 23, 7 ...]  avg=16.69  p30=13.00  std=6.18
      C: pts=[19]  avg=19.00  p30=19.00  std=0.00
    failed_checks:
      H: p30 13.00 < 22; conf_mean 13.60 < 22
      C: p30 19.00 < 22; conf_mean 19.00 < 22
    reason: Pass: No suit meets thresholds. Best suit C has p30=19.00, conf_mean=19.00 below min_allowed=23 (current_high=22, raise_delta=+1). Failed checks for best suit: p30 19.00 < 22, conf_mean 19.00 < 22.
Pass (locked): Player 2 (min_allowed=23)
  bidding analysis:
    present_suits: H, D, S
    current_high=22  min_allowed=23  raise_delta=1
    overall: avg=0.00  p30=0.00  std=0.00
    failed_checks:
      D: p30 0.00 < 22; conf_mean 0.00 < 22
      S: p30 0.00 < 22; conf_mean 0.00 < 22
    reason: Pass: No suit meets thresholds. Best suit H has p30=0.00, conf_mean=0.00 below min_allowed=23 (current_high=22, raise_delta=+1). Failed checks for best suit: n/a.
Pass (locked): Player 3 (min_allowed=23)
  bidding analysis:
    present_suits: D, C, S
    current_high=22  min_allowed=23  raise_delta=1
    overall: avg=10.00  p30=6.00  std=6.02
    failed_checks:
      D: p30 0.00 < 22; conf_mean 0.00 < 22
      C: p30 6.00 < 22; conf_mean 6.99 < 22
    reason: Pass: No suit meets thresholds. Best suit C has p30=6.00, conf_mean=6.99 below min_allowed=23 (current_high=22, raise_delta=+1). Failed checks for best suit: p30 6.00 < 22, conf_mean 6.99 < 22.

AUCTION WINNER: Player 0 with bid 22; chooses trump H 
Details={'chosen': 'H', 'estimates': {'H': 20.75, 'C': 0.0, 'S': 0.0}}
Player 0 hand :  ['8C', 'JS', 'JH', '10C', 'JD', '7D', '9D']
Player 1 hand :  ['9C', 'QH', 'JC', '8H', '10S', '7S', 'KC', 'QD']
Player 2 hand :  ['9H', 'AD', '7H', 'QS', '8S', '10D', '9S', '10H']
Player 3 hand :  ['7C', 'AC', 'AS', 'KD', 'KH', '8D', 'KS', 'QC']
Player 0 (auction 4 cards): ['8C', 'JS', 'JH', 'AH']
Player 1 (auction 4 cards): ['9C', 'QH', 'JC', '8H']
Player 2 (auction 4 cards): ['9H', 'AD', '7H', 'QS']
Player 3 (auction 4 cards): ['7C', 'AC', 'AS', 'KD']
Auction winner (bidder): Player 0 with bid 22
Bidder sets concealed trump suit: H
Phase: concealed, bidder concealed card: AH

Player 0 plays 8C
Player 1 plays 9C
-- Phase 2 begins: Trump revealed as H by Player 2 on trick 1 --
Player 2 plays 9H
Player 3 plays 7C
Player 2 won the hand: 4 points

Player 2 plays AD
Player 3 plays KD
Player 0 plays JD
Player 1 plays QD
Player 0 won the hand: 4 points

Player 0 plays JS
Player 1 plays 10S
Player 2 plays QS
Player 3 plays AS
Player 0 won the hand: 5 points

Player 0 plays JH
Player 1 plays QH
Player 2 plays 7H
Player 3 plays KH
Player 0 won the hand: 3 points

Player 0 plays 10C
Player 1 plays JC
Player 2 plays 8S
Player 3 plays AC
Player 1 won the hand: 5 points

Player 1 plays 8H
Player 2 plays 10H
Player 3 plays 8D
Player 0 plays AH
Player 0 won the hand: 2 points

Player 0 plays 7D
Player 1 plays 7S
Player 2 plays 10D
Player 3 plays KS
Player 2 won the hand: 1 points

Player 2 plays 9S
Player 3 plays QC
Player 0 plays 9D
Player 1 plays KC
Player 2 won the hand: 4 points

Game 68 final points: Team A=23, Team B=5
Series cumulative game score so far: Team A=-8, Team B=2
Log saved to: c:\Users\laksh\Desktop\Projects\28bot\logs\game28\mcts_games\game_68_20250822_162046_029589.log
