
===== GAME 47 (20250822_144112_062991) =====

===== AUCTION =====
Bid: Player 0 proposes 18 (min_allowed=16)
  bidding analysis:
    present_suits: H, D, S
    current_high=0  min_allowed=16  raise_delta=1
    chosen_suit: H
    proposed_bid: 18
    overall: avg=19.12  p30=18.00  std=2.80
    reason: Bid (precomputed): Suit H meets thresholds (p30=18.00, conf_mean=17.72 >= min_allowed=16); conservative mapping max(p30, avg-1) -> 18. (current_high=0, raise_delta=+1)
Pass (locked): Player 1 (min_allowed=19)
  bidding analysis:
    present_suits: H, D, C
    current_high=18  min_allowed=19  raise_delta=1
    overall: avg=14.56  p30=12.00  std=4.51
    suit_stats:
      C: pts=[22, 12, 7, 22, 15, 8 ...]  avg=14.56  p30=12.00  std=4.51
      H: pts=[]
      D: pts=[]
    failed_checks:
      H: p30 0.00 < 18; conf_mean 0.00 < 18
      D: p30 0.00 < 18; conf_mean 0.00 < 18
      C: p30 12.00 < 18; conf_mean 12.31 < 18
    reason: Pass: No suit meets thresholds. Best suit C has p30=12.00, conf_mean=12.31 below min_allowed=19 (current_high=18, raise_delta=+1). Failed checks for best suit: p30 12.00 < 18, conf_mean 12.31 < 18.
Pass (locked): Player 2 (min_allowed=19)
  bidding analysis:
    present_suits: H, D, C
    current_high=18  min_allowed=19  raise_delta=1
    overall: avg=8.25  p30=2.00  std=7.69
    failed_checks:
      H: p30 2.00 < 18; conf_mean 4.40 < 18
      C: p30 0.00 < 18; conf_mean 0.00 < 18
    reason: Pass: No suit meets thresholds. Best suit H has p30=2.00, conf_mean=4.40 below min_allowed=19 (current_high=18, raise_delta=+1). Failed checks for best suit: p30 2.00 < 18, conf_mean 4.40 < 18.
Pass (locked): Player 3 (min_allowed=19)
  bidding analysis:
    present_suits: H, D, S
    current_high=18  min_allowed=19  raise_delta=1
    overall: avg=12.67  p30=7.00  std=7.85
    failed_checks:
      H: p30 7.00 < 18; conf_mean 8.74 < 18
      D: p30 0.00 < 18; conf_mean 0.25 < 18
    reason: Pass: No suit meets thresholds. Best suit H has p30=7.00, conf_mean=8.74 below min_allowed=19 (current_high=18, raise_delta=+1). Failed checks for best suit: p30 7.00 < 18, conf_mean 8.74 < 18.

AUCTION WINNER: Player 0 with bid 18; chooses trump S 
Details={'chosen': 'S', 'estimates': {'H': 19.125, 'D': 0.0, 'S': 19.166666666666668}}
Player 0 hand :  ['9S', 'JD', '8H', '10H', '7C', '8S', 'JC']
Player 1 hand :  ['JH', 'QD', '9C', 'QC', 'KS', '8D', '9D', 'KD']
Player 2 hand :  ['8C', 'KH', 'QH', '10D', 'AS', 'AC', 'AH', '10C']
Player 3 hand :  ['7S', '7D', 'AD', '7H', '9H', 'KC', 'QS', '10S']
Player 0 (auction 4 cards): ['9S', 'JD', '8H', 'JS']
Player 1 (auction 4 cards): ['JH', 'QD', '9C', 'QC']
Player 2 (auction 4 cards): ['8C', 'KH', 'QH', '10D']
Player 3 (auction 4 cards): ['7S', '7D', 'AD', '7H']
Auction winner (bidder): Player 0 with bid 18
Bidder sets concealed trump suit: S
Phase: concealed, bidder concealed card: JS

Player 0 plays JD
Player 1 plays QD
Player 2 plays 10D
Player 3 plays 7D
Player 0 won the hand: 4 points

Player 0 plays 8H
Player 1 plays JH
Player 2 plays KH
Player 3 plays 7H
Player 1 won the hand: 3 points

Player 1 plays 9C
Player 2 plays 8C
Player 3 plays KC
Player 0 plays 7C
Player 1 won the hand: 2 points

Player 1 plays QC
Player 2 plays AC
-- Phase 2 begins: Trump revealed as S by Player 3 on trick 4 --
Player 3 plays 7S
Player 0 plays JC
Player 3 won the hand: 4 points

Player 3 plays AD
Player 0 plays 9S
Player 1 plays 8D
Player 2 plays QH
Player 0 won the hand: 3 points

Player 0 plays 10H
Player 1 plays KS
Player 2 plays AH
Player 3 plays 9H
Player 1 won the hand: 4 points

Player 1 plays 9D
Player 2 plays AS
Player 3 plays QS
Player 0 plays 8S
Player 2 won the hand: 3 points

Player 2 plays 10C
Player 3 plays 10S
Player 0 plays JS
Player 1 plays KD
Player 0 won the hand: 5 points

Game 47 final points: Team A=15, Team B=13
Series cumulative game score so far: Team A=-11, Team B=5
Log saved to: c:\Users\laksh\Desktop\Projects\28bot\logs\game28\mcts_games\game_47_20250822_144112_062991.log
