
===== GAME 42 (20250822_081217_785508) =====

===== AUCTION =====
Pass (locked): Player 0 (min_allowed=16)
  bidding analysis:
    present_suits: D, C, S
    current_high=0  min_allowed=16  raise_delta=1
    overall: avg=12.62  p30=11.00  std=4.03
    failed_checks:
      C: p30 0.00 < 15; conf_mean 0.00 < 15
      S: p30 11.00 < 15; conf_mean 10.61 < 15
    reason: Pass: No suit meets thresholds. Best suit S has p30=11.00, conf_mean=10.61 below min_allowed=16 (current_high=0, raise_delta=+1). Failed checks for best suit: p30 11.00 < 15, conf_mean 10.61 < 15.
Pass (locked): Player 1 (min_allowed=16)
  bidding analysis:
    present_suits: H, D, C
    current_high=0  min_allowed=16  raise_delta=1
    overall: avg=8.50  p30=6.00  std=4.53
    suit_stats:
      D: pts=[14, 6, 16, 7, 4, 6 ...]  avg=8.50  p30=6.00  std=4.53
      H: pts=[]
      C: pts=[]
    failed_checks:
      H: p30 0.00 < 15; conf_mean 0.00 < 15
      D: p30 6.00 < 15; conf_mean 6.24 < 15
      C: p30 0.00 < 15; conf_mean 0.00 < 15
    reason: Pass: No suit meets thresholds. Best suit D has p30=6.00, conf_mean=6.24 below min_allowed=16 (current_high=0, raise_delta=+1). Failed checks for best suit: p30 6.00 < 15, conf_mean 6.24 < 15.
Bid: Player 2 proposes 19 (min_allowed=16)
  bidding analysis:
    present_suits: S
    current_high=0  min_allowed=16  raise_delta=1
    chosen_suit: S
    proposed_bid: 19
    overall: avg=20.88  p30=18.00  std=3.26
    suit_stats:
      S: pts=[16, 24, 19, 23, 18, 18 ...]  avg=20.88  p30=18.00  std=3.26
    reason: Bid: Suit S meets thresholds (p30=18.00, conf_mean=19.25 >= min_allowed=16); conservative mapping max(p30, avg-1) -> 19. (current_high=0, raise_delta=+1)
Pass (locked): Player 3 (min_allowed=20)
  bidding analysis:
    present_suits: H, D, C
    current_high=19  min_allowed=20  raise_delta=1
    overall: avg=18.12  p30=18.00  std=3.92
    suit_stats:
      D: pts=[21, 9, 18, 16, 18, 21 ...]  avg=18.12  p30=18.00  std=3.92
      H: pts=[]
      C: pts=[]
    failed_checks:
      H: p30 0.00 < 19; conf_mean 0.00 < 19
      D: p30 18.00 < 19; conf_mean 16.17 < 19
      C: p30 0.00 < 19; conf_mean 0.00 < 19
    reason: Pass: No suit meets thresholds. Best suit D has p30=18.00, conf_mean=16.17 below min_allowed=20 (current_high=19, raise_delta=+1). Failed checks for best suit: p30 18.00 < 19, conf_mean 16.17 < 19.

AUCTION WINNER: Player 2 with bid 19; chooses trump S 
Details={'chosen': 'S', 'estimates': {'S': 22.166666666666668}}
Player 0 hand :  ['8C', 'KS', '8D', '7D', '8S', '10C', '9H', '10H']
Player 1 hand :  ['10D', 'AC', 'QH', 'KD', 'AH', '8H', 'AS', 'KC']
Player 2 hand :  ['10S', 'JS', '9S', 'JH', '7S', 'QC', 'AD']
Player 3 hand :  ['9D', 'JD', '9C', '7H', 'KH', '7C', 'JC', 'QD']
Player 0 (auction 4 cards): ['8C', 'KS', '8D', '7D']
Player 1 (auction 4 cards): ['10D', 'AC', 'QH', 'KD']
Player 2 (auction 4 cards): ['10S', 'QS', 'JS', '9S']
Player 3 (auction 4 cards): ['9D', 'JD', '9C', '7H']
Auction winner (bidder): Player 2 with bid 19
Bidder sets concealed trump suit: S
Phase: concealed, bidder concealed card: QS

Player 0 plays 8C
Player 1 plays AC
Player 2 plays QC
Player 3 plays 9C
Player 3 won the hand: 3 points

Player 3 plays 9D
Player 0 plays 8D
Player 1 plays 10D
Player 2 plays AD
Player 3 won the hand: 4 points

Player 3 plays JD
Player 0 plays 7D
Player 1 plays KD
-- Phase 2 begins: Trump revealed as S by Player 2 on trick 3 --
Player 2 plays 10S
Player 2 won the hand: 4 points

Player 2 plays JS
Player 3 plays 7H
Player 0 plays KS
Player 1 plays AS
Player 2 won the hand: 4 points

Player 2 plays 9S
Player 3 plays KH
Player 0 plays 8S
Player 1 plays QH
Player 2 won the hand: 2 points

Player 2 plays JH
Player 3 plays 7C
Player 0 plays 9H
Player 1 plays AH
Player 2 won the hand: 6 points

Player 2 plays 7S
Player 3 plays JC
Player 0 plays 10C
Player 1 plays 8H
Player 2 won the hand: 4 points

Player 2 plays QS
Player 3 plays QD
Player 0 plays 10H
Player 1 plays KC
Player 2 won the hand: 1 points

Game 42 final points: Team A=21, Team B=7
Series cumulative game score so far: Team A=-5, Team B=-9
Log saved to: c:\Users\laksh\Desktop\Projects\28bot\logs\game28\mcts_games\game_42_20250822_081217_785508.log
