
===== GAME 15 (20250822_001613_768617) =====

===== AUCTION =====
Pass (locked): Player 0 (min_allowed=16)
  bidding analysis:
    present_suits: D, C, S
    current_high=0  min_allowed=16  raise_delta=1
    overall: avg=15.12  p30=14.00  std=6.19
    suit_stats:
      S: pts=[8, 16, 17, 16, 24, 14 ...]  avg=15.12  p30=14.00  std=6.19
      D: pts=[]
      C: pts=[]
    failed_checks:
      D: p30 0.00 < 15; conf_mean 0.00 < 15
      C: p30 0.00 < 15; conf_mean 0.00 < 15
      S: p30 14.00 < 15; conf_mean 12.03 < 15
    reason: Pass: No suit meets thresholds. Best suit S has p30=14.00, conf_mean=12.03 below min_allowed=16 (current_high=0, raise_delta=+1). Failed checks for best suit: p30 14.00 < 15, conf_mean 12.03 < 15.
Pass (locked): Player 1 (min_allowed=16)
  bidding analysis:
    present_suits: H, C, S
    current_high=0  min_allowed=16  raise_delta=1
    overall: avg=12.12  p30=11.00  std=5.30
    suit_stats:
      H: pts=[12, 11, 6, 16, 3, 15 ...]  avg=12.12  p30=11.00  std=5.30
      C: pts=[]
      S: pts=[]
    failed_checks:
      H: p30 11.00 < 15; conf_mean 9.47 < 15
      C: p30 0.00 < 15; conf_mean 0.00 < 15
      S: p30 0.00 < 15; conf_mean 0.00 < 15
    reason: Pass: No suit meets thresholds. Best suit H has p30=11.00, conf_mean=9.47 below min_allowed=16 (current_high=0, raise_delta=+1). Failed checks for best suit: p30 11.00 < 15, conf_mean 9.47 < 15.
Bid: Player 2 proposes 16 (min_allowed=16)
  bidding analysis:
    present_suits: H, D
    current_high=0  min_allowed=16  raise_delta=1
    chosen_suit: H
    proposed_bid: 16
    overall: avg=17.50  p30=15.00  std=3.39
    suit_stats:
      H: pts=[16, 12, 19, 23, 15, 19 ...]  avg=17.50  p30=15.00  std=3.39
      D: pts=[]
    reason: Bid: Suit H meets thresholds (p30=15.00, conf_mean=15.80 >= min_allowed=16); conservative mapping max(p30, avg-1) -> 16. (current_high=0, raise_delta=+1)
Bid: Player 3 proposes 18 (min_allowed=17)
  bidding analysis:
    present_suits: D, C
    current_high=16  min_allowed=17  raise_delta=1
    chosen_suit: D
    proposed_bid: 18
    overall: avg=18.62  p30=18.00  std=3.94
    suit_stats:
      D: pts=[24, 23, 22, 13, 18, 13 ...]  avg=18.62  p30=18.00  std=3.94
      C: pts=[]
    reason: Bid: Suit D meets thresholds (p30=18.00, conf_mean=16.66 >= min_allowed=17); conservative mapping max(p30, avg-1) -> 18. (current_high=16, raise_delta=+1)
Pass (locked): Player 2 (min_allowed=19)
  bidding analysis:
    present_suits: H, D
    current_high=18  min_allowed=19  raise_delta=1
    overall: avg=18.00  p30=17.00  std=1.66
    suit_stats:
      H: pts=[17, 16, 19, 15, 19, 20 ...]  avg=18.00  p30=17.00  std=1.66
      D: pts=[]
    failed_checks:
      H: p30 17.00 < 18; conf_mean 17.17 < 18
      D: p30 0.00 < 18; conf_mean 0.00 < 18
    reason: Pass: No suit meets thresholds. Best suit H has p30=17.00, conf_mean=17.17 below min_allowed=19 (current_high=18, raise_delta=+1). Failed checks for best suit: p30 17.00 < 18, conf_mean 17.17 < 18.

AUCTION WINNER: Player 3 with bid 18; chooses trump D 
Details={'chosen': 'D', 'estimates': {'D': 25.0, 'C': 19.0}}
Player 0 hand :  ['7S', '9S', 'QD', '10C', '10D', 'QC', 'JC', '8C']
Player 1 hand :  ['7H', '9C', 'AS', 'QH', '8S', '10S', '8H', '7D']
Player 2 hand :  ['AH', '9H', '10H', 'KD', 'KH', 'QS', 'JS', 'KS']
Player 3 hand :  ['AC', '8D', '9D', 'AD', '7C', 'KC', 'JH']
Player 0 (auction 4 cards): ['7S', '9S', 'QD', '10C']
Player 1 (auction 4 cards): ['7H', '9C', 'AS', 'QH']
Player 2 (auction 4 cards): ['AH', '9H', '10H', 'KD']
Player 3 (auction 4 cards): ['AC', 'JD', '8D', '9D']
Auction winner (bidder): Player 3 with bid 18
Bidder sets concealed trump suit: D
Phase: concealed, bidder concealed card: JD

Player 0 plays 7S
Player 1 plays AS
Player 2 plays QS
Player 3 plays AC
Player 1 won the hand: 2 points

Player 1 plays 7H
Player 2 plays AH
Player 3 plays JH
Player 0 plays 9S
Player 3 won the hand: 6 points

Player 3 plays 7C
Player 0 plays 10C
Player 1 plays 9C
Player 2 plays 9H
Player 1 won the hand: 5 points

Player 1 plays QH
Player 2 plays 10H
-- Phase 2 begins: Trump revealed as D by Player 3 on trick 4 --
Player 3 plays 8D
Player 0 plays QD
Player 0 won the hand: 1 points

Player 0 plays 10D
Player 1 plays 7D
Player 2 plays KD
Player 3 plays 9D
Player 3 won the hand: 3 points

Player 3 plays AD
Player 0 plays QC
Player 1 plays 8S
Player 2 plays KH
Player 3 won the hand: 1 points

Player 3 plays KC
Player 0 plays JC
Player 1 plays 10S
Player 2 plays JS
Player 0 won the hand: 7 points

Player 0 plays 8C
Player 1 plays 8H
Player 2 plays KS
Player 3 plays JD
Player 3 won the hand: 3 points

Game 15 final points: Team A=8, Team B=20
Series cumulative game score so far: Team A=2, Team B=-4
Log saved to: c:\Users\laksh\Desktop\Projects\28bot\logs\game28\mcts_games\game_15_20250822_001613_768617.log
