
===== GAME 7 (20250819_120841_120004) =====
Bid: Player 0 proposes 19 (min_allowed=16) – suit_scores={'H': [22, 12, 16, 23], 'D': [23, 15, 11, 15], 'C': [15, 17, 6, 6]} chosen=H p30=12 avg=18.25
Pass: Player 1 (min_allowed=20) – analysis={'present_suits': ['H', 'D', 'C', 'S'], 'suit_to_points': {'H': [0, 12, 5, 5], 'D': [10, 0, 9, 11], 'C': [0, 14, 16, 16], 'S': [17, 13, 17, 11]}, 'chosen_suit': 'S', 'avg_points': 14.5, 'p30_points': 11, 'proposed': None, 'current_high': 19}
Pass: Player 2 (min_allowed=20) – analysis={'present_suits': ['H', 'D', 'C', 'S'], 'suit_to_points': {'H': [0, 20, 13, 0], 'D': [7, 19, 10, 3], 'C': [0, 9, 0, 4], 'S': [7, 13, 0, 4]}, 'chosen_suit': 'D', 'avg_points': 9.75, 'p30_points': 3, 'proposed': None, 'current_high': 19}
Pass: Player 3 (min_allowed=20) – analysis={'present_suits': ['H', 'D', 'C', 'S'], 'suit_to_points': {'H': [16, 15, 0, 8], 'D': [14, 8, 0, 14], 'C': [15, 9, 15, 19], 'S': [0, 15, 8, 14]}, 'chosen_suit': 'C', 'avg_points': 14.5, 'p30_points': 9, 'proposed': None, 'current_high': 19}
Auction winner: Player 0 with bid 19; chooses trump D – details={'chosen': 'D', 'estimates': {'H': 5, 'D': 14, 'C': 3}}
Player 0 hand :  ['10H', '10D', '7C', 'AH', '7D', 'AS', '9C']
Player 1 hand :  ['AC', '7S', 'QD', '8H', '8D', '9H', '9S', 'AD']
Player 2 hand :  ['9D', 'QH', 'KS', 'QC', 'JS', 'QS', '7H', 'JC']
Player 3 hand :  ['KC', 'KD', 'KH', '10S', '8C', '8S', 'JH', '10C']
Player 0 (auction 4 cards): ['10H', '10D', '7C', 'JD']
Player 1 (auction 4 cards): ['AC', '7S', 'QD', '8H']
Player 2 (auction 4 cards): ['9D', 'QH', 'KS', 'QC']
Player 3 (auction 4 cards): ['KC', 'KD', 'KH', '10S']
Auction winner (bidder): Player 0 with bid 19
Bidder sets concealed trump suit: D
Phase: concealed, bidder concealed card: JD

Player 0 plays 10H
Player 1 plays 8H
Player 2 plays QH
Player 3 plays KH
Player 0 won the hand: 1 points

Player 0 plays 7C
Player 1 plays AC
Player 2 plays JC
Player 3 plays KC
Player 2 won the hand: 4 points

Player 2 plays 9D
Player 3 plays KD
Player 0 plays 10D
Player 1 plays QD
Player 2 won the hand: 3 points

Player 2 plays JS
Player 3 plays 10S
Player 0 plays AS
Player 1 plays 7S
Player 2 won the hand: 5 points

Player 2 plays KS
Player 3 plays 8S
Player 0 plays AH
Player 1 plays 9S
Player 1 won the hand: 3 points

Player 1 plays 9H
Player 2 plays 7H
Player 3 plays JH
-- Phase 2 begins: Trump revealed as D by Player 0 on trick 6 --
Player 0 plays 7D
Player 0 won the hand: 5 points

Player 0 plays 9C
Player 1 plays 8D
Player 2 plays QC
Player 3 plays 8C
Player 1 won the hand: 2 points

Player 1 plays AD
Player 2 plays QS
Player 3 plays 10C
Player 0 plays JD
Player 0 won the hand: 5 points

Game 7 final points: Team A=23, Team B=5
Series cumulative game score so far: Team A=5, Team B=-2
Log saved to: c:\Users\laksh\Desktop\Projects\28bot\logs\game28\mcts_games\game_7_20250819_120841_120004.log
