
===== GAME 61 (20250825_134840_896102) =====

===== AUCTION =====
Pass (locked): Player 0 (min_allowed=16)
  bidding analysis:
    present_suits: H, C
    current_high=0  min_allowed=16  raise_delta=1
    overall: avg=16.00  p30=10.00  std=6.28
    suit_stats:
      H: pts=[7, 11, 10, 23, 10, 17 ...]  avg=16.00  p30=10.00  std=6.28
      C: pts=[]
    failed_checks:
      H: p30 10.00 < 15; conf_mean 12.86 < 15
      C: p30 0.00 < 15; conf_mean 0.00 < 15
    reason: Pass: No suit meets thresholds. Best suit H has p30=10.00, conf_mean=12.86 below min_allowed=16 (current_high=0, raise_delta=+1). Failed checks for best suit: p30 10.00 < 15, conf_mean 12.86 < 15.
Pass (locked): Player 1 (min_allowed=16)
  bidding analysis:
    present_suits: H, D, S
    current_high=0  min_allowed=16  raise_delta=1
    overall: avg=10.12  p30=7.00  std=5.84
    failed_checks:
      H: p30 7.00 < 15; conf_mean 7.20 < 15
      D: p30 0.00 < 15; conf_mean 0.00 < 15
      S: p30 0.00 < 15; conf_mean 0.00 < 15
    reason: Pass: No suit meets thresholds. Best suit H has p30=7.00, conf_mean=7.20 below min_allowed=16 (current_high=0, raise_delta=+1). Failed checks for best suit: p30 7.00 < 15, conf_mean 7.20 < 15.
Bid: Player 2 proposes 18 (min_allowed=16)
  bidding analysis:
    present_suits: H, D, C
    current_high=0  min_allowed=16  raise_delta=1
    chosen_suit: C
    proposed_bid: 18
    overall: avg=19.81  p30=17.00  std=4.36
    reason: Bid (precomputed): Suit C meets thresholds (p30=17.00, conf_mean=17.63 >= min_allowed=16); conservative mapping max(p30, avg-1) -> 18. (current_high=0, raise_delta=+1)
Pass (locked): Player 3 (min_allowed=19)
  bidding analysis:
    present_suits: D, C, S
    current_high=18  min_allowed=19  raise_delta=1
    overall: avg=0.00  p30=0.00  std=0.00
    failed_checks:
      D: p30 0.00 < 18; conf_mean 0.00 < 18
      C: p30 0.00 < 18; conf_mean 0.00 < 18
    reason: Pass: No suit meets thresholds. Best suit D has p30=0.00, conf_mean=0.00 below min_allowed=19 (current_high=18, raise_delta=+1). Failed checks for best suit: p30 0.00 < 18, conf_mean 0.00 < 18.

AUCTION WINNER: Player 2 with bid 18; chooses trump C 
Details={'chosen': 'C', 'estimates': {'D': 0.0, 'C': 19.8125, 'H': 14.666666666666666}}
Player 0 hand :  ['8H', '10H', '8C', 'AH', 'JD', 'JS', '8S', 'AS']
Player 1 hand :  ['KH', 'QS', '8D', '10S', 'KC', '7S', 'AD', 'QH']
Player 2 hand :  ['JH', '10D', '9D', '7H', 'QD', 'QC', '7C']
Player 3 hand :  ['AC', '9S', 'JC', '7D', 'KS', 'KD', '10C', '9H']
Player 0 (auction 4 cards): ['8H', '10H', '8C', 'AH']
Player 1 (auction 4 cards): ['KH', 'QS', '8D', '10S']
Player 2 (auction 4 cards): ['JH', '9C', '10D', '9D']
Player 3 (auction 4 cards): ['AC', '9S', 'JC', '7D']
Auction winner (bidder): Player 2 with bid 18
Bidder sets concealed trump suit: C
Phase: concealed, bidder concealed card: 9C

Player 0 plays 8H
Player 1 plays KH
Player 2 plays JH
Player 3 plays 9H
Player 2 won the hand: 5 points

Player 2 plays 10D
Player 3 plays 7D
Player 0 plays JD
Player 1 plays 8D
Player 0 won the hand: 4 points

Player 0 plays 10H
Player 1 plays QH
Player 2 plays 7H
-- Phase 2 begins: Trump revealed as C by Player 3 on trick 3 --
Player 3 plays AC
Player 3 won the hand: 2 points

Player 3 plays 9S
Player 0 plays JS
Player 1 plays QS
Player 2 plays 9D
Player 0 won the hand: 7 points

Player 0 plays 8C
Player 1 plays KC
Player 2 plays QC
Player 3 plays JC
Player 3 won the hand: 3 points

Player 3 plays KS
Player 0 plays 8S
Player 1 plays 10S
Player 2 plays QD
Player 1 won the hand: 1 points

Player 1 plays 7S
Player 2 plays 7C
Player 3 plays KD
Player 0 plays AS
Player 2 won the hand: 1 points

Player 2 plays 9C
Player 3 plays 10C
Player 0 plays AH
Player 1 plays AD
Player 2 won the hand: 5 points

Game 61 final points: Team A=22, Team B=6
Series cumulative game score so far: Team A=-18, Team B=-5
Log saved to: c:\Users\laksh\Desktop\Projects\28bot\logs\game28\mcts_games\game_61_20250825_134840_896102.log
