
===== GAME 55 (20250825_125735_052112) =====

===== AUCTION =====
Pass (locked): Player 0 (min_allowed=16)
  bidding analysis:
    present_suits: H, C, S
    current_high=0  min_allowed=16  raise_delta=1
    overall: avg=13.25  p30=11.00  std=4.12
    suit_stats:
      H: pts=[12, 18, 11, 17, 12, 11 ...]  avg=13.25  p30=11.00  std=4.12
      C: pts=[]
      S: pts=[]
    failed_checks:
      H: p30 11.00 < 15; conf_mean 11.19 < 15
      C: p30 0.00 < 15; conf_mean 0.00 < 15
      S: p30 0.00 < 15; conf_mean 0.00 < 15
    reason: Pass: No suit meets thresholds. Best suit H has p30=11.00, conf_mean=11.19 below min_allowed=16 (current_high=0, raise_delta=+1). Failed checks for best suit: p30 11.00 < 15, conf_mean 11.19 < 15.
Pass (locked): Player 1 (min_allowed=16)
  bidding analysis:
    present_suits: H, C, S
    current_high=0  min_allowed=16  raise_delta=1
    overall: avg=13.88  p30=13.00  std=4.08
    failed_checks:
      H: p30 13.00 < 15; conf_mean 11.84 < 15
      C: p30 0.00 < 15; conf_mean 0.00 < 15
    reason: Pass: No suit meets thresholds. Best suit H has p30=13.00, conf_mean=11.84 below min_allowed=16 (current_high=0, raise_delta=+1). Failed checks for best suit: p30 13.00 < 15, conf_mean 11.84 < 15.
Bid: Player 2 proposes 20 (min_allowed=16)
  bidding analysis:
    present_suits: H, D, C, S
    current_high=0  min_allowed=16  raise_delta=1
    chosen_suit: S
    proposed_bid: 20
    overall: avg=20.00  p30=20.00  std=0.00
    reason: Bid (precomputed): Suit S meets thresholds (p30=20.00, conf_mean=20.00 >= min_allowed=16); conservative mapping max(p30, avg-1) -> 20. (current_high=0, raise_delta=+1)
Pass (locked): Player 3 (min_allowed=21)
  bidding analysis:
    present_suits: H, C, S
    current_high=20  min_allowed=21  raise_delta=1
    overall: avg=15.44  p30=14.00  std=4.44
    suit_stats:
      C: pts=[16, 6, 17, 18, 20, 21 ...]  avg=15.44  p30=14.00  std=4.44
      H: pts=[]
      S: pts=[]
    failed_checks:
      H: p30 0.00 < 20; conf_mean 0.00 < 20
      C: p30 14.00 < 20; conf_mean 13.22 < 20
      S: p30 0.00 < 20; conf_mean 0.00 < 20
    reason: Pass: No suit meets thresholds. Best suit C has p30=14.00, conf_mean=13.22 below min_allowed=21 (current_high=20, raise_delta=+1). Failed checks for best suit: p30 14.00 < 20, conf_mean 13.22 < 20.

AUCTION WINNER: Player 2 with bid 20; chooses trump S 
Details={'chosen': 'S', 'estimates': {'H': 0.0, 'D': 13.0, 'C': 19.0, 'S': 20.0}}
Player 0 hand :  ['AS', 'KH', 'KC', '10H', 'JH', 'QC', '9S', '7S']
Player 1 hand :  ['QS', '8H', '7H', '8C', '8D', '9D', 'AC', 'JD']
Player 2 hand :  ['QH', '7D', '9C', 'JC', '10S', '9H', 'AD']
Player 3 hand :  ['KS', '10C', '7C', 'AH', 'JS', '10D', 'QD', 'KD']
Player 0 (auction 4 cards): ['AS', 'KH', 'KC', '10H']
Player 1 (auction 4 cards): ['QS', '8H', '7H', '8C']
Player 2 (auction 4 cards): ['QH', '8S', '7D', '9C']
Player 3 (auction 4 cards): ['KS', '10C', '7C', 'AH']
Auction winner (bidder): Player 2 with bid 20
Bidder sets concealed trump suit: S
Phase: concealed, bidder concealed card: 8S

Player 0 plays AS
Player 1 plays QS
Player 2 plays 10S
Player 3 plays KS
Player 0 won the hand: 2 points

Player 0 plays KH
Player 1 plays 8H
Player 2 plays QH
Player 3 plays AH
Player 3 won the hand: 1 points

Player 3 plays 10C
Player 0 plays KC
Player 1 plays 8C
Player 2 plays 9C
Player 2 won the hand: 3 points

Player 2 plays 7D
Player 3 plays 10D
Player 0 plays 10H
Player 1 plays 8D
Player 3 won the hand: 2 points

Player 3 plays 7C
Player 0 plays QC
Player 1 plays AC
Player 2 plays JC
Player 2 won the hand: 4 points

Player 2 plays 9H
-- Phase 2 begins: Trump revealed as S by Player 3 on trick 6 --
Player 3 plays JS
Player 0 plays JH
Player 1 plays 7H
Player 3 won the hand: 8 points

Player 3 plays QD
Player 0 plays 9S
Player 1 plays 9D
Player 2 plays AD
Player 0 won the hand: 5 points

Player 0 plays 7S
Player 1 plays JD
Player 2 plays 8S
Player 3 plays KD
Player 2 won the hand: 3 points

Game 55 final points: Team A=17, Team B=11
Series cumulative game score so far: Team A=-19, Team B=-6
Log saved to: c:\Users\laksh\Desktop\Projects\28bot\logs\game28\mcts_games\game_55_20250825_125735_052112.log
