
===== GAME 130 (20250823_141509_088838) =====

===== AUCTION =====
Bid: Player 0 proposes 19 (min_allowed=16)
  bidding analysis:
    present_suits: H, D, S
    current_high=0  min_allowed=16  raise_delta=1
    chosen_suit: H
    proposed_bid: 19
    overall: avg=19.19  p30=19.00  std=4.98
    suit_stats:
      H: pts=[24, 21, 10, 25, 21, 13 ...]  avg=19.19  p30=19.00  std=4.98
      D: pts=[]
      S: pts=[]
    reason: Bid: Suit H meets thresholds (p30=19.00, conf_mean=16.70 >= min_allowed=16); conservative mapping max(p30, avg-1) -> 19. (current_high=0, raise_delta=+1)
Pass (locked): Player 1 (min_allowed=20)
  bidding analysis:
    present_suits: H, D, C
    current_high=19  min_allowed=20  raise_delta=1
    overall: avg=0.00  p30=0.00  std=0.00
    failed_checks:
      H: p30 0.00 < 19; conf_mean 0.00 < 19
      C: p30 0.00 < 19; conf_mean 0.00 < 19
    reason: Pass: No suit meets thresholds. Best suit H has p30=0.00, conf_mean=0.00 below min_allowed=20 (current_high=19, raise_delta=+1). Failed checks for best suit: p30 0.00 < 19, conf_mean 0.00 < 19.
Bid: Player 2 proposes 26 (min_allowed=20)
  bidding analysis:
    present_suits: H, D, C, S
    current_high=19  min_allowed=20  raise_delta=1
    chosen_suit: D
    proposed_bid: 26
    overall: avg=26.00  p30=26.00  std=0.00
    reason: Bid (precomputed): Suit D meets thresholds (p30=26.00, conf_mean=26.00 >= min_allowed=20); conservative mapping max(p30, avg-1) -> 26. (current_high=19, raise_delta=+1)
Pass (locked): Player 3 (min_allowed=27)
  bidding analysis:
    present_suits: D, C, S
    current_high=26  min_allowed=27  raise_delta=1
    overall: avg=0.00  p30=0.00  std=0.00
    failed_checks:
      C: p30 0.00 < 26; conf_mean 0.00 < 26
      S: p30 0.00 < 26; conf_mean 0.00 < 26
    reason: Pass: No suit meets thresholds. Best suit D has p30=0.00, conf_mean=0.00 below min_allowed=27 (current_high=26, raise_delta=+1). Failed checks for best suit: n/a.
Pass (locked): Player 0 (min_allowed=27)
  bidding analysis:
    present_suits: H, D, S
    current_high=26  min_allowed=27  raise_delta=1
    overall: avg=14.69  p30=11.00  std=5.58
    suit_stats:
      H: pts=[13, 17, 20, 7, 23, 19 ...]  avg=14.69  p30=11.00  std=5.58
      D: pts=[]
      S: pts=[]
    failed_checks:
      H: p30 11.00 < 26; conf_mean 11.90 < 26
      D: p30 0.00 < 26; conf_mean 0.00 < 26
      S: p30 0.00 < 26; conf_mean 0.00 < 26
    reason: Pass: No suit meets thresholds. Best suit H has p30=11.00, conf_mean=11.90 below min_allowed=27 (current_high=26, raise_delta=+1). Failed checks for best suit: p30 11.00 < 26, conf_mean 11.90 < 26.

AUCTION WINNER: Player 2 with bid 26; chooses trump D 
Details={'chosen': 'D', 'estimates': {'H': 15.0, 'D': 26.0, 'C': 10.0, 'S': 12.0}}
Player 0 hand :  ['JH', '10H', '10D', '8S', '9S', '7C', '10S', 'JC']
Player 1 hand :  ['AC', 'AH', '8C', 'JD', '9C', '9D', 'QD', '7S']
Player 2 hand :  ['9H', 'JS', 'QC', '8H', 'KC', '7H', '7D']
Player 3 hand :  ['QS', '8D', 'KS', '10C', 'QH', 'KD', 'AS', 'KH']
Player 0 (auction 4 cards): ['JH', '10H', '10D', '8S']
Player 1 (auction 4 cards): ['AC', 'AH', '8C', 'JD']
Player 2 (auction 4 cards): ['9H', 'JS', 'AD', 'QC']
Player 3 (auction 4 cards): ['QS', '8D', 'KS', '10C']
Auction winner (bidder): Player 2 with bid 26
Bidder sets concealed trump suit: D
Phase: concealed, bidder concealed card: AD

Player 0 plays JH
Player 1 plays AH
Player 2 plays 9H
Player 3 plays QH
Player 0 won the hand: 6 points

Player 0 plays 10H
Player 1 plays AC
Player 2 plays 8H
Player 3 plays KH
Player 0 won the hand: 2 points

Player 0 plays 10D
Player 1 plays JD
Player 2 plays 7D
Player 3 plays 8D
Player 1 won the hand: 4 points

Player 1 plays 8C
Player 2 plays QC
Player 3 plays 10C
Player 0 plays 7C
Player 3 won the hand: 1 points

Player 3 plays QS
Player 0 plays 8S
Player 1 plays 7S
Player 2 plays JS
Player 2 won the hand: 3 points

Player 2 plays KC
Player 3 plays KS
Player 0 plays JC
Player 1 plays 9C
Player 0 won the hand: 5 points

Player 0 plays 9S
-- Phase 2 begins: Trump revealed as D by Player 1 on trick 7 --
Player 1 plays 9D
Player 2 plays 7H
Player 3 plays AS
Player 1 won the hand: 5 points

Player 1 plays QD
Player 2 plays AD
Player 3 plays KD
Player 0 plays 10S
Player 2 won the hand: 2 points

Game 130 final points: Team A=18, Team B=10
Series cumulative game score so far: Team A=-10, Team B=-5
Log saved to: c:\Users\laksh\Desktop\Projects\28bot\logs\game28\mcts_games\game_130_20250823_141509_088838.log
