
===== GAME 10 (20250819_122042_057361) =====
Pass: Player 0 (min_allowed=16) – analysis={'present_suits': ['H', 'D', 'C', 'S'], 'suit_to_points': {'H': [2, 10, 15, 25], 'D': [0, 17, 14, 12], 'C': [13, 15, 12, 0], 'S': [27, 6, 0, 0]}, 'chosen_suit': 'H', 'avg_points': 13.0, 'p30_points': 2, 'proposed': None, 'current_high': 0}
Bid: Player 1 proposes 20 (min_allowed=16) – suit_scores={'D': [11, 19, 24, 0], 'S': [12, 18, 19, 28]} chosen=S p30=12 avg=19.25
Pass: Player 2 (min_allowed=21) – analysis={'present_suits': ['H', 'D', 'C'], 'suit_to_points': {'H': [0, 20, 9, 9], 'D': [15, 21, 7, 15], 'C': [6, 21, 7, 8]}, 'chosen_suit': 'D', 'avg_points': 14.5, 'p30_points': 7, 'proposed': None, 'current_high': 20}
Pass: Player 3 (min_allowed=21) – analysis={'present_suits': ['H', 'D', 'C', 'S'], 'suit_to_points': {'H': [20, 0, 0, 9], 'D': [8, 0, 15, 0], 'C': [7, 0, 0, 20], 'S': [15, 0, 8, 4]}, 'chosen_suit': 'H', 'avg_points': 7.25, 'p30_points': 0, 'proposed': None, 'current_high': 20}
Pass: Player 0 (min_allowed=21) – analysis={'present_suits': ['H', 'D', 'C', 'S'], 'suit_to_points': {'H': [4, 14, 14, 2], 'D': [0, 8, 0, 18], 'C': [0, 11, 14, 0], 'S': [16, 12, 0, 10]}, 'chosen_suit': 'S', 'avg_points': 9.5, 'p30_points': 0, 'proposed': None, 'current_high': 20}
Auction winner: Player 1 with bid 20; chooses trump D – details={'chosen': 'D', 'estimates': {'D': 12, 'S': 10}}
Player 0 hand :  ['9C', '7D', '7S', 'QH', '8H', 'JS', '10D', 'KC']
Player 1 hand :  ['9S', '8S', 'AD', '9H', 'AC', '8C', '10S']
Player 2 hand :  ['KH', 'AH', '7C', 'QD', 'QC', 'JH', 'JC', '10H']
Player 3 hand :  ['AS', '10C', '7H', '8D', 'QS', 'JD', 'KS', 'KD']
Player 0 (auction 4 cards): ['9C', '7D', '7S', 'QH']
Player 1 (auction 4 cards): ['9S', '8S', '9D', 'AD']
Player 2 (auction 4 cards): ['KH', 'AH', '7C', 'QD']
Player 3 (auction 4 cards): ['AS', '10C', '7H', '8D']
Auction winner (bidder): Player 1 with bid 20
Bidder sets concealed trump suit: D
Phase: concealed, bidder concealed card: 9D

Player 0 plays KC
Player 1 plays AC
Player 2 plays JC
Player 3 plays 10C
Player 2 won the hand: 5 points

Player 2 plays JH
Player 3 plays 7H
Player 0 plays QH
Player 1 plays 9H
Player 2 won the hand: 5 points

Player 2 plays KH
Player 3 plays AS
Player 0 plays 8H
Player 1 plays 9S
Player 2 won the hand: 3 points

Player 2 plays AH
-- Phase 2 begins: Trump revealed as D by Player 3 on trick 4 --
Player 3 plays 8D
Player 0 plays 9C
Player 1 plays 8S
Player 3 won the hand: 3 points

Player 3 plays QS
Player 0 plays JS
Player 1 plays 10S
Player 2 plays 7C
Player 0 won the hand: 4 points

Player 0 plays 7D
Player 1 plays AD
Player 2 plays QD
Player 3 plays JD
Player 3 won the hand: 4 points

Player 3 plays KS
Player 0 plays 7S
Player 1 plays 9D
Player 2 plays QC
Player 1 won the hand: 2 points

Player 1 plays 8C
Player 2 plays 10H
Player 3 plays KD
Player 0 plays 10D
Player 0 won the hand: 2 points

Game 10 final points: Team A=19, Team B=9
Series cumulative game score so far: Team A=4, Team B=-3
Log saved to: c:\Users\laksh\Desktop\Projects\28bot\logs\game28\mcts_games\game_10_20250819_122042_057361.log
