
===== GAME 61 (20250820_161521_997166) =====

===== AUCTION =====
Pass (locked): Player 0 (min_allowed=16)
  bidding analysis:
    present_suits: D, C, S
    current_high=0  min_allowed=16  raise_delta=1
    overall: avg=9.50  p30=2.00  std=8.65
    suit_stats:
      S: pts=[2, 16, 0, 20]  avg=9.50  p30=2.00  std=8.65
      D: pts=[]
      C: pts=[]
    failed_checks:
      D: p30 0.00 < 15; conf_mean 0.00 < 15
      C: p30 0.00 < 15; conf_mean 0.00 < 15
      S: p30 2.00 < 15; conf_mean 5.18 < 15
    reason: Pass: No suit meets thresholds. Best suit S has p30=2.00, conf_mean=5.18 below min_allowed=16 (current_high=0, raise_delta=+1). Failed checks for best suit: p30 2.00 < 15, conf_mean 5.18 < 15.
Bid: Player 1 proposes 24 (min_allowed=16)
  bidding analysis:
    present_suits: D, C
    current_high=0  min_allowed=16  raise_delta=1
    chosen_suit: C
    proposed_bid: 24
    overall: avg=22.25  p30=24.00  std=6.65
    suit_stats:
      C: pts=[26, 24, 11, 28]  avg=22.25  p30=24.00  std=6.65
      D: pts=[]
    reason: Bid: Suit C meets thresholds (p30=24.00, conf_mean=18.93 >= min_allowed=16); conservative mapping max(p30, avg-1) -> 24. (current_high=0, raise_delta=+1)
Pass (locked): Player 2 (min_allowed=25)
  bidding analysis:
    present_suits: H, D, C, S
    current_high=24  min_allowed=25  raise_delta=1
    overall: avg=18.17  p30=16.00  std=3.72
    suit_stats:
      H: pts=[12, 10, 24, 22]  avg=17.00  p30=12.00  std=6.08
      D: pts=[0, 17, 5, 14]  avg=9.00  p30=5.00  std=6.82
      S: pts=[16, 16, 25, 14, 17, 21]  avg=18.17  p30=16.00  std=3.72
      C: pts=[16, 17, 19, 15, 17, 21]  avg=17.50  p30=16.00  std=1.98
    failed_checks:
      H: p30 12.00 < 24; conf_mean 13.96 < 24
      D: p30 5.00 < 24; conf_mean 5.59 < 24
      C: p30 16.00 < 24; conf_mean 16.51 < 24
      S: p30 16.00 < 24; conf_mean 16.31 < 24
    reason: Pass: No suit meets thresholds. Best suit S has p30=16.00, conf_mean=16.31 below min_allowed=25 (current_high=24, raise_delta=+1). Failed checks for best suit: p30 16.00 < 24, conf_mean 16.31 < 24.
Pass (locked): Player 3 (min_allowed=25)
  bidding analysis:
    present_suits: H, D, C
    current_high=24  min_allowed=25  raise_delta=1
    overall: avg=8.50  p30=0.00  std=9.21
    suit_stats:
      D: pts=[12, 22, 0, 0]  avg=8.50  p30=0.00  std=9.21
      H: pts=[]
      C: pts=[]
    failed_checks:
      H: p30 0.00 < 24; conf_mean 0.00 < 24
      D: p30 0.00 < 24; conf_mean 3.90 < 24
      C: p30 0.00 < 24; conf_mean 0.00 < 24
    reason: Pass: No suit meets thresholds. Best suit D has p30=0.00, conf_mean=3.90 below min_allowed=25 (current_high=24, raise_delta=+1). Failed checks for best suit: p30 0.00 < 24, conf_mean 3.90 < 24.

AUCTION WINNER: Player 1 with bid 24; chooses trump C 
Details={'chosen': 'C', 'estimates': {'D': 5.25, 'C': 19.5}}
Player 0 hand :  ['QS', '10C', '7D', 'KS', '8H', 'QD', '9D', '10S']
Player 1 hand :  ['10D', '9C', '8C', 'JH', 'AS', '9H', '7S']
Player 2 hand :  ['AH', 'JD', '9S', 'AC', '8S', 'JS', '10H', '7C']
Player 3 hand :  ['QH', 'QC', 'KD', '8D', 'AD', 'KH', 'KC', '7H']
Player 0 (auction 4 cards): ['QS', '10C', '7D', 'KS']
Player 1 (auction 4 cards): ['10D', '9C', '8C', 'JC']
Player 2 (auction 4 cards): ['AH', 'JD', '9S', 'AC']
Player 3 (auction 4 cards): ['QH', 'QC', 'KD', '8D']
Auction winner (bidder): Player 1 with bid 24
Bidder sets concealed trump suit: C
Phase: concealed, bidder concealed card: JC

Player 0 plays QS
Player 1 plays AS
Player 2 plays 9S
Player 3 plays QH
Player 2 won the hand: 3 points

Player 2 plays AH
Player 3 plays KH
Player 0 plays 8H
Player 1 plays JH
Player 1 won the hand: 4 points

Player 1 plays 10D
Player 2 plays JD
Player 3 plays KD
Player 0 plays 7D
Player 2 won the hand: 4 points

Player 2 plays AC
Player 3 plays QC
Player 0 plays 10C
Player 1 plays 9C
Player 1 won the hand: 4 points

Player 1 plays 9H
Player 2 plays 10H
Player 3 plays 7H
Player 0 plays KS
Player 1 won the hand: 3 points

Player 1 plays 7S
Player 2 plays 8S
Player 3 plays 8D
Player 0 plays 10S
Player 0 won the hand: 1 points

Player 0 plays QD
-- Phase 2 begins: Trump revealed as C by Player 1 on trick 7 --
Player 1 plays 8C
Player 2 plays JS
Player 3 plays AD
Player 1 won the hand: 4 points

Player 1 plays JC
Player 2 plays 7C
Player 3 plays KC
Player 0 plays 9D
Player 1 won the hand: 5 points

Game 61 final points: Team A=8, Team B=20
Series cumulative game score so far: Team A=-4, Team B=-6
Log saved to: c:\Users\laksh\Desktop\Projects\28bot\logs\game28\mcts_games\game_61_20250820_161521_997166.log
