
===== GAME 13 (20250820_233349_755999) =====

===== AUCTION =====
Bid: Player 0 proposes 19 (min_allowed=16)
  bidding analysis:
    present_suits: H, C, S
    current_high=0  min_allowed=16  raise_delta=1
    chosen_suit: C
    proposed_bid: 19
    overall: avg=18.88  p30=19.00  std=4.48
    suit_stats:
      C: pts=[22, 19, 24, 21, 20, 18 ...]  avg=18.88  p30=19.00  std=4.48
      H: pts=[]
      S: pts=[]
    reason: Bid: Suit C meets thresholds (p30=19.00, conf_mean=16.63 >= min_allowed=16); conservative mapping max(p30, avg-1) -> 19. (current_high=0, raise_delta=+1)
Pass (locked): Player 1 (min_allowed=20)
  bidding analysis:
    present_suits: H, D, C
    current_high=19  min_allowed=20  raise_delta=1
    overall: avg=15.88  p30=14.00  std=5.99
    failed_checks:
      H: p30 0.00 < 19; conf_mean 0.00 < 19
      D: p30 0.00 < 19; conf_mean 0.00 < 19
      C: p30 14.00 < 19; conf_mean 12.88 < 19
    reason: Pass: No suit meets thresholds. Best suit C has p30=14.00, conf_mean=12.88 below min_allowed=20 (current_high=19, raise_delta=+1). Failed checks for best suit: p30 14.00 < 19, conf_mean 12.88 < 19.
Pass (locked): Player 2 (min_allowed=20)
  bidding analysis:
    present_suits: H, D, S
    current_high=19  min_allowed=20  raise_delta=1
    overall: avg=0.00  p30=0.00  std=0.00
    failed_checks:
      D: p30 0.00 < 19; conf_mean 0.00 < 19
      S: p30 0.00 < 19; conf_mean 0.00 < 19
    reason: Pass: No suit meets thresholds. Best suit H has p30=0.00, conf_mean=0.00 below min_allowed=20 (current_high=19, raise_delta=+1). Failed checks for best suit: n/a.
Bid: Player 3 proposes 20 (min_allowed=20)
  bidding analysis:
    present_suits: H, D, C, S
    current_high=19  min_allowed=20  raise_delta=1
    chosen_suit: H
    proposed_bid: 20
    overall: avg=20.00  p30=20.00  std=0.00
    reason: Bid (precomputed): Suit H meets thresholds (p30=20.00, conf_mean=20.00 >= min_allowed=20); conservative mapping max(p30, avg-1) -> 20. (current_high=19, raise_delta=+1)
Pass (locked): Player 0 (min_allowed=21)
  bidding analysis:
    present_suits: H, C, S
    current_high=20  min_allowed=21  raise_delta=1
    overall: avg=16.12  p30=14.00  std=3.62
    suit_stats:
      C: pts=[11, 17, 16, 19, 12, 17 ...]  avg=16.12  p30=14.00  std=3.62
      H: pts=[]
      S: pts=[]
    failed_checks:
      H: p30 0.00 < 20; conf_mean 0.00 < 20
      C: p30 14.00 < 20; conf_mean 14.31 < 20
      S: p30 0.00 < 20; conf_mean 0.00 < 20
    reason: Pass: No suit meets thresholds. Best suit C has p30=14.00, conf_mean=14.31 below min_allowed=21 (current_high=20, raise_delta=+1). Failed checks for best suit: p30 14.00 < 20, conf_mean 14.31 < 20.

AUCTION WINNER: Player 3 with bid 20; chooses trump H 
Details={'chosen': 'H', 'estimates': {'H': 20.0, 'D': 8.0, 'C': 5.0, 'S': 10.0}}
Player 0 hand :  ['7C', 'JH', '9S', '10C', '7S', '8H', 'AD', '9D']
Player 1 hand :  ['8D', 'JC', 'QD', '9H', 'QS', 'KS', 'KH', '8C']
Player 2 hand :  ['AS', '10D', '10S', '7H', '9C', 'AH', 'QC', 'JS']
Player 3 hand :  ['8S', 'JD', 'AC', 'KD', 'KC', '7D', '10H']
Player 0 (auction 4 cards): ['7C', 'JH', '9S', '10C']
Player 1 (auction 4 cards): ['8D', 'JC', 'QD', '9H']
Player 2 (auction 4 cards): ['AS', '10D', '10S', '7H']
Player 3 (auction 4 cards): ['8S', 'JD', 'AC', 'QH']
Auction winner (bidder): Player 3 with bid 20
Bidder sets concealed trump suit: H
Phase: concealed, bidder concealed card: QH

Player 0 plays 7C
Player 1 plays JC
Player 2 plays 9C
Player 3 plays AC
Player 1 won the hand: 6 points

Player 1 plays 8D
Player 2 plays 10D
Player 3 plays JD
Player 0 plays AD
Player 3 won the hand: 5 points

Player 3 plays 8S
Player 0 plays 9S
Player 1 plays QS
Player 2 plays AS
Player 0 won the hand: 3 points

Player 0 plays JH
Player 1 plays 9H
Player 2 plays 7H
Player 3 plays 10H
Player 0 won the hand: 6 points

Player 0 plays 10C
Player 1 plays 8C
Player 2 plays QC
Player 3 plays KC
Player 0 won the hand: 1 points

Player 0 plays 7S
Player 1 plays KS
Player 2 plays 10S
Player 3 plays KD
Player 2 won the hand: 1 points

Player 2 plays AH
Player 3 plays 7D
Player 0 plays 8H
Player 1 plays KH
Player 2 won the hand: 1 points

Player 2 plays JS
