
===== GAME 14 (20250822_133856_554138) =====

===== AUCTION =====
Pass (locked): Player 0 (min_allowed=16)
  bidding analysis:
    present_suits: H, D, C, S
    current_high=0  min_allowed=16  raise_delta=1
    overall: avg=14.00  p30=14.00  std=0.00
    suit_stats:
      D: pts=[14]  avg=14.00  p30=14.00  std=0.00
      H: pts=[9]  avg=9.00  p30=9.00  std=0.00
      S: pts=[13]  avg=13.00  p30=13.00  std=0.00
      C: pts=[8]  avg=8.00  p30=8.00  std=0.00
    failed_checks:
      H: p30 9.00 < 15; conf_mean 9.00 < 15
      D: p30 14.00 < 15; conf_mean 14.00 < 15
      C: p30 8.00 < 15; conf_mean 8.00 < 15
      S: p30 13.00 < 15; conf_mean 13.00 < 15
    reason: Pass: No suit meets thresholds. Best suit D has p30=14.00, conf_mean=14.00 below min_allowed=16 (current_high=0, raise_delta=+1). Failed checks for best suit: p30 14.00 < 15, conf_mean 14.00 < 15.
Pass (locked): Player 1 (min_allowed=16)
  bidding analysis:
    present_suits: H, D, C, S
    current_high=0  min_allowed=16  raise_delta=1
    overall: avg=7.00  p30=7.00  std=0.00
    suit_stats:
      H: pts=[7]  avg=7.00  p30=7.00  std=0.00
      D: pts=[6]  avg=6.00  p30=6.00  std=0.00
      C: pts=[0]  avg=0.00  p30=0.00  std=0.00
      S: pts=[7]  avg=7.00  p30=7.00  std=0.00
    failed_checks:
      H: p30 7.00 < 15; conf_mean 7.00 < 15
      D: p30 6.00 < 15; conf_mean 6.00 < 15
      C: p30 0.00 < 15; conf_mean 0.00 < 15
      S: p30 7.00 < 15; conf_mean 7.00 < 15
    reason: Pass: No suit meets thresholds. Best suit H has p30=7.00, conf_mean=7.00 below min_allowed=16 (current_high=0, raise_delta=+1). Failed checks for best suit: p30 7.00 < 15, conf_mean 7.00 < 15.
Pass (locked): Player 2 (min_allowed=16)
  bidding analysis:
    present_suits: H, C, S
    current_high=0  min_allowed=16  raise_delta=1
    overall: avg=17.81  p30=14.00  std=4.80
    suit_stats:
      S: pts=[17, 27, 21, 17, 23, 14 ...]  avg=17.81  p30=14.00  std=4.80
      H: pts=[]
      C: pts=[]
    failed_checks:
      H: p30 0.00 < 15; conf_mean 0.00 < 15
      C: p30 0.00 < 15; conf_mean 0.00 < 15
      S: p30 14.00 < 15
    reason: Pass: No suit meets thresholds. Best suit S has p30=14.00, conf_mean=15.41 below min_allowed=16 (current_high=0, raise_delta=+1). Failed checks for best suit: p30 14.00 < 15.
Pass (locked): Player 3 (min_allowed=16)
  bidding analysis:
    present_suits: H, D, C
    current_high=0  min_allowed=16  raise_delta=1
    overall: avg=15.25  p30=11.00  std=5.55
    suit_stats:
      D: pts=[9, 11, 23, 14, 15, 21 ...]  avg=15.25  p30=11.00  std=5.55
      H: pts=[]
      C: pts=[]
    failed_checks:
      H: p30 0.00 < 15; conf_mean 0.00 < 15
      D: p30 11.00 < 15; conf_mean 12.47 < 15
      C: p30 0.00 < 15; conf_mean 0.00 < 15
    reason: Pass: No suit meets thresholds. Best suit D has p30=11.00, conf_mean=12.47 below min_allowed=16 (current_high=0, raise_delta=+1). Failed checks for best suit: p30 11.00 < 15, conf_mean 12.47 < 15.
Forced bid: All players passed. Player 0 takes minimum bid 16.

AUCTION WINNER: Player 0 with bid 16; chooses trump H 
Details={'chosen': 'H', 'estimates': {'D': 14.0, 'H': 17.0, 'C': 7.0, 'S': 7.0}}
Player 0 hand :  ['QC', '8S', '8D', '10D', 'KD', 'AH', 'QD']
Player 1 hand :  ['QH', '7C', 'KS', '9D', '10S', '8H', '9S', '7H']
Player 2 hand :  ['9H', 'JS', 'QS', '9C', 'KH', '10C', 'AS', '7S']
Player 3 hand :  ['8C', '7D', 'JD', '10H', 'KC', 'AC', 'AD', 'JC']
Player 0 (auction 4 cards): ['QC', '8S', '8D', 'JH']
Player 1 (auction 4 cards): ['QH', '7C', 'KS', '9D']
Player 2 (auction 4 cards): ['9H', 'JS', 'QS', '9C']
Player 3 (auction 4 cards): ['8C', '7D', 'JD', '10H']
Auction winner (bidder): Player 0 with bid 16
Bidder sets concealed trump suit: H
Phase: concealed, bidder concealed card: JH

Player 0 plays QC
Player 1 plays 7C
Player 2 plays 9C
Player 3 plays 8C
Player 2 won the hand: 2 points

Player 2 plays 9H
Player 3 plays 10H
Player 0 plays AH
Player 1 plays QH
Player 2 won the hand: 4 points

Player 2 plays JS
Player 3 plays 7D
Player 0 plays 8S
Player 1 plays KS
Player 2 won the hand: 3 points

Player 2 plays QS
Player 3 plays JD
Player 0 plays 8D
Player 1 plays 10S
Player 1 won the hand: 4 points

Player 1 plays 9D
-- Phase 2 begins: Trump revealed as H by Player 2 on trick 5 --
Player 2 plays KH
Player 3 plays AD
Player 0 plays 10D
Player 2 won the hand: 4 points

Player 2 plays 10C
Player 3 plays KC
Player 0 plays KD
Player 1 plays 8H
Player 1 won the hand: 1 points

Player 1 plays 9S
Player 2 plays AS
Player 3 plays AC
Player 0 plays QD
Player 1 won the hand: 4 points

Player 1 plays 7H
Player 2 plays 7S
Player 3 plays JC
Player 0 plays JH
Player 0 won the hand: 6 points

Game 14 final points: Team A=19, Team B=9
Series cumulative game score so far: Team A=-4, Team B=2
Log saved to: c:\Users\laksh\Desktop\Projects\28bot\logs\game28\mcts_games\game_14_20250822_133856_554138.log
