
===== GAME 21 (20250820_144848_665831) =====

===== AUCTION =====
Pass (locked): Player 0 (min_allowed=16)
  bidding analysis:
    present_suits: C, S
    current_high=0  min_allowed=16  raise_delta=1
    overall: avg=15.00  p30=11.00  std=4.00
    suit_stats:
      C: pts=[19, 0, 15, 9]  avg=10.75  p30=9.00  std=7.15
      S: pts=[19, 11]  avg=15.00  p30=11.00  std=4.00
    failed_checks:
      C: p30 9.00 < 15; conf_mean 7.17 < 15
      S: p30 11.00 < 15; conf_mean 13.00 < 15
    reason: Pass: No suit meets thresholds. Best suit S has p30=11.00, conf_mean=13.00 below min_allowed=16 (current_high=0, raise_delta=+1). Failed checks for best suit: p30 11.00 < 15, conf_mean 13.00 < 15.
Pass (locked): Player 1 (min_allowed=16)
  bidding analysis:
    present_suits: H, D, S
    current_high=0  min_allowed=16  raise_delta=1
    overall: avg=11.00  p30=13.00  std=6.67
    suit_stats:
      D: pts=[13, 18, 13, 0]  avg=11.00  p30=13.00  std=6.67
      H: pts=[]
      S: pts=[]
    failed_checks:
      H: p30 0.00 < 15; conf_mean 0.00 < 15
      D: p30 13.00 < 15; conf_mean 7.66 < 15
      S: p30 0.00 < 15; conf_mean 0.00 < 15
    reason: Pass: No suit meets thresholds. Best suit D has p30=13.00, conf_mean=7.66 below min_allowed=16 (current_high=0, raise_delta=+1). Failed checks for best suit: p30 13.00 < 15, conf_mean 7.66 < 15.
Pass (locked): Player 2 (min_allowed=16)
  bidding analysis:
    present_suits: H, D, S
    current_high=0  min_allowed=16  raise_delta=1
    overall: avg=14.75  p30=15.00  std=9.93
    suit_stats:
      H: pts=[16, 0, 28, 15]  avg=14.75  p30=15.00  std=9.93
      D: pts=[]
      S: pts=[]
    failed_checks:
      H: conf_mean 9.78 < 15
      D: p30 0.00 < 15; conf_mean 0.00 < 15
      S: p30 0.00 < 15; conf_mean 0.00 < 15
    reason: Pass: No suit meets thresholds. Best suit H has p30=15.00, conf_mean=9.78 below min_allowed=16 (current_high=0, raise_delta=+1). Failed checks for best suit: conf_mean 9.78 < 15.
Pass (locked): Player 3 (min_allowed=16)
  bidding analysis:
    present_suits: H, C, S
    current_high=0  min_allowed=16  raise_delta=1
    overall: avg=13.50  p30=6.00  std=11.08
    suit_stats:
      H: pts=[28, 6, 20, 0]  avg=13.50  p30=6.00  std=11.08
      C: pts=[]
      S: pts=[]
    failed_checks:
      H: p30 6.00 < 15; conf_mean 7.96 < 15
      C: p30 0.00 < 15; conf_mean 0.00 < 15
      S: p30 0.00 < 15; conf_mean 0.00 < 15
    reason: Pass: No suit meets thresholds. Best suit H has p30=6.00, conf_mean=7.96 below min_allowed=16 (current_high=0, raise_delta=+1). Failed checks for best suit: p30 6.00 < 15, conf_mean 7.96 < 15.
Forced bid: All players passed. Player 0 takes minimum bid 16.

AUCTION WINNER: Player 0 with bid 16; chooses trump S 
Details={'chosen': 'S', 'estimates': {'C': 11.166666666666666, 'S': 17.666666666666668}}
Player 0 hand :  ['QS', 'JC', '7C', '8H', 'AD', 'KC', '9S']
Player 1 hand :  ['QH', '10D', '7S', 'QD', 'AC', '8C', 'KH', 'JH']
Player 2 hand :  ['9H', 'JS', '7H', '9D', 'KD', '8D', 'JD', 'QC']
Player 3 hand :  ['8S', '10H', 'AH', '9C', '7D', '10S', '10C', 'KS']
Player 0 (auction 4 cards): ['QS', 'JC', '7C', 'AS']
Player 1 (auction 4 cards): ['QH', '10D', '7S', 'QD']
Player 2 (auction 4 cards): ['9H', 'JS', '7H', '9D']
Player 3 (auction 4 cards): ['8S', '10H', 'AH', '9C']
Auction winner (bidder): Player 0 with bid 16
Bidder sets concealed trump suit: S
Phase: concealed, bidder concealed card: AS

Player 0 plays JC
Player 1 plays AC
Player 2 plays QC
Player 3 plays 9C
Player 0 won the hand: 6 points

Player 0 plays 7C
Player 1 plays 8C
Player 2 plays 9H
Player 3 plays 10C
Player 3 won the hand: 3 points

Player 3 plays 8S
Player 0 plays QS
Player 1 plays 7S
Player 2 plays JS
Player 2 won the hand: 3 points

Player 2 plays 7H
Player 3 plays 10H
Player 0 plays 8H
Player 1 plays QH
Player 3 won the hand: 1 points

Player 3 plays AH
Player 0 plays AD
Player 1 plays KH
Player 2 plays 9D
Player 3 won the hand: 4 points

Player 3 plays 7D
Player 0 plays KC
Player 1 plays 10D
Player 2 plays KD
Player 1 won the hand: 1 points

Player 1 plays QD
Player 2 plays 8D
-- Phase 2 begins: Trump revealed as S by Player 3 on trick 7 --
Player 3 plays 10S
Player 0 plays 9S
Player 0 won the hand: 3 points

Player 0 plays AS
Player 1 plays JH
Player 2 plays JD
Player 3 plays KS
Player 0 won the hand: 7 points

Game 21 final points: Team A=19, Team B=9
Series cumulative game score so far: Team A=-2, Team B=-1
Log saved to: c:\Users\laksh\Desktop\Projects\28bot\logs\game28\mcts_games\game_21_20250820_144848_665831.log
