
===== GAME 2 (20250819_121445_596893) =====
Pass: Player 0 (min_allowed=16) – analysis={'present_suits': ['H', 'C', 'S'], 'suit_to_points': {'H': [12, 10, 0, 0], 'C': [15, 3, 8, 15], 'S': [19, 13, 12, 15]}, 'chosen_suit': 'S', 'avg_points': 14.75, 'p30_points': 12, 'proposed': None, 'current_high': 0}
Pass: Player 1 (min_allowed=16) – analysis={'present_suits': ['H', 'D', 'C', 'S'], 'suit_to_points': {'H': [7, 10, 19, 7], 'D': [2, 14, 15, 6], 'C': [0, 4, 21, 14], 'S': [0, 12, 0, 0]}, 'chosen_suit': 'H', 'avg_points': 10.75, 'p30_points': 7, 'proposed': None, 'current_high': 0}
Bid: Player 2 proposes 23 (min_allowed=16) – suit_scores={'H': [21, 16, 17, 18], 'D': [25, 19, 25, 20], 'S': [15, 13, 0, 16]} chosen=D p30=19 avg=22.25
Pass: Player 3 (min_allowed=24) – analysis={'present_suits': ['H', 'D'], 'suit_to_points': {'H': [28, 16, 12, 9], 'D': [0, 9, 8, 12]}, 'chosen_suit': 'H', 'avg_points': 16.25, 'p30_points': 9, 'proposed': None, 'current_high': 23}
Pass: Player 0 (min_allowed=24) – analysis={'present_suits': ['H', 'C', 'S'], 'suit_to_points': {'H': [5, 0, 16, 0], 'C': [21, 2, 11, 8], 'S': [8, 19, 0, 20]}, 'chosen_suit': 'S', 'avg_points': 11.75, 'p30_points': 0, 'proposed': None, 'current_high': 23}
Pass: Player 1 (min_allowed=24) – analysis={'present_suits': ['H', 'D', 'C', 'S'], 'suit_to_points': {'H': [6, 14, 0, 0], 'D': [9, 7, 0, 20], 'C': [20, 12, 8, 10], 'S': [8, 0, 15, 13]}, 'chosen_suit': 'C', 'avg_points': 12.5, 'p30_points': 8, 'proposed': None, 'current_high': 23}
Auction winner: Player 2 with bid 23; chooses trump D – details={'chosen': 'D', 'estimates': {'H': 5, 'D': 16, 'S': 9}}
Player 0 hand :  ['QS', 'AH', '10C', '8C', '7C', '9C', '7S', 'JC']
Player 1 hand :  ['QC', '7H', 'KS', '7D', 'KD', '10S', '9H', 'KH']
Player 2 hand :  ['10H', '9D', 'JS', '9S', 'AD', 'AC', 'AS']
Player 3 hand :  ['QH', '8D', 'JH', 'QD', 'KC', '8S', '10D', '8H']
Player 0 (auction 4 cards): ['QS', 'AH', '10C', '8C']
Player 1 (auction 4 cards): ['QC', '7H', 'KS', '7D']
Player 2 (auction 4 cards): ['JD', '10H', '9D', 'JS']
Player 3 (auction 4 cards): ['QH', '8D', 'JH', 'QD']
Auction winner (bidder): Player 2 with bid 23
Bidder sets concealed trump suit: D
Phase: concealed, bidder concealed card: JD

Player 0 plays AH
Player 1 plays 7H
Player 2 plays 10H
Player 3 plays QH
Player 0 won the hand: 2 points

Player 0 plays 10C
Player 1 plays QC
Player 2 plays AC
Player 3 plays KC
Player 2 won the hand: 2 points

Player 2 plays JS
Player 3 plays 8S
Player 0 plays QS
Player 1 plays KS
Player 2 won the hand: 3 points

Player 2 plays 9S
Player 3 plays JH
Player 0 plays 7S
Player 1 plays 10S
Player 2 won the hand: 6 points

Player 2 plays AS
-- Phase 2 begins: Trump revealed as D by Player 3 on trick 5 --
Player 3 plays 8D
Player 0 plays 8C
Player 1 plays 7D
Player 3 won the hand: 1 points

Player 3 plays QD
Player 0 plays 7C
Player 1 plays KD
Player 2 plays 9D
Player 2 won the hand: 2 points

Player 2 plays AD
Player 3 plays 10D
Player 0 plays 9C
Player 1 plays 9H
Player 2 won the hand: 6 points

Player 2 plays JD
Player 3 plays 8H
Player 0 plays JC
Player 1 plays KH
Player 2 won the hand: 6 points

Game 2 final points: Team A=27, Team B=1
Series cumulative game score so far: Team A=1, Team B=-1
Log saved to: c:\Users\laksh\Desktop\Projects\28bot\logs\game28\mcts_games\game_2_20250819_121445_596893.log
