
===== GAME 20 (20250820_144534_857935) =====

===== AUCTION =====
Pass (locked): Player 0 (min_allowed=16)
  bidding analysis:
    present_suits: H, D, C
    current_high=0  min_allowed=16  raise_delta=1
    overall: avg=10.75  p30=12.00  std=6.46
    suit_stats:
      H: pts=[14, 0, 12, 17]  avg=10.75  p30=12.00  std=6.46
      D: pts=[]
      C: pts=[]
    failed_checks:
      H: p30 12.00 < 15; conf_mean 7.52 < 15
      D: p30 0.00 < 15; conf_mean 0.00 < 15
      C: p30 0.00 < 15; conf_mean 0.00 < 15
    reason: Pass: No suit meets thresholds. Best suit H has p30=12.00, conf_mean=7.52 below min_allowed=16 (current_high=0, raise_delta=+1). Failed checks for best suit: p30 12.00 < 15, conf_mean 7.52 < 15.
Pass (locked): Player 1 (min_allowed=16)
  bidding analysis:
    present_suits: H, D, C
    current_high=0  min_allowed=16  raise_delta=1
    overall: avg=10.75  p30=9.00  std=7.05
    suit_stats:
      H: pts=[18, 9, 16, 0]  avg=10.75  p30=9.00  std=7.05
      D: pts=[]
      C: pts=[]
    failed_checks:
      H: p30 9.00 < 15; conf_mean 7.23 < 15
      D: p30 0.00 < 15; conf_mean 0.00 < 15
      C: p30 0.00 < 15; conf_mean 0.00 < 15
    reason: Pass: No suit meets thresholds. Best suit H has p30=9.00, conf_mean=7.23 below min_allowed=16 (current_high=0, raise_delta=+1). Failed checks for best suit: p30 9.00 < 15, conf_mean 7.23 < 15.
Bid: Player 2 proposes 16 (min_allowed=16)
  bidding analysis:
    present_suits: H, D, C, S
    current_high=0  min_allowed=16  raise_delta=1
    chosen_suit: C
    proposed_bid: 16
    overall: avg=16.33  p30=15.00  std=2.49
    suit_stats:
      H: pts=[14, 0, 0, 16, 17, 13]  avg=10.00  p30=0.00  std=7.19
      S: pts=[18, 7, 0, 20, 19, 10]  avg=12.33  p30=7.00  std=7.32
      C: pts=[16, 18, 12, 20, 17, 15]  avg=16.33  p30=15.00  std=2.49
      D: pts=[7, 11, 14, 18, 12, 19]  avg=13.50  p30=11.00  std=4.11
    reason: Bid: Suit C meets thresholds (p30=15.00, conf_mean=15.09 >= min_allowed=16); conservative mapping max(p30, avg-1) -> 16. (current_high=0, raise_delta=+1)
Pass (locked): Player 3 (min_allowed=17)
  bidding analysis:
    present_suits: H, C, S
    current_high=16  min_allowed=17  raise_delta=1
    overall: avg=12.75  p30=13.00  std=8.04
    suit_stats:
      S: pts=[22, 0, 16, 13]  avg=12.75  p30=13.00  std=8.04
      H: pts=[]
      C: pts=[]
    failed_checks:
      H: p30 0.00 < 16; conf_mean 0.00 < 16
      C: p30 0.00 < 16; conf_mean 0.00 < 16
      S: p30 13.00 < 16; conf_mean 8.73 < 16
    reason: Pass: No suit meets thresholds. Best suit S has p30=13.00, conf_mean=8.73 below min_allowed=17 (current_high=16, raise_delta=+1). Failed checks for best suit: p30 13.00 < 16, conf_mean 8.73 < 16.

AUCTION WINNER: Player 2 with bid 16; chooses trump H 
Details={'chosen': 'H', 'estimates': {'D': 5.0, 'C': 6.5, 'H': 13.5, 'S': 9.5}}
Player 0 hand :  ['AC', '8D', '7H', 'AH', 'KD', 'AS', '9D', '10S']
Player 1 hand :  ['10C', '10H', '9H', '7D', '7S', '9C', 'JC', 'KH']
Player 2 hand :  ['AD', 'KS', 'QC', 'QS', 'JD', 'QH', 'JS']
Player 3 hand :  ['9S', 'KC', '8S', 'JH', '8C', 'QD', '10D', '7C']
Player 0 (auction 4 cards): ['AC', '8D', '7H', 'AH']
Player 1 (auction 4 cards): ['10C', '10H', '9H', '7D']
Player 2 (auction 4 cards): ['AD', 'KS', 'QC', '8H']
Player 3 (auction 4 cards): ['9S', 'KC', '8S', 'JH']
Auction winner (bidder): Player 2 with bid 16
Bidder sets concealed trump suit: H
Phase: concealed, bidder concealed card: 8H

Player 0 plays AC
Player 1 plays 10C
Player 2 plays QC
Player 3 plays KC
Player 0 won the hand: 2 points

Player 0 plays 8D
Player 1 plays 7D
Player 2 plays AD
Player 3 plays QD
Player 2 won the hand: 1 points

Player 2 plays KS
Player 3 plays 9S
Player 0 plays AS
Player 1 plays 7S
Player 3 won the hand: 3 points

Player 3 plays 8S
Player 0 plays 10S
-- Phase 2 begins: Trump revealed as H by Player 1 on trick 4 --
Player 1 plays 10H
Player 2 plays QS
Player 1 won the hand: 2 points

Player 1 plays 9H
Player 2 plays QH
Player 3 plays JH
Player 0 plays 7H
Player 3 won the hand: 5 points

Player 3 plays 8C
Player 0 plays AH
Player 1 plays 9C
Player 2 plays JD
Player 0 won the hand: 6 points

Player 0 plays KD
Player 1 plays JC
Player 2 plays JS
Player 3 plays 10D
Player 3 won the hand: 7 points

Player 3 plays 7C
Player 0 plays 9D
Player 1 plays KH
Player 2 plays 8H
Player 1 won the hand: 2 points

Game 20 final points: Team A=9, Team B=19
Series cumulative game score so far: Team A=-3, Team B=-1
Log saved to: c:\Users\laksh\Desktop\Projects\28bot\logs\game28\mcts_games\game_20_20250820_144534_857935.log
