
===== GAME 4 (20250819_164029_713988) =====

===== AUCTION =====
Pass (locked): Player 0 (min_allowed=16)
  bidding analysis:
    present_suits: D, C
    current_high=0  min_allowed=16  raise_delta=1
    overall: avg=9.33  p30=3.00  std=7.04
    suit_stats:
      C: pts=[19, 4, 0, 0, 17, 13]  avg=8.83  p30=0.00  std=7.82
      D: pts=[15, 0, 21, 8, 3, 9]  avg=9.33  p30=3.00  std=7.04
    failed_checks:
      D: p30 3.00 < 15; conf_mean 5.81 < 15
      C: p30 0.00 < 15; conf_mean 4.92 < 15
    reason: Pass: No suit meets thresholds. Best suit D has p30=3.00, conf_mean=5.81 below min_allowed=16 (current_high=0, raise_delta=+1). Failed checks for best suit: p30 3.00 < 15, conf_mean 5.81 < 15.
Pass (locked): Player 1 (min_allowed=16)
  bidding analysis:
    present_suits: H, D, S
    current_high=0  min_allowed=16  raise_delta=1
    overall: avg=16.83  p30=14.00  std=4.67
    suit_stats:
      D: pts=[13, 25, 21, 0, 20, 19]  avg=16.33  p30=13.00  std=8.12
      H: pts=[15, 14, 22, 22, 19, 9]  avg=16.83  p30=14.00  std=4.67
      S: pts=[11, 0]  avg=5.50  p30=0.00  std=5.50
    failed_checks:
      H: p30 14.00 < 15; conf_mean 14.50 < 15
      D: p30 13.00 < 15; conf_mean 12.27 < 15
      S: p30 0.00 < 15; conf_mean 2.75 < 15
    reason: Pass: No suit meets thresholds. Best suit H has p30=14.00, conf_mean=14.50 below min_allowed=16 (current_high=0, raise_delta=+1). Failed checks for best suit: p30 14.00 < 15, conf_mean 14.50 < 15.
Pass (locked): Player 2 (min_allowed=16)
  bidding analysis:
    present_suits: H, C, S
    current_high=0  min_allowed=16  raise_delta=1
    overall: avg=16.83  p30=16.00  std=5.55
    suit_stats:
      C: pts=[7, 0, 0, 0, 21, 17]  avg=7.50  p30=0.00  std=8.58
      S: pts=[19, 16, 16, 6, 24, 20]  avg=16.83  p30=16.00  std=5.55
      H: pts=[0, 14]  avg=7.00  p30=0.00  std=7.00
    failed_checks:
      H: p30 0.00 < 15; conf_mean 3.50 < 15
      C: p30 0.00 < 15; conf_mean 3.21 < 15
      S: conf_mean 14.06 < 15
    reason: Pass: No suit meets thresholds. Best suit S has p30=16.00, conf_mean=14.06 below min_allowed=16 (current_high=0, raise_delta=+1). Failed checks for best suit: conf_mean 14.06 < 15.
Pass (locked): Player 3 (min_allowed=16)
  bidding analysis:
    present_suits: H, D, S
    current_high=0  min_allowed=16  raise_delta=1
    overall: avg=14.33  p30=10.00  std=7.50
    suit_stats:
      S: pts=[21, 22, 0, 10, 16, 17]  avg=14.33  p30=10.00  std=7.50
      H: pts=[4, 17, 9, 17, 19, 16]  avg=13.67  p30=9.00  std=5.34
      D: pts=[0, 16]  avg=8.00  p30=0.00  std=8.00
    failed_checks:
      H: p30 9.00 < 15; conf_mean 10.99 < 15
      D: p30 0.00 < 15; conf_mean 4.00 < 15
      S: p30 10.00 < 15; conf_mean 10.58 < 15
    reason: Pass: No suit meets thresholds. Best suit S has p30=10.00, conf_mean=10.58 below min_allowed=16 (current_high=0, raise_delta=+1). Failed checks for best suit: p30 10.00 < 15, conf_mean 10.58 < 15.
Forced bid: All players passed. Player 0 takes minimum bid 16.

AUCTION WINNER: Player 0 with bid 16; chooses trump D 
Details={'chosen': 'D', 'estimates': {'D': 6, 'C': 6}}
Player 0 hand :  ['8D', 'KC', 'QC', '7C', 'AD', 'AC', '10C']
Player 1 hand :  ['JD', 'JS', '10H', '9D', '7H', '10D', 'KS', '8C']
Player 2 hand :  ['9S', '8S', '9H', '9C', '7D', 'KH', 'JC', 'QH']
Player 3 hand :  ['QS', 'JH', '10S', 'KD', 'AH', '7S', '8H', 'AS']
Player 0 (auction 4 cards): ['8D', 'QD', 'KC', 'QC']
Player 1 (auction 4 cards): ['JD', 'JS', '10H', '9D']
Player 2 (auction 4 cards): ['9S', '8S', '9H', '9C']
Player 3 (auction 4 cards): ['QS', 'JH', '10S', 'KD']
Auction winner (bidder): Player 0 with bid 16
Bidder sets concealed trump suit: D
Phase: concealed, bidder concealed card: QD

Player 0 plays KC
Player 1 plays 8C
Player 2 plays 9C
Player 3 plays QS
Player 2 won the hand: 2 points

Player 2 plays 9S
Player 3 plays 10S
-- Phase 2 begins: Trump revealed as D by Player 0 on trick 2 --
Player 0 plays 8D
Player 1 plays JS
Player 0 won the hand: 6 points

Player 0 plays QC
Player 1 plays JD
Player 2 plays JC
Player 3 plays JH
Player 1 won the hand: 9 points

Player 1 plays 10H
Player 2 plays 9H
Player 3 plays AH
Player 0 plays 7C
Player 2 won the hand: 4 points

Player 2 plays 8S
Player 3 plays 7S
Player 0 plays AD
Player 1 plays KS
Player 0 won the hand: 1 points

Player 0 plays AC
Player 1 plays 9D
Player 2 plays 7D
Player 3 plays KD
Player 1 won the hand: 3 points

Player 1 plays 7H
Player 2 plays KH
Player 3 plays 8H
Player 0 plays 10C
Player 2 won the hand: 1 points

Player 2 plays QH
Player 3 plays AS
Player 0 plays QD
Player 1 plays 10D
Player 1 won the hand: 2 points

Game 4 final points: Team A=14, Team B=14
Series cumulative game score so far: Team A=0, Team B=-3
Log saved to: c:\Users\laksh\Desktop\Projects\28bot\logs\game28\mcts_games\game_4_20250819_164029_713988.log
