
===== GAME 53 (20250822_144938_019878) =====

===== AUCTION =====
Pass (locked): Player 0 (min_allowed=16)
  bidding analysis:
    present_suits: H, D, C
    current_high=0  min_allowed=16  raise_delta=1
    overall: avg=15.19  p30=12.00  std=5.28
    suit_stats:
      C: pts=[20, 15, 4, 19, 21, 19 ...]  avg=15.19  p30=12.00  std=5.28
      H: pts=[]
      D: pts=[]
    failed_checks:
      H: p30 0.00 < 15; conf_mean 0.00 < 15
      D: p30 0.00 < 15; conf_mean 0.00 < 15
      C: p30 12.00 < 15; conf_mean 12.55 < 15
    reason: Pass: No suit meets thresholds. Best suit C has p30=12.00, conf_mean=12.55 below min_allowed=16 (current_high=0, raise_delta=+1). Failed checks for best suit: p30 12.00 < 15, conf_mean 12.55 < 15.
Bid: Player 1 proposes 17 (min_allowed=16)
  bidding analysis:
    present_suits: D, S
    current_high=0  min_allowed=16  raise_delta=1
    chosen_suit: D
    proposed_bid: 17
    overall: avg=18.62  p30=17.00  std=4.24
    reason: Bid (precomputed): Suit D meets thresholds (p30=17.00, conf_mean=16.50 >= min_allowed=16); conservative mapping max(p30, avg-1) -> 17. (current_high=0, raise_delta=+1)
Bid: Player 2 proposes 18 (min_allowed=18)
  bidding analysis:
    present_suits: H, D
    current_high=17  min_allowed=18  raise_delta=1
    chosen_suit: H
    proposed_bid: 18
    overall: avg=18.94  p30=18.00  std=2.75
    suit_stats:
      H: pts=[21, 15, 17, 12, 16, 19 ...]  avg=18.94  p30=18.00  std=2.75
      D: pts=[]
    reason: Bid: Suit H meets thresholds (p30=18.00, conf_mean=17.56 >= min_allowed=18); conservative mapping max(p30, avg-1) -> 18. (current_high=17, raise_delta=+1)
Pass (locked): Player 3 (min_allowed=19)
  bidding analysis:
    present_suits: D, S
    current_high=18  min_allowed=19  raise_delta=1
    overall: avg=18.25  p30=15.00  std=3.63
    failed_checks:
      D: p30 12.00 < 18; conf_mean 12.00 < 18
      S: p30 15.00 < 18; conf_mean 16.43 < 18
    reason: Pass: No suit meets thresholds. Best suit S has p30=15.00, conf_mean=16.43 below min_allowed=19 (current_high=18, raise_delta=+1). Failed checks for best suit: p30 15.00 < 18, conf_mean 16.43 < 18.
Pass (locked): Player 1 (min_allowed=19)
  bidding analysis:
    present_suits: D, S
    current_high=18  min_allowed=19  raise_delta=1
    overall: avg=18.62  p30=17.00  std=4.24
    failed_checks:
      D: p30 17.00 < 18; conf_mean 16.50 < 18
    reason: Pass: No suit meets thresholds. Best suit D has p30=17.00, conf_mean=16.50 below min_allowed=19 (current_high=18, raise_delta=+1). Failed checks for best suit: p30 17.00 < 18, conf_mean 16.50 < 18.

AUCTION WINNER: Player 2 with bid 18; chooses trump D 
Details={'chosen': 'D', 'estimates': {'H': 13.0, 'D': 16.0}}
Player 0 hand :  ['AD', '10C', 'KC', '10H', '7C', '10S', 'QC', '8D']
Player 1 hand :  ['KS', 'QD', 'AS', 'JS', 'KD', 'JC', '9C', 'QS']
Player 2 hand :  ['QH', 'KH', '9H', '7H', 'AC', '10D', 'JH']
Player 3 hand :  ['8S', '9S', 'JD', '9D', '8C', 'AH', '8H', '7S']
Player 0 (auction 4 cards): ['AD', '10C', 'KC', '10H']
Player 1 (auction 4 cards): ['KS', 'QD', 'AS', 'JS']
Player 2 (auction 4 cards): ['QH', 'KH', '7D', '9H']
Player 3 (auction 4 cards): ['8S', '9S', 'JD', '9D']
Auction winner (bidder): Player 2 with bid 18
Bidder sets concealed trump suit: D
Phase: concealed, bidder concealed card: 7D

Player 0 plays AD
Player 1 plays QD
Player 2 plays 10D
Player 3 plays JD
Player 3 won the hand: 5 points

Player 3 plays 8S
Player 0 plays 10S
Player 1 plays KS
Player 2 plays QH
Player 0 won the hand: 1 points

Player 0 plays 10C
Player 1 plays JC
Player 2 plays AC
Player 3 plays 8C
Player 1 won the hand: 5 points

Player 1 plays AS
Player 2 plays KH
Player 3 plays 9S
Player 0 plays KC
Player 3 won the hand: 3 points

Player 3 plays 9D
Player 0 plays 8D
Player 1 plays KD
Player 2 plays 9H
Player 3 won the hand: 4 points

Player 3 plays AH
Player 0 plays 10H
Player 1 plays JS
Player 2 plays 7H
Player 3 won the hand: 5 points

Player 3 plays 8H
Player 0 plays 7C
Player 1 plays 9C
Player 2 plays JH
Player 2 won the hand: 5 points

Error during gameplay: Current player 2 has no cards but other players do
No cards available, ending game
Game 53 final points: Team A=6, Team B=22
Series cumulative game score so far: Team A=-11, Team B=3
Log saved to: c:\Users\laksh\Desktop\Projects\28bot\logs\game28\mcts_games\game_53_20250822_144938_019878.log
