
===== GAME 39 (20250822_080805_960341) =====

===== AUCTION =====
Pass (locked): Player 0 (min_allowed=16)
  bidding analysis:
    present_suits: H, D, S
    current_high=0  min_allowed=16  raise_delta=1
    overall: avg=15.12  p30=14.00  std=4.51
    suit_stats:
      H: pts=[23, 7, 12, 15, 14, 15 ...]  avg=15.12  p30=14.00  std=4.51
      D: pts=[]
      S: pts=[]
    failed_checks:
      H: p30 14.00 < 15; conf_mean 12.87 < 15
      D: p30 0.00 < 15; conf_mean 0.00 < 15
      S: p30 0.00 < 15; conf_mean 0.00 < 15
    reason: Pass: No suit meets thresholds. Best suit H has p30=14.00, conf_mean=12.87 below min_allowed=16 (current_high=0, raise_delta=+1). Failed checks for best suit: p30 14.00 < 15, conf_mean 12.87 < 15.
Pass (locked): Player 1 (min_allowed=16)
  bidding analysis:
    present_suits: H, C, S
    current_high=0  min_allowed=16  raise_delta=1
    overall: avg=16.25  p30=13.00  std=4.84
    suit_stats:
      C: pts=[23, 18, 15, 8, 22, 13 ...]  avg=16.25  p30=13.00  std=4.84
      H: pts=[]
      S: pts=[]
    failed_checks:
      H: p30 0.00 < 15; conf_mean 0.00 < 15
      C: p30 13.00 < 15; conf_mean 13.83 < 15
      S: p30 0.00 < 15; conf_mean 0.00 < 15
    reason: Pass: No suit meets thresholds. Best suit C has p30=13.00, conf_mean=13.83 below min_allowed=16 (current_high=0, raise_delta=+1). Failed checks for best suit: p30 13.00 < 15, conf_mean 13.83 < 15.
Bid: Player 2 proposes 18 (min_allowed=16)
  bidding analysis:
    present_suits: D, C, S
    current_high=0  min_allowed=16  raise_delta=1
    chosen_suit: C
    proposed_bid: 18
    overall: avg=18.38  p30=18.00  std=4.92
    suit_stats:
      C: pts=[21, 14, 18, 23, 24, 21 ...]  avg=18.38  p30=18.00  std=4.92
      D: pts=[]
      S: pts=[]
    reason: Bid: Suit C meets thresholds (p30=18.00, conf_mean=15.91 >= min_allowed=16); conservative mapping max(p30, avg-1) -> 18. (current_high=0, raise_delta=+1)
Pass (locked): Player 3 (min_allowed=19)
  bidding analysis:
    present_suits: H, D, S
    current_high=18  min_allowed=19  raise_delta=1
    overall: avg=13.38  p30=10.00  std=4.74
    failed_checks:
      H: p30 10.00 < 18; conf_mean 11.00 < 18
      D: p30 0.00 < 18; conf_mean 0.00 < 18
      S: p30 0.00 < 18; conf_mean 0.00 < 18
    reason: Pass: No suit meets thresholds. Best suit H has p30=10.00, conf_mean=11.00 below min_allowed=19 (current_high=18, raise_delta=+1). Failed checks for best suit: p30 10.00 < 18, conf_mean 11.00 < 18.

AUCTION WINNER: Player 2 with bid 18; chooses trump S 
Details={'chosen': 'S', 'estimates': {'C': 11.0, 'S': 19.0, 'D': 14.0}}
Player 0 hand :  ['7S', 'JH', '8D', 'AH', 'AS', '7C', '10H', '9H']
Player 1 hand :  ['8C', '7H', 'AC', '9S', 'JS', 'QS', '10S', '10C']
Player 2 hand :  ['QD', 'JC', 'QC', 'JD', '9C', '9D', 'QH']
Player 3 hand :  ['7D', 'AD', '8H', 'KS', '10D', 'KH', 'KD', 'KC']
Player 0 (auction 4 cards): ['7S', 'JH', '8D', 'AH']
Player 1 (auction 4 cards): ['8C', '7H', 'AC', '9S']
Player 2 (auction 4 cards): ['QD', 'JC', '8S', 'QC']
Player 3 (auction 4 cards): ['7D', 'AD', '8H', 'KS']
Auction winner (bidder): Player 2 with bid 18
Bidder sets concealed trump suit: S
Phase: concealed, bidder concealed card: 8S

Player 0 plays 7S
Player 1 plays 9S
Player 2 plays QD
Player 3 plays KS
Player 1 won the hand: 2 points

Player 1 plays 8C
Player 2 plays JC
Player 3 plays KC
Player 0 plays 7C
Player 2 won the hand: 3 points

Player 2 plays QC
Player 3 plays 7D
Player 0 plays JH
Player 1 plays AC
Player 1 won the hand: 4 points

Player 1 plays 7H
Player 2 plays QH
Player 3 plays 8H
Player 0 plays AH
Player 0 won the hand: 1 points

Player 0 plays 8D
-- Phase 2 begins: Trump revealed as S by Player 1 on trick 5 --
Player 1 plays JS
Player 2 plays JD
Player 3 plays AD
Player 1 won the hand: 7 points

Player 1 plays QS
Player 2 plays 8S
Player 3 plays 10D
Player 0 plays AS
Player 0 won the hand: 2 points

Player 0 plays 10H
Player 1 plays 10S
Player 2 plays 9C
Player 3 plays KH
Player 1 won the hand: 4 points

Player 1 plays 10C
Player 2 plays 9D
Player 3 plays KD
Player 0 plays 9H
Player 1 won the hand: 5 points

Game 39 final points: Team A=6, Team B=22
Series cumulative game score so far: Team A=-7, Team B=-9
Log saved to: c:\Users\laksh\Desktop\Projects\28bot\logs\game28\mcts_games\game_39_20250822_080805_960341.log
