
===== GAME 9 (20250819_123648_645896) =====
Bid: Player 0 proposes 18 (min_allowed=16) – suit_scores={'H': [12, 16, 15, 20], 'C': [22, 3, 25, 22], 'S': [16, 13, 17, 19]} chosen=C p30=3 avg=18.0
Pass: Player 1 (min_allowed=19) – analysis={'present_suits': ['H', 'D', 'C'], 'suit_to_points': {'H': [8, 0, 19, 0], 'D': [15, 0, 0, 15], 'C': [8, 26, 9, 20]}, 'chosen_suit': 'C', 'avg_points': 15.75, 'p30_points': 8, 'proposed': None, 'current_high': 18}
Pass: Player 2 (min_allowed=19) – analysis={'present_suits': ['C', 'S'], 'suit_to_points': {'C': [21, 10, 11, 0], 'S': [5, 6, 15, 23]}, 'chosen_suit': 'S', 'avg_points': 12.25, 'p30_points': 5, 'proposed': None, 'current_high': 18}
Pass: Player 3 (min_allowed=19) – analysis={'present_suits': ['H', 'D', 'S'], 'suit_to_points': {'H': [7, 19, 9, 14], 'D': [14, 0, 17, 17], 'S': [7, 0, 12, 4]}, 'chosen_suit': 'H', 'avg_points': 12.25, 'p30_points': 7, 'proposed': None, 'current_high': 18}
Auction winner: Player 0 with bid 18; chooses trump C – details={'chosen': 'C', 'estimates': {'H': 5, 'C': 12, 'S': 9}}
Player 0 hand :  ['AC', '10H', 'JS', '7C', 'JH', 'AH', 'JD']
Player 1 hand :  ['8D', 'KH', 'AD', 'QC', '9H', 'KC', 'KS', '8H']
Player 2 hand :  ['AS', '10C', '8C', '10S', 'QS', '9D', '8S', 'QH']
Player 3 hand :  ['7S', '7H', '7D', 'QD', 'KD', 'JC', '10D', '9S']
Player 0 (auction 4 cards): ['AC', '10H', 'JS', '9C']
Player 1 (auction 4 cards): ['8D', 'KH', 'AD', 'QC']
Player 2 (auction 4 cards): ['AS', '10C', '8C', '10S']
Player 3 (auction 4 cards): ['7S', '7H', '7D', 'QD']
Auction winner (bidder): Player 0 with bid 18
Bidder sets concealed trump suit: C
Phase: concealed, bidder concealed card: 9C

Player 0 plays JS
Player 1 plays KS
Player 2 plays AS
Player 3 plays 7S
Player 0 won the hand: 4 points

Player 0 plays JH
Player 1 plays 9H
Player 2 plays QH
Player 3 plays 7H
Player 0 won the hand: 5 points

Player 0 plays 10H
Player 1 plays KH
-- Phase 2 begins: Trump revealed as C by Player 2 on trick 3 --
Player 2 plays 8C
