
===== GAME 52 (20250822_144726_835872) =====

===== AUCTION =====
Pass (locked): Player 0 (min_allowed=16)
  bidding analysis:
    present_suits: H, D, S
    current_high=0  min_allowed=16  raise_delta=1
    overall: avg=14.00  p30=7.00  std=6.25
    suit_stats:
      H: pts=[18, 15, 15, 21, 5, 21 ...]  avg=14.00  p30=7.00  std=6.25
      D: pts=[]
      S: pts=[]
    failed_checks:
      H: p30 7.00 < 15; conf_mean 10.87 < 15
      D: p30 0.00 < 15; conf_mean 0.00 < 15
      S: p30 0.00 < 15; conf_mean 0.00 < 15
    reason: Pass: No suit meets thresholds. Best suit H has p30=7.00, conf_mean=10.87 below min_allowed=16 (current_high=0, raise_delta=+1). Failed checks for best suit: p30 7.00 < 15, conf_mean 10.87 < 15.
Pass (locked): Player 1 (min_allowed=16)
  bidding analysis:
    present_suits: H, D, C
    current_high=0  min_allowed=16  raise_delta=1
    overall: avg=17.00  p30=13.00  std=5.37
    suit_stats:
      C: pts=[12, 18, 25, 22, 14, 28 ...]  avg=17.00  p30=13.00  std=5.37
      H: pts=[]
      D: pts=[]
    failed_checks:
      H: p30 0.00 < 15; conf_mean 0.00 < 15
      D: p30 0.00 < 15; conf_mean 0.00 < 15
      C: p30 13.00 < 15; conf_mean 14.31 < 15
    reason: Pass: No suit meets thresholds. Best suit C has p30=13.00, conf_mean=14.31 below min_allowed=16 (current_high=0, raise_delta=+1). Failed checks for best suit: p30 13.00 < 15, conf_mean 14.31 < 15.
Pass (locked): Player 2 (min_allowed=16)
  bidding analysis:
    present_suits: D, C, S
    current_high=0  min_allowed=16  raise_delta=1
    overall: avg=13.75  p30=9.00  std=5.04
    failed_checks:
      D: p30 9.00 < 15; conf_mean 11.23 < 15
      C: p30 0.00 < 15; conf_mean 0.00 < 15
    reason: Pass: No suit meets thresholds. Best suit D has p30=9.00, conf_mean=11.23 below min_allowed=16 (current_high=0, raise_delta=+1). Failed checks for best suit: p30 9.00 < 15, conf_mean 11.23 < 15.
Pass (locked): Player 3 (min_allowed=16)
  bidding analysis:
    present_suits: C, S
    current_high=0  min_allowed=16  raise_delta=1
    overall: avg=14.00  p30=14.00  std=0.00
    suit_stats:
      S: pts=[9, 9, 13, 12, 15, 18 ...]  avg=15.00  p30=11.00  std=4.94
      C: pts=[14]  avg=14.00  p30=14.00  std=0.00
    failed_checks:
      C: p30 14.00 < 15; conf_mean 14.00 < 15
      S: p30 11.00 < 15; conf_mean 12.53 < 15
    reason: Pass: No suit meets thresholds. Best suit C has p30=14.00, conf_mean=14.00 below min_allowed=16 (current_high=0, raise_delta=+1). Failed checks for best suit: p30 14.00 < 15, conf_mean 14.00 < 15.
Forced bid: All players passed. Player 0 takes minimum bid 16.

AUCTION WINNER: Player 0 with bid 16; chooses trump H 
Details={'chosen': 'H', 'estimates': {'S': 13.0, 'H': 13.0, 'D': 7.0}}
Player 0 hand :  ['QS', 'KD', '8H', '10H', '7H', 'AH', '9D']
Player 1 hand :  ['JH', 'QC', 'JC', '10D', '7C', 'JD', '9C', '10C']
Player 2 hand :  ['7S', 'JS', 'AC', '8D', 'KH', 'QD', '9S', 'AD']
Player 3 hand :  ['KS', 'KC', 'AS', '8C', '8S', 'QH', '10S', '7D']
Player 0 (auction 4 cards): ['QS', 'KD', '9H', '8H']
Player 1 (auction 4 cards): ['JH', 'QC', 'JC', '10D']
Player 2 (auction 4 cards): ['7S', 'JS', 'AC', '8D']
Player 3 (auction 4 cards): ['KS', 'KC', 'AS', '8C']
Auction winner (bidder): Player 0 with bid 16
Bidder sets concealed trump suit: H
Phase: concealed, bidder concealed card: 9H

Player 0 plays QS
-- Phase 2 begins: Trump revealed as H by Player 1 on trick 1 --
Player 1 plays JH
Player 2 plays 7S
Player 3 plays KS
Player 1 won the hand: 3 points

Player 1 plays QC
Player 2 plays AC
Player 3 plays KC
Player 0 plays KD
Player 2 won the hand: 1 points

Player 2 plays JS
Player 3 plays AS
Player 0 plays 8H
Player 1 plays JC
Player 0 won the hand: 7 points

Player 0 plays 10H
Player 1 plays 10D
Player 2 plays KH
Player 3 plays QH
Player 0 won the hand: 2 points

Player 0 plays 7H
Player 1 plays 7C
Player 2 plays 8D
Player 3 plays 8C
Player 0 won the hand: 0 points

Player 0 plays AH
Player 1 plays JD
Player 2 plays QD
Player 3 plays 8S
Player 0 won the hand: 4 points

Player 0 plays 9D
Player 1 plays 9C
Player 2 plays AD
Player 3 plays 7D
Player 0 won the hand: 5 points

Player 0 plays 9H
Player 1 plays 10C
Player 2 plays 9S
Player 3 plays 10S
Player 0 won the hand: 6 points

Game 52 final points: Team A=25, Team B=3
Series cumulative game score so far: Team A=-11, Team B=3
Log saved to: c:\Users\laksh\Desktop\Projects\28bot\logs\game28\mcts_games\game_52_20250822_144726_835872.log
