
===== GAME 101 (20250822_171544_937212) =====

===== AUCTION =====
Bid: Player 0 proposes 16 (min_allowed=16)
  bidding analysis:
    present_suits: H, D
    current_high=0  min_allowed=16  raise_delta=1
    chosen_suit: H
    proposed_bid: 16
    overall: avg=15.00  p30=15.00  std=0.00
    reason: Bid (precomputed): Suit H meets thresholds (p30=15.00, conf_mean=15.00 >= min_allowed=16); conservative mapping max(p30, avg-1) -> 16. (current_high=0, raise_delta=+1)
Pass (locked): Player 1 (min_allowed=17)
  bidding analysis:
    present_suits: H, S
    current_high=16  min_allowed=17  raise_delta=1
    overall: avg=13.00  p30=10.00  std=5.18
    suit_stats:
      H: pts=[12, 15, 7, 12, 17, 11 ...]  avg=13.00  p30=10.00  std=5.18
      S: pts=[3]  avg=3.00  p30=3.00  std=0.00
    failed_checks:
      H: p30 10.00 < 16; conf_mean 10.41 < 16
      S: p30 3.00 < 16; conf_mean 3.00 < 16
    reason: Pass: No suit meets thresholds. Best suit H has p30=10.00, conf_mean=10.41 below min_allowed=17 (current_high=16, raise_delta=+1). Failed checks for best suit: p30 10.00 < 16, conf_mean 10.41 < 16.
Pass (locked): Player 2 (min_allowed=17)
  bidding analysis:
    present_suits: D, C, S
    current_high=16  min_allowed=17  raise_delta=1
    overall: avg=12.12  p30=11.00  std=6.15
    failed_checks:
      D: p30 0.00 < 16; conf_mean 0.00 < 16
      C: p30 11.00 < 16; conf_mean 9.05 < 16
      S: p30 0.00 < 16; conf_mean 0.00 < 16
    reason: Pass: No suit meets thresholds. Best suit C has p30=11.00, conf_mean=9.05 below min_allowed=17 (current_high=16, raise_delta=+1). Failed checks for best suit: p30 11.00 < 16, conf_mean 9.05 < 16.
Pass (locked): Player 3 (min_allowed=17)
  bidding analysis:
    present_suits: H, D, S
    current_high=16  min_allowed=17  raise_delta=1
    overall: avg=12.00  p30=9.00  std=7.35
    failed_checks:
      H: p30 9.00 < 16; conf_mean 8.33 < 16
      D: p30 0.00 < 16; conf_mean 1.75 < 16
    reason: Pass: No suit meets thresholds. Best suit H has p30=9.00, conf_mean=8.33 below min_allowed=17 (current_high=16, raise_delta=+1). Failed checks for best suit: p30 9.00 < 16, conf_mean 8.33 < 16.

AUCTION WINNER: Player 0 with bid 16; chooses trump H 
Details={'chosen': 'H', 'estimates': {'H': 15.0, 'D': 12.625}}
Player 0 hand :  ['7H', '9D', '8D', 'KC', 'AD', 'QC', 'KS']
Player 1 hand :  ['10S', 'AH', 'AS', '10H', 'QD', '10D', 'QH', 'JD']
Player 2 hand :  ['KD', '8S', '9C', '10C', '8C', 'JS', 'JH', 'JC']
Player 3 hand :  ['7D', '9S', '9H', '7S', '8H', '7C', 'QS', 'AC']
Player 0 (auction 4 cards): ['7H', '9D', '8D', 'KH']
Player 1 (auction 4 cards): ['10S', 'AH', 'AS', '10H']
Player 2 (auction 4 cards): ['KD', '8S', '9C', '10C']
Player 3 (auction 4 cards): ['7D', '9S', '9H', '7S']
Auction winner (bidder): Player 0 with bid 16
Bidder sets concealed trump suit: H
Phase: concealed, bidder concealed card: KH

Player 0 plays 9D
Player 1 plays QD
Player 2 plays KD
Player 3 plays 7D
Player 0 won the hand: 2 points

Player 0 plays 8D
Player 1 plays 10D
Player 2 plays 8S
Player 3 plays 9S
Player 1 won the hand: 3 points

Player 1 plays 10S
Player 2 plays JS
Player 3 plays 7S
Player 0 plays KS
Player 2 won the hand: 4 points

Player 2 plays 9C
Player 3 plays 7C
Player 0 plays KC
-- Phase 2 begins: Trump revealed as H by Player 1 on trick 4 --
Player 1 plays AH
Player 1 won the hand: 3 points

Player 1 plays AS
Player 2 plays 10C
Player 3 plays QS
Player 0 plays 7H
Player 0 won the hand: 2 points

Player 0 plays AD
Player 1 plays JD
Player 2 plays 8C
Player 3 plays 9H
Player 3 won the hand: 6 points

Player 3 plays 8H
Player 0 plays KH
Player 1 plays 10H
Player 2 plays JH
Player 2 won the hand: 4 points

Player 2 plays JC
Player 3 plays AC
Player 0 plays QC
Player 1 plays QH
Player 1 won the hand: 4 points

Game 101 final points: Team A=12, Team B=16
Series cumulative game score so far: Team A=-10, Team B=0
Log saved to: c:\Users\laksh\Desktop\Projects\28bot\logs\game28\mcts_games\game_101_20250822_171544_937212.log
