
===== GAME 1 (20250820_224511_317381) =====

===== AUCTION =====
Pass (locked): Player 0 (min_allowed=16)
  bidding analysis:
    present_suits: H, D, S
    current_high=0  min_allowed=16  raise_delta=1
    overall: avg=13.25  p30=7.00  std=7.56
    suit_stats:
      D: pts=[17, 22, 19, 10, 7, 7 ...]  avg=13.25  p30=7.00  std=7.56
      H: pts=[]
      S: pts=[]
    failed_checks:
      H: p30 0.00 < 15; conf_mean 0.00 < 15
      D: p30 7.00 < 15; conf_mean 9.47 < 15
      S: p30 0.00 < 15; conf_mean 0.00 < 15
    reason: Pass: No suit meets thresholds. Best suit D has p30=7.00, conf_mean=9.47 below min_allowed=16 (current_high=0, raise_delta=+1). Failed checks for best suit: p30 7.00 < 15, conf_mean 9.47 < 15.
Bid: Player 1 proposes 17 (min_allowed=16)
  bidding analysis:
    present_suits: H, D, C
    current_high=0  min_allowed=16  raise_delta=1
    chosen_suit: C
    proposed_bid: 17
    overall: avg=18.62  p30=16.00  std=3.04
    suit_stats:
      C: pts=[16, 19, 15, 16, 19, 18 ...]  avg=18.62  p30=16.00  std=3.04
      H: pts=[]
      D: pts=[]
    reason: Bid: Suit C meets thresholds (p30=16.00, conf_mean=17.11 >= min_allowed=16); conservative mapping max(p30, avg-1) -> 17. (current_high=0, raise_delta=+1)
Pass (locked): Player 2 (min_allowed=18)
  bidding analysis:
    present_suits: H, C, S
    current_high=17  min_allowed=18  raise_delta=1
    overall: avg=15.00  p30=15.00  std=6.96
    failed_checks:
      H: p30 0.00 < 17; conf_mean 0.00 < 17
      C: p30 15.00 < 17; conf_mean 11.52 < 17
    reason: Pass: No suit meets thresholds. Best suit C has p30=15.00, conf_mean=11.52 below min_allowed=18 (current_high=17, raise_delta=+1). Failed checks for best suit: p30 15.00 < 17, conf_mean 11.52 < 17.
Pass (locked): Player 3 (min_allowed=18)
  bidding analysis:
    present_suits: H, C
    current_high=17  min_allowed=18  raise_delta=1
    overall: avg=16.75  p30=14.00  std=6.51
    suit_stats:
      C: pts=[17, 6, 14, 26, 8, 21 ...]  avg=16.75  p30=14.00  std=6.51
      H: pts=[11]  avg=11.00  p30=11.00  std=0.00
    failed_checks:
      H: p30 11.00 < 17; conf_mean 11.00 < 17
      C: p30 14.00 < 17; conf_mean 13.49 < 17
    reason: Pass: No suit meets thresholds. Best suit C has p30=14.00, conf_mean=13.49 below min_allowed=18 (current_high=17, raise_delta=+1). Failed checks for best suit: p30 14.00 < 17, conf_mean 13.49 < 17.

AUCTION WINNER: Player 1 with bid 17; chooses trump C 
Details={'chosen': 'C', 'estimates': {'C': 18.0, 'D': 16.0, 'H': 14.0}}
Player 0 hand :  ['AS', 'JD', '10D', 'AH', 'QS', '7H', 'KD', '9S']
Player 1 hand :  ['9C', 'JH', 'AD', 'QC', '9D', 'QD', '8D']
Player 2 hand :  ['8S', 'QH', 'KC', '7S', '10H', '7D', '9H', '10S']
Player 3 hand :  ['JC', 'KH', '7C', '8H', 'JS', '8C', 'AC', 'KS']
Player 0 (auction 4 cards): ['AS', 'JD', '10D', 'AH']
Player 1 (auction 4 cards): ['9C', 'JH', '10C', 'AD']
Player 2 (auction 4 cards): ['8S', 'QH', 'KC', '7S']
Player 3 (auction 4 cards): ['JC', 'KH', '7C', '8H']
Auction winner (bidder): Player 1 with bid 17
Bidder sets concealed trump suit: C
Phase: concealed, bidder concealed card: 10C

Player 0 plays AS
-- Phase 2 begins: Trump revealed as C by Player 1 on trick 1 --
Player 1 plays 9C
Player 2 plays 8S
Player 3 plays JS
Player 1 won the hand: 6 points

Player 1 plays JH
Player 2 plays QH
Player 3 plays KH
Player 0 plays AH
Player 1 won the hand: 4 points

Player 1 plays AD
Player 2 plays 7D
Player 3 plays JC
Player 0 plays JD
Player 3 won the hand: 7 points

Player 3 plays 7C
Player 0 plays 10D
Player 1 plays QC
Player 2 plays KC
Player 2 won the hand: 1 points

Player 2 plays 7S
Player 3 plays KS
Player 0 plays QS
Player 1 plays 9D
Player 3 won the hand: 2 points

Player 3 plays 8H
Player 0 plays 7H
Player 1 plays QD
Player 2 plays 10H
Player 2 won the hand: 1 points

Player 2 plays 9H
Player 3 plays 8C
Player 0 plays KD
Player 1 plays 8D
Player 3 won the hand: 2 points

Player 3 plays AC
Player 0 plays 9S
Player 1 plays 10C
Player 2 plays 10S
Player 3 won the hand: 5 points

Game 1 final points: Team A=2, Team B=26
Series cumulative game score so far: Team A=0, Team B=1
Log saved to: C:\Users\laksh\Desktop\Projects\28bot\logs\game28\mcts_games\game_1_20250820_224511_317381.log
