
===== GAME 5 (20250821_093947_286562) =====

===== AUCTION =====
Bid: Player 0 proposes 20 (min_allowed=16)
  bidding analysis:
    present_suits: H, C
    current_high=0  min_allowed=16  raise_delta=1
    chosen_suit: C
    proposed_bid: 20
    overall: avg=21.50  p30=18.00  std=3.61
    suit_stats:
      C: pts=[20, 18, 18, 17, 28, 23 ...]  avg=21.50  p30=18.00  std=3.61
      H: pts=[]
    reason: Bid: Suit C meets thresholds (p30=18.00, conf_mean=19.70 >= min_allowed=16); conservative mapping max(p30, avg-1) -> 20. (current_high=0, raise_delta=+1)
Pass (locked): Player 1 (min_allowed=21)
  bidding analysis:
    present_suits: H, D, S
    current_high=20  min_allowed=21  raise_delta=1
    overall: avg=11.75  p30=11.00  std=4.79
    suit_stats:
      S: pts=[3, 13, 9, 11, 11, 11 ...]  avg=11.75  p30=11.00  std=4.79
      H: pts=[]
      D: pts=[]
    failed_checks:
      H: p30 0.00 < 20; conf_mean 0.00 < 20
      D: p30 0.00 < 20; conf_mean 0.00 < 20
      S: p30 11.00 < 20; conf_mean 9.36 < 20
    reason: Pass: No suit meets thresholds. Best suit S has p30=11.00, conf_mean=9.36 below min_allowed=21 (current_high=20, raise_delta=+1). Failed checks for best suit: p30 11.00 < 20, conf_mean 9.36 < 20.
Pass (locked): Player 2 (min_allowed=21)
  bidding analysis:
    present_suits: H, C
    current_high=20  min_allowed=21  raise_delta=1
    overall: avg=13.83  p30=8.00  std=7.62
    failed_checks:
      H: p30 8.00 < 20; conf_mean 10.02 < 20
    reason: Pass: No suit meets thresholds. Best suit H has p30=8.00, conf_mean=10.02 below min_allowed=21 (current_high=20, raise_delta=+1). Failed checks for best suit: p30 8.00 < 20, conf_mean 10.02 < 20.
Pass (locked): Player 3 (min_allowed=21)
  bidding analysis:
    present_suits: H, D
    current_high=20  min_allowed=21  raise_delta=1
    overall: avg=16.38  p30=15.00  std=2.45
    suit_stats:
      D: pts=[19, 18, 18, 15, 18, 15 ...]  avg=16.38  p30=15.00  std=2.45
      H: pts=[15]  avg=15.00  p30=15.00  std=0.00
    failed_checks:
      H: p30 15.00 < 20; conf_mean 15.00 < 20
      D: p30 15.00 < 20; conf_mean 15.15 < 20
    reason: Pass: No suit meets thresholds. Best suit D has p30=15.00, conf_mean=15.15 below min_allowed=21 (current_high=20, raise_delta=+1). Failed checks for best suit: p30 15.00 < 20, conf_mean 15.15 < 20.

AUCTION WINNER: Player 0 with bid 20; chooses trump C 
Details={'chosen': 'C', 'estimates': {'C': 22.0, 'H': 13.0}}
Player 0 hand :  ['QC', 'JH', 'JC', '9H', '9D', 'KS', 'JS']
Player 1 hand :  ['QH', '10D', '8S', '10S', '10C', '7S', '10H', 'KD']
Player 2 hand :  ['9C', '7C', '7H', 'KH', 'AD', 'AS', '8D', '9S']
Player 3 hand :  ['AH', 'JD', '8H', '7D', 'AC', 'QS', '8C', 'QD']
Player 0 (auction 4 cards): ['KC', 'QC', 'JH', 'JC']
Player 1 (auction 4 cards): ['QH', '10D', '8S', '10S']
Player 2 (auction 4 cards): ['9C', '7C', '7H', 'KH']
Player 3 (auction 4 cards): ['AH', 'JD', '8H', '7D']
Auction winner (bidder): Player 0 with bid 20
Bidder sets concealed trump suit: C
Phase: concealed, bidder concealed card: KC

Player 0 plays JH
Player 1 plays QH
Player 2 plays 7H
Player 3 plays AH
Player 0 won the hand: 4 points

Player 0 plays 9H
Player 1 plays 10H
Player 2 plays KH
Player 3 plays 8H
Player 0 won the hand: 3 points

Player 0 plays 9D
Player 1 plays 10D
Player 2 plays AD
Player 3 plays JD
Player 3 won the hand: 7 points

Player 3 plays 7D
-- Phase 2 begins: Trump revealed as C by Player 0 on trick 4 --
Player 0 plays QC
Player 1 plays KD
Player 2 plays 8D
Player 0 won the hand: 0 points

Player 0 plays JC
Player 1 plays 10C
Player 2 plays 9C
Player 3 plays AC
Player 0 won the hand: 7 points

Player 0 plays KS
Player 1 plays 8S
Player 2 plays AS
Player 3 plays QS
Player 2 won the hand: 1 points

Player 2 plays 7C
Player 3 plays 8C
Player 0 plays KC
Player 1 plays 10S
Player 0 won the hand: 1 points

Player 0 plays JS
Player 1 plays 7S
Player 2 plays 9S
Player 3 plays QD
Player 0 won the hand: 5 points

Game 5 final points: Team A=21, Team B=7
Series cumulative game score so far: Team A=-2, Team B=-1
Log saved to: C:\Users\laksh\Desktop\Projects\28bot\logs\game28\mcts_games\game_5_20250821_093947_286562.log
