
===== GAME 34 (20250821_111823_618126) =====

===== AUCTION =====
Bid: Player 0 proposes 20 (min_allowed=16)
  bidding analysis:
    present_suits: H, C
    current_high=0  min_allowed=16  raise_delta=1
    chosen_suit: C
    proposed_bid: 20
    overall: avg=21.25  p30=17.00  std=5.14
    suit_stats:
      C: pts=[26, 24, 21, 17, 17, 28 ...]  avg=21.25  p30=17.00  std=5.14
      H: pts=[]
    reason: Bid: Suit C meets thresholds (p30=17.00, conf_mean=18.68 >= min_allowed=16); conservative mapping max(p30, avg-1) -> 20. (current_high=0, raise_delta=+1)
Pass (locked): Player 1 (min_allowed=21)
  bidding analysis:
    present_suits: D, C, S
    current_high=20  min_allowed=21  raise_delta=1
    overall: avg=15.88  p30=15.00  std=4.65
    suit_stats:
      S: pts=[10, 18, 16, 17, 17, 9 ...]  avg=15.88  p30=15.00  std=4.65
      D: pts=[]
      C: pts=[]
    failed_checks:
      D: p30 0.00 < 20; conf_mean 0.00 < 20
      C: p30 0.00 < 20; conf_mean 0.00 < 20
      S: p30 15.00 < 20; conf_mean 13.55 < 20
    reason: Pass: No suit meets thresholds. Best suit S has p30=15.00, conf_mean=13.55 below min_allowed=21 (current_high=20, raise_delta=+1). Failed checks for best suit: p30 15.00 < 20, conf_mean 13.55 < 20.
Pass (locked): Player 2 (min_allowed=21)
  bidding analysis:
    present_suits: H, D, S
    current_high=20  min_allowed=21  raise_delta=1
    overall: avg=13.00  p30=9.00  std=5.07
    suit_stats:
      D: pts=[15, 6, 9, 19, 21, 7 ...]  avg=13.00  p30=9.00  std=5.07
      H: pts=[]
      S: pts=[]
    failed_checks:
      H: p30 0.00 < 20; conf_mean 0.00 < 20
      D: p30 9.00 < 20; conf_mean 10.46 < 20
      S: p30 0.00 < 20; conf_mean 0.00 < 20
    reason: Pass: No suit meets thresholds. Best suit D has p30=9.00, conf_mean=10.46 below min_allowed=21 (current_high=20, raise_delta=+1). Failed checks for best suit: p30 9.00 < 20, conf_mean 10.46 < 20.
Pass (locked): Player 3 (min_allowed=21)
  bidding analysis:
    present_suits: H, D, C
    current_high=20  min_allowed=21  raise_delta=1
    overall: avg=13.38  p30=11.00  std=2.74
    suit_stats:
      D: pts=[12, 10, 14, 17, 11, 14 ...]  avg=13.38  p30=11.00  std=2.74
      H: pts=[]
      C: pts=[]
    failed_checks:
      H: p30 0.00 < 20; conf_mean 0.00 < 20
      D: p30 11.00 < 20; conf_mean 12.01 < 20
      C: p30 0.00 < 20; conf_mean 0.00 < 20
    reason: Pass: No suit meets thresholds. Best suit D has p30=11.00, conf_mean=12.01 below min_allowed=21 (current_high=20, raise_delta=+1). Failed checks for best suit: p30 11.00 < 20, conf_mean 12.01 < 20.

AUCTION WINNER: Player 0 with bid 20; chooses trump H 
Details={'chosen': 'H', 'estimates': {'C': 17.0, 'H': 19.0}}
Player 0 hand :  ['QC', 'JC', 'AC', 'AS', 'QS', 'AH', '9S']
Player 1 hand :  ['KS', 'JS', 'KC', '9D', '8D', '7C', '10C', '9C']
Player 2 hand :  ['9H', '7D', '10S', 'QD', 'KH', 'KD', 'JH', '8H']
Player 3 hand :  ['AD', 'JD', '8C', '10H', '8S', '10D', '7S', '7H']
Player 0 (auction 4 cards): ['QC', 'QH', 'JC', 'AC']
Player 1 (auction 4 cards): ['KS', 'JS', 'KC', '9D']
Player 2 (auction 4 cards): ['9H', '7D', '10S', 'QD']
Player 3 (auction 4 cards): ['AD', 'JD', '8C', '10H']
Auction winner (bidder): Player 0 with bid 20
Bidder sets concealed trump suit: H
Phase: concealed, bidder concealed card: QH

Player 0 plays QC
Player 1 plays KC
-- Phase 2 begins: Trump revealed as H by Player 2 on trick 1 --
Player 2 plays 9H
Player 3 plays 8C
Player 2 won the hand: 2 points

Player 2 plays 7D
Player 3 plays AD
Player 0 plays JC
Player 1 plays 9D
Player 1 won the hand: 6 points

Player 1 plays KS
Player 2 plays 10S
Player 3 plays 8S
Player 0 plays AS
Player 0 won the hand: 2 points

Player 0 plays AC
Player 1 plays 7C
Player 2 plays QD
Player 3 plays JD
Player 0 won the hand: 4 points

Player 0 plays QS
Player 1 plays JS
Player 2 plays KH
Player 3 plays 7S
Player 2 won the hand: 3 points

Player 2 plays KD
Player 3 plays 10D
Player 0 plays AH
Player 1 plays 8D
Player 0 won the hand: 2 points

Player 0 plays 9S
Player 1 plays 10C
Player 2 plays JH
Player 3 plays 10H
Player 2 won the hand: 7 points

Player 2 plays 8H
Player 3 plays 7H
Player 0 plays QH
Player 1 plays 9C
Player 0 won the hand: 2 points

Game 34 final points: Team A=22, Team B=6
Series cumulative game score so far: Team A=-7, Team B=-7
Log saved to: C:\Users\laksh\Desktop\Projects\28bot\logs\game28\mcts_games\game_34_20250821_111823_618126.log
