
===== GAME 30 (20250825_100410_362116) =====

===== AUCTION =====
Pass (locked): Player 0 (min_allowed=16)
  bidding analysis:
    present_suits: H, D, S
    current_high=0  min_allowed=16  raise_delta=1
    overall: avg=16.56  p30=13.00  std=5.98
    failed_checks:
      H: p30 13.00 < 15; conf_mean 13.57 < 15
      D: p30 0.00 < 15; conf_mean 0.00 < 15
      S: p30 0.00 < 15; conf_mean 0.00 < 15
    reason: Pass: No suit meets thresholds. Best suit H has p30=13.00, conf_mean=13.57 below min_allowed=16 (current_high=0, raise_delta=+1). Failed checks for best suit: p30 13.00 < 15, conf_mean 13.57 < 15.
Bid: Player 1 proposes 19 (min_allowed=16)
  bidding analysis:
    present_suits: D, C, S
    current_high=0  min_allowed=16  raise_delta=1
    chosen_suit: C
    proposed_bid: 19
    overall: avg=18.88  p30=19.00  std=4.48
    reason: Bid (precomputed): Suit C meets thresholds (p30=19.00, conf_mean=16.63 >= min_allowed=16); conservative mapping max(p30, avg-1) -> 19. (current_high=0, raise_delta=+1)
Pass (locked): Player 2 (min_allowed=20)
  bidding analysis:
    present_suits: H, D, S
    current_high=19  min_allowed=20  raise_delta=1
    overall: avg=11.75  p30=11.00  std=4.79
    failed_checks:
      H: p30 0.00 < 19; conf_mean 0.00 < 19
      D: p30 0.00 < 19; conf_mean 0.00 < 19
      S: p30 11.00 < 19; conf_mean 9.36 < 19
    reason: Pass: No suit meets thresholds. Best suit S has p30=11.00, conf_mean=9.36 below min_allowed=20 (current_high=19, raise_delta=+1). Failed checks for best suit: p30 11.00 < 19, conf_mean 9.36 < 19.
Pass (locked): Player 3 (min_allowed=20)
  bidding analysis:
    present_suits: H, C, S
    current_high=19  min_allowed=20  raise_delta=1
    overall: avg=18.00  p30=17.00  std=2.35
    failed_checks:
      H: p30 0.00 < 19; conf_mean 0.00 < 19
      C: p30 17.00 < 19; conf_mean 16.83 < 19
      S: p30 0.00 < 19; conf_mean 0.00 < 19
    reason: Pass: No suit meets thresholds. Best suit C has p30=17.00, conf_mean=16.83 below min_allowed=20 (current_high=19, raise_delta=+1). Failed checks for best suit: p30 17.00 < 19, conf_mean 16.83 < 19.

AUCTION WINNER: Player 1 with bid 19; chooses trump C 
Details={'chosen': 'C', 'estimates': {'C': 18.875, 'S': 0.0, 'D': 18.666666666666668}}
Player 0 hand :  ['QS', '7H', 'JD', 'AD', '10C', 'QH', 'JC', 'AS']
Player 1 hand :  ['7D', 'JS', '10D', '8H', '9D', '7C', '8C']
Player 2 hand :  ['10H', 'QD', '10S', '8S', 'KD', 'JH', 'AC', 'KS']
Player 3 hand :  ['QC', '9S', '9H', '7S', 'KH', '8D', 'AH', 'KC']
Player 0 (auction 4 cards): ['QS', '7H', 'JD', 'AD']
Player 1 (auction 4 cards): ['7D', '9C', 'JS', '10D']
Player 2 (auction 4 cards): ['10H', 'QD', '10S', '8S']
Player 3 (auction 4 cards): ['QC', '9S', '9H', '7S']
Auction winner (bidder): Player 1 with bid 19
Bidder sets concealed trump suit: C
Phase: concealed, bidder concealed card: 9C

Player 0 plays QS
Player 1 plays JS
Player 2 plays 10S
Player 3 plays 9S
Player 1 won the hand: 6 points

Player 1 plays 7D
Player 2 plays QD
Player 3 plays 8D
Player 0 plays JD
Player 0 won the hand: 3 points

Player 0 plays 7H
Player 1 plays 8H
Player 2 plays 10H
Player 3 plays 9H
Player 3 won the hand: 3 points

Player 3 plays QC
Player 0 plays 10C
Player 1 plays 7C
Player 2 plays AC
Player 2 won the hand: 2 points

Player 2 plays 8S
Player 3 plays 7S
Player 0 plays AS
Player 1 plays 10D
Player 0 won the hand: 2 points

Player 0 plays AD
Player 1 plays 9D
Player 2 plays KD
Player 3 plays KH
Player 1 won the hand: 3 points

Player 1 plays 8C
Player 2 plays JH
Player 3 plays KC
Player 0 plays JC
Player 0 won the hand: 6 points

Player 0 plays QH
Error during gameplay: Current player 1 has no cards but other players do
No cards available, ending game
Game 30 final points: Team A=13, Team B=12
Series cumulative game score so far: Team A=-6, Team B=-3
Log saved to: c:\Users\laksh\Desktop\Projects\28bot\logs\game28\mcts_games\game_30_20250825_100410_362116.log
