
===== GAME 61 (20250822_083930_944386) =====

===== AUCTION =====
Pass (locked): Player 0 (min_allowed=16)
  bidding analysis:
    present_suits: C, S
    current_high=0  min_allowed=16  raise_delta=1
    overall: avg=0.00  p30=0.00  std=0.00
    failed_checks:
      C: p30 0.00 < 15; conf_mean 0.00 < 15
    reason: Pass: No suit meets thresholds. Best suit C has p30=0.00, conf_mean=0.00 below min_allowed=16 (current_high=0, raise_delta=+1). Failed checks for best suit: p30 0.00 < 15, conf_mean 0.00 < 15.
Pass (locked): Player 1 (min_allowed=16)
  bidding analysis:
    present_suits: H, D, C
    current_high=0  min_allowed=16  raise_delta=1
    overall: avg=13.62  p30=13.00  std=3.46
    suit_stats:
      C: pts=[6, 13, 15, 15, 11, 16 ...]  avg=13.62  p30=13.00  std=3.46
      H: pts=[]
      D: pts=[]
    failed_checks:
      H: p30 0.00 < 15; conf_mean 0.00 < 15
      D: p30 0.00 < 15; conf_mean 0.00 < 15
      C: p30 13.00 < 15; conf_mean 11.89 < 15
    reason: Pass: No suit meets thresholds. Best suit C has p30=13.00, conf_mean=11.89 below min_allowed=16 (current_high=0, raise_delta=+1). Failed checks for best suit: p30 13.00 < 15, conf_mean 11.89 < 15.
Pass (locked): Player 2 (min_allowed=16)
  bidding analysis:
    present_suits: H, D, C
    current_high=0  min_allowed=16  raise_delta=1
    overall: avg=12.88  p30=11.00  std=4.08
    suit_stats:
      C: pts=[15, 6, 14, 18, 13, 11 ...]  avg=12.88  p30=11.00  std=4.08
      H: pts=[]
      D: pts=[]
    failed_checks:
      H: p30 0.00 < 15; conf_mean 0.00 < 15
      D: p30 0.00 < 15; conf_mean 0.00 < 15
      C: p30 11.00 < 15; conf_mean 10.84 < 15
    reason: Pass: No suit meets thresholds. Best suit C has p30=11.00, conf_mean=10.84 below min_allowed=16 (current_high=0, raise_delta=+1). Failed checks for best suit: p30 11.00 < 15, conf_mean 10.84 < 15.
Bid: Player 3 proposes 17 (min_allowed=16)
  bidding analysis:
    present_suits: D, C
    current_high=0  min_allowed=16  raise_delta=1
    chosen_suit: C
    proposed_bid: 17
    overall: avg=17.62  p30=17.00  std=3.57
    suit_stats:
      C: pts=[17, 19, 22, 16, 22, 17 ...]  avg=17.62  p30=17.00  std=3.57
      D: pts=[]
    reason: Bid: Suit C meets thresholds (p30=17.00, conf_mean=15.84 >= min_allowed=16); conservative mapping max(p30, avg-1) -> 17. (current_high=0, raise_delta=+1)

AUCTION WINNER: Player 3 with bid 17; chooses trump C 
Details={'chosen': 'C', 'estimates': {'C': 28.0, 'D': 10.0}}
Player 0 hand :  ['AC', '9S', '8S', '10S', '7D', 'KS', '7S', '8D']
Player 1 hand :  ['KH', 'QC', 'JC', 'AD', 'AH', 'QD', 'AS', 'JH']
Player 2 hand :  ['KC', '8C', '10D', 'QH', '10H', '9H', '7H', 'JS']
Player 3 hand :  ['7C', '9D', '9C', 'KD', 'JD', 'QS', '8H']
Player 0 (auction 4 cards): ['AC', '9S', '8S', '10S']
Player 1 (auction 4 cards): ['KH', 'QC', 'JC', 'AD']
Player 2 (auction 4 cards): ['KC', '8C', '10D', 'QH']
Player 3 (auction 4 cards): ['7C', '9D', '9C', '10C']
Auction winner (bidder): Player 3 with bid 17
Bidder sets concealed trump suit: C
Phase: concealed, bidder concealed card: 10C

Player 0 plays AC
Player 1 plays QC
Player 2 plays KC
Player 3 plays 7C
Player 0 won the hand: 1 points

Player 0 plays 9S
Player 1 plays AS
Player 2 plays JS
Player 3 plays QS
Player 2 won the hand: 6 points

Player 2 plays 8C
Player 3 plays 9C
Player 0 plays 8S
Player 1 plays JC
Player 1 won the hand: 5 points

Player 1 plays KH
Player 2 plays QH
Player 3 plays 8H
Player 0 plays 10S
Player 1 won the hand: 1 points

Player 1 plays AD
Player 2 plays 10D
Player 3 plays 9D
Player 0 plays 7D
Player 3 won the hand: 4 points

Player 3 plays KD
Player 0 plays 8D
Player 1 plays QD
Player 2 plays 10H
Player 3 won the hand: 1 points

Player 3 plays JD
Player 0 plays KS
Player 1 plays AH
Player 2 plays 9H
Player 3 won the hand: 6 points

Error during gameplay: Current player 3 has no cards but other players do
No cards available, ending game
Game 61 final points: Team A=7, Team B=17
Series cumulative game score so far: Team A=-7, Team B=-14
Log saved to: c:\Users\laksh\Desktop\Projects\28bot\logs\game28\mcts_games\game_61_20250822_083930_944386.log
