
===== GAME 50 (20250822_082309_052166) =====

===== AUCTION =====
Pass (locked): Player 0 (min_allowed=16)
  bidding analysis:
    present_suits: H, C, S
    current_high=0  min_allowed=16  raise_delta=1
    overall: avg=17.38  p30=14.00  std=6.44
    suit_stats:
      C: pts=[15, 6, 19, 12, 26, 22 ...]  avg=17.38  p30=14.00  std=6.44
      H: pts=[]
      S: pts=[]
    failed_checks:
      H: p30 0.00 < 15; conf_mean 0.00 < 15
      C: p30 14.00 < 15; conf_mean 14.15 < 15
      S: p30 0.00 < 15; conf_mean 0.00 < 15
    reason: Pass: No suit meets thresholds. Best suit C has p30=14.00, conf_mean=14.15 below min_allowed=16 (current_high=0, raise_delta=+1). Failed checks for best suit: p30 14.00 < 15, conf_mean 14.15 < 15.
Pass (locked): Player 1 (min_allowed=16)
  bidding analysis:
    present_suits: D, S
    current_high=0  min_allowed=16  raise_delta=1
    overall: avg=9.00  p30=9.00  std=0.00
    failed_checks:
      D: p30 9.00 < 15; conf_mean 9.00 < 15
    reason: Pass: No suit meets thresholds. Best suit D has p30=9.00, conf_mean=9.00 below min_allowed=16 (current_high=0, raise_delta=+1). Failed checks for best suit: p30 9.00 < 15, conf_mean 9.00 < 15.
Pass (locked): Player 2 (min_allowed=16)
  bidding analysis:
    present_suits: H, D, C
    current_high=0  min_allowed=16  raise_delta=1
    overall: avg=16.12  p30=11.00  std=5.84
    failed_checks:
      H: p30 11.00 < 15; conf_mean 13.20 < 15
      C: p30 0.00 < 15; conf_mean 0.00 < 15
    reason: Pass: No suit meets thresholds. Best suit H has p30=11.00, conf_mean=13.20 below min_allowed=16 (current_high=0, raise_delta=+1). Failed checks for best suit: p30 11.00 < 15, conf_mean 13.20 < 15.
Pass (locked): Player 3 (min_allowed=16)
  bidding analysis:
    present_suits: H, D
    current_high=0  min_allowed=16  raise_delta=1
    overall: avg=14.88  p30=12.00  std=4.81
    failed_checks:
      D: p30 12.00 < 15; conf_mean 12.47 < 15
    reason: Pass: No suit meets thresholds. Best suit D has p30=12.00, conf_mean=12.47 below min_allowed=16 (current_high=0, raise_delta=+1). Failed checks for best suit: p30 12.00 < 15, conf_mean 12.47 < 15.
Forced bid: All players passed. Player 0 takes minimum bid 16.

AUCTION WINNER: Player 0 with bid 16; chooses trump H 
Details={'chosen': 'H', 'estimates': {'S': 7.0, 'C': 12.0, 'H': 19.0}}
Player 0 hand :  ['KS', '8C', 'JC', 'AS', '10S', '10D', 'QC']
Player 1 hand :  ['KD', '8S', 'QS', '7D', '9S', 'KC', '10C', 'JS']
Player 2 hand :  ['9D', '9H', '7C', 'AH', '9C', 'QH', 'JD', '7S']
Player 3 hand :  ['8D', 'QD', 'AD', '10H', '8H', '7H', 'AC', 'JH']
Player 0 (auction 4 cards): ['KS', 'KH', '8C', 'JC']
Player 1 (auction 4 cards): ['KD', '8S', 'QS', '7D']
Player 2 (auction 4 cards): ['9D', '9H', '7C', 'AH']
Player 3 (auction 4 cards): ['8D', 'QD', 'AD', '10H']
Auction winner (bidder): Player 0 with bid 16
Bidder sets concealed trump suit: H
Phase: concealed, bidder concealed card: KH

Player 0 plays KS
Player 1 plays 8S
Player 2 plays 7S
Player 3 plays 8D
Player 0 won the hand: 0 points

Player 0 plays 8C
Player 1 plays KC
Player 2 plays 7C
Player 3 plays AC
Player 3 won the hand: 1 points

Player 3 plays QD
Player 0 plays 10D
Player 1 plays KD
Player 2 plays 9D
Player 2 won the hand: 3 points

Player 2 plays 9H
Player 3 plays 10H
Player 0 plays JC
Player 1 plays QS
Player 2 won the hand: 6 points

Player 2 plays AH
Player 3 plays 8H
Player 0 plays AS
Player 1 plays 7D
Player 2 won the hand: 2 points

Player 2 plays 9C
Player 3 plays AD
Player 0 plays QC
Player 1 plays 10C
Player 2 won the hand: 4 points

Player 2 plays QH
Player 3 plays 7H
Player 0 plays 10S
Player 1 plays 9S
Player 2 won the hand: 3 points

Player 2 plays JD
-- Phase 2 begins: Trump revealed as H by Player 3 on trick 8 --
Player 3 plays JH
Player 0 plays KH
Player 1 plays JS
Player 3 won the hand: 9 points

Game 50 final points: Team A=18, Team B=10
Series cumulative game score so far: Team A=-4, Team B=-10
Log saved to: c:\Users\laksh\Desktop\Projects\28bot\logs\game28\mcts_games\game_50_20250822_082309_052166.log
