
===== GAME 115 (20250823_121806_861703) =====

===== AUCTION =====
Pass (locked): Player 0 (min_allowed=16)
  bidding analysis:
    present_suits: D, C, S
    current_high=0  min_allowed=16  raise_delta=1
    overall: avg=14.56  p30=12.00  std=4.51
    failed_checks:
      D: p30 0.00 < 15; conf_mean 0.00 < 15
      C: p30 12.00 < 15; conf_mean 12.31 < 15
    reason: Pass: No suit meets thresholds. Best suit C has p30=12.00, conf_mean=12.31 below min_allowed=16 (current_high=0, raise_delta=+1). Failed checks for best suit: p30 12.00 < 15, conf_mean 12.31 < 15.
Pass (locked): Player 1 (min_allowed=16)
  bidding analysis:
    present_suits: D, C, S
    current_high=0  min_allowed=16  raise_delta=1
    overall: avg=13.00  p30=12.00  std=4.58
    failed_checks:
      D: p30 0.00 < 15; conf_mean 0.00 < 15
      C: p30 0.00 < 15; conf_mean 0.00 < 15
      S: p30 12.00 < 15; conf_mean 10.71 < 15
    reason: Pass: No suit meets thresholds. Best suit S has p30=12.00, conf_mean=10.71 below min_allowed=16 (current_high=0, raise_delta=+1). Failed checks for best suit: p30 12.00 < 15, conf_mean 10.71 < 15.
Pass (locked): Player 2 (min_allowed=16)
  bidding analysis:
    present_suits: D, C, S
    current_high=0  min_allowed=16  raise_delta=1
    overall: avg=13.62  p30=13.00  std=3.87
    failed_checks:
      D: p30 13.00 < 15; conf_mean 11.69 < 15
      C: p30 0.00 < 15; conf_mean 0.00 < 15
      S: p30 0.00 < 15; conf_mean 0.00 < 15
    reason: Pass: No suit meets thresholds. Best suit D has p30=13.00, conf_mean=11.69 below min_allowed=16 (current_high=0, raise_delta=+1). Failed checks for best suit: p30 13.00 < 15, conf_mean 11.69 < 15.
Pass (locked): Player 3 (min_allowed=16)
  bidding analysis:
    present_suits: D, C, S
    current_high=0  min_allowed=16  raise_delta=1
    overall: avg=16.00  p30=12.00  std=5.24
    failed_checks:
      D: p30 12.00 < 15; conf_mean 13.38 < 15
      S: p30 0.00 < 15; conf_mean 0.00 < 15
    reason: Pass: No suit meets thresholds. Best suit D has p30=12.00, conf_mean=13.38 below min_allowed=16 (current_high=0, raise_delta=+1). Failed checks for best suit: p30 12.00 < 15, conf_mean 13.38 < 15.
Forced bid: All players passed. Player 0 takes minimum bid 16.

AUCTION WINNER: Player 0 with bid 16; chooses trump C 
Details={'chosen': 'C', 'estimates': {'D': 0.0, 'C': 14.5625, 'S': 12.166666666666666}}
Player 0 hand :  ['QD', 'QS', '9D', 'KH', 'AC', 'QC', 'JS']
Player 1 hand :  ['7S', 'AD', 'KD', 'KC', 'JH', '7C', '8S', '8D']
Player 2 hand :  ['AS', '10C', '9C', '7D', '10S', 'QH', '9H', 'AH']
Player 3 hand :  ['9S', 'KS', '8C', '10D', '10H', '7H', '8H', 'JD']
Player 0 (auction 4 cards): ['QD', 'QS', 'JC', '9D']
Player 1 (auction 4 cards): ['7S', 'AD', 'KD', 'KC']
Player 2 (auction 4 cards): ['AS', '10C', '9C', '7D']
Player 3 (auction 4 cards): ['9S', 'KS', '8C', '10D']
Auction winner (bidder): Player 0 with bid 16
Bidder sets concealed trump suit: C
Phase: concealed, bidder concealed card: JC

Player 0 plays QD
Player 1 plays AD
Player 2 plays 7D
Player 3 plays 10D
Player 1 won the hand: 2 points

Player 1 plays 7S
Player 2 plays AS
Player 3 plays 9S
Player 0 plays QS
Player 3 won the hand: 3 points

Player 3 plays KS
Player 0 plays JS
Player 1 plays 8S
Player 2 plays 10S
Player 0 won the hand: 4 points

Player 0 plays 9D
Player 1 plays KD
-- Phase 2 begins: Trump revealed as C by Player 2 on trick 4 --
Player 2 plays 10C
Player 3 plays JD
Player 2 won the hand: 6 points

Player 2 plays 9C
Player 3 plays 8C
Player 0 plays AC
Player 1 plays KC
Player 2 won the hand: 3 points

Player 2 plays QH
Player 3 plays 10H
Player 0 plays KH
Player 1 plays JH
Player 1 won the hand: 4 points

Player 1 plays 7C
Player 2 plays 9H
Player 3 plays 7H
Player 0 plays QC
Player 0 won the hand: 2 points

Player 0 plays JC
Player 1 plays 8D
Player 2 plays AH
Player 3 plays 8H
Player 0 won the hand: 4 points

Game 115 final points: Team A=19, Team B=9
Series cumulative game score so far: Team A=-8, Team B=-3
Log saved to: c:\Users\laksh\Desktop\Projects\28bot\logs\game28\mcts_games\game_115_20250823_121806_861703.log
