
===== GAME 64 (20250822_084940_312659) =====

===== AUCTION =====
Pass (locked): Player 0 (min_allowed=16)
  bidding analysis:
    present_suits: H, D, S
    current_high=0  min_allowed=16  raise_delta=1
    overall: avg=0.00  p30=0.00  std=0.00
    failed_checks:
      H: p30 0.00 < 15; conf_mean 0.00 < 15
      D: p30 0.00 < 15; conf_mean 0.00 < 15
    reason: Pass: No suit meets thresholds. Best suit H has p30=0.00, conf_mean=0.00 below min_allowed=16 (current_high=0, raise_delta=+1). Failed checks for best suit: p30 0.00 < 15, conf_mean 0.00 < 15.
Pass (locked): Player 1 (min_allowed=16)
  bidding analysis:
    present_suits: D, C, S
    current_high=0  min_allowed=16  raise_delta=1
    overall: avg=12.62  p30=9.00  std=5.38
    suit_stats:
      C: pts=[6, 22, 13, 6, 18, 16 ...]  avg=12.62  p30=9.00  std=5.38
      D: pts=[]
      S: pts=[]
    failed_checks:
      D: p30 0.00 < 15; conf_mean 0.00 < 15
      C: p30 9.00 < 15; conf_mean 9.93 < 15
      S: p30 0.00 < 15; conf_mean 0.00 < 15
    reason: Pass: No suit meets thresholds. Best suit C has p30=9.00, conf_mean=9.93 below min_allowed=16 (current_high=0, raise_delta=+1). Failed checks for best suit: p30 9.00 < 15, conf_mean 9.93 < 15.
Pass (locked): Player 2 (min_allowed=16)
  bidding analysis:
    present_suits: D, C
    current_high=0  min_allowed=16  raise_delta=1
    overall: avg=17.12  p30=18.00  std=7.04
    suit_stats:
      C: pts=[7, 4, 18, 20, 21, 24 ...]  avg=17.12  p30=18.00  std=7.04
      D: pts=[13]  avg=13.00  p30=13.00  std=0.00
    failed_checks:
      D: p30 13.00 < 15; conf_mean 13.00 < 15
      C: conf_mean 13.60 < 15
    reason: Pass: No suit meets thresholds. Best suit C has p30=18.00, conf_mean=13.60 below min_allowed=16 (current_high=0, raise_delta=+1). Failed checks for best suit: conf_mean 13.60 < 15.
Pass (locked): Player 3 (min_allowed=16)
  bidding analysis:
    present_suits: H, D, S
    current_high=0  min_allowed=16  raise_delta=1
    overall: avg=16.50  p30=15.00  std=4.15
    failed_checks:
      H: p30 0.00 < 15; conf_mean 0.00 < 15
      S: conf_mean 14.42 < 15
    reason: Pass: No suit meets thresholds. Best suit S has p30=15.00, conf_mean=14.42 below min_allowed=16 (current_high=0, raise_delta=+1). Failed checks for best suit: conf_mean 14.42 < 15.
Forced bid: All players passed. Player 0 takes minimum bid 16.

AUCTION WINNER: Player 0 with bid 16; chooses trump S 
Details={'chosen': 'S', 'estimates': {'H': 0.0, 'D': 0.0, 'S': 13.166666666666666}}
Player 0 hand :  ['10D', '9S', '8H', '9H', '7D', 'KH', 'JS']
Player 1 hand :  ['7C', 'QD', '8S', '10C', '8D', 'KS', '7H', '7S']
Player 2 hand :  ['AD', 'JC', '8C', '9D', 'KD', 'AC', 'QC', '9C']
Player 3 hand :  ['10H', '10S', 'JD', 'JH', 'AS', 'AH', 'QH', 'KC']
Player 0 (auction 4 cards): ['QS', '10D', '9S', '8H']
Player 1 (auction 4 cards): ['7C', 'QD', '8S', '10C']
Player 2 (auction 4 cards): ['AD', 'JC', '8C', '9D']
Player 3 (auction 4 cards): ['10H', '10S', 'JD', 'JH']
Auction winner (bidder): Player 0 with bid 16
Bidder sets concealed trump suit: S
Phase: concealed, bidder concealed card: QS

Player 0 plays 10D
Player 1 plays QD
Player 2 plays AD
Player 3 plays JD
Player 3 won the hand: 5 points

Player 3 plays 10H
Player 0 plays 8H
Player 1 plays 7H
Player 2 plays JC
Player 3 won the hand: 4 points

Player 3 plays 10S
Player 0 plays 9S
Player 1 plays 8S
Player 2 plays 8C
Player 0 won the hand: 3 points

Player 0 plays 9H
Player 1 plays 7C
Player 2 plays 9D
Player 3 plays JH
Player 3 won the hand: 7 points

Player 3 plays AS
Player 0 plays JS
Player 1 plays KS
Player 2 plays KD
Player 0 won the hand: 4 points

Player 0 plays 7D
Player 1 plays 8D
Player 2 plays AC
Player 3 plays AH
Player 1 won the hand: 2 points

Player 1 plays 10C
Player 2 plays QC
Player 3 plays KC
Player 0 plays KH
Player 1 won the hand: 1 points

Player 1 plays 7S
Player 2 plays 9C
Player 3 plays QH
Game 64 final points: Team A=7, Team B=19
Series cumulative game score so far: Team A=-10, Team B=-15
Log saved to: c:\Users\laksh\Desktop\Projects\28bot\logs\game28\mcts_games\game_64_20250822_084940_312659.log
