
===== GAME 83 (20250825_161626_220038) =====

===== AUCTION =====
Pass (locked): Player 0 (min_allowed=16)
  bidding analysis:
    present_suits: H, D, S
    current_high=0  min_allowed=16  raise_delta=1
    overall: avg=11.62  p30=9.00  std=5.74
    suit_stats:
      D: pts=[5, 14, 22, 10, 3, 9 ...]  avg=11.62  p30=9.00  std=5.74
      H: pts=[]
      S: pts=[]
    failed_checks:
      H: p30 0.00 < 15; conf_mean 0.00 < 15
      D: p30 9.00 < 15; conf_mean 8.75 < 15
      S: p30 0.00 < 15; conf_mean 0.00 < 15
    reason: Pass: No suit meets thresholds. Best suit D has p30=9.00, conf_mean=8.75 below min_allowed=16 (current_high=0, raise_delta=+1). Failed checks for best suit: p30 9.00 < 15, conf_mean 8.75 < 15.
Bid: Player 1 proposes 27 (min_allowed=16)
  bidding analysis:
    present_suits: H, D, C, S
    current_high=0  min_allowed=16  raise_delta=1
    chosen_suit: C
    proposed_bid: 27
    overall: avg=27.00  p30=27.00  std=0.00
    reason: Bid (precomputed): Suit C meets thresholds (p30=27.00, conf_mean=27.00 >= min_allowed=16); conservative mapping max(p30, avg-1) -> 27. (current_high=0, raise_delta=+1)
Pass (locked): Player 2 (min_allowed=28)
  bidding analysis:
    present_suits: D, C, S
    current_high=27  min_allowed=28  raise_delta=1
    overall: avg=15.88  p30=14.00  std=6.16
    failed_checks:
      D: p30 0.00 < 27; conf_mean 0.00 < 27
      C: p30 14.00 < 27; conf_mean 12.79 < 27
    reason: Pass: No suit meets thresholds. Best suit C has p30=14.00, conf_mean=12.79 below min_allowed=28 (current_high=27, raise_delta=+1). Failed checks for best suit: p30 14.00 < 27, conf_mean 12.79 < 27.
Pass (locked): Player 3 (min_allowed=28)
  bidding analysis:
    present_suits: H, D, S
    current_high=27  min_allowed=28  raise_delta=1
    overall: avg=11.88  p30=8.00  std=4.64
    suit_stats:
      D: pts=[6, 19, 18, 8, 11, 15 ...]  avg=11.88  p30=8.00  std=4.64
      H: pts=[]
      S: pts=[]
    failed_checks:
      H: p30 0.00 < 27; conf_mean 0.00 < 27
      D: p30 8.00 < 27; conf_mean 9.56 < 27
      S: p30 0.00 < 27; conf_mean 0.00 < 27
    reason: Pass: No suit meets thresholds. Best suit D has p30=8.00, conf_mean=9.56 below min_allowed=28 (current_high=27, raise_delta=+1). Failed checks for best suit: p30 8.00 < 27, conf_mean 9.56 < 27.

AUCTION WINNER: Player 1 with bid 27; chooses trump C 
Details={'chosen': 'C', 'estimates': {'H': 17.0, 'D': 8.0, 'C': 27.0, 'S': 15.0}}
Player 0 hand :  ['KD', 'KH', 'AD', 'QS', '9S', 'JS', 'JH', '10C']
Player 1 hand :  ['JD', '9H', '10S', '10H', '7C', '7H', 'AC']
Player 2 hand :  ['9D', 'KS', '10D', 'QC', 'QH', '8H', '8D', 'KC']
Player 3 hand :  ['AH', 'AS', '7D', 'QD', 'JC', '8C', '7S', '8S']
Player 0 (auction 4 cards): ['KD', 'KH', 'AD', 'QS']
Player 1 (auction 4 cards): ['JD', '9C', '9H', '10S']
Player 2 (auction 4 cards): ['9D', 'KS', '10D', 'QC']
Player 3 (auction 4 cards): ['AH', 'AS', '7D', 'QD']
Auction winner (bidder): Player 1 with bid 27
Bidder sets concealed trump suit: C
Phase: concealed, bidder concealed card: 9C

Player 0 plays KD
Player 1 plays JD
Player 2 plays 9D
Player 3 plays 7D
Player 1 won the hand: 5 points

Player 1 plays 9H
Player 2 plays QH
Player 3 plays AH
Player 0 plays KH
Player 1 won the hand: 3 points

Player 1 plays 10S
Player 2 plays KS
Player 3 plays AS
Player 0 plays QS
Player 3 won the hand: 2 points

Player 3 plays QD
Player 0 plays AD
Player 1 plays 10H
Player 2 plays 10D
Player 0 won the hand: 3 points

Player 0 plays 9S
-- Phase 2 begins: Trump revealed as C by Player 1 on trick 5 --
Player 1 plays 7C
Player 2 plays QC
Player 3 plays 7S
Player 2 won the hand: 2 points

Player 2 plays 8H
Player 3 plays JC
Player 0 plays JH
Player 1 plays 7H
Player 3 won the hand: 6 points

Player 3 plays 8C
Player 0 plays 10C
Player 1 plays AC
Player 2 plays KC
Player 1 won the hand: 2 points

Player 1 plays 9C
Player 2 plays 8D
Player 3 plays 8S
Player 0 plays JS
Player 1 won the hand: 5 points

Game 83 final points: Team A=5, Team B=23
Series cumulative game score so far: Team A=-16, Team B=-9
Log saved to: c:\Users\laksh\Desktop\Projects\28bot\logs\game28\mcts_games\game_83_20250825_161626_220038.log
