
===== GAME 87 (20250825_163805_371155) =====

===== AUCTION =====
Bid: Player 0 proposes 17 (min_allowed=16)
  bidding analysis:
    present_suits: H, C
    current_high=0  min_allowed=16  raise_delta=1
    chosen_suit: H
    proposed_bid: 17
    overall: avg=18.17  p30=16.00  std=2.27
    reason: Bid (precomputed): Suit H meets thresholds (p30=16.00, conf_mean=17.03 >= min_allowed=16); conservative mapping max(p30, avg-1) -> 17. (current_high=0, raise_delta=+1)
Pass (locked): Player 1 (min_allowed=18)
  bidding analysis:
    present_suits: D, C, S
    current_high=17  min_allowed=18  raise_delta=1
    overall: avg=16.88  p30=10.00  std=6.36
    suit_stats:
      D: pts=[21, 20, 10, 19, 24, 26 ...]  avg=16.88  p30=10.00  std=6.36
      C: pts=[]
      S: pts=[]
    failed_checks:
      D: p30 10.00 < 17; conf_mean 13.69 < 17
      C: p30 0.00 < 17; conf_mean 0.00 < 17
      S: p30 0.00 < 17; conf_mean 0.00 < 17
    reason: Pass: No suit meets thresholds. Best suit D has p30=10.00, conf_mean=13.69 below min_allowed=18 (current_high=17, raise_delta=+1). Failed checks for best suit: p30 10.00 < 17, conf_mean 13.69 < 17.
Pass (locked): Player 2 (min_allowed=18)
  bidding analysis:
    present_suits: H, S
    current_high=17  min_allowed=18  raise_delta=1
    overall: avg=9.75  p30=0.00  std=9.76
    failed_checks:
      S: p30 0.00 < 17; conf_mean 4.87 < 17
    reason: Pass: No suit meets thresholds. Best suit S has p30=0.00, conf_mean=4.87 below min_allowed=18 (current_high=17, raise_delta=+1). Failed checks for best suit: p30 0.00 < 17, conf_mean 4.87 < 17.
Bid: Player 3 proposes 19 (min_allowed=18)
  bidding analysis:
    present_suits: H, D, C, S
    current_high=17  min_allowed=18  raise_delta=1
    chosen_suit: S
    proposed_bid: 19
    overall: avg=19.00  p30=19.00  std=0.00
    reason: Bid (precomputed): Suit S meets thresholds (p30=19.00, conf_mean=19.00 >= min_allowed=18); conservative mapping max(p30, avg-1) -> 19. (current_high=17, raise_delta=+1)
Pass (locked): Player 0 (min_allowed=20)
  bidding analysis:
    present_suits: H, C
    current_high=19  min_allowed=20  raise_delta=1
    overall: avg=18.17  p30=16.00  std=2.27
    failed_checks:
      H: p30 16.00 < 19; conf_mean 17.03 < 19
    reason: Pass: No suit meets thresholds. Best suit H has p30=16.00, conf_mean=17.03 below min_allowed=20 (current_high=19, raise_delta=+1). Failed checks for best suit: p30 16.00 < 19, conf_mean 17.03 < 19.

AUCTION WINNER: Player 3 with bid 19; chooses trump D 
Details={'chosen': 'D', 'estimates': {'H': 17.0, 'D': 19.0, 'C': 18.0, 'S': 19.0}}
Player 0 hand :  ['7H', '10C', '7C', 'QC', '10H', '7S', '8C', '9S']
Player 1 hand :  ['10D', 'QD', 'AS', 'JC', '9H', 'KC', '8S', 'KD']
Player 2 hand :  ['QS', 'AH', 'QH', 'JH', '7D', 'AD', 'AC', '9D']
Player 3 hand :  ['9C', 'JS', 'KH', '8H', '10S', 'KS', '8D']
Player 0 (auction 4 cards): ['7H', '10C', '7C', 'QC']
Player 1 (auction 4 cards): ['10D', 'QD', 'AS', 'JC']
Player 2 (auction 4 cards): ['QS', 'AH', 'QH', 'JH']
Player 3 (auction 4 cards): ['9C', 'JS', 'JD', 'KH']
Auction winner (bidder): Player 3 with bid 19
Bidder sets concealed trump suit: D
Phase: concealed, bidder concealed card: JD

Player 0 plays 7H
Player 1 plays 9H
Player 2 plays AH
Player 3 plays KH
Player 1 won the hand: 3 points

Player 1 plays 10D
Player 2 plays 7D
Player 3 plays 8D
Player 0 plays 10C
Player 1 won the hand: 2 points

Player 1 plays QD
Player 2 plays AD
Player 3 plays 9C
Player 0 plays 7C
Player 2 won the hand: 3 points

Player 2 plays QS
Player 3 plays JS
Player 0 plays 7S
Player 1 plays AS
Player 3 won the hand: 4 points

Player 3 plays 8H
Player 0 plays 10H
Player 1 plays JC
Player 2 plays QH
Player 0 won the hand: 4 points

Player 0 plays QC
Player 1 plays KC
Player 2 plays AC
Player 3 plays 10S
Player 2 won the hand: 2 points

Player 2 plays JH
Player 3 plays KS
Player 0 plays 8C
Player 1 plays 8S
Player 2 won the hand: 3 points

Player 2 plays 9D
Error during gameplay: Current player 3 has no cards but other players do
No cards available, ending game
Game 87 final points: Team A=12, Team B=9
Series cumulative game score so far: Team A=-17, Team B=-12
Log saved to: c:\Users\laksh\Desktop\Projects\28bot\logs\game28\mcts_games\game_87_20250825_163805_371155.log
