
===== GAME 3 (20250819_122554_915690) =====
Bid: Player 0 proposes 18 (min_allowed=16) – suit_scores={'H': [19, 25, 12, 16], 'D': [0, 17, 25, 16], 'C': [13, 16, 13, 10]} chosen=H p30=12 avg=18.0
Pass: Player 1 (min_allowed=19) – analysis={'present_suits': ['D', 'S'], 'suit_to_points': {'D': [0, 13, 12, 16], 'S': [24, 19, 10, 12]}, 'chosen_suit': 'S', 'avg_points': 16.25, 'p30_points': 10, 'proposed': None, 'current_high': 18}
Pass: Player 2 (min_allowed=19) – analysis={'present_suits': ['D', 'S'], 'suit_to_points': {'D': [19, 13, 6, 19], 'S': [8, 18, 9, 0]}, 'chosen_suit': 'D', 'avg_points': 14.25, 'p30_points': 6, 'proposed': None, 'current_high': 18}
Pass: Player 3 (min_allowed=19) – analysis={'present_suits': ['H', 'C', 'S'], 'suit_to_points': {'H': [8, 18, 12, 14], 'C': [14, 22, 15, 11], 'S': [22, 15, 14, 13]}, 'chosen_suit': 'S', 'avg_points': 16.0, 'p30_points': 13, 'proposed': None, 'current_high': 18}
Auction winner: Player 0 with bid 18; chooses trump C – details={'chosen': 'C', 'estimates': {'H': 7, 'D': 7, 'C': 8}}
Player 0 hand :  ['9H', '9D', '7C', '10H', '7S', 'JD', 'KH']
Player 1 hand :  ['10D', 'QS', 'JS', '9S', 'AD', 'AS', 'QC', '8C']
Player 2 hand :  ['8S', 'KD', '8D', '7D', 'AH', '10C', 'QH', 'JH']
Player 3 hand :  ['7H', '9C', 'JC', 'KS', 'KC', '8H', '10S', 'QD']
Player 0 (auction 4 cards): ['9H', '9D', '7C', 'AC']
Player 1 (auction 4 cards): ['10D', 'QS', 'JS', '9S']
Player 2 (auction 4 cards): ['8S', 'KD', '8D', '7D']
Player 3 (auction 4 cards): ['7H', '9C', 'JC', 'KS']
Auction winner (bidder): Player 0 with bid 18
Bidder sets concealed trump suit: C
Phase: concealed, bidder concealed card: AC

Player 0 plays 7S
Player 1 plays QS
Player 2 plays 8S
Player 3 plays KS
Player 3 won the hand: 0 points

Player 3 plays 9C
Player 0 plays 7C
Player 1 plays QC
Player 2 plays 10C
Player 3 won the hand: 3 points

Player 3 plays JC
Player 0 plays 9H
Player 1 plays 8C
Player 2 plays KD
Player 3 won the hand: 5 points

Player 3 plays 7H
Player 0 plays 10H
Player 1 plays 10D
Player 2 plays QH
Player 0 won the hand: 2 points

Player 0 plays 9D
Player 1 plays AD
Player 2 plays 8D
Player 3 plays QD
Player 0 won the hand: 3 points

Player 0 plays KH
Player 1 plays JS
Player 2 plays AH
Player 3 plays 8H
Player 2 won the hand: 4 points

Player 2 plays JH
-- Phase 2 begins: Trump revealed as C by Player 3 on trick 7 --
Player 3 plays KC
Player 0 plays AC
Player 1 plays 9S
Player 0 won the hand: 6 points

Player 0 plays JD
Player 1 plays AS
Player 2 plays 7D
Player 3 plays 10S
Player 0 won the hand: 5 points

Game 3 final points: Team A=20, Team B=8
Series cumulative game score so far: Team A=2, Team B=-1
Log saved to: c:\Users\laksh\Desktop\Projects\28bot\logs\game28\mcts_games\game_3_20250819_122554_915690.log
