
===== GAME 69 (20250822_162141_911142) =====

===== AUCTION =====
Pass (locked): Player 0 (min_allowed=16)
  bidding analysis:
    present_suits: H, D, C
    current_high=0  min_allowed=16  raise_delta=1
    overall: avg=15.12  p30=11.00  std=5.85
    suit_stats:
      C: pts=[18, 25, 7, 21, 22, 16 ...]  avg=15.12  p30=11.00  std=5.85
      H: pts=[]
      D: pts=[]
    failed_checks:
      H: p30 0.00 < 15; conf_mean 0.00 < 15
      D: p30 0.00 < 15; conf_mean 0.00 < 15
      C: p30 11.00 < 15; conf_mean 12.20 < 15
    reason: Pass: No suit meets thresholds. Best suit C has p30=11.00, conf_mean=12.20 below min_allowed=16 (current_high=0, raise_delta=+1). Failed checks for best suit: p30 11.00 < 15, conf_mean 12.20 < 15.
Pass (locked): Player 1 (min_allowed=16)
  bidding analysis:
    present_suits: H, D, S
    current_high=0  min_allowed=16  raise_delta=1
    overall: avg=0.00  p30=0.00  std=0.00
    failed_checks:
      H: p30 0.00 < 15; conf_mean 0.00 < 15
      D: p30 0.00 < 15; conf_mean 0.00 < 15
    reason: Pass: No suit meets thresholds. Best suit H has p30=0.00, conf_mean=0.00 below min_allowed=16 (current_high=0, raise_delta=+1). Failed checks for best suit: p30 0.00 < 15, conf_mean 0.00 < 15.
Bid: Player 2 proposes 18 (min_allowed=16)
  bidding analysis:
    present_suits: H, D, C
    current_high=0  min_allowed=16  raise_delta=1
    chosen_suit: C
    proposed_bid: 18
    overall: avg=19.69  p30=16.00  std=5.23
    suit_stats:
      C: pts=[24, 20, 16, 23, 15, 16 ...]  avg=19.69  p30=16.00  std=5.23
      H: pts=[]
      D: pts=[]
    reason: Bid: Suit C meets thresholds (p30=16.00, conf_mean=17.07 >= min_allowed=16); conservative mapping max(p30, avg-1) -> 18. (current_high=0, raise_delta=+1)
Pass (locked): Player 3 (min_allowed=19)
  bidding analysis:
    present_suits: H, D, S
    current_high=18  min_allowed=19  raise_delta=1
    overall: avg=16.50  p30=13.00  std=6.22
    failed_checks:
      D: p30 0.00 < 18; conf_mean 0.00 < 18
      S: p30 13.00 < 18; conf_mean 13.39 < 18
    reason: Pass: No suit meets thresholds. Best suit S has p30=13.00, conf_mean=13.39 below min_allowed=19 (current_high=18, raise_delta=+1). Failed checks for best suit: p30 13.00 < 18, conf_mean 13.39 < 18.

AUCTION WINNER: Player 2 with bid 18; chooses trump H 
Details={'chosen': 'H', 'estimates': {'C': 10.0, 'H': 19.0, 'D': 11.0}}
Player 0 hand :  ['10C', 'AC', '7D', 'JH', 'AD', '8H', '8C', 'JC']
Player 1 hand :  ['KH', '8S', '8D', 'KD', '9S', 'JS', '7S', '9C']
Player 2 hand :  ['JD', '7C', 'QC', '9D', 'QS', 'QH', 'KC']
Player 3 hand :  ['AH', 'KS', '9H', 'QD', '10D', 'AS', '10S', '7H']
Player 0 (auction 4 cards): ['10C', 'AC', '7D', 'JH']
Player 1 (auction 4 cards): ['KH', '8S', '8D', 'KD']
Player 2 (auction 4 cards): ['JD', '7C', '10H', 'QC']
Player 3 (auction 4 cards): ['AH', 'KS', '9H', 'QD']
Auction winner (bidder): Player 2 with bid 18
Bidder sets concealed trump suit: H
Phase: concealed, bidder concealed card: 10H

Player 0 plays 10C
Player 1 plays 9C
Player 2 plays 7C
-- Phase 2 begins: Trump revealed as H by Player 3 on trick 1 --
Player 3 plays AH
Player 3 won the hand: 4 points

Player 3 plays KS
Player 0 plays AC
Player 1 plays 8S
Player 2 plays QS
Player 3 won the hand: 1 points

Player 3 plays 9H
Player 0 plays JH
Player 1 plays KH
Player 2 plays QH
Player 0 won the hand: 5 points

Player 0 plays 7D
Player 1 plays 8D
Player 2 plays JD
Player 3 plays QD
Player 2 won the hand: 3 points

Player 2 plays QC
Player 3 plays 10D
Player 0 plays 8C
Player 1 plays KD
Player 2 won the hand: 1 points

Player 2 plays 9D
Player 3 plays AS
Player 0 plays AD
Player 1 plays 9S
Player 2 won the hand: 6 points

Player 2 plays KC
Player 3 plays 10S
Player 0 plays JC
Player 1 plays JS
Player 0 won the hand: 7 points

Player 0 plays 8H
Player 1 plays 7S
Player 2 plays 10H
Player 3 plays 7H
Player 2 won the hand: 1 points

Game 69 final points: Team A=23, Team B=5
Series cumulative game score so far: Team A=-7, Team B=2
Log saved to: c:\Users\laksh\Desktop\Projects\28bot\logs\game28\mcts_games\game_69_20250822_162141_911142.log
