
===== GAME 1 (20250823_165002_460778) =====

===== AUCTION =====
Pass (locked): Player 0 (min_allowed=16)
  bidding analysis:
    present_suits: D, C, S
    current_high=0  min_allowed=16  raise_delta=1
    overall: avg=17.12  p30=14.00  std=6.45
    suit_stats:
      C: pts=[7, 5, 24, 7, 23, 14 ...]  avg=17.12  p30=14.00  std=6.45
      D: pts=[]
      S: pts=[]
    failed_checks:
      D: p30 0.00 < 15; conf_mean 0.00 < 15
      C: p30 14.00 < 15; conf_mean 13.90 < 15
      S: p30 0.00 < 15; conf_mean 0.00 < 15
    reason: Pass: No suit meets thresholds. Best suit C has p30=14.00, conf_mean=13.90 below min_allowed=16 (current_high=0, raise_delta=+1). Failed checks for best suit: p30 14.00 < 15, conf_mean 13.90 < 15.
Pass (locked): Player 1 (min_allowed=16)
  bidding analysis:
    present_suits: H, D, C
    current_high=0  min_allowed=16  raise_delta=1
    overall: avg=12.12  p30=8.00  std=6.51
    failed_checks:
      H: p30 8.00 < 15; conf_mean 8.87 < 15
      D: p30 0.00 < 15; conf_mean 0.00 < 15
    reason: Pass: No suit meets thresholds. Best suit H has p30=8.00, conf_mean=8.87 below min_allowed=16 (current_high=0, raise_delta=+1). Failed checks for best suit: p30 8.00 < 15, conf_mean 8.87 < 15.
Bid: Player 2 proposes 21 (min_allowed=16)
  bidding analysis:
    present_suits: H, S
    current_high=0  min_allowed=16  raise_delta=1
    chosen_suit: S
    proposed_bid: 21
    overall: avg=21.00  p30=21.00  std=0.00
    suit_stats:
      H: pts=[18, 21, 18, 19, 24, 28 ...]  avg=18.12  p30=18.00  std=5.84
      S: pts=[21]  avg=21.00  p30=21.00  std=0.00
    reason: Bid: Suit S meets thresholds (p30=21.00, conf_mean=21.00 >= min_allowed=16); conservative mapping max(p30, avg-1) -> 21. (current_high=0, raise_delta=+1)
Pass (locked): Player 3 (min_allowed=22)
  bidding analysis:
    present_suits: H, C
    current_high=21  min_allowed=22  raise_delta=1
    overall: avg=18.06  p30=15.00  std=4.74
    suit_stats:
      H: pts=[14, 23, 18, 23, 22, 21 ...]  avg=18.06  p30=15.00  std=4.74
      C: pts=[]
    failed_checks:
      H: p30 15.00 < 21; conf_mean 15.69 < 21
      C: p30 0.00 < 21; conf_mean 0.00 < 21
    reason: Pass: No suit meets thresholds. Best suit H has p30=15.00, conf_mean=15.69 below min_allowed=22 (current_high=21, raise_delta=+1). Failed checks for best suit: p30 15.00 < 21, conf_mean 15.69 < 21.

AUCTION WINNER: Player 2 with bid 21; chooses trump H 
Details={'chosen': 'H', 'estimates': {'S': 18.0, 'H': 22.0}}
Player 0 hand :  ['JD', '10C', '8C', 'QS', '7H', 'QC', 'AS', '7D']
Player 1 hand :  ['8D', '9C', '10D', 'AH', '9D', '8S', 'AD', '7S']
Player 2 hand :  ['9S', 'JS', '9H', 'JC', 'QH', '7C', 'QD']
Player 3 hand :  ['JH', 'AC', '8H', 'KH', 'KS', 'KC', '10S', 'KD']
Player 0 (auction 4 cards): ['JD', '10C', '8C', 'QS']
Player 1 (auction 4 cards): ['8D', '9C', '10D', 'AH']
Player 2 (auction 4 cards): ['9S', 'JS', '10H', '9H']
Player 3 (auction 4 cards): ['JH', 'AC', '8H', 'KH']
Auction winner (bidder): Player 2 with bid 21
Bidder sets concealed trump suit: H
Phase: concealed, bidder concealed card: 10H

Player 0 plays JD
Player 1 plays 8D
Player 2 plays QD
Player 3 plays KD
Player 0 won the hand: 3 points

Player 0 plays 10C
Player 1 plays 9C
Player 2 plays JC
Player 3 plays AC
Player 2 won the hand: 7 points

Player 2 plays 9S
Player 3 plays KS
Player 0 plays QS
Player 1 plays 8S
Player 2 won the hand: 2 points

Player 2 plays JS
Player 3 plays 10S
Player 0 plays AS
Player 1 plays 7S
Player 2 won the hand: 5 points

Player 2 plays 7C
Player 3 plays KC
Player 0 plays 8C
Player 1 plays 10D
Player 3 won the hand: 1 points

Player 3 plays JH
Player 0 plays 7H
Player 1 plays AH
Player 2 plays 9H
Player 3 won the hand: 6 points

Player 3 plays 8H
Player 0 plays QC
Player 1 plays 9D
Player 2 plays QH
Player 2 won the hand: 2 points

Error during gameplay: Current player 2 has no cards but other players do
No cards available, ending game
Game 1 final points: Team A=19, Team B=7
Series cumulative game score so far: Team A=0, Team B=0
Log saved to: c:\Users\laksh\Desktop\Projects\28bot\logs\game28\mcts_games\game_1_20250823_165002_460778.log
