
===== GAME 66 (20250822_161745_721397) =====

===== AUCTION =====
Pass (locked): Player 0 (min_allowed=16)
  bidding analysis:
    present_suits: H, C
    current_high=0  min_allowed=16  raise_delta=1
    overall: avg=12.50  p30=9.00  std=3.50
    failed_checks:
      C: p30 9.00 < 15; conf_mean 10.75 < 15
    reason: Pass: No suit meets thresholds. Best suit C has p30=9.00, conf_mean=10.75 below min_allowed=16 (current_high=0, raise_delta=+1). Failed checks for best suit: p30 9.00 < 15, conf_mean 10.75 < 15.
Pass (locked): Player 1 (min_allowed=16)
  bidding analysis:
    present_suits: D, C, S
    current_high=0  min_allowed=16  raise_delta=1
    overall: avg=12.06  p30=9.00  std=4.71
    suit_stats:
      C: pts=[8, 4, 18, 12, 11, 14 ...]  avg=12.06  p30=9.00  std=4.71
      D: pts=[]
      S: pts=[]
    failed_checks:
      D: p30 0.00 < 15; conf_mean 0.00 < 15
      C: p30 9.00 < 15; conf_mean 9.71 < 15
      S: p30 0.00 < 15; conf_mean 0.00 < 15
    reason: Pass: No suit meets thresholds. Best suit C has p30=9.00, conf_mean=9.71 below min_allowed=16 (current_high=0, raise_delta=+1). Failed checks for best suit: p30 9.00 < 15, conf_mean 9.71 < 15.
Pass (locked): Player 2 (min_allowed=16)
  bidding analysis:
    present_suits: H, D, S
    current_high=0  min_allowed=16  raise_delta=1
    overall: avg=13.81  p30=12.00  std=6.02
    suit_stats:
      H: pts=[27, 7, 16, 12, 20, 6 ...]  avg=13.81  p30=12.00  std=6.02
      D: pts=[]
      S: pts=[]
    failed_checks:
      H: p30 12.00 < 15; conf_mean 10.80 < 15
      D: p30 0.00 < 15; conf_mean 0.00 < 15
      S: p30 0.00 < 15; conf_mean 0.00 < 15
    reason: Pass: No suit meets thresholds. Best suit H has p30=12.00, conf_mean=10.80 below min_allowed=16 (current_high=0, raise_delta=+1). Failed checks for best suit: p30 12.00 < 15, conf_mean 10.80 < 15.
Pass (locked): Player 3 (min_allowed=16)
  bidding analysis:
    present_suits: H, D, S
    current_high=0  min_allowed=16  raise_delta=1
    overall: avg=17.62  p30=15.00  std=5.76
    failed_checks:
      D: conf_mean 14.74 < 15
      S: p30 0.00 < 15; conf_mean 0.00 < 15
    reason: Pass: No suit meets thresholds. Best suit D has p30=15.00, conf_mean=14.74 below min_allowed=16 (current_high=0, raise_delta=+1). Failed checks for best suit: conf_mean 14.74 < 15.
Forced bid: All players passed. Player 0 takes minimum bid 16.

AUCTION WINNER: Player 0 with bid 16; chooses trump H 
Details={'chosen': 'H', 'estimates': {'C': 12.5, 'H': 17.333333333333332}}
Player 0 hand :  ['JC', '10C', '9H', '8D', '7C', 'QD', 'JS']
Player 1 hand :  ['KS', 'KC', 'KD', 'AC', '8H', 'QS', '7D', 'QC']
Player 2 hand :  ['7H', 'KH', '9S', '9D', '8C', '10D', '9C', '7S']
Player 3 hand :  ['AD', '10S', 'JH', '10H', '8S', 'JD', 'AS', 'AH']
Player 0 (auction 4 cards): ['JC', 'QH', '10C', '9H']
Player 1 (auction 4 cards): ['KS', 'KC', 'KD', 'AC']
Player 2 (auction 4 cards): ['7H', 'KH', '9S', '9D']
Player 3 (auction 4 cards): ['AD', '10S', 'JH', '10H']
Auction winner (bidder): Player 0 with bid 16
Bidder sets concealed trump suit: H
Phase: concealed, bidder concealed card: QH

Player 0 plays JC
Player 1 plays KC
Player 2 plays 8C
Player 3 plays AD
Player 0 won the hand: 4 points

Player 0 plays 10C
Player 1 plays AC
Player 2 plays 9C
Player 3 plays 10S
Player 2 won the hand: 5 points

Player 2 plays 7H
Player 3 plays JH
Player 0 plays 9H
Player 1 plays 8H
Player 3 won the hand: 5 points

Player 3 plays 10H
Player 0 plays 8D
Player 1 plays KS
Player 2 plays KH
Player 3 won the hand: 1 points

Player 3 plays 8S
Player 0 plays JS
Player 1 plays QS
Player 2 plays 9S
Player 0 won the hand: 5 points

Player 0 plays 7C
Player 1 plays QC
Player 2 plays 9D
Player 3 plays JD
Player 1 won the hand: 5 points

Player 1 plays KD
Player 2 plays 10D
Player 3 plays AS
Player 0 plays QD
Player 2 won the hand: 2 points

Player 2 plays 7S
-- Phase 2 begins: Trump revealed as H by Player 3 on trick 8 --
Player 3 plays AH
Player 0 plays QH
Player 1 plays 7D
Player 3 won the hand: 1 points

Game 66 final points: Team A=16, Team B=12
Series cumulative game score so far: Team A=-10, Team B=2
Log saved to: c:\Users\laksh\Desktop\Projects\28bot\logs\game28\mcts_games\game_66_20250822_161745_721397.log
