
===== GAME 4 (20250819_182227_144928) =====

===== AUCTION =====
Pass (locked): Player 0 (min_allowed=16)
  bidding analysis:
    present_suits: H, D, S
    current_high=0  min_allowed=16  raise_delta=1
    overall: avg=15.75  p30=16.00  std=1.79
    suit_stats:
      H: pts=[13, 18, 16, 16]  avg=15.75  p30=16.00  std=1.79
      D: pts=[]
      S: pts=[]
    failed_checks:
      H: conf_mean 14.86 < 15
      D: p30 0.00 < 15; conf_mean 0.00 < 15
      S: p30 0.00 < 15; conf_mean 0.00 < 15
    reason: Pass: No suit meets thresholds. Best suit H has p30=16.00, conf_mean=14.86 below min_allowed=16 (current_high=0, raise_delta=+1). Failed checks for best suit: conf_mean 14.86 < 15.
Bid: Player 1 proposes 19 (min_allowed=16)
  bidding analysis:
    present_suits: C, S
    current_high=0  min_allowed=16  raise_delta=1
    chosen_suit: S
    proposed_bid: 19
    overall: avg=20.00  p30=18.00  std=2.12
    suit_stats:
      S: pts=[21, 18, 23, 18]  avg=20.00  p30=18.00  std=2.12
      C: pts=[10, 8]  avg=9.00  p30=8.00  std=1.00
    reason: Bid: Suit S meets thresholds (p30=18.00, conf_mean=18.94 >= min_allowed=16); conservative mapping max(p30, avg-1) -> 19. (current_high=0, raise_delta=+1)
Pass (locked): Player 2 (min_allowed=20)
  bidding analysis:
    present_suits: D, C, S
    current_high=19  min_allowed=20  raise_delta=1
    overall: avg=10.75  p30=6.00  std=8.64
    suit_stats:
      D: pts=[0, 14, 23, 6]  avg=10.75  p30=6.00  std=8.64
      C: pts=[]
      S: pts=[]
    failed_checks:
      D: p30 6.00 < 19; conf_mean 6.43 < 19
      C: p30 0.00 < 19; conf_mean 0.00 < 19
      S: p30 0.00 < 19; conf_mean 0.00 < 19
    reason: Pass: No suit meets thresholds. Best suit D has p30=6.00, conf_mean=6.43 below min_allowed=20 (current_high=19, raise_delta=+1). Failed checks for best suit: p30 6.00 < 19, conf_mean 6.43 < 19.
Pass (locked): Player 3 (min_allowed=20)
  bidding analysis:
    present_suits: H, D, S
    current_high=19  min_allowed=20  raise_delta=1
    overall: avg=15.75  p30=14.00  std=5.97
    suit_stats:
      D: pts=[19, 7, 14, 23]  avg=15.75  p30=14.00  std=5.97
      H: pts=[]
      S: pts=[]
    failed_checks:
      H: p30 0.00 < 19; conf_mean 0.00 < 19
      D: p30 14.00 < 19; conf_mean 12.76 < 19
      S: p30 0.00 < 19; conf_mean 0.00 < 19
    reason: Pass: No suit meets thresholds. Best suit D has p30=14.00, conf_mean=12.76 below min_allowed=20 (current_high=19, raise_delta=+1). Failed checks for best suit: p30 14.00 < 19, conf_mean 12.76 < 19.

AUCTION WINNER: Player 1 with bid 19; chooses trump S 
Details={'chosen': 'S', 'estimates': {'C': 12.0, 'S': 16.0}}
Player 0 hand :  ['AD', '9H', '10H', 'AS', 'KH', '10S', '8C', '10D']
Player 1 hand :  ['9S', '9C', '7C', '8H', 'JH', 'JD', '8D']
Player 2 hand :  ['QD', 'KC', '8S', '9D', '7H', '10C', 'KS', 'JC']
Player 3 hand :  ['AH', '7D', 'KD', '7S', 'QH', 'JS', 'QC', 'AC']
Player 0 (auction 4 cards): ['AD', '9H', '10H', 'AS']
Player 1 (auction 4 cards): ['9S', '9C', '7C', 'QS']
Player 2 (auction 4 cards): ['QD', 'KC', '8S', '9D']
Player 3 (auction 4 cards): ['AH', '7D', 'KD', '7S']
Auction winner (bidder): Player 1 with bid 19
Bidder sets concealed trump suit: S
Phase: concealed, bidder concealed card: QS

Player 0 plays AD
Player 1 plays JD
Player 2 plays QD
Player 3 plays 7D
Player 1 won the hand: 4 points

Player 1 plays 9C
Player 2 plays KC
Player 3 plays QC
Player 0 plays 8C
Player 1 won the hand: 2 points

Player 1 plays 7C
Player 2 plays 10C
Player 3 plays AC
Player 0 plays 9H
Player 3 won the hand: 4 points

Player 3 plays AH
Player 0 plays 10H
Player 1 plays 8H
Player 2 plays 7H
Player 3 won the hand: 2 points

Player 3 plays KD
Player 0 plays 10D
Player 1 plays 8D
Player 2 plays 9D
Player 2 won the hand: 3 points

Player 2 plays 8S
Player 3 plays 7S
Player 0 plays AS
Player 1 plays 9S
Player 1 won the hand: 3 points

Player 1 plays JH
-- Phase 2 begins: Trump revealed as S by Player 2 on trick 7 --
Player 2 plays KS
Player 3 plays QH
Player 0 plays KH
Player 2 won the hand: 3 points

Player 2 plays JC
Player 3 plays JS
Player 0 plays 10S
Player 1 plays QS
Player 3 won the hand: 7 points

Game 4 final points: Team A=6, Team B=22
Series cumulative game score so far: Team A=2, Team B=1
Log saved to: c:\Users\laksh\Desktop\Projects\28bot\logs\game28\mcts_games\game_4_20250819_182227_144928.log
