
===== GAME 85 (20250822_164727_054192) =====

===== AUCTION =====
Pass (locked): Player 0 (min_allowed=16)
  bidding analysis:
    present_suits: H, D, C
    current_high=0  min_allowed=16  raise_delta=1
    overall: avg=0.00  p30=0.00  std=0.00
    failed_checks:
      D: p30 0.00 < 15; conf_mean 0.00 < 15
      C: p30 0.00 < 15; conf_mean 0.00 < 15
    reason: Pass: No suit meets thresholds. Best suit H has p30=0.00, conf_mean=0.00 below min_allowed=16 (current_high=0, raise_delta=+1). Failed checks for best suit: n/a.
Pass (locked): Player 1 (min_allowed=16)
  bidding analysis:
    present_suits: H, D, C
    current_high=0  min_allowed=16  raise_delta=1
    overall: avg=16.12  p30=13.00  std=6.04
    suit_stats:
      C: pts=[18, 17, 11, 9, 13, 27 ...]  avg=16.12  p30=13.00  std=6.04
      H: pts=[]
      D: pts=[]
    failed_checks:
      H: p30 0.00 < 15; conf_mean 0.00 < 15
      D: p30 0.00 < 15; conf_mean 0.00 < 15
      C: p30 13.00 < 15; conf_mean 13.10 < 15
    reason: Pass: No suit meets thresholds. Best suit C has p30=13.00, conf_mean=13.10 below min_allowed=16 (current_high=0, raise_delta=+1). Failed checks for best suit: p30 13.00 < 15, conf_mean 13.10 < 15.
Pass (locked): Player 2 (min_allowed=16)
  bidding analysis:
    present_suits: H, D, S
    current_high=0  min_allowed=16  raise_delta=1
    overall: avg=12.25  p30=7.00  std=5.80
    suit_stats:
      D: pts=[15, 16, 5, 10, 7, 19 ...]  avg=12.25  p30=7.00  std=5.80
      H: pts=[]
      S: pts=[]
    failed_checks:
      H: p30 0.00 < 15; conf_mean 0.00 < 15
      D: p30 7.00 < 15; conf_mean 9.35 < 15
      S: p30 0.00 < 15; conf_mean 0.00 < 15
    reason: Pass: No suit meets thresholds. Best suit D has p30=7.00, conf_mean=9.35 below min_allowed=16 (current_high=0, raise_delta=+1). Failed checks for best suit: p30 7.00 < 15, conf_mean 9.35 < 15.
Pass (locked): Player 3 (min_allowed=16)
  bidding analysis:
    present_suits: H, D, C
    current_high=0  min_allowed=16  raise_delta=1
    overall: avg=16.69  p30=13.00  std=4.44
    suit_stats:
      H: pts=[20, 19, 14, 13, 17, 13 ...]  avg=16.69  p30=13.00  std=4.44
      D: pts=[]
      C: pts=[]
    failed_checks:
      H: p30 13.00 < 15; conf_mean 14.47 < 15
      D: p30 0.00 < 15; conf_mean 0.00 < 15
      C: p30 0.00 < 15; conf_mean 0.00 < 15
    reason: Pass: No suit meets thresholds. Best suit H has p30=13.00, conf_mean=14.47 below min_allowed=16 (current_high=0, raise_delta=+1). Failed checks for best suit: p30 13.00 < 15, conf_mean 14.47 < 15.
Forced bid: All players passed. Player 0 takes minimum bid 16.

AUCTION WINNER: Player 0 with bid 16; chooses trump H 
Details={'chosen': 'H', 'estimates': {'D': 0.0, 'C': 0.0, 'H': 13.833333333333334}}
Player 0 hand :  ['AD', '9D', 'KC', '8H', '8D', 'AC', 'JS']
Player 1 hand :  ['JC', '8C', 'KD', '9H', '8S', 'AS', '10C', 'QS']
Player 2 hand :  ['10H', '10D', '7D', '9S', 'AH', '7S', 'JH', 'KS']
Player 3 hand :  ['9C', '7H', 'JD', 'KH', '10S', 'QD', '7C', 'QC']
Player 0 (auction 4 cards): ['AD', 'QH', '9D', 'KC']
Player 1 (auction 4 cards): ['JC', '8C', 'KD', '9H']
Player 2 (auction 4 cards): ['10H', '10D', '7D', '9S']
Player 3 (auction 4 cards): ['9C', '7H', 'JD', 'KH']
Auction winner (bidder): Player 0 with bid 16
Bidder sets concealed trump suit: H
Phase: concealed, bidder concealed card: QH

Player 0 plays AD
Player 1 plays KD
Player 2 plays 10D
Player 3 plays JD
Player 3 won the hand: 5 points

Player 3 plays 9C
Player 0 plays KC
Player 1 plays JC
-- Phase 2 begins: Trump revealed as H by Player 2 on trick 2 --
Player 2 plays 10H
Player 2 won the hand: 6 points

Player 2 plays 7D
Player 3 plays QD
Player 0 plays 9D
Player 1 plays 8C
Player 0 won the hand: 2 points

Player 0 plays 8H
Player 1 plays 9H
Player 2 plays AH
Player 3 plays 7H
Player 1 won the hand: 3 points

Player 1 plays 8S
Player 2 plays 9S
Player 3 plays 10S
Player 0 plays JS
Player 0 won the hand: 6 points

Player 0 plays 8D
Player 1 plays AS
Player 2 plays 7S
Player 3 plays KH
Player 3 won the hand: 1 points

Player 3 plays 7C
Player 0 plays AC
Player 1 plays 10C
Player 2 plays JH
Player 2 won the hand: 5 points

Player 2 plays KS
Player 3 plays QC
Player 0 plays QH
Player 1 plays QS
Player 0 won the hand: 0 points

Game 85 final points: Team A=19, Team B=9
Series cumulative game score so far: Team A=-6, Team B=-1
Log saved to: c:\Users\laksh\Desktop\Projects\28bot\logs\game28\mcts_games\game_85_20250822_164727_054192.log
