
===== GAME 23 (20250822_002858_153704) =====

===== AUCTION =====
Bid: Player 0 proposes 17 (min_allowed=16)
  bidding analysis:
    present_suits: H, S
    current_high=0  min_allowed=16  raise_delta=1
    chosen_suit: S
    proposed_bid: 17
    overall: avg=18.88  p30=17.00  std=4.08
    reason: Bid (precomputed): Suit S meets thresholds (p30=17.00, conf_mean=16.84 >= min_allowed=16); conservative mapping max(p30, avg-1) -> 17. (current_high=0, raise_delta=+1)
Pass (locked): Player 1 (min_allowed=18)
  bidding analysis:
    present_suits: C, S
    current_high=17  min_allowed=18  raise_delta=1
    overall: avg=17.50  p30=15.00  std=3.74
    suit_stats:
      S: pts=[21, 21, 14, 21, 11, 15 ...]  avg=17.50  p30=15.00  std=3.74
      C: pts=[]
    failed_checks:
      C: p30 0.00 < 17; conf_mean 0.00 < 17
      S: p30 15.00 < 17; conf_mean 15.63 < 17
    reason: Pass: No suit meets thresholds. Best suit S has p30=15.00, conf_mean=15.63 below min_allowed=18 (current_high=17, raise_delta=+1). Failed checks for best suit: p30 15.00 < 17, conf_mean 15.63 < 17.
Pass (locked): Player 2 (min_allowed=18)
  bidding analysis:
    present_suits: H, D, C
    current_high=17  min_allowed=18  raise_delta=1
    overall: avg=0.00  p30=0.00  std=0.00
    failed_checks:
      D: p30 0.00 < 17; conf_mean 0.00 < 17
      C: p30 0.00 < 17; conf_mean 0.00 < 17
    reason: Pass: No suit meets thresholds. Best suit H has p30=0.00, conf_mean=0.00 below min_allowed=18 (current_high=17, raise_delta=+1). Failed checks for best suit: n/a.
Pass (locked): Player 3 (min_allowed=18)
  bidding analysis:
    present_suits: H, C
    current_high=17  min_allowed=18  raise_delta=1
    overall: avg=17.88  p30=15.00  std=4.51
    suit_stats:
      C: pts=[25, 15, 13, 17, 23, 20 ...]  avg=17.88  p30=15.00  std=4.51
      H: pts=[]
    failed_checks:
      H: p30 0.00 < 17; conf_mean 0.00 < 17
      C: p30 15.00 < 17; conf_mean 15.62 < 17
    reason: Pass: No suit meets thresholds. Best suit C has p30=15.00, conf_mean=15.62 below min_allowed=18 (current_high=17, raise_delta=+1). Failed checks for best suit: p30 15.00 < 17, conf_mean 15.62 < 17.

AUCTION WINNER: Player 0 with bid 17; chooses trump S 
Details={'chosen': 'S', 'estimates': {'H': 0.0, 'S': 18.875}}
Player 0 hand :  ['JH', 'QH', 'KH', '9D', '9C', '10H', 'JD']
Player 1 hand :  ['7S', '9S', '10S', '10C', '8D', 'AD', 'JS', '10D']
Player 2 hand :  ['QD', '8H', '7C', 'KD', '7D', 'AC', 'QS', '8C']
Player 3 hand :  ['9H', 'QC', 'JC', 'KC', 'AS', '7H', '8S', 'AH']
Player 0 (auction 4 cards): ['JH', 'KS', 'QH', 'KH']
Player 1 (auction 4 cards): ['7S', '9S', '10S', '10C']
Player 2 (auction 4 cards): ['QD', '8H', '7C', 'KD']
Player 3 (auction 4 cards): ['9H', 'QC', 'JC', 'KC']
Auction winner (bidder): Player 0 with bid 17
Bidder sets concealed trump suit: S
Phase: concealed, bidder concealed card: KS

Player 0 plays JH
-- Phase 2 begins: Trump revealed as S by Player 1 on trick 1 --
Player 1 plays 7S
Player 2 plays 8H
Player 3 plays 9H
Player 1 won the hand: 5 points

Player 1 plays 9S
Player 2 plays QS
Player 3 plays AS
Player 0 plays KS
Player 1 won the hand: 3 points

Player 1 plays 10S
Player 2 plays QD
Player 3 plays 8S
Player 0 plays QH
Player 1 won the hand: 1 points

Player 1 plays 10C
Player 2 plays 7C
Player 3 plays QC
Player 0 plays 9C
Player 0 won the hand: 3 points

Player 0 plays KH
Player 1 plays 8D
Player 2 plays KD
Player 3 plays 7H
Player 0 won the hand: 0 points

Player 0 plays 9D
Player 1 plays AD
Player 2 plays 7D
Player 3 plays JC
Player 0 won the hand: 6 points

Player 0 plays 10H
Player 1 plays JS
Player 2 plays AC
Player 3 plays AH
Player 1 won the hand: 6 points

Player 1 plays 10D
Player 2 plays 8C
Player 3 plays KC
Player 0 plays JD
Player 0 won the hand: 4 points

Game 23 final points: Team A=13, Team B=15
Series cumulative game score so far: Team A=-4, Team B=-6
Log saved to: c:\Users\laksh\Desktop\Projects\28bot\logs\game28\mcts_games\game_23_20250822_002858_153704.log
