
===== GAME 75 (20250822_162936_111678) =====

===== AUCTION =====
Pass (locked): Player 0 (min_allowed=16)
  bidding analysis:
    present_suits: H, C, S
    current_high=0  min_allowed=16  raise_delta=1
    overall: avg=7.75  p30=0.00  std=7.82
    failed_checks:
      H: p30 0.00 < 15; conf_mean 3.84 < 15
      C: p30 0.00 < 15; conf_mean 0.00 < 15
      S: p30 0.00 < 15; conf_mean 0.00 < 15
    reason: Pass: No suit meets thresholds. Best suit H has p30=0.00, conf_mean=3.84 below min_allowed=16 (current_high=0, raise_delta=+1). Failed checks for best suit: p30 0.00 < 15, conf_mean 3.84 < 15.
Pass (locked): Player 1 (min_allowed=16)
  bidding analysis:
    present_suits: H, D, S
    current_high=0  min_allowed=16  raise_delta=1
    overall: avg=17.56  p30=12.00  std=6.53
    suit_stats:
      D: pts=[12, 25, 23, 14, 20, 6 ...]  avg=17.56  p30=12.00  std=6.53
      H: pts=[]
      S: pts=[]
    failed_checks:
      H: p30 0.00 < 15; conf_mean 0.00 < 15
      D: p30 12.00 < 15; conf_mean 14.30 < 15
      S: p30 0.00 < 15; conf_mean 0.00 < 15
    reason: Pass: No suit meets thresholds. Best suit D has p30=12.00, conf_mean=14.30 below min_allowed=16 (current_high=0, raise_delta=+1). Failed checks for best suit: p30 12.00 < 15, conf_mean 14.30 < 15.
Pass (locked): Player 2 (min_allowed=16)
  bidding analysis:
    present_suits: H, C
    current_high=0  min_allowed=16  raise_delta=1
    overall: avg=15.81  p30=13.00  std=4.19
    suit_stats:
      C: pts=[9, 15, 12, 23, 12, 13 ...]  avg=15.81  p30=13.00  std=4.19
      H: pts=[]
    failed_checks:
      H: p30 0.00 < 15; conf_mean 0.00 < 15
      C: p30 13.00 < 15; conf_mean 13.72 < 15
    reason: Pass: No suit meets thresholds. Best suit C has p30=13.00, conf_mean=13.72 below min_allowed=16 (current_high=0, raise_delta=+1). Failed checks for best suit: p30 13.00 < 15, conf_mean 13.72 < 15.
Pass (locked): Player 3 (min_allowed=16)
  bidding analysis:
    present_suits: D, C, S
    current_high=0  min_allowed=16  raise_delta=1
    overall: avg=17.00  p30=15.00  std=4.74
    failed_checks:
      D: conf_mean 14.63 < 15
      C: p30 0.00 < 15; conf_mean 0.00 < 15
      S: p30 0.00 < 15; conf_mean 0.00 < 15
    reason: Pass: No suit meets thresholds. Best suit D has p30=15.00, conf_mean=14.63 below min_allowed=16 (current_high=0, raise_delta=+1). Failed checks for best suit: conf_mean 14.63 < 15.
Forced bid: All players passed. Player 0 takes minimum bid 16.

AUCTION WINNER: Player 0 with bid 16; chooses trump H 
Details={'chosen': 'H', 'estimates': {'H': 7.75, 'C': 0.0, 'S': 0.0}}
Player 0 hand :  ['7C', '8S', 'AC', '8C', 'QS', '10D', 'QH']
Player 1 hand :  ['7D', 'JD', 'KS', 'AH', 'JH', '9S', 'JS', 'QD']
Player 2 hand :  ['KC', '10C', '9C', '7H', 'KH', '8H', '8D', '10S']
Player 3 hand :  ['QC', 'AD', 'JC', 'AS', 'KD', '7S', '9H', '9D']
Player 0 (auction 4 cards): ['7C', '8S', '10H', 'AC']
Player 1 (auction 4 cards): ['7D', 'JD', 'KS', 'AH']
Player 2 (auction 4 cards): ['KC', '10C', '9C', '7H']
Player 3 (auction 4 cards): ['QC', 'AD', 'JC', 'AS']
Auction winner (bidder): Player 0 with bid 16
Bidder sets concealed trump suit: H
Phase: concealed, bidder concealed card: 10H

Player 0 plays 7C
Player 1 plays 7D
Player 2 plays KC
Player 3 plays QC
Player 2 won the hand: 0 points

Player 2 plays 10C
Player 3 plays JC
Player 0 plays AC
Player 1 plays JD
Player 3 won the hand: 8 points

Player 3 plays AD
Player 0 plays 10D
Player 1 plays QD
Player 2 plays 8D
Player 3 won the hand: 2 points

Player 3 plays AS
Player 0 plays 8S
Player 1 plays KS
Player 2 plays 10S
Player 3 won the hand: 2 points

Player 3 plays KD
Player 0 plays 8C
-- Phase 2 begins: Trump revealed as H by Player 1 on trick 5 --
Player 1 plays AH
Player 2 plays 9C
Player 1 won the hand: 3 points

Player 1 plays JH
Player 2 plays 7H
Player 3 plays 9H
Player 0 plays QH
Player 1 won the hand: 5 points

Player 1 plays 9S
Player 2 plays KH
Player 3 plays 7S
Player 0 plays QS
Player 2 won the hand: 2 points

Player 2 plays 8H
Player 3 plays 9D
Player 0 plays 10H
Player 1 plays JS
Player 0 won the hand: 6 points

Game 75 final points: Team A=8, Team B=20
Series cumulative game score so far: Team A=-6, Team B=1
Log saved to: c:\Users\laksh\Desktop\Projects\28bot\logs\game28\mcts_games\game_75_20250822_162936_111678.log
