
===== GAME 56 (20250820_160710_868421) =====

===== AUCTION =====
Pass (locked): Player 0 (min_allowed=16)
  bidding analysis:
    present_suits: D, C, S
    current_high=0  min_allowed=16  raise_delta=1
    overall: avg=0.00  p30=0.00  std=0.00
    failed_checks:
      D: p30 0.00 < 15; conf_mean 0.00 < 15
      C: p30 0.00 < 15; conf_mean 0.00 < 15
    reason: Pass: No suit meets thresholds. Best suit D has p30=0.00, conf_mean=0.00 below min_allowed=16 (current_high=0, raise_delta=+1). Failed checks for best suit: p30 0.00 < 15, conf_mean 0.00 < 15.
Pass (locked): Player 1 (min_allowed=16)
  bidding analysis:
    present_suits: H, D, C
    current_high=0  min_allowed=16  raise_delta=1
    overall: avg=2.25  p30=0.00  std=3.90
    suit_stats:
      C: pts=[9, 0, 0, 0]  avg=2.25  p30=0.00  std=3.90
      H: pts=[]
      D: pts=[]
    failed_checks:
      H: p30 0.00 < 15; conf_mean 0.00 < 15
      D: p30 0.00 < 15; conf_mean 0.00 < 15
      C: p30 0.00 < 15; conf_mean 0.30 < 15
    reason: Pass: No suit meets thresholds. Best suit C has p30=0.00, conf_mean=0.30 below min_allowed=16 (current_high=0, raise_delta=+1). Failed checks for best suit: p30 0.00 < 15, conf_mean 0.30 < 15.
Pass (locked): Player 2 (min_allowed=16)
  bidding analysis:
    present_suits: H, D, C
    current_high=0  min_allowed=16  raise_delta=1
    overall: avg=13.25  p30=9.00  std=7.40
    suit_stats:
      D: pts=[9, 8, 26, 10]  avg=13.25  p30=9.00  std=7.40
      H: pts=[]
      C: pts=[]
    failed_checks:
      H: p30 0.00 < 15; conf_mean 0.00 < 15
      D: p30 9.00 < 15; conf_mean 9.55 < 15
      C: p30 0.00 < 15; conf_mean 0.00 < 15
    reason: Pass: No suit meets thresholds. Best suit D has p30=9.00, conf_mean=9.55 below min_allowed=16 (current_high=0, raise_delta=+1). Failed checks for best suit: p30 9.00 < 15, conf_mean 9.55 < 15.
Pass (locked): Player 3 (min_allowed=16)
  bidding analysis:
    present_suits: H, S
    current_high=0  min_allowed=16  raise_delta=1
    overall: avg=9.00  p30=6.00  std=3.67
    suit_stats:
      S: pts=[11, 14, 5, 6]  avg=9.00  p30=6.00  std=3.67
      H: pts=[]
    failed_checks:
      H: p30 0.00 < 15; conf_mean 0.00 < 15
      S: p30 6.00 < 15; conf_mean 7.16 < 15
    reason: Pass: No suit meets thresholds. Best suit S has p30=6.00, conf_mean=7.16 below min_allowed=16 (current_high=0, raise_delta=+1). Failed checks for best suit: p30 6.00 < 15, conf_mean 7.16 < 15.
Forced bid: All players passed. Player 0 takes minimum bid 16.

AUCTION WINNER: Player 0 with bid 16; chooses trump S 
Details={'chosen': 'S', 'estimates': {'D': 0.0, 'C': 0.0, 'S': 17.0}}
Player 0 hand :  ['KC', '7D', 'JD', 'JC', '8H', '10D', 'AS']
Player 1 hand :  ['9H', 'QC', '9D', 'AC', '7S', '10C', 'AD', 'JH']
Player 2 hand :  ['8D', '7C', 'QH', 'QD', 'AH', '7H', '10S', '8S']
Player 3 hand :  ['10H', 'QS', '9S', 'KS', '8C', '9C', 'KH', 'KD']
Player 0 (auction 4 cards): ['JS', 'KC', '7D', 'JD']
Player 1 (auction 4 cards): ['9H', 'QC', '9D', 'AC']
Player 2 (auction 4 cards): ['8D', '7C', 'QH', 'QD']
Player 3 (auction 4 cards): ['10H', 'QS', '9S', 'KS']
Auction winner (bidder): Player 0 with bid 16
Bidder sets concealed trump suit: S
Phase: concealed, bidder concealed card: JS

Player 0 plays KC
Player 1 plays QC
Player 2 plays 7C
Player 3 plays 8C
Player 0 won the hand: 0 points

Player 0 plays 7D
Player 1 plays 9D
Player 2 plays 8D
Player 3 plays KD
Player 1 won the hand: 2 points

Player 1 plays 9H
Player 2 plays QH
Player 3 plays 10H
Player 0 plays 8H
Player 1 won the hand: 3 points

Player 1 plays AC
Player 2 plays QD
Player 3 plays 9C
Player 0 plays JC
Player 0 won the hand: 6 points

Player 0 plays JD
Player 1 plays AD
Player 2 plays AH
-- Phase 2 begins: Trump revealed as S by Player 3 on trick 5 --
Player 3 plays QS
Player 3 won the hand: 5 points

Player 3 plays 9S
Player 0 plays AS
Player 1 plays 7S
Player 2 plays 10S
Player 3 won the hand: 4 points

Player 3 plays KS
Player 0 plays JS
Player 1 plays 10C
Player 2 plays 8S
Player 0 won the hand: 4 points

Player 0 plays 10D
Player 1 plays JH
Player 2 plays 7H
Player 3 plays KH
Player 0 won the hand: 4 points

Game 56 final points: Team A=14, Team B=14
Series cumulative game score so far: Team A=-5, Team B=-4
Log saved to: c:\Users\laksh\Desktop\Projects\28bot\logs\game28\mcts_games\game_56_20250820_160710_868421.log
