
===== GAME 28 (20250825_095512_291005) =====

===== AUCTION =====
Bid: Player 0 proposes 19 (min_allowed=16)
  bidding analysis:
    present_suits: D, S
    current_high=0  min_allowed=16  raise_delta=1
    chosen_suit: S
    proposed_bid: 19
    overall: avg=19.00  p30=19.00  std=0.00
    reason: Bid (precomputed): Suit S meets thresholds (p30=19.00, conf_mean=19.00 >= min_allowed=16); conservative mapping max(p30, avg-1) -> 19. (current_high=0, raise_delta=+1)
Pass (locked): Player 1 (min_allowed=20)
  bidding analysis:
    present_suits: D, C, S
    current_high=19  min_allowed=20  raise_delta=1
    overall: avg=16.25  p30=14.00  std=4.15
    suit_stats:
      C: pts=[15, 11, 14, 16, 19, 14 ...]  avg=16.25  p30=14.00  std=4.15
      D: pts=[]
      S: pts=[]
    failed_checks:
      D: p30 0.00 < 19; conf_mean 0.00 < 19
      C: p30 14.00 < 19; conf_mean 14.18 < 19
      S: p30 0.00 < 19; conf_mean 0.00 < 19
    reason: Pass: No suit meets thresholds. Best suit C has p30=14.00, conf_mean=14.18 below min_allowed=20 (current_high=19, raise_delta=+1). Failed checks for best suit: p30 14.00 < 19, conf_mean 14.18 < 19.
Pass (locked): Player 2 (min_allowed=20)
  bidding analysis:
    present_suits: H, C, S
    current_high=19  min_allowed=20  raise_delta=1
    overall: avg=15.00  p30=12.00  std=5.66
    suit_stats:
      H: pts=[4, 16, 15, 14, 12, 12 ...]  avg=15.00  p30=12.00  std=5.66
      C: pts=[]
      S: pts=[]
    failed_checks:
      H: p30 12.00 < 19; conf_mean 12.17 < 19
      C: p30 0.00 < 19; conf_mean 0.00 < 19
      S: p30 0.00 < 19; conf_mean 0.00 < 19
    reason: Pass: No suit meets thresholds. Best suit H has p30=12.00, conf_mean=12.17 below min_allowed=20 (current_high=19, raise_delta=+1). Failed checks for best suit: p30 12.00 < 19, conf_mean 12.17 < 19.
Pass (locked): Player 3 (min_allowed=20)
  bidding analysis:
    present_suits: H, C, S
    current_high=19  min_allowed=20  raise_delta=1
    overall: avg=17.81  p30=14.00  std=6.17
    suit_stats:
      S: pts=[9, 24, 17, 18, 15, 22 ...]  avg=17.81  p30=14.00  std=6.17
      H: pts=[]
      C: pts=[]
    failed_checks:
      H: p30 0.00 < 19; conf_mean 0.00 < 19
      C: p30 0.00 < 19; conf_mean 0.00 < 19
      S: p30 14.00 < 19; conf_mean 14.73 < 19
    reason: Pass: No suit meets thresholds. Best suit S has p30=14.00, conf_mean=14.73 below min_allowed=20 (current_high=19, raise_delta=+1). Failed checks for best suit: p30 14.00 < 19, conf_mean 14.73 < 19.

AUCTION WINNER: Player 0 with bid 19; chooses trump S 
Details={'chosen': 'S', 'estimates': {'D': 12.4375, 'S': 19.0}}
Player 0 hand :  ['JD', '7S', 'KD', 'AH', 'QD', 'KC', '8C']
Player 1 hand :  ['QS', '10C', '9C', '8D', '7C', '9D', 'QH', '7D']
Player 2 hand :  ['8H', 'AC', '9S', '7H', '10S', 'KH', 'JS', 'QC']
Player 3 hand :  ['JH', 'AS', 'JC', '8S', '9H', '10H', 'AD', '10D']
Player 0 (auction 4 cards): ['JD', '7S', 'KS', 'KD']
Player 1 (auction 4 cards): ['QS', '10C', '9C', '8D']
Player 2 (auction 4 cards): ['8H', 'AC', '9S', '7H']
Player 3 (auction 4 cards): ['JH', 'AS', 'JC', '8S']
Auction winner (bidder): Player 0 with bid 19
Bidder sets concealed trump suit: S
Phase: concealed, bidder concealed card: KS

Player 0 plays JD
Player 1 plays 8D
Player 2 plays 8H
Player 3 plays AD
Player 0 won the hand: 4 points

Player 0 plays KD
Player 1 plays 9D
Player 2 plays AC
Player 3 plays 10D
Player 1 won the hand: 4 points

Player 1 plays QS
Player 2 plays 9S
Player 3 plays AS
Player 0 plays 7S
Player 2 won the hand: 3 points

Player 2 plays 7H
Player 3 plays JH
Player 0 plays AH
Player 1 plays QH
Player 3 won the hand: 4 points

Player 3 plays JC
Player 0 plays KC
Player 1 plays 10C
Player 2 plays QC
Player 3 won the hand: 4 points

Player 3 plays 8S
Player 0 plays QD
Player 1 plays 9C
Player 2 plays 10S
Player 2 won the hand: 3 points

Player 2 plays KH
Player 3 plays 9H
Player 0 plays 8C
Player 1 plays 7C
Player 3 won the hand: 2 points

Player 3 plays 10H
Error during gameplay: Current player 0 has no cards but other players do
No cards available, ending game
Game 28 final points: Team A=10, Team B=14
Series cumulative game score so far: Team A=-7, Team B=-3
Log saved to: c:\Users\laksh\Desktop\Projects\28bot\logs\game28\mcts_games\game_28_20250825_095512_291005.log
