
===== GAME 2 (20250822_132203_249941) =====

===== AUCTION =====
Pass (locked): Player 0 (min_allowed=16)
  bidding analysis:
    present_suits: H, D
    current_high=0  min_allowed=16  raise_delta=1
    overall: avg=15.83  p30=16.00  std=3.34
    failed_checks:
      H: p30 13.00 < 15; conf_mean 12.85 < 15
      D: conf_mean 14.16 < 15
    reason: Pass: No suit meets thresholds. Best suit D has p30=16.00, conf_mean=14.16 below min_allowed=16 (current_high=0, raise_delta=+1). Failed checks for best suit: conf_mean 14.16 < 15.
Pass (locked): Player 1 (min_allowed=16)
  bidding analysis:
    present_suits: D, C
    current_high=0  min_allowed=16  raise_delta=1
    overall: avg=17.94  p30=14.00  std=5.32
    suit_stats:
      D: pts=[27, 14, 14, 28, 13, 15 ...]  avg=17.94  p30=14.00  std=5.32
      C: pts=[]
    failed_checks:
      D: p30 14.00 < 15
      C: p30 0.00 < 15; conf_mean 0.00 < 15
    reason: Pass: No suit meets thresholds. Best suit D has p30=14.00, conf_mean=15.28 below min_allowed=16 (current_high=0, raise_delta=+1). Failed checks for best suit: p30 14.00 < 15.
Pass (locked): Player 2 (min_allowed=16)
  bidding analysis:
    present_suits: D, C, S
    current_high=0  min_allowed=16  raise_delta=1
    overall: avg=6.50  p30=0.00  std=7.09
    failed_checks:
      C: p30 0.00 < 15; conf_mean 2.96 < 15
      S: p30 0.00 < 15; conf_mean 0.00 < 15
    reason: Pass: No suit meets thresholds. Best suit C has p30=0.00, conf_mean=2.96 below min_allowed=16 (current_high=0, raise_delta=+1). Failed checks for best suit: p30 0.00 < 15, conf_mean 2.96 < 15.
Pass (locked): Player 3 (min_allowed=16)
  bidding analysis:
    present_suits: H, C, S
    current_high=0  min_allowed=16  raise_delta=1
    overall: avg=15.81  p30=12.00  std=5.03
    suit_stats:
      C: pts=[8, 12, 20, 23, 16, 20 ...]  avg=15.81  p30=12.00  std=5.03
      H: pts=[]
      S: pts=[]
    failed_checks:
      H: p30 0.00 < 15; conf_mean 0.00 < 15
      C: p30 12.00 < 15; conf_mean 13.30 < 15
      S: p30 0.00 < 15; conf_mean 0.00 < 15
    reason: Pass: No suit meets thresholds. Best suit C has p30=12.00, conf_mean=13.30 below min_allowed=16 (current_high=0, raise_delta=+1). Failed checks for best suit: p30 12.00 < 15, conf_mean 13.30 < 15.
Forced bid: All players passed. Player 0 takes minimum bid 16.

AUCTION WINNER: Player 0 with bid 16; chooses trump D 
Details={'chosen': 'D', 'estimates': {'H': 14.5, 'D': 15.833333333333334}}
Player 0 hand :  ['10H', '7D', '7H', 'QH', 'JS', 'AS', 'KH']
Player 1 hand :  ['KD', 'JD', '7C', 'AD', '8H', 'AH', 'QD', '10D']
Player 2 hand :  ['QC', '9D', '8S', 'QS', 'JH', 'KS', 'AC', '7S']
Player 3 hand :  ['9C', '9H', '10S', 'KC', '8C', 'JC', '9S', '10C']
Player 0 (auction 4 cards): ['10H', '7D', '8D', '7H']
Player 1 (auction 4 cards): ['KD', 'JD', '7C', 'AD']
Player 2 (auction 4 cards): ['QC', '9D', '8S', 'QS']
Player 3 (auction 4 cards): ['9C', '9H', '10S', 'KC']
Auction winner (bidder): Player 0 with bid 16
Bidder sets concealed trump suit: D
Phase: concealed, bidder concealed card: 8D

Player 0 plays 10H
Player 1 plays 8H
Player 2 plays JH
Player 3 plays 9H
Player 2 won the hand: 6 points

Player 2 plays QC
Player 3 plays 9C
-- Phase 2 begins: Trump revealed as D by Player 0 on trick 2 --
Player 0 plays 7D
Player 1 plays 7C
Player 0 won the hand: 2 points

Player 0 plays 7H
Player 1 plays AH
Player 2 plays 9D
Player 3 plays 10S
Player 2 won the hand: 4 points

Player 2 plays 8S
Player 3 plays 9S
Player 0 plays JS
Player 1 plays KD
Player 1 won the hand: 5 points

Player 1 plays JD
Player 2 plays QS
Player 3 plays KC
Player 0 plays 8D
Player 1 won the hand: 3 points

Player 1 plays AD
Player 2 plays KS
Player 3 plays 8C
Player 0 plays QH
Player 1 won the hand: 1 points

Player 1 plays QD
Player 2 plays AC
Player 3 plays JC
Player 0 plays AS
Player 1 won the hand: 5 points

Player 1 plays 10D
Player 2 plays 7S
Player 3 plays 10C
Player 0 plays KH
Player 1 won the hand: 2 points

Game 2 final points: Team A=12, Team B=16
Series cumulative game score so far: Team A=-1, Team B=0
Log saved to: c:\Users\laksh\Desktop\Projects\28bot\logs\game28\mcts_games\game_2_20250822_132203_249941.log
