
===== GAME 4 (20250822_132427_008948) =====

===== AUCTION =====
Pass (locked): Player 0 (min_allowed=16)
  bidding analysis:
    present_suits: H, S
    current_high=0  min_allowed=16  raise_delta=1
    overall: avg=17.00  p30=13.00  std=5.12
    failed_checks:
      H: p30 13.00 < 15; conf_mean 14.44 < 15
    reason: Pass: No suit meets thresholds. Best suit H has p30=13.00, conf_mean=14.44 below min_allowed=16 (current_high=0, raise_delta=+1). Failed checks for best suit: p30 13.00 < 15, conf_mean 14.44 < 15.
Pass (locked): Player 1 (min_allowed=16)
  bidding analysis:
    present_suits: H, D, C, S
    current_high=0  min_allowed=16  raise_delta=1
    overall: avg=11.50  p30=9.00  std=3.69
    failed_checks:
      H: p30 0.00 < 15; conf_mean 6.15 < 15
      D: p30 0.00 < 15; conf_mean 3.18 < 15
      C: p30 0.00 < 15; conf_mean 3.88 < 15
      S: p30 9.00 < 15; conf_mean 9.66 < 15
    reason: Pass: No suit meets thresholds. Best suit S has p30=9.00, conf_mean=9.66 below min_allowed=16 (current_high=0, raise_delta=+1). Failed checks for best suit: p30 9.00 < 15, conf_mean 9.66 < 15.
Pass (locked): Player 2 (min_allowed=16)
  bidding analysis:
    present_suits: H, C, S
    current_high=0  min_allowed=16  raise_delta=1
    overall: avg=11.00  p30=10.00  std=4.32
    suit_stats:
      H: pts=[13, 10, 2, 13, 10, 17 ...]  avg=11.00  p30=10.00  std=4.32
      C: pts=[]
      S: pts=[]
    failed_checks:
      H: p30 10.00 < 15; conf_mean 8.84 < 15
      C: p30 0.00 < 15; conf_mean 0.00 < 15
      S: p30 0.00 < 15; conf_mean 0.00 < 15
    reason: Pass: No suit meets thresholds. Best suit H has p30=10.00, conf_mean=8.84 below min_allowed=16 (current_high=0, raise_delta=+1). Failed checks for best suit: p30 10.00 < 15, conf_mean 8.84 < 15.
Pass (locked): Player 3 (min_allowed=16)
  bidding analysis:
    present_suits: H, D
    current_high=0  min_allowed=16  raise_delta=1
    overall: avg=16.25  p30=13.00  std=5.71
    suit_stats:
      D: pts=[7, 28, 13, 5, 16, 20 ...]  avg=16.25  p30=13.00  std=5.71
      H: pts=[]
    failed_checks:
      H: p30 0.00 < 15; conf_mean 0.00 < 15
      D: p30 13.00 < 15; conf_mean 13.40 < 15
    reason: Pass: No suit meets thresholds. Best suit D has p30=13.00, conf_mean=13.40 below min_allowed=16 (current_high=0, raise_delta=+1). Failed checks for best suit: p30 13.00 < 15, conf_mean 13.40 < 15.
Forced bid: All players passed. Player 0 takes minimum bid 16.

AUCTION WINNER: Player 0 with bid 16; chooses trump S 
Details={'chosen': 'S', 'estimates': {'H': 17.0, 'S': 17.833333333333332}}
Player 0 hand :  ['JS', 'JH', '10H', '9S', 'AC', '7D', '9D']
Player 1 hand :  ['QC', 'AS', '7H', 'KD', '10D', '9C', 'JC', '10S']
Player 2 hand :  ['7S', '7C', 'QH', 'KH', '8C', 'KC', '10C', 'QS']
Player 3 hand :  ['9H', '8D', 'QD', 'JD', '8H', '8S', 'AH', 'AD']
Player 0 (auction 4 cards): ['KS', 'JS', 'JH', '10H']
Player 1 (auction 4 cards): ['QC', 'AS', '7H', 'KD']
Player 2 (auction 4 cards): ['7S', '7C', 'QH', 'KH']
Player 3 (auction 4 cards): ['9H', '8D', 'QD', 'JD']
Auction winner (bidder): Player 0 with bid 16
Bidder sets concealed trump suit: S
Phase: concealed, bidder concealed card: KS

Player 0 plays JH
Player 1 plays 7H
Player 2 plays QH
Player 3 plays 9H
Player 0 won the hand: 5 points

Player 0 plays 10H
Player 1 plays QC
Player 2 plays KH
Player 3 plays 8H
Player 0 won the hand: 1 points

Player 0 plays AC
Player 1 plays 9C
Player 2 plays 7C
Player 3 plays 8D
Player 1 won the hand: 3 points

Player 1 plays AS
Player 2 plays 7S
Player 3 plays 8S
Player 0 plays JS
Player 0 won the hand: 4 points

Player 0 plays 7D
Player 1 plays KD
Player 2 plays 8C
Player 3 plays QD
Player 1 won the hand: 0 points

Player 1 plays 10D
Player 2 plays KC
Player 3 plays JD
Player 0 plays 9D
Player 3 won the hand: 6 points

Player 3 plays AH
-- Phase 2 begins: Trump revealed as S by Player 0 on trick 7 --
Player 0 plays 9S
Player 1 plays JC
Player 2 plays 10C
Player 0 won the hand: 7 points

Player 0 plays KS
Player 1 plays 10S
Player 2 plays QS
Player 3 plays AD
Player 1 won the hand: 2 points

Game 4 final points: Team A=17, Team B=11
Series cumulative game score so far: Team A=0, Team B=0
Log saved to: c:\Users\laksh\Desktop\Projects\28bot\logs\game28\mcts_games\game_4_20250822_132427_008948.log
