
===== GAME 88 (20250825_164227_390712) =====

===== AUCTION =====
Bid: Player 0 proposes 16 (min_allowed=16)
  bidding analysis:
    present_suits: H, D, C, S
    current_high=0  min_allowed=16  raise_delta=1
    chosen_suit: S
    proposed_bid: 16
    overall: avg=16.00  p30=16.00  std=0.00
    suit_stats:
      H: pts=[6]  avg=6.00  p30=6.00  std=0.00
      C: pts=[7]  avg=7.00  p30=7.00  std=0.00
      D: pts=[11]  avg=11.00  p30=11.00  std=0.00
      S: pts=[16]  avg=16.00  p30=16.00  std=0.00
    reason: Bid: Suit S meets thresholds (p30=16.00, conf_mean=16.00 >= min_allowed=16); conservative mapping max(p30, avg-1) -> 16. (current_high=0, raise_delta=+1)
Pass (locked): Player 1 (min_allowed=17)
  bidding analysis:
    present_suits: H, D, C
    current_high=16  min_allowed=17  raise_delta=1
    overall: avg=13.94  p30=10.00  std=5.06
    suit_stats:
      C: pts=[3, 21, 18, 7, 10, 8 ...]  avg=13.94  p30=10.00  std=5.06
      H: pts=[]
      D: pts=[]
    failed_checks:
      H: p30 0.00 < 16; conf_mean 0.00 < 16
      D: p30 0.00 < 16; conf_mean 0.00 < 16
      C: p30 10.00 < 16; conf_mean 11.41 < 16
    reason: Pass: No suit meets thresholds. Best suit C has p30=10.00, conf_mean=11.41 below min_allowed=17 (current_high=16, raise_delta=+1). Failed checks for best suit: p30 10.00 < 16, conf_mean 11.41 < 16.
Pass (locked): Player 2 (min_allowed=17)
  bidding analysis:
    present_suits: H, C, S
    current_high=16  min_allowed=17  raise_delta=1
    overall: avg=17.00  p30=13.00  std=5.29
    failed_checks:
      C: p30 0.00 < 16; conf_mean 0.00 < 16
      S: p30 13.00 < 16; conf_mean 14.35 < 16
    reason: Pass: No suit meets thresholds. Best suit S has p30=13.00, conf_mean=14.35 below min_allowed=17 (current_high=16, raise_delta=+1). Failed checks for best suit: p30 13.00 < 16, conf_mean 14.35 < 16.
Pass (locked): Player 3 (min_allowed=17)
  bidding analysis:
    present_suits: H, D, C
    current_high=16  min_allowed=17  raise_delta=1
    overall: avg=0.00  p30=0.00  std=0.00
    failed_checks:
      H: p30 0.00 < 16; conf_mean 0.00 < 16
      C: p30 0.00 < 16; conf_mean 0.00 < 16
    reason: Pass: No suit meets thresholds. Best suit H has p30=0.00, conf_mean=0.00 below min_allowed=17 (current_high=16, raise_delta=+1). Failed checks for best suit: p30 0.00 < 16, conf_mean 0.00 < 16.

AUCTION WINNER: Player 0 with bid 16; chooses trump S 
Details={'chosen': 'S', 'estimates': {'D': 10.0, 'C': 10.0, 'S': 16.0, 'H': 14.0}}
Player 0 hand :  ['8D', 'QH', '9C', 'AS', 'KH', '10S', 'AD']
Player 1 hand :  ['QC', '7C', '9H', 'KD', '7H', 'QS', 'JD', 'JC']
Player 2 hand :  ['JH', 'KC', 'AC', '9S', '10H', '8C', '8H', '9D']
Player 3 hand :  ['7D', '10D', 'AH', '10C', '7S', '8S', 'KS', 'QD']
Player 0 (auction 4 cards): ['8D', 'JS', 'QH', '9C']
Player 1 (auction 4 cards): ['QC', '7C', '9H', 'KD']
Player 2 (auction 4 cards): ['JH', 'KC', 'AC', '9S']
Player 3 (auction 4 cards): ['7D', '10D', 'AH', '10C']
Auction winner (bidder): Player 0 with bid 16
Bidder sets concealed trump suit: S
Phase: concealed, bidder concealed card: JS

Player 0 plays 8D
Player 1 plays KD
Player 2 plays 9D
Player 3 plays 7D
Player 2 won the hand: 2 points

Player 2 plays JH
Player 3 plays AH
Player 0 plays QH
Player 1 plays 9H
Player 2 won the hand: 6 points

Player 2 plays KC
Player 3 plays 10C
Player 0 plays 9C
Player 1 plays QC
Player 0 won the hand: 3 points

Player 0 plays KH
Player 1 plays 7H
Player 2 plays 10H
Player 3 plays 10D
Player 2 won the hand: 2 points

Player 2 plays AC
-- Phase 2 begins: Trump revealed as S by Player 3 on trick 5 --
Player 3 plays 7S
Player 0 plays AS
Player 1 plays 7C
Player 0 won the hand: 2 points

Player 0 plays 10S
Player 1 plays QS
Player 2 plays 9S
Player 3 plays 8S
Player 2 won the hand: 3 points

Player 2 plays 8C
Player 3 plays KS
Player 0 plays AD
Player 1 plays JC
Player 3 won the hand: 4 points

Player 3 plays QD
Player 0 plays JS
Player 1 plays JD
Player 2 plays 8H
Player 0 won the hand: 6 points

Game 88 final points: Team A=24, Team B=4
Series cumulative game score so far: Team A=-16, Team B=-12
Log saved to: c:\Users\laksh\Desktop\Projects\28bot\logs\game28\mcts_games\game_88_20250825_164227_390712.log
