
===== GAME 2 (20250820_164507_977498) =====

===== AUCTION =====
Pass (locked): Player 0 (min_allowed=16)
  bidding analysis:
    present_suits: H, D, S
    current_high=0  min_allowed=16  raise_delta=1
    overall: avg=17.00  p30=17.00  std=5.34
    suit_stats:
      H: pts=[9, 24, 17, 18]  avg=17.00  p30=17.00  std=5.34
      D: pts=[]
      S: pts=[]
    failed_checks:
      H: conf_mean 14.33 < 15
      D: p30 0.00 < 15; conf_mean 0.00 < 15
      S: p30 0.00 < 15; conf_mean 0.00 < 15
    reason: Pass: No suit meets thresholds. Best suit H has p30=17.00, conf_mean=14.33 below min_allowed=16 (current_high=0, raise_delta=+1). Failed checks for best suit: conf_mean 14.33 < 15.
Pass (locked): Player 1 (min_allowed=16)
  bidding analysis:
    present_suits: H, C, S
    current_high=0  min_allowed=16  raise_delta=1
    overall: avg=12.00  p30=10.00  std=2.55
    suit_stats:
      C: pts=[9, 10, 15, 14]  avg=12.00  p30=10.00  std=2.55
      H: pts=[]
      S: pts=[]
    failed_checks:
      H: p30 0.00 < 15; conf_mean 0.00 < 15
      C: p30 10.00 < 15; conf_mean 10.73 < 15
      S: p30 0.00 < 15; conf_mean 0.00 < 15
    reason: Pass: No suit meets thresholds. Best suit C has p30=10.00, conf_mean=10.73 below min_allowed=16 (current_high=0, raise_delta=+1). Failed checks for best suit: p30 10.00 < 15, conf_mean 10.73 < 15.
Pass (locked): Player 2 (min_allowed=16)
  bidding analysis:
    present_suits: D, C
    current_high=0  min_allowed=16  raise_delta=1
    overall: avg=15.75  p30=14.00  std=3.03
    suit_stats:
      D: pts=[17, 14, 12, 20]  avg=15.75  p30=14.00  std=3.03
      C: pts=[]
    failed_checks:
      D: p30 14.00 < 15; conf_mean 14.23 < 15
      C: p30 0.00 < 15; conf_mean 0.00 < 15
    reason: Pass: No suit meets thresholds. Best suit D has p30=14.00, conf_mean=14.23 below min_allowed=16 (current_high=0, raise_delta=+1). Failed checks for best suit: p30 14.00 < 15, conf_mean 14.23 < 15.
Bid: Player 3 proposes 16 (min_allowed=16)
  bidding analysis:
    present_suits: D, C
    current_high=0  min_allowed=16  raise_delta=1
    chosen_suit: D
    proposed_bid: 16
    overall: avg=17.50  p30=15.00  std=4.33
    reason: Bid (precomputed): Suit D meets thresholds (p30=15.00, conf_mean=15.33 >= min_allowed=16); conservative mapping max(p30, avg-1) -> 16. (current_high=0, raise_delta=+1)

AUCTION WINNER: Player 3 with bid 16; chooses trump D 
Details={'chosen': 'D', 'estimates': {'D': 17.5, 'C': 11.25}}
Player 0 hand :  ['JS', 'AD', '9H', '8H', 'KS', 'QH', '8S', '8C']
Player 1 hand :  ['9S', 'JH', 'AC', '10C', '7C', 'QC', '10S', '7S']
Player 2 hand :  ['9C', 'JD', '9D', '8D', '10H', 'KH', 'AS', 'QS']
Player 3 hand :  ['7D', '10D', 'KC', 'KD', 'AH', 'JC', '7H']
Player 0 (auction 4 cards): ['JS', 'AD', '9H', '8H']
Player 1 (auction 4 cards): ['9S', 'JH', 'AC', '10C']
Player 2 (auction 4 cards): ['9C', 'JD', '9D', '8D']
Player 3 (auction 4 cards): ['QD', '7D', '10D', 'KC']
Auction winner (bidder): Player 3 with bid 16
Bidder sets concealed trump suit: D
Phase: concealed, bidder concealed card: QD

Player 0 plays JS
Player 1 plays 9S
Player 2 plays AS
-- Phase 2 begins: Trump revealed as D by Player 3 on trick 1 --
Player 3 plays 7D
Player 3 won the hand: 6 points

Player 3 plays 10D
Player 0 plays AD
Player 1 plays JH
Player 2 plays JD
Player 2 won the hand: 8 points

Player 2 plays 9C
Player 3 plays KC
Player 0 plays 8C
Player 1 plays AC
Player 2 won the hand: 3 points

Player 2 plays 9D
Player 3 plays KD
Player 0 plays 9H
Player 1 plays 10C
Player 2 won the hand: 5 points

Player 2 plays 8D
Player 3 plays QD
Player 0 plays 8H
Player 1 plays 7C
Player 3 won the hand: 0 points

Player 3 plays AH
Player 0 plays QH
Player 1 plays QC
Player 2 plays 10H
Player 3 won the hand: 2 points

Player 3 plays JC
Player 0 plays KS
Player 1 plays 10S
Player 2 plays KH
Player 3 won the hand: 4 points

Player 3 plays 7H
Player 0 plays 8S
Player 1 plays 7S
Player 2 plays QS
Player 3 won the hand: 0 points

Game 2 final points: Team A=16, Team B=12
Series cumulative game score so far: Team A=-1, Team B=-1
Log saved to: C:\Users\laksh\Desktop\Projects\28bot\logs\game28\mcts_games\game_2_20250820_164507_977498.log
