
===== GAME 98 (20250822_171116_272556) =====

===== AUCTION =====
Pass (locked): Player 0 (min_allowed=16)
  bidding analysis:
    present_suits: D, S
    current_high=0  min_allowed=16  raise_delta=1
    overall: avg=16.25  p30=14.00  std=4.09
    suit_stats:
      D: pts=[20, 12, 16, 17, 7, 13 ...]  avg=16.25  p30=14.00  std=4.09
      S: pts=[]
    failed_checks:
      D: p30 14.00 < 15; conf_mean 14.21 < 15
      S: p30 0.00 < 15; conf_mean 0.00 < 15
    reason: Pass: No suit meets thresholds. Best suit D has p30=14.00, conf_mean=14.21 below min_allowed=16 (current_high=0, raise_delta=+1). Failed checks for best suit: p30 14.00 < 15, conf_mean 14.21 < 15.
Pass (locked): Player 1 (min_allowed=16)
  bidding analysis:
    present_suits: D, C, S
    current_high=0  min_allowed=16  raise_delta=1
    overall: avg=19.12  p30=14.00  std=4.73
    failed_checks:
      D: p30 0.00 < 15; conf_mean 0.00 < 15
      C: p30 0.00 < 15; conf_mean 0.00 < 15
      S: p30 14.00 < 15
    reason: Pass: No suit meets thresholds. Best suit S has p30=14.00, conf_mean=16.76 below min_allowed=16 (current_high=0, raise_delta=+1). Failed checks for best suit: p30 14.00 < 15.
Pass (locked): Player 2 (min_allowed=16)
  bidding analysis:
    present_suits: H, D, S
    current_high=0  min_allowed=16  raise_delta=1
    overall: avg=14.44  p30=8.00  std=5.67
    suit_stats:
      H: pts=[22, 6, 7, 14, 8, 20 ...]  avg=14.44  p30=8.00  std=5.67
      D: pts=[]
      S: pts=[]
    failed_checks:
      H: p30 8.00 < 15; conf_mean 11.60 < 15
      D: p30 0.00 < 15; conf_mean 0.00 < 15
      S: p30 0.00 < 15; conf_mean 0.00 < 15
    reason: Pass: No suit meets thresholds. Best suit H has p30=8.00, conf_mean=11.60 below min_allowed=16 (current_high=0, raise_delta=+1). Failed checks for best suit: p30 8.00 < 15, conf_mean 11.60 < 15.
Pass (locked): Player 3 (min_allowed=16)
  bidding analysis:
    present_suits: H, D, C
    current_high=0  min_allowed=16  raise_delta=1
    overall: avg=0.00  p30=0.00  std=0.00
    failed_checks:
      H: p30 0.00 < 15; conf_mean 0.00 < 15
      D: p30 0.00 < 15; conf_mean 0.00 < 15
    reason: Pass: No suit meets thresholds. Best suit H has p30=0.00, conf_mean=0.00 below min_allowed=16 (current_high=0, raise_delta=+1). Failed checks for best suit: p30 0.00 < 15, conf_mean 0.00 < 15.
Forced bid: All players passed. Player 0 takes minimum bid 16.

AUCTION WINNER: Player 0 with bid 16; chooses trump D 
Details={'chosen': 'D', 'estimates': {'D': 17.0, 'S': 14.0}}
Player 0 hand :  ['KD', 'QS', '9D', '8S', 'JD', 'QC', 'KC']
Player 1 hand :  ['8C', 'JS', '9C', '7D', 'QH', 'QD', '10S', '7H']
Player 2 hand :  ['10H', '8D', 'AH', '7S', '7C', 'KH', '10C', 'KS']
Player 3 hand :  ['8H', 'AC', '9H', '10D', '9S', 'AS', 'JC', 'JH']
Player 0 (auction 4 cards): ['KD', 'AD', 'QS', '9D']
Player 1 (auction 4 cards): ['8C', 'JS', '9C', '7D']
Player 2 (auction 4 cards): ['10H', '8D', 'AH', '7S']
Player 3 (auction 4 cards): ['8H', 'AC', '9H', '10D']
Auction winner (bidder): Player 0 with bid 16
Bidder sets concealed trump suit: D
Phase: concealed, bidder concealed card: AD

Player 0 plays QS
Player 1 plays JS
Player 2 plays 7S
Player 3 plays 9S
Player 1 won the hand: 5 points

Player 1 plays 8C
Player 2 plays 7C
Player 3 plays AC
Player 0 plays QC
Player 3 won the hand: 1 points

Player 3 plays 8H
-- Phase 2 begins: Trump revealed as D by Player 0 on trick 3 --
Player 0 plays KD
Player 1 plays QH
Player 2 plays 10H
Player 0 won the hand: 1 points

Player 0 plays 9D
Player 1 plays 7D
Player 2 plays 8D
Player 3 plays 10D
Player 0 won the hand: 3 points

Player 0 plays 8S
Player 1 plays 10S
Player 2 plays KS
Player 3 plays AS
Player 3 won the hand: 2 points

Player 3 plays 9H
Player 0 plays JD
Player 1 plays 7H
Player 2 plays AH
Player 0 won the hand: 6 points

Player 0 plays KC
Player 1 plays 9C
Player 2 plays 10C
Player 3 plays JC
Player 3 won the hand: 6 points

Player 3 plays JH
Player 0 plays AD
Player 1 plays QD
Player 2 plays KH
Player 0 won the hand: 4 points

Game 98 final points: Team A=14, Team B=14
Series cumulative game score so far: Team A=-9, Team B=0
Log saved to: c:\Users\laksh\Desktop\Projects\28bot\logs\game28\mcts_games\game_98_20250822_171116_272556.log
