
===== GAME 32 (20250825_101101_730495) =====

===== AUCTION =====
Pass (locked): Player 0 (min_allowed=16)
  bidding analysis:
    present_suits: D, C
    current_high=0  min_allowed=16  raise_delta=1
    overall: avg=16.62  p30=12.00  std=4.39
    suit_stats:
      C: pts=[17, 11, 14, 18, 13, 11 ...]  avg=16.62  p30=12.00  std=4.39
      D: pts=[]
    failed_checks:
      D: p30 0.00 < 15; conf_mean 0.00 < 15
      C: p30 12.00 < 15; conf_mean 14.43 < 15
    reason: Pass: No suit meets thresholds. Best suit C has p30=12.00, conf_mean=14.43 below min_allowed=16 (current_high=0, raise_delta=+1). Failed checks for best suit: p30 12.00 < 15, conf_mean 14.43 < 15.
Bid: Player 1 proposes 17 (min_allowed=16)
  bidding analysis:
    present_suits: H, D, C, S
    current_high=0  min_allowed=16  raise_delta=1
    chosen_suit: S
    proposed_bid: 17
    overall: avg=17.00  p30=17.00  std=0.00
    suit_stats:
      C: pts=[12]  avg=12.00  p30=12.00  std=0.00
      D: pts=[14]  avg=14.00  p30=14.00  std=0.00
      H: pts=[8]  avg=8.00  p30=8.00  std=0.00
      S: pts=[17]  avg=17.00  p30=17.00  std=0.00
    reason: Bid: Suit S meets thresholds (p30=17.00, conf_mean=17.00 >= min_allowed=16); conservative mapping max(p30, avg-1) -> 17. (current_high=0, raise_delta=+1)
Pass (locked): Player 2 (min_allowed=18)
  bidding analysis:
    present_suits: H, C, S
    current_high=17  min_allowed=18  raise_delta=1
    overall: avg=15.56  p30=13.00  std=4.62
    suit_stats:
      H: pts=[18, 14, 13, 14, 17, 11 ...]  avg=15.56  p30=13.00  std=4.62
      C: pts=[]
      S: pts=[]
    failed_checks:
      H: p30 13.00 < 17; conf_mean 13.25 < 17
      C: p30 0.00 < 17; conf_mean 0.00 < 17
      S: p30 0.00 < 17; conf_mean 0.00 < 17
    reason: Pass: No suit meets thresholds. Best suit H has p30=13.00, conf_mean=13.25 below min_allowed=18 (current_high=17, raise_delta=+1). Failed checks for best suit: p30 13.00 < 17, conf_mean 13.25 < 17.
Pass (locked): Player 3 (min_allowed=18)
  bidding analysis:
    present_suits: H, D, S
    current_high=17  min_allowed=18  raise_delta=1
    overall: avg=12.44  p30=9.00  std=5.66
    suit_stats:
      D: pts=[11, 15, 10, 6, 9, 21 ...]  avg=12.44  p30=9.00  std=5.66
      H: pts=[]
      S: pts=[]
    failed_checks:
      H: p30 0.00 < 17; conf_mean 0.00 < 17
      D: p30 9.00 < 17; conf_mean 9.61 < 17
      S: p30 0.00 < 17; conf_mean 0.00 < 17
    reason: Pass: No suit meets thresholds. Best suit D has p30=9.00, conf_mean=9.61 below min_allowed=18 (current_high=17, raise_delta=+1). Failed checks for best suit: p30 9.00 < 17, conf_mean 9.61 < 17.

AUCTION WINNER: Player 1 with bid 17; chooses trump H 
Details={'chosen': 'H', 'estimates': {'D': 10.0, 'C': 13.0, 'S': 12.0, 'H': 13.0}}
Player 0 hand :  ['9C', 'AC', '7D', '10C', 'KC', 'JH', 'JC', 'KS']
Player 1 hand :  ['7C', 'JD', 'QS', '9S', 'KD', '7S', '8C']
Player 2 hand :  ['QC', 'AH', 'JS', '10H', '9D', 'AS', '8S', '10D']
Player 3 hand :  ['8D', '8H', '10S', 'QD', 'KH', 'QH', 'AD', '7H']
Player 0 (auction 4 cards): ['9C', 'AC', '7D', '10C']
Player 1 (auction 4 cards): ['9H', '7C', 'JD', 'QS']
Player 2 (auction 4 cards): ['QC', 'AH', 'JS', '10H']
Player 3 (auction 4 cards): ['8D', '8H', '10S', 'QD']
Auction winner (bidder): Player 1 with bid 17
Bidder sets concealed trump suit: H
Phase: concealed, bidder concealed card: 9H

Player 0 plays 9C
Player 1 plays 7C
Player 2 plays QC
Player 3 plays 8D
Player 0 won the hand: 2 points

Player 0 plays AC
Player 1 plays 8C
-- Phase 2 begins: Trump revealed as H by Player 2 on trick 2 --
Player 2 plays AH
Player 3 plays 8H
Player 2 won the hand: 2 points

Player 2 plays JS
Player 3 plays 10S
Player 0 plays KS
Player 1 plays QS
Player 2 won the hand: 4 points

Player 2 plays 10H
Player 3 plays KH
Player 0 plays JH
Player 1 plays 9H
Player 0 won the hand: 6 points

Player 0 plays 7D
Player 1 plays JD
Player 2 plays 9D
Player 3 plays QD
Player 1 won the hand: 5 points

Player 1 plays 9S
Player 2 plays AS
Player 3 plays QH
Player 0 plays 10C
Player 3 won the hand: 4 points

Player 3 plays AD
Player 0 plays KC
Player 1 plays KD
Player 2 plays 10D
Player 3 won the hand: 2 points

Player 3 plays 7H
Player 0 plays JC
Player 1 plays 7S
Player 2 plays 8S
Player 3 won the hand: 3 points

Game 32 final points: Team A=14, Team B=14
Series cumulative game score so far: Team A=-7, Team B=-4
Log saved to: c:\Users\laksh\Desktop\Projects\28bot\logs\game28\mcts_games\game_32_20250825_101101_730495.log
