
===== GAME 51 (20250821_113906_488647) =====

===== AUCTION =====
Pass (locked): Player 0 (min_allowed=16)
  bidding analysis:
    present_suits: H, C, S
    current_high=0  min_allowed=16  raise_delta=1
    overall: avg=14.75  p30=15.00  std=9.93
    failed_checks:
      H: conf_mean 9.78 < 15
      S: p30 0.00 < 15; conf_mean 0.00 < 15
    reason: Pass: No suit meets thresholds. Best suit H has p30=15.00, conf_mean=9.78 below min_allowed=16 (current_high=0, raise_delta=+1). Failed checks for best suit: conf_mean 9.78 < 15.
Pass (locked): Player 1 (min_allowed=16)
  bidding analysis:
    present_suits: H, D, C
    current_high=0  min_allowed=16  raise_delta=1
    overall: avg=15.88  p30=13.00  std=6.90
    failed_checks:
      H: p30 13.00 < 15; conf_mean 12.43 < 15
      D: p30 0.00 < 15; conf_mean 0.00 < 15
      C: p30 0.00 < 15; conf_mean 0.00 < 15
    reason: Pass: No suit meets thresholds. Best suit H has p30=13.00, conf_mean=12.43 below min_allowed=16 (current_high=0, raise_delta=+1). Failed checks for best suit: p30 13.00 < 15, conf_mean 12.43 < 15.
Pass (locked): Player 2 (min_allowed=16)
  bidding analysis:
    present_suits: D, C, S
    current_high=0  min_allowed=16  raise_delta=1
    overall: avg=0.00  p30=0.00  std=0.00
    failed_checks:
      C: p30 0.00 < 15; conf_mean 0.00 < 15
      S: p30 0.00 < 15; conf_mean 0.00 < 15
    reason: Pass: No suit meets thresholds. Best suit D has p30=0.00, conf_mean=0.00 below min_allowed=16 (current_high=0, raise_delta=+1). Failed checks for best suit: n/a.
Bid: Player 3 proposes 26 (min_allowed=16)
  bidding analysis:
    present_suits: H, D, C, S
    current_high=0  min_allowed=16  raise_delta=1
    chosen_suit: H
    proposed_bid: 26
    overall: avg=26.00  p30=26.00  std=0.00
    suit_stats:
      S: pts=[12]  avg=12.00  p30=12.00  std=0.00
      H: pts=[26]  avg=26.00  p30=26.00  std=0.00
      C: pts=[8]  avg=8.00  p30=8.00  std=0.00
      D: pts=[19]  avg=19.00  p30=19.00  std=0.00
    reason: Bid: Suit H meets thresholds (p30=26.00, conf_mean=26.00 >= min_allowed=16); conservative mapping max(p30, avg-1) -> 26. (current_high=0, raise_delta=+1)

AUCTION WINNER: Player 3 with bid 26; chooses trump S 
Details={'chosen': 'S', 'estimates': {'C': 5.0, 'S': 27.0, 'H': 3.0, 'D': 19.0}}
Player 0 hand :  ['9H', 'JS', '7C', '9C', 'AC', 'KC', '8H', '7S']
Player 1 hand :  ['QC', 'QH', '10H', 'QD', '8D', 'AD', 'AS', '8C']
Player 2 hand :  ['8S', '10D', '10C', '10S', '9D', 'AH', 'KS', '7D']
Player 3 hand :  ['KD', 'JC', 'KH', 'JD', '7H', 'JH', '9S']
Player 0 (auction 4 cards): ['9H', 'JS', '7C', '9C']
Player 1 (auction 4 cards): ['QC', 'QH', '10H', 'QD']
Player 2 (auction 4 cards): ['8S', '10D', '10C', '10S']
Player 3 (auction 4 cards): ['QS', 'KD', 'JC', 'KH']
Auction winner (bidder): Player 3 with bid 26
Bidder sets concealed trump suit: S
Phase: concealed, bidder concealed card: QS

Player 0 plays 9H
Player 1 plays QH
Player 2 plays AH
Player 3 plays KH
Player 0 won the hand: 3 points

Player 0 plays JS
Player 1 plays AS
Player 2 plays 8S
Player 3 plays 9S
Player 0 won the hand: 6 points

Player 0 plays 7C
Player 1 plays QC
Player 2 plays 10C
Player 3 plays JC
Player 3 won the hand: 4 points

Player 3 plays KD
Player 0 plays 9C
Player 1 plays QD
Player 2 plays 10D
Player 2 won the hand: 3 points

Player 2 plays 10S
Player 3 plays JD
Player 0 plays 7S
Player 1 plays 10H
Player 2 won the hand: 5 points

Player 2 plays 9D
Player 3 plays 7H
Player 0 plays AC
Player 1 plays 8D
Player 2 won the hand: 3 points

Player 2 plays KS
Player 3 plays JH
Player 0 plays KC
Player 1 plays AD
Player 2 won the hand: 4 points

Player 2 plays 7D
Error during gameplay: Current player 3 has no cards but other players do
No cards available, ending game
Game 51 final points: Team A=24, Team B=4
Series cumulative game score so far: Team A=-4, Team B=-16
Log saved to: C:\Users\laksh\Desktop\Projects\28bot\logs\game28\mcts_games\game_51_20250821_113906_488647.log
