
===== GAME 1 (20250819_133225_702856) =====

===== AUCTION =====
Pass (locked): Player 0 (min_allowed=16)
  bidding analysis:
    present_suits: D, C, S
    current_high=0  min_allowed=16  raise_delta=1
    overall: avg=15.00  p30=18.00  std=8.86
    suit_stats:
      D: pts=[12, 20, 22, 0]  avg=13.50  p30=12.00  std=8.65
      C: pts=[0, 18, 23, 19]  avg=15.00  p30=18.00  std=8.86
      S: pts=[12, 0, 12, 21]  avg=11.25  p30=12.00  std=7.46
    failed_checks:
      D: p30 12.00 < 15; conf_mean 9.18 < 15
      C: conf_mean 10.57 < 15
      S: p30 12.00 < 15; conf_mean 7.52 < 15
    reason: Pass: No suit meets thresholds. Best suit C has p30=18.00, conf_mean=10.57 below min_allowed=16 (current_high=0, raise_delta=+1). Failed checks for best suit: conf_mean 10.57 < 15.
Pass (locked): Player 1 (min_allowed=16)
  bidding analysis:
    present_suits: H, C, S
    current_high=0  min_allowed=16  raise_delta=1
    overall: avg=8.25  p30=9.00  std=4.92
    suit_stats:
      H: pts=[14, 0, 14, 0]  avg=7.00  p30=0.00  std=7.00
      C: pts=[9, 0, 16, 8]  avg=8.25  p30=8.00  std=5.67
      S: pts=[12, 12, 9, 0]  avg=8.25  p30=9.00  std=4.92
    failed_checks:
      H: p30 0.00 < 15; conf_mean 3.50 < 15
      C: p30 8.00 < 15; conf_mean 5.41 < 15
      S: p30 9.00 < 15; conf_mean 5.79 < 15
    reason: Pass: No suit meets thresholds. Best suit S has p30=9.00, conf_mean=5.79 below min_allowed=16 (current_high=0, raise_delta=+1). Failed checks for best suit: p30 9.00 < 15, conf_mean 5.79 < 15.
Pass (locked): Player 2 (min_allowed=16)
  bidding analysis:
    present_suits: H, D, S
    current_high=0  min_allowed=16  raise_delta=1
    overall: avg=12.00  p30=12.00  std=2.83
    suit_stats:
      H: pts=[8, 16, 12, 12]  avg=12.00  p30=12.00  std=2.83
      D: pts=[10, 4, 18, 18]  avg=12.50  p30=10.00  std=5.89
      S: pts=[14, 11, 15, 8]  avg=12.00  p30=11.00  std=2.74
    failed_checks:
      H: p30 12.00 < 15; conf_mean 10.59 < 15
      D: p30 10.00 < 15; conf_mean 9.55 < 15
      S: p30 11.00 < 15; conf_mean 10.63 < 15
    reason: Pass: No suit meets thresholds. Best suit H has p30=12.00, conf_mean=10.59 below min_allowed=16 (current_high=0, raise_delta=+1). Failed checks for best suit: p30 12.00 < 15, conf_mean 10.59 < 15.
Pass (locked): Player 3 (min_allowed=16)
  bidding analysis:
    present_suits: H, D, C, S
    current_high=0  min_allowed=16  raise_delta=1
    overall: avg=9.00  p30=5.00  std=8.57
    suit_stats:
      H: pts=[0, 22, 0, 18]  avg=10.00  p30=0.00  std=10.10
      D: pts=[8, 0, 5, 23]  avg=9.00  p30=5.00  std=8.57
      C: pts=[0, 21, 0, 4]  avg=6.25  p30=0.00  std=8.67
      S: pts=[24, 0, 0, 0]  avg=6.00  p30=0.00  std=10.39
    failed_checks:
      H: p30 0.00 < 15; conf_mean 4.95 < 15
      D: p30 5.00 < 15; conf_mean 4.71 < 15
      C: p30 0.00 < 15; conf_mean 1.91 < 15
      S: p30 0.00 < 15; conf_mean 0.80 < 15
    reason: Pass: No suit meets thresholds. Best suit D has p30=5.00, conf_mean=4.71 below min_allowed=16 (current_high=0, raise_delta=+1). Failed checks for best suit: p30 5.00 < 15, conf_mean 4.71 < 15.
Forced bid: All players passed. Player 0 takes minimum bid 16.

AUCTION WINNER: Player 0 with bid 16; chooses trump C 
Details={'chosen': 'C', 'estimates': {'D': 9, 'C': 12, 'S': 3}}
Player 0 hand :  ['9C', 'JD', 'QS', 'KD', '10S', 'AC', '9H']
Player 1 hand :  ['QC', 'KC', '7S', 'AH', '7D', '10D', '7H', 'JC']
Player 2 hand :  ['QH', 'QD', '8H', 'JS', 'AD', 'KS', '8S', 'AS']
Player 3 hand :  ['7C', '8D', '9S', 'JH', '10H', '9D', '8C', 'KH']
Player 0 (auction 4 cards): ['9C', 'JD', '10C', 'QS']
Player 1 (auction 4 cards): ['QC', 'KC', '7S', 'AH']
Player 2 (auction 4 cards): ['QH', 'QD', '8H', 'JS']
Player 3 (auction 4 cards): ['7C', '8D', '9S', 'JH']
Auction winner (bidder): Player 0 with bid 16
Bidder sets concealed trump suit: C
Phase: concealed, bidder concealed card: 10C

Player 0 plays QS
Player 1 plays 7S
Player 2 plays KS
Player 3 plays 9S
Player 3 won the hand: 2 points

Player 3 plays 10H
Player 0 plays 9H
Player 1 plays AH
Player 2 plays QH
Player 0 won the hand: 4 points

Player 0 plays KD
Player 1 plays 7D
Player 2 plays QD
Player 3 plays 8D
Player 0 won the hand: 0 points

Player 0 plays JD
Player 1 plays 10D
Player 2 plays AD
Player 3 plays 9D
Player 0 won the hand: 7 points

Player 0 plays 10S
-- Phase 2 begins: Trump revealed as C by Player 1 on trick 5 --
Player 1 plays JC
Player 2 plays 8S
Player 3 plays 7C
Player 1 won the hand: 4 points

Player 1 plays QC
Player 2 plays 8H
Player 3 plays 8C
Player 0 plays 9C
Player 0 won the hand: 2 points

Player 0 plays AC
Player 1 plays KC
Player 2 plays JS
Player 3 plays JH
Player 0 won the hand: 7 points

Player 0 plays 10C
Player 1 plays 7H
Player 2 plays AS
Player 3 plays KH
Player 0 won the hand: 2 points

Game 1 final points: Team A=22, Team B=6
Series cumulative game score so far: Team A=1, Team B=0
Log saved to: c:\Users\laksh\Desktop\Projects\28bot\logs\game28\mcts_games\game_1_20250819_133225_702856.log
