
===== GAME 57 (20250825_130910_094906) =====

===== AUCTION =====
Pass (locked): Player 0 (min_allowed=16)
  bidding analysis:
    present_suits: C, S
    current_high=0  min_allowed=16  raise_delta=1
    overall: avg=8.00  p30=0.00  std=8.28
    failed_checks:
      S: p30 0.00 < 15; conf_mean 3.86 < 15
    reason: Pass: No suit meets thresholds. Best suit S has p30=0.00, conf_mean=3.86 below min_allowed=16 (current_high=0, raise_delta=+1). Failed checks for best suit: p30 0.00 < 15, conf_mean 3.86 < 15.
Pass (locked): Player 1 (min_allowed=16)
  bidding analysis:
    present_suits: H, S
    current_high=0  min_allowed=16  raise_delta=1
    overall: avg=12.00  p30=12.00  std=0.00
    suit_stats:
      H: pts=[11, 17, 9, 10, 8, 14 ...]  avg=15.69  p30=11.00  std=5.86
      S: pts=[12]  avg=12.00  p30=12.00  std=0.00
    failed_checks:
      H: p30 11.00 < 15; conf_mean 12.76 < 15
      S: p30 12.00 < 15; conf_mean 12.00 < 15
    reason: Pass: No suit meets thresholds. Best suit S has p30=12.00, conf_mean=12.00 below min_allowed=16 (current_high=0, raise_delta=+1). Failed checks for best suit: p30 12.00 < 15, conf_mean 12.00 < 15.
Pass (locked): Player 2 (min_allowed=16)
  bidding analysis:
    present_suits: D, C, S
    current_high=0  min_allowed=16  raise_delta=1
    overall: avg=16.19  p30=14.00  std=5.14
    suit_stats:
      D: pts=[21, 22, 10, 15, 19, 14 ...]  avg=16.19  p30=14.00  std=5.14
      C: pts=[]
      S: pts=[]
    failed_checks:
      D: p30 14.00 < 15; conf_mean 13.62 < 15
      C: p30 0.00 < 15; conf_mean 0.00 < 15
      S: p30 0.00 < 15; conf_mean 0.00 < 15
    reason: Pass: No suit meets thresholds. Best suit D has p30=14.00, conf_mean=13.62 below min_allowed=16 (current_high=0, raise_delta=+1). Failed checks for best suit: p30 14.00 < 15, conf_mean 13.62 < 15.
Pass (locked): Player 3 (min_allowed=16)
  bidding analysis:
    present_suits: H, D, C
    current_high=0  min_allowed=16  raise_delta=1
    overall: avg=13.67  p30=11.00  std=3.30
    failed_checks:
      H: p30 11.00 < 15; conf_mean 12.02 < 15
      D: p30 7.00 < 15; conf_mean 11.06 < 15
      C: p30 2.00 < 15; conf_mean 2.25 < 15
    reason: Pass: No suit meets thresholds. Best suit H has p30=11.00, conf_mean=12.02 below min_allowed=16 (current_high=0, raise_delta=+1). Failed checks for best suit: p30 11.00 < 15, conf_mean 12.02 < 15.
Forced bid: All players passed. Player 0 takes minimum bid 16.

AUCTION WINNER: Player 0 with bid 16; chooses trump C 
Details={'chosen': 'C', 'estimates': {'S': 8.0, 'C': 15.0}}
Player 0 hand :  ['10C', '7S', 'AS', '8H', '7D', 'JH', 'AH']
Player 1 hand :  ['QH', 'JS', '10H', '10S', 'KH', 'QC', '9H', '9S']
Player 2 hand :  ['9D', 'JC', 'QS', 'KD', '9C', 'QD', '8D', '8S']
Player 3 hand :  ['JD', '10D', '7C', '7H', '8C', 'KS', 'AD', 'AC']
Player 0 (auction 4 cards): ['KC', '10C', '7S', 'AS']
Player 1 (auction 4 cards): ['QH', 'JS', '10H', '10S']
Player 2 (auction 4 cards): ['9D', 'JC', 'QS', 'KD']
Player 3 (auction 4 cards): ['JD', '10D', '7C', '7H']
Auction winner (bidder): Player 0 with bid 16
Bidder sets concealed trump suit: C
Phase: concealed, bidder concealed card: KC

Player 0 plays 7S
Player 1 plays JS
Player 2 plays QS
Player 3 plays KS
Player 1 won the hand: 3 points

Player 1 plays QH
Player 2 plays 9D
Player 3 plays 7H
Player 0 plays 8H
Player 1 won the hand: 2 points

Player 1 plays 10H
-- Phase 2 begins: Trump revealed as C by Player 2 on trick 3 --
Player 2 plays JC
Player 3 plays JD
Player 0 plays JH
Player 2 won the hand: 10 points

Player 2 plays KD
Player 3 plays 10D
Player 0 plays 7D
Player 1 plays 10S
Player 3 won the hand: 2 points

Player 3 plays 7C
Player 0 plays 10C
Player 1 plays QC
Player 2 plays 9C
Player 2 won the hand: 3 points

Player 2 plays QD
Player 3 plays AD
Player 0 plays AS
Player 1 plays KH
Player 3 won the hand: 2 points

Player 3 plays 8C
Player 0 plays KC
Player 1 plays 9H
Player 2 plays 8D
Player 0 won the hand: 2 points

Player 0 plays AH
Player 1 plays 9S
Player 2 plays 8S
Player 3 plays AC
Player 3 won the hand: 4 points

Game 57 final points: Team A=15, Team B=13
Series cumulative game score so far: Team A=-19, Team B=-6
Log saved to: c:\Users\laksh\Desktop\Projects\28bot\logs\game28\mcts_games\game_57_20250825_130910_094906.log
