
===== GAME 8 (20250820_231857_140763) =====

===== AUCTION =====
Pass (locked): Player 0 (min_allowed=16)
  bidding analysis:
    present_suits: H, C, S
    current_high=0  min_allowed=16  raise_delta=1
    overall: avg=4.75  p30=0.00  std=8.23
    failed_checks:
      C: p30 0.00 < 15; conf_mean 0.00 < 15
      S: p30 0.00 < 15; conf_mean 0.64 < 15
    reason: Pass: No suit meets thresholds. Best suit S has p30=0.00, conf_mean=0.64 below min_allowed=16 (current_high=0, raise_delta=+1). Failed checks for best suit: p30 0.00 < 15, conf_mean 0.64 < 15.
Bid: Player 1 proposes 19 (min_allowed=16)
  bidding analysis:
    present_suits: H, S
    current_high=0  min_allowed=16  raise_delta=1
    chosen_suit: S
    proposed_bid: 19
    overall: avg=19.50  p30=19.00  std=4.21
    suit_stats:
      S: pts=[15, 24, 19, 21, 22, 20 ...]  avg=19.50  p30=19.00  std=4.21
      H: pts=[]
    reason: Bid: Suit S meets thresholds (p30=19.00, conf_mean=17.39 >= min_allowed=16); conservative mapping max(p30, avg-1) -> 19. (current_high=0, raise_delta=+1)
Pass (locked): Player 2 (min_allowed=20)
  bidding analysis:
    present_suits: H, D, C
    current_high=19  min_allowed=20  raise_delta=1
    overall: avg=12.00  p30=10.00  std=2.55
    failed_checks:
      H: p30 0.00 < 19; conf_mean 0.00 < 19
      C: p30 10.00 < 19; conf_mean 10.73 < 19
    reason: Pass: No suit meets thresholds. Best suit C has p30=10.00, conf_mean=10.73 below min_allowed=20 (current_high=19, raise_delta=+1). Failed checks for best suit: p30 10.00 < 19, conf_mean 10.73 < 19.
Pass (locked): Player 3 (min_allowed=20)
  bidding analysis:
    present_suits: H, D, S
    current_high=19  min_allowed=20  raise_delta=1
    overall: avg=11.00  p30=10.00  std=3.87
    suit_stats:
      S: pts=[9, 12, 12, 4, 19, 11 ...]  avg=11.00  p30=10.00  std=3.87
      H: pts=[]
      D: pts=[]
    failed_checks:
      H: p30 0.00 < 19; conf_mean 0.00 < 19
      D: p30 0.00 < 19; conf_mean 0.00 < 19
      S: p30 10.00 < 19; conf_mean 9.06 < 19
    reason: Pass: No suit meets thresholds. Best suit S has p30=10.00, conf_mean=9.06 below min_allowed=20 (current_high=19, raise_delta=+1). Failed checks for best suit: p30 10.00 < 19, conf_mean 9.06 < 19.

AUCTION WINNER: Player 1 with bid 19; chooses trump H 
Details={'chosen': 'H', 'estimates': {'H': 26.0, 'S': 11.0}}
Player 0 hand :  ['7C', '10H', 'AH', '7S', 'KD', 'AS', '10D', 'QD']
Player 1 hand :  ['KS', '9S', 'JS', 'JC', 'QC', '8H', '9H']
Player 2 hand :  ['AC', '9D', 'JH', '10C', 'QS', '8C', 'KC', '9C']
Player 3 hand :  ['10S', '8D', '8S', '7H', 'KH', '7D', 'JD', 'AD']
Player 0 (auction 4 cards): ['7C', '10H', 'AH', '7S']
Player 1 (auction 4 cards): ['KS', '9S', 'JS', 'QH']
Player 2 (auction 4 cards): ['AC', '9D', 'JH', '10C']
Player 3 (auction 4 cards): ['10S', '8D', '8S', '7H']
Auction winner (bidder): Player 1 with bid 19
Bidder sets concealed trump suit: H
Phase: concealed, bidder concealed card: QH

Player 0 plays 7C
Player 1 plays JC
Player 2 plays AC
Player 3 plays 10S
Player 1 won the hand: 5 points

Player 1 plays KS
Player 2 plays QS
Player 3 plays 8S
Player 0 plays 7S
Player 1 won the hand: 0 points

Player 1 plays 9S
Player 2 plays 9D
Player 3 plays 8D
Player 0 plays AS
Player 1 won the hand: 5 points

Player 1 plays JS
-- Phase 2 begins: Trump revealed as H by Player 2 on trick 4 --
Player 2 plays JH
Player 3 plays 7H
Player 0 plays 10H
Player 2 won the hand: 7 points

Player 2 plays 10C
Player 3 plays KH
Player 0 plays AH
Player 1 plays QC
Player 0 won the hand: 2 points

Player 0 plays KD
Player 1 plays 8H
Player 2 plays 8C
Player 3 plays 7D
Player 1 won the hand: 0 points

Player 1 plays 9H
Player 2 plays KC
Player 3 plays JD
Player 0 plays 10D
Player 1 won the hand: 6 points

Player 1 plays QH
Player 2 plays 9C
Player 3 plays AD
Player 0 plays QD
Player 1 won the hand: 3 points

Game 8 final points: Team A=9, Team B=19
Series cumulative game score so far: Team A=-3, Team B=2
Log saved to: c:\Users\laksh\Desktop\Projects\28bot\logs\game28\mcts_games\game_8_20250820_231857_140763.log
