
===== GAME 17 (20250820_102218_774126) =====

===== AUCTION =====
Pass (locked): Player 0 (min_allowed=16)
  bidding analysis:
    present_suits: D, C, S
    current_high=0  min_allowed=16  raise_delta=1
    overall: avg=15.25  p30=19.00  std=8.87
    suit_stats:
      D: pts=[20, 19, 0, 22]  avg=15.25  p30=19.00  std=8.87
      C: pts=[]
      S: pts=[]
    failed_checks:
      D: conf_mean 10.81 < 15
      C: p30 0.00 < 15; conf_mean 0.00 < 15
      S: p30 0.00 < 15; conf_mean 0.00 < 15
    reason: Pass: No suit meets thresholds. Best suit D has p30=19.00, conf_mean=10.81 below min_allowed=16 (current_high=0, raise_delta=+1). Failed checks for best suit: conf_mean 10.81 < 15.
Pass (locked): Player 1 (min_allowed=16)
  bidding analysis:
    present_suits: H, C, S
    current_high=0  min_allowed=16  raise_delta=1
    overall: avg=7.75  p30=0.00  std=7.82
    suit_stats:
      H: pts=[0, 14, 0, 17]  avg=7.75  p30=0.00  std=7.82
      C: pts=[]
      S: pts=[]
    failed_checks:
      H: p30 0.00 < 15; conf_mean 3.84 < 15
      C: p30 0.00 < 15; conf_mean 0.00 < 15
      S: p30 0.00 < 15; conf_mean 0.00 < 15
    reason: Pass: No suit meets thresholds. Best suit H has p30=0.00, conf_mean=3.84 below min_allowed=16 (current_high=0, raise_delta=+1). Failed checks for best suit: p30 0.00 < 15, conf_mean 3.84 < 15.
Pass (locked): Player 2 (min_allowed=16)
  bidding analysis:
    present_suits: D, C, S
    current_high=0  min_allowed=16  raise_delta=1
    overall: avg=0.00  p30=0.00  std=0.00
    failed_checks:
      D: p30 0.00 < 15; conf_mean 0.00 < 15
      C: p30 0.00 < 15; conf_mean 0.00 < 15
    reason: Pass: No suit meets thresholds. Best suit D has p30=0.00, conf_mean=0.00 below min_allowed=16 (current_high=0, raise_delta=+1). Failed checks for best suit: p30 0.00 < 15, conf_mean 0.00 < 15.
Pass (locked): Player 3 (min_allowed=16)
  bidding analysis:
    present_suits: H, D, S
    current_high=0  min_allowed=16  raise_delta=1
    overall: avg=10.25  p30=3.00  std=8.93
    suit_stats:
      H: pts=[17, 3, 0, 21]  avg=10.25  p30=3.00  std=8.93
      D: pts=[]
      S: pts=[]
    failed_checks:
      H: p30 3.00 < 15; conf_mean 5.79 < 15
      D: p30 0.00 < 15; conf_mean 0.00 < 15
      S: p30 0.00 < 15; conf_mean 0.00 < 15
    reason: Pass: No suit meets thresholds. Best suit H has p30=3.00, conf_mean=5.79 below min_allowed=16 (current_high=0, raise_delta=+1). Failed checks for best suit: p30 3.00 < 15, conf_mean 5.79 < 15.
Forced bid: All players passed. Player 0 takes minimum bid 16.

AUCTION WINNER: Player 0 with bid 16; chooses trump D 
Details={'chosen': 'D', 'estimates': {'C': 8.833333333333334, 'S': 9.5, 'D': 9.833333333333334}}
Player 0 hand :  ['QS', '9C', '7D', 'QH', 'QC', 'AS', '8D']
Player 1 hand :  ['7H', '8S', 'AH', '10C', 'JC', '10S', 'KD', 'AC']
Player 2 hand :  ['KS', '8C', 'JD', 'QD', '7C', '7S', 'JS', 'KC']
Player 3 hand :  ['9S', '9D', '8H', 'KH', '9H', '10H', 'JH', 'AD']
Player 0 (auction 4 cards): ['QS', '10D', '9C', '7D']
Player 1 (auction 4 cards): ['7H', '8S', 'AH', '10C']
Player 2 (auction 4 cards): ['KS', '8C', 'JD', 'QD']
Player 3 (auction 4 cards): ['9S', '9D', '8H', 'KH']
Auction winner (bidder): Player 0 with bid 16
Bidder sets concealed trump suit: D
Phase: concealed, bidder concealed card: 10D

Player 0 plays QS
Player 1 plays 8S
Player 2 plays KS
Player 3 plays 9S
Player 3 won the hand: 2 points

Player 3 plays 9D
Player 0 plays 7D
Player 1 plays KD
Player 2 plays JD
Player 2 won the hand: 5 points

Player 2 plays 8C
Player 3 plays 8H
Player 0 plays 9C
Player 1 plays 10C
Player 0 won the hand: 3 points

Player 0 plays QH
Player 1 plays 7H
-- Phase 2 begins: Trump revealed as D by Player 2 on trick 4 --
Player 2 plays QD
Player 3 plays KH
Player 2 won the hand: 0 points

Player 2 plays 7C
Player 3 plays 9H
Player 0 plays QC
Player 1 plays JC
Player 1 won the hand: 5 points

Player 1 plays AH
Player 2 plays 7S
Player 3 plays 10H
Player 0 plays AS
Player 1 won the hand: 3 points

Player 1 plays 10S
Player 2 plays JS
Player 3 plays JH
Player 0 plays 8D
Player 0 won the hand: 7 points

Player 0 plays 10D
Player 1 plays AC
Player 2 plays KC
Player 3 plays AD
Player 3 won the hand: 3 points

Game 17 final points: Team A=15, Team B=13
Series cumulative game score so far: Team A=-2, Team B=-1
Log saved to: c:\Users\laksh\Desktop\Projects\28bot\logs\game28\mcts_games\game_17_20250820_102218_774126.log
