
===== GAME 109 (20250823_095731_047948) =====

===== AUCTION =====
Bid: Player 0 proposes 21 (min_allowed=16)
  bidding analysis:
    present_suits: D, S
    current_high=0  min_allowed=16  raise_delta=1
    chosen_suit: S
    proposed_bid: 21
    overall: avg=21.62  p30=21.00  std=4.30
    suit_stats:
      S: pts=[14, 23, 26, 11, 25, 22 ...]  avg=21.62  p30=21.00  std=4.30
      D: pts=[]
    reason: Bid: Suit S meets thresholds (p30=21.00, conf_mean=19.48 >= min_allowed=16); conservative mapping max(p30, avg-1) -> 21. (current_high=0, raise_delta=+1)
Pass (locked): Player 1 (min_allowed=22)
  bidding analysis:
    present_suits: H, D, S
    current_high=21  min_allowed=22  raise_delta=1
    overall: avg=16.56  p30=13.00  std=5.98
    suit_stats:
      H: pts=[16, 13, 6, 16, 19, 24 ...]  avg=16.56  p30=13.00  std=5.98
      D: pts=[]
      S: pts=[]
    failed_checks:
      H: p30 13.00 < 21; conf_mean 13.57 < 21
      D: p30 0.00 < 21; conf_mean 0.00 < 21
      S: p30 0.00 < 21; conf_mean 0.00 < 21
    reason: Pass: No suit meets thresholds. Best suit H has p30=13.00, conf_mean=13.57 below min_allowed=22 (current_high=21, raise_delta=+1). Failed checks for best suit: p30 13.00 < 21, conf_mean 13.57 < 21.
Pass (locked): Player 2 (min_allowed=22)
  bidding analysis:
    present_suits: H, D, C
    current_high=21  min_allowed=22  raise_delta=1
    overall: avg=15.25  p30=12.00  std=5.45
    failed_checks:
      H: p30 0.00 < 21; conf_mean 0.00 < 21
      D: p30 12.00 < 21; conf_mean 12.53 < 21
    reason: Pass: No suit meets thresholds. Best suit D has p30=12.00, conf_mean=12.53 below min_allowed=22 (current_high=21, raise_delta=+1). Failed checks for best suit: p30 12.00 < 21, conf_mean 12.53 < 21.
Pass (locked): Player 3 (min_allowed=22)
  bidding analysis:
    present_suits: D, C
    current_high=21  min_allowed=22  raise_delta=1
    overall: avg=13.44  p30=10.00  std=4.77
    suit_stats:
      C: pts=[17, 21, 7, 14, 9, 6 ...]  avg=13.44  p30=10.00  std=4.77
      D: pts=[]
    failed_checks:
      D: p30 0.00 < 21; conf_mean 0.00 < 21
      C: p30 10.00 < 21; conf_mean 11.05 < 21
    reason: Pass: No suit meets thresholds. Best suit C has p30=10.00, conf_mean=11.05 below min_allowed=22 (current_high=21, raise_delta=+1). Failed checks for best suit: p30 10.00 < 21, conf_mean 11.05 < 21.

AUCTION WINNER: Player 0 with bid 21; chooses trump S 
Details={'chosen': 'S', 'estimates': {'D': 16.0, 'S': 28.0}}
Player 0 hand :  ['JD', '8S', 'JS', 'AC', '10C', 'KD', '8H']
Player 1 hand :  ['7S', 'JH', 'AH', 'QD', '9H', 'QS', '10D', '10S']
Player 2 hand :  ['KH', '9C', 'JC', '9D', '9S', '8C', 'AS', '10H']
Player 3 hand :  ['7C', '7D', 'KC', 'QC', 'QH', 'AD', '7H', '8D']
Player 0 (auction 4 cards): ['JD', 'KS', '8S', 'JS']
Player 1 (auction 4 cards): ['7S', 'JH', 'AH', 'QD']
Player 2 (auction 4 cards): ['KH', '9C', 'JC', '9D']
Player 3 (auction 4 cards): ['7C', '7D', 'KC', 'QC']
Auction winner (bidder): Player 0 with bid 21
Bidder sets concealed trump suit: S
Phase: concealed, bidder concealed card: KS

Player 0 plays JD
Player 1 plays QD
Player 2 plays 9D
Player 3 plays 7D
Player 0 won the hand: 5 points

Player 0 plays AC
-- Phase 2 begins: Trump revealed as S by Player 1 on trick 2 --
Player 1 plays 7S
Player 2 plays 9C
Player 3 plays 7C
Player 1 won the hand: 3 points

Player 1 plays JH
Player 2 plays KH
Player 3 plays QH
Player 0 plays 8H
Player 1 won the hand: 3 points

Player 1 plays AH
Player 2 plays 10H
Player 3 plays 7H
Player 0 plays 8S
Player 0 won the hand: 2 points

Player 0 plays JS
Player 1 plays QS
Player 2 plays 9S
Player 3 plays KC
Player 0 won the hand: 5 points

Player 0 plays 10C
Player 1 plays 9H
Player 2 plays JC
Player 3 plays QC
Player 2 won the hand: 6 points

Player 2 plays 8C
Player 3 plays AD
Player 0 plays KD
Player 1 plays 10D
Player 2 won the hand: 2 points

Player 2 plays AS
Player 3 plays 8D
Player 0 plays KS
Player 1 plays 10S
Player 2 won the hand: 2 points

Game 109 final points: Team A=22, Team B=6
Series cumulative game score so far: Team A=-10, Team B=-1
Log saved to: c:\Users\laksh\Desktop\Projects\28bot\logs\game28\mcts_games\game_109_20250823_095731_047948.log
