
===== GAME 6 (20250820_231308_303165) =====

===== AUCTION =====
Pass (locked): Player 0 (min_allowed=16)
  bidding analysis:
    present_suits: H, D, C
    current_high=0  min_allowed=16  raise_delta=1
    overall: avg=16.75  p30=14.00  std=4.84
    suit_stats:
      H: pts=[17, 13, 11, 16, 16, 14 ...]  avg=16.75  p30=14.00  std=4.84
      D: pts=[]
      C: pts=[]
    failed_checks:
      H: p30 14.00 < 15; conf_mean 14.33 < 15
      D: p30 0.00 < 15; conf_mean 0.00 < 15
      C: p30 0.00 < 15; conf_mean 0.00 < 15
    reason: Pass: No suit meets thresholds. Best suit H has p30=14.00, conf_mean=14.33 below min_allowed=16 (current_high=0, raise_delta=+1). Failed checks for best suit: p30 14.00 < 15, conf_mean 14.33 < 15.
Bid: Player 1 proposes 16 (min_allowed=16)
  bidding analysis:
    present_suits: H, D
    current_high=0  min_allowed=16  raise_delta=1
    chosen_suit: D
    proposed_bid: 16
    overall: avg=15.00  p30=15.00  std=0.00
    suit_stats:
      H: pts=[13, 23, 27, 4, 3, 7 ...]  avg=13.88  p30=7.00  std=8.58
      D: pts=[15]  avg=15.00  p30=15.00  std=0.00
    reason: Bid: Suit D meets thresholds (p30=15.00, conf_mean=15.00 >= min_allowed=16); conservative mapping max(p30, avg-1) -> 16. (current_high=0, raise_delta=+1)
Pass (locked): Player 2 (min_allowed=17)
  bidding analysis:
    present_suits: H, C, S
    current_high=16  min_allowed=17  raise_delta=1
    overall: avg=5.00  p30=0.00  std=8.66
    failed_checks:
      H: p30 0.00 < 16; conf_mean 0.00 < 16
      S: p30 0.00 < 16; conf_mean 0.67 < 16
    reason: Pass: No suit meets thresholds. Best suit S has p30=0.00, conf_mean=0.67 below min_allowed=17 (current_high=16, raise_delta=+1). Failed checks for best suit: p30 0.00 < 16, conf_mean 0.67 < 16.
Pass (locked): Player 3 (min_allowed=17)
  bidding analysis:
    present_suits: D, C, S
    current_high=16  min_allowed=17  raise_delta=1
    overall: avg=9.38  p30=5.00  std=6.30
    suit_stats:
      D: pts=[5, 7, 3, 6, 13, 20 ...]  avg=9.38  p30=5.00  std=6.30
      C: pts=[]
      S: pts=[]
    failed_checks:
      D: p30 5.00 < 16; conf_mean 6.22 < 16
      C: p30 0.00 < 16; conf_mean 0.00 < 16
      S: p30 0.00 < 16; conf_mean 0.00 < 16
    reason: Pass: No suit meets thresholds. Best suit D has p30=5.00, conf_mean=6.22 below min_allowed=17 (current_high=16, raise_delta=+1). Failed checks for best suit: p30 5.00 < 16, conf_mean 6.22 < 16.

AUCTION WINNER: Player 1 with bid 16; chooses trump D 
Details={'chosen': 'D', 'estimates': {'H': 18.0, 'D': 20.0}}
Player 0 hand :  ['7D', 'JH', 'QH', '10C', '7S', 'KS', '9D', '10S']
Player 1 hand :  ['KH', '10H', 'JD', '9H', 'JC', 'AH', '8D']
Player 2 hand :  ['AS', 'KC', '8H', '8C', 'JS', '9C', 'QS', '7C']
Player 3 hand :  ['AD', 'KD', '9S', 'QC', '10D', '8S', 'AC', '7H']
Player 0 (auction 4 cards): ['7D', 'JH', 'QH', '10C']
Player 1 (auction 4 cards): ['KH', '10H', 'JD', 'QD']
Player 2 (auction 4 cards): ['AS', 'KC', '8H', '8C']
Player 3 (auction 4 cards): ['AD', 'KD', '9S', 'QC']
Auction winner (bidder): Player 1 with bid 16
Bidder sets concealed trump suit: D
Phase: concealed, bidder concealed card: QD

Player 0 plays 7D
Player 1 plays JD
Player 2 plays AS
Player 3 plays AD
Player 1 won the hand: 5 points

Player 1 plays KH
Player 2 plays 8H
Player 3 plays 7H
Player 0 plays JH
Player 0 won the hand: 3 points

Player 0 plays QH
Player 1 plays 10H
Player 2 plays KC
-- Phase 2 begins: Trump revealed as D by Player 3 on trick 3 --
Player 3 plays KD
Player 3 won the hand: 1 points

Player 3 plays 9S
Player 0 plays 7S
Player 1 plays 9H
Player 2 plays JS
Player 2 won the hand: 7 points

Player 2 plays 8C
Player 3 plays QC
Player 0 plays 10C
Player 1 plays JC
Player 1 won the hand: 4 points

Player 1 plays AH
Player 2 plays 9C
Player 3 plays 10D
Player 0 plays KS
Player 3 won the hand: 4 points

Player 3 plays 8S
Player 0 plays 10S
Player 1 plays 8D
Player 2 plays QS
Player 1 won the hand: 1 points

Player 1 plays QD
Player 2 plays 7C
Player 3 plays AC
Player 0 plays 9D
Player 0 won the hand: 3 points

Game 6 final points: Team A=13, Team B=15
Series cumulative game score so far: Team A=-3, Team B=0
Log saved to: c:\Users\laksh\Desktop\Projects\28bot\logs\game28\mcts_games\game_6_20250820_231308_303165.log
