
===== GAME 31 (20250825_100718_658437) =====

===== AUCTION =====
Pass (locked): Player 0 (min_allowed=16)
  bidding analysis:
    present_suits: D, C, S
    current_high=0  min_allowed=16  raise_delta=1
    overall: avg=13.38  p30=10.00  std=5.57
    failed_checks:
      D: p30 0.00 < 15; conf_mean 0.00 < 15
      C: p30 0.00 < 15; conf_mean 0.00 < 15
      S: p30 10.00 < 15; conf_mean 10.59 < 15
    reason: Pass: No suit meets thresholds. Best suit S has p30=10.00, conf_mean=10.59 below min_allowed=16 (current_high=0, raise_delta=+1). Failed checks for best suit: p30 10.00 < 15, conf_mean 10.59 < 15.
Pass (locked): Player 1 (min_allowed=16)
  bidding analysis:
    present_suits: H, D, C, S
    current_high=0  min_allowed=16  raise_delta=1
    overall: avg=14.67  p30=12.00  std=5.37
    failed_checks:
      H: p30 8.00 < 15; conf_mean 10.60 < 15
      D: p30 4.00 < 15; conf_mean 7.44 < 15
      C: p30 12.00 < 15; conf_mean 11.98 < 15
      S: p30 9.00 < 15; conf_mean 10.34 < 15
    reason: Pass: No suit meets thresholds. Best suit C has p30=12.00, conf_mean=11.98 below min_allowed=16 (current_high=0, raise_delta=+1). Failed checks for best suit: p30 12.00 < 15, conf_mean 11.98 < 15.
Bid: Player 2 proposes 18 (min_allowed=16)
  bidding analysis:
    present_suits: H, C
    current_high=0  min_allowed=16  raise_delta=1
    chosen_suit: H
    proposed_bid: 18
    overall: avg=19.25  p30=16.00  std=5.20
    suit_stats:
      H: pts=[25, 15, 24, 26, 16, 21 ...]  avg=19.25  p30=16.00  std=5.20
      C: pts=[]
    reason: Bid: Suit H meets thresholds (p30=16.00, conf_mean=16.65 >= min_allowed=16); conservative mapping max(p30, avg-1) -> 18. (current_high=0, raise_delta=+1)
Pass (locked): Player 3 (min_allowed=19)
  bidding analysis:
    present_suits: D, C, S
    current_high=18  min_allowed=19  raise_delta=1
    overall: avg=11.88  p30=5.00  std=6.77
    failed_checks:
      C: p30 0.00 < 18; conf_mean 0.00 < 18
      S: p30 5.00 < 18; conf_mean 8.49 < 18
    reason: Pass: No suit meets thresholds. Best suit S has p30=5.00, conf_mean=8.49 below min_allowed=19 (current_high=18, raise_delta=+1). Failed checks for best suit: p30 5.00 < 18, conf_mean 8.49 < 18.

AUCTION WINNER: Player 2 with bid 18; chooses trump H 
Details={'chosen': 'H', 'estimates': {'C': 9.0, 'H': 27.0}}
Player 0 hand :  ['QC', '9D', '8D', 'QS', 'QH', 'AS', 'JS', '8H']
Player 1 hand :  ['9H', '8C', '9S', '7D', 'KC', 'KD', 'QD', 'JD']
Player 2 hand :  ['KH', 'JC', '10H', 'AD', '7C', '10S', 'KS']
Player 3 hand :  ['7S', '9C', '8S', '10D', 'JH', 'AC', '10C', '7H']
Player 0 (auction 4 cards): ['QC', '9D', '8D', 'QS']
Player 1 (auction 4 cards): ['9H', '8C', '9S', '7D']
Player 2 (auction 4 cards): ['AH', 'KH', 'JC', '10H']
Player 3 (auction 4 cards): ['7S', '9C', '8S', '10D']
Auction winner (bidder): Player 2 with bid 18
Bidder sets concealed trump suit: H
Phase: concealed, bidder concealed card: AH

Player 0 plays QC
Player 1 plays 8C
Player 2 plays JC
Player 3 plays 9C
Player 2 won the hand: 5 points

Player 2 plays AD
Player 3 plays 10D
Player 0 plays 9D
Player 1 plays 7D
Player 0 won the hand: 4 points

Player 0 plays 8D
Player 1 plays KD
-- Phase 2 begins: Trump revealed as H by Player 2 on trick 3 --
Player 2 plays KH
Player 3 plays 7S
Player 2 won the hand: 0 points

Player 2 plays 10H
Player 3 plays JH
Player 0 plays QH
Player 1 plays 9H
Player 3 won the hand: 6 points

Player 3 plays 8S
Player 0 plays QS
Player 1 plays 9S
Player 2 plays 10S
Player 1 won the hand: 3 points

Player 1 plays KC
Player 2 plays 7C
Player 3 plays AC
Player 0 plays AS
Player 3 won the hand: 2 points

Player 3 plays 10C
Player 0 plays JS
Player 1 plays QD
Player 2 plays KS
Player 3 won the hand: 4 points

Player 3 plays 7H
Player 0 plays 8H
Player 1 plays JD
Player 2 plays AH
Player 2 won the hand: 4 points

Game 31 final points: Team A=13, Team B=15
Series cumulative game score so far: Team A=-7, Team B=-3
Log saved to: c:\Users\laksh\Desktop\Projects\28bot\logs\game28\mcts_games\game_31_20250825_100718_658437.log
