
===== GAME 33 (20250822_141624_556369) =====

===== AUCTION =====
Pass (locked): Player 0 (min_allowed=16)
  bidding analysis:
    present_suits: H, D, S
    current_high=0  min_allowed=16  raise_delta=1
    overall: avg=17.75  p30=15.00  std=7.40
    suit_stats:
      H: pts=[23, 7, 3, 20, 15, 22 ...]  avg=17.75  p30=15.00  std=7.40
      D: pts=[]
      S: pts=[]
    failed_checks:
      H: conf_mean 14.05 < 15
      D: p30 0.00 < 15; conf_mean 0.00 < 15
      S: p30 0.00 < 15; conf_mean 0.00 < 15
    reason: Pass: No suit meets thresholds. Best suit H has p30=15.00, conf_mean=14.05 below min_allowed=16 (current_high=0, raise_delta=+1). Failed checks for best suit: conf_mean 14.05 < 15.
Bid: Player 1 proposes 24 (min_allowed=16)
  bidding analysis:
    present_suits: H, D, C, S
    current_high=0  min_allowed=16  raise_delta=1
    chosen_suit: S
    proposed_bid: 24
    overall: avg=24.00  p30=24.00  std=0.00
    suit_stats:
      C: pts=[10]  avg=10.00  p30=10.00  std=0.00
      H: pts=[8]  avg=8.00  p30=8.00  std=0.00
      D: pts=[19]  avg=19.00  p30=19.00  std=0.00
      S: pts=[24]  avg=24.00  p30=24.00  std=0.00
    reason: Bid: Suit S meets thresholds (p30=24.00, conf_mean=24.00 >= min_allowed=16); conservative mapping max(p30, avg-1) -> 24. (current_high=0, raise_delta=+1)
Pass (locked): Player 2 (min_allowed=25)
  bidding analysis:
    present_suits: H, D
    current_high=24  min_allowed=25  raise_delta=1
    overall: avg=13.19  p30=10.00  std=5.63
    suit_stats:
      H: pts=[3, 10, 15, 14, 14, 23 ...]  avg=13.19  p30=10.00  std=5.63
      D: pts=[6]  avg=6.00  p30=6.00  std=0.00
    failed_checks:
      H: p30 10.00 < 24; conf_mean 10.37 < 24
      D: p30 6.00 < 24; conf_mean 6.00 < 24
    reason: Pass: No suit meets thresholds. Best suit H has p30=10.00, conf_mean=10.37 below min_allowed=25 (current_high=24, raise_delta=+1). Failed checks for best suit: p30 10.00 < 24, conf_mean 10.37 < 24.
Pass (locked): Player 3 (min_allowed=25)
  bidding analysis:
    present_suits: H, C
    current_high=24  min_allowed=25  raise_delta=1
    overall: avg=17.75  p30=15.00  std=3.93
    suit_stats:
      C: pts=[9, 15, 15, 21, 22, 21 ...]  avg=17.75  p30=15.00  std=3.93
      H: pts=[]
    failed_checks:
      H: p30 0.00 < 24; conf_mean 0.00 < 24
      C: p30 15.00 < 24; conf_mean 15.79 < 24
    reason: Pass: No suit meets thresholds. Best suit C has p30=15.00, conf_mean=15.79 below min_allowed=25 (current_high=24, raise_delta=+1). Failed checks for best suit: p30 15.00 < 24, conf_mean 15.79 < 24.

AUCTION WINNER: Player 1 with bid 24; chooses trump S 
Details={'chosen': 'S', 'estimates': {'S': 8.0, 'H': 5.0, 'C': 6.0, 'D': 5.0}}
Player 0 hand :  ['8S', 'JD', '10H', 'JH', '8D', '9C', '7D', '7C']
Player 1 hand :  ['8C', '9D', '9H', '7S', 'KC', '9S', 'QS']
Player 2 hand :  ['10D', 'KH', 'KD', '8H', 'QH', 'QD', '10S', '10C']
Player 3 hand :  ['QC', 'AH', 'AC', 'JC', '7H', 'JS', 'AS', 'AD']
Player 0 (auction 4 cards): ['8S', 'JD', '10H', 'JH']
Player 1 (auction 4 cards): ['8C', '9D', '9H', 'KS']
Player 2 (auction 4 cards): ['10D', 'KH', 'KD', '8H']
Player 3 (auction 4 cards): ['QC', 'AH', 'AC', 'JC']
Auction winner (bidder): Player 1 with bid 24
Bidder sets concealed trump suit: S
Phase: concealed, bidder concealed card: KS

Player 0 plays 8S
Player 1 plays 7S
Player 2 plays 10S
Player 3 plays JS
Player 3 won the hand: 4 points

Player 3 plays QC
Player 0 plays 9C
Player 1 plays 8C
Player 2 plays 10C
Player 0 won the hand: 3 points

Player 0 plays JD
Player 1 plays 9D
Player 2 plays 10D
Player 3 plays AD
Player 0 won the hand: 7 points

Player 0 plays 10H
Player 1 plays 9H
Player 2 plays KH
Player 3 plays AH
Player 1 won the hand: 4 points

Player 1 plays KC
Player 2 plays KD
Player 3 plays AC
Player 0 plays 7C
Player 3 won the hand: 1 points

Player 3 plays JC
Player 0 plays JH
-- Phase 2 begins: Trump revealed as S by Player 1 on trick 6 --
Player 1 plays 9S
Player 2 plays 8H
Player 1 won the hand: 8 points

Player 1 plays QS
Player 2 plays QH
Player 3 plays AS
Player 0 plays 8D
Player 3 won the hand: 1 points

Player 3 plays 7H
Player 0 plays 7D
Player 1 plays KS
Player 2 plays QD
Player 1 won the hand: 0 points

Game 33 final points: Team A=10, Team B=18
Series cumulative game score so far: Team A=-7, Team B=2
Log saved to: c:\Users\laksh\Desktop\Projects\28bot\logs\game28\mcts_games\game_33_20250822_141624_556369.log
