
===== GAME 1 (20250819_154206_486208) =====

===== AUCTION =====
Pass (locked): Player 0 (min_allowed=16)
  bidding analysis:
    present_suits: D, C, S
    current_high=0  min_allowed=16  raise_delta=1
    overall: avg=12.25  p30=11.00  std=4.38
    suit_stats:
      D: pts=[16, 15, 7, 5]  avg=10.75  p30=7.00  std=4.82
      S: pts=[14, 11, 6, 18]  avg=12.25  p30=11.00  std=4.38
      C: pts=[5, 10, 18, 10]  avg=10.75  p30=10.00  std=4.66
    failed_checks:
      D: p30 7.00 < 15; conf_mean 8.34 < 15
      C: p30 10.00 < 15; conf_mean 8.42 < 15
      S: p30 11.00 < 15; conf_mean 10.06 < 15
    reason: Pass: No suit meets thresholds. Best suit S has p30=11.00, conf_mean=10.06 below min_allowed=16 (current_high=0, raise_delta=+1). Failed checks for best suit: p30 11.00 < 15, conf_mean 10.06 < 15.
Pass (locked): Player 1 (min_allowed=16)
  bidding analysis:
    present_suits: H, D, S
    current_high=0  min_allowed=16  raise_delta=1
    overall: avg=11.25  p30=9.00  std=8.26
    suit_stats:
      S: pts=[23, 13, 0, 9]  avg=11.25  p30=9.00  std=8.26
      D: pts=[0, 16, 8, 24]  avg=12.00  p30=8.00  std=8.94
      H: pts=[8, 6, 9, 0]  avg=5.75  p30=6.00  std=3.49
    failed_checks:
      H: p30 6.00 < 15; conf_mean 4.00 < 15
      D: p30 8.00 < 15; conf_mean 7.53 < 15
      S: p30 9.00 < 15; conf_mean 7.12 < 15
    reason: Pass: No suit meets thresholds. Best suit S has p30=9.00, conf_mean=7.12 below min_allowed=16 (current_high=0, raise_delta=+1). Failed checks for best suit: p30 9.00 < 15, conf_mean 7.12 < 15.
Pass (locked): Player 2 (min_allowed=16)
  bidding analysis:
    present_suits: H, D, C
    current_high=0  min_allowed=16  raise_delta=1
    overall: avg=9.25  p30=6.00  std=7.66
    suit_stats:
      H: pts=[15, 11, 0, 5]  avg=7.75  p30=5.00  std=5.72
      C: pts=[6, 0, 10, 21]  avg=9.25  p30=6.00  std=7.66
      D: pts=[0, 0, 0, 11]  avg=2.75  p30=0.00  std=4.76
    failed_checks:
      H: p30 5.00 < 15; conf_mean 4.89 < 15
      D: p30 0.00 < 15; conf_mean 0.37 < 15
      C: p30 6.00 < 15; conf_mean 5.42 < 15
    reason: Pass: No suit meets thresholds. Best suit C has p30=6.00, conf_mean=5.42 below min_allowed=16 (current_high=0, raise_delta=+1). Failed checks for best suit: p30 6.00 < 15, conf_mean 5.42 < 15.
Pass (locked): Player 3 (min_allowed=16)
  bidding analysis:
    present_suits: H, C, S
    current_high=0  min_allowed=16  raise_delta=1
    overall: avg=15.00  p30=16.00  std=3.54
    suit_stats:
      C: pts=[15, 0, 16, 0]  avg=7.75  p30=0.00  std=7.76
      H: pts=[16, 17, 9, 18]  avg=15.00  p30=16.00  std=3.54
      S: pts=[18, 6, 16, 18]  avg=14.50  p30=16.00  std=4.97
    failed_checks:
      H: conf_mean 13.23 < 15
      C: p30 0.00 < 15; conf_mean 3.87 < 15
      S: conf_mean 12.01 < 15
    reason: Pass: No suit meets thresholds. Best suit H has p30=16.00, conf_mean=13.23 below min_allowed=16 (current_high=0, raise_delta=+1). Failed checks for best suit: conf_mean 13.23 < 15.
Forced bid: All players passed. Player 0 takes minimum bid 16.

AUCTION WINNER: Player 0 with bid 16; chooses trump D 
Details={'chosen': 'D', 'estimates': {'D': 12, 'C': 5, 'S': 3}}
Player 0 hand :  ['JD', '10C', 'KS', 'AS', 'JH', '8D', '9D']
Player 1 hand :  ['7D', '7S', 'QH', '10S', 'AD', 'AC', '10H', '10D']
Player 2 hand :  ['9C', 'QD', 'KC', '7H', '8C', 'QS', 'JS', '9S']
Player 3 hand :  ['JC', 'AH', '8H', '8S', '9H', 'QC', '7C', 'KH']
Player 0 (auction 4 cards): ['JD', 'KD', '10C', 'KS']
Player 1 (auction 4 cards): ['7D', '7S', 'QH', '10S']
Player 2 (auction 4 cards): ['9C', 'QD', 'KC', '7H']
Player 3 (auction 4 cards): ['JC', 'AH', '8H', '8S']
Auction winner (bidder): Player 0 with bid 16
Bidder sets concealed trump suit: D
Phase: concealed, bidder concealed card: KD

Player 0 plays 10C
Player 1 plays AC
Player 2 plays 9C
Player 3 plays JC
Player 3 won the hand: 7 points

Player 3 plays AH
Player 0 plays JH
Player 1 plays QH
Player 2 plays 7H
Player 0 won the hand: 4 points

Player 0 plays KS
Player 1 plays 7S
Player 2 plays QS
Player 3 plays 8S
Player 0 won the hand: 0 points

Player 0 plays AS
Player 1 plays 10S
Player 2 plays JS
Player 3 plays 8H
Player 2 won the hand: 5 points

Player 2 plays QD
Player 3 plays 9H
Player 0 plays JD
Player 1 plays 7D
Player 0 won the hand: 5 points

Player 0 plays 8D
Player 1 plays AD
Player 2 plays KC
Player 3 plays QC
Player 1 won the hand: 1 points

Player 1 plays 10H
Player 2 plays 8C
Player 3 plays KH
-- Phase 2 begins: Trump revealed as D by Player 0 on trick 7 --
Player 0 plays 9D
Player 0 won the hand: 3 points

Player 0 plays KD
Player 1 plays 10D
Player 2 plays 9S
