
===== GAME 17 (20250823_181931_715346) =====

===== AUCTION =====
Pass (locked): Player 0 (min_allowed=16)
  bidding analysis:
    present_suits: D, S
    current_high=0  min_allowed=16  raise_delta=1
    overall: avg=16.69  p30=14.00  std=5.49
    suit_stats:
      D: pts=[19, 19, 17, 12, 9, 25 ...]  avg=16.69  p30=14.00  std=5.49
      S: pts=[14]  avg=14.00  p30=14.00  std=0.00
    failed_checks:
      D: p30 14.00 < 15; conf_mean 13.94 < 15
      S: p30 14.00 < 15; conf_mean 14.00 < 15
    reason: Pass: No suit meets thresholds. Best suit D has p30=14.00, conf_mean=13.94 below min_allowed=16 (current_high=0, raise_delta=+1). Failed checks for best suit: p30 14.00 < 15, conf_mean 13.94 < 15.
Pass (locked): Player 1 (min_allowed=16)
  bidding analysis:
    present_suits: H, C, S
    current_high=0  min_allowed=16  raise_delta=1
    overall: avg=15.94  p30=11.00  std=6.49
    suit_stats:
      C: pts=[8, 16, 23, 11, 18, 27 ...]  avg=15.94  p30=11.00  std=6.49
      H: pts=[]
      S: pts=[]
    failed_checks:
      H: p30 0.00 < 15; conf_mean 0.00 < 15
      C: p30 11.00 < 15; conf_mean 12.69 < 15
      S: p30 0.00 < 15; conf_mean 0.00 < 15
    reason: Pass: No suit meets thresholds. Best suit C has p30=11.00, conf_mean=12.69 below min_allowed=16 (current_high=0, raise_delta=+1). Failed checks for best suit: p30 11.00 < 15, conf_mean 12.69 < 15.
Pass (locked): Player 2 (min_allowed=16)
  bidding analysis:
    present_suits: H, D
    current_high=0  min_allowed=16  raise_delta=1
    overall: avg=13.00  p30=13.00  std=0.00
    suit_stats:
      D: pts=[13, 6, 6, 10, 24, 21 ...]  avg=13.81  p30=8.00  std=6.33
      H: pts=[13]  avg=13.00  p30=13.00  std=0.00
    failed_checks:
      H: p30 13.00 < 15; conf_mean 13.00 < 15
      D: p30 8.00 < 15; conf_mean 10.65 < 15
    reason: Pass: No suit meets thresholds. Best suit H has p30=13.00, conf_mean=13.00 below min_allowed=16 (current_high=0, raise_delta=+1). Failed checks for best suit: p30 13.00 < 15, conf_mean 13.00 < 15.
Pass (locked): Player 3 (min_allowed=16)
  bidding analysis:
    present_suits: H, S
    current_high=0  min_allowed=16  raise_delta=1
    overall: avg=15.44  p30=12.00  std=6.53
    suit_stats:
      S: pts=[22, 12, 14, 19, 15, 28 ...]  avg=15.44  p30=12.00  std=6.53
      H: pts=[]
    failed_checks:
      H: p30 0.00 < 15; conf_mean 0.00 < 15
      S: p30 12.00 < 15; conf_mean 12.17 < 15
    reason: Pass: No suit meets thresholds. Best suit S has p30=12.00, conf_mean=12.17 below min_allowed=16 (current_high=0, raise_delta=+1). Failed checks for best suit: p30 12.00 < 15, conf_mean 12.17 < 15.
Forced bid: All players passed. Player 0 takes minimum bid 16.

AUCTION WINNER: Player 0 with bid 16; chooses trump D 
Details={'chosen': 'D', 'estimates': {'S': 8.0, 'D': 19.0}}
Player 0 hand :  ['8D', 'JS', '7S', '9S', '8H', '7C', '7D']
Player 1 hand :  ['QC', 'KC', '8S', 'QH', '9D', 'JH', 'JC', '10S']
Player 2 hand :  ['QD', 'AH', 'AD', 'KH', 'AC', '10C', '7H', '8C']
Player 3 hand :  ['AS', 'QS', '9H', 'KS', '10D', '9C', '10H', 'JD']
Player 0 (auction 4 cards): ['8D', 'JS', 'KD', '7S']
Player 1 (auction 4 cards): ['QC', 'KC', '8S', 'QH']
Player 2 (auction 4 cards): ['QD', 'AH', 'AD', 'KH']
Player 3 (auction 4 cards): ['AS', 'QS', '9H', 'KS']
Auction winner (bidder): Player 0 with bid 16
Bidder sets concealed trump suit: D
Phase: concealed, bidder concealed card: KD

Player 0 plays JS
Player 1 plays 8S
-- Phase 2 begins: Trump revealed as D by Player 2 on trick 1 --
Player 2 plays QD
Player 3 plays AS
Player 2 won the hand: 4 points

Player 2 plays AH
Player 3 plays 9H
Player 0 plays 8H
Player 1 plays QH
Player 3 won the hand: 3 points

Player 3 plays QS
Player 0 plays 7S
Player 1 plays 10S
Player 2 plays AD
Player 2 won the hand: 2 points

Player 2 plays KH
Player 3 plays 10H
Player 0 plays 8D
Player 1 plays JH
Player 0 won the hand: 4 points

Player 0 plays 9S
Player 1 plays QC
Player 2 plays AC
Player 3 plays KS
Player 0 won the hand: 3 points

Player 0 plays 7C
Player 1 plays KC
Player 2 plays 10C
Player 3 plays 9C
Player 3 won the hand: 3 points

Player 3 plays 10D
Player 0 plays 7D
Player 1 plays 9D
Player 2 plays 7H
Player 1 won the hand: 3 points

Player 1 plays JC
Player 2 plays 8C
Player 3 plays JD
Player 0 plays KD
Player 3 won the hand: 6 points

Game 17 final points: Team A=13, Team B=15
Series cumulative game score so far: Team A=-4, Team B=-2
Log saved to: c:\Users\laksh\Desktop\Projects\28bot\logs\game28\mcts_games\game_17_20250823_181931_715346.log
