
===== GAME 3 (20250819_132952_373136) =====
Pass (locked): Player 0 (min_allowed=16)
  bidding analysis:
    present_suits: H, D, S
    current_high=0  min_allowed=16  raise_delta=2
    overall: avg=13.75  p30=10.00  std=9.76
    suit_stats:
      H: pts=[10, 19, 0, 26]  avg=13.75  p30=10.00  std=9.76
      D: pts=[0, 0, 12, 0]  avg=3.00  p30=0.00  std=5.20
      S: pts=[0, 9, 0, 15]  avg=6.00  p30=0.00  std=6.36
    failed_checks:
      H: p30 10.00 < 15; conf_mean 8.87 < 15
      D: p30 0.00 < 15; conf_mean 0.40 < 15
      S: p30 0.00 < 15; conf_mean 2.82 < 15
    reason: Pass: No suit meets thresholds. Best suit H has p30=10.00, conf_mean=8.87 below min_allowed=16 (current_high=0, raise_delta=2). Failed checks for best suit: p30 10.00 < 15, conf_mean 8.87 < 15.
Bid: Player 1 proposes 23 (min_allowed=16)
  bidding analysis:
    present_suits: H, D, C, S
    current_high=0  min_allowed=16  raise_delta=2
    chosen_suit: H
    proposed_bid: 23
    overall: avg=22.50  p30=23.00  std=4.56
    suit_stats:
      H: pts=[23, 27, 15, 25]  avg=22.50  p30=23.00  std=4.56
      D: pts=[28, 22, 0, 19]  avg=17.25  p30=19.00  std=10.47
      C: pts=[24, 22, 0, 16]  avg=15.50  p30=16.00  std=9.42
      S: pts=[11, 0, 22, 0]  avg=8.25  p30=0.00  std=9.12
    reason: Bid: Suit H meets thresholds (p30=23.00, conf_mean=20.22 >= min_allowed=16); conservative mapping max(p30, avg-1) -> 23. (current_high=0, raise_delta=2)
Pass (locked): Player 2 (min_allowed=24)
  bidding analysis:
    present_suits: D, C, S
    current_high=23  min_allowed=24  raise_delta=1
    overall: avg=13.75  p30=10.00  std=3.77
    suit_stats:
      D: pts=[0, 25, 0, 0]  avg=6.25  p30=0.00  std=10.83
      C: pts=[18, 0, 7, 12]  avg=9.25  p30=7.00  std=6.61
      S: pts=[10, 18, 17, 10]  avg=13.75  p30=10.00  std=3.77
    failed_checks:
      D: p30 0.00 < 23; conf_mean 0.84 < 23
      C: p30 7.00 < 23; conf_mean 5.95 < 23
      S: p30 10.00 < 23; conf_mean 11.87 < 23
    reason: Pass: No suit meets thresholds. Best suit S has p30=10.00, conf_mean=11.87 below min_allowed=24 (current_high=23, raise_delta=1). Failed checks for best suit: p30 10.00 < 23, conf_mean 11.87 < 23.
Pass (locked): Player 3 (min_allowed=24)
  bidding analysis:
    present_suits: H, D, C
    current_high=23  min_allowed=24  raise_delta=1
    overall: avg=7.75  p30=7.00  std=5.36
    suit_stats:
      H: pts=[4, 6, 18, 5]  avg=8.25  p30=5.00  std=5.67
      D: pts=[0, 7, 15, 9]  avg=7.75  p30=7.00  std=5.36
      C: pts=[0, 10, 16, 0]  avg=6.50  p30=0.00  std=6.84
    failed_checks:
      H: p30 5.00 < 23; conf_mean 5.41 < 23
      D: p30 7.00 < 23; conf_mean 5.07 < 23
      C: p30 0.00 < 23; conf_mean 3.08 < 23
    reason: Pass: No suit meets thresholds. Best suit D has p30=7.00, conf_mean=5.07 below min_allowed=24 (current_high=23, raise_delta=1). Failed checks for best suit: p30 7.00 < 23, conf_mean 5.07 < 23.
Auction winner: Player 1 with bid 23; chooses trump H – details={'chosen': 'H', 'estimates': {'H': 9, 'D': 9, 'C': 3, 'S': 9}}
Player 0 hand :  ['AH', '8H', 'AD', 'KS', '7C', '10D', '9C', 'AC']
Player 1 hand :  ['JS', 'JD', 'QC', 'QH', 'KH', '9S', '7H']
Player 2 hand :  ['10S', 'QS', 'KD', '8C', '8D', '9H', 'AS', 'JC']
Player 3 hand :  ['10H', 'KC', '7D', '10C', 'QD', '8S', '9D', '7S']
Player 0 (auction 4 cards): ['AH', '8H', 'AD', 'KS']
Player 1 (auction 4 cards): ['JS', 'JH', 'JD', 'QC']
Player 2 (auction 4 cards): ['10S', 'QS', 'KD', '8C']
Player 3 (auction 4 cards): ['10H', 'KC', '7D', '10C']
Auction winner (bidder): Player 1 with bid 23
Bidder sets concealed trump suit: H
Phase: concealed, bidder concealed card: JH

Player 0 plays AH
Player 1 plays QH
Player 2 plays 9H
Player 3 plays 10H
Player 2 won the hand: 4 points

Player 2 plays QS
Player 3 plays 8S
Player 0 plays KS
Player 1 plays JS
Player 1 won the hand: 3 points

Player 1 plays JD
Player 2 plays KD
Player 3 plays 7D
Player 0 plays AD
Player 1 won the hand: 4 points

Player 1 plays QC
Player 2 plays 8C
Player 3 plays KC
Player 0 plays 9C
Player 0 won the hand: 2 points

Player 0 plays 8H
Player 1 plays KH
Player 2 plays 10S
Player 3 plays 10C
Player 1 won the hand: 2 points

Player 1 plays 9S
Player 2 plays AS
Player 3 plays 7S
Player 0 plays 7C
Player 1 won the hand: 3 points

Player 1 plays 7H
Player 2 plays 8D
Player 3 plays QD
Player 0 plays 10D
Player 1 won the hand: 1 points

Round declared invalid: trump never exposed by end of 7th trick.
Game 3 final points: Team A=0, Team B=0
Series cumulative game score so far: Team A=2, Team B=0
Log saved to: c:\Users\laksh\Desktop\Projects\28bot\logs\game28\mcts_games\game_3_20250819_132952_373136.log
