
===== GAME 14 (20250819_220414_058280) =====

===== AUCTION =====
Pass (locked): Player 0 (min_allowed=16)
  bidding analysis:
    present_suits: H, C, S
    current_high=0  min_allowed=16  raise_delta=1
    overall: avg=4.50  p30=0.00  std=6.18
    suit_stats:
      S: pts=[0, 0, 15, 3]  avg=4.50  p30=0.00  std=6.18
      H: pts=[]
      C: pts=[]
    failed_checks:
      H: p30 0.00 < 15; conf_mean 0.00 < 15
      C: p30 0.00 < 15; conf_mean 0.00 < 15
      S: p30 0.00 < 15; conf_mean 1.41 < 15
    reason: Pass: No suit meets thresholds. Best suit S has p30=0.00, conf_mean=1.41 below min_allowed=16 (current_high=0, raise_delta=+1). Failed checks for best suit: p30 0.00 < 15, conf_mean 1.41 < 15.
Pass (locked): Player 1 (min_allowed=16)
  bidding analysis:
    present_suits: H, C, S
    current_high=0  min_allowed=16  raise_delta=1
    overall: avg=14.25  p30=15.00  std=9.28
    suit_stats:
      C: pts=[16, 26, 0, 15]  avg=14.25  p30=15.00  std=9.28
      H: pts=[]
      S: pts=[]
    failed_checks:
      H: p30 0.00 < 15; conf_mean 0.00 < 15
      C: conf_mean 9.61 < 15
      S: p30 0.00 < 15; conf_mean 0.00 < 15
    reason: Pass: No suit meets thresholds. Best suit C has p30=15.00, conf_mean=9.61 below min_allowed=16 (current_high=0, raise_delta=+1). Failed checks for best suit: conf_mean 9.61 < 15.
Pass (locked): Player 2 (min_allowed=16)
  bidding analysis:
    present_suits: H, D, C, S
    current_high=0  min_allowed=16  raise_delta=1
    overall: avg=12.17  p30=5.00  std=8.88
    suit_stats:
      C: pts=[0, 8, 13, 16, 19, 0]  avg=9.33  p30=0.00  std=7.39
      S: pts=[25, 0, 15, 4, 21, 14]  avg=13.17  p30=4.00  std=8.78
      H: pts=[28, 10, 5, 0, 14, 16]  avg=12.17  p30=5.00  std=8.88
      D: pts=[0, 3, 0, 7, 5, 0]  avg=2.50  p30=0.00  std=2.75
    failed_checks:
      H: p30 5.00 < 15; conf_mean 7.73 < 15
      D: p30 0.00 < 15; conf_mean 1.12 < 15
      C: p30 0.00 < 15; conf_mean 5.64 < 15
      S: p30 4.00 < 15; conf_mean 8.78 < 15
    reason: Pass: No suit meets thresholds. Best suit H has p30=5.00, conf_mean=7.73 below min_allowed=16 (current_high=0, raise_delta=+1). Failed checks for best suit: p30 5.00 < 15, conf_mean 7.73 < 15.
Pass (locked): Player 3 (min_allowed=16)
  bidding analysis:
    present_suits: H, D, S
    current_high=0  min_allowed=16  raise_delta=1
    overall: avg=16.00  p30=15.00  std=7.52
    suit_stats:
      H: pts=[15, 5, 18, 26]  avg=16.00  p30=15.00  std=7.52
      D: pts=[]
      S: pts=[]
    failed_checks:
      H: conf_mean 12.24 < 15
      D: p30 0.00 < 15; conf_mean 0.00 < 15
      S: p30 0.00 < 15; conf_mean 0.00 < 15
    reason: Pass: No suit meets thresholds. Best suit H has p30=15.00, conf_mean=12.24 below min_allowed=16 (current_high=0, raise_delta=+1). Failed checks for best suit: conf_mean 12.24 < 15.
Forced bid: All players passed. Player 0 takes minimum bid 16.

AUCTION WINNER: Player 0 with bid 16; chooses trump H 
Details={'chosen': 'H', 'estimates': {'C': 8.166666666666666, 'S': 8.666666666666666, 'H': 13.333333333333334}}
Player 0 hand :  ['7S', '10S', '10C', '7C', 'QS', 'AC', '8C']
Player 1 hand :  ['9C', '9H', '8S', 'JC', 'JD', 'KD', 'AD', 'QD']
Player 2 hand :  ['7D', 'KS', 'KC', '7H', 'KH', 'AS', '8D', '10H']
Player 3 hand :  ['9S', '10D', '8H', 'JH', 'QC', 'JS', 'QH', '9D']
Player 0 (auction 4 cards): ['7S', '10S', 'AH', '10C']
Player 1 (auction 4 cards): ['9C', '9H', '8S', 'JC']
Player 2 (auction 4 cards): ['7D', 'KS', 'KC', '7H']
Player 3 (auction 4 cards): ['9S', '10D', '8H', 'JH']
Auction winner (bidder): Player 0 with bid 16
Bidder sets concealed trump suit: H
Phase: concealed, bidder concealed card: AH

Player 0 plays 7S
Player 1 plays 8S
Player 2 plays KS
Player 3 plays 9S
Player 3 won the hand: 2 points

Player 3 plays 10D
Player 0 plays 10S
Player 1 plays JD
Player 2 plays 7D
Player 1 won the hand: 5 points

Player 1 plays 9C
Player 2 plays KC
Player 3 plays QC
Player 0 plays 10C
Player 1 won the hand: 3 points

Player 1 plays 9H
Player 2 plays 7H
Player 3 plays 8H
Player 0 plays 7C
Player 1 won the hand: 2 points

Player 1 plays JC
-- Phase 2 begins: Trump revealed as H by Player 2 on trick 5 --
Player 2 plays KH
Player 3 plays JH
Player 0 plays AC
Player 3 won the hand: 7 points

Player 3 plays JS
Player 0 plays QS
Player 1 plays KD
Player 2 plays AS
Player 3 won the hand: 4 points

Player 3 plays QH
Player 0 plays AH
Player 1 plays AD
Player 2 plays 10H
Player 0 won the hand: 3 points

Player 0 plays 8C
Player 1 plays QD
Player 2 plays 8D
Player 3 plays 9D
Player 0 won the hand: 2 points

Game 14 final points: Team A=5, Team B=23
Series cumulative game score so far: Team A=-3, Team B=-1
Log saved to: c:\Users\laksh\Desktop\Projects\28bot\logs\game28\mcts_games\game_14_20250819_220414_058280.log
