
===== GAME 37 (20250822_142439_404917) =====

===== AUCTION =====
Pass (locked): Player 0 (min_allowed=16)
  bidding analysis:
    present_suits: D, C
    current_high=0  min_allowed=16  raise_delta=1
    overall: avg=18.56  p30=14.00  std=4.95
    suit_stats:
      D: pts=[27, 19, 13, 13, 22, 24 ...]  avg=18.56  p30=14.00  std=4.95
      C: pts=[]
    failed_checks:
      D: p30 14.00 < 15
      C: p30 0.00 < 15; conf_mean 0.00 < 15
    reason: Pass: No suit meets thresholds. Best suit D has p30=14.00, conf_mean=16.09 below min_allowed=16 (current_high=0, raise_delta=+1). Failed checks for best suit: p30 14.00 < 15.
Pass (locked): Player 1 (min_allowed=16)
  bidding analysis:
    present_suits: D, C, S
    current_high=0  min_allowed=16  raise_delta=1
    overall: avg=11.69  p30=9.00  std=4.47
    suit_stats:
      C: pts=[8, 14, 15, 14, 14, 21 ...]  avg=11.69  p30=9.00  std=4.47
      D: pts=[]
      S: pts=[]
    failed_checks:
      D: p30 0.00 < 15; conf_mean 0.00 < 15
      C: p30 9.00 < 15; conf_mean 9.45 < 15
      S: p30 0.00 < 15; conf_mean 0.00 < 15
    reason: Pass: No suit meets thresholds. Best suit C has p30=9.00, conf_mean=9.45 below min_allowed=16 (current_high=0, raise_delta=+1). Failed checks for best suit: p30 9.00 < 15, conf_mean 9.45 < 15.
Bid: Player 2 proposes 17 (min_allowed=16)
  bidding analysis:
    present_suits: H, S
    current_high=0  min_allowed=16  raise_delta=1
    chosen_suit: H
    proposed_bid: 17
    overall: avg=18.50  p30=16.00  std=5.57
    suit_stats:
      H: pts=[20, 18, 22, 20, 18, 25 ...]  avg=18.50  p30=16.00  std=5.57
      S: pts=[]
    reason: Bid: Suit H meets thresholds (p30=16.00, conf_mean=15.72 >= min_allowed=16); conservative mapping max(p30, avg-1) -> 17. (current_high=0, raise_delta=+1)
Pass (locked): Player 3 (min_allowed=18)
  bidding analysis:
    present_suits: D, C, S
    current_high=17  min_allowed=18  raise_delta=1
    overall: avg=18.62  p30=16.00  std=3.04
    failed_checks:
      D: p30 0.00 < 17; conf_mean 0.00 < 17
      C: p30 16.00 < 17
    reason: Pass: No suit meets thresholds. Best suit C has p30=16.00, conf_mean=17.11 below min_allowed=18 (current_high=17, raise_delta=+1). Failed checks for best suit: p30 16.00 < 17.

AUCTION WINNER: Player 2 with bid 17; chooses trump H 
Details={'chosen': 'H', 'estimates': {'H': 17.0, 'S': 16.0}}
Player 0 hand :  ['8C', 'JD', 'KD', 'AD', '7S', '7H', '7C', 'AC']
Player 1 hand :  ['QS', '9C', 'QD', 'QC', '10C', '9H', '8S', '10H']
Player 2 hand :  ['JH', '8H', 'KS', '9S', 'QH', '7D', 'JS']
Player 3 hand :  ['JC', 'AS', '9D', '10D', 'KH', '8D', '10S', 'KC']
Player 0 (auction 4 cards): ['8C', 'JD', 'KD', 'AD']
Player 1 (auction 4 cards): ['QS', '9C', 'QD', 'QC']
Player 2 (auction 4 cards): ['JH', '8H', 'KS', 'AH']
Player 3 (auction 4 cards): ['JC', 'AS', '9D', '10D']
Auction winner (bidder): Player 2 with bid 17
Bidder sets concealed trump suit: H
Phase: concealed, bidder concealed card: AH

Player 0 plays 8C
Player 1 plays 9C
-- Phase 2 begins: Trump revealed as H by Player 2 on trick 1 --
Player 2 plays JH
Player 3 plays JC
Player 2 won the hand: 8 points

Player 2 plays 8H
Player 3 plays KH
Player 0 plays 7H
Player 1 plays 9H
Player 1 won the hand: 2 points

Player 1 plays QS
Player 2 plays KS
Player 3 plays AS
Player 0 plays 7S
Player 3 won the hand: 1 points

Player 3 plays 9D
Player 0 plays JD
Player 1 plays QD
Player 2 plays 7D
Player 0 won the hand: 5 points

Player 0 plays KD
Player 1 plays QC
Player 2 plays 9S
Player 3 plays 10D
Player 3 won the hand: 3 points

Player 3 plays 8D
Player 0 plays AD
Player 1 plays 10C
Player 2 plays QH
Player 2 won the hand: 2 points

Player 2 plays JS
Player 3 plays 10S
Player 0 plays 7C
Player 1 plays 8S
Player 2 won the hand: 4 points

Player 2 plays AH
Player 3 plays KC
Player 0 plays AC
Player 1 plays 10H
Player 2 won the hand: 3 points

Game 37 final points: Team A=22, Team B=6
Series cumulative game score so far: Team A=-9, Team B=3
Log saved to: c:\Users\laksh\Desktop\Projects\28bot\logs\game28\mcts_games\game_37_20250822_142439_404917.log
