
===== GAME 17 (20250822_134512_789914) =====

===== AUCTION =====
Pass (locked): Player 0 (min_allowed=16)
  bidding analysis:
    present_suits: H, S
    current_high=0  min_allowed=16  raise_delta=1
    overall: avg=13.88  p30=11.00  std=5.35
    suit_stats:
      H: pts=[15, 13, 12, 18, 5, 15 ...]  avg=13.88  p30=11.00  std=5.35
      S: pts=[]
    failed_checks:
      H: p30 11.00 < 15; conf_mean 11.20 < 15
      S: p30 0.00 < 15; conf_mean 0.00 < 15
    reason: Pass: No suit meets thresholds. Best suit H has p30=11.00, conf_mean=11.20 below min_allowed=16 (current_high=0, raise_delta=+1). Failed checks for best suit: p30 11.00 < 15, conf_mean 11.20 < 15.
Pass (locked): Player 1 (min_allowed=16)
  bidding analysis:
    present_suits: H, D, C
    current_high=0  min_allowed=16  raise_delta=1
    overall: avg=0.00  p30=0.00  std=0.00
    failed_checks:
      H: p30 0.00 < 15; conf_mean 0.00 < 15
      D: p30 0.00 < 15; conf_mean 0.00 < 15
    reason: Pass: No suit meets thresholds. Best suit H has p30=0.00, conf_mean=0.00 below min_allowed=16 (current_high=0, raise_delta=+1). Failed checks for best suit: p30 0.00 < 15, conf_mean 0.00 < 15.
Pass (locked): Player 2 (min_allowed=16)
  bidding analysis:
    present_suits: D, C, S
    current_high=0  min_allowed=16  raise_delta=1
    overall: avg=0.00  p30=0.00  std=0.00
    failed_checks:
      D: p30 0.00 < 15; conf_mean 0.00 < 15
      S: p30 0.00 < 15; conf_mean 0.00 < 15
    reason: Pass: No suit meets thresholds. Best suit D has p30=0.00, conf_mean=0.00 below min_allowed=16 (current_high=0, raise_delta=+1). Failed checks for best suit: p30 0.00 < 15, conf_mean 0.00 < 15.
Pass (locked): Player 3 (min_allowed=16)
  bidding analysis:
    present_suits: H, D, C
    current_high=0  min_allowed=16  raise_delta=1
    overall: avg=13.88  p30=13.00  std=3.02
    failed_checks:
      H: p30 13.00 < 15; conf_mean 12.37 < 15
      D: p30 0.00 < 15; conf_mean 0.00 < 15
    reason: Pass: No suit meets thresholds. Best suit H has p30=13.00, conf_mean=12.37 below min_allowed=16 (current_high=0, raise_delta=+1). Failed checks for best suit: p30 13.00 < 15, conf_mean 12.37 < 15.
Forced bid: All players passed. Player 0 takes minimum bid 16.

AUCTION WINNER: Player 0 with bid 16; chooses trump H 
Details={'chosen': 'H', 'estimates': {'H': 18.0, 'S': 5.0}}
Player 0 hand :  ['8S', '7H', '8H', '8D', 'AC', 'JH', '7D']
Player 1 hand :  ['JC', 'QH', 'AD', '10C', '10S', 'KS', 'JD', '7S']
Player 2 hand :  ['9S', 'JS', 'KD', '8C', 'QC', '9D', 'QS', '9C']
Player 3 hand :  ['KC', 'KH', '10D', '9H', 'AS', 'QD', '10H', '7C']
Player 0 (auction 4 cards): ['8S', 'AH', '7H', '8H']
Player 1 (auction 4 cards): ['JC', 'QH', 'AD', '10C']
Player 2 (auction 4 cards): ['9S', 'JS', 'KD', '8C']
Player 3 (auction 4 cards): ['KC', 'KH', '10D', '9H']
Auction winner (bidder): Player 0 with bid 16
Bidder sets concealed trump suit: H
Phase: concealed, bidder concealed card: AH

Player 0 plays 8S
Player 1 plays 10S
Player 2 plays 9S
Player 3 plays AS
Player 2 won the hand: 4 points

Player 2 plays JS
Player 3 plays KC
-- Phase 2 begins: Trump revealed as H by Player 0 on trick 2 --
Player 0 plays 7H
Player 1 plays KS
Player 0 won the hand: 3 points

Player 0 plays 8H
Player 1 plays QH
Player 2 plays KD
Player 3 plays KH
Player 3 won the hand: 0 points

Player 3 plays 10D
Player 0 plays 8D
Player 1 plays AD
Player 2 plays 9D
Player 2 won the hand: 4 points

Player 2 plays 8C
Player 3 plays 7C
Player 0 plays AC
Player 1 plays JC
Player 1 won the hand: 4 points

Player 1 plays 10C
Player 2 plays QC
Player 3 plays 9H
Player 0 plays JH
Player 0 won the hand: 6 points

Player 0 plays 7D
Player 1 plays JD
Player 2 plays QS
Player 3 plays QD
Player 1 won the hand: 3 points

Player 1 plays 7S
Player 2 plays 9C
Player 3 plays 10H
Player 0 plays AH
Player 0 won the hand: 4 points

Game 17 final points: Team A=21, Team B=7
Series cumulative game score so far: Team A=-2, Team B=0
Log saved to: c:\Users\laksh\Desktop\Projects\28bot\logs\game28\mcts_games\game_17_20250822_134512_789914.log
