
===== GAME 5 (20250822_000204_802176) =====

===== AUCTION =====
Pass (locked): Player 0 (min_allowed=16)
  bidding analysis:
    present_suits: H, C, S
    current_high=0  min_allowed=16  raise_delta=1
    overall: avg=15.75  p30=13.00  std=6.38
    suit_stats:
      C: pts=[8, 13, 15, 22, 18, 28 ...]  avg=15.75  p30=13.00  std=6.38
      H: pts=[]
      S: pts=[]
    failed_checks:
      H: p30 0.00 < 15; conf_mean 0.00 < 15
      C: p30 13.00 < 15; conf_mean 12.56 < 15
      S: p30 0.00 < 15; conf_mean 0.00 < 15
    reason: Pass: No suit meets thresholds. Best suit C has p30=13.00, conf_mean=12.56 below min_allowed=16 (current_high=0, raise_delta=+1). Failed checks for best suit: p30 13.00 < 15, conf_mean 12.56 < 15.
Bid: Player 1 proposes 24 (min_allowed=16)
  bidding analysis:
    present_suits: H, D, C, S
    current_high=0  min_allowed=16  raise_delta=1
    chosen_suit: S
    proposed_bid: 24
    overall: avg=24.00  p30=24.00  std=0.00
    suit_stats:
      C: pts=[17]  avg=17.00  p30=17.00  std=0.00
      S: pts=[24]  avg=24.00  p30=24.00  std=0.00
      D: pts=[15]  avg=15.00  p30=15.00  std=0.00
      H: pts=[13]  avg=13.00  p30=13.00  std=0.00
    reason: Bid: Suit S meets thresholds (p30=24.00, conf_mean=24.00 >= min_allowed=16); conservative mapping max(p30, avg-1) -> 24. (current_high=0, raise_delta=+1)
Pass (locked): Player 2 (min_allowed=25)
  bidding analysis:
    present_suits: H, D, C
    current_high=24  min_allowed=25  raise_delta=1
    overall: avg=16.00  p30=12.00  std=4.06
    failed_checks:
      H: p30 12.00 < 24; conf_mean 13.97 < 24
      D: p30 0.00 < 24; conf_mean 0.00 < 24
      C: p30 0.00 < 24; conf_mean 0.00 < 24
    reason: Pass: No suit meets thresholds. Best suit H has p30=12.00, conf_mean=13.97 below min_allowed=25 (current_high=24, raise_delta=+1). Failed checks for best suit: p30 12.00 < 24, conf_mean 13.97 < 24.
Pass (locked): Player 3 (min_allowed=25)
  bidding analysis:
    present_suits: H, C
    current_high=24  min_allowed=25  raise_delta=1
    overall: avg=18.38  p30=12.00  std=6.40
    suit_stats:
      H: pts=[20, 25, 20, 12, 24, 8 ...]  avg=18.38  p30=12.00  std=6.40
      C: pts=[]
    failed_checks:
      H: p30 12.00 < 24; conf_mean 15.17 < 24
      C: p30 0.00 < 24; conf_mean 0.00 < 24
    reason: Pass: No suit meets thresholds. Best suit H has p30=12.00, conf_mean=15.17 below min_allowed=25 (current_high=24, raise_delta=+1). Failed checks for best suit: p30 12.00 < 24, conf_mean 15.17 < 24.

AUCTION WINNER: Player 1 with bid 24; chooses trump C 
Details={'chosen': 'C', 'estimates': {'C': 21.0, 'H': 12.0, 'S': 21.0, 'D': 15.0}}
Player 0 hand :  ['QC', '7H', 'JC', '8S', '10S', '7D', 'QH', 'KH']
Player 1 hand :  ['AH', '8D', '9S', 'KD', 'AD', 'QD', 'JD']
Player 2 hand :  ['9D', '8C', 'JH', '10C', 'KS', 'AS', '9C', '10D']
Player 3 hand :  ['9H', '8H', 'AC', '10H', 'QS', 'JS', '7C', '7S']
Player 0 (auction 4 cards): ['QC', '7H', 'JC', '8S']
Player 1 (auction 4 cards): ['AH', 'KC', '8D', '9S']
Player 2 (auction 4 cards): ['9D', '8C', 'JH', '10C']
Player 3 (auction 4 cards): ['9H', '8H', 'AC', '10H']
Auction winner (bidder): Player 1 with bid 24
Bidder sets concealed trump suit: C
Phase: concealed, bidder concealed card: KC

Player 0 plays QC
Player 1 plays AH
Player 2 plays 8C
Player 3 plays AC
Player 3 won the hand: 2 points

Player 3 plays 9H
Player 0 plays 7H
Player 1 plays 8D
Player 2 plays JH
Player 2 won the hand: 5 points

Player 2 plays 9D
Player 3 plays 8H
Player 0 plays 7D
Player 1 plays KD
Player 2 won the hand: 2 points

Player 2 plays 10C
Player 3 plays 7C
Player 0 plays JC
Player 1 plays 9S
Player 0 won the hand: 6 points

Player 0 plays 8S
Player 1 plays AD
Player 2 plays KS
Player 3 plays QS
Player 2 won the hand: 1 points

Player 2 plays AS
Player 3 plays JS
Player 0 plays 10S
Player 1 plays QD
Player 3 won the hand: 5 points

Player 3 plays 10H
Player 0 plays QH
Player 1 plays JD
-- Phase 2 begins: Trump revealed as C by Player 2 on trick 7 --
Player 2 plays 9C
Player 2 won the hand: 6 points

Player 2 plays 10D
Player 3 plays 7S
Player 0 plays KH
Player 1 plays KC
Player 1 won the hand: 1 points

Game 5 final points: Team A=20, Team B=8
Series cumulative game score so far: Team A=2, Team B=-3
Log saved to: c:\Users\laksh\Desktop\Projects\28bot\logs\game28\mcts_games\game_5_20250822_000204_802176.log
