
===== GAME 21 (20250822_135610_545501) =====

===== AUCTION =====
Pass (locked): Player 0 (min_allowed=16)
  bidding analysis:
    present_suits: H, D, C, S
    current_high=0  min_allowed=16  raise_delta=1
    overall: avg=10.83  p30=7.00  std=5.84
    failed_checks:
      H: p30 0.00 < 15; conf_mean 4.71 < 15
      D: p30 7.00 < 15; conf_mean 7.91 < 15
      C: p30 0.00 < 15; conf_mean 2.24 < 15
      S: p30 6.00 < 15; conf_mean 7.22 < 15
    reason: Pass: No suit meets thresholds. Best suit D has p30=7.00, conf_mean=7.91 below min_allowed=16 (current_high=0, raise_delta=+1). Failed checks for best suit: p30 7.00 < 15, conf_mean 7.91 < 15.
Bid: Player 1 proposes 17 (min_allowed=16)
  bidding analysis:
    present_suits: H, C
    current_high=0  min_allowed=16  raise_delta=1
    chosen_suit: C
    proposed_bid: 17
    overall: avg=18.19  p30=15.00  std=4.20
    suit_stats:
      C: pts=[21, 12, 13, 24, 19, 16 ...]  avg=18.19  p30=15.00  std=4.20
      H: pts=[]
    reason: Bid: Suit C meets thresholds (p30=15.00, conf_mean=16.09 >= min_allowed=16); conservative mapping max(p30, avg-1) -> 17. (current_high=0, raise_delta=+1)
Pass (locked): Player 2 (min_allowed=18)
  bidding analysis:
    present_suits: H, D, S
    current_high=17  min_allowed=18  raise_delta=1
    overall: avg=12.62  p30=11.00  std=5.89
    suit_stats:
      D: pts=[2, 17, 17, 11, 20, 17 ...]  avg=12.62  p30=11.00  std=5.89
      H: pts=[]
      S: pts=[]
    failed_checks:
      H: p30 0.00 < 17; conf_mean 0.00 < 17
      D: p30 11.00 < 17; conf_mean 9.68 < 17
      S: p30 0.00 < 17; conf_mean 0.00 < 17
    reason: Pass: No suit meets thresholds. Best suit D has p30=11.00, conf_mean=9.68 below min_allowed=18 (current_high=17, raise_delta=+1). Failed checks for best suit: p30 11.00 < 17, conf_mean 9.68 < 17.
Pass (locked): Player 3 (min_allowed=18)
  bidding analysis:
    present_suits: H, D, S
    current_high=17  min_allowed=18  raise_delta=1
    overall: avg=15.06  p30=14.00  std=4.45
    failed_checks:
      D: p30 14.00 < 17; conf_mean 12.84 < 17
      S: p30 0.00 < 17; conf_mean 0.00 < 17
    reason: Pass: No suit meets thresholds. Best suit D has p30=14.00, conf_mean=12.84 below min_allowed=18 (current_high=17, raise_delta=+1). Failed checks for best suit: p30 14.00 < 17, conf_mean 12.84 < 17.

AUCTION WINNER: Player 1 with bid 17; chooses trump C 
Details={'chosen': 'C', 'estimates': {'C': 25.0, 'H': 2.0}}
Player 0 hand :  ['7H', 'QC', 'JS', 'QD', '8D', 'AC', 'KH', '10C']
Player 1 hand :  ['9C', '7C', '10H', 'KC', '8S', 'QH', '8C']
Player 2 hand :  ['KD', '10D', '9S', 'AH', 'QS', 'JD', '9H', 'JH']
Player 3 hand :  ['7D', '10S', '9D', '8H', 'KS', 'AS', 'AD', '7S']
Player 0 (auction 4 cards): ['7H', 'QC', 'JS', 'QD']
Player 1 (auction 4 cards): ['9C', 'JC', '7C', '10H']
Player 2 (auction 4 cards): ['KD', '10D', '9S', 'AH']
Player 3 (auction 4 cards): ['7D', '10S', '9D', '8H']
Auction winner (bidder): Player 1 with bid 17
Bidder sets concealed trump suit: C
Phase: concealed, bidder concealed card: JC

Player 0 plays 7H
Player 1 plays 10H
Player 2 plays AH
Player 3 plays 8H
Player 2 won the hand: 2 points

Player 2 plays KD
Player 3 plays 7D
Player 0 plays QD
-- Phase 2 begins: Trump revealed as C by Player 1 on trick 2 --
Player 1 plays 9C
Player 1 won the hand: 2 points

Player 1 plays 7C
Player 2 plays 10D
Player 3 plays 10S
Player 0 plays QC
Player 0 won the hand: 2 points

Player 0 plays JS
Player 1 plays 8S
Player 2 plays 9S
Player 3 plays KS
Player 0 won the hand: 5 points

Player 0 plays 8D
Player 1 plays KC
Player 2 plays JD
Player 3 plays 9D
Player 1 won the hand: 5 points

Player 1 plays QH
Player 2 plays 9H
Player 3 plays AS
Player 0 plays KH
Player 2 won the hand: 3 points

Player 2 plays QS
Player 3 plays 7S
Player 0 plays AC
Player 1 plays 8C
Player 0 won the hand: 1 points

Player 0 plays 10C
Player 1 plays JC
Player 2 plays JH
Player 3 plays AD
Player 1 won the hand: 8 points

Game 21 final points: Team A=13, Team B=15
Series cumulative game score so far: Team A=-3, Team B=-1
Log saved to: c:\Users\laksh\Desktop\Projects\28bot\logs\game28\mcts_games\game_21_20250822_135610_545501.log
