
===== GAME 31 (20250822_141244_855379) =====

===== AUCTION =====
Pass (locked): Player 0 (min_allowed=16)
  bidding analysis:
    present_suits: H, C, S
    current_high=0  min_allowed=16  raise_delta=1
    overall: avg=15.75  p30=10.00  std=5.72
    failed_checks:
      H: p30 10.00 < 15; conf_mean 12.89 < 15
      C: p30 0.00 < 15; conf_mean 0.00 < 15
    reason: Pass: No suit meets thresholds. Best suit H has p30=10.00, conf_mean=12.89 below min_allowed=16 (current_high=0, raise_delta=+1). Failed checks for best suit: p30 10.00 < 15, conf_mean 12.89 < 15.
Pass (locked): Player 1 (min_allowed=16)
  bidding analysis:
    present_suits: H, C, S
    current_high=0  min_allowed=16  raise_delta=1
    overall: avg=15.56  p30=11.00  std=5.71
    suit_stats:
      C: pts=[8, 25, 13, 14, 15, 9 ...]  avg=15.56  p30=11.00  std=5.71
      H: pts=[]
      S: pts=[]
    failed_checks:
      H: p30 0.00 < 15; conf_mean 0.00 < 15
      C: p30 11.00 < 15; conf_mean 12.71 < 15
      S: p30 0.00 < 15; conf_mean 0.00 < 15
    reason: Pass: No suit meets thresholds. Best suit C has p30=11.00, conf_mean=12.71 below min_allowed=16 (current_high=0, raise_delta=+1). Failed checks for best suit: p30 11.00 < 15, conf_mean 12.71 < 15.
Pass (locked): Player 2 (min_allowed=16)
  bidding analysis:
    present_suits: D, C, S
    current_high=0  min_allowed=16  raise_delta=1
    overall: avg=0.00  p30=0.00  std=0.00
    failed_checks:
      D: p30 0.00 < 15; conf_mean 0.00 < 15
      C: p30 0.00 < 15; conf_mean 0.00 < 15
    reason: Pass: No suit meets thresholds. Best suit D has p30=0.00, conf_mean=0.00 below min_allowed=16 (current_high=0, raise_delta=+1). Failed checks for best suit: p30 0.00 < 15, conf_mean 0.00 < 15.
Pass (locked): Player 3 (min_allowed=16)
  bidding analysis:
    present_suits: H, D, S
    current_high=0  min_allowed=16  raise_delta=1
    overall: avg=13.12  p30=9.00  std=5.72
    suit_stats:
      H: pts=[5, 22, 11, 10, 19, 24 ...]  avg=13.12  p30=9.00  std=5.72
      D: pts=[]
      S: pts=[]
    failed_checks:
      H: p30 9.00 < 15; conf_mean 10.26 < 15
      D: p30 0.00 < 15; conf_mean 0.00 < 15
      S: p30 0.00 < 15; conf_mean 0.00 < 15
    reason: Pass: No suit meets thresholds. Best suit H has p30=9.00, conf_mean=10.26 below min_allowed=16 (current_high=0, raise_delta=+1). Failed checks for best suit: p30 9.00 < 15, conf_mean 10.26 < 15.
Forced bid: All players passed. Player 0 takes minimum bid 16.

AUCTION WINNER: Player 0 with bid 16; chooses trump H 
Details={'chosen': 'H', 'estimates': {'H': 15.75, 'C': 0.0, 'S': 11.0}}
Player 0 hand :  ['8S', '9H', '8C', 'QH', '9D', 'AD', 'QS']
Player 1 hand :  ['JC', 'AH', 'KS', 'KC', '10C', 'JH', 'QC', '10H']
Player 2 hand :  ['10D', 'KD', '9S', '7C', '9C', 'QD', '10S', '7D']
Player 3 hand :  ['JD', '7H', '8H', 'AS', 'AC', 'JS', '8D', '7S']
Player 0 (auction 4 cards): ['KH', '8S', '9H', '8C']
Player 1 (auction 4 cards): ['JC', 'AH', 'KS', 'KC']
Player 2 (auction 4 cards): ['10D', 'KD', '9S', '7C']
Player 3 (auction 4 cards): ['JD', '7H', '8H', 'AS']
Auction winner (bidder): Player 0 with bid 16
Bidder sets concealed trump suit: H
Phase: concealed, bidder concealed card: KH

Player 0 plays 8S
Player 1 plays KS
Player 2 plays 9S
Player 3 plays AS
Player 2 won the hand: 3 points

Player 2 plays 10D
Player 3 plays JD
Player 0 plays 9D
Player 1 plays JC
Player 3 won the hand: 9 points

Player 3 plays 7H
Player 0 plays 9H
Player 1 plays AH
Player 2 plays KD
Player 0 won the hand: 3 points

Player 0 plays 8C
Player 1 plays KC
Player 2 plays 7C
Player 3 plays AC
Player 3 won the hand: 1 points

Player 3 plays 8H
Player 0 plays QH
Player 1 plays JH
Player 2 plays 9C
Player 1 won the hand: 5 points

Player 1 plays 10C
Player 2 plays QD
Player 3 plays JS
Player 0 plays AD
Player 1 won the hand: 5 points

Player 1 plays QC
Player 2 plays 10S
Player 3 plays 8D
Player 0 plays QS
Player 1 won the hand: 1 points

Player 1 plays 10H
Player 2 plays 7D
Player 3 plays 7S
Game 31 final points: Team A=6, Team B=21
Series cumulative game score so far: Team A=-5, Team B=4
Log saved to: c:\Users\laksh\Desktop\Projects\28bot\logs\game28\mcts_games\game_31_20250822_141244_855379.log
