
===== GAME 5 (20250823_171410_367243) =====

===== AUCTION =====
Pass (locked): Player 0 (min_allowed=16)
  bidding analysis:
    present_suits: H, C, S
    current_high=0  min_allowed=16  raise_delta=1
    overall: avg=0.00  p30=0.00  std=0.00
    failed_checks:
      H: p30 0.00 < 15; conf_mean 0.00 < 15
      S: p30 0.00 < 15; conf_mean 0.00 < 15
    reason: Pass: No suit meets thresholds. Best suit H has p30=0.00, conf_mean=0.00 below min_allowed=16 (current_high=0, raise_delta=+1). Failed checks for best suit: p30 0.00 < 15, conf_mean 0.00 < 15.
Pass (locked): Player 1 (min_allowed=16)
  bidding analysis:
    present_suits: H, D, S
    current_high=0  min_allowed=16  raise_delta=1
    overall: avg=13.42  p30=10.00  std=6.11
    failed_checks:
      H: p30 0.00 < 15; conf_mean 0.00 < 15
      S: p30 10.00 < 15; conf_mean 10.36 < 15
    reason: Pass: No suit meets thresholds. Best suit S has p30=10.00, conf_mean=10.36 below min_allowed=16 (current_high=0, raise_delta=+1). Failed checks for best suit: p30 10.00 < 15, conf_mean 10.36 < 15.
Pass (locked): Player 2 (min_allowed=16)
  bidding analysis:
    present_suits: H, C, S
    current_high=0  min_allowed=16  raise_delta=1
    overall: avg=13.75  p30=10.00  std=4.49
    failed_checks:
      H: p30 10.00 < 15; conf_mean 11.50 < 15
      C: p30 0.00 < 15; conf_mean 0.00 < 15
      S: p30 0.00 < 15; conf_mean 0.00 < 15
    reason: Pass: No suit meets thresholds. Best suit H has p30=10.00, conf_mean=11.50 below min_allowed=16 (current_high=0, raise_delta=+1). Failed checks for best suit: p30 10.00 < 15, conf_mean 11.50 < 15.
Pass (locked): Player 3 (min_allowed=16)
  bidding analysis:
    present_suits: H, D, C
    current_high=0  min_allowed=16  raise_delta=1
    overall: avg=16.06  p30=15.00  std=4.56
    suit_stats:
      D: pts=[15, 10, 16, 13, 15, 19 ...]  avg=16.06  p30=15.00  std=4.56
      H: pts=[]
      C: pts=[]
    failed_checks:
      H: p30 0.00 < 15; conf_mean 0.00 < 15
      D: conf_mean 13.78 < 15
      C: p30 0.00 < 15; conf_mean 0.00 < 15
    reason: Pass: No suit meets thresholds. Best suit D has p30=15.00, conf_mean=13.78 below min_allowed=16 (current_high=0, raise_delta=+1). Failed checks for best suit: conf_mean 13.78 < 15.
Forced bid: All players passed. Player 0 takes minimum bid 16.

AUCTION WINNER: Player 0 with bid 16; chooses trump C 
Details={'chosen': 'C', 'estimates': {'H': 0.0, 'S': 0.0, 'C': 11.0}}
Player 0 hand :  ['8S', '8H', 'AH', '9C', 'AD', '7C', 'KC']
Player 1 hand :  ['8D', '9H', 'KH', 'KS', '7S', '7H', '9S', 'JS']
Player 2 hand :  ['8C', 'QS', 'JH', 'AS', 'QD', '7D', 'KD', 'QC']
Player 3 hand :  ['10H', '10D', '9D', 'AC', 'JC', 'QH', 'JD', '10S']
Player 0 (auction 4 cards): ['8S', '8H', '10C', 'AH']
Player 1 (auction 4 cards): ['8D', '9H', 'KH', 'KS']
Player 2 (auction 4 cards): ['8C', 'QS', 'JH', 'AS']
Player 3 (auction 4 cards): ['10H', '10D', '9D', 'AC']
Auction winner (bidder): Player 0 with bid 16
Bidder sets concealed trump suit: C
Phase: concealed, bidder concealed card: 10C

Player 0 plays 8S
Player 1 plays KS
Player 2 plays QS
Player 3 plays 10S
Player 3 won the hand: 1 points

Player 3 plays 10H
Player 0 plays 8H
Player 1 plays 9H
Player 2 plays JH
Player 2 won the hand: 6 points

Player 2 plays 8C
Player 3 plays AC
Player 0 plays 9C
Player 1 plays 8D
Player 0 won the hand: 3 points

Player 0 plays AH
Player 1 plays KH
Player 2 plays AS
Player 3 plays QH
Player 0 won the hand: 2 points

Player 0 plays AD
Player 1 plays 7S
Player 2 plays QD
Player 3 plays 10D
Player 0 won the hand: 2 points

Player 0 plays 7C
Player 1 plays 7H
Player 2 plays QC
Player 3 plays JC
Player 3 won the hand: 3 points

Player 3 plays 9D
-- Phase 2 begins: Trump revealed as C by Player 0 on trick 7 --
Player 0 plays KC
Player 1 plays 9S
Player 2 plays 7D
Player 0 won the hand: 4 points

Player 0 plays 10C
Player 1 plays JS
Player 2 plays KD
Player 3 plays JD
Player 0 won the hand: 7 points

Game 5 final points: Team A=24, Team B=4
Series cumulative game score so far: Team A=-1, Team B=0
Log saved to: c:\Users\laksh\Desktop\Projects\28bot\logs\game28\mcts_games\game_5_20250823_171410_367243.log
