
===== GAME 47 (20250822_081845_874746) =====

===== AUCTION =====
Bid: Player 0 proposes 20 (min_allowed=16)
  bidding analysis:
    present_suits: C
    current_high=0  min_allowed=16  raise_delta=1
    chosen_suit: C
    proposed_bid: 20
    overall: avg=21.62  p30=19.00  std=3.64
    suit_stats:
      C: pts=[18, 19, 19, 21, 18, 28 ...]  avg=21.62  p30=19.00  std=3.64
    reason: Bid: Suit C meets thresholds (p30=19.00, conf_mean=19.81 >= min_allowed=16); conservative mapping max(p30, avg-1) -> 20. (current_high=0, raise_delta=+1)
Pass (locked): Player 1 (min_allowed=21)
  bidding analysis:
    present_suits: H, S
    current_high=20  min_allowed=21  raise_delta=1
    overall: avg=17.88  p30=15.00  std=4.81
    suit_stats:
      S: pts=[13, 21, 15, 21, 22, 25 ...]  avg=17.88  p30=15.00  std=4.81
      H: pts=[]
    failed_checks:
      H: p30 0.00 < 20; conf_mean 0.00 < 20
      S: p30 15.00 < 20; conf_mean 15.47 < 20
    reason: Pass: No suit meets thresholds. Best suit S has p30=15.00, conf_mean=15.47 below min_allowed=21 (current_high=20, raise_delta=+1). Failed checks for best suit: p30 15.00 < 20, conf_mean 15.47 < 20.
Pass (locked): Player 2 (min_allowed=21)
  bidding analysis:
    present_suits: H, D, C, S
    current_high=20  min_allowed=21  raise_delta=1
    overall: avg=16.00  p30=16.00  std=0.00
    suit_stats:
      D: pts=[5]  avg=5.00  p30=5.00  std=0.00
      H: pts=[16]  avg=16.00  p30=16.00  std=0.00
      C: pts=[12]  avg=12.00  p30=12.00  std=0.00
      S: pts=[13]  avg=13.00  p30=13.00  std=0.00
    failed_checks:
      H: p30 16.00 < 20; conf_mean 16.00 < 20
      D: p30 5.00 < 20; conf_mean 5.00 < 20
      C: p30 12.00 < 20; conf_mean 12.00 < 20
      S: p30 13.00 < 20; conf_mean 13.00 < 20
    reason: Pass: No suit meets thresholds. Best suit H has p30=16.00, conf_mean=16.00 below min_allowed=21 (current_high=20, raise_delta=+1). Failed checks for best suit: p30 16.00 < 20, conf_mean 16.00 < 20.
Pass (locked): Player 3 (min_allowed=21)
  bidding analysis:
    present_suits: D, C, S
    current_high=20  min_allowed=21  raise_delta=1
    overall: avg=13.50  p30=12.00  std=4.18
    suit_stats:
      D: pts=[12, 21, 13, 7, 17, 13 ...]  avg=13.50  p30=12.00  std=4.18
      C: pts=[]
      S: pts=[]
    failed_checks:
      D: p30 12.00 < 20; conf_mean 11.41 < 20
      C: p30 0.00 < 20; conf_mean 0.00 < 20
      S: p30 0.00 < 20; conf_mean 0.00 < 20
    reason: Pass: No suit meets thresholds. Best suit D has p30=12.00, conf_mean=11.41 below min_allowed=21 (current_high=20, raise_delta=+1). Failed checks for best suit: p30 12.00 < 20, conf_mean 11.41 < 20.

AUCTION WINNER: Player 0 with bid 20; chooses trump C 
Details={'chosen': 'C', 'estimates': {'C': 22.0}}
Player 0 hand :  ['JC', '7C', '9C', 'AH', 'QD', 'AS', 'QH']
Player 1 hand :  ['9H', 'JS', 'KS', '9S', '7S', '8C', 'JD', '8D']
Player 2 hand :  ['7D', '10S', '10H', 'AC', '9D', 'KH', 'QS', '7H']
Player 3 hand :  ['8S', '10C', 'AD', '10D', '8H', 'QC', 'JH', 'KD']
Player 0 (auction 4 cards): ['JC', '7C', 'KC', '9C']
Player 1 (auction 4 cards): ['9H', 'JS', 'KS', '9S']
Player 2 (auction 4 cards): ['7D', '10S', '10H', 'AC']
Player 3 (auction 4 cards): ['8S', '10C', 'AD', '10D']
Auction winner (bidder): Player 0 with bid 20
Bidder sets concealed trump suit: C
Phase: concealed, bidder concealed card: KC

Player 0 plays AH
Player 1 plays 9H
Player 2 plays 10H
Player 3 plays 8H
Player 1 won the hand: 4 points

Player 1 plays JS
Player 2 plays 10S
Player 3 plays 8S
Player 0 plays AS
Player 1 won the hand: 5 points

Player 1 plays KS
Player 2 plays QS
-- Phase 2 begins: Trump revealed as C by Player 3 on trick 3 --
Player 3 plays 10C
Player 0 plays JC
Player 0 won the hand: 4 points

Player 0 plays 7C
Player 1 plays 8C
Player 2 plays AC
Player 3 plays QC
Player 2 won the hand: 1 points

Player 2 plays 7D
Player 3 plays AD
Player 0 plays QD
Player 1 plays JD
Player 1 won the hand: 4 points

Player 1 plays 9S
Player 2 plays 9D
Player 3 plays 10D
Player 0 plays 9C
Player 0 won the hand: 7 points

Player 0 plays QH
Player 1 plays 7S
Player 2 plays KH
Player 3 plays JH
Player 3 won the hand: 3 points

Player 3 plays KD
Player 0 plays KC
Player 1 plays 8D
Player 2 plays 7H
Player 0 won the hand: 0 points

Game 47 final points: Team A=12, Team B=16
Series cumulative game score so far: Team A=-6, Team B=-10
Log saved to: c:\Users\laksh\Desktop\Projects\28bot\logs\game28\mcts_games\game_47_20250822_081845_874746.log
