
===== GAME 3 (20250820_164809_053708) =====

===== AUCTION =====
Pass (locked): Player 0 (min_allowed=16)
  bidding analysis:
    present_suits: H, D, C
    current_high=0  min_allowed=16  raise_delta=1
    overall: avg=13.25  p30=12.00  std=1.92
    suit_stats:
      D: pts=[16, 14, 12, 11]  avg=13.25  p30=12.00  std=1.92
      H: pts=[]
      C: pts=[]
    failed_checks:
      H: p30 0.00 < 15; conf_mean 0.00 < 15
      D: p30 12.00 < 15; conf_mean 12.29 < 15
      C: p30 0.00 < 15; conf_mean 0.00 < 15
    reason: Pass: No suit meets thresholds. Best suit D has p30=12.00, conf_mean=12.29 below min_allowed=16 (current_high=0, raise_delta=+1). Failed checks for best suit: p30 12.00 < 15, conf_mean 12.29 < 15.
Pass (locked): Player 1 (min_allowed=16)
  bidding analysis:
    present_suits: D, S
    current_high=0  min_allowed=16  raise_delta=1
    overall: avg=16.25  p30=14.00  std=3.90
    suit_stats:
      S: pts=[20, 20, 14, 11]  avg=16.25  p30=14.00  std=3.90
      D: pts=[2, 19]  avg=10.50  p30=2.00  std=8.50
    failed_checks:
      D: p30 2.00 < 15; conf_mean 6.25 < 15
      S: p30 14.00 < 15; conf_mean 14.30 < 15
    reason: Pass: No suit meets thresholds. Best suit S has p30=14.00, conf_mean=14.30 below min_allowed=16 (current_high=0, raise_delta=+1). Failed checks for best suit: p30 14.00 < 15, conf_mean 14.30 < 15.
Bid: Player 2 proposes 17 (min_allowed=16)
  bidding analysis:
    present_suits: H
    current_high=0  min_allowed=16  raise_delta=1
    chosen_suit: H
    proposed_bid: 17
    overall: avg=16.75  p30=17.00  std=2.28
    suit_stats:
      H: pts=[17, 13, 18, 19]  avg=16.75  p30=17.00  std=2.28
    reason: Bid: Suit H meets thresholds (p30=17.00, conf_mean=15.61 >= min_allowed=16); conservative mapping max(p30, avg-1) -> 17. (current_high=0, raise_delta=+1)
Pass (locked): Player 3 (min_allowed=18)
  bidding analysis:
    present_suits: H, C, S
    current_high=17  min_allowed=18  raise_delta=1
    overall: avg=17.50  p30=16.00  std=2.69
    suit_stats:
      S: pts=[16, 22, 17, 15]  avg=17.50  p30=16.00  std=2.69
      H: pts=[]
      C: pts=[]
    failed_checks:
      H: p30 0.00 < 17; conf_mean 0.00 < 17
      C: p30 0.00 < 17; conf_mean 0.00 < 17
      S: p30 16.00 < 17; conf_mean 16.15 < 17
    reason: Pass: No suit meets thresholds. Best suit S has p30=16.00, conf_mean=16.15 below min_allowed=18 (current_high=17, raise_delta=+1). Failed checks for best suit: p30 16.00 < 17, conf_mean 16.15 < 17.

AUCTION WINNER: Player 2 with bid 17; chooses trump H 
Details={'chosen': 'H', 'estimates': {'H': 17.0}}
Player 0 hand :  ['AC', '7D', 'KD', 'AH', '7S', '8S', '8C', 'QD']
Player 1 hand :  ['10D', '9S', '10S', '8D', 'KC', '7C', 'JC', 'AS']
Player 2 hand :  ['9H', '7H', '8H', '9C', '10C', 'JD', 'AD']
Player 3 hand :  ['QC', 'JS', 'JH', 'QS', 'KS', '9D', '10H', 'QH']
Player 0 (auction 4 cards): ['AC', '7D', 'KD', 'AH']
Player 1 (auction 4 cards): ['10D', '9S', '10S', '8D']
Player 2 (auction 4 cards): ['9H', 'KH', '7H', '8H']
Player 3 (auction 4 cards): ['QC', 'JS', 'JH', 'QS']
Auction winner (bidder): Player 2 with bid 17
Bidder sets concealed trump suit: H
Phase: concealed, bidder concealed card: KH

Player 0 plays AC
Player 1 plays KC
Player 2 plays 9C
Player 3 plays QC
Player 2 won the hand: 3 points

Player 2 plays 10C
Player 3 plays JS
Player 0 plays 8C
Player 1 plays 7C
Player 2 won the hand: 4 points

Player 2 plays JD
Player 3 plays 9D
Player 0 plays 7D
Player 1 plays 10D
Player 2 won the hand: 6 points

Player 2 plays AD
-- Phase 2 begins: Trump revealed as H by Player 3 on trick 4 --
Player 3 plays JH
Player 0 plays KD
Player 1 plays 8D
Player 3 won the hand: 4 points

Player 3 plays QS
Player 0 plays 7S
Player 1 plays 9S
Player 2 plays 9H
Player 2 won the hand: 4 points

Player 2 plays 7H
Player 3 plays 10H
Player 0 plays AH
Player 1 plays 10S
Player 0 won the hand: 3 points

Player 0 plays 8S
Player 1 plays AS
Player 2 plays 8H
Player 3 plays KS
Player 2 won the hand: 1 points

Player 2 plays KH
Player 3 plays QH
Player 0 plays QD
Player 1 plays JC
Player 2 won the hand: 3 points

Game 3 final points: Team A=24, Team B=4
Series cumulative game score so far: Team A=0, Team B=-1
Log saved to: C:\Users\laksh\Desktop\Projects\28bot\logs\game28\mcts_games\game_3_20250820_164809_053708.log
