
===== GAME 7 (20250822_000400_665034) =====

===== AUCTION =====
Pass (locked): Player 0 (min_allowed=16)
  bidding analysis:
    present_suits: H, C, S
    current_high=0  min_allowed=16  raise_delta=1
    overall: avg=12.75  p30=13.00  std=8.04
    failed_checks:
      H: p30 0.00 < 15; conf_mean 0.00 < 15
      C: p30 0.00 < 15; conf_mean 0.00 < 15
      S: p30 13.00 < 15; conf_mean 8.73 < 15
    reason: Pass: No suit meets thresholds. Best suit S has p30=13.00, conf_mean=8.73 below min_allowed=16 (current_high=0, raise_delta=+1). Failed checks for best suit: p30 13.00 < 15, conf_mean 8.73 < 15.
Pass (locked): Player 1 (min_allowed=16)
  bidding analysis:
    present_suits: H, D, C
    current_high=0  min_allowed=16  raise_delta=1
    overall: avg=14.38  p30=11.00  std=6.28
    failed_checks:
      D: p30 0.00 < 15; conf_mean 0.00 < 15
      C: p30 11.00 < 15; conf_mean 11.23 < 15
    reason: Pass: No suit meets thresholds. Best suit C has p30=11.00, conf_mean=11.23 below min_allowed=16 (current_high=0, raise_delta=+1). Failed checks for best suit: p30 11.00 < 15, conf_mean 11.23 < 15.
Pass (locked): Player 2 (min_allowed=16)
  bidding analysis:
    present_suits: H, D, C, S
    current_high=0  min_allowed=16  raise_delta=1
    overall: avg=15.33  p30=11.00  std=5.68
    failed_checks:
      H: p30 4.00 < 15; conf_mean 8.80 < 15
      D: p30 3.00 < 15; conf_mean 5.39 < 15
      C: p30 11.00 < 15; conf_mean 12.50 < 15
      S: p30 10.00 < 15; conf_mean 14.20 < 15
    reason: Pass: No suit meets thresholds. Best suit C has p30=11.00, conf_mean=12.50 below min_allowed=16 (current_high=0, raise_delta=+1). Failed checks for best suit: p30 11.00 < 15, conf_mean 12.50 < 15.
Pass (locked): Player 3 (min_allowed=16)
  bidding analysis:
    present_suits: D, C
    current_high=0  min_allowed=16  raise_delta=1
    overall: avg=11.83  p30=0.00  std=8.39
    failed_checks:
      D: p30 0.00 < 15; conf_mean 7.64 < 15
    reason: Pass: No suit meets thresholds. Best suit D has p30=0.00, conf_mean=7.64 below min_allowed=16 (current_high=0, raise_delta=+1). Failed checks for best suit: p30 0.00 < 15, conf_mean 7.64 < 15.
Forced bid: All players passed. Player 0 takes minimum bid 16.

AUCTION WINNER: Player 0 with bid 16; chooses trump S 
Details={'chosen': 'S', 'estimates': {'H': 0.0, 'C': 0.0, 'S': 12.75}}
Player 0 hand :  ['JH', '8S', 'KC', 'JS', 'JD', '7H', '9C']
Player 1 hand :  ['10C', '8H', 'QC', '10D', 'KH', 'KS', '8C', '7S']
Player 2 hand :  ['AC', 'QS', '8D', '10H', 'QD', '10S', 'AS', 'QH']
Player 3 hand :  ['7C', '7D', 'JC', '9D', 'AD', 'KD', 'AH', '9H']
Player 0 (auction 4 cards): ['JH', '8S', 'KC', '9S']
Player 1 (auction 4 cards): ['10C', '8H', 'QC', '10D']
Player 2 (auction 4 cards): ['AC', 'QS', '8D', '10H']
Player 3 (auction 4 cards): ['7C', '7D', 'JC', '9D']
Auction winner (bidder): Player 0 with bid 16
Bidder sets concealed trump suit: S
Phase: concealed, bidder concealed card: 9S

Player 0 plays JH
Player 1 plays 8H
Player 2 plays 10H
Player 3 plays AH
Player 0 won the hand: 5 points

Player 0 plays KC
Player 1 plays 10C
Player 2 plays AC
Player 3 plays 7C
Player 2 won the hand: 2 points

Player 2 plays QS
Player 3 plays 7D
Player 0 plays 8S
Player 1 plays KS
Player 1 won the hand: 0 points

Player 1 plays QC
Player 2 plays 8D
Player 3 plays JC
Player 0 plays 9C
Player 3 won the hand: 5 points

Player 3 plays 9D
Player 0 plays JD
Player 1 plays 10D
Player 2 plays QD
Player 0 won the hand: 6 points

Player 0 plays 7H
Player 1 plays KH
Player 2 plays QH
Player 3 plays 9H
Player 3 won the hand: 2 points

Player 3 plays AD
-- Phase 2 begins: Trump revealed as S by Player 0 on trick 7 --
Player 0 plays JS
Player 1 plays 8C
Player 2 plays 10S
Player 0 won the hand: 5 points

Player 0 plays 9S
Player 1 plays 7S
Player 2 plays AS
Player 3 plays KD
Player 0 won the hand: 3 points

Game 7 final points: Team A=21, Team B=7
Series cumulative game score so far: Team A=2, Team B=-3
Log saved to: c:\Users\laksh\Desktop\Projects\28bot\logs\game28\mcts_games\game_7_20250822_000400_665034.log
