
===== GAME 26 (20250822_003320_948328) =====

===== AUCTION =====
Pass (locked): Player 0 (min_allowed=16)
  bidding analysis:
    present_suits: H, D, C
    current_high=0  min_allowed=16  raise_delta=1
    overall: avg=15.75  p30=15.00  std=5.33
    suit_stats:
      H: pts=[8, 19, 20, 21, 6, 18 ...]  avg=15.75  p30=15.00  std=5.33
      D: pts=[]
      C: pts=[]
    failed_checks:
      H: conf_mean 13.08 < 15
      D: p30 0.00 < 15; conf_mean 0.00 < 15
      C: p30 0.00 < 15; conf_mean 0.00 < 15
    reason: Pass: No suit meets thresholds. Best suit H has p30=15.00, conf_mean=13.08 below min_allowed=16 (current_high=0, raise_delta=+1). Failed checks for best suit: conf_mean 13.08 < 15.
Pass (locked): Player 1 (min_allowed=16)
  bidding analysis:
    present_suits: H, D, C
    current_high=0  min_allowed=16  raise_delta=1
    overall: avg=15.88  p30=10.00  std=6.88
    suit_stats:
      H: pts=[10, 23, 8, 26, 18, 15 ...]  avg=15.88  p30=10.00  std=6.88
      D: pts=[]
      C: pts=[]
    failed_checks:
      H: p30 10.00 < 15; conf_mean 12.43 < 15
      D: p30 0.00 < 15; conf_mean 0.00 < 15
      C: p30 0.00 < 15; conf_mean 0.00 < 15
    reason: Pass: No suit meets thresholds. Best suit H has p30=10.00, conf_mean=12.43 below min_allowed=16 (current_high=0, raise_delta=+1). Failed checks for best suit: p30 10.00 < 15, conf_mean 12.43 < 15.
Pass (locked): Player 2 (min_allowed=16)
  bidding analysis:
    present_suits: H, C, S
    current_high=0  min_allowed=16  raise_delta=1
    overall: avg=14.88  p30=12.00  std=3.92
    failed_checks:
      C: p30 12.00 < 15; conf_mean 12.92 < 15
      S: p30 0.00 < 15; conf_mean 0.00 < 15
    reason: Pass: No suit meets thresholds. Best suit C has p30=12.00, conf_mean=12.92 below min_allowed=16 (current_high=0, raise_delta=+1). Failed checks for best suit: p30 12.00 < 15, conf_mean 12.92 < 15.
Pass (locked): Player 3 (min_allowed=16)
  bidding analysis:
    present_suits: C, S
    current_high=0  min_allowed=16  raise_delta=1
    overall: avg=0.00  p30=0.00  std=0.00
    failed_checks:
      S: p30 0.00 < 15; conf_mean 0.00 < 15
    reason: Pass: No suit meets thresholds. Best suit C has p30=0.00, conf_mean=0.00 below min_allowed=16 (current_high=0, raise_delta=+1). Failed checks for best suit: n/a.
Forced bid: All players passed. Player 0 takes minimum bid 16.

AUCTION WINNER: Player 0 with bid 16; chooses trump D 
Details={'chosen': 'D', 'estimates': {'H': 14.0, 'D': 23.0, 'C': 18.0}}
Player 0 hand :  ['10C', 'JH', '8H', '9C', '7H', '9H', 'AD']
Player 1 hand :  ['KH', '9D', '10H', '7C', 'AC', 'QC', '10D', '10S']
Player 2 hand :  ['QH', '8S', '7S', 'JC', 'AH', '8D', 'JD', '8C']
Player 3 hand :  ['JS', 'AS', 'KC', '9S', 'QS', 'KS', '7D', 'KD']
Player 0 (auction 4 cards): ['10C', 'QD', 'JH', '8H']
Player 1 (auction 4 cards): ['KH', '9D', '10H', '7C']
Player 2 (auction 4 cards): ['QH', '8S', '7S', 'JC']
Player 3 (auction 4 cards): ['JS', 'AS', 'KC', '9S']
Auction winner (bidder): Player 0 with bid 16
Bidder sets concealed trump suit: D
Phase: concealed, bidder concealed card: QD

Player 0 plays 10C
Player 1 plays 7C
Player 2 plays JC
Player 3 plays KC
Player 2 won the hand: 4 points

Player 2 plays QH
Player 3 plays JS
Player 0 plays JH
Player 1 plays KH
Player 0 won the hand: 6 points

Player 0 plays 8H
Player 1 plays 10H
Player 2 plays AH
Player 3 plays AS
Player 2 won the hand: 3 points

Player 2 plays 8S
Player 3 plays 9S
Player 0 plays 9C
Player 1 plays 10S
Player 3 won the hand: 5 points

Player 3 plays QS
Player 0 plays 7H
-- Phase 2 begins: Trump revealed as D by Player 1 on trick 5 --
Player 1 plays 9D
Player 2 plays 7S
Player 1 won the hand: 2 points

Player 1 plays AC
Player 2 plays 8C
Player 3 plays KS
Player 0 plays 9H
Player 1 won the hand: 3 points

Player 1 plays QC
Player 2 plays 8D
Player 3 plays 7D
Player 0 plays AD
Player 0 won the hand: 1 points

Player 0 plays QD
Player 1 plays 10D
Player 2 plays JD
Player 3 plays KD
Player 2 won the hand: 4 points

Game 26 final points: Team A=18, Team B=10
Series cumulative game score so far: Team A=-3, Team B=-6
Log saved to: c:\Users\laksh\Desktop\Projects\28bot\logs\game28\mcts_games\game_26_20250822_003320_948328.log
