
===== GAME 41 (20250820_153338_660450) =====

===== AUCTION =====
Pass (locked): Player 0 (min_allowed=16)
  bidding analysis:
    present_suits: D, C, S
    current_high=0  min_allowed=16  raise_delta=1
    overall: avg=3.25  p30=0.00  std=5.63
    suit_stats:
      S: pts=[13, 0, 0, 0]  avg=3.25  p30=0.00  std=5.63
      D: pts=[]
      C: pts=[]
    failed_checks:
      D: p30 0.00 < 15; conf_mean 0.00 < 15
      C: p30 0.00 < 15; conf_mean 0.00 < 15
      S: p30 0.00 < 15; conf_mean 0.44 < 15
    reason: Pass: No suit meets thresholds. Best suit S has p30=0.00, conf_mean=0.44 below min_allowed=16 (current_high=0, raise_delta=+1). Failed checks for best suit: p30 0.00 < 15, conf_mean 0.44 < 15.
Pass (locked): Player 1 (min_allowed=16)
  bidding analysis:
    present_suits: H, D, S
    current_high=0  min_allowed=16  raise_delta=1
    overall: avg=10.50  p30=2.00  std=6.83
    failed_checks:
      H: p30 2.00 < 15; conf_mean 7.09 < 15
      D: p30 0.00 < 15; conf_mean 0.00 < 15
    reason: Pass: No suit meets thresholds. Best suit H has p30=2.00, conf_mean=7.09 below min_allowed=16 (current_high=0, raise_delta=+1). Failed checks for best suit: p30 2.00 < 15, conf_mean 7.09 < 15.
Pass (locked): Player 2 (min_allowed=16)
  bidding analysis:
    present_suits: D, C
    current_high=0  min_allowed=16  raise_delta=1
    overall: avg=3.25  p30=3.00  std=2.17
    suit_stats:
      C: pts=[2, 25, 15, 0]  avg=10.50  p30=2.00  std=10.16
      D: pts=[6, 0, 3, 4]  avg=3.25  p30=3.00  std=2.17
    failed_checks:
      D: p30 3.00 < 15; conf_mean 2.17 < 15
      C: p30 2.00 < 15; conf_mean 5.42 < 15
    reason: Pass: No suit meets thresholds. Best suit D has p30=3.00, conf_mean=2.17 below min_allowed=16 (current_high=0, raise_delta=+1). Failed checks for best suit: p30 3.00 < 15, conf_mean 2.17 < 15.
Pass (locked): Player 3 (min_allowed=16)
  bidding analysis:
    present_suits: H, D, C, S
    current_high=0  min_allowed=16  raise_delta=1
    overall: avg=11.25  p30=13.00  std=6.61
    suit_stats:
      H: pts=[11, 0, 8, 0]  avg=4.75  p30=0.00  std=4.87
      D: pts=[0, 0, 0, 6]  avg=1.50  p30=0.00  std=2.60
      S: pts=[13, 16, 0, 16]  avg=11.25  p30=13.00  std=6.61
      C: pts=[18, 10, 17, 16, 9, 17]  avg=14.50  p30=10.00  std=3.59
    failed_checks:
      H: p30 0.00 < 15; conf_mean 2.32 < 15
      D: p30 0.00 < 15; conf_mean 0.20 < 15
      C: p30 10.00 < 15; conf_mean 12.70 < 15
      S: p30 13.00 < 15; conf_mean 7.95 < 15
    reason: Pass: No suit meets thresholds. Best suit S has p30=13.00, conf_mean=7.95 below min_allowed=16 (current_high=0, raise_delta=+1). Failed checks for best suit: p30 13.00 < 15, conf_mean 7.95 < 15.
Forced bid: All players passed. Player 0 takes minimum bid 16.

AUCTION WINNER: Player 0 with bid 16; chooses trump C 
Details={'chosen': 'C', 'estimates': {'S': 6.25, 'D': 5.5, 'C': 15.166666666666666}}
Player 0 hand :  ['9S', '7D', 'QS', 'AS', 'QH', '8H', '10D']
Player 1 hand :  ['7S', '7H', 'AD', '8S', 'JC', 'JS', 'JD', 'QC']
Player 2 hand :  ['QD', 'KD', '7C', '8C', 'JH', '9D', '10S', '9H']
Player 3 hand :  ['8D', '10H', 'KS', '10C', 'KH', 'KC', 'AH', 'AC']
Player 0 (auction 4 cards): ['9C', '9S', '7D', 'QS']
Player 1 (auction 4 cards): ['7S', '7H', 'AD', '8S']
Player 2 (auction 4 cards): ['QD', 'KD', '7C', '8C']
Player 3 (auction 4 cards): ['8D', '10H', 'KS', '10C']
Auction winner (bidder): Player 0 with bid 16
Bidder sets concealed trump suit: C
Phase: concealed, bidder concealed card: 9C

Player 0 plays 9S
Player 1 plays 7S
Player 2 plays 10S
Player 3 plays KS
Player 0 won the hand: 3 points

Player 0 plays 7D
Player 1 plays AD
Player 2 plays QD
Player 3 plays 8D
Player 1 won the hand: 1 points

Player 1 plays 7H
Player 2 plays JH
Player 3 plays 10H
Player 0 plays QH
Player 2 won the hand: 4 points

Player 2 plays KD
-- Phase 2 begins: Trump revealed as C by Player 3 on trick 4 --
Player 3 plays 10C
Player 0 plays 10D
Player 1 plays JD
Player 3 won the hand: 5 points

Player 3 plays KH
Player 0 plays 8H
Player 1 plays 8S
Player 2 plays 9H
Player 2 won the hand: 2 points

Player 2 plays 7C
Player 3 plays KC
Player 0 plays 9C
Player 1 plays JC
Player 1 won the hand: 5 points

Player 1 plays JS
Player 2 plays 8C
Player 3 plays AH
Player 0 plays QS
Player 2 won the hand: 4 points

Player 2 plays 9D
Player 3 plays AC
Player 0 plays AS
Player 1 plays QC
Player 3 won the hand: 4 points

Game 41 final points: Team A=13, Team B=15
Series cumulative game score so far: Team A=-2, Team B=-4
Log saved to: c:\Users\laksh\Desktop\Projects\28bot\logs\game28\mcts_games\game_41_20250820_153338_660450.log
