
===== GAME 9 (20250819_134403_942111) =====

===== AUCTION =====
Pass (locked): Player 0 (min_allowed=16)
  bidding analysis:
    present_suits: D, S
    current_high=0  min_allowed=16  raise_delta=1
    overall: avg=13.25  p30=14.00  std=7.98
    suit_stats:
      D: pts=[20, 0, 19, 14]  avg=13.25  p30=14.00  std=7.98
      S: pts=[11, 4, 13, 14]  avg=10.50  p30=11.00  std=3.91
    failed_checks:
      D: p30 14.00 < 15; conf_mean 9.26 < 15
      S: p30 11.00 < 15; conf_mean 8.55 < 15
    reason: Pass: No suit meets thresholds. Best suit D has p30=14.00, conf_mean=9.26 below min_allowed=16 (current_high=0, raise_delta=+1). Failed checks for best suit: p30 14.00 < 15, conf_mean 9.26 < 15.
Pass (locked): Player 1 (min_allowed=16)
  bidding analysis:
    present_suits: H, D, S
    current_high=0  min_allowed=16  raise_delta=1
    overall: avg=16.50  p30=16.00  std=4.72
    suit_stats:
      H: pts=[9, 20, 16, 21]  avg=16.50  p30=16.00  std=4.72
      D: pts=[9, 14, 16, 0]  avg=9.75  p30=9.00  std=6.18
      S: pts=[23, 20, 0, 13]  avg=14.00  p30=13.00  std=8.86
    failed_checks:
      H: conf_mean 14.14 < 15
      D: p30 9.00 < 15; conf_mean 6.66 < 15
      S: p30 13.00 < 15; conf_mean 9.57 < 15
    reason: Pass: No suit meets thresholds. Best suit H has p30=16.00, conf_mean=14.14 below min_allowed=16 (current_high=0, raise_delta=+1). Failed checks for best suit: conf_mean 14.14 < 15.
Bid: Player 2 proposes 16 (min_allowed=16)
  bidding analysis:
    present_suits: D, C
    current_high=0  min_allowed=16  raise_delta=1
    chosen_suit: C
    proposed_bid: 16
    overall: avg=16.75  p30=16.00  std=2.59
    suit_stats:
      D: pts=[1, 16, 0, 0]  avg=4.25  p30=0.00  std=6.80
      C: pts=[16, 20, 18, 13]  avg=16.75  p30=16.00  std=2.59
    reason: Bid: Suit C meets thresholds (p30=16.00, conf_mean=15.46 >= min_allowed=16); conservative mapping max(p30, avg-1) -> 16. (current_high=0, raise_delta=+1)
Bid: Player 3 proposes 19 (min_allowed=17)
  bidding analysis:
    present_suits: H, C, S
    current_high=16  min_allowed=17  raise_delta=1
    chosen_suit: S
    proposed_bid: 19
    overall: avg=19.00  p30=19.00  std=2.12
    suit_stats:
      H: pts=[0, 17, 10, 0]  avg=6.75  p30=0.00  std=7.19
      C: pts=[15, 22, 4, 19]  avg=15.00  p30=15.00  std=6.82
      S: pts=[19, 22, 19, 16]  avg=19.00  p30=19.00  std=2.12
    reason: Bid: Suit S meets thresholds (p30=19.00, conf_mean=17.94 >= min_allowed=17); conservative mapping max(p30, avg-1) -> 19. (current_high=16, raise_delta=+1)
Pass (locked): Player 2 (min_allowed=20)
  bidding analysis:
    present_suits: D, C
    current_high=19  min_allowed=20  raise_delta=1
    overall: avg=11.50  p30=12.00  std=7.79
    suit_stats:
      D: pts=[12, 22, 12, 0]  avg=11.50  p30=12.00  std=7.79
      C: pts=[0, 16, 10, 18]  avg=11.00  p30=10.00  std=7.00
    failed_checks:
      D: p30 12.00 < 19; conf_mean 7.60 < 19
      C: p30 10.00 < 19; conf_mean 7.50 < 19
    reason: Pass: No suit meets thresholds. Best suit D has p30=12.00, conf_mean=7.60 below min_allowed=20 (current_high=19, raise_delta=+1). Failed checks for best suit: p30 12.00 < 19, conf_mean 7.60 < 19.

AUCTION WINNER: Player 3 with bid 19; chooses trump S 
Details={'chosen': 'S', 'estimates': {'H': 5, 'C': 7, 'S': 16}}
Player 0 hand :  ['9D', '8S', 'KS', '7S', '8D', 'QD', 'QC', 'AD']
Player 1 hand :  ['10H', 'QH', 'QS', 'JD', '10D', 'JC', '8H', 'KC']
Player 2 hand :  ['KD', '10C', 'AC', '8C', '7H', 'AS', '9H', 'JH']
Player 3 hand :  ['9S', 'AH', '9C', 'KH', '10S', '7C', '7D']
Player 0 (auction 4 cards): ['9D', '8S', 'KS', '7S']
Player 1 (auction 4 cards): ['10H', 'QH', 'QS', 'JD']
Player 2 (auction 4 cards): ['KD', '10C', 'AC', '8C']
Player 3 (auction 4 cards): ['9S', 'AH', 'JS', '9C']
Auction winner (bidder): Player 3 with bid 19
Bidder sets concealed trump suit: S
Phase: concealed, bidder concealed card: JS

Player 0 plays 9D
Player 1 plays JD
Player 2 plays KD
Player 3 plays 7D
Player 1 won the hand: 5 points

Player 1 plays KC
Player 2 plays 10C
Player 3 plays 7C
Player 0 plays QC
Player 2 won the hand: 1 points

Player 2 plays AC
Player 3 plays 9C
-- Phase 2 begins: Trump revealed as S by Player 0 on trick 3 --
Player 0 plays 8S
Player 1 plays JC
Player 0 won the hand: 6 points

Player 0 plays AD
Player 1 plays 10D
Player 2 plays 7H
Player 3 plays 9S
Player 3 won the hand: 4 points

Player 3 plays AH
Player 0 plays KS
Player 1 plays 10H
Player 2 plays 9H
Player 0 won the hand: 4 points

Player 0 plays 7S
Player 1 plays QS
Player 2 plays AS
Player 3 plays 10S
Player 2 won the hand: 2 points

Player 2 plays 8C
Player 3 plays JS
Player 0 plays 8D
Player 1 plays QH
Player 3 won the hand: 3 points

Player 3 plays KH
Player 0 plays QD
Player 1 plays 8H
Player 2 plays JH
Player 2 won the hand: 3 points

Game 9 final points: Team A=16, Team B=12
Series cumulative game score so far: Team A=8, Team B=-1
Log saved to: c:\Users\laksh\Desktop\Projects\28bot\logs\game28\mcts_games\game_9_20250819_134403_942111.log
