
===== GAME 49 (20250825_123424_630778) =====

===== AUCTION =====
Pass (locked): Player 0 (min_allowed=16)
  bidding analysis:
    present_suits: H, D, C, S
    current_high=0  min_allowed=16  raise_delta=1
    overall: avg=16.50  p30=14.00  std=3.50
    failed_checks:
      H: p30 5.00 < 15; conf_mean 6.95 < 15
      D: p30 14.00 < 15; conf_mean 14.75 < 15
      C: p30 12.00 < 15; conf_mean 8.01 < 15
      S: p30 9.00 < 15; conf_mean 8.94 < 15
    reason: Pass: No suit meets thresholds. Best suit D has p30=14.00, conf_mean=14.75 below min_allowed=16 (current_high=0, raise_delta=+1). Failed checks for best suit: p30 14.00 < 15, conf_mean 14.75 < 15.
Pass (locked): Player 1 (min_allowed=16)
  bidding analysis:
    present_suits: H, C, S
    current_high=0  min_allowed=16  raise_delta=1
    overall: avg=12.88  p30=9.00  std=5.81
    suit_stats:
      S: pts=[3, 4, 23, 21, 7, 9 ...]  avg=12.88  p30=9.00  std=5.81
      H: pts=[]
      C: pts=[]
    failed_checks:
      H: p30 0.00 < 15; conf_mean 0.00 < 15
      C: p30 0.00 < 15; conf_mean 0.00 < 15
      S: p30 9.00 < 15; conf_mean 9.97 < 15
    reason: Pass: No suit meets thresholds. Best suit S has p30=9.00, conf_mean=9.97 below min_allowed=16 (current_high=0, raise_delta=+1). Failed checks for best suit: p30 9.00 < 15, conf_mean 9.97 < 15.
Pass (locked): Player 2 (min_allowed=16)
  bidding analysis:
    present_suits: H, D, S
    current_high=0  min_allowed=16  raise_delta=1
    overall: avg=17.56  p30=14.00  std=7.40
    suit_stats:
      H: pts=[21, 15, 1, 23, 24, 11 ...]  avg=17.56  p30=14.00  std=7.40
      D: pts=[]
      S: pts=[]
    failed_checks:
      H: p30 14.00 < 15; conf_mean 13.86 < 15
      D: p30 0.00 < 15; conf_mean 0.00 < 15
      S: p30 0.00 < 15; conf_mean 0.00 < 15
    reason: Pass: No suit meets thresholds. Best suit H has p30=14.00, conf_mean=13.86 below min_allowed=16 (current_high=0, raise_delta=+1). Failed checks for best suit: p30 14.00 < 15, conf_mean 13.86 < 15.
Pass (locked): Player 3 (min_allowed=16)
  bidding analysis:
    present_suits: H, D, S
    current_high=0  min_allowed=16  raise_delta=1
    overall: avg=14.56  p30=11.00  std=5.29
    suit_stats:
      S: pts=[24, 21, 16, 19, 11, 8 ...]  avg=14.56  p30=11.00  std=5.29
      H: pts=[]
      D: pts=[]
    failed_checks:
      H: p30 0.00 < 15; conf_mean 0.00 < 15
      D: p30 0.00 < 15; conf_mean 0.00 < 15
      S: p30 11.00 < 15; conf_mean 11.92 < 15
    reason: Pass: No suit meets thresholds. Best suit S has p30=11.00, conf_mean=11.92 below min_allowed=16 (current_high=0, raise_delta=+1). Failed checks for best suit: p30 11.00 < 15, conf_mean 11.92 < 15.
Forced bid: All players passed. Player 0 takes minimum bid 16.

AUCTION WINNER: Player 0 with bid 16; chooses trump D 
Details={'chosen': 'D', 'estimates': {'H': 9.666666666666666, 'D': 16.5, 'C': 11.5, 'S': 11.833333333333334}}
Player 0 hand :  ['7H', 'AC', 'JS', '9C', 'JD', 'AH', '9D']
Player 1 hand :  ['KH', 'QS', '8S', 'KC', '7D', 'QD', '8C', '7C']
Player 2 hand :  ['8H', 'AD', '9S', 'JH', 'QH', 'QC', '8D', '10S']
Player 3 hand :  ['10D', '10H', 'KS', 'AS', 'JC', '7S', '10C', '9H']
Player 0 (auction 4 cards): ['7H', 'AC', 'KD', 'JS']
Player 1 (auction 4 cards): ['KH', 'QS', '8S', 'KC']
Player 2 (auction 4 cards): ['8H', 'AD', '9S', 'JH']
Player 3 (auction 4 cards): ['10D', '10H', 'KS', 'AS']
Auction winner (bidder): Player 0 with bid 16
Bidder sets concealed trump suit: D
Phase: concealed, bidder concealed card: KD

Player 0 plays 7H
Player 1 plays KH
Player 2 plays 8H
Player 3 plays 10H
Player 3 won the hand: 1 points

Player 3 plays 10D
Player 0 plays JD
Player 1 plays 7D
Player 2 plays AD
Player 0 won the hand: 5 points

Player 0 plays AC
Player 1 plays KC
Player 2 plays QC
Player 3 plays JC
Player 3 won the hand: 4 points

Player 3 plays KS
Player 0 plays JS
Player 1 plays QS
Player 2 plays 9S
Player 0 won the hand: 5 points

Player 0 plays 9C
Player 1 plays 8C
Player 2 plays JH
Player 3 plays 10C
Player 0 won the hand: 6 points

Player 0 plays AH
Player 1 plays 8S
Player 2 plays QH
Player 3 plays 9H
Player 3 won the hand: 3 points

Player 3 plays AS
-- Phase 2 begins: Trump revealed as D by Player 0 on trick 7 --
Player 0 plays 9D
Player 1 plays QD
Player 2 plays 10S
Player 0 won the hand: 4 points

Player 0 plays KD
Player 1 plays 7C
Player 2 plays 8D
Player 3 plays 7S
Player 0 won the hand: 0 points

Game 49 final points: Team A=20, Team B=8
Series cumulative game score so far: Team A=-13, Team B=-4
Log saved to: c:\Users\laksh\Desktop\Projects\28bot\logs\game28\mcts_games\game_49_20250825_123424_630778.log
