
===== GAME 9 (20250823_174301_695916) =====

===== AUCTION =====
Pass (locked): Player 0 (min_allowed=16)
  bidding analysis:
    present_suits: H, C, S
    current_high=0  min_allowed=16  raise_delta=1
    overall: avg=13.00  p30=10.00  std=4.72
    failed_checks:
      C: p30 0.00 < 15; conf_mean 0.00 < 15
      S: p30 10.00 < 15; conf_mean 10.64 < 15
    reason: Pass: No suit meets thresholds. Best suit S has p30=10.00, conf_mean=10.64 below min_allowed=16 (current_high=0, raise_delta=+1). Failed checks for best suit: p30 10.00 < 15, conf_mean 10.64 < 15.
Pass (locked): Player 1 (min_allowed=16)
  bidding analysis:
    present_suits: D, C, S
    current_high=0  min_allowed=16  raise_delta=1
    overall: avg=9.38  p30=3.00  std=6.52
    failed_checks:
      C: p30 0.00 < 15; conf_mean 0.00 < 15
      S: p30 3.00 < 15; conf_mean 6.12 < 15
    reason: Pass: No suit meets thresholds. Best suit S has p30=3.00, conf_mean=6.12 below min_allowed=16 (current_high=0, raise_delta=+1). Failed checks for best suit: p30 3.00 < 15, conf_mean 6.12 < 15.
Bid: Player 2 proposes 19 (min_allowed=16)
  bidding analysis:
    present_suits: H, C
    current_high=0  min_allowed=16  raise_delta=1
    chosen_suit: H
    proposed_bid: 19
    overall: avg=20.50  p30=19.00  std=3.69
    suit_stats:
      H: pts=[19, 21, 28, 19, 21, 17 ...]  avg=20.50  p30=19.00  std=3.69
      C: pts=[]
    reason: Bid: Suit H meets thresholds (p30=19.00, conf_mean=18.65 >= min_allowed=16); conservative mapping max(p30, avg-1) -> 19. (current_high=0, raise_delta=+1)
Pass (locked): Player 3 (min_allowed=20)
  bidding analysis:
    present_suits: D, C, S
    current_high=19  min_allowed=20  raise_delta=1
    overall: avg=2.25  p30=0.00  std=3.90
    failed_checks:
      D: p30 0.00 < 19; conf_mean 0.30 < 19
      C: p30 0.00 < 19; conf_mean 0.00 < 19
      S: p30 0.00 < 19; conf_mean 0.00 < 19
    reason: Pass: No suit meets thresholds. Best suit D has p30=0.00, conf_mean=0.30 below min_allowed=20 (current_high=19, raise_delta=+1). Failed checks for best suit: p30 0.00 < 19, conf_mean 0.30 < 19.

AUCTION WINNER: Player 2 with bid 19; chooses trump H 
Details={'chosen': 'H', 'estimates': {'H': 14.0, 'C': 7.0}}
Player 0 hand :  ['9C', 'KH', '8S', 'AH', '10H', '8D', '10C', 'KD']
Player 1 hand :  ['KC', '7S', '10D', 'AD', 'QD', 'AS', 'JD', 'AC']
Player 2 hand :  ['8C', '7H', '9H', '9S', '7D', '7C', 'JS']
Player 3 hand :  ['KS', 'QC', '9D', 'QS', '10S', '8H', 'JC', 'QH']
Player 0 (auction 4 cards): ['9C', 'KH', '8S', 'AH']
Player 1 (auction 4 cards): ['KC', '7S', '10D', 'AD']
Player 2 (auction 4 cards): ['8C', '7H', 'JH', '9H']
Player 3 (auction 4 cards): ['KS', 'QC', '9D', 'QS']
Auction winner (bidder): Player 2 with bid 19
Bidder sets concealed trump suit: H
Phase: concealed, bidder concealed card: JH

Player 0 plays 9C
Player 1 plays KC
Player 2 plays 8C
Player 3 plays QC
Player 0 won the hand: 2 points

Player 0 plays KH
Player 1 plays 7S
Player 2 plays 7H
Player 3 plays 8H
Player 0 won the hand: 0 points

Player 0 plays 8S
Player 1 plays AS
Player 2 plays 9S
Player 3 plays KS
Player 2 won the hand: 3 points

Player 2 plays 7D
Player 3 plays 9D
Player 0 plays 8D
Player 1 plays 10D
Player 3 won the hand: 3 points

Player 3 plays QS
-- Phase 2 begins: Trump revealed as H by Player 0 on trick 5 --
Player 0 plays AH
Player 1 plays AD
Player 2 plays JS
Player 0 won the hand: 5 points

Player 0 plays 10H
Player 1 plays QD
Player 2 plays 9H
Player 3 plays QH
Player 2 won the hand: 3 points

Player 2 plays 7C
Player 3 plays JC
Player 0 plays 10C
Player 1 plays AC
Player 3 won the hand: 5 points

Player 3 plays 10S
Player 0 plays KD
Player 1 plays JD
Player 2 plays JH
Player 2 won the hand: 7 points

Game 9 final points: Team A=20, Team B=8
Series cumulative game score so far: Team A=0, Team B=1
Log saved to: c:\Users\laksh\Desktop\Projects\28bot\logs\game28\mcts_games\game_9_20250823_174301_695916.log
