
===== GAME 3 (20250820_195214_917343) =====

===== AUCTION =====
Pass (locked): Player 0 (min_allowed=16)
  bidding analysis:
    present_suits: D, C, S
    current_high=0  min_allowed=16  raise_delta=1
    overall: avg=12.25  p30=11.00  std=6.42
    suit_stats:
      D: pts=[11, 4, 12, 22]  avg=12.25  p30=11.00  std=6.42
      C: pts=[]
      S: pts=[]
    failed_checks:
      D: p30 11.00 < 15; conf_mean 9.04 < 15
      C: p30 0.00 < 15; conf_mean 0.00 < 15
      S: p30 0.00 < 15; conf_mean 0.00 < 15
    reason: Pass: No suit meets thresholds. Best suit D has p30=11.00, conf_mean=9.04 below min_allowed=16 (current_high=0, raise_delta=+1). Failed checks for best suit: p30 11.00 < 15, conf_mean 9.04 < 15.
Pass (locked): Player 1 (min_allowed=16)
  bidding analysis:
    present_suits: D, C, S
    current_high=0  min_allowed=16  raise_delta=1
    overall: avg=16.25  p30=13.00  std=5.31
    suit_stats:
      D: pts=[13, 10, 18, 24]  avg=16.25  p30=13.00  std=5.31
      C: pts=[]
      S: pts=[]
    failed_checks:
      D: p30 13.00 < 15; conf_mean 13.60 < 15
      C: p30 0.00 < 15; conf_mean 0.00 < 15
      S: p30 0.00 < 15; conf_mean 0.00 < 15
    reason: Pass: No suit meets thresholds. Best suit D has p30=13.00, conf_mean=13.60 below min_allowed=16 (current_high=0, raise_delta=+1). Failed checks for best suit: p30 13.00 < 15, conf_mean 13.60 < 15.
Bid: Player 2 proposes 18 (min_allowed=16)
  bidding analysis:
    present_suits: D, S
    current_high=0  min_allowed=16  raise_delta=1
    chosen_suit: S
    proposed_bid: 18
    overall: avg=19.00  p30=16.00  std=4.95
    suit_stats:
      S: pts=[19, 14, 27, 16]  avg=19.00  p30=16.00  std=4.95
      D: pts=[18, 15]  avg=16.50  p30=15.00  std=1.50
    reason: Bid: Suit S meets thresholds (p30=16.00, conf_mean=16.53 >= min_allowed=16); conservative mapping max(p30, avg-1) -> 18. (current_high=0, raise_delta=+1)
Bid: Player 3 proposes 23 (min_allowed=19)
  bidding analysis:
    present_suits: H, C
    current_high=18  min_allowed=19  raise_delta=1
    chosen_suit: C
    proposed_bid: 23
    overall: avg=24.25  p30=23.00  std=1.64
    suit_stats:
      C: pts=[23, 23, 24, 27]  avg=24.25  p30=23.00  std=1.64
      H: pts=[]
    reason: Bid: Suit C meets thresholds (p30=23.00, conf_mean=23.43 >= min_allowed=19); conservative mapping max(p30, avg-1) -> 23. (current_high=18, raise_delta=+1)
Pass (locked): Player 2 (min_allowed=24)
  bidding analysis:
    present_suits: D, S
    current_high=23  min_allowed=24  raise_delta=1
    overall: avg=17.50  p30=18.00  std=1.50
    suit_stats:
      S: pts=[18, 19, 18, 15]  avg=17.50  p30=18.00  std=1.50
      D: pts=[13, 10]  avg=11.50  p30=10.00  std=1.50
    failed_checks:
      D: p30 10.00 < 23; conf_mean 10.75 < 23
      S: p30 18.00 < 23; conf_mean 16.75 < 23
    reason: Pass: No suit meets thresholds. Best suit S has p30=18.00, conf_mean=16.75 below min_allowed=24 (current_high=23, raise_delta=+1). Failed checks for best suit: p30 18.00 < 23, conf_mean 16.75 < 23.

AUCTION WINNER: Player 3 with bid 23; chooses trump C 
Details={'chosen': 'C', 'estimates': {'C': 18.0, 'H': 17.666666666666668}}
Player 0 hand :  ['KD', '8D', '9C', 'QS', 'KS', '8C', 'AC', 'KH']
Player 1 hand :  ['9D', 'JD', 'QC', '7S', 'AS', '10H', 'QH', '8S']
Player 2 hand :  ['10S', 'AD', '7D', '9S', '8H', '7H', 'AH', 'QD']
Player 3 hand :  ['7C', 'JC', 'JH', '10D', '9H', '10C', 'JS']
Player 0 (auction 4 cards): ['KD', '8D', '9C', 'QS']
Player 1 (auction 4 cards): ['9D', 'JD', 'QC', '7S']
Player 2 (auction 4 cards): ['10S', 'AD', '7D', '9S']
Player 3 (auction 4 cards): ['7C', 'JC', 'KC', 'JH']
Auction winner (bidder): Player 3 with bid 23
Bidder sets concealed trump suit: C
Phase: concealed, bidder concealed card: KC

Player 0 plays KD
Player 1 plays 9D
Player 2 plays AD
Player 3 plays 10D
Player 1 won the hand: 4 points

Player 1 plays JD
Player 2 plays 7D
-- Phase 2 begins: Trump revealed as C by Player 3 on trick 2 --
Player 3 plays 7C
Player 0 plays 8D
Player 3 won the hand: 3 points

Player 3 plays JC
Player 0 plays 9C
Player 1 plays QC
Player 2 plays 10S
Player 3 won the hand: 6 points

Player 3 plays JH
Player 0 plays KH
Player 1 plays 10H
Player 2 plays 8H
Player 3 won the hand: 4 points

Player 3 plays 9H
Player 0 plays QS
Player 1 plays QH
Player 2 plays 7H
Player 3 won the hand: 2 points

Player 3 plays 10C
Player 0 plays 8C
Player 1 plays 7S
Player 2 plays 9S
Player 3 won the hand: 3 points

Player 3 plays JS
Player 0 plays KS
Player 1 plays AS
Player 2 plays AH
Player 3 won the hand: 5 points

Player 3 plays KC
Player 0 plays AC
Player 1 plays 8S
Player 2 plays QD
Player 0 won the hand: 1 points

Game 3 final points: Team A=1, Team B=27
Series cumulative game score so far: Team A=0, Team B=2
Log saved to: c:\Users\laksh\Desktop\Projects\28bot\logs\game28\mcts_games\game_3_20250820_195214_917343.log
