
===== GAME 16 (20250822_134347_796844) =====

===== AUCTION =====
Pass (locked): Player 0 (min_allowed=16)
  bidding analysis:
    present_suits: H, C, S
    current_high=0  min_allowed=16  raise_delta=1
    overall: avg=17.00  p30=17.00  std=5.34
    failed_checks:
      H: conf_mean 14.33 < 15
      S: p30 0.00 < 15; conf_mean 0.00 < 15
    reason: Pass: No suit meets thresholds. Best suit H has p30=17.00, conf_mean=14.33 below min_allowed=16 (current_high=0, raise_delta=+1). Failed checks for best suit: conf_mean 14.33 < 15.
Pass (locked): Player 1 (min_allowed=16)
  bidding analysis:
    present_suits: H, D, S
    current_high=0  min_allowed=16  raise_delta=1
    overall: avg=14.00  p30=10.00  std=5.84
    suit_stats:
      H: pts=[5, 17, 12, 15, 6, 16 ...]  avg=14.00  p30=10.00  std=5.84
      D: pts=[]
      S: pts=[]
    failed_checks:
      H: p30 10.00 < 15; conf_mean 11.08 < 15
      D: p30 0.00 < 15; conf_mean 0.00 < 15
      S: p30 0.00 < 15; conf_mean 0.00 < 15
    reason: Pass: No suit meets thresholds. Best suit H has p30=10.00, conf_mean=11.08 below min_allowed=16 (current_high=0, raise_delta=+1). Failed checks for best suit: p30 10.00 < 15, conf_mean 11.08 < 15.
Pass (locked): Player 2 (min_allowed=16)
  bidding analysis:
    present_suits: H, D, S
    current_high=0  min_allowed=16  raise_delta=1
    overall: avg=15.17  p30=12.00  std=8.35
    failed_checks:
      H: p30 12.00 < 15; conf_mean 10.99 < 15
      D: p30 0.00 < 15; conf_mean 1.50 < 15
    reason: Pass: No suit meets thresholds. Best suit H has p30=12.00, conf_mean=10.99 below min_allowed=16 (current_high=0, raise_delta=+1). Failed checks for best suit: p30 12.00 < 15, conf_mean 10.99 < 15.
Pass (locked): Player 3 (min_allowed=16)
  bidding analysis:
    present_suits: H, D, C, S
    current_high=0  min_allowed=16  raise_delta=1
    overall: avg=14.67  p30=12.00  std=5.37
    failed_checks:
      H: p30 8.00 < 15; conf_mean 10.60 < 15
      D: p30 4.00 < 15; conf_mean 7.44 < 15
      C: p30 12.00 < 15; conf_mean 11.98 < 15
      S: p30 9.00 < 15; conf_mean 10.34 < 15
    reason: Pass: No suit meets thresholds. Best suit C has p30=12.00, conf_mean=11.98 below min_allowed=16 (current_high=0, raise_delta=+1). Failed checks for best suit: p30 12.00 < 15, conf_mean 11.98 < 15.
Forced bid: All players passed. Player 0 takes minimum bid 16.

AUCTION WINNER: Player 0 with bid 16; chooses trump C 
Details={'chosen': 'C', 'estimates': {'H': 17.0, 'S': 0.0, 'C': 21.5}}
Player 0 hand :  ['JS', '8C', 'AH', '10D', '8S', 'AS', '10H']
Player 1 hand :  ['KD', 'QH', 'KH', 'KS', 'JD', '9H', 'JC', 'JH']
Player 2 hand :  ['7H', 'QS', '7S', '8D', 'QC', 'KC', 'AC', 'QD']
Player 3 hand :  ['7C', '9D', '9S', '8H', '10S', 'AD', '10C', '7D']
Player 0 (auction 4 cards): ['JS', '8C', 'AH', '9C']
Player 1 (auction 4 cards): ['KD', 'QH', 'KH', 'KS']
Player 2 (auction 4 cards): ['7H', 'QS', '7S', '8D']
Player 3 (auction 4 cards): ['7C', '9D', '9S', '8H']
Auction winner (bidder): Player 0 with bid 16
Bidder sets concealed trump suit: C
Phase: concealed, bidder concealed card: 9C

Player 0 plays JS
Player 1 plays KS
Player 2 plays QS
Player 3 plays 9S
Player 0 won the hand: 5 points

Player 0 plays AH
Player 1 plays QH
Player 2 plays 7H
Player 3 plays 8H
Player 0 won the hand: 1 points

Player 0 plays 10D
Player 1 plays KD
Player 2 plays 8D
Player 3 plays 9D
Player 3 won the hand: 3 points

Player 3 plays 7C
Player 0 plays 8C
Player 1 plays JC
Player 2 plays QC
Player 1 won the hand: 3 points

Player 1 plays KH
Player 2 plays 7S
Player 3 plays 10S
Player 0 plays 10H
Player 0 won the hand: 2 points

Player 0 plays 8S
Player 1 plays JD
-- Phase 2 begins: Trump revealed as C by Player 2 on trick 6 --
Player 2 plays KC
Player 3 plays AD
Player 2 won the hand: 4 points

Player 2 plays AC
Player 3 plays 10C
Player 0 plays 9C
Player 1 plays 9H
Player 0 won the hand: 6 points

Player 0 plays AS
Player 1 plays JH
Player 2 plays QD
Player 3 plays 7D
Player 0 won the hand: 4 points

Game 16 final points: Team A=22, Team B=6
Series cumulative game score so far: Team A=-3, Team B=0
Log saved to: c:\Users\laksh\Desktop\Projects\28bot\logs\game28\mcts_games\game_16_20250822_134347_796844.log
