
===== GAME 6 (20250819_150143_736009) =====

===== AUCTION =====
Pass (locked): Player 0 (min_allowed=16)
  bidding analysis:
    present_suits: H, D, S
    current_high=0  min_allowed=16  raise_delta=1
    overall: avg=11.75  p30=13.00  std=7.29
    suit_stats:
      H: pts=[13, 14, 0, 0]  avg=6.75  p30=0.00  std=6.76
      D: pts=[20, 13, 14, 0]  avg=11.75  p30=13.00  std=7.29
      S: pts=[0, 0, 9, 3]  avg=3.00  p30=0.00  std=3.67
    failed_checks:
      H: p30 0.00 < 15; conf_mean 3.37 < 15
      D: p30 13.00 < 15; conf_mean 8.10 < 15
      S: p30 0.00 < 15; conf_mean 1.16 < 15
    reason: Pass: No suit meets thresholds. Best suit D has p30=13.00, conf_mean=8.10 below min_allowed=16 (current_high=0, raise_delta=+1). Failed checks for best suit: p30 13.00 < 15, conf_mean 8.10 < 15.
Pass (locked): Player 1 (min_allowed=16)
  bidding analysis:
    present_suits: H, D, C, S
    current_high=0  min_allowed=16  raise_delta=1
    overall: avg=11.25  p30=13.00  std=6.61
    suit_stats:
      H: pts=[7, 15, 10, 20]  avg=13.00  p30=10.00  std=4.95
      D: pts=[8, 13, 9, 4]  avg=8.50  p30=8.00  std=3.20
      C: pts=[0, 0, 18, 27]  avg=11.25  p30=0.00  std=11.69
      S: pts=[16, 16, 13, 0]  avg=11.25  p30=13.00  std=6.61
    failed_checks:
      H: p30 10.00 < 15; conf_mean 10.53 < 15
      D: p30 8.00 < 15; conf_mean 6.90 < 15
      C: p30 0.00 < 15; conf_mean 5.40 < 15
      S: p30 13.00 < 15; conf_mean 7.95 < 15
    reason: Pass: No suit meets thresholds. Best suit S has p30=13.00, conf_mean=7.95 below min_allowed=16 (current_high=0, raise_delta=+1). Failed checks for best suit: p30 13.00 < 15, conf_mean 7.95 < 15.
Pass (locked): Player 2 (min_allowed=16)
  bidding analysis:
    present_suits: C, S
    current_high=0  min_allowed=16  raise_delta=1
    overall: avg=15.00  p30=19.00  std=8.69
    suit_stats:
      C: pts=[0, 12, 16, 15]  avg=10.75  p30=12.00  std=6.38
      S: pts=[20, 0, 19, 21]  avg=15.00  p30=19.00  std=8.69
    failed_checks:
      C: p30 12.00 < 15; conf_mean 7.56 < 15
      S: conf_mean 10.66 < 15
    reason: Pass: No suit meets thresholds. Best suit S has p30=19.00, conf_mean=10.66 below min_allowed=16 (current_high=0, raise_delta=+1). Failed checks for best suit: conf_mean 10.66 < 15.
Bid: Player 3 proposes 17 (min_allowed=16)
  bidding analysis:
    present_suits: D, C
    current_high=0  min_allowed=16  raise_delta=1
    chosen_suit: D
    proposed_bid: 17
    overall: avg=18.75  p30=16.00  std=4.32
    suit_stats:
      D: pts=[26, 18, 16, 15]  avg=18.75  p30=16.00  std=4.32
      C: pts=[13, 10, 0, 4]  avg=6.75  p30=4.00  std=5.07
    reason: Bid: Suit D meets thresholds (p30=16.00, conf_mean=16.59 >= min_allowed=16); conservative mapping max(p30, avg-1) -> 17. (current_high=0, raise_delta=+1)

AUCTION WINNER: Player 3 with bid 17; chooses trump D 
Details={'chosen': 'D', 'estimates': {'D': 8, 'C': 8}}
Player 0 hand :  ['KS', '10D', '10H', 'QS', 'JD', 'KH', '9H', '10C']
Player 1 hand :  ['QH', '8D', '8S', 'JC', 'AH', '9D', 'AS', 'JS']
Player 2 hand :  ['10S', '8C', '9S', '7S', 'QC', '8H', '7H', '7D']
Player 3 hand :  ['KC', 'KD', 'AC', '9C', '7C', 'JH', 'QD']
Player 0 (auction 4 cards): ['KS', '10D', '10H', 'QS']
Player 1 (auction 4 cards): ['QH', '8D', '8S', 'JC']
Player 2 (auction 4 cards): ['10S', '8C', '9S', '7S']
Player 3 (auction 4 cards): ['KC', 'KD', 'AD', 'AC']
Auction winner (bidder): Player 3 with bid 17
Bidder sets concealed trump suit: D
Phase: concealed, bidder concealed card: AD

Player 0 plays KS
Player 1 plays 8S
Player 2 plays 10S
Player 3 plays KC
Player 2 won the hand: 1 points

Player 2 plays 8C
Player 3 plays AC
Player 0 plays 10C
Player 1 plays JC
Player 1 won the hand: 5 points

Player 1 plays QH
Player 2 plays 8H
Player 3 plays JH
Player 0 plays 10H
Player 3 won the hand: 4 points

Player 3 plays 9C
-- Phase 2 begins: Trump revealed as D by Player 0 on trick 4 --
Player 0 plays 10D
Player 1 plays 8D
Player 2 plays QC
Player 0 won the hand: 3 points

Player 0 plays QS
Player 1 plays AS
Player 2 plays 9S
Player 3 plays KD
Player 3 won the hand: 3 points

Player 3 plays 7C
Player 0 plays JD
Player 1 plays AH
Player 2 plays 7S
Player 0 won the hand: 4 points

Player 0 plays KH
Player 1 plays 9D
Player 2 plays 7H
Player 3 plays QD
Player 1 won the hand: 2 points

Player 1 plays JS
Player 2 plays 7D
Player 3 plays AD
Player 0 plays 9H
Player 3 won the hand: 6 points

Game 6 final points: Team A=8, Team B=20
Series cumulative game score so far: Team A=2, Team B=1
Log saved to: c:\Users\laksh\Desktop\Projects\28bot\logs\game28\mcts_games\game_6_20250819_150143_736009.log
