
===== GAME 11 (20250822_133439_490116) =====

===== AUCTION =====
Bid: Player 0 proposes 16 (min_allowed=16)
  bidding analysis:
    present_suits: H, D, C, S
    current_high=0  min_allowed=16  raise_delta=1
    chosen_suit: D
    proposed_bid: 16
    overall: avg=15.00  p30=15.00  std=0.00
    suit_stats:
      D: pts=[15]  avg=15.00  p30=15.00  std=0.00
      S: pts=[8]  avg=8.00  p30=8.00  std=0.00
      H: pts=[9]  avg=9.00  p30=9.00  std=0.00
      C: pts=[6]  avg=6.00  p30=6.00  std=0.00
    reason: Bid: Suit D meets thresholds (p30=15.00, conf_mean=15.00 >= min_allowed=16); conservative mapping max(p30, avg-1) -> 16. (current_high=0, raise_delta=+1)
Pass (locked): Player 1 (min_allowed=17)
  bidding analysis:
    present_suits: H, C
    current_high=16  min_allowed=17  raise_delta=1
    overall: avg=12.75  p30=8.00  std=5.95
    suit_stats:
      H: pts=[6, 16, 6, 8, 19, 3 ...]  avg=12.75  p30=8.00  std=5.95
      C: pts=[5]  avg=5.00  p30=5.00  std=0.00
    failed_checks:
      H: p30 8.00 < 16; conf_mean 9.77 < 16
      C: p30 5.00 < 16; conf_mean 5.00 < 16
    reason: Pass: No suit meets thresholds. Best suit H has p30=8.00, conf_mean=9.77 below min_allowed=17 (current_high=16, raise_delta=+1). Failed checks for best suit: p30 8.00 < 16, conf_mean 9.77 < 16.
Pass (locked): Player 2 (min_allowed=17)
  bidding analysis:
    present_suits: D, C, S
    current_high=16  min_allowed=17  raise_delta=1
    overall: avg=15.06  p30=14.00  std=4.45
    suit_stats:
      D: pts=[14, 17, 17, 23, 16, 14 ...]  avg=15.06  p30=14.00  std=4.45
      C: pts=[]
      S: pts=[]
    failed_checks:
      D: p30 14.00 < 16; conf_mean 12.84 < 16
      C: p30 0.00 < 16; conf_mean 0.00 < 16
      S: p30 0.00 < 16; conf_mean 0.00 < 16
    reason: Pass: No suit meets thresholds. Best suit D has p30=14.00, conf_mean=12.84 below min_allowed=17 (current_high=16, raise_delta=+1). Failed checks for best suit: p30 14.00 < 16, conf_mean 12.84 < 16.
Pass (locked): Player 3 (min_allowed=17)
  bidding analysis:
    present_suits: H, D
    current_high=16  min_allowed=17  raise_delta=1
    overall: avg=15.00  p30=15.00  std=0.00
    suit_stats:
      H: pts=[9, 3, 15, 13, 28, 17 ...]  avg=14.38  p30=10.00  std=6.71
      D: pts=[15]  avg=15.00  p30=15.00  std=0.00
    failed_checks:
      H: p30 10.00 < 16; conf_mean 11.02 < 16
      D: p30 15.00 < 16; conf_mean 15.00 < 16
    reason: Pass: No suit meets thresholds. Best suit D has p30=15.00, conf_mean=15.00 below min_allowed=17 (current_high=16, raise_delta=+1). Failed checks for best suit: p30 15.00 < 16, conf_mean 15.00 < 16.

AUCTION WINNER: Player 0 with bid 16; chooses trump S 
Details={'chosen': 'S', 'estimates': {'D': 6.0, 'H': 14.0, 'C': 12.0, 'S': 22.0}}
Player 0 hand :  ['7C', '10H', 'QD', 'JS', '10D', '9S', 'JC']
Player 1 hand :  ['KH', 'AC', 'QH', 'KC', '7H', 'AD', 'JH', 'QC']
Player 2 hand :  ['7D', '10C', '8S', '9D', '10S', '9C', 'AH', 'AS']
Player 3 hand :  ['9H', 'KD', '8H', 'JD', '8C', 'KS', '7S', '8D']
Player 0 (auction 4 cards): ['7C', '10H', 'QS', 'QD']
Player 1 (auction 4 cards): ['KH', 'AC', 'QH', 'KC']
Player 2 (auction 4 cards): ['7D', '10C', '8S', '9D']
Player 3 (auction 4 cards): ['9H', 'KD', '8H', 'JD']
Auction winner (bidder): Player 0 with bid 16
Bidder sets concealed trump suit: S
Phase: concealed, bidder concealed card: QS

Player 0 plays 7C
Player 1 plays AC
Player 2 plays 10C
Player 3 plays 8C
Player 1 won the hand: 2 points

Player 1 plays KH
Player 2 plays AH
Player 3 plays 9H
Player 0 plays 10H
Player 3 won the hand: 4 points

Player 3 plays KD
Player 0 plays QD
Player 1 plays AD
Player 2 plays 7D
Player 1 won the hand: 1 points

Player 1 plays QH
-- Phase 2 begins: Trump revealed as S by Player 2 on trick 4 --
Player 2 plays 8S
Player 3 plays 8H
Player 0 plays JS
Player 0 won the hand: 3 points

Player 0 plays 10D
Player 1 plays KC
Player 2 plays 9D
Player 3 plays JD
Player 3 won the hand: 6 points

Player 3 plays KS
Player 0 plays 9S
Player 1 plays 7H
Player 2 plays 10S
Player 0 won the hand: 3 points

Player 0 plays JC
Player 1 plays QC
Player 2 plays 9C
Player 3 plays 7S
Player 3 won the hand: 5 points

Player 3 plays 8D
Player 0 plays QS
Player 1 plays JH
Player 2 plays AS
Player 2 won the hand: 4 points

Game 11 final points: Team A=10, Team B=18
Series cumulative game score so far: Team A=-4, Team B=3
Log saved to: c:\Users\laksh\Desktop\Projects\28bot\logs\game28\mcts_games\game_11_20250822_133439_490116.log
