
===== GAME 1 (20250820_222622_376887) =====

===== AUCTION =====
Bid: Player 0 proposes 16 (min_allowed=16)
  bidding analysis:
    present_suits: H, D, C, S
    current_high=0  min_allowed=16  raise_delta=1
    chosen_suit: C
    proposed_bid: 16
    overall: avg=15.00  p30=15.00  std=0.00
    suit_stats:
      D: pts=[19, 22, 13, 27, 16, 8 ...]  avg=15.08  p30=12.00  std=6.31
      C: pts=[15]  avg=15.00  p30=15.00  std=0.00
      H: pts=[14]  avg=14.00  p30=14.00  std=0.00
      S: pts=[13]  avg=13.00  p30=13.00  std=0.00
    reason: Bid: Suit C meets thresholds (p30=15.00, conf_mean=15.00 >= min_allowed=16); conservative mapping max(p30, avg-1) -> 16. (current_high=0, raise_delta=+1)
Pass (locked): Player 1 (min_allowed=17)
  bidding analysis:
    present_suits: H, D, C
    current_high=16  min_allowed=17  raise_delta=1
    overall: avg=16.75  p30=13.00  std=6.18
    suit_stats:
      C: pts=[12, 22, 19, 14, 21, 18 ...]  avg=16.75  p30=13.00  std=6.18
      H: pts=[]
      D: pts=[]
    failed_checks:
      H: p30 0.00 < 16; conf_mean 0.00 < 16
      D: p30 0.00 < 16; conf_mean 0.00 < 16
      C: p30 13.00 < 16; conf_mean 13.66 < 16
    reason: Pass: No suit meets thresholds. Best suit C has p30=13.00, conf_mean=13.66 below min_allowed=17 (current_high=16, raise_delta=+1). Failed checks for best suit: p30 13.00 < 16, conf_mean 13.66 < 16.
