
===== GAME 51 (20250825_124303_045469) =====

===== AUCTION =====
Pass (locked): Player 0 (min_allowed=16)
  bidding analysis:
    present_suits: H, D, C
    current_high=0  min_allowed=16  raise_delta=1
    overall: avg=0.00  p30=0.00  std=0.00
    failed_checks:
      D: p30 0.00 < 15; conf_mean 0.00 < 15
      C: p30 0.00 < 15; conf_mean 0.00 < 15
    reason: Pass: No suit meets thresholds. Best suit H has p30=0.00, conf_mean=0.00 below min_allowed=16 (current_high=0, raise_delta=+1). Failed checks for best suit: n/a.
Pass (locked): Player 1 (min_allowed=16)
  bidding analysis:
    present_suits: D, C, S
    current_high=0  min_allowed=16  raise_delta=1
    overall: avg=13.94  p30=10.00  std=5.13
    suit_stats:
      S: pts=[9, 11, 21, 7, 10, 6 ...]  avg=13.94  p30=10.00  std=5.13
      D: pts=[]
      C: pts=[]
    failed_checks:
      D: p30 0.00 < 15; conf_mean 0.00 < 15
      C: p30 0.00 < 15; conf_mean 0.00 < 15
      S: p30 10.00 < 15; conf_mean 11.37 < 15
    reason: Pass: No suit meets thresholds. Best suit S has p30=10.00, conf_mean=11.37 below min_allowed=16 (current_high=0, raise_delta=+1). Failed checks for best suit: p30 10.00 < 15, conf_mean 11.37 < 15.
Pass (locked): Player 2 (min_allowed=16)
  bidding analysis:
    present_suits: H, C, S
    current_high=0  min_allowed=16  raise_delta=1
    overall: avg=9.50  p30=6.00  std=4.21
    failed_checks:
      H: p30 0.00 < 15; conf_mean 0.00 < 15
      C: p30 6.00 < 15; conf_mean 7.39 < 15
    reason: Pass: No suit meets thresholds. Best suit C has p30=6.00, conf_mean=7.39 below min_allowed=16 (current_high=0, raise_delta=+1). Failed checks for best suit: p30 6.00 < 15, conf_mean 7.39 < 15.
Pass (locked): Player 3 (min_allowed=16)
  bidding analysis:
    present_suits: H, D, S
    current_high=0  min_allowed=16  raise_delta=1
    overall: avg=13.50  p30=12.00  std=1.66
    failed_checks:
      D: p30 12.00 < 15; conf_mean 12.67 < 15
      S: p30 0.00 < 15; conf_mean 0.00 < 15
    reason: Pass: No suit meets thresholds. Best suit D has p30=12.00, conf_mean=12.67 below min_allowed=16 (current_high=0, raise_delta=+1). Failed checks for best suit: p30 12.00 < 15, conf_mean 12.67 < 15.
Forced bid: All players passed. Player 0 takes minimum bid 16.

AUCTION WINNER: Player 0 with bid 16; chooses trump H 
Details={'chosen': 'H', 'estimates': {'D': 0.0, 'C': 0.0, 'H': 13.166666666666666}}
Player 0 hand :  ['9C', '8D', '7C', '7H', 'JD', '9S', 'AC']
Player 1 hand :  ['AD', '10C', 'QS', 'KS', 'QD', 'QC', 'QH', '10S']
Player 2 hand :  ['8S', '8C', 'AS', 'AH', 'KD', '9D', '10H', '7D']
Player 3 hand :  ['KH', '9H', '10D', '7S', 'JS', 'JH', 'JC', 'KC']
Player 0 (auction 4 cards): ['9C', '8H', '8D', '7C']
Player 1 (auction 4 cards): ['AD', '10C', 'QS', 'KS']
Player 2 (auction 4 cards): ['8S', '8C', 'AS', 'AH']
Player 3 (auction 4 cards): ['KH', '9H', '10D', '7S']
Auction winner (bidder): Player 0 with bid 16
Bidder sets concealed trump suit: H
Phase: concealed, bidder concealed card: 8H

Player 0 plays 9C
Player 1 plays 10C
Player 2 plays 8C
Player 3 plays JC
Player 3 won the hand: 6 points

Player 3 plays KH
Player 0 plays 7H
Player 1 plays QH
Player 2 plays AH
Player 2 won the hand: 1 points

Player 2 plays 8S
Player 3 plays 7S
Player 0 plays 9S
Player 1 plays QS
Player 0 won the hand: 2 points

Player 0 plays 8D
Player 1 plays AD
Player 2 plays KD
Player 3 plays 10D
Player 1 won the hand: 2 points

Player 1 plays KS
Player 2 plays AS
Player 3 plays JS
Player 0 plays 7C
Player 3 won the hand: 4 points

Player 3 plays 9H
Player 0 plays JD
Player 1 plays QD
Player 2 plays 10H
Player 3 won the hand: 6 points

Player 3 plays JH
Player 0 plays AC
Player 1 plays QC
Player 2 plays 9D
Player 3 won the hand: 6 points

Player 3 plays KC
Error during gameplay: Current player 0 has no cards but other players do
No cards available, ending game
Game 51 final points: Team A=3, Team B=24
Series cumulative game score so far: Team A=-13, Team B=-6
Log saved to: c:\Users\laksh\Desktop\Projects\28bot\logs\game28\mcts_games\game_51_20250825_124303_045469.log
