
===== GAME 11 (20250821_000258_532703) =====

===== AUCTION =====
Bid: Player 0 proposes 18 (min_allowed=16)
  bidding analysis:
    present_suits: H, D, C
    current_high=0  min_allowed=16  raise_delta=1
    chosen_suit: H
    proposed_bid: 18
    overall: avg=19.12  p30=18.00  std=2.80
    suit_stats:
      H: pts=[18, 20, 21, 23, 21, 13 ...]  avg=19.12  p30=18.00  std=2.80
      D: pts=[]
      C: pts=[]
    reason: Bid: Suit H meets thresholds (p30=18.00, conf_mean=17.72 >= min_allowed=16); conservative mapping max(p30, avg-1) -> 18. (current_high=0, raise_delta=+1)
Pass (locked): Player 1 (min_allowed=19)
  bidding analysis:
    present_suits: H, D
    current_high=18  min_allowed=19  raise_delta=1
    overall: avg=15.00  p30=15.00  std=0.00
    suit_stats:
      D: pts=[6, 20, 10, 9, 14, 15 ...]  avg=13.12  p30=10.00  std=5.01
      H: pts=[15]  avg=15.00  p30=15.00  std=0.00
    failed_checks:
      H: p30 15.00 < 18; conf_mean 15.00 < 18
      D: p30 10.00 < 18; conf_mean 10.62 < 18
    reason: Pass: No suit meets thresholds. Best suit H has p30=15.00, conf_mean=15.00 below min_allowed=19 (current_high=18, raise_delta=+1). Failed checks for best suit: p30 15.00 < 18, conf_mean 15.00 < 18.
Bid: Player 2 proposes 20 (min_allowed=19)
  bidding analysis:
    present_suits: H, D, C, S
    current_high=18  min_allowed=19  raise_delta=1
    chosen_suit: S
    proposed_bid: 20
    overall: avg=20.00  p30=20.00  std=0.00
    suit_stats:
      S: pts=[20]  avg=20.00  p30=20.00  std=0.00
      C: pts=[15]  avg=15.00  p30=15.00  std=0.00
      H: pts=[5]  avg=5.00  p30=5.00  std=0.00
      D: pts=[19]  avg=19.00  p30=19.00  std=0.00
    reason: Bid: Suit S meets thresholds (p30=20.00, conf_mean=20.00 >= min_allowed=19); conservative mapping max(p30, avg-1) -> 20. (current_high=18, raise_delta=+1)
Pass (locked): Player 3 (min_allowed=21)
  bidding analysis:
    present_suits: C, S
    current_high=20  min_allowed=21  raise_delta=1
    overall: avg=13.75  p30=10.00  std=5.21
    suit_stats:
      C: pts=[9, 20, 5, 16, 12, 20 ...]  avg=13.75  p30=10.00  std=5.21
      S: pts=[]
    failed_checks:
      C: p30 10.00 < 20; conf_mean 11.14 < 20
      S: p30 0.00 < 20; conf_mean 0.00 < 20
    reason: Pass: No suit meets thresholds. Best suit C has p30=10.00, conf_mean=11.14 below min_allowed=21 (current_high=20, raise_delta=+1). Failed checks for best suit: p30 10.00 < 20, conf_mean 11.14 < 20.
Pass (locked): Player 0 (min_allowed=21)
  bidding analysis:
    present_suits: H, D, C
    current_high=20  min_allowed=21  raise_delta=1
    overall: avg=18.38  p30=16.00  std=3.50
    suit_stats:
      H: pts=[23, 17, 13, 23, 15, 16 ...]  avg=18.38  p30=16.00  std=3.50
      D: pts=[]
      C: pts=[]
    failed_checks:
      H: p30 16.00 < 20; conf_mean 16.63 < 20
      D: p30 0.00 < 20; conf_mean 0.00 < 20
      C: p30 0.00 < 20; conf_mean 0.00 < 20
    reason: Pass: No suit meets thresholds. Best suit H has p30=16.00, conf_mean=16.63 below min_allowed=21 (current_high=20, raise_delta=+1). Failed checks for best suit: p30 16.00 < 20, conf_mean 16.63 < 20.

AUCTION WINNER: Player 2 with bid 20; chooses trump C 
Details={'chosen': 'C', 'estimates': {'S': 17.0, 'D': 9.0, 'C': 17.0, 'H': 9.0}}
Player 0 hand :  ['JC', '8D', 'JH', '9H', 'KH', 'KS', '10D', 'AS']
Player 1 hand :  ['10H', '9D', 'KD', 'AH', '8C', 'JS', 'QS', 'QD']
Player 2 hand :  ['9S', 'QH', 'AD', 'KC', 'JD', '10S', '8H']
Player 3 hand :  ['AC', '8S', '7C', '10C', '9C', '7D', '7H', '7S']
Player 0 (auction 4 cards): ['JC', '8D', 'JH', '9H']
Player 1 (auction 4 cards): ['10H', '9D', 'KD', 'AH']
Player 2 (auction 4 cards): ['9S', 'QC', 'QH', 'AD']
Player 3 (auction 4 cards): ['AC', '8S', '7C', '10C']
Auction winner (bidder): Player 2 with bid 20
Bidder sets concealed trump suit: C
Phase: concealed, bidder concealed card: QC

Player 0 plays JC
Player 1 plays 8C
Player 2 plays KC
Player 3 plays AC
Player 0 won the hand: 4 points

Player 0 plays 8D
Player 1 plays 9D
Player 2 plays AD
Player 3 plays 7D
Player 1 won the hand: 3 points

Player 1 plays 10H
Player 2 plays QH
Player 3 plays 7H
Player 0 plays JH
Player 0 won the hand: 4 points

Player 0 plays 9H
Player 1 plays AH
Player 2 plays 8H
Player 3 plays 8S
Player 0 won the hand: 3 points

Player 0 plays KH
Player 1 plays KD
Player 2 plays 9S
-- Phase 2 begins: Trump revealed as C by Player 3 on trick 5 --
Player 3 plays 7C
Player 3 won the hand: 2 points

Player 3 plays 10C
Player 0 plays KS
Player 1 plays JS
Player 2 plays QC
Player 3 won the hand: 4 points

Player 3 plays 9C
Player 0 plays 10D
Player 1 plays QS
Player 2 plays JD
Player 3 won the hand: 6 points

Player 3 plays 7S
Player 0 plays AS
Player 1 plays QD
Player 2 plays 10S
Player 0 won the hand: 2 points

Game 11 final points: Team A=13, Team B=15
Series cumulative game score so far: Team A=-8, Team B=-1
Log saved to: c:\Users\laksh\Desktop\Projects\28bot\logs\game28\mcts_games\game_11_20250821_000258_532703.log
