
===== GAME 6 (20250819_131230_402557) =====
Bid: Player 0 proposes 16 (min_allowed=16) – suit_scores={'H': [16, 22, 0, 14], 'D': [21, 11, 15, 22], 'C': [18, 14, 19, 12]} chosen=D p30=15 avg=17.25
Bid: Player 1 proposes 18 (min_allowed=17) – suit_scores={'H': [11, 14, 10, 6], 'C': [16, 18, 20, 24]} chosen=C p30=18 avg=19.5
Pass (locked): Player 2 (min_allowed=19) – analysis={'present_suits': ['H', 'D', 'S'], 'suit_to_points': {'H': [0, 0, 0, 18], 'D': [0, 10, 10, 0], 'S': [6, 0, 0, 19]}, 'chosen_suit': None, 'avg_points': 6.25, 'p30_points': 0, 'std_points': 7.75806032459145, 'proposed': None, 'current_high': 18, 'min_allowed': 20, 'reason': 'no_suit_meets_thresholds'}
Pass (locked): Player 3 (min_allowed=19) – analysis={'present_suits': ['H', 'C', 'S'], 'suit_to_points': {'H': [0, 7, 0, 17], 'C': [18, 6, 15, 16], 'S': [0, 18, 10, 9]}, 'chosen_suit': None, 'avg_points': 13.75, 'p30_points': 15, 'std_points': 4.602988159880492, 'proposed': None, 'current_high': 18, 'min_allowed': 20, 'reason': 'no_suit_meets_thresholds'}
Pass (locked): Player 0 (min_allowed=19) – analysis={'present_suits': ['H', 'D', 'C'], 'suit_to_points': {'H': [0, 23, 18, 18], 'D': [22, 23, 27, 0], 'C': [26, 12, 8, 20]}, 'chosen_suit': None, 'avg_points': 18.0, 'p30_points': 22, 'std_points': 10.559356040971437, 'proposed': None, 'current_high': 18, 'min_allowed': 20, 'reason': 'no_suit_meets_thresholds'}
Auction winner: Player 1 with bid 18; chooses trump C – details={'chosen': 'C', 'estimates': {'H': 3, 'C': 15}}
Player 0 hand :  ['7D', 'JD', 'AC', 'JH', '7S', '9S', 'JS', 'AH']
Player 1 hand :  ['9C', '10C', 'QH', '8D', 'QC', 'AD', 'KS']
Player 2 hand :  ['QD', 'KH', '8S', 'KD', '10D', '8H', '10H', '9D']
Player 3 hand :  ['QS', '8C', '7H', '7C', 'JC', '10S', '9H', 'AS']
Player 0 (auction 4 cards): ['7D', 'JD', 'AC', 'JH']
Player 1 (auction 4 cards): ['9C', '10C', 'KC', 'QH']
Player 2 (auction 4 cards): ['QD', 'KH', '8S', 'KD']
Player 3 (auction 4 cards): ['QS', '8C', '7H', '7C']
Auction winner (bidder): Player 1 with bid 18
Bidder sets concealed trump suit: C
Phase: concealed, bidder concealed card: KC

Player 0 plays JH
Player 1 plays QH
Player 2 plays KH
Player 3 plays 9H
Player 0 won the hand: 5 points

Player 0 plays 7D
Player 1 plays AD
Player 2 plays QD
Player 3 plays QS
Player 1 won the hand: 1 points

Player 1 plays KS
Player 2 plays 8S
Player 3 plays 10S
Player 0 plays JS
Player 0 won the hand: 4 points

Player 0 plays JD
Player 1 plays 8D
Player 2 plays KD
Player 3 plays AS
Player 0 won the hand: 4 points

Player 0 plays 7S
-- Phase 2 begins: Trump revealed as C by Player 1 on trick 5 --
Player 1 plays 9C
Player 2 plays 8H
Player 3 plays 8C
Player 1 won the hand: 2 points

Player 1 plays 10C
Player 2 plays 10D
Player 3 plays 7C
Player 0 plays AC
Player 0 won the hand: 3 points

Player 0 plays 9S
Player 1 plays QC
Player 2 plays 10H
Player 3 plays 7H
Player 1 won the hand: 3 points

Player 1 plays KC
Player 2 plays 9D
Player 3 plays JC
Player 0 plays AH
Player 3 won the hand: 6 points

Game 6 final points: Team A=16, Team B=12
Series cumulative game score so far: Team A=6, Team B=-1
Log saved to: c:\Users\laksh\Desktop\Projects\28bot\logs\game28\mcts_games\game_6_20250819_131230_402557.log
