
===== GAME 27 (20250821_111103_163563) =====

===== AUCTION =====
Pass (locked): Player 0 (min_allowed=16)
  bidding analysis:
    present_suits: H, C, S
    current_high=0  min_allowed=16  raise_delta=1
    overall: avg=11.33  p30=7.00  std=5.47
    failed_checks:
      H: p30 3.00 < 15; conf_mean 3.75 < 15
      C: p30 7.00 < 15; conf_mean 8.60 < 15
    reason: Pass: No suit meets thresholds. Best suit C has p30=7.00, conf_mean=8.60 below min_allowed=16 (current_high=0, raise_delta=+1). Failed checks for best suit: p30 7.00 < 15, conf_mean 8.60 < 15.
Bid: Player 1 proposes 21 (min_allowed=16)
  bidding analysis:
    present_suits: D, S
    current_high=0  min_allowed=16  raise_delta=1
    chosen_suit: S
    proposed_bid: 21
    overall: avg=22.38  p30=18.00  std=4.03
    suit_stats:
      S: pts=[23, 25, 21, 18, 28, 28 ...]  avg=22.38  p30=18.00  std=4.03
      D: pts=[]
    reason: Bid: Suit S meets thresholds (p30=18.00, conf_mean=20.36 >= min_allowed=16); conservative mapping max(p30, avg-1) -> 21. (current_high=0, raise_delta=+1)
Pass (locked): Player 2 (min_allowed=22)
  bidding analysis:
    present_suits: H, D
    current_high=21  min_allowed=22  raise_delta=1
    overall: avg=17.38  p30=14.00  std=5.54
    suit_stats:
      H: pts=[14, 12, 28, 14, 13, 14 ...]  avg=17.38  p30=14.00  std=5.54
      D: pts=[]
    failed_checks:
      H: p30 14.00 < 21; conf_mean 14.60 < 21
      D: p30 0.00 < 21; conf_mean 0.00 < 21
    reason: Pass: No suit meets thresholds. Best suit H has p30=14.00, conf_mean=14.60 below min_allowed=22 (current_high=21, raise_delta=+1). Failed checks for best suit: p30 14.00 < 21, conf_mean 14.60 < 21.
Pass (locked): Player 3 (min_allowed=22)
  bidding analysis:
    present_suits: D, C
    current_high=21  min_allowed=22  raise_delta=1
    overall: avg=14.25  p30=9.00  std=7.41
    suit_stats:
      D: pts=[9, 26, 9, 13, 5, 8 ...]  avg=14.25  p30=9.00  std=7.41
      C: pts=[]
    failed_checks:
      D: p30 9.00 < 21; conf_mean 10.54 < 21
      C: p30 0.00 < 21; conf_mean 0.00 < 21
    reason: Pass: No suit meets thresholds. Best suit D has p30=9.00, conf_mean=10.54 below min_allowed=22 (current_high=21, raise_delta=+1). Failed checks for best suit: p30 9.00 < 21, conf_mean 10.54 < 21.

AUCTION WINNER: Player 1 with bid 21; chooses trump S 
Details={'chosen': 'S', 'estimates': {'S': 23.0, 'D': 22.0}}
Player 0 hand :  ['KH', '7S', '7H', '8C', 'JC', '8H', 'KD', '9C']
Player 1 hand :  ['JD', '9S', '10S', '9D', 'KS', 'QS', 'AC']
Player 2 hand :  ['AH', '7D', '10H', 'JH', '8D', 'QH', 'QC', '8S']
Player 3 hand :  ['10D', 'QD', 'AD', '10C', 'AS', 'KC', '7C', '9H']
Player 0 (auction 4 cards): ['KH', '7S', '7H', '8C']
Player 1 (auction 4 cards): ['JD', '9S', 'JS', '10S']
Player 2 (auction 4 cards): ['AH', '7D', '10H', 'JH']
Player 3 (auction 4 cards): ['10D', 'QD', 'AD', '10C']
Auction winner (bidder): Player 1 with bid 21
Bidder sets concealed trump suit: S
Phase: concealed, bidder concealed card: JS

Player 0 plays KH
Player 1 plays JD
Player 2 plays AH
Player 3 plays 9H
Player 3 won the hand: 6 points

Player 3 plays 10D
Player 0 plays KD
Player 1 plays 9D
Player 2 plays 7D
Player 1 won the hand: 3 points

Player 1 plays AC
Player 2 plays QC
Player 3 plays 10C
Player 0 plays 8C
Player 1 won the hand: 2 points

Player 1 plays 9S
Player 2 plays 8S
Player 3 plays AS
Player 0 plays 7S
Player 1 won the hand: 3 points

Player 1 plays 10S
Player 2 plays 10H
Player 3 plays QD
Player 0 plays 7H
Player 1 won the hand: 2 points

Player 1 plays KS
Player 2 plays JH
Player 3 plays AD
Player 0 plays JC
Player 1 won the hand: 7 points

Player 1 plays QS
Player 2 plays 8D
Player 3 plays KC
Player 0 plays 8H
Player 1 won the hand: 0 points

Error during gameplay: Current player 1 has no cards but other players do
No cards available, ending game
Game 27 final points: Team A=0, Team B=23
Series cumulative game score so far: Team A=-7, Team B=-4
Log saved to: C:\Users\laksh\Desktop\Projects\28bot\logs\game28\mcts_games\game_27_20250821_111103_163563.log
