
===== GAME 49 (20250820_155314_248330) =====

===== AUCTION =====
Pass (locked): Player 0 (min_allowed=16)
  bidding analysis:
    present_suits: D, S
    current_high=0  min_allowed=16  raise_delta=1
    overall: avg=8.83  p30=8.00  std=4.45
    failed_checks:
      D: p30 8.00 < 15; conf_mean 6.61 < 15
    reason: Pass: No suit meets thresholds. Best suit D has p30=8.00, conf_mean=6.61 below min_allowed=16 (current_high=0, raise_delta=+1). Failed checks for best suit: p30 8.00 < 15, conf_mean 6.61 < 15.
Pass (locked): Player 1 (min_allowed=16)
  bidding analysis:
    present_suits: H, C, S
    current_high=0  min_allowed=16  raise_delta=1
    overall: avg=16.75  p30=14.00  std=3.96
    suit_stats:
      H: pts=[12, 14, 19, 22]  avg=16.75  p30=14.00  std=3.96
      C: pts=[]
      S: pts=[]
    failed_checks:
      H: p30 14.00 < 15; conf_mean 14.77 < 15
      C: p30 0.00 < 15; conf_mean 0.00 < 15
      S: p30 0.00 < 15; conf_mean 0.00 < 15
    reason: Pass: No suit meets thresholds. Best suit H has p30=14.00, conf_mean=14.77 below min_allowed=16 (current_high=0, raise_delta=+1). Failed checks for best suit: p30 14.00 < 15, conf_mean 14.77 < 15.
Pass (locked): Player 2 (min_allowed=16)
  bidding analysis:
    present_suits: H, D, C, S
    current_high=0  min_allowed=16  raise_delta=1
    overall: avg=16.25  p30=10.00  std=6.91
    suit_stats:
      D: pts=[11, 0, 0, 20]  avg=7.75  p30=0.00  std=8.38
      C: pts=[9, 25, 21, 10]  avg=16.25  p30=10.00  std=6.91
      S: pts=[8, 14, 8, 0]  avg=7.50  p30=8.00  std=4.97
      H: pts=[11, 7, 25, 24, 21, 5]  avg=15.50  p30=7.00  std=8.12
    failed_checks:
      H: p30 7.00 < 15; conf_mean 11.44 < 15
      D: p30 0.00 < 15; conf_mean 3.56 < 15
      C: p30 10.00 < 15; conf_mean 12.80 < 15
      S: p30 8.00 < 15; conf_mean 5.01 < 15
    reason: Pass: No suit meets thresholds. Best suit C has p30=10.00, conf_mean=12.80 below min_allowed=16 (current_high=0, raise_delta=+1). Failed checks for best suit: p30 10.00 < 15, conf_mean 12.80 < 15.
Pass (locked): Player 3 (min_allowed=16)
  bidding analysis:
    present_suits: H, D, C
    current_high=0  min_allowed=16  raise_delta=1
    overall: avg=14.00  p30=12.00  std=2.12
    suit_stats:
      C: pts=[12, 12, 15, 17]  avg=14.00  p30=12.00  std=2.12
      H: pts=[]
      D: pts=[]
    failed_checks:
      H: p30 0.00 < 15; conf_mean 0.00 < 15
      D: p30 0.00 < 15; conf_mean 0.00 < 15
      C: p30 12.00 < 15; conf_mean 12.94 < 15
    reason: Pass: No suit meets thresholds. Best suit C has p30=12.00, conf_mean=12.94 below min_allowed=16 (current_high=0, raise_delta=+1). Failed checks for best suit: p30 12.00 < 15, conf_mean 12.94 < 15.
Forced bid: All players passed. Player 0 takes minimum bid 16.

AUCTION WINNER: Player 0 with bid 16; chooses trump S 
Details={'chosen': 'S', 'estimates': {'D': 8.833333333333334, 'S': 17.0}}
Player 0 hand :  ['9S', '7D', '7S', '8D', 'KC', 'JC', '7C']
Player 1 hand :  ['QS', '8C', '9H', '7H', 'KS', 'AD', 'KD', '8S']
Player 2 hand :  ['AS', 'AH', 'AC', '9D', '9C', '8H', 'JD', '10D']
Player 3 hand :  ['QC', 'JH', 'QD', '10C', 'QH', 'KH', 'JS', '10H']
Player 0 (auction 4 cards): ['9S', '7D', '7S', '10S']
Player 1 (auction 4 cards): ['QS', '8C', '9H', '7H']
Player 2 (auction 4 cards): ['AS', 'AH', 'AC', '9D']
Player 3 (auction 4 cards): ['QC', 'JH', 'QD', '10C']
Auction winner (bidder): Player 0 with bid 16
Bidder sets concealed trump suit: S
Phase: concealed, bidder concealed card: 10S

Player 0 plays 7D
Player 1 plays AD
Player 2 plays 9D
Player 3 plays QD
Player 2 won the hand: 3 points

Player 2 plays AS
Player 3 plays JS
Player 0 plays 9S
Player 1 plays QS
Player 3 won the hand: 6 points

Player 3 plays QC
Player 0 plays KC
Player 1 plays 8C
Player 2 plays AC
Player 2 won the hand: 1 points

Player 2 plays AH
Player 3 plays JH
-- Phase 2 begins: Trump revealed as S by Player 0 on trick 4 --
Player 0 plays 7S
Player 1 plays 9H
Player 0 won the hand: 6 points

Player 0 plays 8D
Player 1 plays KD
Player 2 plays JD
Player 3 plays 10C
Player 2 won the hand: 4 points

Player 2 plays 9C
Player 3 plays QH
Player 0 plays JC
Player 1 plays 7H
Player 0 won the hand: 5 points

Player 0 plays 7C
Player 1 plays KS
Player 2 plays 8H
Player 3 plays KH
Player 1 won the hand: 0 points

Player 1 plays 8S
Player 2 plays 10D
Player 3 plays 10H
Player 0 plays 10S
Player 0 won the hand: 3 points

Game 49 final points: Team A=22, Team B=6
Series cumulative game score so far: Team A=-1, Team B=-5
Log saved to: c:\Users\laksh\Desktop\Projects\28bot\logs\game28\mcts_games\game_49_20250820_155314_248330.log
