
===== GAME 4 (20250819_133639_907026) =====

===== AUCTION =====
Pass (locked): Player 0 (min_allowed=16)
  bidding analysis:
    present_suits: H, D, S
    current_high=0  min_allowed=16  raise_delta=1
    overall: avg=16.50  p30=18.00  std=3.84
    suit_stats:
      H: pts=[21, 0, 8, 11]  avg=10.00  p30=8.00  std=7.52
      D: pts=[13, 13, 0, 8]  avg=8.50  p30=8.00  std=5.32
      S: pts=[18, 10, 20, 18]  avg=16.50  p30=18.00  std=3.84
    failed_checks:
      H: p30 8.00 < 15; conf_mean 6.24 < 15
      D: p30 8.00 < 15; conf_mean 5.84 < 15
      S: conf_mean 14.58 < 15
    reason: Pass: No suit meets thresholds. Best suit S has p30=18.00, conf_mean=14.58 below min_allowed=16 (current_high=0, raise_delta=+1). Failed checks for best suit: conf_mean 14.58 < 15.
Pass (locked): Player 1 (min_allowed=16)
  bidding analysis:
    present_suits: H, D, S
    current_high=0  min_allowed=16  raise_delta=1
    overall: avg=14.75  p30=16.00  std=7.29
    suit_stats:
      H: pts=[13, 0, 17, 9]  avg=9.75  p30=9.00  std=6.30
      D: pts=[13, 22, 0, 0]  avg=8.75  p30=0.00  std=9.31
      S: pts=[16, 23, 3, 17]  avg=14.75  p30=16.00  std=7.29
    failed_checks:
      H: p30 9.00 < 15; conf_mean 6.60 < 15
      D: p30 0.00 < 15; conf_mean 4.09 < 15
      S: conf_mean 11.10 < 15
    reason: Pass: No suit meets thresholds. Best suit S has p30=16.00, conf_mean=11.10 below min_allowed=16 (current_high=0, raise_delta=+1). Failed checks for best suit: conf_mean 11.10 < 15.
Pass (locked): Player 2 (min_allowed=16)
  bidding analysis:
    present_suits: H, D, C
    current_high=0  min_allowed=16  raise_delta=1
    overall: avg=9.75  p30=4.00  std=7.89
    suit_stats:
      H: pts=[17, 4, 0, 18]  avg=9.75  p30=4.00  std=7.89
      D: pts=[10, 0, 4, 24]  avg=9.50  p30=4.00  std=9.10
      C: pts=[0, 0, 7, 16]  avg=5.75  p30=0.00  std=6.57
    failed_checks:
      H: p30 4.00 < 15; conf_mean 5.81 < 15
      D: p30 4.00 < 15; conf_mean 4.95 < 15
      C: p30 0.00 < 15; conf_mean 2.46 < 15
    reason: Pass: No suit meets thresholds. Best suit H has p30=4.00, conf_mean=5.81 below min_allowed=16 (current_high=0, raise_delta=+1). Failed checks for best suit: p30 4.00 < 15, conf_mean 5.81 < 15.
Pass (locked): Player 3 (min_allowed=16)
  bidding analysis:
    present_suits: H, C, S
    current_high=0  min_allowed=16  raise_delta=1
    overall: avg=15.50  p30=14.00  std=3.35
    suit_stats:
      H: pts=[4, 17, 13, 17]  avg=12.75  p30=13.00  std=5.31
      C: pts=[11, 17, 12, 0]  avg=10.00  p30=11.00  std=6.20
      S: pts=[14, 12, 15, 21]  avg=15.50  p30=14.00  std=3.35
    failed_checks:
      H: p30 13.00 < 15; conf_mean 10.10 < 15
      C: p30 11.00 < 15; conf_mean 6.90 < 15
      S: p30 14.00 < 15; conf_mean 13.82 < 15
    reason: Pass: No suit meets thresholds. Best suit S has p30=14.00, conf_mean=13.82 below min_allowed=16 (current_high=0, raise_delta=+1). Failed checks for best suit: p30 14.00 < 15, conf_mean 13.82 < 15.
Forced bid: All players passed. Player 0 takes minimum bid 16.

AUCTION WINNER: Player 0 with bid 16; chooses trump H 
Details={'chosen': 'H', 'estimates': {'H': 12, 'D': 3, 'S': 3}}
Player 0 hand :  ['QD', 'QS', '9H', 'KC', 'AC', '10S', '7D']
Player 1 hand :  ['7S', '8D', '7H', '8S', '9D', '7C', '10C', 'KH']
Player 2 hand :  ['QC', 'KD', 'AD', 'AH', 'QH', 'JS', '9C', 'JH']
Player 3 hand :  ['8H', 'JC', '9S', 'KS', '8C', '10D', 'JD', 'AS']
Player 0 (auction 4 cards): ['10H', 'QD', 'QS', '9H']
Player 1 (auction 4 cards): ['7S', '8D', '7H', '8S']
Player 2 (auction 4 cards): ['QC', 'KD', 'AD', 'AH']
Player 3 (auction 4 cards): ['8H', 'JC', '9S', 'KS']
Auction winner (bidder): Player 0 with bid 16
Bidder sets concealed trump suit: H
Phase: concealed, bidder concealed card: 10H

Player 0 plays KC
Player 1 plays 7C
Player 2 plays 9C
Player 3 plays JC
Player 3 won the hand: 5 points

Player 3 plays 8H
Player 0 plays 9H
Player 1 plays 7H
Player 2 plays JH
Player 2 won the hand: 5 points

Player 2 plays AD
Player 3 plays 10D
Player 0 plays QD
Player 1 plays 8D
Player 2 won the hand: 2 points

Player 2 plays QC
Player 3 plays 8C
Player 0 plays AC
Player 1 plays 10C
Player 0 won the hand: 2 points

Player 0 plays QS
Player 1 plays 7S
Player 2 plays JS
Player 3 plays 9S
Player 2 won the hand: 5 points

Player 2 plays KD
Player 3 plays JD
Player 0 plays 7D
Player 1 plays 9D
Player 3 won the hand: 5 points

Player 3 plays KS
Player 0 plays 10S
Player 1 plays 8S
-- Phase 2 begins: Trump revealed as H by Player 2 on trick 7 --
Player 2 plays AH
Player 2 won the hand: 2 points

Player 2 plays QH
Player 3 plays AS
Player 0 plays 10H
Player 1 plays KH
Player 0 won the hand: 2 points

Game 4 final points: Team A=18, Team B=10
Series cumulative game score so far: Team A=4, Team B=0
Log saved to: c:\Users\laksh\Desktop\Projects\28bot\logs\game28\mcts_games\game_4_20250819_133639_907026.log
