
===== GAME 53 (20250821_114110_743481) =====

===== AUCTION =====
Bid: Player 0 proposes 18 (min_allowed=16)
  bidding analysis:
    present_suits: H, C, S
    current_high=0  min_allowed=16  raise_delta=1
    chosen_suit: C
    proposed_bid: 18
    overall: avg=19.12  p30=18.00  std=2.76
    suit_stats:
      C: pts=[18, 16, 20, 22, 15, 19 ...]  avg=19.12  p30=18.00  std=2.76
      H: pts=[]
      S: pts=[]
    reason: Bid: Suit C meets thresholds (p30=18.00, conf_mean=17.75 >= min_allowed=16); conservative mapping max(p30, avg-1) -> 18. (current_high=0, raise_delta=+1)
Bid: Player 1 proposes 19 (min_allowed=19)
  bidding analysis:
    present_suits: H, D, C, S
    current_high=18  min_allowed=19  raise_delta=1
    chosen_suit: D
    proposed_bid: 19
    overall: avg=19.00  p30=19.00  std=0.00
    suit_stats:
      H: pts=[5]  avg=5.00  p30=5.00  std=0.00
      C: pts=[14]  avg=14.00  p30=14.00  std=0.00
      D: pts=[19]  avg=19.00  p30=19.00  std=0.00
      S: pts=[12]  avg=12.00  p30=12.00  std=0.00
    reason: Bid: Suit D meets thresholds (p30=19.00, conf_mean=19.00 >= min_allowed=19); conservative mapping max(p30, avg-1) -> 19. (current_high=18, raise_delta=+1)
Pass (locked): Player 2 (min_allowed=20)
  bidding analysis:
    present_suits: H, C, S
    current_high=19  min_allowed=20  raise_delta=1
    overall: avg=18.38  p30=15.00  std=4.50
    suit_stats:
      S: pts=[16, 23, 15, 15, 11, 21 ...]  avg=18.38  p30=15.00  std=4.50
      H: pts=[]
      C: pts=[]
    failed_checks:
      H: p30 0.00 < 19; conf_mean 0.00 < 19
      C: p30 0.00 < 19; conf_mean 0.00 < 19
      S: p30 15.00 < 19; conf_mean 16.13 < 19
    reason: Pass: No suit meets thresholds. Best suit S has p30=15.00, conf_mean=16.13 below min_allowed=20 (current_high=19, raise_delta=+1). Failed checks for best suit: p30 15.00 < 19, conf_mean 16.13 < 19.
Pass (locked): Player 3 (min_allowed=20)
  bidding analysis:
    present_suits: H, D
    current_high=19  min_allowed=20  raise_delta=1
    overall: avg=0.00  p30=0.00  std=0.00
    failed_checks:
      D: p30 0.00 < 19; conf_mean 0.00 < 19
    reason: Pass: No suit meets thresholds. Best suit H has p30=0.00, conf_mean=0.00 below min_allowed=20 (current_high=19, raise_delta=+1). Failed checks for best suit: n/a.
Pass (locked): Player 0 (min_allowed=20)
  bidding analysis:
    present_suits: H, C, S
    current_high=19  min_allowed=20  raise_delta=1
    overall: avg=18.88  p30=19.00  std=4.81
    suit_stats:
      C: pts=[26, 19, 21, 9, 19, 23 ...]  avg=18.88  p30=19.00  std=4.81
      H: pts=[]
      S: pts=[]
    failed_checks:
      H: p30 0.00 < 19; conf_mean 0.00 < 19
      C: conf_mean 16.47 < 19
      S: p30 0.00 < 19; conf_mean 0.00 < 19
    reason: Pass: No suit meets thresholds. Best suit C has p30=19.00, conf_mean=16.47 below min_allowed=20 (current_high=19, raise_delta=+1). Failed checks for best suit: conf_mean 16.47 < 19.

AUCTION WINNER: Player 1 with bid 19; chooses trump S 
Details={'chosen': 'S', 'estimates': {'D': 20.0, 'C': 19.0, 'S': 22.0, 'H': 19.0}}
Player 0 hand :  ['8C', '7H', '9S', 'JC', 'KC', '7C', 'QC', '10D']
Player 1 hand :  ['KH', 'JD', '9C', 'KD', '8H', 'QD', 'AD']
Player 2 hand :  ['AC', 'JH', 'JS', 'KS', '10C', '7S', '10H', '10S']
Player 3 hand :  ['9D', '8D', '7D', '9H', 'AH', '8S', 'AS', 'QH']
Player 0 (auction 4 cards): ['8C', '7H', '9S', 'JC']
Player 1 (auction 4 cards): ['QS', 'KH', 'JD', '9C']
Player 2 (auction 4 cards): ['AC', 'JH', 'JS', 'KS']
Player 3 (auction 4 cards): ['9D', '8D', '7D', '9H']
Auction winner (bidder): Player 1 with bid 19
Bidder sets concealed trump suit: S
Phase: concealed, bidder concealed card: QS

Player 0 plays 8C
Player 1 plays 9C
Player 2 plays AC
Player 3 plays 9D
Player 1 won the hand: 5 points

Player 1 plays KH
Player 2 plays JH
Player 3 plays 9H
Player 0 plays 7H
Player 2 won the hand: 5 points

Player 2 plays JS
Player 3 plays 8S
Player 0 plays 9S
Player 1 plays JD
Player 2 won the hand: 8 points

Player 2 plays KS
Player 3 plays AS
Player 0 plays JC
Player 1 plays KD
Player 3 won the hand: 4 points

Player 3 plays 8D
Player 0 plays 10D
Player 1 plays QD
Player 2 plays 10C
Player 0 won the hand: 2 points

Player 0 plays KC
Player 1 plays 8H
-- Phase 2 begins: Trump revealed as S by Player 2 on trick 6 --
Player 2 plays 7S
Player 3 plays 7D
Player 2 won the hand: 0 points

Player 2 plays 10H
Player 3 plays AH
Player 0 plays 7C
Player 1 plays AD
Player 3 won the hand: 3 points

Player 3 plays QH
Player 0 plays QC
Player 1 plays QS
Player 2 plays 10S
Player 2 won the hand: 1 points

Game 53 final points: Team A=16, Team B=12
Series cumulative game score so far: Team A=-6, Team B=-17
Log saved to: C:\Users\laksh\Desktop\Projects\28bot\logs\game28\mcts_games\game_53_20250821_114110_743481.log
