
===== GAME 22 (20250822_135715_947739) =====

===== AUCTION =====
Pass (locked): Player 0 (min_allowed=16)
  bidding analysis:
    present_suits: H, D, C
    current_high=0  min_allowed=16  raise_delta=1
    overall: avg=0.00  p30=0.00  std=0.00
    failed_checks:
      D: p30 0.00 < 15; conf_mean 0.00 < 15
      C: p30 0.00 < 15; conf_mean 0.00 < 15
    reason: Pass: No suit meets thresholds. Best suit H has p30=0.00, conf_mean=0.00 below min_allowed=16 (current_high=0, raise_delta=+1). Failed checks for best suit: n/a.
Pass (locked): Player 1 (min_allowed=16)
  bidding analysis:
    present_suits: H, D, C
    current_high=0  min_allowed=16  raise_delta=1
    overall: avg=14.75  p30=12.00  std=4.07
    suit_stats:
      D: pts=[11, 16, 16, 10, 18, 13 ...]  avg=14.75  p30=12.00  std=4.07
      H: pts=[]
      C: pts=[]
    failed_checks:
      H: p30 0.00 < 15; conf_mean 0.00 < 15
      D: p30 12.00 < 15; conf_mean 12.72 < 15
      C: p30 0.00 < 15; conf_mean 0.00 < 15
    reason: Pass: No suit meets thresholds. Best suit D has p30=12.00, conf_mean=12.72 below min_allowed=16 (current_high=0, raise_delta=+1). Failed checks for best suit: p30 12.00 < 15, conf_mean 12.72 < 15.
Pass (locked): Player 2 (min_allowed=16)
  bidding analysis:
    present_suits: H, D, C
    current_high=0  min_allowed=16  raise_delta=1
    overall: avg=16.50  p30=12.00  std=5.83
    suit_stats:
      D: pts=[20, 22, 14, 25, 12, 21 ...]  avg=16.50  p30=12.00  std=5.83
      H: pts=[]
      C: pts=[]
    failed_checks:
      H: p30 0.00 < 15; conf_mean 0.00 < 15
      D: p30 12.00 < 15; conf_mean 13.58 < 15
      C: p30 0.00 < 15; conf_mean 0.00 < 15
    reason: Pass: No suit meets thresholds. Best suit D has p30=12.00, conf_mean=13.58 below min_allowed=16 (current_high=0, raise_delta=+1). Failed checks for best suit: p30 12.00 < 15, conf_mean 13.58 < 15.
Pass (locked): Player 3 (min_allowed=16)
  bidding analysis:
    present_suits: C, S
    current_high=0  min_allowed=16  raise_delta=1
    overall: avg=16.44  p30=13.00  std=5.99
    suit_stats:
      S: pts=[11, 15, 13, 20, 26, 22 ...]  avg=16.44  p30=13.00  std=5.99
      C: pts=[]
    failed_checks:
      C: p30 0.00 < 15; conf_mean 0.00 < 15
      S: p30 13.00 < 15; conf_mean 13.44 < 15
    reason: Pass: No suit meets thresholds. Best suit S has p30=13.00, conf_mean=13.44 below min_allowed=16 (current_high=0, raise_delta=+1). Failed checks for best suit: p30 13.00 < 15, conf_mean 13.44 < 15.
Forced bid: All players passed. Player 0 takes minimum bid 16.

AUCTION WINNER: Player 0 with bid 16; chooses trump H 
Details={'chosen': 'H', 'estimates': {'D': 0.0, 'C': 0.0, 'H': 15.666666666666666}}
Player 0 hand :  ['JD', 'AC', '9H', '10C', '7D', 'QC', '7C']
Player 1 hand :  ['JC', '8D', '8H', '9D', '10H', 'JS', 'AD', 'KS']
Player 2 hand :  ['JH', '10D', 'KC', 'KD', 'QD', '8S', 'AH', '7H']
Player 3 hand :  ['7S', '10S', '8C', '9S', 'AS', 'QS', 'KH', '9C']
Player 0 (auction 4 cards): ['JD', 'AC', 'QH', '9H']
Player 1 (auction 4 cards): ['JC', '8D', '8H', '9D']
Player 2 (auction 4 cards): ['JH', '10D', 'KC', 'KD']
Player 3 (auction 4 cards): ['7S', '10S', '8C', '9S']
Auction winner (bidder): Player 0 with bid 16
Bidder sets concealed trump suit: H
Phase: concealed, bidder concealed card: QH

Player 0 plays JD
Player 1 plays 8D
Player 2 plays 10D
Player 3 plays 7S
Player 0 won the hand: 4 points

Player 0 plays AC
Player 1 plays JC
Player 2 plays KC
Player 3 plays 8C
Player 1 won the hand: 4 points

Player 1 plays 8H
Player 2 plays JH
Player 3 plays KH
Player 0 plays 9H
Player 2 won the hand: 5 points

Player 2 plays KD
Player 3 plays 10S
Player 0 plays 7D
Player 1 plays 9D
Player 1 won the hand: 3 points

Player 1 plays 10H
Player 2 plays AH
Player 3 plays 9S
Player 0 plays 10C
Player 2 won the hand: 5 points

Player 2 plays QD
Player 3 plays AS
Player 0 plays QC
Player 1 plays AD
Player 1 won the hand: 2 points

Player 1 plays JS
Player 2 plays 8S
Player 3 plays QS
Player 0 plays 7C
Player 1 won the hand: 3 points

Player 1 plays KS
-- Phase 2 begins: Trump revealed as H by Player 2 on trick 8 --
Player 2 plays 7H
Player 3 plays 9C
Player 0 plays QH
Player 0 won the hand: 2 points

Game 22 final points: Team A=16, Team B=12
Series cumulative game score so far: Team A=-2, Team B=-1
Log saved to: c:\Users\laksh\Desktop\Projects\28bot\logs\game28\mcts_games\game_22_20250822_135715_947739.log
