
===== GAME 30 (20250820_151148_499636) =====

===== AUCTION =====
Pass (locked): Player 0 (min_allowed=16)
  bidding analysis:
    present_suits: H, D, C
    current_high=0  min_allowed=16  raise_delta=1
    overall: avg=10.00  p30=8.00  std=7.52
    suit_stats:
      C: pts=[8, 0, 21, 11]  avg=10.00  p30=8.00  std=7.52
      H: pts=[]
      D: pts=[]
    failed_checks:
      H: p30 0.00 < 15; conf_mean 0.00 < 15
      D: p30 0.00 < 15; conf_mean 0.00 < 15
      C: p30 8.00 < 15; conf_mean 6.24 < 15
    reason: Pass: No suit meets thresholds. Best suit C has p30=8.00, conf_mean=6.24 below min_allowed=16 (current_high=0, raise_delta=+1). Failed checks for best suit: p30 8.00 < 15, conf_mean 6.24 < 15.
Pass (locked): Player 1 (min_allowed=16)
  bidding analysis:
    present_suits: H, C, S
    current_high=0  min_allowed=16  raise_delta=1
    overall: avg=12.50  p30=13.00  std=7.57
    suit_stats:
      H: pts=[19, 0, 13, 18]  avg=12.50  p30=13.00  std=7.57
      C: pts=[]
      S: pts=[]
    failed_checks:
      H: p30 13.00 < 15; conf_mean 8.72 < 15
      C: p30 0.00 < 15; conf_mean 0.00 < 15
      S: p30 0.00 < 15; conf_mean 0.00 < 15
    reason: Pass: No suit meets thresholds. Best suit H has p30=13.00, conf_mean=8.72 below min_allowed=16 (current_high=0, raise_delta=+1). Failed checks for best suit: p30 13.00 < 15, conf_mean 8.72 < 15.
Pass (locked): Player 2 (min_allowed=16)
  bidding analysis:
    present_suits: H, D
    current_high=0  min_allowed=16  raise_delta=1
    overall: avg=15.50  p30=13.00  std=2.50
    suit_stats:
      D: pts=[13, 15, 10, 16]  avg=13.50  p30=13.00  std=2.29
      H: pts=[13, 18]  avg=15.50  p30=13.00  std=2.50
    failed_checks:
      H: p30 13.00 < 15; conf_mean 14.25 < 15
      D: p30 13.00 < 15; conf_mean 12.35 < 15
    reason: Pass: No suit meets thresholds. Best suit H has p30=13.00, conf_mean=14.25 below min_allowed=16 (current_high=0, raise_delta=+1). Failed checks for best suit: p30 13.00 < 15, conf_mean 14.25 < 15.
Pass (locked): Player 3 (min_allowed=16)
  bidding analysis:
    present_suits: C, S
    current_high=0  min_allowed=16  raise_delta=1
    overall: avg=14.75  p30=18.00  std=8.64
    suit_stats:
      S: pts=[22, 18, 19, 0]  avg=14.75  p30=18.00  std=8.64
      C: pts=[]
    failed_checks:
      C: p30 0.00 < 15; conf_mean 0.00 < 15
      S: conf_mean 10.43 < 15
    reason: Pass: No suit meets thresholds. Best suit S has p30=18.00, conf_mean=10.43 below min_allowed=16 (current_high=0, raise_delta=+1). Failed checks for best suit: conf_mean 10.43 < 15.
Forced bid: All players passed. Player 0 takes minimum bid 16.

AUCTION WINNER: Player 0 with bid 16; chooses trump C 
Details={'chosen': 'C', 'estimates': {'D': 9.0, 'H': 13.666666666666666, 'C': 15.333333333333334}}
Player 0 hand :  ['9H', '10C', 'KD', '10S', 'KC', 'QD', 'QS']
Player 1 hand :  ['AS', 'AC', '8H', 'QH', '10D', '10H', '9D', 'JC']
Player 2 hand :  ['AD', '7D', 'AH', '7H', 'JD', '9C', '8C', 'JS']
Player 3 hand :  ['7S', '8S', '9S', '7C', '8D', 'JH', 'KS', 'KH']
Player 0 (auction 4 cards): ['9H', '10C', 'QC', 'KD']
Player 1 (auction 4 cards): ['AS', 'AC', '8H', 'QH']
Player 2 (auction 4 cards): ['AD', '7D', 'AH', '7H']
Player 3 (auction 4 cards): ['7S', '8S', '9S', '7C']
Auction winner (bidder): Player 0 with bid 16
Bidder sets concealed trump suit: C
Phase: concealed, bidder concealed card: QC

Player 0 plays 9H
Player 1 plays 8H
Player 2 plays AH
Player 3 plays JH
Player 3 won the hand: 6 points

Player 3 plays 7S
Player 0 plays 10S
Player 1 plays AS
Player 2 plays JS
Player 2 won the hand: 5 points

Player 2 plays AD
Player 3 plays 8D
Player 0 plays KD
Player 1 plays 10D
Player 2 won the hand: 2 points

Player 2 plays 7D
Player 3 plays 8S
Player 0 plays QD
Player 1 plays 9D
Player 1 won the hand: 2 points

Player 1 plays AC
Player 2 plays 9C
Player 3 plays 7C
Player 0 plays 10C
Player 2 won the hand: 4 points

Player 2 plays 7H
Player 3 plays KH
-- Phase 2 begins: Trump revealed as C by Player 0 on trick 6 --
Player 0 plays KC
Player 1 plays QH
Player 0 won the hand: 0 points

Player 0 plays QS
Player 1 plays 10H
Player 2 plays JD
Player 3 plays 9S
Player 3 won the hand: 6 points

Player 3 plays KS
Player 0 plays QC
Player 1 plays JC
Player 2 plays 8C
Player 1 won the hand: 3 points

Game 30 final points: Team A=11, Team B=17
Series cumulative game score so far: Team A=1, Team B=-1
Log saved to: c:\Users\laksh\Desktop\Projects\28bot\logs\game28\mcts_games\game_30_20250820_151148_499636.log
