
===== GAME 11 (20250822_000938_646890) =====

===== AUCTION =====
Pass (locked): Player 0 (min_allowed=16)
  bidding analysis:
    present_suits: H, C, S
    current_high=0  min_allowed=16  raise_delta=1
    overall: avg=14.50  p30=7.00  std=7.95
    failed_checks:
      H: p30 7.00 < 15; conf_mean 10.52 < 15
      S: p30 0.00 < 15; conf_mean 0.00 < 15
    reason: Pass: No suit meets thresholds. Best suit H has p30=7.00, conf_mean=10.52 below min_allowed=16 (current_high=0, raise_delta=+1). Failed checks for best suit: p30 7.00 < 15, conf_mean 10.52 < 15.
Pass (locked): Player 1 (min_allowed=16)
  bidding analysis:
    present_suits: H, D, S
    current_high=0  min_allowed=16  raise_delta=1
    overall: avg=14.25  p30=14.00  std=2.73
    suit_stats:
      S: pts=[14, 16, 16, 18, 14, 14 ...]  avg=14.25  p30=14.00  std=2.73
      H: pts=[]
      D: pts=[]
    failed_checks:
      H: p30 0.00 < 15; conf_mean 0.00 < 15
      D: p30 0.00 < 15; conf_mean 0.00 < 15
      S: p30 14.00 < 15; conf_mean 12.89 < 15
    reason: Pass: No suit meets thresholds. Best suit S has p30=14.00, conf_mean=12.89 below min_allowed=16 (current_high=0, raise_delta=+1). Failed checks for best suit: p30 14.00 < 15, conf_mean 12.89 < 15.
Pass (locked): Player 2 (min_allowed=16)
  bidding analysis:
    present_suits: C, S
    current_high=0  min_allowed=16  raise_delta=1
    overall: avg=17.38  p30=13.00  std=4.85
    suit_stats:
      C: pts=[21, 12, 20, 18, 20, 13 ...]  avg=17.38  p30=13.00  std=4.85
      S: pts=[]
    failed_checks:
      C: p30 13.00 < 15; conf_mean 14.95 < 15
      S: p30 0.00 < 15; conf_mean 0.00 < 15
    reason: Pass: No suit meets thresholds. Best suit C has p30=13.00, conf_mean=14.95 below min_allowed=16 (current_high=0, raise_delta=+1). Failed checks for best suit: p30 13.00 < 15, conf_mean 14.95 < 15.
Pass (locked): Player 3 (min_allowed=16)
  bidding analysis:
    present_suits: H, D
    current_high=0  min_allowed=16  raise_delta=1
    overall: avg=15.25  p30=14.00  std=3.49
    suit_stats:
      D: pts=[14, 19, 14, 20, 16, 17 ...]  avg=15.25  p30=14.00  std=3.49
      H: pts=[9]  avg=9.00  p30=9.00  std=0.00
    failed_checks:
      H: p30 9.00 < 15; conf_mean 9.00 < 15
      D: p30 14.00 < 15; conf_mean 13.50 < 15
    reason: Pass: No suit meets thresholds. Best suit D has p30=14.00, conf_mean=13.50 below min_allowed=16 (current_high=0, raise_delta=+1). Failed checks for best suit: p30 14.00 < 15, conf_mean 13.50 < 15.
Forced bid: All players passed. Player 0 takes minimum bid 16.

AUCTION WINNER: Player 0 with bid 16; chooses trump H 
Details={'chosen': 'H', 'estimates': {'H': 14.5, 'S': 0.0, 'C': 13.5}}
Player 0 hand :  ['8C', '8H', 'QS', 'JD', 'QD', 'JH', '8S']
Player 1 hand :  ['7S', '7H', 'KD', 'JS', 'AS', 'KC', 'AC', '7D']
Player 2 hand :  ['JC', '10S', '9C', 'QC', '7C', '9S', 'KH', '10C']
Player 3 hand :  ['8D', 'QH', '9D', '10H', 'AD', 'AH', '10D', 'KS']
Player 0 (auction 4 cards): ['8C', '9H', '8H', 'QS']
Player 1 (auction 4 cards): ['7S', '7H', 'KD', 'JS']
Player 2 (auction 4 cards): ['JC', '10S', '9C', 'QC']
Player 3 (auction 4 cards): ['8D', 'QH', '9D', '10H']
Auction winner (bidder): Player 0 with bid 16
Bidder sets concealed trump suit: H
Phase: concealed, bidder concealed card: 9H

Player 0 plays 8C
Player 1 plays KC
Player 2 plays JC
Player 3 plays 8D
Player 2 won the hand: 3 points

Player 2 plays 10S
Player 3 plays KS
Player 0 plays QS
Player 1 plays 7S
Player 2 won the hand: 1 points

Player 2 plays 9C
-- Phase 2 begins: Trump revealed as H by Player 3 on trick 3 --
Player 3 plays QH
Player 0 plays 8H
Player 1 plays AC
Player 3 won the hand: 3 points

Player 3 plays 9D
Player 0 plays JD
Player 1 plays KD
Player 2 plays QC
Player 0 won the hand: 5 points

Player 0 plays QD
Player 1 plays 7D
Player 2 plays 7C
Player 3 plays AD
Player 3 won the hand: 1 points

Player 3 plays 10H
Player 0 plays JH
Player 1 plays 7H
Player 2 plays KH
Player 0 won the hand: 4 points

Player 0 plays 8S
Player 1 plays JS
Player 2 plays 9S
Player 3 plays AH
Player 3 won the hand: 6 points

Player 3 plays 10D
Player 0 plays 9H
Player 1 plays AS
Player 2 plays 10C
Player 0 won the hand: 5 points

Game 11 final points: Team A=18, Team B=10
Series cumulative game score so far: Team A=2, Team B=-3
Log saved to: c:\Users\laksh\Desktop\Projects\28bot\logs\game28\mcts_games\game_11_20250822_000938_646890.log
