
===== GAME 56 (20250822_150148_066188) =====

===== AUCTION =====
Pass (locked): Player 0 (min_allowed=16)
  bidding analysis:
    present_suits: H, D
    current_high=0  min_allowed=16  raise_delta=1
    overall: avg=18.56  p30=14.00  std=4.91
    suit_stats:
      H: pts=[19, 12, 19, 26, 13, 11 ...]  avg=18.56  p30=14.00  std=4.91
      D: pts=[]
    failed_checks:
      H: p30 14.00 < 15
      D: p30 0.00 < 15; conf_mean 0.00 < 15
    reason: Pass: No suit meets thresholds. Best suit H has p30=14.00, conf_mean=16.11 below min_allowed=16 (current_high=0, raise_delta=+1). Failed checks for best suit: p30 14.00 < 15.
Pass (locked): Player 1 (min_allowed=16)
  bidding analysis:
    present_suits: H, C
    current_high=0  min_allowed=16  raise_delta=1
    overall: avg=10.00  p30=10.00  std=0.00
    failed_checks:
      C: p30 10.00 < 15; conf_mean 10.00 < 15
    reason: Pass: No suit meets thresholds. Best suit C has p30=10.00, conf_mean=10.00 below min_allowed=16 (current_high=0, raise_delta=+1). Failed checks for best suit: p30 10.00 < 15, conf_mean 10.00 < 15.
Pass (locked): Player 2 (min_allowed=16)
  bidding analysis:
    present_suits: H, C, S
    current_high=0  min_allowed=16  raise_delta=1
    overall: avg=13.00  p30=10.00  std=4.72
    failed_checks:
      C: p30 0.00 < 15; conf_mean 0.00 < 15
      S: p30 10.00 < 15; conf_mean 10.64 < 15
    reason: Pass: No suit meets thresholds. Best suit S has p30=10.00, conf_mean=10.64 below min_allowed=16 (current_high=0, raise_delta=+1). Failed checks for best suit: p30 10.00 < 15, conf_mean 10.64 < 15.
Pass (locked): Player 3 (min_allowed=16)
  bidding analysis:
    present_suits: H, D, S
    current_high=0  min_allowed=16  raise_delta=1
    overall: avg=13.50  p30=14.00  std=8.20
    failed_checks:
      D: p30 14.00 < 15; conf_mean 9.40 < 15
      S: p30 0.00 < 15; conf_mean 0.00 < 15
    reason: Pass: No suit meets thresholds. Best suit D has p30=14.00, conf_mean=9.40 below min_allowed=16 (current_high=0, raise_delta=+1). Failed checks for best suit: p30 14.00 < 15, conf_mean 9.40 < 15.
Forced bid: All players passed. Player 0 takes minimum bid 16.

AUCTION WINNER: Player 0 with bid 16; chooses trump H 
Details={'chosen': 'H', 'estimates': {'H': 12.0, 'D': 7.0}}
Player 0 hand :  ['10H', '10D', 'JH', 'KD', '10S', '7D', 'QS']
Player 1 hand :  ['7H', 'KH', '7C', 'JC', 'AS', '8D', '9S', 'QD']
Player 2 hand :  ['AC', '8S', 'KC', '9H', 'KS', 'JD', '8C', '10C']
Player 3 hand :  ['9D', '7S', '8H', 'AD', 'QH', 'QC', 'JS', '9C']
Player 0 (auction 4 cards): ['10H', '10D', 'JH', 'AH']
Player 1 (auction 4 cards): ['7H', 'KH', '7C', 'JC']
Player 2 (auction 4 cards): ['AC', '8S', 'KC', '9H']
Player 3 (auction 4 cards): ['9D', '7S', '8H', 'AD']
Auction winner (bidder): Player 0 with bid 16
Bidder sets concealed trump suit: H
Phase: concealed, bidder concealed card: AH

Player 0 plays 10D
Player 1 plays 8D
Player 2 plays JD
Player 3 plays 9D
Player 2 won the hand: 6 points

Player 2 plays AC
Player 3 plays QC
-- Phase 2 begins: Trump revealed as H by Player 0 on trick 2 --
Player 0 plays 10H
Player 1 plays 7C
Player 0 won the hand: 2 points

Player 0 plays JH
Player 1 plays 7H
Player 2 plays 9H
Player 3 plays 8H
Player 0 won the hand: 5 points

Player 0 plays KD
Player 1 plays QD
Player 2 plays 8S
Player 3 plays AD
Player 3 won the hand: 1 points

Player 3 plays 7S
Player 0 plays 10S
Player 1 plays AS
Player 2 plays KS
Player 1 won the hand: 2 points

Player 1 plays KH
Player 2 plays KC
Player 3 plays QH
Player 0 plays AH
Player 0 won the hand: 1 points

Player 0 plays 7D
Player 1 plays JC
Player 2 plays 8C
Player 3 plays JS
Player 0 won the hand: 6 points

Player 0 plays QS
Player 1 plays 9S
Player 2 plays 10C
Player 3 plays 9C
Player 1 won the hand: 5 points

Game 56 final points: Team A=20, Team B=8
Series cumulative game score so far: Team A=-11, Team B=3
Log saved to: c:\Users\laksh\Desktop\Projects\28bot\logs\game28\mcts_games\game_56_20250822_150148_066188.log
