
===== GAME 3 (20250820_230718_416672) =====

===== AUCTION =====
Pass (locked): Player 0 (min_allowed=16)
  bidding analysis:
    present_suits: D, C, S
    current_high=0  min_allowed=16  raise_delta=1
    overall: avg=13.75  p30=12.00  std=5.89
    suit_stats:
      D: pts=[14, 27, 5, 16, 10, 12 ...]  avg=13.75  p30=12.00  std=5.89
      C: pts=[]
      S: pts=[]
    failed_checks:
      D: p30 12.00 < 15; conf_mean 10.81 < 15
      C: p30 0.00 < 15; conf_mean 0.00 < 15
      S: p30 0.00 < 15; conf_mean 0.00 < 15
    reason: Pass: No suit meets thresholds. Best suit D has p30=12.00, conf_mean=10.81 below min_allowed=16 (current_high=0, raise_delta=+1). Failed checks for best suit: p30 12.00 < 15, conf_mean 10.81 < 15.
Bid: Player 1 proposes 18 (min_allowed=16)
  bidding analysis:
    present_suits: H, C, S
    current_high=0  min_allowed=16  raise_delta=1
    chosen_suit: H
    proposed_bid: 18
    overall: avg=19.50  p30=15.00  std=4.47
    suit_stats:
      H: pts=[25, 21, 13, 14, 24, 23 ...]  avg=19.50  p30=15.00  std=4.47
      C: pts=[]
      S: pts=[]
    reason: Bid: Suit H meets thresholds (p30=15.00, conf_mean=17.26 >= min_allowed=16); conservative mapping max(p30, avg-1) -> 18. (current_high=0, raise_delta=+1)
Pass (locked): Player 2 (min_allowed=19)
  bidding analysis:
    present_suits: D, C, S
    current_high=18  min_allowed=19  raise_delta=1
    overall: avg=16.62  p30=16.00  std=4.85
    suit_stats:
      D: pts=[20, 16, 21, 10, 24, 9 ...]  avg=16.62  p30=16.00  std=4.85
      C: pts=[]
      S: pts=[]
    failed_checks:
      D: p30 16.00 < 18; conf_mean 14.20 < 18
      C: p30 0.00 < 18; conf_mean 0.00 < 18
      S: p30 0.00 < 18; conf_mean 0.00 < 18
    reason: Pass: No suit meets thresholds. Best suit D has p30=16.00, conf_mean=14.20 below min_allowed=19 (current_high=18, raise_delta=+1). Failed checks for best suit: p30 16.00 < 18, conf_mean 14.20 < 18.
Pass (locked): Player 3 (min_allowed=19)
  bidding analysis:
    present_suits: C, S
    current_high=18  min_allowed=19  raise_delta=1
    overall: avg=18.62  p30=15.00  std=5.34
    suit_stats:
      S: pts=[18, 12, 24, 19, 11, 24 ...]  avg=18.62  p30=15.00  std=5.34
      C: pts=[]
    failed_checks:
      C: p30 0.00 < 18; conf_mean 0.00 < 18
      S: p30 15.00 < 18; conf_mean 15.96 < 18
    reason: Pass: No suit meets thresholds. Best suit S has p30=15.00, conf_mean=15.96 below min_allowed=19 (current_high=18, raise_delta=+1). Failed checks for best suit: p30 15.00 < 18, conf_mean 15.96 < 18.

AUCTION WINNER: Player 1 with bid 18; chooses trump H 
Details={'chosen': 'H', 'estimates': {'C': 10.0, 'H': 21.0, 'S': 4.0}}
Player 0 hand :  ['KD', 'QD', '7C', 'QS', 'AD', 'AC', 'AH', '10H']
Player 1 hand :  ['KC', 'KS', 'JH', '8H', '7S', 'KH', '9H']
Player 2 hand :  ['8C', '7D', '9D', 'JS', '7H', '9S', '9C', '10D']
Player 3 hand :  ['10S', 'AS', 'JC', '8S', 'JD', '8D', '10C', 'QC']
Player 0 (auction 4 cards): ['KD', 'QD', '7C', 'QS']
Player 1 (auction 4 cards): ['QH', 'KC', 'KS', 'JH']
Player 2 (auction 4 cards): ['8C', '7D', '9D', 'JS']
Player 3 (auction 4 cards): ['10S', 'AS', 'JC', '8S']
Auction winner (bidder): Player 1 with bid 18
Bidder sets concealed trump suit: H
Phase: concealed, bidder concealed card: QH

Player 0 plays KD
Player 1 plays KC
Player 2 plays 7D
Player 3 plays JD
Player 3 won the hand: 3 points

Player 3 plays 10S
Player 0 plays QS
Player 1 plays KS
Player 2 plays JS
Player 2 won the hand: 4 points

Player 2 plays 8C
Player 3 plays JC
Player 0 plays 7C
-- Phase 2 begins: Trump revealed as H by Player 1 on trick 3 --
Player 1 plays JH
Player 1 won the hand: 6 points

Player 1 plays 8H
Player 2 plays 7H
Player 3 plays AS
Player 0 plays AH
Player 0 won the hand: 2 points

Player 0 plays QD
Player 1 plays 7S
Player 2 plays 9D
Player 3 plays 8D
Player 2 won the hand: 2 points

Player 2 plays 9S
Player 3 plays 8S
Player 0 plays AD
Player 1 plays KH
Player 1 won the hand: 3 points

Player 1 plays 9H
Player 2 plays 9C
Player 3 plays 10C
Player 0 plays 10H
Player 1 won the hand: 6 points

Player 1 plays QH
Player 2 plays 10D
Player 3 plays QC
Player 0 plays AC
Player 1 won the hand: 2 points

Game 3 final points: Team A=8, Team B=20
Series cumulative game score so far: Team A=-2, Team B=0
Log saved to: c:\Users\laksh\Desktop\Projects\28bot\logs\game28\mcts_games\game_3_20250820_230718_416672.log
