
===== GAME 78 (20250825_154818_366048) =====

===== AUCTION =====
Bid: Player 0 proposes 19 (min_allowed=16)
  bidding analysis:
    present_suits: H, D, C, S
    current_high=0  min_allowed=16  raise_delta=1
    chosen_suit: S
    proposed_bid: 19
    overall: avg=19.00  p30=19.00  std=0.00
    reason: Bid (precomputed): Suit S meets thresholds (p30=19.00, conf_mean=19.00 >= min_allowed=16); conservative mapping max(p30, avg-1) -> 19. (current_high=0, raise_delta=+1)
Pass (locked): Player 1 (min_allowed=20)
  bidding analysis:
    present_suits: H, D, C
    current_high=19  min_allowed=20  raise_delta=1
    overall: avg=0.00  p30=0.00  std=0.00
    failed_checks:
      H: p30 0.00 < 19; conf_mean 0.00 < 19
      C: p30 0.00 < 19; conf_mean 0.00 < 19
    reason: Pass: No suit meets thresholds. Best suit H has p30=0.00, conf_mean=0.00 below min_allowed=20 (current_high=19, raise_delta=+1). Failed checks for best suit: p30 0.00 < 19, conf_mean 0.00 < 19.
Pass (locked): Player 2 (min_allowed=20)
  bidding analysis:
    present_suits: D, C, S
    current_high=19  min_allowed=20  raise_delta=1
    overall: avg=10.00  p30=8.00  std=7.52
    failed_checks:
      D: p30 0.00 < 19; conf_mean 0.00 < 19
      C: p30 8.00 < 19; conf_mean 6.24 < 19
    reason: Pass: No suit meets thresholds. Best suit C has p30=8.00, conf_mean=6.24 below min_allowed=20 (current_high=19, raise_delta=+1). Failed checks for best suit: p30 8.00 < 19, conf_mean 6.24 < 19.
Pass (locked): Player 3 (min_allowed=20)
  bidding analysis:
    present_suits: H, C, S
    current_high=19  min_allowed=20  raise_delta=1
    overall: avg=17.00  p30=17.00  std=5.34
    failed_checks:
      H: p30 17.00 < 19; conf_mean 14.33 < 19
      S: p30 0.00 < 19; conf_mean 0.00 < 19
    reason: Pass: No suit meets thresholds. Best suit H has p30=17.00, conf_mean=14.33 below min_allowed=20 (current_high=19, raise_delta=+1). Failed checks for best suit: p30 17.00 < 19, conf_mean 14.33 < 19.

AUCTION WINNER: Player 0 with bid 19; chooses trump S 
Details={'chosen': 'S', 'estimates': {'H': 13.0, 'D': 18.0, 'C': 12.0, 'S': 19.0}}
Player 0 hand :  ['8D', '9H', 'QC', 'JD', '8H', '9D', '8C']
Player 1 hand :  ['KC', '7D', 'JH', '10D', '10C', 'JS', 'AD', 'QH']
Player 2 hand :  ['9C', 'KD', '10S', 'QS', 'KH', '7H', 'QD', 'AC']
Player 3 hand :  ['8S', 'JC', 'AH', '9S', '7C', 'AS', '10H', '7S']
Player 0 (auction 4 cards): ['8D', 'KS', '9H', 'QC']
Player 1 (auction 4 cards): ['KC', '7D', 'JH', '10D']
Player 2 (auction 4 cards): ['9C', 'KD', '10S', 'QS']
Player 3 (auction 4 cards): ['8S', 'JC', 'AH', '9S']
Auction winner (bidder): Player 0 with bid 19
Bidder sets concealed trump suit: S
Phase: concealed, bidder concealed card: KS

Player 0 plays 8D
Player 1 plays 7D
Player 2 plays KD
-- Phase 2 begins: Trump revealed as S by Player 3 on trick 1 --
Player 3 plays 8S
Player 3 won the hand: 0 points

Player 3 plays JC
Player 0 plays QC
Player 1 plays KC
Player 2 plays 9C
Player 3 won the hand: 5 points

Player 3 plays AH
Player 0 plays 9H
Player 1 plays JH
Player 2 plays KH
Player 1 won the hand: 6 points

Player 1 plays 10D
Player 2 plays QD
Player 3 plays 9S
Player 0 plays JD
Player 3 won the hand: 6 points

Player 3 plays 7C
Player 0 plays 8C
Player 1 plays 10C
Player 2 plays AC
Player 2 won the hand: 2 points

Player 2 plays 10S
Player 3 plays AS
Player 0 plays KS
Player 1 plays JS
Player 1 won the hand: 5 points

Player 1 plays AD
Player 2 plays QS
Player 3 plays 10H
Player 0 plays 9D
Player 2 won the hand: 4 points

Player 2 plays 7H
Player 3 plays 7S
Player 0 plays 8H
Player 1 plays QH
Player 3 won the hand: 0 points

Game 78 final points: Team A=6, Team B=22
Series cumulative game score so far: Team A=-16, Team B=-6
Log saved to: c:\Users\laksh\Desktop\Projects\28bot\logs\game28\mcts_games\game_78_20250825_154818_366048.log
