
===== GAME 8 (20250823_173430_853765) =====

===== AUCTION =====
Bid: Player 0 proposes 17 (min_allowed=16)
  bidding analysis:
    present_suits: H, D, C, S
    current_high=0  min_allowed=16  raise_delta=1
    chosen_suit: S
    proposed_bid: 17
    overall: avg=17.00  p30=17.00  std=0.00
    suit_stats:
      D: pts=[16]  avg=16.00  p30=16.00  std=0.00
      C: pts=[16]  avg=16.00  p30=16.00  std=0.00
      H: pts=[13]  avg=13.00  p30=13.00  std=0.00
      S: pts=[17]  avg=17.00  p30=17.00  std=0.00
    reason: Bid: Suit S meets thresholds (p30=17.00, conf_mean=17.00 >= min_allowed=16); conservative mapping max(p30, avg-1) -> 17. (current_high=0, raise_delta=+1)
Pass (locked): Player 1 (min_allowed=18)
  bidding analysis:
    present_suits: H, D, C
    current_high=17  min_allowed=18  raise_delta=1
    overall: avg=19.19  p30=19.00  std=4.98
    failed_checks:
      H: conf_mean 16.70 < 17
      D: p30 0.00 < 17; conf_mean 0.00 < 17
    reason: Pass: No suit meets thresholds. Best suit H has p30=19.00, conf_mean=16.70 below min_allowed=18 (current_high=17, raise_delta=+1). Failed checks for best suit: conf_mean 16.70 < 17.
Pass (locked): Player 2 (min_allowed=18)
  bidding analysis:
    present_suits: H, C, S
    current_high=17  min_allowed=18  raise_delta=1
    overall: avg=15.19  p30=12.00  std=4.73
    suit_stats:
      H: pts=[8, 15, 22, 15, 17, 15 ...]  avg=15.19  p30=12.00  std=4.73
      C: pts=[]
      S: pts=[]
    failed_checks:
      H: p30 12.00 < 17; conf_mean 12.82 < 17
      C: p30 0.00 < 17; conf_mean 0.00 < 17
      S: p30 0.00 < 17; conf_mean 0.00 < 17
    reason: Pass: No suit meets thresholds. Best suit H has p30=12.00, conf_mean=12.82 below min_allowed=18 (current_high=17, raise_delta=+1). Failed checks for best suit: p30 12.00 < 17, conf_mean 12.82 < 17.
Pass (locked): Player 3 (min_allowed=18)
  bidding analysis:
    present_suits: D, C, S
    current_high=17  min_allowed=18  raise_delta=1
    overall: avg=6.75  p30=0.00  std=6.76
    failed_checks:
      D: p30 0.00 < 17; conf_mean 3.37 < 17
      S: p30 0.00 < 17; conf_mean 0.00 < 17
    reason: Pass: No suit meets thresholds. Best suit D has p30=0.00, conf_mean=3.37 below min_allowed=18 (current_high=17, raise_delta=+1). Failed checks for best suit: p30 0.00 < 17, conf_mean 3.37 < 17.

AUCTION WINNER: Player 0 with bid 17; chooses trump C 
Details={'chosen': 'C', 'estimates': {'C': 15.0, 'H': 13.0, 'D': 0.0, 'S': 3.0}}
Player 0 hand :  ['7D', 'AS', '7H', 'KS', '7S', 'QC', 'JH']
Player 1 hand :  ['10C', 'JD', '10D', '8H', 'QH', '9D', '9S', 'AD']
Player 2 hand :  ['7C', 'JS', '9H', 'KH', 'AC', '9C', 'JC', '10S']
Player 3 hand :  ['8D', 'KD', 'QS', '8C', '8S', '10H', 'QD', 'AH']
Player 0 (auction 4 cards): ['7D', 'AS', 'KC', '7H']
Player 1 (auction 4 cards): ['10C', 'JD', '10D', '8H']
Player 2 (auction 4 cards): ['7C', 'JS', '9H', 'KH']
Player 3 (auction 4 cards): ['8D', 'KD', 'QS', '8C']
Auction winner (bidder): Player 0 with bid 17
Bidder sets concealed trump suit: C
Phase: concealed, bidder concealed card: KC

Player 0 plays 7D
Player 1 plays JD
-- Phase 2 begins: Trump revealed as C by Player 2 on trick 1 --
Player 2 plays 7C
Player 3 plays 8D
Player 2 won the hand: 3 points

Player 2 plays JS
Player 3 plays QS
Player 0 plays AS
Player 1 plays 9S
Player 2 won the hand: 6 points

Player 2 plays 9H
Player 3 plays 10H
Player 0 plays 7H
Player 1 plays 8H
Player 2 won the hand: 3 points

Player 2 plays KH
Player 3 plays AH
Player 0 plays JH
Player 1 plays QH
Player 0 won the hand: 4 points

Player 0 plays KS
Player 1 plays 10C
Player 2 plays 10S
Player 3 plays 8S
Player 1 won the hand: 2 points

Player 1 plays 10D
Player 2 plays AC
Player 3 plays KD
Player 0 plays 7S
Player 2 won the hand: 2 points

Player 2 plays 9C
Player 3 plays 8C
Player 0 plays QC
Player 1 plays 9D
Player 2 won the hand: 4 points

Player 2 plays JC
Player 3 plays QD
Player 0 plays KC
Player 1 plays AD
Player 2 won the hand: 4 points

Game 8 final points: Team A=26, Team B=2
Series cumulative game score so far: Team A=-1, Team B=1
Log saved to: c:\Users\laksh\Desktop\Projects\28bot\logs\game28\mcts_games\game_8_20250823_173430_853765.log
