
===== GAME 5 (20250819_120707_618871) =====
Bid: Player 0 proposes 18 (min_allowed=16) – suit_scores={'D': [13, 0, 17, 18], 'C': [12, 23, 20, 15]} chosen=C p30=12 avg=17.5
Pass: Player 1 (min_allowed=19) – analysis={'present_suits': ['H', 'S'], 'suit_to_points': {'H': [14, 18, 0, 19], 'S': [14, 13, 16, 12]}, 'chosen_suit': 'S', 'avg_points': 13.75, 'p30_points': 12, 'proposed': None, 'current_high': 18}
Pass: Player 2 (min_allowed=19) – analysis={'present_suits': ['D', 'C', 'S'], 'suit_to_points': {'D': [25, 0, 10, 0], 'C': [0, 19, 7, 10], 'S': [3, 11, 0, 17]}, 'chosen_suit': 'C', 'avg_points': 9.0, 'p30_points': 0, 'proposed': None, 'current_high': 18}
Pass: Player 3 (min_allowed=19) – analysis={'present_suits': ['D', 'S'], 'suit_to_points': {'D': [12, 19, 0, 18], 'S': [16, 21, 15, 24]}, 'chosen_suit': 'S', 'avg_points': 19.0, 'p30_points': 15, 'proposed': None, 'current_high': 18}
Auction winner: Player 0 with bid 18; chooses trump C – details={'chosen': 'C', 'estimates': {'D': 8, 'C': 10}}
Player 0 hand :  ['KD', '7C', '10D', '10H', 'KS', 'JC', '7D']
Player 1 hand :  ['QS', '8H', '8S', 'QH', '8C', 'JD', '7S', 'JS']
Player 2 hand :  ['AC', 'QC', '8D', 'AS', 'KH', 'AH', 'JH', 'AD']
Player 3 hand :  ['9D', 'QD', '10S', '9S', '7H', '9H', 'KC', '10C']
Player 0 (auction 4 cards): ['KD', '7C', '10D', '9C']
Player 1 (auction 4 cards): ['QS', '8H', '8S', 'QH']
Player 2 (auction 4 cards): ['AC', 'QC', '8D', 'AS']
Player 3 (auction 4 cards): ['9D', 'QD', '10S', '9S']
Auction winner (bidder): Player 0 with bid 18
Bidder sets concealed trump suit: C
Phase: concealed, bidder concealed card: 9C

Player 0 plays KD
Player 1 plays JD
Player 2 plays 8D
Player 3 plays 9D
Player 1 won the hand: 5 points

Player 1 plays QS
Player 2 plays AS
Player 3 plays 10S
Player 0 plays KS
Player 2 won the hand: 2 points

Player 2 plays AC
Player 3 plays KC
Player 0 plays 7C
Player 1 plays 8C
Player 2 won the hand: 1 points

Player 2 plays JH
Player 3 plays 7H
Player 0 plays 10H
Player 1 plays 8H
Player 2 won the hand: 4 points

Player 2 plays KH
Player 3 plays 9H
-- Phase 2 begins: Trump revealed as C by Player 0 on trick 5 --
Player 0 plays JC
Player 1 plays QH
Player 0 won the hand: 5 points

Player 0 plays 10D
Player 1 plays 8S
Player 2 plays AD
Player 3 plays QD
Player 2 won the hand: 2 points

Player 2 plays QC
Player 3 plays 10C
Player 0 plays 9C
Player 1 plays 7S
Player 0 won the hand: 3 points

Player 0 plays 7D
Player 1 plays JS
Player 2 plays AH
Player 3 plays 9S
Player 0 won the hand: 6 points

Game 5 final points: Team A=23, Team B=5
Series cumulative game score so far: Team A=3, Team B=-2
Log saved to: c:\Users\laksh\Desktop\Projects\28bot\logs\game28\mcts_games\game_5_20250819_120707_618871.log
