
===== GAME 48 (20250820_155212_687777) =====

===== AUCTION =====
Pass (locked): Player 0 (min_allowed=16)
  bidding analysis:
    present_suits: D, C, S
    current_high=0  min_allowed=16  raise_delta=1
    overall: avg=11.50  p30=7.00  std=9.23
    failed_checks:
      C: p30 0.00 < 15; conf_mean 0.00 < 15
      S: p30 7.00 < 15; conf_mean 6.88 < 15
    reason: Pass: No suit meets thresholds. Best suit S has p30=7.00, conf_mean=6.88 below min_allowed=16 (current_high=0, raise_delta=+1). Failed checks for best suit: p30 7.00 < 15, conf_mean 6.88 < 15.
Pass (locked): Player 1 (min_allowed=16)
  bidding analysis:
    present_suits: H, D, S
    current_high=0  min_allowed=16  raise_delta=1
    overall: avg=16.50  p30=14.00  std=4.27
    suit_stats:
      D: pts=[11, 22, 19, 14]  avg=16.50  p30=14.00  std=4.27
      H: pts=[]
      S: pts=[]
    failed_checks:
      H: p30 0.00 < 15; conf_mean 0.00 < 15
      D: p30 14.00 < 15; conf_mean 14.36 < 15
      S: p30 0.00 < 15; conf_mean 0.00 < 15
    reason: Pass: No suit meets thresholds. Best suit D has p30=14.00, conf_mean=14.36 below min_allowed=16 (current_high=0, raise_delta=+1). Failed checks for best suit: p30 14.00 < 15, conf_mean 14.36 < 15.
Pass (locked): Player 2 (min_allowed=16)
  bidding analysis:
    present_suits: H, D, S
    current_high=0  min_allowed=16  raise_delta=1
    overall: avg=13.50  p30=9.00  std=6.80
    suit_stats:
      S: pts=[5, 22, 18, 9]  avg=13.50  p30=9.00  std=6.80
      H: pts=[]
      D: pts=[]
    failed_checks:
      H: p30 0.00 < 15; conf_mean 0.00 < 15
      D: p30 0.00 < 15; conf_mean 0.00 < 15
      S: p30 9.00 < 15; conf_mean 10.10 < 15
    reason: Pass: No suit meets thresholds. Best suit S has p30=9.00, conf_mean=10.10 below min_allowed=16 (current_high=0, raise_delta=+1). Failed checks for best suit: p30 9.00 < 15, conf_mean 10.10 < 15.
Pass (locked): Player 3 (min_allowed=16)
  bidding analysis:
    present_suits: D, C, S
    current_high=0  min_allowed=16  raise_delta=1
    overall: avg=11.00  p30=13.00  std=6.67
    failed_checks:
      D: p30 13.00 < 15; conf_mean 7.66 < 15
      S: p30 0.00 < 15; conf_mean 0.00 < 15
    reason: Pass: No suit meets thresholds. Best suit D has p30=13.00, conf_mean=7.66 below min_allowed=16 (current_high=0, raise_delta=+1). Failed checks for best suit: p30 13.00 < 15, conf_mean 7.66 < 15.
Forced bid: All players passed. Player 0 takes minimum bid 16.

AUCTION WINNER: Player 0 with bid 16; chooses trump D 
Details={'chosen': 'D', 'estimates': {'C': 0.0, 'S': 11.5, 'D': 16.75}}
Player 0 hand :  ['AS', '7C', 'JC', 'AC', '9S', '9D', '9H']
Player 1 hand :  ['10H', 'KS', 'JD', 'KD', '7D', '8C', '9C', 'JS']
Player 2 hand :  ['8S', 'AD', '8H', 'QS', 'JH', '7H', 'KH', 'KC']
Player 3 hand :  ['7S', '10C', 'QC', 'QD', 'AH', 'QH', '10S', '8D']
Player 0 (auction 4 cards): ['AS', '7C', '10D', 'JC']
Player 1 (auction 4 cards): ['10H', 'KS', 'JD', 'KD']
Player 2 (auction 4 cards): ['8S', 'AD', '8H', 'QS']
Player 3 (auction 4 cards): ['7S', '10C', 'QC', 'QD']
Auction winner (bidder): Player 0 with bid 16
Bidder sets concealed trump suit: D
Phase: concealed, bidder concealed card: 10D

Player 0 plays AS
Player 1 plays KS
Player 2 plays 8S
Player 3 plays 7S
Player 0 won the hand: 1 points

Player 0 plays 7C
Player 1 plays 8C
Player 2 plays KC
Player 3 plays 10C
Player 3 won the hand: 1 points

Player 3 plays QC
Player 0 plays JC
Player 1 plays 9C
-- Phase 2 begins: Trump revealed as D by Player 2 on trick 3 --
Player 2 plays AD
Player 2 won the hand: 6 points

Player 2 plays 8H
Player 3 plays AH
Player 0 plays 9H
Player 1 plays 10H
Player 0 won the hand: 4 points

Player 0 plays AC
Player 1 plays JD
Player 2 plays QS
Player 3 plays QD
Player 1 won the hand: 4 points

Player 1 plays KD
Player 2 plays JH
Player 3 plays 8D
Player 0 plays 9D
Player 0 won the hand: 5 points

Player 0 plays 9S
Player 1 plays JS
Player 2 plays 7H
Player 3 plays 10S
Player 1 won the hand: 6 points

Player 1 plays 7D
Player 2 plays KH
Player 3 plays QH
Player 0 plays 10D
Player 0 won the hand: 1 points

Game 48 final points: Team A=17, Team B=11
Series cumulative game score so far: Team A=-2, Team B=-5
Log saved to: c:\Users\laksh\Desktop\Projects\28bot\logs\game28\mcts_games\game_48_20250820_155212_687777.log
