
===== GAME 9 (20250822_133156_691149) =====

===== AUCTION =====
Bid: Player 0 proposes 18 (min_allowed=16)
  bidding analysis:
    present_suits: H, D, C
    current_high=0  min_allowed=16  raise_delta=1
    chosen_suit: D
    proposed_bid: 18
    overall: avg=18.12  p30=18.00  std=3.92
    reason: Bid (precomputed): Suit D meets thresholds (p30=18.00, conf_mean=16.17 >= min_allowed=16); conservative mapping max(p30, avg-1) -> 18. (current_high=0, raise_delta=+1)
Pass (locked): Player 1 (min_allowed=19)
  bidding analysis:
    present_suits: D, C
    current_high=18  min_allowed=19  raise_delta=1
    overall: avg=17.00  p30=17.00  std=0.00
    suit_stats:
      D: pts=[11, 16, 9, 7, 18, 20 ...]  avg=13.75  p30=11.00  std=3.78
      C: pts=[17]  avg=17.00  p30=17.00  std=0.00
    failed_checks:
      D: p30 11.00 < 18; conf_mean 11.86 < 18
      C: p30 17.00 < 18; conf_mean 17.00 < 18
    reason: Pass: No suit meets thresholds. Best suit C has p30=17.00, conf_mean=17.00 below min_allowed=19 (current_high=18, raise_delta=+1). Failed checks for best suit: p30 17.00 < 18, conf_mean 17.00 < 18.
Bid: Player 2 proposes 19 (min_allowed=19)
  bidding analysis:
    present_suits: H, C, S
    current_high=18  min_allowed=19  raise_delta=1
    chosen_suit: S
    proposed_bid: 19
    overall: avg=19.44  p30=18.00  std=2.06
    suit_stats:
      S: pts=[23, 17, 21, 18, 19, 18 ...]  avg=19.44  p30=18.00  std=2.06
      H: pts=[]
      C: pts=[]
    reason: Bid: Suit S meets thresholds (p30=18.00, conf_mean=18.41 >= min_allowed=19); conservative mapping max(p30, avg-1) -> 19. (current_high=18, raise_delta=+1)
Pass (locked): Player 3 (min_allowed=20)
  bidding analysis:
    present_suits: H, C, S
    current_high=19  min_allowed=20  raise_delta=1
    overall: avg=8.25  p30=7.00  std=5.40
    failed_checks:
      C: p30 7.00 < 19; conf_mean 5.55 < 19
      S: p30 0.00 < 19; conf_mean 0.00 < 19
    reason: Pass: No suit meets thresholds. Best suit C has p30=7.00, conf_mean=5.55 below min_allowed=20 (current_high=19, raise_delta=+1). Failed checks for best suit: p30 7.00 < 19, conf_mean 5.55 < 19.
Pass (locked): Player 0 (min_allowed=20)
  bidding analysis:
    present_suits: H, D, C
    current_high=19  min_allowed=20  raise_delta=1
    overall: avg=18.12  p30=18.00  std=3.92
    failed_checks:
      H: p30 0.00 < 19; conf_mean 0.00 < 19
      D: p30 18.00 < 19; conf_mean 16.17 < 19
      C: p30 0.00 < 19; conf_mean 0.00 < 19
    reason: Pass: No suit meets thresholds. Best suit D has p30=18.00, conf_mean=16.17 below min_allowed=20 (current_high=19, raise_delta=+1). Failed checks for best suit: p30 18.00 < 19, conf_mean 16.17 < 19.

AUCTION WINNER: Player 2 with bid 19; chooses trump S 
Details={'chosen': 'S', 'estimates': {'S': 20.0, 'H': 14.0, 'C': 16.0}}
Player 0 hand :  ['JD', '7H', '9C', '9D', '10D', 'AH', '7D', 'AS']
Player 1 hand :  ['KD', '7C', 'AD', 'QC', 'AC', 'JC', '10H', '8D']
Player 2 hand :  ['10C', '9S', 'JH', '9H', '8C', '8S', 'KS']
Player 3 hand :  ['KC', 'QH', 'QS', '10S', 'KH', '7S', '8H', 'QD']
Player 0 (auction 4 cards): ['JD', '7H', '9C', '9D']
Player 1 (auction 4 cards): ['KD', '7C', 'AD', 'QC']
Player 2 (auction 4 cards): ['JS', '10C', '9S', 'JH']
Player 3 (auction 4 cards): ['KC', 'QH', 'QS', '10S']
Auction winner (bidder): Player 2 with bid 19
Bidder sets concealed trump suit: S
Phase: concealed, bidder concealed card: JS

Player 0 plays JD
Player 1 plays KD
Player 2 plays 10C
Player 3 plays QD
Player 0 won the hand: 4 points

Player 0 plays 7H
Player 1 plays 10H
Player 2 plays JH
Player 3 plays QH
Player 2 won the hand: 4 points

Player 2 plays 9H
Player 3 plays KH
Player 0 plays AH
Player 1 plays 7C
Player 2 won the hand: 3 points

Player 2 plays 8C
Player 3 plays KC
Player 0 plays 9C
Player 1 plays QC
Player 0 won the hand: 2 points

Player 0 plays 9D
Player 1 plays AD
-- Phase 2 begins: Trump revealed as S by Player 2 on trick 5 --
Player 2 plays 9S
Player 3 plays QS
Player 2 won the hand: 5 points

Player 2 plays 8S
Player 3 plays 10S
Player 0 plays AS
Player 1 plays AC
Player 0 won the hand: 3 points

Player 0 plays 10D
Player 1 plays 8D
Player 2 plays KS
Player 3 plays 7S
Player 2 won the hand: 1 points

Player 2 plays JS
Player 3 plays 8H
Player 0 plays 7D
Player 1 plays JC
Player 2 won the hand: 6 points

Game 9 final points: Team A=28, Team B=0
Series cumulative game score so far: Team A=-1, Team B=3
Log saved to: c:\Users\laksh\Desktop\Projects\28bot\logs\game28\mcts_games\game_9_20250822_133156_691149.log
