
===== GAME 33 (20250825_101725_509801) =====

===== AUCTION =====
Pass (locked): Player 0 (min_allowed=16)
  bidding analysis:
    present_suits: H, C, S
    current_high=0  min_allowed=16  raise_delta=1
    overall: avg=0.00  p30=0.00  std=0.00
    failed_checks:
      C: p30 0.00 < 15; conf_mean 0.00 < 15
      S: p30 0.00 < 15; conf_mean 0.00 < 15
    reason: Pass: No suit meets thresholds. Best suit H has p30=0.00, conf_mean=0.00 below min_allowed=16 (current_high=0, raise_delta=+1). Failed checks for best suit: n/a.
Pass (locked): Player 1 (min_allowed=16)
  bidding analysis:
    present_suits: H, D, C
    current_high=0  min_allowed=16  raise_delta=1
    overall: avg=16.12  p30=14.00  std=4.43
    suit_stats:
      H: pts=[17, 17, 22, 21, 14, 23 ...]  avg=16.12  p30=14.00  std=4.43
      D: pts=[]
      C: pts=[]
    failed_checks:
      H: p30 14.00 < 15; conf_mean 13.91 < 15
      D: p30 0.00 < 15; conf_mean 0.00 < 15
      C: p30 0.00 < 15; conf_mean 0.00 < 15
    reason: Pass: No suit meets thresholds. Best suit H has p30=14.00, conf_mean=13.91 below min_allowed=16 (current_high=0, raise_delta=+1). Failed checks for best suit: p30 14.00 < 15, conf_mean 13.91 < 15.
Pass (locked): Player 2 (min_allowed=16)
  bidding analysis:
    present_suits: H, D
    current_high=0  min_allowed=16  raise_delta=1
    overall: avg=10.00  p30=0.00  std=10.00
    failed_checks:
      H: p30 0.00 < 15; conf_mean 5.00 < 15
    reason: Pass: No suit meets thresholds. Best suit H has p30=0.00, conf_mean=5.00 below min_allowed=16 (current_high=0, raise_delta=+1). Failed checks for best suit: p30 0.00 < 15, conf_mean 5.00 < 15.
Pass (locked): Player 3 (min_allowed=16)
  bidding analysis:
    present_suits: H, C, S
    current_high=0  min_allowed=16  raise_delta=1
    overall: avg=0.00  p30=0.00  std=0.00
    failed_checks:
      C: p30 0.00 < 15; conf_mean 0.00 < 15
      S: p30 0.00 < 15; conf_mean 0.00 < 15
    reason: Pass: No suit meets thresholds. Best suit H has p30=0.00, conf_mean=0.00 below min_allowed=16 (current_high=0, raise_delta=+1). Failed checks for best suit: n/a.
Forced bid: All players passed. Player 0 takes minimum bid 16.

AUCTION WINNER: Player 0 with bid 16; chooses trump H 
Details={'chosen': 'H', 'estimates': {'C': 0.0, 'S': 0.0, 'H': 10.333333333333334}}
Player 0 hand :  ['AC', '8S', '10C', 'KH', '8D', '10S', '8C']
Player 1 hand :  ['9D', '7H', 'QH', '9C', '7D', 'JS', '9H', 'AD']
Player 2 hand :  ['8H', '10D', 'QD', 'JH', 'KD', '7C', 'KS', '7S']
Player 3 hand :  ['JC', 'AH', 'AS', 'QC', 'JD', 'KC', 'QS', '9S']
Player 0 (auction 4 cards): ['AC', '8S', '10C', '10H']
Player 1 (auction 4 cards): ['9D', '7H', 'QH', '9C']
Player 2 (auction 4 cards): ['8H', '10D', 'QD', 'JH']
Player 3 (auction 4 cards): ['JC', 'AH', 'AS', 'QC']
Auction winner (bidder): Player 0 with bid 16
Bidder sets concealed trump suit: H
Phase: concealed, bidder concealed card: 10H

Player 0 plays AC
Player 1 plays 9C
Player 2 plays 7C
Player 3 plays JC
Player 3 won the hand: 6 points

Player 3 plays AH
Player 0 plays KH
Player 1 plays 7H
Player 2 plays 8H
Player 3 won the hand: 1 points

Player 3 plays AS
Player 0 plays 8S
Player 1 plays JS
Player 2 plays KS
Player 1 won the hand: 4 points

Player 1 plays 9D
Player 2 plays 10D
Player 3 plays JD
Player 0 plays 8D
Player 3 won the hand: 6 points

Player 3 plays QC
Player 0 plays 10C
-- Phase 2 begins: Trump revealed as H by Player 1 on trick 5 --
Player 1 plays QH
Player 2 plays QD
Player 1 won the hand: 1 points

Player 1 plays 7D
Player 2 plays KD
Player 3 plays KC
Player 0 plays 10S
Player 2 won the hand: 1 points

Player 2 plays JH
Player 3 plays QS
Player 0 plays 10H
Player 1 plays 9H
Player 2 won the hand: 6 points

Player 2 plays 7S
Player 3 plays 9S
Player 0 plays 8C
Player 1 plays AD
Player 3 won the hand: 3 points

Game 33 final points: Team A=7, Team B=21
Series cumulative game score so far: Team A=-8, Team B=-4
Log saved to: c:\Users\laksh\Desktop\Projects\28bot\logs\game28\mcts_games\game_33_20250825_101725_509801.log
