
===== GAME 40 (20250822_143210_537191) =====

===== AUCTION =====
Pass (locked): Player 0 (min_allowed=16)
  bidding analysis:
    present_suits: H, D, S
    current_high=0  min_allowed=16  raise_delta=1
    overall: avg=17.19  p30=14.00  std=4.30
    suit_stats:
      D: pts=[17, 14, 10, 18, 19, 23 ...]  avg=17.19  p30=14.00  std=4.30
      H: pts=[]
      S: pts=[]
    failed_checks:
      H: p30 0.00 < 15; conf_mean 0.00 < 15
      D: p30 14.00 < 15
      S: p30 0.00 < 15; conf_mean 0.00 < 15
    reason: Pass: No suit meets thresholds. Best suit D has p30=14.00, conf_mean=15.04 below min_allowed=16 (current_high=0, raise_delta=+1). Failed checks for best suit: p30 14.00 < 15.
Pass (locked): Player 1 (min_allowed=16)
  bidding analysis:
    present_suits: H, D, S
    current_high=0  min_allowed=16  raise_delta=1
    overall: avg=0.00  p30=0.00  std=0.00
    failed_checks:
      H: p30 0.00 < 15; conf_mean 0.00 < 15
      S: p30 0.00 < 15; conf_mean 0.00 < 15
    reason: Pass: No suit meets thresholds. Best suit H has p30=0.00, conf_mean=0.00 below min_allowed=16 (current_high=0, raise_delta=+1). Failed checks for best suit: p30 0.00 < 15, conf_mean 0.00 < 15.
Pass (locked): Player 2 (min_allowed=16)
  bidding analysis:
    present_suits: H, D, C
    current_high=0  min_allowed=16  raise_delta=1
    overall: avg=15.12  p30=13.00  std=4.00
    suit_stats:
      D: pts=[21, 15, 19, 19, 16, 11 ...]  avg=15.12  p30=13.00  std=4.00
      H: pts=[]
      C: pts=[]
    failed_checks:
      H: p30 0.00 < 15; conf_mean 0.00 < 15
      D: p30 13.00 < 15; conf_mean 13.13 < 15
      C: p30 0.00 < 15; conf_mean 0.00 < 15
    reason: Pass: No suit meets thresholds. Best suit D has p30=13.00, conf_mean=13.13 below min_allowed=16 (current_high=0, raise_delta=+1). Failed checks for best suit: p30 13.00 < 15, conf_mean 13.13 < 15.
Pass (locked): Player 3 (min_allowed=16)
  bidding analysis:
    present_suits: H, C, S
    current_high=0  min_allowed=16  raise_delta=1
    overall: avg=12.81  p30=9.00  std=5.76
    suit_stats:
      H: pts=[18, 16, 19, 17, 2, 20 ...]  avg=12.81  p30=9.00  std=5.76
      C: pts=[]
      S: pts=[]
    failed_checks:
      H: p30 9.00 < 15; conf_mean 9.93 < 15
      C: p30 0.00 < 15; conf_mean 0.00 < 15
      S: p30 0.00 < 15; conf_mean 0.00 < 15
    reason: Pass: No suit meets thresholds. Best suit H has p30=9.00, conf_mean=9.93 below min_allowed=16 (current_high=0, raise_delta=+1). Failed checks for best suit: p30 9.00 < 15, conf_mean 9.93 < 15.
Forced bid: All players passed. Player 0 takes minimum bid 16.

AUCTION WINNER: Player 0 with bid 16; chooses trump S 
Details={'chosen': 'S', 'estimates': {'D': 12.0, 'H': 7.0, 'S': 23.0}}
Player 0 hand :  ['8D', '10H', 'JD', 'QD', '9C', '10C', 'QC']
Player 1 hand :  ['8S', '9H', '9S', '10D', '7H', 'KC', 'AD', 'JH']
Player 2 hand :  ['JC', '9D', 'KD', 'KH', 'QS', 'JS', 'KS', '8H']
Player 3 hand :  ['8C', 'QH', 'AH', '7S', '7D', '7C', 'AC', 'AS']
Player 0 (auction 4 cards): ['8D', '10H', 'JD', '10S']
Player 1 (auction 4 cards): ['8S', '9H', '9S', '10D']
Player 2 (auction 4 cards): ['JC', '9D', 'KD', 'KH']
Player 3 (auction 4 cards): ['8C', 'QH', 'AH', '7S']
Auction winner (bidder): Player 0 with bid 16
Bidder sets concealed trump suit: S
Phase: concealed, bidder concealed card: 10S

Player 0 plays 8D
Player 1 plays 10D
Player 2 plays 9D
Player 3 plays 7D
Player 2 won the hand: 3 points

Player 2 plays JC
Player 3 plays 8C
Player 0 plays 9C
Player 1 plays KC
Player 2 won the hand: 5 points

Player 2 plays KD
Player 3 plays QH
Player 0 plays JD
Player 1 plays AD
Player 0 won the hand: 4 points

Player 0 plays 10H
Player 1 plays 9H
Player 2 plays KH
Player 3 plays AH
Player 1 won the hand: 4 points

Player 1 plays 8S
Player 2 plays QS
Player 3 plays 7S
Player 0 plays QD
Player 2 won the hand: 0 points

Player 2 plays JS
Player 3 plays AS
Player 0 plays 10C
Player 1 plays 9S
Player 2 won the hand: 7 points

Player 2 plays KS
Player 3 plays 7C
Player 0 plays QC
Player 1 plays 7H
Player 2 won the hand: 0 points

Player 2 plays 8H
Player 3 plays AC
Error during gameplay: Current player 0 has no cards but other players do
No cards available, ending game
Game 40 final points: Team A=19, Team B=4
Series cumulative game score so far: Team A=-9, Team B=3
Log saved to: c:\Users\laksh\Desktop\Projects\28bot\logs\game28\mcts_games\game_40_20250822_143210_537191.log
