
===== GAME 22 (20250822_002648_196265) =====

===== AUCTION =====
Bid: Player 0 proposes 17 (min_allowed=16)
  bidding analysis:
    present_suits: D, S
    current_high=0  min_allowed=16  raise_delta=1
    chosen_suit: D
    proposed_bid: 17
    overall: avg=18.12  p30=17.00  std=3.72
    suit_stats:
      D: pts=[17, 14, 12, 20, 25, 18 ...]  avg=18.12  p30=17.00  std=3.72
      S: pts=[]
    reason: Bid: Suit D meets thresholds (p30=17.00, conf_mean=16.26 >= min_allowed=16); conservative mapping max(p30, avg-1) -> 17. (current_high=0, raise_delta=+1)
Pass (locked): Player 1 (min_allowed=18)
  bidding analysis:
    present_suits: H, D, S
    current_high=17  min_allowed=18  raise_delta=1
    overall: avg=12.25  p30=10.00  std=4.29
    suit_stats:
      D: pts=[10, 12, 17, 20, 7, 7 ...]  avg=12.25  p30=10.00  std=4.29
      H: pts=[]
      S: pts=[]
    failed_checks:
      H: p30 0.00 < 17; conf_mean 0.00 < 17
      D: p30 10.00 < 17; conf_mean 10.10 < 17
      S: p30 0.00 < 17; conf_mean 0.00 < 17
    reason: Pass: No suit meets thresholds. Best suit D has p30=10.00, conf_mean=10.10 below min_allowed=18 (current_high=17, raise_delta=+1). Failed checks for best suit: p30 10.00 < 17, conf_mean 10.10 < 17.
Pass (locked): Player 2 (min_allowed=18)
  bidding analysis:
    present_suits: H, D, C
    current_high=17  min_allowed=18  raise_delta=1
    overall: avg=16.25  p30=15.00  std=3.03
    suit_stats:
      C: pts=[19, 21, 14, 19, 15, 15 ...]  avg=16.25  p30=15.00  std=3.03
      H: pts=[]
      D: pts=[]
    failed_checks:
      H: p30 0.00 < 17; conf_mean 0.00 < 17
      D: p30 0.00 < 17; conf_mean 0.00 < 17
      C: p30 15.00 < 17; conf_mean 14.73 < 17
    reason: Pass: No suit meets thresholds. Best suit C has p30=15.00, conf_mean=14.73 below min_allowed=18 (current_high=17, raise_delta=+1). Failed checks for best suit: p30 15.00 < 17, conf_mean 14.73 < 17.
Bid: Player 3 proposes 20 (min_allowed=18)
  bidding analysis:
    present_suits: H, D, C, S
    current_high=17  min_allowed=18  raise_delta=1
    chosen_suit: C
    proposed_bid: 20
    overall: avg=20.00  p30=20.00  std=0.00
    suit_stats:
      S: pts=[5]  avg=5.00  p30=5.00  std=0.00
      D: pts=[9]  avg=9.00  p30=9.00  std=0.00
      H: pts=[10]  avg=10.00  p30=10.00  std=0.00
      C: pts=[20]  avg=20.00  p30=20.00  std=0.00
    reason: Bid: Suit C meets thresholds (p30=20.00, conf_mean=20.00 >= min_allowed=18); conservative mapping max(p30, avg-1) -> 20. (current_high=17, raise_delta=+1)
Pass (locked): Player 0 (min_allowed=21)
  bidding analysis:
    present_suits: D, S
    current_high=20  min_allowed=21  raise_delta=1
    overall: avg=16.12  p30=16.00  std=4.54
    suit_stats:
      D: pts=[8, 18, 18, 24, 16, 18 ...]  avg=16.12  p30=16.00  std=4.54
      S: pts=[]
    failed_checks:
      D: p30 16.00 < 20; conf_mean 13.86 < 20
      S: p30 0.00 < 20; conf_mean 0.00 < 20
    reason: Pass: No suit meets thresholds. Best suit D has p30=16.00, conf_mean=13.86 below min_allowed=21 (current_high=20, raise_delta=+1). Failed checks for best suit: p30 16.00 < 20, conf_mean 13.86 < 20.

AUCTION WINNER: Player 3 with bid 20; chooses trump H 
Details={'chosen': 'H', 'estimates': {'C': 10.0, 'H': 18.0, 'D': 18.0, 'S': 7.0}}
Player 0 hand :  ['9D', '8D', '9S', 'KD', 'QC', 'QS', '10H', 'AC']
Player 1 hand :  ['KS', 'QD', 'KH', '10D', 'JC', 'AH', '9C', '8H']
Player 2 hand :  ['AD', 'JH', '10C', '7C', 'AS', '9H', '7H', '8S']
Player 3 hand :  ['KC', '7S', '7D', '8C', '10S', 'JD', 'JS']
Player 0 (auction 4 cards): ['9D', '8D', '9S', 'KD']
Player 1 (auction 4 cards): ['KS', 'QD', 'KH', '10D']
Player 2 (auction 4 cards): ['AD', 'JH', '10C', '7C']
Player 3 (auction 4 cards): ['QH', 'KC', '7S', '7D']
Auction winner (bidder): Player 3 with bid 20
Bidder sets concealed trump suit: H
Phase: concealed, bidder concealed card: QH

Player 0 plays 9D
Player 1 plays QD
Player 2 plays AD
Player 3 plays 7D
Player 0 won the hand: 3 points

Player 0 plays 8D
Player 1 plays 10D
-- Phase 2 begins: Trump revealed as H by Player 2 on trick 2 --
Player 2 plays JH
Player 3 plays JD
Player 2 won the hand: 7 points

Player 2 plays 10C
Player 3 plays KC
Player 0 plays QC
Player 1 plays JC
Player 1 won the hand: 4 points

Player 1 plays KS
Player 2 plays AS
Player 3 plays 7S
Player 0 plays 9S
Player 0 won the hand: 3 points

Player 0 plays KD
Player 1 plays KH
Player 2 plays 7C
Player 3 plays 8C
Player 1 won the hand: 0 points

Player 1 plays AH
Player 2 plays 9H
Player 3 plays QH
Player 0 plays 10H
Player 2 won the hand: 4 points

Player 2 plays 7H
Player 3 plays 10S
Player 0 plays QS
Player 1 plays 8H
Player 1 won the hand: 1 points

Player 1 plays 9C
Player 2 plays 8S
Player 3 plays JS
Player 0 plays AC
Player 1 won the hand: 6 points

Game 22 final points: Team A=17, Team B=11
Series cumulative game score so far: Team A=-3, Team B=-6
Log saved to: c:\Users\laksh\Desktop\Projects\28bot\logs\game28\mcts_games\game_22_20250822_002648_196265.log
