
===== GAME 2 (20250819_141533_594880) =====

===== AUCTION =====
Bid: Player 0 proposes 19 (min_allowed=16)
  bidding analysis:
    present_suits: D, C, S
    current_high=0  min_allowed=16  raise_delta=1
    chosen_suit: C
    proposed_bid: 19
    overall: avg=17.75  p30=19.00  std=3.42
    suit_stats:
      D: pts=[23, 19, 17, 7]  avg=16.50  p30=17.00  std=5.89
      C: pts=[12, 19, 21, 19]  avg=17.75  p30=19.00  std=3.42
      S: pts=[10, 0, 8, 13]  avg=7.75  p30=8.00  std=4.82
    reason: Bid: Suit C meets thresholds (p30=19.00, conf_mean=16.04 >= min_allowed=16); conservative mapping max(p30, avg-1) -> 19. (current_high=0, raise_delta=+1)
Pass (locked): Player 1 (min_allowed=20)
  bidding analysis:
    present_suits: H, D, C, S
    current_high=19  min_allowed=20  raise_delta=1
    overall: avg=13.25  p30=13.00  std=8.90
    suit_stats:
      H: pts=[8, 0, 13, 18]  avg=9.75  p30=8.00  std=6.65
      D: pts=[22, 16, 0, 0]  avg=9.50  p30=0.00  std=9.73
      C: pts=[15, 9, 0, 7]  avg=7.75  p30=7.00  std=5.36
      S: pts=[15, 25, 13, 0]  avg=13.25  p30=13.00  std=8.90
    failed_checks:
      H: p30 8.00 < 19; conf_mean 6.43 < 19
      D: p30 0.00 < 19; conf_mean 4.63 < 19
      C: p30 7.00 < 19; conf_mean 5.07 < 19
      S: p30 13.00 < 19; conf_mean 8.80 < 19
    reason: Pass: No suit meets thresholds. Best suit S has p30=13.00, conf_mean=8.80 below min_allowed=20 (current_high=19, raise_delta=+1). Failed checks for best suit: p30 13.00 < 19, conf_mean 8.80 < 19.
Pass (locked): Player 2 (min_allowed=20)
  bidding analysis:
    present_suits: H, C, S
    current_high=19  min_allowed=20  raise_delta=1
    overall: avg=16.25  p30=16.00  std=3.90
    suit_stats:
      H: pts=[21, 0, 12, 9]  avg=10.50  p30=9.00  std=7.50
      C: pts=[15, 17, 21, 13]  avg=16.50  p30=15.00  std=2.96
      S: pts=[20, 19, 10, 16]  avg=16.25  p30=16.00  std=3.90
    failed_checks:
      H: p30 9.00 < 19; conf_mean 6.75 < 19
      C: p30 15.00 < 19; conf_mean 15.02 < 19
      S: p30 16.00 < 19; conf_mean 14.30 < 19
    reason: Pass: No suit meets thresholds. Best suit S has p30=16.00, conf_mean=14.30 below min_allowed=20 (current_high=19, raise_delta=+1). Failed checks for best suit: p30 16.00 < 19, conf_mean 14.30 < 19.
Pass (locked): Player 3 (min_allowed=20)
  bidding analysis:
    present_suits: C, S
    current_high=19  min_allowed=20  raise_delta=1
    overall: avg=18.75  p30=19.00  std=4.71
    suit_stats:
      C: pts=[23, 11, 22, 19]  avg=18.75  p30=19.00  std=4.71
      S: pts=[9, 7, 0, 7]  avg=5.75  p30=7.00  std=3.42
    failed_checks:
      C: conf_mean 16.39 < 19
      S: p30 7.00 < 19; conf_mean 4.04 < 19
    reason: Pass: No suit meets thresholds. Best suit C has p30=19.00, conf_mean=16.39 below min_allowed=20 (current_high=19, raise_delta=+1). Failed checks for best suit: conf_mean 16.39 < 19.

AUCTION WINNER: Player 0 with bid 19; chooses trump C 
Details={'chosen': 'C', 'estimates': {'D': 3, 'C': 12, 'S': 3}}
Player 0 hand :  ['KS', 'KD', 'JC', '7C', 'QS', 'KH', '7H']
Player 1 hand :  ['AD', '10S', '10C', '10H', 'AH', '7D', '9D', '8H']
Player 2 hand :  ['QH', '8C', 'JS', '9H', '8D', '8S', 'JH', 'JD']
Player 3 hand :  ['7S', '9C', '9S', 'AC', 'AS', '10D', 'QD', 'QC']
Player 0 (auction 4 cards): ['KS', 'KD', 'JC', 'KC']
Player 1 (auction 4 cards): ['AD', '10S', '10C', '10H']
Player 2 (auction 4 cards): ['QH', '8C', 'JS', '9H']
Player 3 (auction 4 cards): ['7S', '9C', '9S', 'AC']
Auction winner (bidder): Player 0 with bid 19
Bidder sets concealed trump suit: C
Phase: concealed, bidder concealed card: KC

Player 0 plays KS
Player 1 plays 10S
Player 2 plays JS
Player 3 plays 7S
Player 2 won the hand: 4 points

Player 2 plays QH
-- Phase 2 begins: Trump revealed as C by Player 3 on trick 2 --
Player 3 plays 9C
Player 0 plays KH
Player 1 plays 10H
Player 3 won the hand: 3 points

Player 3 plays 9S
Player 0 plays QS
Player 1 plays AD
Player 2 plays 8S
Player 3 won the hand: 3 points

Player 3 plays AC
Player 0 plays JC
Player 1 plays 10C
Player 2 plays 8C
Player 0 won the hand: 5 points

Player 0 plays KD
Player 1 plays 7D
Player 2 plays 8D
Player 3 plays 10D
Player 3 won the hand: 1 points

Player 3 plays AS
Player 0 plays 7C
Player 1 plays AH
Player 2 plays 9H
Player 0 won the hand: 4 points

Player 0 plays 7H
Player 1 plays 8H
Player 2 plays JH
Player 3 plays QD
Player 2 won the hand: 3 points

Player 2 plays JD
Player 3 plays QC
Player 0 plays KC
Player 1 plays 9D
Player 0 won the hand: 5 points

Game 2 final points: Team A=21, Team B=7
Series cumulative game score so far: Team A=1, Team B=0
Log saved to: c:\Users\laksh\Desktop\Projects\28bot\logs\game28\mcts_games\game_2_20250819_141533_594880.log
