
===== GAME 34 (20250822_080158_166723) =====

===== AUCTION =====
Pass (locked): Player 0 (min_allowed=16)
  bidding analysis:
    present_suits: H, D, C
    current_high=0  min_allowed=16  raise_delta=1
    overall: avg=14.88  p30=13.00  std=6.90
    suit_stats:
      D: pts=[16, 27, 15, 13, 5, 13 ...]  avg=14.88  p30=13.00  std=6.90
      H: pts=[]
      C: pts=[]
    failed_checks:
      H: p30 0.00 < 15; conf_mean 0.00 < 15
      D: p30 13.00 < 15; conf_mean 11.43 < 15
      C: p30 0.00 < 15; conf_mean 0.00 < 15
    reason: Pass: No suit meets thresholds. Best suit D has p30=13.00, conf_mean=11.43 below min_allowed=16 (current_high=0, raise_delta=+1). Failed checks for best suit: p30 13.00 < 15, conf_mean 11.43 < 15.
Pass (locked): Player 1 (min_allowed=16)
  bidding analysis:
    present_suits: H, D, S
    current_high=0  min_allowed=16  raise_delta=1
    overall: avg=14.75  p30=17.00  std=8.70
    failed_checks:
      H: conf_mean 10.40 < 15
      D: p30 0.00 < 15; conf_mean 0.00 < 15
      S: p30 0.00 < 15; conf_mean 0.00 < 15
    reason: Pass: No suit meets thresholds. Best suit H has p30=17.00, conf_mean=10.40 below min_allowed=16 (current_high=0, raise_delta=+1). Failed checks for best suit: conf_mean 10.40 < 15.
Bid: Player 2 proposes 17 (min_allowed=16)
  bidding analysis:
    present_suits: H, D, C, S
    current_high=0  min_allowed=16  raise_delta=1
    chosen_suit: H
    proposed_bid: 17
    overall: avg=17.00  p30=17.00  std=0.00
    reason: Bid (precomputed): Suit H meets thresholds (p30=17.00, conf_mean=17.00 >= min_allowed=16); conservative mapping max(p30, avg-1) -> 17. (current_high=0, raise_delta=+1)
Pass (locked): Player 3 (min_allowed=18)
  bidding analysis:
    present_suits: D, S
    current_high=17  min_allowed=18  raise_delta=1
    overall: avg=15.00  p30=15.00  std=0.00
    suit_stats:
      D: pts=[13, 7, 5, 3, 17, 19 ...]  avg=11.62  p30=7.00  std=5.54
      S: pts=[15]  avg=15.00  p30=15.00  std=0.00
    failed_checks:
      D: p30 7.00 < 17; conf_mean 8.85 < 17
      S: p30 15.00 < 17; conf_mean 15.00 < 17
    reason: Pass: No suit meets thresholds. Best suit S has p30=15.00, conf_mean=15.00 below min_allowed=18 (current_high=17, raise_delta=+1). Failed checks for best suit: p30 15.00 < 17, conf_mean 15.00 < 17.

AUCTION WINNER: Player 2 with bid 17; chooses trump H 
Details={'chosen': 'H', 'estimates': {'H': 17.0, 'D': 9.0, 'C': 13.0, 'S': 15.0}}
Player 0 hand :  ['10D', 'KH', 'JD', '10C', '7C', '8H', 'KC', '9H']
Player 1 hand :  ['9S', 'QH', '8D', 'JS', '9C', '8S', 'QD', 'QC']
Player 2 hand :  ['KD', 'AC', '7S', '10S', 'JC', 'JH', '7H']
Player 3 hand :  ['7D', '9D', 'KS', 'AS', 'AH', 'AD', 'QS', '8C']
Player 0 (auction 4 cards): ['10D', 'KH', 'JD', '10C']
Player 1 (auction 4 cards): ['9S', 'QH', '8D', 'JS']
Player 2 (auction 4 cards): ['10H', 'KD', 'AC', '7S']
Player 3 (auction 4 cards): ['7D', '9D', 'KS', 'AS']
Auction winner (bidder): Player 2 with bid 17
Bidder sets concealed trump suit: H
Phase: concealed, bidder concealed card: 10H

Player 0 plays 10D
Player 1 plays 8D
Player 2 plays KD
Player 3 plays 7D
Player 0 won the hand: 1 points

Player 0 plays KH
Player 1 plays QH
Player 2 plays JH
Player 3 plays AH
Player 2 won the hand: 4 points

Player 2 plays AC
Player 3 plays 8C
Player 0 plays 10C
Player 1 plays 9C
Player 1 won the hand: 4 points

Player 1 plays 9S
Player 2 plays 7S
Player 3 plays KS
Player 0 plays JD
Player 1 won the hand: 5 points

Player 1 plays JS
Player 2 plays 10S
Player 3 plays AS
Player 0 plays 7C
Player 1 won the hand: 5 points

Player 1 plays 8S
Player 2 plays JC
Player 3 plays QS
-- Phase 2 begins: Trump revealed as H by Player 0 on trick 6 --
Player 0 plays 8H
Player 0 won the hand: 3 points

Player 0 plays KC
Player 1 plays QC
Player 2 plays 7H
Player 3 plays 9D
Player 2 won the hand: 2 points

Player 2 plays 10H
Player 3 plays AD
Player 0 plays 9H
Player 1 plays QD
Player 0 won the hand: 4 points

Game 34 final points: Team A=14, Team B=14
Series cumulative game score so far: Team A=-5, Team B=-8
Log saved to: c:\Users\laksh\Desktop\Projects\28bot\logs\game28\mcts_games\game_34_20250822_080158_166723.log
