
===== GAME 4 (20250819_130958_493468) =====
Pass (locked): Player 0 (min_allowed=16) – analysis={'present_suits': ['D', 'S'], 'suit_to_points': {'D': [8, 16, 13, 9], 'S': [23, 0, 14, 21]}, 'chosen_suit': None, 'avg_points': 14.5, 'p30_points': 14, 'std_points': 9.013878188659973, 'proposed': None, 'current_high': 0, 'min_allowed': 16, 'reason': 'no_suit_meets_thresholds'}
Pass (locked): Player 1 (min_allowed=16) – analysis={'present_suits': ['H', 'D', 'C'], 'suit_to_points': {'H': [0, 0, 18, 16], 'D': [10, 15, 25, 11], 'C': [21, 5, 9, 14]}, 'chosen_suit': None, 'avg_points': 15.25, 'p30_points': 11, 'std_points': 5.931905258852336, 'proposed': None, 'current_high': 0, 'min_allowed': 16, 'reason': 'no_suit_meets_thresholds'}
Bid: Player 2 proposes 17 (min_allowed=16) – suit_scores={'H': [0, 0, 12, 0], 'C': [17, 24, 16, 17], 'S': [2, 14, 7, 13]} chosen=C p30=17 avg=18.5
Pass (locked): Player 3 (min_allowed=18) – analysis={'present_suits': ['D', 'C', 'S'], 'suit_to_points': {'D': [11, 10, 0, 0], 'C': [0, 10, 20, 0], 'S': [21, 0, 13, 13]}, 'chosen_suit': None, 'avg_points': 11.75, 'p30_points': 13, 'std_points': 7.5291101731877985, 'proposed': None, 'current_high': 17, 'min_allowed': 19, 'reason': 'no_suit_meets_thresholds'}
Auction winner: Player 2 with bid 17; chooses trump C – details={'chosen': 'C', 'estimates': {'H': 3, 'C': 12, 'S': 3}}
Player 0 hand :  ['KD', 'QS', '8S', '7S', '10S', 'JD', '8D', '8H']
Player 1 hand :  ['8C', '7D', 'AH', '9H', 'JS', '10H', 'JH', 'KC']
Player 2 hand :  ['7C', 'KH', 'KS', 'QH', '7H', 'QC', '10C']
Player 3 hand :  ['AC', 'AS', '9D', 'QD', '9S', '9C', 'AD', '10D']
Player 0 (auction 4 cards): ['KD', 'QS', '8S', '7S']
Player 1 (auction 4 cards): ['8C', '7D', 'AH', '9H']
Player 2 (auction 4 cards): ['JC', '7C', 'KH', 'KS']
Player 3 (auction 4 cards): ['AC', 'AS', '9D', 'QD']
Auction winner (bidder): Player 2 with bid 17
Bidder sets concealed trump suit: C
Phase: concealed, bidder concealed card: JC

Player 0 plays JD
Player 1 plays 7D
Player 2 plays KS
Player 3 plays 9D
Player 0 won the hand: 5 points

Player 0 plays KD
-- Phase 2 begins: Trump revealed as C by Player 1 on trick 2 --
Player 1 plays 8C
Player 2 plays QC
Player 3 plays 10D
Player 2 won the hand: 1 points

Player 2 plays 7H
Player 3 plays AC
Player 0 plays 8H
Player 1 plays AH
Player 3 won the hand: 2 points

Player 3 plays AS
Player 0 plays QS
Player 1 plays JS
Player 2 plays 7C
Player 2 won the hand: 4 points

Player 2 plays KH
Player 3 plays 9C
Player 0 plays 8S
Player 1 plays 9H
Player 3 won the hand: 4 points

Player 3 plays 9S
Player 0 plays 7S
Player 1 plays JH
Player 2 plays 10C
Player 2 won the hand: 6 points

Player 2 plays QH
Player 3 plays QD
Player 0 plays 10S
Player 1 plays 10H
Player 1 won the hand: 2 points

Player 1 plays KC
Player 2 plays JC
Player 3 plays AD
Player 0 plays 8D
Player 2 won the hand: 4 points

Game 4 final points: Team A=20, Team B=8
Series cumulative game score so far: Team A=5, Team B=0
Log saved to: c:\Users\laksh\Desktop\Projects\28bot\logs\game28\mcts_games\game_4_20250819_130958_493468.log
