
===== GAME 1 (20250820_230413_776907) =====

===== AUCTION =====
Pass (locked): Player 0 (min_allowed=16)
  bidding analysis:
    present_suits: H, D, C
    current_high=0  min_allowed=16  raise_delta=1
    overall: avg=13.00  p30=11.00  std=5.92
    suit_stats:
      H: pts=[4, 18, 13, 4, 17, 11 ...]  avg=13.00  p30=11.00  std=5.92
      D: pts=[]
      C: pts=[]
    failed_checks:
      H: p30 11.00 < 15; conf_mean 10.04 < 15
      D: p30 0.00 < 15; conf_mean 0.00 < 15
      C: p30 0.00 < 15; conf_mean 0.00 < 15
    reason: Pass: No suit meets thresholds. Best suit H has p30=11.00, conf_mean=10.04 below min_allowed=16 (current_high=0, raise_delta=+1). Failed checks for best suit: p30 11.00 < 15, conf_mean 10.04 < 15.
Bid: Player 1 proposes 17 (min_allowed=16)
  bidding analysis:
    present_suits: H, D, S
    current_high=0  min_allowed=16  raise_delta=1
    chosen_suit: S
    proposed_bid: 17
    overall: avg=18.50  p30=16.00  std=4.27
    suit_stats:
      S: pts=[21, 21, 16, 9, 16, 21 ...]  avg=18.50  p30=16.00  std=4.27
      H: pts=[]
      D: pts=[]
    reason: Bid: Suit S meets thresholds (p30=16.00, conf_mean=16.36 >= min_allowed=16); conservative mapping max(p30, avg-1) -> 17. (current_high=0, raise_delta=+1)
Pass (locked): Player 2 (min_allowed=18)
  bidding analysis:
    present_suits: H, D, S
    current_high=17  min_allowed=18  raise_delta=1
    overall: avg=4.00  p30=2.00  std=2.00
    failed_checks:
      H: p30 0.00 < 17; conf_mean 2.69 < 17
      D: p30 2.00 < 17; conf_mean 3.00 < 17
    reason: Pass: No suit meets thresholds. Best suit D has p30=2.00, conf_mean=3.00 below min_allowed=18 (current_high=17, raise_delta=+1). Failed checks for best suit: p30 2.00 < 17, conf_mean 3.00 < 17.
Pass (locked): Player 3 (min_allowed=18)
  bidding analysis:
    present_suits: H, D, S
    current_high=17  min_allowed=18  raise_delta=1
    overall: avg=12.12  p30=8.00  std=6.51
    suit_stats:
      H: pts=[5, 10, 26, 17, 6, 10 ...]  avg=12.12  p30=8.00  std=6.51
      D: pts=[]
      S: pts=[]
    failed_checks:
      H: p30 8.00 < 17; conf_mean 8.87 < 17
      D: p30 0.00 < 17; conf_mean 0.00 < 17
      S: p30 0.00 < 17; conf_mean 0.00 < 17
    reason: Pass: No suit meets thresholds. Best suit H has p30=8.00, conf_mean=8.87 below min_allowed=18 (current_high=17, raise_delta=+1). Failed checks for best suit: p30 8.00 < 17, conf_mean 8.87 < 17.

AUCTION WINNER: Player 1 with bid 17; chooses trump D 
Details={'chosen': 'D', 'estimates': {'H': 6.0, 'D': 19.0, 'S': 9.0}}
Player 0 hand :  ['7C', '9H', 'AD', 'AH', 'JD', 'JC', '10C', 'QH']
Player 1 hand :  ['KH', '9S', 'JS', 'QC', 'KD', 'KC', 'JH']
Player 2 hand :  ['8D', '7D', '7H', '7S', '8C', '8S', '10D', '10S']
Player 3 hand :  ['10H', 'AS', '9D', '8H', 'KS', 'AC', 'QS', '9C']
Player 0 (auction 4 cards): ['7C', '9H', 'AD', 'AH']
Player 1 (auction 4 cards): ['QD', 'KH', '9S', 'JS']
Player 2 (auction 4 cards): ['8D', '7D', '7H', '7S']
Player 3 (auction 4 cards): ['10H', 'AS', '9D', '8H']
Auction winner (bidder): Player 1 with bid 17
Bidder sets concealed trump suit: D
Phase: concealed, bidder concealed card: QD

Player 0 plays 7C
Player 1 plays QC
Player 2 plays 8C
Player 3 plays AC
Player 3 won the hand: 1 points

Player 3 plays 10H
Player 0 plays 9H
Player 1 plays KH
Player 2 plays 7H
Player 0 won the hand: 3 points

Player 0 plays AD
Player 1 plays KD
Player 2 plays 8D
Player 3 plays 9D
Player 3 won the hand: 3 points

Player 3 plays AS
Player 0 plays AH
Player 1 plays 9S
Player 2 plays 7S
Player 1 won the hand: 4 points

Player 1 plays JS
Player 2 plays 8S
Player 3 plays KS
-- Phase 2 begins: Trump revealed as D by Player 0 on trick 5 --
Player 0 plays JD
Player 0 won the hand: 6 points

Player 0 plays JC
Player 1 plays KC
Player 2 plays 7D
Player 3 plays 9C
Player 2 won the hand: 5 points

Player 2 plays 10D
Player 3 plays 8H
Player 0 plays 10C
Player 1 plays QD
Player 2 won the hand: 2 points

Player 2 plays 10S
Player 3 plays QS
Player 0 plays QH
Player 1 plays JH
Player 2 won the hand: 4 points

Game 1 final points: Team A=20, Team B=8
Series cumulative game score so far: Team A=0, Team B=-1
Log saved to: c:\Users\laksh\Desktop\Projects\28bot\logs\game28\mcts_games\game_1_20250820_230413_776907.log
