
===== GAME 1 (20250821_093349_396924) =====

===== AUCTION =====
Pass (locked): Player 0 (min_allowed=16)
  bidding analysis:
    present_suits: H, C, S
    current_high=0  min_allowed=16  raise_delta=1
    overall: avg=11.88  p30=7.00  std=6.03
    suit_stats:
      S: pts=[3, 19, 11, 15, 7, 22 ...]  avg=11.88  p30=7.00  std=6.03
      H: pts=[]
      C: pts=[]
    failed_checks:
      H: p30 0.00 < 15; conf_mean 0.00 < 15
      C: p30 0.00 < 15; conf_mean 0.00 < 15
      S: p30 7.00 < 15; conf_mean 8.86 < 15
    reason: Pass: No suit meets thresholds. Best suit S has p30=7.00, conf_mean=8.86 below min_allowed=16 (current_high=0, raise_delta=+1). Failed checks for best suit: p30 7.00 < 15, conf_mean 8.86 < 15.
Bid: Player 1 proposes 19 (min_allowed=16)
  bidding analysis:
    present_suits: D, C
    current_high=0  min_allowed=16  raise_delta=1
    chosen_suit: C
    proposed_bid: 19
    overall: avg=19.00  p30=19.00  std=0.00
    suit_stats:
      D: pts=[1, 6, 24, 18, 5, 16 ...]  avg=11.88  p30=6.00  std=7.10
      C: pts=[19]  avg=19.00  p30=19.00  std=0.00
    reason: Bid: Suit C meets thresholds (p30=19.00, conf_mean=19.00 >= min_allowed=16); conservative mapping max(p30, avg-1) -> 19. (current_high=0, raise_delta=+1)
Pass (locked): Player 2 (min_allowed=20)
  bidding analysis:
    present_suits: H, D, C
    current_high=19  min_allowed=20  raise_delta=1
    overall: avg=21.12  p30=21.00  std=5.60
    suit_stats:
      C: pts=[13, 24, 25, 27, 11, 21 ...]  avg=21.12  p30=21.00  std=5.60
      H: pts=[]
      D: pts=[]
    failed_checks:
      H: p30 0.00 < 19; conf_mean 0.00 < 19
      D: p30 0.00 < 19; conf_mean 0.00 < 19
      C: conf_mean 18.33 < 19
    reason: Pass: No suit meets thresholds. Best suit C has p30=21.00, conf_mean=18.33 below min_allowed=20 (current_high=19, raise_delta=+1). Failed checks for best suit: conf_mean 18.33 < 19.
Pass (locked): Player 3 (min_allowed=20)
  bidding analysis:
    present_suits: H, D
    current_high=19  min_allowed=20  raise_delta=1
    overall: avg=10.50  p30=2.00  std=8.50
    failed_checks:
      D: p30 2.00 < 19; conf_mean 6.25 < 19
    reason: Pass: No suit meets thresholds. Best suit D has p30=2.00, conf_mean=6.25 below min_allowed=20 (current_high=19, raise_delta=+1). Failed checks for best suit: p30 2.00 < 19, conf_mean 6.25 < 19.

AUCTION WINNER: Player 1 with bid 19; chooses trump D 
Details={'chosen': 'D', 'estimates': {'C': 15.0, 'D': 26.0}}
Player 0 hand :  ['9C', '8S', 'AS', 'QH', 'KS', 'QS', 'JH', '7S']
Player 1 hand :  ['QC', 'KC', '8D', 'AH', '8C', '7H', '7D']
Player 2 hand :  ['9H', 'JC', 'JD', '10C', 'KH', 'JS', 'AD', '7C']
Player 3 hand :  ['10H', '9D', '8H', '10D', 'KD', '9S', '10S', 'AC']
Player 0 (auction 4 cards): ['9C', '8S', 'AS', 'QH']
Player 1 (auction 4 cards): ['QC', 'KC', '8D', 'QD']
Player 2 (auction 4 cards): ['9H', 'JC', 'JD', '10C']
Player 3 (auction 4 cards): ['10H', '9D', '8H', '10D']
Auction winner (bidder): Player 1 with bid 19
Bidder sets concealed trump suit: D
Phase: concealed, bidder concealed card: QD

Player 0 plays 9C
Player 1 plays QC
Player 2 plays JC
Player 3 plays AC
Player 2 won the hand: 6 points

Player 2 plays 9H
Player 3 plays 10H
Player 0 plays QH
Player 1 plays AH
Player 2 won the hand: 4 points

Player 2 plays JD
Player 3 plays 9D
Player 0 plays 8S
Player 1 plays 8D
Player 2 won the hand: 5 points

Player 2 plays 10C
Player 3 plays 8H
Player 0 plays AS
Player 1 plays KC
Player 2 won the hand: 2 points

Player 2 plays KH
-- Phase 2 begins: Trump revealed as D by Player 3 on trick 5 --
Player 3 plays 10D
Player 0 plays JH
Player 1 plays 7H
Player 3 won the hand: 4 points

Player 3 plays KD
Player 0 plays KS
Player 1 plays 7D
Player 2 plays AD
Player 2 won the hand: 1 points

Player 2 plays JS
Player 3 plays 9S
Player 0 plays QS
Player 1 plays 8C
Player 2 won the hand: 5 points

Player 2 plays 7C
Player 3 plays 10S
Player 0 plays 7S
Player 1 plays QD
Player 1 won the hand: 1 points

Game 1 final points: Team A=23, Team B=5
Series cumulative game score so far: Team A=0, Team B=-1
Log saved to: C:\Users\laksh\Desktop\Projects\28bot\logs\game28\mcts_games\game_1_20250821_093349_396924.log
