
===== GAME 5 (20250825_143552_116) =====

===== AUCTION =====
Pass (locked): Player 0 (min_allowed=17)
Pass (locked): Player 1 (min_allowed=17)
Pass (locked): Player 2 (min_allowed=17)
AUCTION WINNER: Player 3 with bid 16; chooses trump [to be determined]
AUCTION WINNER: Player 3 with bid 16; chooses trump S

Player 0 (auction 4 cards): ['7H', '10H', 'QS', '8H']
Player 1 (auction 4 cards): ['8D', '7C', 'AC', 'AH']
Player 2 (auction 4 cards): ['QH', 'KS', '10S', '8C']
Player 3 (auction 4 cards): ['KH', '7S', '10D', 'KD']
Auction winner (bidder): Player 3 with bid 16
Bidder sets concealed trump suit: S
Phase: concealed, bidder concealed card: [face-down trump]

Trump revealed by Player 0: S
-- Phase 2 begins: Trump revealed as S by Player 0 on trick 1 --
Player 0 won the hand: 6 points
Player 0 won the hand: 7 points
Player 2 won the hand: 6 points
Player 2 won the hand: 3 points
Player 3 won the hand: 1 points
Player 1 won the hand: 4 points
Player 2 won the hand: 1 points
=== GAME SUMMARY ===
Game 5 final points: Team A=23, Team B=5