
===== GAME 8 (20250825_143554_492) =====

===== AUCTION =====
Pass (locked): Player 0 (min_allowed=17)
Pass (locked): Player 1 (min_allowed=17)
Pass (locked): Player 2 (min_allowed=17)
AUCTION WINNER: Player 3 with bid 16; chooses trump [to be determined]
AUCTION WINNER: Player 3 with bid 16; chooses trump H

Player 0 (auction 4 cards): ['QH', '7H', '7S', 'AH']
Player 1 (auction 4 cards): ['9S', 'QC', 'AC', 'KC']
Player 2 (auction 4 cards): ['JD', '9D', 'QS', '10C']
Player 3 (auction 4 cards): ['10H', 'JS', 'QD', '10D']
Auction winner (bidder): Player 3 with bid 16
Bidder sets concealed trump suit: H
Phase: concealed, bidder concealed card: [face-down trump]

Trump revealed by Player 0: H
-- Phase 2 begins: Trump revealed as H by Player 0 on trick 1 --
Player 0 won the hand: 6 points
Player 1 won the hand: 8 points
Player 3 won the hand: 6 points
Player 0 won the hand: 3 points
Player 3 won the hand: 2 points
Player 0 won the hand: 0 points
Player 3 won the hand: 1 points
=== GAME SUMMARY ===
Game 8 final points: Team A=9, Team B=17