
===== GAME 2 (20250825_143549_603) =====

===== AUCTION =====
Pass (locked): Player 0 (min_allowed=17)
Pass (locked): Player 1 (min_allowed=17)
Pass (locked): Player 2 (min_allowed=17)
AUCTION WINNER: Player 3 with bid 16; chooses trump [to be determined]
AUCTION WINNER: Player 3 with bid 16; chooses trump S

Player 0 (auction 4 cards): ['AC', '10S', 'KC', 'AD']
Player 1 (auction 4 cards): ['QC', '8H', 'JH', '8S']
Player 2 (auction 4 cards): ['KH', '8D', 'JS', 'AH']
Player 3 (auction 4 cards): ['QD', '10C', 'QS', '8C']
Auction winner (bidder): Player 3 with bid 16
Bidder sets concealed trump suit: S
Phase: concealed, bidder concealed card: [face-down trump]

Trump revealed by Player 0: S
-- Phase 2 begins: Trump revealed as S by Player 0 on trick 1 --
Player 2 won the hand: 10 points
Player 1 won the hand: 8 points
Player 1 won the hand: 5 points
Player 0 won the hand: 3 points
Player 2 won the hand: 1 points
Player 3 won the hand: 0 points
Player 0 won the hand: 1 points
=== GAME SUMMARY ===
Game 2 final points: Team A=15, Team B=13