
===== GAME 4 (20250825_143551_284) =====

===== AUCTION =====
Pass (locked): Player 0 (min_allowed=17)
Pass (locked): Player 1 (min_allowed=17)
Pass (locked): Player 2 (min_allowed=17)
AUCTION WINNER: Player 3 with bid 16; chooses trump [to be determined]
AUCTION WINNER: Player 3 with bid 16; chooses trump D

Player 0 (auction 4 cards): ['9S', '10D', 'KH', 'JD']
Player 1 (auction 4 cards): ['KC', '8C', '8H', '9H']
Player 2 (auction 4 cards): ['AC', 'QH', '10S', 'AD']
Player 3 (auction 4 cards): ['QC', 'KD', '7D', 'JC']
Auction winner (bidder): Player 3 with bid 16
Bidder sets concealed trump suit: D
Phase: concealed, bidder concealed card: [face-down trump]

Trump revealed by Player 0: D
-- Phase 2 begins: Trump revealed as D by Player 0 on trick 1 --
Player 0 won the hand: 7 points
Player 1 won the hand: 6 points
Player 1 won the hand: 6 points
Player 1 won the hand: 2 points
Player 2 won the hand: 3 points
Player 3 won the hand: 1 points
Player 0 won the hand: 1 points
=== GAME SUMMARY ===
Game 4 final points: Team A=11, Team B=15