
===== GAME 9 (20250825_143555_300) =====

===== AUCTION =====
Pass (locked): Player 0 (min_allowed=17)
Pass (locked): Player 1 (min_allowed=17)
Pass (locked): Player 2 (min_allowed=17)
AUCTION WINNER: Player 3 with bid 16; chooses trump [to be determined]
AUCTION WINNER: Player 3 with bid 16; chooses trump H

Player 0 (auction 4 cards): ['9D', '10D', '7H', '8D']
Player 1 (auction 4 cards): ['9S', '9H', 'JS', 'AC']
Player 2 (auction 4 cards): ['KH', 'QH', 'JH', 'JC']
Player 3 (auction 4 cards): ['AD', '7S', '8C', 'AS']
Auction winner (bidder): Player 3 with bid 16
Bidder sets concealed trump suit: H
Phase: concealed, bidder concealed card: [face-down trump]

Trump revealed by Player 0: H
-- Phase 2 begins: Trump revealed as H by Player 0 on trick 1 --
Player 0 won the hand: 6 points
Player 0 won the hand: 5 points
Player 2 won the hand: 7 points
Player 1 won the hand: 1 points
Player 2 won the hand: 5 points
Player 1 won the hand: 2 points
Player 2 won the hand: 0 points
=== GAME SUMMARY ===
Game 9 final points: Team A=23, Team B=3