
===== GAME 7 (20250825_113102_633) =====

===== AUCTION =====
Pass
Pass (locked): Player 0 (min_allowed=17)
Pass
Pass (locked): Player 1 (min_allowed=17)
Pass
Pass (locked): Player 2 (min_allowed=17)
AUCTION WINNER: Player 3 with bid 16; chooses trump [to be determined]
AUCTION WINNER: Player 3 with bid 16; chooses trump D

Player 0 (auction 4 cards): ['QC', '8C', 'QH', 'KD']
Player 1 (auction 4 cards): ['10C', 'AH', '8S', 'AD']
Player 2 (auction 4 cards): ['KH', '7D', '10D', '9S']
Player 3 (auction 4 cards): ['7H', '7S', 'JC', 'KS']
Auction winner (bidder): Player 3 with bid 16
Bidder sets concealed trump suit: D
Phase: concealed, bidder concealed card: [face-down trump]

Player 0 plays 9H
Player 1 plays AH
Player 2 plays JH
Player 3 plays 7H
Player 2 won the hand: 6 points

Player 0 plays AC
Player 1 plays 10C
Player 2 plays KC
Player 3 plays JC
Player 3 won the hand: 5 points

Player 0 plays 8C
Player 1 plays 9D
-- Phase 2 begins: Trump revealed as D by Player 1 on trick 3 --
Player 2 plays 7D
Player 3 plays 9C
Player 1 won the hand: 4 points

Player 0 plays KD
Player 1 plays AD
Player 2 plays 10D
Player 3 plays JD
Player 3 won the hand: 5 points

Player 0 plays QD
Player 1 plays 8D
Player 2 plays 9S
Player 3 plays JS
Player 0 won the hand: 5 points

Player 0 plays 7C
Player 1 plays 8S
Player 2 plays AS
Player 3 plays 7S
Player 0 won the hand: 1 points

Player 0 plays QC
Player 1 plays 8H
Player 2 plays QS
Player 3 plays 10S
Player 0 won the hand: 1 points

Player 0 plays QH
Player 1 plays 10H
Player 2 plays KH
Player 3 plays KS
Player 1 won the hand: 1 points

=== GAME SUMMARY ===
Game 7 final points: Team A=13, Team B=15