
===== GAME 2 (20250825_113058_874) =====

===== AUCTION =====
Pass
Pass (locked): Player 0 (min_allowed=17)
Pass
Pass (locked): Player 1 (min_allowed=17)
Pass
Pass (locked): Player 2 (min_allowed=17)
AUCTION WINNER: Player 3 with bid 16; chooses trump [to be determined]
AUCTION WINNER: Player 3 with bid 16; chooses trump C

Player 0 (auction 4 cards): ['KH', '10D', 'JS', '9D']
Player 1 (auction 4 cards): ['QD', 'JH', '9S', '8C']
Player 2 (auction 4 cards): ['7C', 'AH', 'AD', '8D']
Player 3 (auction 4 cards): ['8H', '10H', '10C', '10S']
Auction winner (bidder): Player 3 with bid 16
Bidder sets concealed trump suit: C
Phase: concealed, bidder concealed card: [face-down trump]

Player 0 plays JS
Player 1 plays 9S
Player 2 plays AS
Player 3 plays 10S
Player 0 won the hand: 7 points

Player 0 plays 9D
Player 1 plays KD
Player 2 plays AD
Player 3 plays JD
Player 3 won the hand: 6 points

Player 0 plays 9H
Player 1 plays JH
Player 2 plays AH
Player 3 plays 8H
Player 1 won the hand: 6 points

Player 0 plays KH
Player 1 plays 9C
-- Phase 2 begins: Trump revealed as C by Player 1 on trick 4 --
Player 2 plays 7C
Player 3 plays 10H
Player 1 won the hand: 3 points

Player 0 plays 10D
Player 1 plays QD
Player 2 plays 8D
Player 3 plays JC
Player 3 won the hand: 4 points

Player 0 plays 7H
Player 1 plays QS
Player 2 plays 7S
Player 3 plays QH
Player 3 won the hand: 0 points

Player 0 plays KS
Player 1 plays 8C
Player 2 plays 8S
Player 3 plays 10C
Player 3 won the hand: 1 points

Player 0 plays 7D
Player 1 plays AC
Player 2 plays QC
Player 3 plays KC
Player 1 won the hand: 1 points

=== GAME SUMMARY ===
Game 2 final points: Team A=7, Team B=21