
===== GAME 6 (20250825_113101_878) =====

===== AUCTION =====
Pass
Pass (locked): Player 0 (min_allowed=17)
Pass
Pass (locked): Player 1 (min_allowed=17)
Pass
Pass (locked): Player 2 (min_allowed=17)
AUCTION WINNER: Player 3 with bid 16; chooses trump [to be determined]
AUCTION WINNER: Player 3 with bid 16; chooses trump C

Player 0 (auction 4 cards): ['7C', 'AS', '8C', '8D']
Player 1 (auction 4 cards): ['QD', 'KC', '7S', 'JH']
Player 2 (auction 4 cards): ['9D', '8H', '9S', 'JS']
Player 3 (auction 4 cards): ['AC', 'KD', 'QC', 'KH']
Auction winner (bidder): Player 3 with bid 16
Bidder sets concealed trump suit: C
Phase: concealed, bidder concealed card: [face-down trump]

Player 0 plays 9H
Player 1 plays JH
Player 2 plays 8H
Player 3 plays AH
Player 1 won the hand: 6 points

Player 0 plays AS
Player 1 plays 7S
Player 2 plays 9S
Player 3 plays KS
Player 2 won the hand: 3 points

Player 0 plays AD
Player 1 plays 10D
Player 2 plays 9D
Player 3 plays KD
Player 2 won the hand: 4 points

Player 0 plays 8D
Player 1 plays QD
Player 2 plays JD
Player 3 plays AC
-- Phase 2 begins: Trump revealed as C by Player 3 on trick 4 --
Player 3 won the hand: 4 points

Player 0 plays 9C
Player 1 plays 10C
Player 2 plays JS
Player 3 plays JC
Player 3 won the hand: 9 points

Player 0 plays 7C
Player 1 plays KC
Player 2 plays QS
Player 3 plays QC
Player 1 won the hand: 0 points

Player 0 plays 10S
Player 1 plays 10H
Player 2 plays 7D
Player 3 plays 8S
Player 0 won the hand: 2 points

Player 0 plays 8C
Player 1 plays 7H
Player 2 plays QH
Player 3 plays KH
Player 0 won the hand: 0 points

=== GAME SUMMARY ===
Game 6 final points: Team A=9, Team B=19