
===== GAME 4 (20250825_113100_377) =====

===== AUCTION =====
Pass
Pass (locked): Player 0 (min_allowed=17)
Pass
Pass (locked): Player 1 (min_allowed=17)
Pass
Pass (locked): Player 2 (min_allowed=17)
AUCTION WINNER: Player 3 with bid 16; chooses trump [to be determined]
AUCTION WINNER: Player 3 with bid 16; chooses trump S

Player 0 (auction 4 cards): ['7C', 'AH', 'QS', 'KS']
Player 1 (auction 4 cards): ['7D', 'AD', 'QD', '8C']
Player 2 (auction 4 cards): ['JS', 'AC', 'AS', 'KD']
Player 3 (auction 4 cards): ['QC', 'JD', '8S', '8D']
Auction winner (bidder): Player 3 with bid 16
Bidder sets concealed trump suit: S
Phase: concealed, bidder concealed card: [face-down trump]

Player 0 plays 9C
Player 1 plays 8C
Player 2 plays JC
Player 3 plays QC
Player 2 won the hand: 5 points

Player 0 plays AH
Player 1 plays 9H
Player 2 plays JH
Player 3 plays 8H
Player 2 won the hand: 6 points

Player 0 plays 7C
Player 1 plays 7S
-- Phase 2 begins: Trump revealed as S by Player 1 on trick 3 --
Player 2 plays AC
Player 3 plays 9S
Player 3 won the hand: 3 points

Player 0 plays 10S
Player 1 plays 9D
Player 2 plays JS
Player 3 plays 8S
Player 2 won the hand: 6 points

Player 0 plays QS
Player 1 plays 7D
Player 2 plays AS
Player 3 plays JD
Player 2 won the hand: 4 points

Player 0 plays KS
Player 1 plays AD
Player 2 plays KD
Player 3 plays 8D
Player 0 won the hand: 1 points

Player 0 plays 10D
Player 1 plays QD
Player 2 plays QH
Player 3 plays 10H
Player 0 won the hand: 2 points

Player 0 plays 10C
Player 1 plays 7H
Player 2 plays KC
Player 3 plays KH
Player 0 won the hand: 1 points

=== GAME SUMMARY ===
Game 4 final points: Team A=25, Team B=3