
===== GAME 5 (20250825_102501_018) =====
Player 0 initial hand (bidding): ['AS', 'JC', 'KS', '9D']
Player 1 initial hand (bidding): ['7H', 'AH', 'QC', '8D']
Player 2 initial hand (bidding): ['JH', '7S', '7C', '8S']
Player 3 initial hand (bidding): ['KC', '10C', 'QS', '10S']

  Player 0 (Belief Master) analyzing bid:
    Bidding hand (first 4): ['AS', 'JC', 'KS', '9D']
    Hand strength: 0.214
    Current bid: 16
    Point prediction: -0.0 points
    Belief model: Opponent hand probabilities calculated
    Strategy: Belief Model Bidding (NO HEURISTICS)
    Belief model predictions obtained
    Pass evaluation score: 0.000
    Bid 17 evaluation score: -0.829
    Bid 18 evaluation score: -0.829
    Bid 19 evaluation score: -0.829
    Best decision: PASS (score: 0.000)
Pass: Player 0 (min_allowed=17)
  Player 1 (Belief Expert) analyzing bid:
    Bidding hand (first 4): ['7H', 'AH', 'QC', '8D']
    Hand strength: 0.036
    Current bid: 16
    Point prediction: -0.0 points
    Belief model: Opponent hand probabilities calculated
    Strategy: Belief Model Bidding (NO HEURISTICS)
    Belief model predictions obtained
    Pass evaluation score: 0.000
    Bid 17 evaluation score: -0.830
    Bid 18 evaluation score: -0.830
    Bid 19 evaluation score: -0.830
    Best decision: PASS (score: 0.000)
Pass: Player 1 (min_allowed=17)
  Player 2 (Belief Pro) analyzing bid:
    Bidding hand (first 4): ['JH', '7S', '7C', '8S']
    Hand strength: 0.107
    Current bid: 16
    Point prediction: -0.0 points
    Belief model: Opponent hand probabilities calculated
    Strategy: Belief Model Bidding (NO HEURISTICS)
    Belief model predictions obtained
    Pass evaluation score: 0.000
    Bid 17 evaluation score: -0.829
    Bid 18 evaluation score: -0.829
    Bid 19 evaluation score: -0.829
    Best decision: PASS (score: 0.000)
Pass: Player 2 (min_allowed=17)
Auction winner: Player 3 with bid 16
    Strategy: Belief-based trump selection
    Selected trump: C (score: 4.10)
Bidder sets concealed trump suit: C
Phase: concealed, bidder concealed card: [face-down trump]

Full hands (8 cards each):
Player 0 full hand: ['AS', 'JC', 'KS', '9D', '8H', 'AD', 'AC', 'QH']
Player 1 full hand: ['7H', 'AH', 'QC', '8D', '10H', '7D', 'QD', '9S']
Player 2 full hand: ['JH', '7S', '7C', '8S', 'JS', 'KH', 'JD', 'KD']
Player 3 full hand: ['KC', 'QS', '10S', '9H', '10D', '9C', '8C']

  Player 0 (Belief Master) choosing card:
    Remaining hand (8 cards): ['AS', 'JC', 'KS', '9D', '8H', 'AD', 'AC', 'QH']
    Legal cards (6): ['AS', 'KS', '9D', '8H', 'AD', 'QH']
    Current trick: 0 cards played
    Trump suit: C
    Strategy: Belief Model Card Selection (NO HEURISTICS)
    Belief model predictions obtained
    Evaluating card 1/6: AS
      Belief model score: 2.000
    Evaluating card 2/6: KS
      Belief model score: 1.000
    Evaluating card 3/6: 9D
      Belief model score: 3.000
    Evaluating card 4/6: 8H
      Belief model score: 1.000
    Evaluating card 5/6: AD
      Belief model score: 2.000
    Evaluating card 6/6: QH
      Belief model score: 0.000
    Belief model evaluation completed
    Best card: 9D (score: 3.000)
Player 0 plays 9D
  Player 1 (Belief Expert) choosing card:
    Remaining hand (8 cards): ['7H', 'AH', 'QC', '8D', '10H', '7D', 'QD', '9S']
    Legal cards (3): ['8D', '7D', 'QD']
    Current trick: 1 cards played
    Lead suit: D
    Trump suit: C
    Strategy: Belief Model Card Selection (NO HEURISTICS)
    Belief model predictions obtained
    Evaluating card 1/3: 8D
      Belief model score: 2.000
    Evaluating card 2/3: 7D
      Belief model score: 2.000
    Evaluating card 3/3: QD
      Belief model score: 1.000
    Belief model evaluation completed
    Best card: 8D (score: 2.000)
Player 1 plays 8D
  Player 2 (Belief Pro) choosing card:
    Remaining hand (8 cards): ['JH', '7S', '7C', '8S', 'JS', 'KH', 'JD', 'KD']
    Legal cards (2): ['JD', 'KD']
    Current trick: 2 cards played
    Lead suit: D
    Trump suit: C
    Strategy: Belief Model Card Selection (NO HEURISTICS)
    Belief model predictions obtained
    Evaluating card 1/2: JD
      Belief model score: 8.000
    Evaluating card 2/2: KD
      Belief model score: 2.000
    Belief model evaluation completed
    Best card: JD (score: 8.000)
Player 2 plays JD
  Player 3 (Belief Champion) choosing card:
    Remaining hand (7 cards): ['KC', 'QS', '10S', '9H', '10D', '9C', '8C']
    Legal cards (1): ['10D']
    Current trick: 3 cards played
    Lead suit: D
    Trump suit: C
    Strategy: Belief Model Card Selection (NO HEURISTICS)
    Belief model predictions obtained
    Evaluating card 1/1: 10D
      Belief model score: 2.000
    Belief model evaluation completed
    Best card: 10D (score: 2.000)
Player 3 plays 10D
Player 2 won the hand: 6 points

  Player 0 (Belief Master) choosing card:
    Remaining hand (7 cards): ['AS', 'JC', 'KS', '8H', 'AD', 'AC', 'QH']
    Legal cards (5): ['AS', 'KS', '8H', 'AD', 'QH']
    Current trick: 0 cards played
    Trump suit: C
    Strategy: Belief Model Card Selection (NO HEURISTICS)
    Belief model predictions obtained
    Evaluating card 1/5: AS
      Belief model score: 2.000
    Evaluating card 2/5: KS
      Belief model score: 1.000
    Evaluating card 3/5: 8H
      Belief model score: 1.000
    Evaluating card 4/5: AD
      Belief model score: 2.000
    Evaluating card 5/5: QH
      Belief model score: 0.000
    Belief model evaluation completed
    Best card: AS (score: 2.000)
Player 0 plays AS
  Player 1 (Belief Expert) choosing card:
    Remaining hand (7 cards): ['7H', 'AH', 'QC', '10H', '7D', 'QD', '9S']
    Legal cards (1): ['9S']
    Current trick: 1 cards played
    Lead suit: S
    Trump suit: C
    Strategy: Belief Model Card Selection (NO HEURISTICS)
    Belief model predictions obtained
    Evaluating card 1/1: 9S
      Belief model score: 8.000
    Belief model evaluation completed
    Best card: 9S (score: 8.000)
Player 1 plays 9S
  Player 2 (Belief Pro) choosing card:
    Remaining hand (7 cards): ['JH', '7S', '7C', '8S', 'JS', 'KH', 'KD']
    Legal cards (3): ['7S', '8S', 'JS']
    Current trick: 2 cards played
    Lead suit: S
    Trump suit: C
    Strategy: Belief Model Card Selection (NO HEURISTICS)
    Belief model predictions obtained
    Evaluating card 1/3: 7S
      Belief model score: 2.000
    Evaluating card 2/3: 8S
      Belief model score: 2.000
    Evaluating card 3/3: JS
      Belief model score: 8.000
    Belief model evaluation completed
    Best card: JS (score: 8.000)
Player 2 plays JS
  Player 3 (Belief Champion) choosing card:
    Remaining hand (6 cards): ['KC', 'QS', '10S', '9H', '9C', '8C']
    Legal cards (2): ['QS', '10S']
    Current trick: 3 cards played
    Lead suit: S
    Trump suit: C
    Strategy: Belief Model Card Selection (NO HEURISTICS)
    Belief model predictions obtained
    Evaluating card 1/2: QS
      Belief model score: 1.000
    Evaluating card 2/2: 10S
      Belief model score: 2.000
    Belief model evaluation completed
    Best card: 10S (score: 2.000)
Player 3 plays 10S
Player 2 won the hand: 7 points

  Player 0 (Belief Master) choosing card:
    Remaining hand (6 cards): ['JC', 'KS', '8H', 'AD', 'AC', 'QH']
    Legal cards (4): ['KS', '8H', 'AD', 'QH']
    Current trick: 0 cards played
    Trump suit: C
    Strategy: Belief Model Card Selection (NO HEURISTICS)
    Belief model predictions obtained
    Evaluating card 1/4: KS
      Belief model score: 1.000
    Evaluating card 2/4: 8H
      Belief model score: 1.000
    Evaluating card 3/4: AD
      Belief model score: 2.000
    Evaluating card 4/4: QH
      Belief model score: 0.000
    Belief model evaluation completed
    Best card: AD (score: 2.000)
Player 0 plays AD
  Player 1 (Belief Expert) choosing card:
    Remaining hand (6 cards): ['7H', 'AH', 'QC', '10H', '7D', 'QD']
    Legal cards (2): ['7D', 'QD']
    Current trick: 1 cards played
    Lead suit: D
    Trump suit: C
    Strategy: Belief Model Card Selection (NO HEURISTICS)
    Belief model predictions obtained
    Evaluating card 1/2: 7D
      Belief model score: 2.000
    Evaluating card 2/2: QD
      Belief model score: 1.000
    Belief model evaluation completed
    Best card: 7D (score: 2.000)
Player 1 plays 7D
  Player 2 (Belief Pro) choosing card:
    Remaining hand (6 cards): ['JH', '7S', '7C', '8S', 'KH', 'KD']
    Legal cards (1): ['KD']
    Current trick: 2 cards played
    Lead suit: D
    Trump suit: C
    Strategy: Belief Model Card Selection (NO HEURISTICS)
    Belief model predictions obtained
    Evaluating card 1/1: KD
      Belief model score: 2.000
    Belief model evaluation completed
    Best card: KD (score: 2.000)
Player 2 plays KD
  Player 3 (Belief Champion) choosing card:
    Remaining hand (5 cards): ['KC', 'QS', '9H', '9C', '8C']
    Legal cards (5): ['KC', 'QS', '9H', '9C', '8C']
    Current trick: 3 cards played
    Lead suit: D
    Trump suit: C
    Strategy: Belief Model Card Selection (NO HEURISTICS)
    Belief model predictions obtained
    Evaluating card 1/5: KC
      Belief model score: 4.000
    Evaluating card 2/5: QS
      Belief model score: 0.500
    Evaluating card 3/5: 9H
      Belief model score: 7.500
    Evaluating card 4/5: 9C
      Belief model score: 10.000
    Evaluating card 5/5: 8C
      Belief model score: 4.000
    Belief model evaluation completed
    Best card: 9C (score: 10.000)
-- Phase 2 begins: Trump revealed as C by Player 3 on trick 3 --
Player 3 plays 9C
Player 3 won the hand: 3 points

  Player 0 (Belief Master) choosing card:
    Remaining hand (5 cards): ['JC', 'KS', '8H', 'AC', 'QH']
    Legal cards (5): ['JC', 'KS', '8H', 'AC', 'QH']
    Current trick: 0 cards played
    Trump suit: C
    Strategy: Belief Model Card Selection (NO HEURISTICS)
    Belief model predictions obtained
    Evaluating card 1/5: JC
      Belief model score: 5.000
    Evaluating card 2/5: KS
      Belief model score: 0.000
    Evaluating card 3/5: 8H
      Belief model score: 1.000
    Evaluating card 4/5: AC
      Belief model score: 3.000
    Evaluating card 5/5: QH
      Belief model score: 0.000
    Belief model evaluation completed
    Best card: JC (score: 5.000)
Player 0 plays JC
  Player 1 (Belief Expert) choosing card:
    Remaining hand (5 cards): ['7H', 'AH', 'QC', '10H', 'QD']
    Legal cards (1): ['QC']
    Current trick: 1 cards played
    Lead suit: C
    Trump suit: C
    Strategy: Belief Model Card Selection (NO HEURISTICS)
    Belief model predictions obtained
    Evaluating card 1/1: QC
      Belief model score: 3.000
    Belief model evaluation completed
    Best card: QC (score: 3.000)
Player 1 plays QC
  Player 2 (Belief Pro) choosing card:
    Remaining hand (5 cards): ['JH', '7S', '7C', '8S', 'KH']
    Legal cards (1): ['7C']
    Current trick: 2 cards played
    Lead suit: C
    Trump suit: C
    Strategy: Belief Model Card Selection (NO HEURISTICS)
    Belief model predictions obtained
    Evaluating card 1/1: 7C
      Belief model score: 4.000
    Belief model evaluation completed
    Best card: 7C (score: 4.000)
Player 2 plays 7C
  Player 3 (Belief Champion) choosing card:
    Remaining hand (5 cards): ['KC', 'QS', '9H', '8C', '10C']
    Legal cards (3): ['KC', '8C', '10C']
    Current trick: 3 cards played
    Lead suit: C
    Trump suit: C
    Strategy: Belief Model Card Selection (NO HEURISTICS)
    Belief model predictions obtained
    Evaluating card 1/3: KC
      Belief model score: 3.000
    Evaluating card 2/3: 8C
      Belief model score: 4.000
    Evaluating card 3/3: 10C
      Belief model score: 4.000
    Belief model evaluation completed
    Best card: 8C (score: 4.000)
Player 3 plays 8C
Player 0 won the hand: 3 points

  Player 0 (Belief Master) choosing card:
    Remaining hand (4 cards): ['KS', '8H', 'AC', 'QH']
    Legal cards (4): ['KS', '8H', 'AC', 'QH']
    Current trick: 0 cards played
    Trump suit: C
    Strategy: Belief Model Card Selection (NO HEURISTICS)
    Belief model predictions obtained
    Evaluating card 1/4: KS
      Belief model score: 0.000
    Evaluating card 2/4: 8H
      Belief model score: 1.000
    Evaluating card 3/4: AC
      Belief model score: 3.000
    Evaluating card 4/4: QH
      Belief model score: 0.000
    Belief model evaluation completed
    Best card: AC (score: 3.000)
Player 0 plays AC
  Player 1 (Belief Expert) choosing card:
    Remaining hand (4 cards): ['7H', 'AH', '10H', 'QD']
    Legal cards (4): ['7H', 'AH', '10H', 'QD']
    Current trick: 1 cards played
    Lead suit: C
    Trump suit: C
    Strategy: Belief Model Card Selection (NO HEURISTICS)
    Belief model predictions obtained
    Evaluating card 1/4: 7H
      Belief model score: 1.500
    Evaluating card 2/4: AH
      Belief model score: 1.500
    Evaluating card 3/4: 10H
      Belief model score: 1.500
    Evaluating card 4/4: QD
      Belief model score: 0.500
    Belief model evaluation completed
    Best card: 7H (score: 1.500)
Player 1 plays 7H
  Player 2 (Belief Pro) choosing card:
    Remaining hand (4 cards): ['JH', '7S', '8S', 'KH']
    Legal cards (4): ['JH', '7S', '8S', 'KH']
    Current trick: 2 cards played
    Lead suit: C
    Trump suit: C
    Strategy: Belief Model Card Selection (NO HEURISTICS)
    Belief model predictions obtained
    Evaluating card 1/4: JH
      Belief model score: 3.500
    Evaluating card 2/4: 7S
      Belief model score: 1.500
    Evaluating card 3/4: 8S
      Belief model score: 1.500
    Evaluating card 4/4: KH
      Belief model score: 0.500
    Belief model evaluation completed
    Best card: JH (score: 3.500)
Player 2 plays JH
  Player 3 (Belief Champion) choosing card:
    Remaining hand (4 cards): ['KC', 'QS', '9H', '10C']
    Legal cards (2): ['KC', '10C']
    Current trick: 3 cards played
    Lead suit: C
    Trump suit: C
    Strategy: Belief Model Card Selection (NO HEURISTICS)
    Belief model predictions obtained
    Evaluating card 1/2: KC
      Belief model score: 3.000
    Evaluating card 2/2: 10C
      Belief model score: 4.000
    Belief model evaluation completed
    Best card: 10C (score: 4.000)
Player 3 plays 10C
Player 0 won the hand: 5 points

  Player 0 (Belief Master) choosing card:
    Remaining hand (3 cards): ['KS', '8H', 'QH']
    Legal cards (3): ['KS', '8H', 'QH']
    Current trick: 0 cards played
    Trump suit: C
    Strategy: Belief Model Card Selection (NO HEURISTICS)
    Belief model predictions obtained
    Evaluating card 1/3: KS
      Belief model score: 0.000
    Evaluating card 2/3: 8H
      Belief model score: 1.000
    Evaluating card 3/3: QH
      Belief model score: 0.000
    Belief model evaluation completed
    Best card: 8H (score: 1.000)
Player 0 plays 8H
  Player 1 (Belief Expert) choosing card:
    Remaining hand (3 cards): ['AH', '10H', 'QD']
    Legal cards (2): ['AH', '10H']
    Current trick: 1 cards played
    Lead suit: H
    Trump suit: C
    Strategy: Belief Model Card Selection (NO HEURISTICS)
    Belief model predictions obtained
    Evaluating card 1/2: AH
      Belief model score: 6.000
    Evaluating card 2/2: 10H
      Belief model score: 6.000
    Belief model evaluation completed
    Best card: AH (score: 6.000)
Player 1 plays AH
  Player 2 (Belief Pro) choosing card:
    Remaining hand (3 cards): ['7S', '8S', 'KH']
    Legal cards (1): ['KH']
    Current trick: 2 cards played
    Lead suit: H
    Trump suit: C
    Strategy: Belief Model Card Selection (NO HEURISTICS)
    Belief model predictions obtained
    Evaluating card 1/1: KH
      Belief model score: 1.000
    Belief model evaluation completed
    Best card: KH (score: 1.000)
Player 2 plays KH
  Player 3 (Belief Champion) choosing card:
    Remaining hand (3 cards): ['KC', 'QS', '9H']
    Legal cards (1): ['9H']
    Current trick: 3 cards played
    Lead suit: H
    Trump suit: C
    Strategy: Belief Model Card Selection (NO HEURISTICS)
    Belief model predictions obtained
    Evaluating card 1/1: 9H
      Belief model score: 12.000
    Belief model evaluation completed
    Best card: 9H (score: 12.000)
Player 3 plays 9H
Player 3 won the hand: 3 points

  Player 0 (Belief Master) choosing card:
    Remaining hand (2 cards): ['KS', 'QH']
    Legal cards (2): ['KS', 'QH']
    Current trick: 0 cards played
    Trump suit: C
    Strategy: Belief Model Card Selection (NO HEURISTICS)
    Belief model predictions obtained
    Evaluating card 1/2: KS
      Belief model score: 6.000
    Evaluating card 2/2: QH
      Belief model score: 0.000
    Belief model evaluation completed
    Best card: KS (score: 6.000)
Player 0 plays KS
  Player 1 (Belief Expert) choosing card:
    Remaining hand (2 cards): ['10H', 'QD']
    Legal cards (2): ['10H', 'QD']
    Current trick: 1 cards played
    Lead suit: S
    Trump suit: C
    Strategy: Belief Model Card Selection (NO HEURISTICS)
    Belief model predictions obtained
    Evaluating card 1/2: 10H
      Belief model score: 1.500
    Evaluating card 2/2: QD
      Belief model score: 0.500
    Belief model evaluation completed
    Best card: 10H (score: 1.500)
Player 1 plays 10H
  Player 2 (Belief Pro) choosing card:
    Remaining hand (2 cards): ['7S', '8S']
    Legal cards (2): ['7S', '8S']
    Current trick: 2 cards played
    Lead suit: S
    Trump suit: C
    Strategy: Belief Model Card Selection (NO HEURISTICS)
    Belief model predictions obtained
    Evaluating card 1/2: 7S
      Belief model score: 8.000
    Evaluating card 2/2: 8S
      Belief model score: 8.000
    Belief model evaluation completed
    Best card: 7S (score: 8.000)
Player 2 plays 7S
  Player 3 (Belief Champion) choosing card:
    Remaining hand (2 cards): ['KC', 'QS']
    Legal cards (1): ['QS']
    Current trick: 3 cards played
    Lead suit: S
    Trump suit: C
    Strategy: Belief Model Card Selection (NO HEURISTICS)
    Belief model predictions obtained
    Evaluating card 1/1: QS
      Belief model score: 7.000
    Belief model evaluation completed
    Best card: QS (score: 7.000)
Player 3 plays QS
Player 0 won the hand: 1 points

  Player 0 (Belief Master) choosing card:
    Remaining hand (1 cards): ['QH']
    Legal cards (1): ['QH']
    Current trick: 0 cards played
    Trump suit: C
    Strategy: Belief Model Card Selection (NO HEURISTICS)
    Belief model predictions obtained
    Evaluating card 1/1: QH
      Belief model score: 0.000
    Belief model evaluation completed
    Best card: QH (score: 0.000)
Player 0 plays QH
  Player 1 (Belief Expert) choosing card:
    Remaining hand (1 cards): ['QD']
    Legal cards (1): ['QD']
    Current trick: 1 cards played
    Lead suit: H
    Trump suit: C
    Strategy: Belief Model Card Selection (NO HEURISTICS)
    Belief model predictions obtained
    Evaluating card 1/1: QD
      Belief model score: 0.500
    Belief model evaluation completed
    Best card: QD (score: 0.500)
Player 1 plays QD
  Player 2 (Belief Pro) choosing card:
    Remaining hand (1 cards): ['8S']
    Legal cards (1): ['8S']
    Current trick: 2 cards played
    Lead suit: H
    Trump suit: C
    Strategy: Belief Model Card Selection (NO HEURISTICS)
    Belief model predictions obtained
    Evaluating card 1/1: 8S
      Belief model score: 7.500
    Belief model evaluation completed
    Best card: 8S (score: 7.500)
Player 2 plays 8S
  Player 3 (Belief Champion) choosing card:
    Remaining hand (1 cards): ['KC']
    Legal cards (1): ['KC']
    Current trick: 3 cards played
    Lead suit: H
    Trump suit: C
    Strategy: Belief Model Card Selection (NO HEURISTICS)
    Belief model predictions obtained
    Evaluating card 1/1: KC
      Belief model score: 5.000
    Belief model evaluation completed
    Best card: KC (score: 5.000)
Player 3 plays KC
Player 3 won the hand: 0 points

=== GAME SUMMARY ===
Team A (Players 0 & 2): 22 points
Team B (Players 1 & 3): 6 points
Bidder: Player 3 (Team B)
Winning Bid: 16
Bid Success: NO
Game Winner: Team B (Players 1 & 3)
Total Tricks: 8