
===== GAME 8 (20250825_102503_323) =====
Player 0 initial hand (bidding): ['10C', 'QC', 'KS', '7S']
Player 1 initial hand (bidding): ['9H', '10D', '7C', 'JH']
Player 2 initial hand (bidding): ['10H', 'AS', '7D', 'JS']
Player 3 initial hand (bidding): ['9S', '9D', 'AH', '8H']

  Player 0 (Belief Master) analyzing bid:
    Bidding hand (first 4): ['10C', 'QC', 'KS', '7S']
    Hand strength: 0.036
    Current bid: 16
    Point prediction: -0.0 points
    Belief model: Opponent hand probabilities calculated
    Strategy: Belief Model Bidding (NO HEURISTICS)
    Belief model predictions obtained
    Pass evaluation score: 0.000
    Bid 17 evaluation score: -0.830
    Bid 18 evaluation score: -0.830
    Bid 19 evaluation score: -0.830
    Best decision: PASS (score: 0.000)
Pass: Player 0 (min_allowed=17)
  Player 1 (Belief Expert) analyzing bid:
    Bidding hand (first 4): ['9H', '10D', '7C', 'JH']
    Hand strength: 0.214
    Current bid: 16
    Point prediction: -0.0 points
    Belief model: Opponent hand probabilities calculated
    Strategy: Belief Model Bidding (NO HEURISTICS)
    Belief model predictions obtained
    Pass evaluation score: 0.000
    Bid 17 evaluation score: -0.831
    Bid 18 evaluation score: -0.831
    Bid 19 evaluation score: -0.831
    Best decision: PASS (score: 0.000)
Pass: Player 1 (min_allowed=17)
  Player 2 (Belief Pro) analyzing bid:
    Bidding hand (first 4): ['10H', 'AS', '7D', 'JS']
    Hand strength: 0.179
    Current bid: 16
    Point prediction: -0.0 points
    Belief model: Opponent hand probabilities calculated
    Strategy: Belief Model Bidding (NO HEURISTICS)
    Belief model predictions obtained
    Pass evaluation score: 0.000
    Bid 17 evaluation score: -0.830
    Bid 18 evaluation score: -0.830
    Bid 19 evaluation score: -0.830
    Best decision: PASS (score: 0.000)
Pass: Player 2 (min_allowed=17)
Auction winner: Player 3 with bid 16
    Strategy: Belief-based trump selection
    Selected trump: H (score: 4.10)
Bidder sets concealed trump suit: H
Phase: concealed, bidder concealed card: [face-down trump]

Full hands (8 cards each):
Player 0 full hand: ['10C', 'QC', 'KS', '7S', 'JC', 'KH', '9C', '8C']
Player 1 full hand: ['9H', '10D', '7C', 'JH', 'QS', '7H', '8S', '8D']
Player 2 full hand: ['10H', 'AS', '7D', 'JS', 'AD', 'QH', 'AC', 'KD']
Player 3 full hand: ['9S', '9D', '8H', 'QD', '10S', 'KC', 'JD']

  Player 0 (Belief Master) choosing card:
    Remaining hand (8 cards): ['10C', 'QC', 'KS', '7S', 'JC', 'KH', '9C', '8C']
    Legal cards (7): ['10C', 'QC', 'KS', '7S', 'JC', '9C', '8C']
    Current trick: 0 cards played
    Trump suit: H
    Strategy: Belief Model Card Selection (NO HEURISTICS)
    Belief model predictions obtained
    Evaluating card 1/7: 10C
      Belief model score: 1.000
    Evaluating card 2/7: QC
      Belief model score: 0.000
    Evaluating card 3/7: KS
      Belief model score: 1.000
    Evaluating card 4/7: 7S
      Belief model score: 1.000
    Evaluating card 5/7: JC
      Belief model score: 3.000
    Evaluating card 6/7: 9C
      Belief model score: 3.000
    Evaluating card 7/7: 8C
      Belief model score: 1.000
    Belief model evaluation completed
    Best card: JC (score: 3.000)
Player 0 plays JC
  Player 1 (Belief Expert) choosing card:
    Remaining hand (8 cards): ['9H', '10D', '7C', 'JH', 'QS', '7H', '8S', '8D']
    Legal cards (1): ['7C']
    Current trick: 1 cards played
    Lead suit: C
    Trump suit: H
    Strategy: Belief Model Card Selection (NO HEURISTICS)
    Belief model predictions obtained
    Evaluating card 1/1: 7C
      Belief model score: 2.000
    Belief model evaluation completed
    Best card: 7C (score: 2.000)
Player 1 plays 7C
  Player 2 (Belief Pro) choosing card:
    Remaining hand (8 cards): ['10H', 'AS', '7D', 'JS', 'AD', 'QH', 'AC', 'KD']
    Legal cards (1): ['AC']
    Current trick: 2 cards played
    Lead suit: C
    Trump suit: H
    Strategy: Belief Model Card Selection (NO HEURISTICS)
    Belief model predictions obtained
    Evaluating card 1/1: AC
      Belief model score: 3.000
    Belief model evaluation completed
    Best card: AC (score: 3.000)
Player 2 plays AC
  Player 3 (Belief Champion) choosing card:
    Remaining hand (7 cards): ['9S', '9D', '8H', 'QD', '10S', 'KC', 'JD']
    Legal cards (1): ['KC']
    Current trick: 3 cards played
    Lead suit: C
    Trump suit: H
    Strategy: Belief Model Card Selection (NO HEURISTICS)
    Belief model predictions obtained
    Evaluating card 1/1: KC
      Belief model score: 2.000
    Belief model evaluation completed
    Best card: KC (score: 2.000)
Player 3 plays KC
Player 0 won the hand: 4 points

  Player 0 (Belief Master) choosing card:
    Remaining hand (7 cards): ['10C', 'QC', 'KS', '7S', 'KH', '9C', '8C']
    Legal cards (6): ['10C', 'QC', 'KS', '7S', '9C', '8C']
    Current trick: 0 cards played
    Trump suit: H
    Strategy: Belief Model Card Selection (NO HEURISTICS)
    Belief model predictions obtained
    Evaluating card 1/6: 10C
      Belief model score: 1.000
    Evaluating card 2/6: QC
      Belief model score: 0.000
    Evaluating card 3/6: KS
      Belief model score: 1.000
    Evaluating card 4/6: 7S
      Belief model score: 1.000
    Evaluating card 5/6: 9C
      Belief model score: 3.000
    Evaluating card 6/6: 8C
      Belief model score: 1.000
    Belief model evaluation completed
    Best card: 9C (score: 3.000)
Player 0 plays 9C
  Player 1 (Belief Expert) choosing card:
    Remaining hand (7 cards): ['9H', '10D', 'JH', 'QS', '7H', '8S', '8D']
    Legal cards (7): ['9H', '10D', 'JH', 'QS', '7H', '8S', '8D']
    Current trick: 1 cards played
    Lead suit: C
    Trump suit: H
    Strategy: Belief Model Card Selection (NO HEURISTICS)
    Belief model predictions obtained
    Evaluating card 1/7: 9H
      Belief model score: 6.000
    Evaluating card 2/7: 10D
      Belief model score: 1.500
    Evaluating card 3/7: JH
      Belief model score: 6.000
    Evaluating card 4/7: QS
      Belief model score: 0.500
    Evaluating card 5/7: 7H
      Belief model score: 4.000
    Evaluating card 6/7: 8S
      Belief model score: 1.500
    Evaluating card 7/7: 8D
      Belief model score: 1.500
    Belief model evaluation completed
    Best card: 9H (score: 6.000)
-- Phase 2 begins: Trump revealed as H by Player 1 on trick 2 --
Player 1 plays 9H
  Player 2 (Belief Pro) choosing card:
    Remaining hand (7 cards): ['10H', 'AS', '7D', 'JS', 'AD', 'QH', 'KD']
    Legal cards (7): ['10H', 'AS', '7D', 'JS', 'AD', 'QH', 'KD']
    Current trick: 2 cards played
    Lead suit: C
    Trump suit: H
    Strategy: Belief Model Card Selection (NO HEURISTICS)
    Belief model predictions obtained
    Evaluating card 1/7: 10H
      Belief model score: 6.000
    Evaluating card 2/7: AS
      Belief model score: 1.500
    Evaluating card 3/7: 7D
      Belief model score: 1.500
    Evaluating card 4/7: JS
      Belief model score: 3.500
    Evaluating card 5/7: AD
      Belief model score: 1.500
    Evaluating card 6/7: QH
      Belief model score: 5.000
    Evaluating card 7/7: KD
      Belief model score: 0.500
    Belief model evaluation completed
    Best card: 10H (score: 6.000)
Player 2 plays 10H
  Player 3 (Belief Champion) choosing card:
    Remaining hand (7 cards): ['9S', '9D', '8H', 'QD', '10S', 'JD', 'AH']
    Legal cards (7): ['9S', '9D', '8H', 'QD', '10S', 'JD', 'AH']
    Current trick: 3 cards played
    Lead suit: C
    Trump suit: H
    Strategy: Belief Model Card Selection (NO HEURISTICS)
    Belief model predictions obtained
    Evaluating card 1/7: 9S
      Belief model score: 3.500
    Evaluating card 2/7: 9D
      Belief model score: 3.500
    Evaluating card 3/7: 8H
      Belief model score: 6.000
    Evaluating card 4/7: QD
      Belief model score: 0.500
    Evaluating card 5/7: 10S
      Belief model score: 1.500
    Evaluating card 6/7: JD
      Belief model score: 7.500
    Evaluating card 7/7: AH
      Belief model score: 6.000
    Belief model evaluation completed
    Best card: JD (score: 7.500)
Player 3 plays JD
Player 1 won the hand: 8 points

  Player 0 (Belief Master) choosing card:
    Remaining hand (6 cards): ['10C', 'QC', 'KS', '7S', 'KH', '8C']
    Legal cards (6): ['10C', 'QC', 'KS', '7S', 'KH', '8C']
    Current trick: 0 cards played
    Trump suit: H
    Strategy: Belief Model Card Selection (NO HEURISTICS)
    Belief model predictions obtained
    Evaluating card 1/6: 10C
      Belief model score: 1.000
    Evaluating card 2/6: QC
      Belief model score: 0.000
    Evaluating card 3/6: KS
      Belief model score: 0.000
    Evaluating card 4/6: 7S
      Belief model score: 1.000
    Evaluating card 5/6: KH
      Belief model score: 2.000
    Evaluating card 6/6: 8C
      Belief model score: 1.000
    Belief model evaluation completed
    Best card: KH (score: 2.000)
Player 0 plays KH
  Player 1 (Belief Expert) choosing card:
    Remaining hand (6 cards): ['10D', 'JH', 'QS', '7H', '8S', '8D']
    Legal cards (2): ['JH', '7H']
    Current trick: 1 cards played
    Lead suit: H
    Trump suit: H
    Strategy: Belief Model Card Selection (NO HEURISTICS)
    Belief model predictions obtained
    Evaluating card 1/2: JH
      Belief model score: 10.000
    Evaluating card 2/2: 7H
      Belief model score: 4.000
    Belief model evaluation completed
    Best card: JH (score: 10.000)
Player 1 plays JH
  Player 2 (Belief Pro) choosing card:
    Remaining hand (6 cards): ['AS', '7D', 'JS', 'AD', 'QH', 'KD']
    Legal cards (1): ['QH']
    Current trick: 2 cards played
    Lead suit: H
    Trump suit: H
    Strategy: Belief Model Card Selection (NO HEURISTICS)
    Belief model predictions obtained
    Evaluating card 1/1: QH
      Belief model score: 3.000
    Belief model evaluation completed
    Best card: QH (score: 3.000)
Player 2 plays QH
  Player 3 (Belief Champion) choosing card:
    Remaining hand (6 cards): ['9S', '9D', '8H', 'QD', '10S', 'AH']
    Legal cards (2): ['8H', 'AH']
    Current trick: 3 cards played
    Lead suit: H
    Trump suit: H
    Strategy: Belief Model Card Selection (NO HEURISTICS)
    Belief model predictions obtained
    Evaluating card 1/2: 8H
      Belief model score: 4.000
    Evaluating card 2/2: AH
      Belief model score: 4.000
    Belief model evaluation completed
    Best card: 8H (score: 4.000)
Player 3 plays 8H
Player 1 won the hand: 3 points

  Player 0 (Belief Master) choosing card:
    Remaining hand (5 cards): ['10C', 'QC', 'KS', '7S', '8C']
    Legal cards (5): ['10C', 'QC', 'KS', '7S', '8C']
    Current trick: 0 cards played
    Trump suit: H
    Strategy: Belief Model Card Selection (NO HEURISTICS)
    Belief model predictions obtained
    Evaluating card 1/5: 10C
      Belief model score: 1.000
    Evaluating card 2/5: QC
      Belief model score: 0.000
    Evaluating card 3/5: KS
      Belief model score: 0.000
    Evaluating card 4/5: 7S
      Belief model score: 1.000
    Evaluating card 5/5: 8C
      Belief model score: 1.000
    Belief model evaluation completed
    Best card: 10C (score: 1.000)
Player 0 plays 10C
  Player 1 (Belief Expert) choosing card:
    Remaining hand (5 cards): ['10D', 'QS', '7H', '8S', '8D']
    Legal cards (5): ['10D', 'QS', '7H', '8S', '8D']
    Current trick: 1 cards played
    Lead suit: C
    Trump suit: H
    Strategy: Belief Model Card Selection (NO HEURISTICS)
    Belief model predictions obtained
    Evaluating card 1/5: 10D
      Belief model score: 1.500
    Evaluating card 2/5: QS
      Belief model score: 0.500
    Evaluating card 3/5: 7H
      Belief model score: 6.000
    Evaluating card 4/5: 8S
      Belief model score: 1.500
    Evaluating card 5/5: 8D
      Belief model score: 1.500
    Belief model evaluation completed
    Best card: 7H (score: 6.000)
Player 1 plays 7H
  Player 2 (Belief Pro) choosing card:
    Remaining hand (5 cards): ['AS', '7D', 'JS', 'AD', 'KD']
    Legal cards (5): ['AS', '7D', 'JS', 'AD', 'KD']
    Current trick: 2 cards played
    Lead suit: C
    Trump suit: H
    Strategy: Belief Model Card Selection (NO HEURISTICS)
    Belief model predictions obtained
    Evaluating card 1/5: AS
      Belief model score: 6.000
    Evaluating card 2/5: 7D
      Belief model score: 1.500
    Evaluating card 3/5: JS
      Belief model score: 8.000
    Evaluating card 4/5: AD
      Belief model score: 1.500
    Evaluating card 5/5: KD
      Belief model score: 0.500
    Belief model evaluation completed
    Best card: JS (score: 8.000)
Player 2 plays JS
  Player 3 (Belief Champion) choosing card:
    Remaining hand (5 cards): ['9S', '9D', 'QD', '10S', 'AH']
    Legal cards (5): ['9S', '9D', 'QD', '10S', 'AH']
    Current trick: 3 cards played
    Lead suit: C
    Trump suit: H
    Strategy: Belief Model Card Selection (NO HEURISTICS)
    Belief model predictions obtained
    Evaluating card 1/5: 9S
      Belief model score: 3.500
    Evaluating card 2/5: 9D
      Belief model score: 3.500
    Evaluating card 3/5: QD
      Belief model score: 0.500
    Evaluating card 4/5: 10S
      Belief model score: 1.500
    Evaluating card 5/5: AH
      Belief model score: 6.000
    Belief model evaluation completed
    Best card: AH (score: 6.000)
Player 3 plays AH
Player 3 won the hand: 5 points

  Player 0 (Belief Master) choosing card:
    Remaining hand (4 cards): ['QC', 'KS', '7S', '8C']
    Legal cards (4): ['QC', 'KS', '7S', '8C']
    Current trick: 0 cards played
    Trump suit: H
    Strategy: Belief Model Card Selection (NO HEURISTICS)
    Belief model predictions obtained
    Evaluating card 1/4: QC
      Belief model score: 0.000
    Evaluating card 2/4: KS
      Belief model score: 2.000
    Evaluating card 3/4: 7S
      Belief model score: 3.000
    Evaluating card 4/4: 8C
      Belief model score: 1.000
    Belief model evaluation completed
    Best card: 7S (score: 3.000)
Player 0 plays 7S
  Player 1 (Belief Expert) choosing card:
    Remaining hand (4 cards): ['10D', 'QS', '8S', '8D']
    Legal cards (2): ['QS', '8S']
    Current trick: 1 cards played
    Lead suit: S
    Trump suit: H
    Strategy: Belief Model Card Selection (NO HEURISTICS)
    Belief model predictions obtained
    Evaluating card 1/2: QS
      Belief model score: 7.000
    Evaluating card 2/2: 8S
      Belief model score: 8.000
    Belief model evaluation completed
    Best card: 8S (score: 8.000)
Player 1 plays 8S
  Player 2 (Belief Pro) choosing card:
    Remaining hand (4 cards): ['AS', '7D', 'AD', 'KD']
    Legal cards (1): ['AS']
    Current trick: 2 cards played
    Lead suit: S
    Trump suit: H
    Strategy: Belief Model Card Selection (NO HEURISTICS)
    Belief model predictions obtained
    Evaluating card 1/1: AS
      Belief model score: 14.000
    Belief model evaluation completed
    Best card: AS (score: 14.000)
Player 2 plays AS
  Player 3 (Belief Champion) choosing card:
    Remaining hand (4 cards): ['9S', '9D', 'QD', '10S']
    Legal cards (2): ['9S', '10S']
    Current trick: 3 cards played
    Lead suit: S
    Trump suit: H
    Strategy: Belief Model Card Selection (NO HEURISTICS)
    Belief model predictions obtained
    Evaluating card 1/2: 9S
      Belief model score: 20.000
    Evaluating card 2/2: 10S
      Belief model score: 10.000
    Belief model evaluation completed
    Best card: 9S (score: 20.000)
Player 3 plays 9S
Player 3 won the hand: 3 points

  Player 0 (Belief Master) choosing card:
    Remaining hand (3 cards): ['QC', 'KS', '8C']
    Legal cards (3): ['QC', 'KS', '8C']
    Current trick: 0 cards played
    Trump suit: H
    Strategy: Belief Model Card Selection (NO HEURISTICS)
    Belief model predictions obtained
    Evaluating card 1/3: QC
      Belief model score: 0.000
    Evaluating card 2/3: KS
      Belief model score: 8.000
    Evaluating card 3/3: 8C
      Belief model score: 1.000
    Belief model evaluation completed
    Best card: KS (score: 8.000)
Player 0 plays KS
  Player 1 (Belief Expert) choosing card:
    Remaining hand (3 cards): ['10D', 'QS', '8D']
    Legal cards (1): ['QS']
    Current trick: 1 cards played
    Lead suit: S
    Trump suit: H
    Strategy: Belief Model Card Selection (NO HEURISTICS)
    Belief model predictions obtained
    Evaluating card 1/1: QS
      Belief model score: 9.000
    Belief model evaluation completed
    Best card: QS (score: 9.000)
Player 1 plays QS
  Player 2 (Belief Pro) choosing card:
    Remaining hand (3 cards): ['7D', 'AD', 'KD']
    Legal cards (3): ['7D', 'AD', 'KD']
    Current trick: 2 cards played
    Lead suit: S
    Trump suit: H
    Strategy: Belief Model Card Selection (NO HEURISTICS)
    Belief model predictions obtained
    Evaluating card 1/3: 7D
      Belief model score: 1.500
    Evaluating card 2/3: AD
      Belief model score: 1.500
    Evaluating card 3/3: KD
      Belief model score: 0.500
    Belief model evaluation completed
    Best card: 7D (score: 1.500)
Player 2 plays 7D
  Player 3 (Belief Champion) choosing card:
    Remaining hand (3 cards): ['9D', 'QD', '10S']
    Legal cards (1): ['10S']
    Current trick: 3 cards played
    Lead suit: S
    Trump suit: H
    Strategy: Belief Model Card Selection (NO HEURISTICS)
    Belief model predictions obtained
    Evaluating card 1/1: 10S
      Belief model score: 18.000
    Belief model evaluation completed
    Best card: 10S (score: 18.000)
Player 3 plays 10S
Player 3 won the hand: 1 points

  Player 0 (Belief Master) choosing card:
    Remaining hand (2 cards): ['QC', '8C']
    Legal cards (2): ['QC', '8C']
    Current trick: 0 cards played
    Trump suit: H
    Strategy: Belief Model Card Selection (NO HEURISTICS)
    Belief model predictions obtained
    Evaluating card 1/2: QC
      Belief model score: 0.000
    Evaluating card 2/2: 8C
      Belief model score: 1.000
    Belief model evaluation completed
    Best card: 8C (score: 1.000)
Player 0 plays 8C
  Player 1 (Belief Expert) choosing card:
    Remaining hand (2 cards): ['10D', '8D']
    Legal cards (2): ['10D', '8D']
    Current trick: 1 cards played
    Lead suit: C
    Trump suit: H
    Strategy: Belief Model Card Selection (NO HEURISTICS)
    Belief model predictions obtained
    Evaluating card 1/2: 10D
      Belief model score: 1.500
    Evaluating card 2/2: 8D
      Belief model score: 1.500
    Belief model evaluation completed
    Best card: 10D (score: 1.500)
Player 1 plays 10D
  Player 2 (Belief Pro) choosing card:
    Remaining hand (2 cards): ['AD', 'KD']
    Legal cards (2): ['AD', 'KD']
    Current trick: 2 cards played
    Lead suit: C
    Trump suit: H
    Strategy: Belief Model Card Selection (NO HEURISTICS)
    Belief model predictions obtained
    Evaluating card 1/2: AD
      Belief model score: 1.500
    Evaluating card 2/2: KD
      Belief model score: 0.500
    Belief model evaluation completed
    Best card: AD (score: 1.500)
Player 2 plays AD
  Player 3 (Belief Champion) choosing card:
    Remaining hand (2 cards): ['9D', 'QD']
    Legal cards (2): ['9D', 'QD']
    Current trick: 3 cards played
    Lead suit: C
    Trump suit: H
    Strategy: Belief Model Card Selection (NO HEURISTICS)
    Belief model predictions obtained
    Evaluating card 1/2: 9D
      Belief model score: 7.500
    Evaluating card 2/2: QD
      Belief model score: 0.500
    Belief model evaluation completed
    Best card: 9D (score: 7.500)
Player 3 plays 9D
Player 0 won the hand: 4 points

  Player 0 (Belief Master) choosing card:
    Remaining hand (1 cards): ['QC']
    Legal cards (1): ['QC']
    Current trick: 0 cards played
    Trump suit: H
    Strategy: Belief Model Card Selection (NO HEURISTICS)
    Belief model predictions obtained
    Evaluating card 1/1: QC
      Belief model score: 6.000
    Belief model evaluation completed
    Best card: QC (score: 6.000)
Player 0 plays QC
  Player 1 (Belief Expert) choosing card:
    Remaining hand (1 cards): ['8D']
    Legal cards (1): ['8D']
    Current trick: 1 cards played
    Lead suit: C
    Trump suit: H
    Strategy: Belief Model Card Selection (NO HEURISTICS)
    Belief model predictions obtained
    Evaluating card 1/1: 8D
      Belief model score: 1.500
    Belief model evaluation completed
    Best card: 8D (score: 1.500)
Player 1 plays 8D
  Player 2 (Belief Pro) choosing card:
    Remaining hand (1 cards): ['KD']
    Legal cards (1): ['KD']
    Current trick: 2 cards played
    Lead suit: C
    Trump suit: H
    Strategy: Belief Model Card Selection (NO HEURISTICS)
    Belief model predictions obtained
    Evaluating card 1/1: KD
      Belief model score: 0.500
    Belief model evaluation completed
    Best card: KD (score: 0.500)
Player 2 plays KD
  Player 3 (Belief Champion) choosing card:
    Remaining hand (1 cards): ['QD']
    Legal cards (1): ['QD']
    Current trick: 3 cards played
    Lead suit: C
    Trump suit: H
    Strategy: Belief Model Card Selection (NO HEURISTICS)
    Belief model predictions obtained
    Evaluating card 1/1: QD
      Belief model score: 0.500
    Belief model evaluation completed
    Best card: QD (score: 0.500)
Player 3 plays QD
Player 0 won the hand: 0 points

=== GAME SUMMARY ===
Team A (Players 0 & 2): 8 points
Team B (Players 1 & 3): 20 points
Bidder: Player 3 (Team B)
Winning Bid: 16
Bid Success: YES
Game Winner: Team B (Players 1 & 3)
Total Tricks: 8