
===== GAME 10 (20250825_113104_893) =====

===== AUCTION =====
Pass
Pass (locked): Player 0 (min_allowed=17)
Pass
Pass (locked): Player 1 (min_allowed=17)
Pass
Pass (locked): Player 2 (min_allowed=17)
AUCTION WINNER: Player 3 with bid 16; chooses trump [to be determined]
AUCTION WINNER: Player 3 with bid 16; chooses trump H

Player 0 (auction 4 cards): ['QS', 'AS', 'QD', '8D']
Player 1 (auction 4 cards): ['7S', '9D', 'AH', 'QC']
Player 2 (auction 4 cards): ['JC', '9C', 'KD', '7D']
Player 3 (auction 4 cards): ['7H', '10C', 'KS', '9S']
Auction winner (bidder): Player 3 with bid 16
Bidder sets concealed trump suit: H
Phase: concealed, bidder concealed card: [face-down trump]

Player 0 plays AS
Player 1 plays 7S
Player 2 plays 10H
-- Phase 2 begins: Trump revealed as H by Player 2 on trick 1 --
Player 3 plays 9S
Player 2 won the hand: 4 points

Player 0 plays 9H
Player 1 plays AH
Player 2 plays KH
Player 3 plays JH
Player 3 won the hand: 6 points

Player 0 plays 8H
Player 1 plays 9D
Player 2 plays JC
Player 3 plays 7H
Player 0 won the hand: 5 points

Player 0 plays QH
Player 1 plays 7C
Player 2 plays 9C
Player 3 plays JD
Player 0 won the hand: 5 points

Player 0 plays 8D
Player 1 plays AD
Player 2 plays 7D
Player 3 plays 10D
Player 1 won the hand: 2 points

Player 0 plays 8S
Player 1 plays 10S
Player 2 plays 8C
Player 3 plays JS
Player 3 won the hand: 4 points

Player 0 plays QS
Player 1 plays QC
Player 2 plays AC
Player 3 plays KS
Player 3 won the hand: 1 points

Player 0 plays QD
Player 1 plays KC
Player 2 plays KD
Player 3 plays 10C
Player 2 won the hand: 1 points

=== GAME SUMMARY ===
Game 10 final points: Team A=15, Team B=13