
===== GAME 10 (20250825_102504_858) =====
Player 0 initial hand (bidding): ['AH', 'KS', '8H', 'QS']
Player 1 initial hand (bidding): ['JS', '7S', '8S', '8D']
Player 2 initial hand (bidding): ['10D', 'JD', 'JC', '10H']
Player 3 initial hand (bidding): ['8C', 'QC', 'KD', '9C']

  Player 0 (Belief Master) analyzing bid:
    Bidding hand (first 4): ['AH', 'KS', '8H', 'QS']
    Hand strength: 0.036
    Current bid: 16
    Point prediction: -0.0 points
    Belief model: Opponent hand probabilities calculated
    Strategy: Belief Model Bidding (NO HEURISTICS)
    Belief model predictions obtained
    Pass evaluation score: 0.000
    Bid 17 evaluation score: -0.834
    Bid 18 evaluation score: -0.834
    Bid 19 evaluation score: -0.834
    Best decision: PASS (score: 0.000)
Pass: Player 0 (min_allowed=17)
  Player 1 (Belief Expert) analyzing bid:
    Bidding hand (first 4): ['JS', '7S', '8S', '8D']
    Hand strength: 0.107
    Current bid: 16
    Point prediction: -0.0 points
    Belief model: Opponent hand probabilities calculated
    Strategy: Belief Model Bidding (NO HEURISTICS)
    Belief model predictions obtained
    Pass evaluation score: 0.000
    Bid 17 evaluation score: -0.835
    Bid 18 evaluation score: -0.835
    Bid 19 evaluation score: -0.835
    Best decision: PASS (score: 0.000)
Pass: Player 1 (min_allowed=17)
  Player 2 (Belief Pro) analyzing bid:
    Bidding hand (first 4): ['10D', 'JD', 'JC', '10H']
    Hand strength: 0.286
    Current bid: 16
    Point prediction: -0.0 points
    Belief model: Opponent hand probabilities calculated
    Strategy: Belief Model Bidding (NO HEURISTICS)
    Belief model predictions obtained
    Pass evaluation score: 0.000
    Bid 17 evaluation score: -0.834
    Bid 18 evaluation score: -0.834
    Bid 19 evaluation score: -0.834
    Best decision: PASS (score: 0.000)
Pass: Player 2 (min_allowed=17)
Auction winner: Player 3 with bid 16
    Strategy: Belief-based trump selection
    Selected trump: C (score: 6.20)
Bidder sets concealed trump suit: C
Phase: concealed, bidder concealed card: [face-down trump]

Full hands (8 cards each):
Player 0 full hand: ['AH', 'KS', '8H', 'QS', '9H', 'JH', '9S', 'AS']
Player 1 full hand: ['JS', '7S', '8S', '8D', 'KH', '10S', 'AC', 'AD']
Player 2 full hand: ['10D', 'JD', 'JC', '10H', '7H', '10C', '7D', 'KC']
Player 3 full hand: ['8C', 'QC', 'KD', 'QH', '7C', 'QD', '9D']

  Player 0 (Belief Master) choosing card:
    Remaining hand (8 cards): ['AH', 'KS', '8H', 'QS', '9H', 'JH', '9S', 'AS']
    Legal cards (8): ['AH', 'KS', '8H', 'QS', '9H', 'JH', '9S', 'AS']
    Current trick: 0 cards played
    Trump suit: C
    Strategy: Belief Model Card Selection (NO HEURISTICS)
    Belief model predictions obtained
    Evaluating card 1/8: AH
      Belief model score: 2.000
    Evaluating card 2/8: KS
      Belief model score: 1.000
    Evaluating card 3/8: 8H
      Belief model score: 1.000
    Evaluating card 4/8: QS
      Belief model score: 0.000
    Evaluating card 5/8: 9H
      Belief model score: 3.000
    Evaluating card 6/8: JH
      Belief model score: 3.000
    Evaluating card 7/8: 9S
      Belief model score: 3.000
    Evaluating card 8/8: AS
      Belief model score: 2.000
    Belief model evaluation completed
    Best card: 9H (score: 3.000)
Player 0 plays 9H
  Player 1 (Belief Expert) choosing card:
    Remaining hand (8 cards): ['JS', '7S', '8S', '8D', 'KH', '10S', 'AC', 'AD']
    Legal cards (1): ['KH']
    Current trick: 1 cards played
    Lead suit: H
    Trump suit: C
    Strategy: Belief Model Card Selection (NO HEURISTICS)
    Belief model predictions obtained
    Evaluating card 1/1: KH
      Belief model score: 2.000
    Belief model evaluation completed
    Best card: KH (score: 2.000)
Player 1 plays KH
  Player 2 (Belief Pro) choosing card:
    Remaining hand (8 cards): ['10D', 'JD', 'JC', '10H', '7H', '10C', '7D', 'KC']
    Legal cards (2): ['10H', '7H']
    Current trick: 2 cards played
    Lead suit: H
    Trump suit: C
    Strategy: Belief Model Card Selection (NO HEURISTICS)
    Belief model predictions obtained
    Evaluating card 1/2: 10H
      Belief model score: 2.000
    Evaluating card 2/2: 7H
      Belief model score: 2.000
    Belief model evaluation completed
    Best card: 10H (score: 2.000)
Player 2 plays 10H
  Player 3 (Belief Champion) choosing card:
    Remaining hand (7 cards): ['8C', 'QC', 'KD', 'QH', '7C', 'QD', '9D']
    Legal cards (1): ['QH']
    Current trick: 3 cards played
    Lead suit: H
    Trump suit: C
    Strategy: Belief Model Card Selection (NO HEURISTICS)
    Belief model predictions obtained
    Evaluating card 1/1: QH
      Belief model score: 1.000
    Belief model evaluation completed
    Best card: QH (score: 1.000)
Player 3 plays QH
Player 0 won the hand: 3 points

  Player 0 (Belief Master) choosing card:
    Remaining hand (7 cards): ['AH', 'KS', '8H', 'QS', 'JH', '9S', 'AS']
    Legal cards (7): ['AH', 'KS', '8H', 'QS', 'JH', '9S', 'AS']
    Current trick: 0 cards played
    Trump suit: C
    Strategy: Belief Model Card Selection (NO HEURISTICS)
    Belief model predictions obtained
    Evaluating card 1/7: AH
      Belief model score: 2.000
    Evaluating card 2/7: KS
      Belief model score: 1.000
    Evaluating card 3/7: 8H
      Belief model score: 1.000
    Evaluating card 4/7: QS
      Belief model score: 0.000
    Evaluating card 5/7: JH
      Belief model score: 3.000
    Evaluating card 6/7: 9S
      Belief model score: 3.000
    Evaluating card 7/7: AS
      Belief model score: 2.000
    Belief model evaluation completed
    Best card: JH (score: 3.000)
Player 0 plays JH
  Player 1 (Belief Expert) choosing card:
    Remaining hand (7 cards): ['JS', '7S', '8S', '8D', '10S', 'AC', 'AD']
    Legal cards (7): ['JS', '7S', '8S', '8D', '10S', 'AC', 'AD']
    Current trick: 1 cards played
    Lead suit: H
    Trump suit: C
    Strategy: Belief Model Card Selection (NO HEURISTICS)
    Belief model predictions obtained
    Evaluating card 1/7: JS
      Belief model score: 3.500
    Evaluating card 2/7: 7S
      Belief model score: 1.500
    Evaluating card 3/7: 8S
      Belief model score: 1.500
    Evaluating card 4/7: 8D
      Belief model score: 1.500
    Evaluating card 5/7: 10S
      Belief model score: 1.500
    Evaluating card 6/7: AC
      Belief model score: 5.000
    Evaluating card 7/7: AD
      Belief model score: 2.500
    Belief model evaluation completed
    Best card: AC (score: 5.000)
-- Phase 2 begins: Trump revealed as C by Player 1 on trick 2 --
Player 1 plays AC
  Player 2 (Belief Pro) choosing card:
    Remaining hand (7 cards): ['10D', 'JD', 'JC', '7H', '10C', '7D', 'KC']
    Legal cards (1): ['7H']
    Current trick: 2 cards played
    Lead suit: H
    Trump suit: C
    Strategy: Belief Model Card Selection (NO HEURISTICS)
    Belief model predictions obtained
    Evaluating card 1/1: 7H
      Belief model score: 2.000
    Belief model evaluation completed
    Best card: 7H (score: 2.000)
Player 2 plays 7H
  Player 3 (Belief Champion) choosing card:
    Remaining hand (7 cards): ['8C', 'QC', 'KD', '7C', 'QD', '9D', '9C']
    Legal cards (7): ['8C', 'QC', 'KD', '7C', 'QD', '9D', '9C']
    Current trick: 3 cards played
    Lead suit: H
    Trump suit: C
    Strategy: Belief Model Card Selection (NO HEURISTICS)
    Belief model predictions obtained
    Evaluating card 1/7: 8C
      Belief model score: 6.000
    Evaluating card 2/7: QC
      Belief model score: 5.000
    Evaluating card 3/7: KD
      Belief model score: 0.500
    Evaluating card 4/7: 7C
      Belief model score: 6.000
    Evaluating card 5/7: QD
      Belief model score: 0.500
    Evaluating card 6/7: 9D
      Belief model score: 3.500
    Evaluating card 7/7: 9C
      Belief model score: 8.000
    Belief model evaluation completed
    Best card: 9C (score: 8.000)
Player 3 plays 9C
Player 3 won the hand: 6 points

  Player 0 (Belief Master) choosing card:
    Remaining hand (6 cards): ['AH', 'KS', '8H', 'QS', '9S', 'AS']
    Legal cards (6): ['AH', 'KS', '8H', 'QS', '9S', 'AS']
    Current trick: 0 cards played
    Trump suit: C
    Strategy: Belief Model Card Selection (NO HEURISTICS)
    Belief model predictions obtained
    Evaluating card 1/6: AH
      Belief model score: 1.000
    Evaluating card 2/6: KS
      Belief model score: 0.000
    Evaluating card 3/6: 8H
      Belief model score: 1.000
    Evaluating card 4/6: QS
      Belief model score: 0.000
    Evaluating card 5/6: 9S
      Belief model score: 3.000
    Evaluating card 6/6: AS
      Belief model score: 1.000
    Belief model evaluation completed
    Best card: 9S (score: 3.000)
Player 0 plays 9S
  Player 1 (Belief Expert) choosing card:
    Remaining hand (6 cards): ['JS', '7S', '8S', '8D', '10S', 'AD']
    Legal cards (4): ['JS', '7S', '8S', '10S']
    Current trick: 1 cards played
    Lead suit: S
    Trump suit: C
    Strategy: Belief Model Card Selection (NO HEURISTICS)
    Belief model predictions obtained
    Evaluating card 1/4: JS
      Belief model score: 8.000
    Evaluating card 2/4: 7S
      Belief model score: 2.000
    Evaluating card 3/4: 8S
      Belief model score: 2.000
    Evaluating card 4/4: 10S
      Belief model score: 2.000
    Belief model evaluation completed
    Best card: JS (score: 8.000)
Player 1 plays JS
  Player 2 (Belief Pro) choosing card:
    Remaining hand (6 cards): ['10D', 'JD', 'JC', '10C', '7D', 'KC']
    Legal cards (6): ['10D', 'JD', 'JC', '10C', '7D', 'KC']
    Current trick: 2 cards played
    Lead suit: S
    Trump suit: C
    Strategy: Belief Model Card Selection (NO HEURISTICS)
    Belief model predictions obtained
    Evaluating card 1/6: 10D
      Belief model score: 1.500
    Evaluating card 2/6: JD
      Belief model score: 3.500
    Evaluating card 3/6: JC
      Belief model score: 8.000
    Evaluating card 4/6: 10C
      Belief model score: 6.000
    Evaluating card 5/6: 7D
      Belief model score: 1.500
    Evaluating card 6/6: KC
      Belief model score: 5.000
    Belief model evaluation completed
    Best card: JC (score: 8.000)
Player 2 plays JC
  Player 3 (Belief Champion) choosing card:
    Remaining hand (6 cards): ['8C', 'QC', 'KD', '7C', 'QD', '9D']
    Legal cards (6): ['8C', 'QC', 'KD', '7C', 'QD', '9D']
    Current trick: 3 cards played
    Lead suit: S
    Trump suit: C
    Strategy: Belief Model Card Selection (NO HEURISTICS)
    Belief model predictions obtained
    Evaluating card 1/6: 8C
      Belief model score: 6.000
    Evaluating card 2/6: QC
      Belief model score: 5.000
    Evaluating card 3/6: KD
      Belief model score: 0.500
    Evaluating card 4/6: 7C
      Belief model score: 6.000
    Evaluating card 5/6: QD
      Belief model score: 0.500
    Evaluating card 6/6: 9D
      Belief model score: 3.500
    Belief model evaluation completed
    Best card: 8C (score: 6.000)
Player 3 plays 8C
Player 2 won the hand: 8 points

  Player 0 (Belief Master) choosing card:
    Remaining hand (5 cards): ['AH', 'KS', '8H', 'QS', 'AS']
    Legal cards (5): ['AH', 'KS', '8H', 'QS', 'AS']
    Current trick: 0 cards played
    Trump suit: C
    Strategy: Belief Model Card Selection (NO HEURISTICS)
    Belief model predictions obtained
    Evaluating card 1/5: AH
      Belief model score: 1.000
    Evaluating card 2/5: KS
      Belief model score: 0.000
    Evaluating card 3/5: 8H
      Belief model score: 1.000
    Evaluating card 4/5: QS
      Belief model score: 0.000
    Evaluating card 5/5: AS
      Belief model score: 1.000
    Belief model evaluation completed
    Best card: AH (score: 1.000)
Player 0 plays AH
  Player 1 (Belief Expert) choosing card:
    Remaining hand (5 cards): ['7S', '8S', '8D', '10S', 'AD']
    Legal cards (5): ['7S', '8S', '8D', '10S', 'AD']
    Current trick: 1 cards played
    Lead suit: H
    Trump suit: C
    Strategy: Belief Model Card Selection (NO HEURISTICS)
    Belief model predictions obtained
    Evaluating card 1/5: 7S
      Belief model score: 1.500
    Evaluating card 2/5: 8S
      Belief model score: 1.500
    Evaluating card 3/5: 8D
      Belief model score: 1.500
    Evaluating card 4/5: 10S
      Belief model score: 1.500
    Evaluating card 5/5: AD
      Belief model score: 1.500
    Belief model evaluation completed
    Best card: 7S (score: 1.500)
Player 1 plays 7S
  Player 2 (Belief Pro) choosing card:
    Remaining hand (5 cards): ['10D', 'JD', '10C', '7D', 'KC']
    Legal cards (5): ['10D', 'JD', '10C', '7D', 'KC']
    Current trick: 2 cards played
    Lead suit: H
    Trump suit: C
    Strategy: Belief Model Card Selection (NO HEURISTICS)
    Belief model predictions obtained
    Evaluating card 1/5: 10D
      Belief model score: 1.500
    Evaluating card 2/5: JD
      Belief model score: 3.500
    Evaluating card 3/5: 10C
      Belief model score: 6.000
    Evaluating card 4/5: 7D
      Belief model score: 1.500
    Evaluating card 5/5: KC
      Belief model score: 5.000
    Belief model evaluation completed
    Best card: 10C (score: 6.000)
Player 2 plays 10C
  Player 3 (Belief Champion) choosing card:
    Remaining hand (5 cards): ['QC', 'KD', '7C', 'QD', '9D']
    Legal cards (5): ['QC', 'KD', '7C', 'QD', '9D']
    Current trick: 3 cards played
    Lead suit: H
    Trump suit: C
    Strategy: Belief Model Card Selection (NO HEURISTICS)
    Belief model predictions obtained
    Evaluating card 1/5: QC
      Belief model score: 5.000
    Evaluating card 2/5: KD
      Belief model score: 0.500
    Evaluating card 3/5: 7C
      Belief model score: 6.000
    Evaluating card 4/5: QD
      Belief model score: 0.500
    Evaluating card 5/5: 9D
      Belief model score: 7.500
    Belief model evaluation completed
    Best card: 9D (score: 7.500)
Player 3 plays 9D
Player 2 won the hand: 4 points

  Player 0 (Belief Master) choosing card:
    Remaining hand (4 cards): ['KS', '8H', 'QS', 'AS']
    Legal cards (4): ['KS', '8H', 'QS', 'AS']
    Current trick: 0 cards played
    Trump suit: C
    Strategy: Belief Model Card Selection (NO HEURISTICS)
    Belief model predictions obtained
    Evaluating card 1/4: KS
      Belief model score: 0.000
    Evaluating card 2/4: 8H
      Belief model score: 1.000
    Evaluating card 3/4: QS
      Belief model score: 0.000
    Evaluating card 4/4: AS
      Belief model score: 1.000
    Belief model evaluation completed
    Best card: 8H (score: 1.000)
Player 0 plays 8H
  Player 1 (Belief Expert) choosing card:
    Remaining hand (4 cards): ['8S', '8D', '10S', 'AD']
    Legal cards (4): ['8S', '8D', '10S', 'AD']
    Current trick: 1 cards played
    Lead suit: H
    Trump suit: C
    Strategy: Belief Model Card Selection (NO HEURISTICS)
    Belief model predictions obtained
    Evaluating card 1/4: 8S
      Belief model score: 1.500
    Evaluating card 2/4: 8D
      Belief model score: 1.500
    Evaluating card 3/4: 10S
      Belief model score: 1.500
    Evaluating card 4/4: AD
      Belief model score: 1.500
    Belief model evaluation completed
    Best card: 8S (score: 1.500)
Player 1 plays 8S
  Player 2 (Belief Pro) choosing card:
    Remaining hand (4 cards): ['10D', 'JD', '7D', 'KC']
    Legal cards (4): ['10D', 'JD', '7D', 'KC']
    Current trick: 2 cards played
    Lead suit: H
    Trump suit: C
    Strategy: Belief Model Card Selection (NO HEURISTICS)
    Belief model predictions obtained
    Evaluating card 1/4: 10D
      Belief model score: 1.500
    Evaluating card 2/4: JD
      Belief model score: 3.500
    Evaluating card 3/4: 7D
      Belief model score: 1.500
    Evaluating card 4/4: KC
      Belief model score: 5.000
    Belief model evaluation completed
    Best card: KC (score: 5.000)
Player 2 plays KC
  Player 3 (Belief Champion) choosing card:
    Remaining hand (4 cards): ['QC', 'KD', '7C', 'QD']
    Legal cards (4): ['QC', 'KD', '7C', 'QD']
    Current trick: 3 cards played
    Lead suit: H
    Trump suit: C
    Strategy: Belief Model Card Selection (NO HEURISTICS)
    Belief model predictions obtained
    Evaluating card 1/4: QC
      Belief model score: 5.000
    Evaluating card 2/4: KD
      Belief model score: 0.500
    Evaluating card 3/4: 7C
      Belief model score: 6.000
    Evaluating card 4/4: QD
      Belief model score: 0.500
    Belief model evaluation completed
    Best card: 7C (score: 6.000)
Player 3 plays 7C
Player 2 won the hand: 0 points

  Player 0 (Belief Master) choosing card:
    Remaining hand (3 cards): ['KS', 'QS', 'AS']
    Legal cards (3): ['KS', 'QS', 'AS']
    Current trick: 0 cards played
    Trump suit: C
    Strategy: Belief Model Card Selection (NO HEURISTICS)
    Belief model predictions obtained
    Evaluating card 1/3: KS
      Belief model score: 6.000
    Evaluating card 2/3: QS
      Belief model score: 6.000
    Evaluating card 3/3: AS
      Belief model score: 7.000
    Belief model evaluation completed
    Best card: AS (score: 7.000)
Player 0 plays AS
  Player 1 (Belief Expert) choosing card:
    Remaining hand (3 cards): ['8D', '10S', 'AD']
    Legal cards (1): ['10S']
    Current trick: 1 cards played
    Lead suit: S
    Trump suit: C
    Strategy: Belief Model Card Selection (NO HEURISTICS)
    Belief model predictions obtained
    Evaluating card 1/1: 10S
      Belief model score: 8.000
    Belief model evaluation completed
    Best card: 10S (score: 8.000)
Player 1 plays 10S
  Player 2 (Belief Pro) choosing card:
    Remaining hand (3 cards): ['10D', 'JD', '7D']
    Legal cards (3): ['10D', 'JD', '7D']
    Current trick: 2 cards played
    Lead suit: S
    Trump suit: C
    Strategy: Belief Model Card Selection (NO HEURISTICS)
    Belief model predictions obtained
    Evaluating card 1/3: 10D
      Belief model score: 1.500
    Evaluating card 2/3: JD
      Belief model score: 3.500
    Evaluating card 3/3: 7D
      Belief model score: 1.500
    Belief model evaluation completed
    Best card: JD (score: 3.500)
Player 2 plays JD
  Player 3 (Belief Champion) choosing card:
    Remaining hand (3 cards): ['QC', 'KD', 'QD']
    Legal cards (3): ['QC', 'KD', 'QD']
    Current trick: 3 cards played
    Lead suit: S
    Trump suit: C
    Strategy: Belief Model Card Selection (NO HEURISTICS)
    Belief model predictions obtained
    Evaluating card 1/3: QC
      Belief model score: 5.000
    Evaluating card 2/3: KD
      Belief model score: 0.500
    Evaluating card 3/3: QD
      Belief model score: 0.500
    Belief model evaluation completed
    Best card: QC (score: 5.000)
Player 3 plays QC
Player 3 won the hand: 5 points

  Player 0 (Belief Master) choosing card:
    Remaining hand (2 cards): ['KS', 'QS']
    Legal cards (2): ['KS', 'QS']
    Current trick: 0 cards played
    Trump suit: C
    Strategy: Belief Model Card Selection (NO HEURISTICS)
    Belief model predictions obtained
    Evaluating card 1/2: KS
      Belief model score: 6.000
    Evaluating card 2/2: QS
      Belief model score: 6.000
    Belief model evaluation completed
    Best card: KS (score: 6.000)
Player 0 plays KS
  Player 1 (Belief Expert) choosing card:
    Remaining hand (2 cards): ['8D', 'AD']
    Legal cards (2): ['8D', 'AD']
    Current trick: 1 cards played
    Lead suit: S
    Trump suit: C
    Strategy: Belief Model Card Selection (NO HEURISTICS)
    Belief model predictions obtained
    Evaluating card 1/2: 8D
      Belief model score: 1.500
    Evaluating card 2/2: AD
      Belief model score: 1.500
    Belief model evaluation completed
    Best card: 8D (score: 1.500)
Player 1 plays 8D
  Player 2 (Belief Pro) choosing card:
    Remaining hand (2 cards): ['10D', '7D']
    Legal cards (2): ['10D', '7D']
    Current trick: 2 cards played
    Lead suit: S
    Trump suit: C
    Strategy: Belief Model Card Selection (NO HEURISTICS)
    Belief model predictions obtained
    Evaluating card 1/2: 10D
      Belief model score: 1.500
    Evaluating card 2/2: 7D
      Belief model score: 1.500
    Belief model evaluation completed
    Best card: 10D (score: 1.500)
Player 2 plays 10D
  Player 3 (Belief Champion) choosing card:
    Remaining hand (2 cards): ['KD', 'QD']
    Legal cards (2): ['KD', 'QD']
    Current trick: 3 cards played
    Lead suit: S
    Trump suit: C
    Strategy: Belief Model Card Selection (NO HEURISTICS)
    Belief model predictions obtained
    Evaluating card 1/2: KD
      Belief model score: 0.500
    Evaluating card 2/2: QD
      Belief model score: 0.500
    Belief model evaluation completed
    Best card: KD (score: 0.500)
Player 3 plays KD
Player 0 won the hand: 1 points

  Player 0 (Belief Master) choosing card:
    Remaining hand (1 cards): ['QS']
    Legal cards (1): ['QS']
    Current trick: 0 cards played
    Trump suit: C
    Strategy: Belief Model Card Selection (NO HEURISTICS)
    Belief model predictions obtained
    Evaluating card 1/1: QS
      Belief model score: 6.000
    Belief model evaluation completed
    Best card: QS (score: 6.000)
Player 0 plays QS
  Player 1 (Belief Expert) choosing card:
    Remaining hand (1 cards): ['AD']
    Legal cards (1): ['AD']
    Current trick: 1 cards played
    Lead suit: S
    Trump suit: C
    Strategy: Belief Model Card Selection (NO HEURISTICS)
    Belief model predictions obtained
    Evaluating card 1/1: AD
      Belief model score: 1.500
    Belief model evaluation completed
    Best card: AD (score: 1.500)
Player 1 plays AD
  Player 2 (Belief Pro) choosing card:
    Remaining hand (1 cards): ['7D']
    Legal cards (1): ['7D']
    Current trick: 2 cards played
    Lead suit: S
    Trump suit: C
    Strategy: Belief Model Card Selection (NO HEURISTICS)
    Belief model predictions obtained
    Evaluating card 1/1: 7D
      Belief model score: 1.500
    Belief model evaluation completed
    Best card: 7D (score: 1.500)
Player 2 plays 7D
  Player 3 (Belief Champion) choosing card:
    Remaining hand (1 cards): ['QD']
    Legal cards (1): ['QD']
    Current trick: 3 cards played
    Lead suit: S
    Trump suit: C
    Strategy: Belief Model Card Selection (NO HEURISTICS)
    Belief model predictions obtained
    Evaluating card 1/1: QD
      Belief model score: 0.500
    Belief model evaluation completed
    Best card: QD (score: 0.500)
Player 3 plays QD
Player 0 won the hand: 1 points

=== GAME SUMMARY ===
Team A (Players 0 & 2): 17 points
Team B (Players 1 & 3): 11 points
Bidder: Player 3 (Team B)
Winning Bid: 16
Bid Success: NO
Game Winner: Team B (Players 1 & 3)
Total Tricks: 8