
===== GAME 7 (20250825_102502_550) =====
Player 0 initial hand (bidding): ['KD', '7D', 'AD', 'AH']
Player 1 initial hand (bidding): ['10S', '8D', '8S', '10D']
Player 2 initial hand (bidding): ['7H', '9C', 'KC', 'JD']
Player 3 initial hand (bidding): ['10H', 'JS', '7S', '8H']

  Player 0 (Belief Master) analyzing bid:
    Bidding hand (first 4): ['KD', '7D', 'AD', 'AH']
    Hand strength: 0.071
    Current bid: 16
    Point prediction: -0.0 points
    Belief model: Opponent hand probabilities calculated
    Strategy: Belief Model Bidding (NO HEURISTICS)
    Belief model predictions obtained
    Pass evaluation score: 0.000
    Bid 17 evaluation score: -0.833
    Bid 18 evaluation score: -0.833
    Bid 19 evaluation score: -0.833
    Best decision: PASS (score: 0.000)
Pass: Player 0 (min_allowed=17)
  Player 1 (Belief Expert) analyzing bid:
    Bidding hand (first 4): ['10S', '8D', '8S', '10D']
    Hand strength: 0.071
    Current bid: 16
    Point prediction: -0.0 points
    Belief model: Opponent hand probabilities calculated
    Strategy: Belief Model Bidding (NO HEURISTICS)
    Belief model predictions obtained
    Pass evaluation score: 0.000
    Bid 17 evaluation score: -0.834
    Bid 18 evaluation score: -0.834
    Bid 19 evaluation score: -0.834
    Best decision: PASS (score: 0.000)
Pass: Player 1 (min_allowed=17)
  Player 2 (Belief Pro) analyzing bid:
    Bidding hand (first 4): ['7H', '9C', 'KC', 'JD']
    Hand strength: 0.179
    Current bid: 16
    Point prediction: -0.0 points
    Belief model: Opponent hand probabilities calculated
    Strategy: Belief Model Bidding (NO HEURISTICS)
    Belief model predictions obtained
    Pass evaluation score: 0.000
    Bid 17 evaluation score: -0.833
    Bid 18 evaluation score: -0.833
    Bid 19 evaluation score: -0.833
    Best decision: PASS (score: 0.000)
Pass: Player 2 (min_allowed=17)
Auction winner: Player 3 with bid 16
    Strategy: Belief-based trump selection
    Selected trump: S (score: 4.30)
Bidder sets concealed trump suit: S
Phase: concealed, bidder concealed card: [face-down trump]

Full hands (8 cards each):
Player 0 full hand: ['KD', '7D', 'AD', 'AH', 'JH', '9S', 'JC', 'QH']
Player 1 full hand: ['10S', '8D', '8S', '10D', '7C', 'QD', 'AS', 'AC']
Player 2 full hand: ['7H', '9C', 'KC', 'JD', '9H', 'KH', '8C', 'KS']
Player 3 full hand: ['10H', '7S', '8H', 'QC', 'QS', '9D', '10C']

  Player 0 (Belief Master) choosing card:
    Remaining hand (8 cards): ['KD', '7D', 'AD', 'AH', 'JH', '9S', 'JC', 'QH']
    Legal cards (7): ['KD', '7D', 'AD', 'AH', 'JH', 'JC', 'QH']
    Current trick: 0 cards played
    Trump suit: S
    Strategy: Belief Model Card Selection (NO HEURISTICS)
    Belief model predictions obtained
    Evaluating card 1/7: KD
      Belief model score: 1.000
    Evaluating card 2/7: 7D
      Belief model score: 1.000
    Evaluating card 3/7: AD
      Belief model score: 2.000
    Evaluating card 4/7: AH
      Belief model score: 2.000
    Evaluating card 5/7: JH
      Belief model score: 3.000
    Evaluating card 6/7: JC
      Belief model score: 3.000
    Evaluating card 7/7: QH
      Belief model score: 0.000
    Belief model evaluation completed
    Best card: JH (score: 3.000)
Player 0 plays JH
  Player 1 (Belief Expert) choosing card:
    Remaining hand (8 cards): ['10S', '8D', '8S', '10D', '7C', 'QD', 'AS', 'AC']
    Legal cards (8): ['10S', '8D', '8S', '10D', '7C', 'QD', 'AS', 'AC']
    Current trick: 1 cards played
    Lead suit: H
    Trump suit: S
    Strategy: Belief Model Card Selection (NO HEURISTICS)
    Belief model predictions obtained
    Evaluating card 1/8: 10S
      Belief model score: 4.000
    Evaluating card 2/8: 8D
      Belief model score: 1.500
    Evaluating card 3/8: 8S
      Belief model score: 4.000
    Evaluating card 4/8: 10D
      Belief model score: 1.500
    Evaluating card 5/8: 7C
      Belief model score: 1.500
    Evaluating card 6/8: QD
      Belief model score: 0.500
    Evaluating card 7/8: AS
      Belief model score: 5.000
    Evaluating card 8/8: AC
      Belief model score: 2.500
    Belief model evaluation completed
    Best card: AS (score: 5.000)
-- Phase 2 begins: Trump revealed as S by Player 1 on trick 1 --
Player 1 plays AS
  Player 2 (Belief Pro) choosing card:
    Remaining hand (8 cards): ['7H', '9C', 'KC', 'JD', '9H', 'KH', '8C', 'KS']
    Legal cards (3): ['7H', '9H', 'KH']
    Current trick: 2 cards played
    Lead suit: H
    Trump suit: S
    Strategy: Belief Model Card Selection (NO HEURISTICS)
    Belief model predictions obtained
    Evaluating card 1/3: 7H
      Belief model score: 2.000
    Evaluating card 2/3: 9H
      Belief model score: 4.000
    Evaluating card 3/3: KH
      Belief model score: 1.000
    Belief model evaluation completed
    Best card: 9H (score: 4.000)
Player 2 plays 9H
  Player 3 (Belief Champion) choosing card:
    Remaining hand (8 cards): ['10H', '7S', '8H', 'QC', 'QS', '9D', '10C', 'JS']
    Legal cards (2): ['10H', '8H']
    Current trick: 3 cards played
    Lead suit: H
    Trump suit: S
    Strategy: Belief Model Card Selection (NO HEURISTICS)
    Belief model predictions obtained
    Evaluating card 1/2: 10H
      Belief model score: 2.000
    Evaluating card 2/2: 8H
      Belief model score: 2.000
    Belief model evaluation completed
    Best card: 10H (score: 2.000)
Player 3 plays 10H
Player 1 won the hand: 7 points

  Player 0 (Belief Master) choosing card:
    Remaining hand (7 cards): ['KD', '7D', 'AD', 'AH', '9S', 'JC', 'QH']
    Legal cards (7): ['KD', '7D', 'AD', 'AH', '9S', 'JC', 'QH']
    Current trick: 0 cards played
    Trump suit: S
    Strategy: Belief Model Card Selection (NO HEURISTICS)
    Belief model predictions obtained
    Evaluating card 1/7: KD
      Belief model score: 0.000
    Evaluating card 2/7: 7D
      Belief model score: 1.000
    Evaluating card 3/7: AD
      Belief model score: 1.000
    Evaluating card 4/7: AH
      Belief model score: 1.000
    Evaluating card 5/7: 9S
      Belief model score: 5.000
    Evaluating card 6/7: JC
      Belief model score: 3.000
    Evaluating card 7/7: QH
      Belief model score: 0.000
    Belief model evaluation completed
    Best card: 9S (score: 5.000)
Player 0 plays 9S
  Player 1 (Belief Expert) choosing card:
    Remaining hand (7 cards): ['10S', '8D', '8S', '10D', '7C', 'QD', 'AC']
    Legal cards (2): ['10S', '8S']
    Current trick: 1 cards played
    Lead suit: S
    Trump suit: S
    Strategy: Belief Model Card Selection (NO HEURISTICS)
    Belief model predictions obtained
    Evaluating card 1/2: 10S
      Belief model score: 4.000
    Evaluating card 2/2: 8S
      Belief model score: 4.000
    Belief model evaluation completed
    Best card: 10S (score: 4.000)
Player 1 plays 10S
  Player 2 (Belief Pro) choosing card:
    Remaining hand (7 cards): ['7H', '9C', 'KC', 'JD', 'KH', '8C', 'KS']
    Legal cards (1): ['KS']
    Current trick: 2 cards played
    Lead suit: S
    Trump suit: S
    Strategy: Belief Model Card Selection (NO HEURISTICS)
    Belief model predictions obtained
    Evaluating card 1/1: KS
      Belief model score: 3.000
    Belief model evaluation completed
    Best card: KS (score: 3.000)
Player 2 plays KS
  Player 3 (Belief Champion) choosing card:
    Remaining hand (7 cards): ['7S', '8H', 'QC', 'QS', '9D', '10C', 'JS']
    Legal cards (3): ['7S', 'QS', 'JS']
    Current trick: 3 cards played
    Lead suit: S
    Trump suit: S
    Strategy: Belief Model Card Selection (NO HEURISTICS)
    Belief model predictions obtained
    Evaluating card 1/3: 7S
      Belief model score: 4.000
    Evaluating card 2/3: QS
      Belief model score: 3.000
    Evaluating card 3/3: JS
      Belief model score: 14.000
    Belief model evaluation completed
    Best card: JS (score: 14.000)
Player 3 plays JS
Player 3 won the hand: 6 points

  Player 0 (Belief Master) choosing card:
    Remaining hand (6 cards): ['KD', '7D', 'AD', 'AH', 'JC', 'QH']
    Legal cards (6): ['KD', '7D', 'AD', 'AH', 'JC', 'QH']
    Current trick: 0 cards played
    Trump suit: S
    Strategy: Belief Model Card Selection (NO HEURISTICS)
    Belief model predictions obtained
    Evaluating card 1/6: KD
      Belief model score: 0.000
    Evaluating card 2/6: 7D
      Belief model score: 1.000
    Evaluating card 3/6: AD
      Belief model score: 1.000
    Evaluating card 4/6: AH
      Belief model score: 1.000
    Evaluating card 5/6: JC
      Belief model score: 3.000
    Evaluating card 6/6: QH
      Belief model score: 0.000
    Belief model evaluation completed
    Best card: JC (score: 3.000)
Player 0 plays JC
  Player 1 (Belief Expert) choosing card:
    Remaining hand (6 cards): ['8D', '8S', '10D', '7C', 'QD', 'AC']
    Legal cards (2): ['7C', 'AC']
    Current trick: 1 cards played
    Lead suit: C
    Trump suit: S
    Strategy: Belief Model Card Selection (NO HEURISTICS)
    Belief model predictions obtained
    Evaluating card 1/2: 7C
      Belief model score: 2.000
    Evaluating card 2/2: AC
      Belief model score: 2.000
    Belief model evaluation completed
    Best card: 7C (score: 2.000)
Player 1 plays 7C
  Player 2 (Belief Pro) choosing card:
    Remaining hand (6 cards): ['7H', '9C', 'KC', 'JD', 'KH', '8C']
    Legal cards (3): ['9C', 'KC', '8C']
    Current trick: 2 cards played
    Lead suit: C
    Trump suit: S
    Strategy: Belief Model Card Selection (NO HEURISTICS)
    Belief model predictions obtained
    Evaluating card 1/3: 9C
      Belief model score: 4.000
    Evaluating card 2/3: KC
      Belief model score: 1.000
    Evaluating card 3/3: 8C
      Belief model score: 2.000
    Belief model evaluation completed
    Best card: 9C (score: 4.000)
Player 2 plays 9C
  Player 3 (Belief Champion) choosing card:
    Remaining hand (6 cards): ['7S', '8H', 'QC', 'QS', '9D', '10C']
    Legal cards (2): ['QC', '10C']
    Current trick: 3 cards played
    Lead suit: C
    Trump suit: S
    Strategy: Belief Model Card Selection (NO HEURISTICS)
    Belief model predictions obtained
    Evaluating card 1/2: QC
      Belief model score: 1.000
    Evaluating card 2/2: 10C
      Belief model score: 2.000
    Belief model evaluation completed
    Best card: 10C (score: 2.000)
Player 3 plays 10C
Player 0 won the hand: 6 points

  Player 0 (Belief Master) choosing card:
    Remaining hand (5 cards): ['KD', '7D', 'AD', 'AH', 'QH']
    Legal cards (5): ['KD', '7D', 'AD', 'AH', 'QH']
    Current trick: 0 cards played
    Trump suit: S
    Strategy: Belief Model Card Selection (NO HEURISTICS)
    Belief model predictions obtained
    Evaluating card 1/5: KD
      Belief model score: 0.000
    Evaluating card 2/5: 7D
      Belief model score: 1.000
    Evaluating card 3/5: AD
      Belief model score: 1.000
    Evaluating card 4/5: AH
      Belief model score: 1.000
    Evaluating card 5/5: QH
      Belief model score: 0.000
    Belief model evaluation completed
    Best card: 7D (score: 1.000)
Player 0 plays 7D
  Player 1 (Belief Expert) choosing card:
    Remaining hand (5 cards): ['8D', '8S', '10D', 'QD', 'AC']
    Legal cards (3): ['8D', '10D', 'QD']
    Current trick: 1 cards played
    Lead suit: D
    Trump suit: S
    Strategy: Belief Model Card Selection (NO HEURISTICS)
    Belief model predictions obtained
    Evaluating card 1/3: 8D
      Belief model score: 2.000
    Evaluating card 2/3: 10D
      Belief model score: 6.000
    Evaluating card 3/3: QD
      Belief model score: 1.000
    Belief model evaluation completed
    Best card: 10D (score: 6.000)
Player 1 plays 10D
  Player 2 (Belief Pro) choosing card:
    Remaining hand (5 cards): ['7H', 'KC', 'JD', 'KH', '8C']
    Legal cards (1): ['JD']
    Current trick: 2 cards played
    Lead suit: D
    Trump suit: S
    Strategy: Belief Model Card Selection (NO HEURISTICS)
    Belief model predictions obtained
    Evaluating card 1/1: JD
      Belief model score: 8.000
    Belief model evaluation completed
    Best card: JD (score: 8.000)
Player 2 plays JD
  Player 3 (Belief Champion) choosing card:
    Remaining hand (5 cards): ['7S', '8H', 'QC', 'QS', '9D']
    Legal cards (1): ['9D']
    Current trick: 3 cards played
    Lead suit: D
    Trump suit: S
    Strategy: Belief Model Card Selection (NO HEURISTICS)
    Belief model predictions obtained
    Evaluating card 1/1: 9D
      Belief model score: 4.000
    Belief model evaluation completed
    Best card: 9D (score: 4.000)
Player 3 plays 9D
Player 2 won the hand: 6 points

  Player 0 (Belief Master) choosing card:
    Remaining hand (4 cards): ['KD', 'AD', 'AH', 'QH']
    Legal cards (4): ['KD', 'AD', 'AH', 'QH']
    Current trick: 0 cards played
    Trump suit: S
    Strategy: Belief Model Card Selection (NO HEURISTICS)
    Belief model predictions obtained
    Evaluating card 1/4: KD
      Belief model score: 0.000
    Evaluating card 2/4: AD
      Belief model score: 1.000
    Evaluating card 3/4: AH
      Belief model score: 1.000
    Evaluating card 4/4: QH
      Belief model score: 0.000
    Belief model evaluation completed
    Best card: AD (score: 1.000)
Player 0 plays AD
  Player 1 (Belief Expert) choosing card:
    Remaining hand (4 cards): ['8D', '8S', 'QD', 'AC']
    Legal cards (2): ['8D', 'QD']
    Current trick: 1 cards played
    Lead suit: D
    Trump suit: S
    Strategy: Belief Model Card Selection (NO HEURISTICS)
    Belief model predictions obtained
    Evaluating card 1/2: 8D
      Belief model score: 2.000
    Evaluating card 2/2: QD
      Belief model score: 1.000
    Belief model evaluation completed
    Best card: 8D (score: 2.000)
Player 1 plays 8D
  Player 2 (Belief Pro) choosing card:
    Remaining hand (4 cards): ['7H', 'KC', 'KH', '8C']
    Legal cards (4): ['7H', 'KC', 'KH', '8C']
    Current trick: 2 cards played
    Lead suit: D
    Trump suit: S
    Strategy: Belief Model Card Selection (NO HEURISTICS)
    Belief model predictions obtained
    Evaluating card 1/4: 7H
      Belief model score: 1.500
    Evaluating card 2/4: KC
      Belief model score: 0.500
    Evaluating card 3/4: KH
      Belief model score: 0.500
    Evaluating card 4/4: 8C
      Belief model score: 1.500
    Belief model evaluation completed
    Best card: 7H (score: 1.500)
Player 2 plays 7H
  Player 3 (Belief Champion) choosing card:
    Remaining hand (4 cards): ['7S', '8H', 'QC', 'QS']
    Legal cards (4): ['7S', '8H', 'QC', 'QS']
    Current trick: 3 cards played
    Lead suit: D
    Trump suit: S
    Strategy: Belief Model Card Selection (NO HEURISTICS)
    Belief model predictions obtained
    Evaluating card 1/4: 7S
      Belief model score: 6.000
    Evaluating card 2/4: 8H
      Belief model score: 1.500
    Evaluating card 3/4: QC
      Belief model score: 0.500
    Evaluating card 4/4: QS
      Belief model score: 5.000
    Belief model evaluation completed
    Best card: 7S (score: 6.000)
Player 3 plays 7S
Player 3 won the hand: 1 points

  Player 0 (Belief Master) choosing card:
    Remaining hand (3 cards): ['KD', 'AH', 'QH']
    Legal cards (3): ['KD', 'AH', 'QH']
    Current trick: 0 cards played
    Trump suit: S
    Strategy: Belief Model Card Selection (NO HEURISTICS)
    Belief model predictions obtained
    Evaluating card 1/3: KD
      Belief model score: 0.000
    Evaluating card 2/3: AH
      Belief model score: 1.000
    Evaluating card 3/3: QH
      Belief model score: 0.000
    Belief model evaluation completed
    Best card: AH (score: 1.000)
Player 0 plays AH
  Player 1 (Belief Expert) choosing card:
    Remaining hand (3 cards): ['8S', 'QD', 'AC']
    Legal cards (3): ['8S', 'QD', 'AC']
    Current trick: 1 cards played
    Lead suit: H
    Trump suit: S
    Strategy: Belief Model Card Selection (NO HEURISTICS)
    Belief model predictions obtained
    Evaluating card 1/3: 8S
      Belief model score: 6.000
    Evaluating card 2/3: QD
      Belief model score: 0.500
    Evaluating card 3/3: AC
      Belief model score: 1.500
    Belief model evaluation completed
    Best card: 8S (score: 6.000)
Player 1 plays 8S
  Player 2 (Belief Pro) choosing card:
    Remaining hand (3 cards): ['KC', 'KH', '8C']
    Legal cards (1): ['KH']
    Current trick: 2 cards played
    Lead suit: H
    Trump suit: S
    Strategy: Belief Model Card Selection (NO HEURISTICS)
    Belief model predictions obtained
    Evaluating card 1/1: KH
      Belief model score: 1.000
    Belief model evaluation completed
    Best card: KH (score: 1.000)
Player 2 plays KH
  Player 3 (Belief Champion) choosing card:
    Remaining hand (3 cards): ['8H', 'QC', 'QS']
    Legal cards (1): ['8H']
    Current trick: 3 cards played
    Lead suit: H
    Trump suit: S
    Strategy: Belief Model Card Selection (NO HEURISTICS)
    Belief model predictions obtained
    Evaluating card 1/1: 8H
      Belief model score: 2.000
    Belief model evaluation completed
    Best card: 8H (score: 2.000)
Player 3 plays 8H
Player 1 won the hand: 1 points

  Player 0 (Belief Master) choosing card:
    Remaining hand (2 cards): ['KD', 'QH']
    Legal cards (2): ['KD', 'QH']
    Current trick: 0 cards played
    Trump suit: S
    Strategy: Belief Model Card Selection (NO HEURISTICS)
    Belief model predictions obtained
    Evaluating card 1/2: KD
      Belief model score: 0.000
    Evaluating card 2/2: QH
      Belief model score: 0.000
    Belief model evaluation completed
    Best card: KD (score: 0.000)
Player 0 plays KD
  Player 1 (Belief Expert) choosing card:
    Remaining hand (2 cards): ['QD', 'AC']
    Legal cards (1): ['QD']
    Current trick: 1 cards played
    Lead suit: D
    Trump suit: S
    Strategy: Belief Model Card Selection (NO HEURISTICS)
    Belief model predictions obtained
    Evaluating card 1/1: QD
      Belief model score: 1.000
    Belief model evaluation completed
    Best card: QD (score: 1.000)
Player 1 plays QD
  Player 2 (Belief Pro) choosing card:
    Remaining hand (2 cards): ['KC', '8C']
    Legal cards (2): ['KC', '8C']
    Current trick: 2 cards played
    Lead suit: D
    Trump suit: S
    Strategy: Belief Model Card Selection (NO HEURISTICS)
    Belief model predictions obtained
    Evaluating card 1/2: KC
      Belief model score: 0.500
    Evaluating card 2/2: 8C
      Belief model score: 1.500
    Belief model evaluation completed
    Best card: 8C (score: 1.500)
Player 2 plays 8C
  Player 3 (Belief Champion) choosing card:
    Remaining hand (2 cards): ['QC', 'QS']
    Legal cards (2): ['QC', 'QS']
    Current trick: 3 cards played
    Lead suit: D
    Trump suit: S
    Strategy: Belief Model Card Selection (NO HEURISTICS)
    Belief model predictions obtained
    Evaluating card 1/2: QC
      Belief model score: 0.500
    Evaluating card 2/2: QS
      Belief model score: 11.000
    Belief model evaluation completed
    Best card: QS (score: 11.000)
Player 3 plays QS
Player 3 won the hand: 0 points

  Player 0 (Belief Master) choosing card:
    Remaining hand (1 cards): ['QH']
    Legal cards (1): ['QH']
    Current trick: 0 cards played
    Trump suit: S
    Strategy: Belief Model Card Selection (NO HEURISTICS)
    Belief model predictions obtained
    Evaluating card 1/1: QH
      Belief model score: 0.000
    Belief model evaluation completed
    Best card: QH (score: 0.000)
Player 0 plays QH
  Player 1 (Belief Expert) choosing card:
    Remaining hand (1 cards): ['AC']
    Legal cards (1): ['AC']
    Current trick: 1 cards played
    Lead suit: H
    Trump suit: S
    Strategy: Belief Model Card Selection (NO HEURISTICS)
    Belief model predictions obtained
    Evaluating card 1/1: AC
      Belief model score: 7.500
    Belief model evaluation completed
    Best card: AC (score: 7.500)
Player 1 plays AC
  Player 2 (Belief Pro) choosing card:
    Remaining hand (1 cards): ['KC']
    Legal cards (1): ['KC']
    Current trick: 2 cards played
    Lead suit: H
    Trump suit: S
    Strategy: Belief Model Card Selection (NO HEURISTICS)
    Belief model predictions obtained
    Evaluating card 1/1: KC
      Belief model score: 6.500
    Belief model evaluation completed
    Best card: KC (score: 6.500)
Player 2 plays KC
  Player 3 (Belief Champion) choosing card:
    Remaining hand (1 cards): ['QC']
    Legal cards (1): ['QC']
    Current trick: 3 cards played
    Lead suit: H
    Trump suit: S
    Strategy: Belief Model Card Selection (NO HEURISTICS)
    Belief model predictions obtained
    Evaluating card 1/1: QC
      Belief model score: 6.500
    Belief model evaluation completed
    Best card: QC (score: 6.500)
Player 3 plays QC
Player 0 won the hand: 1 points

=== GAME SUMMARY ===
Team A (Players 0 & 2): 13 points
Team B (Players 1 & 3): 15 points
Bidder: Player 3 (Team B)
Winning Bid: 16
Bid Success: NO
Game Winner: Team B (Players 1 & 3)
Total Tricks: 8