
===== GAME 1 (20250825_102457_914) =====
Player 0 initial hand (bidding): ['9S', '10H', 'AH', 'QD']
Player 1 initial hand (bidding): ['QH', 'AS', '8H', 'JD']
Player 2 initial hand (bidding): ['10D', 'KS', 'AD', '9C']
Player 3 initial hand (bidding): ['KC', 'AC', 'JS', '7S']

  Player 0 (Belief Master) analyzing bid:
    Bidding hand (first 4): ['9S', '10H', 'AH', 'QD']
    Hand strength: 0.143
    Current bid: 16
    Point prediction: -0.0 points
    Belief model: Opponent hand probabilities calculated
    Strategy: Belief Model Bidding (NO HEURISTICS)
    Belief model predictions obtained
    Pass evaluation score: 0.000
    Bid 17 evaluation score: -0.831
    Bid 18 evaluation score: -0.831
    Bid 19 evaluation score: -0.831
    Best decision: PASS (score: 0.000)
Pass: Player 0 (min_allowed=17)
  Player 1 (Belief Expert) analyzing bid:
    Bidding hand (first 4): ['QH', 'AS', '8H', 'JD']
    Hand strength: 0.143
    Current bid: 16
    Point prediction: -0.0 points
    Belief model: Opponent hand probabilities calculated
    Strategy: Belief Model Bidding (NO HEURISTICS)
    Belief model predictions obtained
    Pass evaluation score: 0.000
    Bid 17 evaluation score: -0.830
    Bid 18 evaluation score: -0.830
    Bid 19 evaluation score: -0.830
    Best decision: PASS (score: 0.000)
Pass: Player 1 (min_allowed=17)
  Player 2 (Belief Pro) analyzing bid:
    Bidding hand (first 4): ['10D', 'KS', 'AD', '9C']
    Hand strength: 0.143
    Current bid: 16
    Point prediction: -0.0 points
    Belief model: Opponent hand probabilities calculated
    Strategy: Belief Model Bidding (NO HEURISTICS)
    Belief model predictions obtained
    Pass evaluation score: 0.000
    Bid 17 evaluation score: -0.831
    Bid 18 evaluation score: -0.831
    Bid 19 evaluation score: -0.831
    Best decision: PASS (score: 0.000)
Pass: Player 2 (min_allowed=17)
Auction winner: Player 3 with bid 16
    Strategy: Belief-based trump selection
    Selected trump: S (score: 4.30)
Bidder sets concealed trump suit: S
Phase: concealed, bidder concealed card: [face-down trump]

Full hands (8 cards each):
Player 0 full hand: ['9S', '10H', 'AH', 'QD', 'JH', '7C', 'QC', 'KD']
Player 1 full hand: ['QH', 'AS', '8H', 'JD', '8C', '9H', 'JC', 'QS']
Player 2 full hand: ['10D', 'KS', 'AD', '9C', '7H', '8D', '7D', 'KH']
Player 3 full hand: ['KC', 'AC', '7S', '9D', '8S', '10S', '10C']

  Player 0 (Belief Master) choosing card:
    Remaining hand (8 cards): ['9S', '10H', 'AH', 'QD', 'JH', '7C', 'QC', 'KD']
    Legal cards (7): ['10H', 'AH', 'QD', 'JH', '7C', 'QC', 'KD']
    Current trick: 0 cards played
    Trump suit: S
    Strategy: Belief Model Card Selection (NO HEURISTICS)
    Belief model predictions obtained
    Evaluating card 1/7: 10H
      Belief model score: 1.000
    Evaluating card 2/7: AH
      Belief model score: 2.000
    Evaluating card 3/7: QD
      Belief model score: 0.000
    Evaluating card 4/7: JH
      Belief model score: 3.000
    Evaluating card 5/7: 7C
      Belief model score: 1.000
    Evaluating card 6/7: QC
      Belief model score: 0.000
    Evaluating card 7/7: KD
      Belief model score: 1.000
    Belief model evaluation completed
    Best card: JH (score: 3.000)
Player 0 plays JH
  Player 1 (Belief Expert) choosing card:
    Remaining hand (8 cards): ['QH', 'AS', '8H', 'JD', '8C', '9H', 'JC', 'QS']
    Legal cards (3): ['QH', '8H', '9H']
    Current trick: 1 cards played
    Lead suit: H
    Trump suit: S
    Strategy: Belief Model Card Selection (NO HEURISTICS)
    Belief model predictions obtained
    Evaluating card 1/3: QH
      Belief model score: 1.000
    Evaluating card 2/3: 8H
      Belief model score: 2.000
    Evaluating card 3/3: 9H
      Belief model score: 4.000
    Belief model evaluation completed
    Best card: 9H (score: 4.000)
Player 1 plays 9H
  Player 2 (Belief Pro) choosing card:
    Remaining hand (8 cards): ['10D', 'KS', 'AD', '9C', '7H', '8D', '7D', 'KH']
    Legal cards (2): ['7H', 'KH']
    Current trick: 2 cards played
    Lead suit: H
    Trump suit: S
    Strategy: Belief Model Card Selection (NO HEURISTICS)
    Belief model predictions obtained
    Evaluating card 1/2: 7H
      Belief model score: 2.000
    Evaluating card 2/2: KH
      Belief model score: 2.000
    Belief model evaluation completed
    Best card: 7H (score: 2.000)
Player 2 plays 7H
  Player 3 (Belief Champion) choosing card:
    Remaining hand (7 cards): ['KC', 'AC', '7S', '9D', '8S', '10S', '10C']
    Legal cards (7): ['KC', 'AC', '7S', '9D', '8S', '10S', '10C']
    Current trick: 3 cards played
    Lead suit: H
    Trump suit: S
    Strategy: Belief Model Card Selection (NO HEURISTICS)
    Belief model predictions obtained
    Evaluating card 1/7: KC
      Belief model score: 1.500
    Evaluating card 2/7: AC
      Belief model score: 2.500
    Evaluating card 3/7: 7S
      Belief model score: 4.000
    Evaluating card 4/7: 9D
      Belief model score: 3.500
    Evaluating card 5/7: 8S
      Belief model score: 4.000
    Evaluating card 6/7: 10S
      Belief model score: 4.000
    Evaluating card 7/7: 10C
      Belief model score: 1.500
    Belief model evaluation completed
    Best card: 7S (score: 4.000)
-- Phase 2 begins: Trump revealed as S by Player 3 on trick 1 --
Player 3 plays 7S
Player 3 won the hand: 5 points

  Player 0 (Belief Master) choosing card:
    Remaining hand (7 cards): ['9S', '10H', 'AH', 'QD', '7C', 'QC', 'KD']
    Legal cards (7): ['9S', '10H', 'AH', 'QD', '7C', 'QC', 'KD']
    Current trick: 0 cards played
    Trump suit: S
    Strategy: Belief Model Card Selection (NO HEURISTICS)
    Belief model predictions obtained
    Evaluating card 1/7: 9S
      Belief model score: 5.000
    Evaluating card 2/7: 10H
      Belief model score: 1.000
    Evaluating card 3/7: AH
      Belief model score: 1.000
    Evaluating card 4/7: QD
      Belief model score: 0.000
    Evaluating card 5/7: 7C
      Belief model score: 1.000
    Evaluating card 6/7: QC
      Belief model score: 0.000
    Evaluating card 7/7: KD
      Belief model score: 0.000
    Belief model evaluation completed
    Best card: 9S (score: 5.000)
Player 0 plays 9S
  Player 1 (Belief Expert) choosing card:
    Remaining hand (7 cards): ['QH', 'AS', '8H', 'JD', '8C', 'JC', 'QS']
    Legal cards (2): ['AS', 'QS']
    Current trick: 1 cards played
    Lead suit: S
    Trump suit: S
    Strategy: Belief Model Card Selection (NO HEURISTICS)
    Belief model predictions obtained
    Evaluating card 1/2: AS
      Belief model score: 4.000
    Evaluating card 2/2: QS
      Belief model score: 3.000
    Belief model evaluation completed
    Best card: AS (score: 4.000)
Player 1 plays AS
  Player 2 (Belief Pro) choosing card:
    Remaining hand (7 cards): ['10D', 'KS', 'AD', '9C', '8D', '7D', 'KH']
    Legal cards (1): ['KS']
    Current trick: 2 cards played
    Lead suit: S
    Trump suit: S
    Strategy: Belief Model Card Selection (NO HEURISTICS)
    Belief model predictions obtained
    Evaluating card 1/1: KS
      Belief model score: 3.000
    Belief model evaluation completed
    Best card: KS (score: 3.000)
Player 2 plays KS
  Player 3 (Belief Champion) choosing card:
    Remaining hand (7 cards): ['KC', 'AC', '9D', '8S', '10S', '10C', 'JS']
    Legal cards (3): ['8S', '10S', 'JS']
    Current trick: 3 cards played
    Lead suit: S
    Trump suit: S
    Strategy: Belief Model Card Selection (NO HEURISTICS)
    Belief model predictions obtained
    Evaluating card 1/3: 8S
      Belief model score: 4.000
    Evaluating card 2/3: 10S
      Belief model score: 4.000
    Evaluating card 3/3: JS
      Belief model score: 14.000
    Belief model evaluation completed
    Best card: JS (score: 14.000)
Player 3 plays JS
Player 3 won the hand: 6 points

  Player 0 (Belief Master) choosing card:
    Remaining hand (6 cards): ['10H', 'AH', 'QD', '7C', 'QC', 'KD']
    Legal cards (6): ['10H', 'AH', 'QD', '7C', 'QC', 'KD']
    Current trick: 0 cards played
    Trump suit: S
    Strategy: Belief Model Card Selection (NO HEURISTICS)
    Belief model predictions obtained
    Evaluating card 1/6: 10H
      Belief model score: 1.000
    Evaluating card 2/6: AH
      Belief model score: 1.000
    Evaluating card 3/6: QD
      Belief model score: 0.000
    Evaluating card 4/6: 7C
      Belief model score: 1.000
    Evaluating card 5/6: QC
      Belief model score: 0.000
    Evaluating card 6/6: KD
      Belief model score: 0.000
    Belief model evaluation completed
    Best card: 10H (score: 1.000)
Player 0 plays 10H
  Player 1 (Belief Expert) choosing card:
    Remaining hand (6 cards): ['QH', '8H', 'JD', '8C', 'JC', 'QS']
    Legal cards (2): ['QH', '8H']
    Current trick: 1 cards played
    Lead suit: H
    Trump suit: S
    Strategy: Belief Model Card Selection (NO HEURISTICS)
    Belief model predictions obtained
    Evaluating card 1/2: QH
      Belief model score: 1.000
    Evaluating card 2/2: 8H
      Belief model score: 2.000
    Belief model evaluation completed
    Best card: 8H (score: 2.000)
Player 1 plays 8H
  Player 2 (Belief Pro) choosing card:
    Remaining hand (6 cards): ['10D', 'AD', '9C', '8D', '7D', 'KH']
    Legal cards (1): ['KH']
    Current trick: 2 cards played
    Lead suit: H
    Trump suit: S
    Strategy: Belief Model Card Selection (NO HEURISTICS)
    Belief model predictions obtained
    Evaluating card 1/1: KH
      Belief model score: 1.000
    Belief model evaluation completed
    Best card: KH (score: 1.000)
Player 2 plays KH
  Player 3 (Belief Champion) choosing card:
    Remaining hand (6 cards): ['KC', 'AC', '9D', '8S', '10S', '10C']
    Legal cards (6): ['KC', 'AC', '9D', '8S', '10S', '10C']
    Current trick: 3 cards played
    Lead suit: H
    Trump suit: S
    Strategy: Belief Model Card Selection (NO HEURISTICS)
    Belief model predictions obtained
    Evaluating card 1/6: KC
      Belief model score: 0.500
    Evaluating card 2/6: AC
      Belief model score: 1.500
    Evaluating card 3/6: 9D
      Belief model score: 7.500
    Evaluating card 4/6: 8S
      Belief model score: 6.000
    Evaluating card 5/6: 10S
      Belief model score: 6.000
    Evaluating card 6/6: 10C
      Belief model score: 1.500
    Belief model evaluation completed
    Best card: 9D (score: 7.500)
Player 3 plays 9D
Player 0 won the hand: 3 points

  Player 0 (Belief Master) choosing card:
    Remaining hand (5 cards): ['AH', 'QD', '7C', 'QC', 'KD']
    Legal cards (5): ['AH', 'QD', '7C', 'QC', 'KD']
    Current trick: 0 cards played
    Trump suit: S
    Strategy: Belief Model Card Selection (NO HEURISTICS)
    Belief model predictions obtained
    Evaluating card 1/5: AH
      Belief model score: 1.000
    Evaluating card 2/5: QD
      Belief model score: 0.000
    Evaluating card 3/5: 7C
      Belief model score: 1.000
    Evaluating card 4/5: QC
      Belief model score: 0.000
    Evaluating card 5/5: KD
      Belief model score: 0.000
    Belief model evaluation completed
    Best card: AH (score: 1.000)
Player 0 plays AH
  Player 1 (Belief Expert) choosing card:
    Remaining hand (5 cards): ['QH', 'JD', '8C', 'JC', 'QS']
    Legal cards (1): ['QH']
    Current trick: 1 cards played
    Lead suit: H
    Trump suit: S
    Strategy: Belief Model Card Selection (NO HEURISTICS)
    Belief model predictions obtained
    Evaluating card 1/1: QH
      Belief model score: 1.000
    Belief model evaluation completed
    Best card: QH (score: 1.000)
Player 1 plays QH
  Player 2 (Belief Pro) choosing card:
    Remaining hand (5 cards): ['10D', 'AD', '9C', '8D', '7D']
    Legal cards (5): ['10D', 'AD', '9C', '8D', '7D']
    Current trick: 2 cards played
    Lead suit: H
    Trump suit: S
    Strategy: Belief Model Card Selection (NO HEURISTICS)
    Belief model predictions obtained
    Evaluating card 1/5: 10D
      Belief model score: 1.500
    Evaluating card 2/5: AD
      Belief model score: 1.500
    Evaluating card 3/5: 9C
      Belief model score: 3.500
    Evaluating card 4/5: 8D
      Belief model score: 1.500
    Evaluating card 5/5: 7D
      Belief model score: 1.500
    Belief model evaluation completed
    Best card: 9C (score: 3.500)
Player 2 plays 9C
  Player 3 (Belief Champion) choosing card:
    Remaining hand (5 cards): ['KC', 'AC', '8S', '10S', '10C']
    Legal cards (5): ['KC', 'AC', '8S', '10S', '10C']
    Current trick: 3 cards played
    Lead suit: H
    Trump suit: S
    Strategy: Belief Model Card Selection (NO HEURISTICS)
    Belief model predictions obtained
    Evaluating card 1/5: KC
      Belief model score: 0.500
    Evaluating card 2/5: AC
      Belief model score: 1.500
    Evaluating card 3/5: 8S
      Belief model score: 6.000
    Evaluating card 4/5: 10S
      Belief model score: 6.000
    Evaluating card 5/5: 10C
      Belief model score: 1.500
    Belief model evaluation completed
    Best card: 8S (score: 6.000)
Player 3 plays 8S
Player 3 won the hand: 3 points

  Player 0 (Belief Master) choosing card:
    Remaining hand (4 cards): ['QD', '7C', 'QC', 'KD']
    Legal cards (4): ['QD', '7C', 'QC', 'KD']
    Current trick: 0 cards played
    Trump suit: S
    Strategy: Belief Model Card Selection (NO HEURISTICS)
    Belief model predictions obtained
    Evaluating card 1/4: QD
      Belief model score: 0.000
    Evaluating card 2/4: 7C
      Belief model score: 1.000
    Evaluating card 3/4: QC
      Belief model score: 0.000
    Evaluating card 4/4: KD
      Belief model score: 0.000
    Belief model evaluation completed
    Best card: 7C (score: 1.000)
Player 0 plays 7C
  Player 1 (Belief Expert) choosing card:
    Remaining hand (4 cards): ['JD', '8C', 'JC', 'QS']
    Legal cards (2): ['8C', 'JC']
    Current trick: 1 cards played
    Lead suit: C
    Trump suit: S
    Strategy: Belief Model Card Selection (NO HEURISTICS)
    Belief model predictions obtained
    Evaluating card 1/2: 8C
      Belief model score: 2.000
    Evaluating card 2/2: JC
      Belief model score: 8.000
    Belief model evaluation completed
    Best card: JC (score: 8.000)
Player 1 plays JC
  Player 2 (Belief Pro) choosing card:
    Remaining hand (4 cards): ['10D', 'AD', '8D', '7D']
    Legal cards (4): ['10D', 'AD', '8D', '7D']
    Current trick: 2 cards played
    Lead suit: C
    Trump suit: S
    Strategy: Belief Model Card Selection (NO HEURISTICS)
    Belief model predictions obtained
    Evaluating card 1/4: 10D
      Belief model score: 1.500
    Evaluating card 2/4: AD
      Belief model score: 1.500
    Evaluating card 3/4: 8D
      Belief model score: 1.500
    Evaluating card 4/4: 7D
      Belief model score: 1.500
    Belief model evaluation completed
    Best card: 10D (score: 1.500)
Player 2 plays 10D
  Player 3 (Belief Champion) choosing card:
    Remaining hand (4 cards): ['KC', 'AC', '10S', '10C']
    Legal cards (3): ['KC', 'AC', '10C']
    Current trick: 3 cards played
    Lead suit: C
    Trump suit: S
    Strategy: Belief Model Card Selection (NO HEURISTICS)
    Belief model predictions obtained
    Evaluating card 1/3: KC
      Belief model score: 1.000
    Evaluating card 2/3: AC
      Belief model score: 2.000
    Evaluating card 3/3: 10C
      Belief model score: 2.000
    Belief model evaluation completed
    Best card: AC (score: 2.000)
Player 3 plays AC
Player 1 won the hand: 5 points

  Player 0 (Belief Master) choosing card:
    Remaining hand (3 cards): ['QD', 'QC', 'KD']
    Legal cards (3): ['QD', 'QC', 'KD']
    Current trick: 0 cards played
    Trump suit: S
    Strategy: Belief Model Card Selection (NO HEURISTICS)
    Belief model predictions obtained
    Evaluating card 1/3: QD
      Belief model score: 0.000
    Evaluating card 2/3: QC
      Belief model score: 0.000
    Evaluating card 3/3: KD
      Belief model score: 0.000
    Belief model evaluation completed
    Best card: QD (score: 0.000)
Player 0 plays QD
  Player 1 (Belief Expert) choosing card:
    Remaining hand (3 cards): ['JD', '8C', 'QS']
    Legal cards (1): ['JD']
    Current trick: 1 cards played
    Lead suit: D
    Trump suit: S
    Strategy: Belief Model Card Selection (NO HEURISTICS)
    Belief model predictions obtained
    Evaluating card 1/1: JD
      Belief model score: 8.000
    Belief model evaluation completed
    Best card: JD (score: 8.000)
Player 1 plays JD
  Player 2 (Belief Pro) choosing card:
    Remaining hand (3 cards): ['AD', '8D', '7D']
    Legal cards (3): ['AD', '8D', '7D']
    Current trick: 2 cards played
    Lead suit: D
    Trump suit: S
    Strategy: Belief Model Card Selection (NO HEURISTICS)
    Belief model predictions obtained
    Evaluating card 1/3: AD
      Belief model score: 2.000
    Evaluating card 2/3: 8D
      Belief model score: 2.000
    Evaluating card 3/3: 7D
      Belief model score: 2.000
    Belief model evaluation completed
    Best card: AD (score: 2.000)
Player 2 plays AD
  Player 3 (Belief Champion) choosing card:
    Remaining hand (3 cards): ['KC', '10S', '10C']
    Legal cards (3): ['KC', '10S', '10C']
    Current trick: 3 cards played
    Lead suit: D
    Trump suit: S
    Strategy: Belief Model Card Selection (NO HEURISTICS)
    Belief model predictions obtained
    Evaluating card 1/3: KC
      Belief model score: 0.500
    Evaluating card 2/3: 10S
      Belief model score: 12.000
    Evaluating card 3/3: 10C
      Belief model score: 1.500
    Belief model evaluation completed
    Best card: 10S (score: 12.000)
Player 3 plays 10S
Player 3 won the hand: 5 points

  Player 0 (Belief Master) choosing card:
    Remaining hand (2 cards): ['QC', 'KD']
    Legal cards (2): ['QC', 'KD']
    Current trick: 0 cards played
    Trump suit: S
    Strategy: Belief Model Card Selection (NO HEURISTICS)
    Belief model predictions obtained
    Evaluating card 1/2: QC
      Belief model score: 0.000
    Evaluating card 2/2: KD
      Belief model score: 0.000
    Belief model evaluation completed
    Best card: QC (score: 0.000)
Player 0 plays QC
  Player 1 (Belief Expert) choosing card:
    Remaining hand (2 cards): ['8C', 'QS']
    Legal cards (1): ['8C']
    Current trick: 1 cards played
    Lead suit: C
    Trump suit: S
    Strategy: Belief Model Card Selection (NO HEURISTICS)
    Belief model predictions obtained
    Evaluating card 1/1: 8C
      Belief model score: 2.000
    Belief model evaluation completed
    Best card: 8C (score: 2.000)
Player 1 plays 8C
  Player 2 (Belief Pro) choosing card:
    Remaining hand (2 cards): ['8D', '7D']
    Legal cards (2): ['8D', '7D']
    Current trick: 2 cards played
    Lead suit: C
    Trump suit: S
    Strategy: Belief Model Card Selection (NO HEURISTICS)
    Belief model predictions obtained
    Evaluating card 1/2: 8D
      Belief model score: 1.500
    Evaluating card 2/2: 7D
      Belief model score: 1.500
    Belief model evaluation completed
    Best card: 8D (score: 1.500)
Player 2 plays 8D
  Player 3 (Belief Champion) choosing card:
    Remaining hand (2 cards): ['KC', '10C']
    Legal cards (2): ['KC', '10C']
    Current trick: 3 cards played
    Lead suit: C
    Trump suit: S
    Strategy: Belief Model Card Selection (NO HEURISTICS)
    Belief model predictions obtained
    Evaluating card 1/2: KC
      Belief model score: 1.000
    Evaluating card 2/2: 10C
      Belief model score: 10.000
    Belief model evaluation completed
    Best card: 10C (score: 10.000)
Player 3 plays 10C
Player 3 won the hand: 1 points

  Player 0 (Belief Master) choosing card:
    Remaining hand (1 cards): ['KD']
    Legal cards (1): ['KD']
    Current trick: 0 cards played
    Trump suit: S
    Strategy: Belief Model Card Selection (NO HEURISTICS)
    Belief model predictions obtained
    Evaluating card 1/1: KD
      Belief model score: 0.000
    Belief model evaluation completed
    Best card: KD (score: 0.000)
Player 0 plays KD
  Player 1 (Belief Expert) choosing card:
    Remaining hand (1 cards): ['QS']
    Legal cards (1): ['QS']
    Current trick: 1 cards played
    Lead suit: D
    Trump suit: S
    Strategy: Belief Model Card Selection (NO HEURISTICS)
    Belief model predictions obtained
    Evaluating card 1/1: QS
      Belief model score: 11.000
    Belief model evaluation completed
    Best card: QS (score: 11.000)
Player 1 plays QS
  Player 2 (Belief Pro) choosing card:
    Remaining hand (1 cards): ['7D']
    Legal cards (1): ['7D']
    Current trick: 2 cards played
    Lead suit: D
    Trump suit: S
    Strategy: Belief Model Card Selection (NO HEURISTICS)
    Belief model predictions obtained
    Evaluating card 1/1: 7D
      Belief model score: 2.000
    Belief model evaluation completed
    Best card: 7D (score: 2.000)
Player 2 plays 7D
  Player 3 (Belief Champion) choosing card:
    Remaining hand (1 cards): ['KC']
    Legal cards (1): ['KC']
    Current trick: 3 cards played
    Lead suit: D
    Trump suit: S
    Strategy: Belief Model Card Selection (NO HEURISTICS)
    Belief model predictions obtained
    Evaluating card 1/1: KC
      Belief model score: 6.500
    Belief model evaluation completed
    Best card: KC (score: 6.500)
Player 3 plays KC
Player 1 won the hand: 0 points

=== GAME SUMMARY ===
Team A (Players 0 & 2): 3 points
Team B (Players 1 & 3): 25 points
Bidder: Player 3 (Team B)
Winning Bid: 16
Bid Success: YES
Game Winner: Team B (Players 1 & 3)
Total Tricks: 8