
===== GAME 4 (20250825_102500_257) =====
Player 0 initial hand (bidding): ['JH', 'AS', '7S', 'KD']
Player 1 initial hand (bidding): ['QC', '9H', '9S', '7H']
Player 2 initial hand (bidding): ['QH', '9D', '8H', 'QS']
Player 3 initial hand (bidding): ['7D', 'AC', 'KS', '8D']

  Player 0 (Belief Master) analyzing bid:
    Bidding hand (first 4): ['JH', 'AS', '7S', 'KD']
    Hand strength: 0.143
    Current bid: 16
    Point prediction: -0.0 points
    Belief model: Opponent hand probabilities calculated
    Strategy: Belief Model Bidding (NO HEURISTICS)
    Belief model predictions obtained
    Pass evaluation score: 0.000
    Bid 17 evaluation score: -0.832
    Bid 18 evaluation score: -0.832
    Bid 19 evaluation score: -0.832
    Best decision: PASS (score: 0.000)
Pass: Player 0 (min_allowed=17)
  Player 1 (Belief Expert) analyzing bid:
    Bidding hand (first 4): ['QC', '9H', '9S', '7H']
    Hand strength: 0.143
    Current bid: 16
    Point prediction: -0.0 points
    Belief model: Opponent hand probabilities calculated
    Strategy: Belief Model Bidding (NO HEURISTICS)
    Belief model predictions obtained
    Pass evaluation score: 0.000
    Bid 17 evaluation score: -0.831
    Bid 18 evaluation score: -0.831
    Bid 19 evaluation score: -0.831
    Best decision: PASS (score: 0.000)
Pass: Player 1 (min_allowed=17)
  Player 2 (Belief Pro) analyzing bid:
    Bidding hand (first 4): ['QH', '9D', '8H', 'QS']
    Hand strength: 0.071
    Current bid: 16
    Point prediction: -0.0 points
    Belief model: Opponent hand probabilities calculated
    Strategy: Belief Model Bidding (NO HEURISTICS)
    Belief model predictions obtained
    Pass evaluation score: 0.000
    Bid 17 evaluation score: -0.832
    Bid 18 evaluation score: -0.832
    Bid 19 evaluation score: -0.832
    Best decision: PASS (score: 0.000)
Pass: Player 2 (min_allowed=17)
Auction winner: Player 3 with bid 16
    Strategy: Belief-based trump selection
    Selected trump: D (score: 4.00)
Bidder sets concealed trump suit: D
Phase: concealed, bidder concealed card: [face-down trump]

Full hands (8 cards each):
Player 0 full hand: ['JH', 'AS', '7S', 'KD', '10C', '8C', '10H', 'JD']
Player 1 full hand: ['QC', '9H', '9S', '7H', 'KC', '8S', '10S', 'AH']
Player 2 full hand: ['QH', '9D', '8H', 'QS', 'QD', 'JC', 'AD', '10D']
Player 3 full hand: ['7D', 'AC', 'KS', '7C', '9C', 'KH', 'JS']

  Player 0 (Belief Master) choosing card:
    Remaining hand (8 cards): ['JH', 'AS', '7S', 'KD', '10C', '8C', '10H', 'JD']
    Legal cards (6): ['JH', 'AS', '7S', '10C', '8C', '10H']
    Current trick: 0 cards played
    Trump suit: D
    Strategy: Belief Model Card Selection (NO HEURISTICS)
    Belief model predictions obtained
    Evaluating card 1/6: JH
      Belief model score: 3.000
    Evaluating card 2/6: AS
      Belief model score: 2.000
    Evaluating card 3/6: 7S
      Belief model score: 1.000
    Evaluating card 4/6: 10C
      Belief model score: 1.000
    Evaluating card 5/6: 8C
      Belief model score: 1.000
    Evaluating card 6/6: 10H
      Belief model score: 1.000
    Belief model evaluation completed
    Best card: JH (score: 3.000)
Player 0 plays JH
  Player 1 (Belief Expert) choosing card:
    Remaining hand (8 cards): ['QC', '9H', '9S', '7H', 'KC', '8S', '10S', 'AH']
    Legal cards (3): ['9H', '7H', 'AH']
    Current trick: 1 cards played
    Lead suit: H
    Trump suit: D
    Strategy: Belief Model Card Selection (NO HEURISTICS)
    Belief model predictions obtained
    Evaluating card 1/3: 9H
      Belief model score: 4.000
    Evaluating card 2/3: 7H
      Belief model score: 2.000
    Evaluating card 3/3: AH
      Belief model score: 3.000
    Belief model evaluation completed
    Best card: 9H (score: 4.000)
Player 1 plays 9H
  Player 2 (Belief Pro) choosing card:
    Remaining hand (8 cards): ['QH', '9D', '8H', 'QS', 'QD', 'JC', 'AD', '10D']
    Legal cards (2): ['QH', '8H']
    Current trick: 2 cards played
    Lead suit: H
    Trump suit: D
    Strategy: Belief Model Card Selection (NO HEURISTICS)
    Belief model predictions obtained
    Evaluating card 1/2: QH
      Belief model score: 1.000
    Evaluating card 2/2: 8H
      Belief model score: 2.000
    Belief model evaluation completed
    Best card: 8H (score: 2.000)
Player 2 plays 8H
  Player 3 (Belief Champion) choosing card:
    Remaining hand (7 cards): ['7D', 'AC', 'KS', '7C', '9C', 'KH', 'JS']
    Legal cards (1): ['KH']
    Current trick: 3 cards played
    Lead suit: H
    Trump suit: D
    Strategy: Belief Model Card Selection (NO HEURISTICS)
    Belief model predictions obtained
    Evaluating card 1/1: KH
      Belief model score: 2.000
    Belief model evaluation completed
    Best card: KH (score: 2.000)
Player 3 plays KH
Player 0 won the hand: 5 points

  Player 0 (Belief Master) choosing card:
    Remaining hand (7 cards): ['AS', '7S', 'KD', '10C', '8C', '10H', 'JD']
    Legal cards (5): ['AS', '7S', '10C', '8C', '10H']
    Current trick: 0 cards played
    Trump suit: D
    Strategy: Belief Model Card Selection (NO HEURISTICS)
    Belief model predictions obtained
    Evaluating card 1/5: AS
      Belief model score: 2.000
    Evaluating card 2/5: 7S
      Belief model score: 1.000
    Evaluating card 3/5: 10C
      Belief model score: 1.000
    Evaluating card 4/5: 8C
      Belief model score: 1.000
    Evaluating card 5/5: 10H
      Belief model score: 1.000
    Belief model evaluation completed
    Best card: AS (score: 2.000)
Player 0 plays AS
  Player 1 (Belief Expert) choosing card:
    Remaining hand (7 cards): ['QC', '9S', '7H', 'KC', '8S', '10S', 'AH']
    Legal cards (3): ['9S', '8S', '10S']
    Current trick: 1 cards played
    Lead suit: S
    Trump suit: D
    Strategy: Belief Model Card Selection (NO HEURISTICS)
    Belief model predictions obtained
    Evaluating card 1/3: 9S
      Belief model score: 8.000
    Evaluating card 2/3: 8S
      Belief model score: 2.000
    Evaluating card 3/3: 10S
      Belief model score: 2.000
    Belief model evaluation completed
    Best card: 9S (score: 8.000)
Player 1 plays 9S
  Player 2 (Belief Pro) choosing card:
    Remaining hand (7 cards): ['QH', '9D', 'QS', 'QD', 'JC', 'AD', '10D']
    Legal cards (1): ['QS']
    Current trick: 2 cards played
    Lead suit: S
    Trump suit: D
    Strategy: Belief Model Card Selection (NO HEURISTICS)
    Belief model predictions obtained
    Evaluating card 1/1: QS
      Belief model score: 1.000
    Belief model evaluation completed
    Best card: QS (score: 1.000)
Player 2 plays QS
  Player 3 (Belief Champion) choosing card:
    Remaining hand (6 cards): ['7D', 'AC', 'KS', '7C', '9C', 'JS']
    Legal cards (2): ['KS', 'JS']
    Current trick: 3 cards played
    Lead suit: S
    Trump suit: D
    Strategy: Belief Model Card Selection (NO HEURISTICS)
    Belief model predictions obtained
    Evaluating card 1/2: KS
      Belief model score: 2.000
    Evaluating card 2/2: JS
      Belief model score: 12.000
    Belief model evaluation completed
    Best card: JS (score: 12.000)
Player 3 plays JS
Player 3 won the hand: 6 points

  Player 0 (Belief Master) choosing card:
    Remaining hand (6 cards): ['7S', 'KD', '10C', '8C', '10H', 'JD']
    Legal cards (4): ['7S', '10C', '8C', '10H']
    Current trick: 0 cards played
    Trump suit: D
    Strategy: Belief Model Card Selection (NO HEURISTICS)
    Belief model predictions obtained
    Evaluating card 1/4: 7S
      Belief model score: 1.000
    Evaluating card 2/4: 10C
      Belief model score: 1.000
    Evaluating card 3/4: 8C
      Belief model score: 1.000
    Evaluating card 4/4: 10H
      Belief model score: 1.000
    Belief model evaluation completed
    Best card: 7S (score: 1.000)
Player 0 plays 7S
  Player 1 (Belief Expert) choosing card:
    Remaining hand (6 cards): ['QC', '7H', 'KC', '8S', '10S', 'AH']
    Legal cards (2): ['8S', '10S']
    Current trick: 1 cards played
    Lead suit: S
    Trump suit: D
    Strategy: Belief Model Card Selection (NO HEURISTICS)
    Belief model predictions obtained
    Evaluating card 1/2: 8S
      Belief model score: 2.000
    Evaluating card 2/2: 10S
      Belief model score: 6.000
    Belief model evaluation completed
    Best card: 10S (score: 6.000)
Player 1 plays 10S
  Player 2 (Belief Pro) choosing card:
    Remaining hand (6 cards): ['QH', '9D', 'QD', 'JC', 'AD', '10D']
    Legal cards (6): ['QH', '9D', 'QD', 'JC', 'AD', '10D']
    Current trick: 2 cards played
    Lead suit: S
    Trump suit: D
    Strategy: Belief Model Card Selection (NO HEURISTICS)
    Belief model predictions obtained
    Evaluating card 1/6: QH
      Belief model score: 0.500
    Evaluating card 2/6: 9D
      Belief model score: 6.000
    Evaluating card 3/6: QD
      Belief model score: 3.000
    Evaluating card 4/6: JC
      Belief model score: 3.500
    Evaluating card 5/6: AD
      Belief model score: 5.000
    Evaluating card 6/6: 10D
      Belief model score: 4.000
    Belief model evaluation completed
    Best card: 9D (score: 6.000)
-- Phase 2 begins: Trump revealed as D by Player 2 on trick 3 --
Player 2 plays 9D
  Player 3 (Belief Champion) choosing card:
    Remaining hand (6 cards): ['7D', 'AC', 'KS', '7C', '9C', '8D']
    Legal cards (1): ['KS']
    Current trick: 3 cards played
    Lead suit: S
    Trump suit: D
    Strategy: Belief Model Card Selection (NO HEURISTICS)
    Belief model predictions obtained
    Evaluating card 1/1: KS
      Belief model score: 1.000
    Belief model evaluation completed
    Best card: KS (score: 1.000)
Player 3 plays KS
Player 2 won the hand: 3 points

  Player 0 (Belief Master) choosing card:
    Remaining hand (5 cards): ['KD', '10C', '8C', '10H', 'JD']
    Legal cards (5): ['KD', '10C', '8C', '10H', 'JD']
    Current trick: 0 cards played
    Trump suit: D
    Strategy: Belief Model Card Selection (NO HEURISTICS)
    Belief model predictions obtained
    Evaluating card 1/5: KD
      Belief model score: 2.000
    Evaluating card 2/5: 10C
      Belief model score: 1.000
    Evaluating card 3/5: 8C
      Belief model score: 1.000
    Evaluating card 4/5: 10H
      Belief model score: 1.000
    Evaluating card 5/5: JD
      Belief model score: 5.000
    Belief model evaluation completed
    Best card: JD (score: 5.000)
Player 0 plays JD
  Player 1 (Belief Expert) choosing card:
    Remaining hand (5 cards): ['QC', '7H', 'KC', '8S', 'AH']
    Legal cards (5): ['QC', '7H', 'KC', '8S', 'AH']
    Current trick: 1 cards played
    Lead suit: D
    Trump suit: D
    Strategy: Belief Model Card Selection (NO HEURISTICS)
    Belief model predictions obtained
    Evaluating card 1/5: QC
      Belief model score: 0.500
    Evaluating card 2/5: 7H
      Belief model score: 1.500
    Evaluating card 3/5: KC
      Belief model score: 0.500
    Evaluating card 4/5: 8S
      Belief model score: 1.500
    Evaluating card 5/5: AH
      Belief model score: 1.500
    Belief model evaluation completed
    Best card: 7H (score: 1.500)
Player 1 plays 7H
  Player 2 (Belief Pro) choosing card:
    Remaining hand (5 cards): ['QH', 'QD', 'JC', 'AD', '10D']
    Legal cards (3): ['QD', 'AD', '10D']
    Current trick: 2 cards played
    Lead suit: D
    Trump suit: D
    Strategy: Belief Model Card Selection (NO HEURISTICS)
    Belief model predictions obtained
    Evaluating card 1/3: QD
      Belief model score: 3.000
    Evaluating card 2/3: AD
      Belief model score: 4.000
    Evaluating card 3/3: 10D
      Belief model score: 4.000
    Belief model evaluation completed
    Best card: AD (score: 4.000)
Player 2 plays AD
  Player 3 (Belief Champion) choosing card:
    Remaining hand (5 cards): ['7D', 'AC', '7C', '9C', '8D']
    Legal cards (2): ['7D', '8D']
    Current trick: 3 cards played
    Lead suit: D
    Trump suit: D
    Strategy: Belief Model Card Selection (NO HEURISTICS)
    Belief model predictions obtained
    Evaluating card 1/2: 7D
      Belief model score: 4.000
    Evaluating card 2/2: 8D
      Belief model score: 4.000
    Belief model evaluation completed
    Best card: 7D (score: 4.000)
Player 3 plays 7D
Player 0 won the hand: 4 points

  Player 0 (Belief Master) choosing card:
    Remaining hand (4 cards): ['KD', '10C', '8C', '10H']
    Legal cards (4): ['KD', '10C', '8C', '10H']
    Current trick: 0 cards played
    Trump suit: D
    Strategy: Belief Model Card Selection (NO HEURISTICS)
    Belief model predictions obtained
    Evaluating card 1/4: KD
      Belief model score: 2.000
    Evaluating card 2/4: 10C
      Belief model score: 1.000
    Evaluating card 3/4: 8C
      Belief model score: 1.000
    Evaluating card 4/4: 10H
      Belief model score: 1.000
    Belief model evaluation completed
    Best card: KD (score: 2.000)
Player 0 plays KD
  Player 1 (Belief Expert) choosing card:
    Remaining hand (4 cards): ['QC', 'KC', '8S', 'AH']
    Legal cards (4): ['QC', 'KC', '8S', 'AH']
    Current trick: 1 cards played
    Lead suit: D
    Trump suit: D
    Strategy: Belief Model Card Selection (NO HEURISTICS)
    Belief model predictions obtained
    Evaluating card 1/4: QC
      Belief model score: 0.500
    Evaluating card 2/4: KC
      Belief model score: 0.500
    Evaluating card 3/4: 8S
      Belief model score: 1.500
    Evaluating card 4/4: AH
      Belief model score: 1.500
    Belief model evaluation completed
    Best card: 8S (score: 1.500)
Player 1 plays 8S
  Player 2 (Belief Pro) choosing card:
    Remaining hand (4 cards): ['QH', 'QD', 'JC', '10D']
    Legal cards (2): ['QD', '10D']
    Current trick: 2 cards played
    Lead suit: D
    Trump suit: D
    Strategy: Belief Model Card Selection (NO HEURISTICS)
    Belief model predictions obtained
    Evaluating card 1/2: QD
      Belief model score: 3.000
    Evaluating card 2/2: 10D
      Belief model score: 8.000
    Belief model evaluation completed
    Best card: 10D (score: 8.000)
Player 2 plays 10D
  Player 3 (Belief Champion) choosing card:
    Remaining hand (4 cards): ['AC', '7C', '9C', '8D']
    Legal cards (1): ['8D']
    Current trick: 3 cards played
    Lead suit: D
    Trump suit: D
    Strategy: Belief Model Card Selection (NO HEURISTICS)
    Belief model predictions obtained
    Evaluating card 1/1: 8D
      Belief model score: 4.000
    Belief model evaluation completed
    Best card: 8D (score: 4.000)
Player 3 plays 8D
Player 2 won the hand: 1 points

  Player 0 (Belief Master) choosing card:
    Remaining hand (3 cards): ['10C', '8C', '10H']
    Legal cards (3): ['10C', '8C', '10H']
    Current trick: 0 cards played
    Trump suit: D
    Strategy: Belief Model Card Selection (NO HEURISTICS)
    Belief model predictions obtained
    Evaluating card 1/3: 10C
      Belief model score: 1.000
    Evaluating card 2/3: 8C
      Belief model score: 1.000
    Evaluating card 3/3: 10H
      Belief model score: 1.000
    Belief model evaluation completed
    Best card: 10C (score: 1.000)
Player 0 plays 10C
  Player 1 (Belief Expert) choosing card:
    Remaining hand (3 cards): ['QC', 'KC', 'AH']
    Legal cards (2): ['QC', 'KC']
    Current trick: 1 cards played
    Lead suit: C
    Trump suit: D
    Strategy: Belief Model Card Selection (NO HEURISTICS)
    Belief model predictions obtained
    Evaluating card 1/2: QC
      Belief model score: 1.000
    Evaluating card 2/2: KC
      Belief model score: 1.000
    Belief model evaluation completed
    Best card: QC (score: 1.000)
Player 1 plays QC
  Player 2 (Belief Pro) choosing card:
    Remaining hand (3 cards): ['QH', 'QD', 'JC']
    Legal cards (1): ['JC']
    Current trick: 2 cards played
    Lead suit: C
    Trump suit: D
    Strategy: Belief Model Card Selection (NO HEURISTICS)
    Belief model predictions obtained
    Evaluating card 1/1: JC
      Belief model score: 8.000
    Belief model evaluation completed
    Best card: JC (score: 8.000)
Player 2 plays JC
  Player 3 (Belief Champion) choosing card:
    Remaining hand (3 cards): ['AC', '7C', '9C']
    Legal cards (3): ['AC', '7C', '9C']
    Current trick: 3 cards played
    Lead suit: C
    Trump suit: D
    Strategy: Belief Model Card Selection (NO HEURISTICS)
    Belief model predictions obtained
    Evaluating card 1/3: AC
      Belief model score: 2.000
    Evaluating card 2/3: 7C
      Belief model score: 2.000
    Evaluating card 3/3: 9C
      Belief model score: 4.000
    Belief model evaluation completed
    Best card: 9C (score: 4.000)
Player 3 plays 9C
Player 2 won the hand: 6 points

  Player 0 (Belief Master) choosing card:
    Remaining hand (2 cards): ['8C', '10H']
    Legal cards (2): ['8C', '10H']
    Current trick: 0 cards played
    Trump suit: D
    Strategy: Belief Model Card Selection (NO HEURISTICS)
    Belief model predictions obtained
    Evaluating card 1/2: 8C
      Belief model score: 1.000
    Evaluating card 2/2: 10H
      Belief model score: 1.000
    Belief model evaluation completed
    Best card: 8C (score: 1.000)
Player 0 plays 8C
  Player 1 (Belief Expert) choosing card:
    Remaining hand (2 cards): ['KC', 'AH']
    Legal cards (1): ['KC']
    Current trick: 1 cards played
    Lead suit: C
    Trump suit: D
    Strategy: Belief Model Card Selection (NO HEURISTICS)
    Belief model predictions obtained
    Evaluating card 1/1: KC
      Belief model score: 1.000
    Belief model evaluation completed
    Best card: KC (score: 1.000)
Player 1 plays KC
  Player 2 (Belief Pro) choosing card:
    Remaining hand (2 cards): ['QH', 'QD']
    Legal cards (2): ['QH', 'QD']
    Current trick: 2 cards played
    Lead suit: C
    Trump suit: D
    Strategy: Belief Model Card Selection (NO HEURISTICS)
    Belief model predictions obtained
    Evaluating card 1/2: QH
      Belief model score: 0.500
    Evaluating card 2/2: QD
      Belief model score: 5.000
    Belief model evaluation completed
    Best card: QD (score: 5.000)
Player 2 plays QD
  Player 3 (Belief Champion) choosing card:
    Remaining hand (2 cards): ['AC', '7C']
    Legal cards (2): ['AC', '7C']
    Current trick: 3 cards played
    Lead suit: C
    Trump suit: D
    Strategy: Belief Model Card Selection (NO HEURISTICS)
    Belief model predictions obtained
    Evaluating card 1/2: AC
      Belief model score: 10.000
    Evaluating card 2/2: 7C
      Belief model score: 2.000
    Belief model evaluation completed
    Best card: AC (score: 10.000)
Player 3 plays AC
Player 2 won the hand: 1 points

  Player 0 (Belief Master) choosing card:
    Remaining hand (1 cards): ['10H']
    Legal cards (1): ['10H']
    Current trick: 0 cards played
    Trump suit: D
    Strategy: Belief Model Card Selection (NO HEURISTICS)
    Belief model predictions obtained
    Evaluating card 1/1: 10H
      Belief model score: 1.000
    Belief model evaluation completed
    Best card: 10H (score: 1.000)
Player 0 plays 10H
  Player 1 (Belief Expert) choosing card:
    Remaining hand (1 cards): ['AH']
    Legal cards (1): ['AH']
    Current trick: 1 cards played
    Lead suit: H
    Trump suit: D
    Strategy: Belief Model Card Selection (NO HEURISTICS)
    Belief model predictions obtained
    Evaluating card 1/1: AH
      Belief model score: 2.000
    Belief model evaluation completed
    Best card: AH (score: 2.000)
Player 1 plays AH
  Player 2 (Belief Pro) choosing card:
    Remaining hand (1 cards): ['QH']
    Legal cards (1): ['QH']
    Current trick: 2 cards played
    Lead suit: H
    Trump suit: D
    Strategy: Belief Model Card Selection (NO HEURISTICS)
    Belief model predictions obtained
    Evaluating card 1/1: QH
      Belief model score: 7.000
    Belief model evaluation completed
    Best card: QH (score: 7.000)
Player 2 plays QH
  Player 3 (Belief Champion) choosing card:
    Remaining hand (1 cards): ['7C']
    Legal cards (1): ['7C']
    Current trick: 3 cards played
    Lead suit: H
    Trump suit: D
    Strategy: Belief Model Card Selection (NO HEURISTICS)
    Belief model predictions obtained
    Evaluating card 1/1: 7C
      Belief model score: 7.500
    Belief model evaluation completed
    Best card: 7C (score: 7.500)
Player 3 plays 7C
Player 1 won the hand: 2 points

=== GAME SUMMARY ===
Team A (Players 0 & 2): 20 points
Team B (Players 1 & 3): 8 points
Bidder: Player 3 (Team B)
Winning Bid: 16
Bid Success: NO
Game Winner: Team B (Players 1 & 3)
Total Tricks: 8