
===== GAME 3 (20250825_113059_629) =====

===== AUCTION =====
Pass
Pass (locked): Player 0 (min_allowed=17)
Pass
Pass (locked): Player 1 (min_allowed=17)
Pass
Pass (locked): Player 2 (min_allowed=17)
AUCTION WINNER: Player 3 with bid 16; chooses trump [to be determined]
AUCTION WINNER: Player 3 with bid 16; chooses trump D

Player 0 (auction 4 cards): ['JS', 'JC', 'QD', '8H']
Player 1 (auction 4 cards): ['JD', 'KD', '7H', '8D']
Player 2 (auction 4 cards): ['QC', 'AD', 'KH', '10C']
Player 3 (auction 4 cards): ['KS', '7C', '10H', 'AC']
Auction winner (bidder): Player 3 with bid 16
Bidder sets concealed trump suit: D
Phase: concealed, bidder concealed card: [face-down trump]

Player 0 plays JS
Player 1 plays 7S
Player 2 plays AS
Player 3 plays KS
Player 0 won the hand: 4 points

Player 0 plays JC
Player 1 plays 9C
Player 2 plays 10C
Player 3 plays AC
Player 0 won the hand: 7 points

Player 0 plays 9S
Player 1 plays 10S
Player 2 plays QS
Player 3 plays 7D
-- Phase 2 begins: Trump revealed as D by Player 3 on trick 3 --
Player 3 won the hand: 3 points

Player 0 plays QD
Player 1 plays JD
Player 2 plays AD
Player 3 plays 9D
Player 1 won the hand: 6 points

Player 0 plays 8H
Player 1 plays 7H
Player 2 plays 9H
Player 3 plays 10H
Player 2 won the hand: 3 points

Player 0 plays 8S
Player 1 plays 8D
Player 2 plays JH
Player 3 plays 7C
Player 1 won the hand: 3 points

Player 0 plays QH
Player 1 plays 10D
Player 2 plays KH
Player 3 plays AH
Player 1 won the hand: 2 points

Player 0 plays KC
Player 1 plays KD
Player 2 plays QC
Player 3 plays 8C
Player 1 won the hand: 0 points

=== GAME SUMMARY ===
Game 3 final points: Team A=14, Team B=14