
===== GAME 2 (20250825_102458_714) =====
Player 0 initial hand (bidding): ['7H', 'AS', 'QS', 'AH']
Player 1 initial hand (bidding): ['KD', '7C', '10H', '9H']
Player 2 initial hand (bidding): ['8H', 'JD', '9S', 'QH']
Player 3 initial hand (bidding): ['9D', 'KC', 'QD', 'KH']

  Player 0 (Belief Master) analyzing bid:
    Bidding hand (first 4): ['7H', 'AS', 'QS', 'AH']
    Hand strength: 0.071
    Current bid: 16
    Point prediction: -0.0 points
    Belief model: Opponent hand probabilities calculated
    Strategy: Belief Model Bidding (NO HEURISTICS)
    Belief model predictions obtained
    Pass evaluation score: 0.000
    Bid 17 evaluation score: -0.831
    Bid 18 evaluation score: -0.831
    Bid 19 evaluation score: -0.831
    Best decision: PASS (score: 0.000)
Pass: Player 0 (min_allowed=17)
  Player 1 (Belief Expert) analyzing bid:
    Bidding hand (first 4): ['KD', '7C', '10H', '9H']
    Hand strength: 0.107
    Current bid: 16
    Point prediction: -0.0 points
    Belief model: Opponent hand probabilities calculated
    Strategy: Belief Model Bidding (NO HEURISTICS)
    Belief model predictions obtained
    Pass evaluation score: 0.000
    Bid 17 evaluation score: -0.832
    Bid 18 evaluation score: -0.832
    Bid 19 evaluation score: -0.832
    Best decision: PASS (score: 0.000)
Pass: Player 1 (min_allowed=17)
  Player 2 (Belief Pro) analyzing bid:
    Bidding hand (first 4): ['8H', 'JD', '9S', 'QH']
    Hand strength: 0.179
    Current bid: 16
    Point prediction: -0.0 points
    Belief model: Opponent hand probabilities calculated
    Strategy: Belief Model Bidding (NO HEURISTICS)
    Belief model predictions obtained
    Pass evaluation score: 0.000
    Bid 17 evaluation score: -0.831
    Bid 18 evaluation score: -0.831
    Bid 19 evaluation score: -0.831
    Best decision: PASS (score: 0.000)
Pass: Player 2 (min_allowed=17)
Auction winner: Player 3 with bid 16
    Strategy: Belief-based trump selection
    Selected trump: D (score: 4.20)
Bidder sets concealed trump suit: D
Phase: concealed, bidder concealed card: [face-down trump]

Full hands (8 cards each):
Player 0 full hand: ['7H', 'AS', 'QS', 'AH', 'JH', 'AC', '10C', '10D']
Player 1 full hand: ['KD', '7C', '10H', '9H', '8S', '10S', '7S', '8D']
Player 2 full hand: ['8H', 'JD', '9S', 'QH', 'AD', 'JS', '9C', '7D']
Player 3 full hand: ['KC', 'QD', 'KH', 'QC', '8C', 'JC', 'KS']

  Player 0 (Belief Master) choosing card:
    Remaining hand (8 cards): ['7H', 'AS', 'QS', 'AH', 'JH', 'AC', '10C', '10D']
    Legal cards (7): ['7H', 'AS', 'QS', 'AH', 'JH', 'AC', '10C']
    Current trick: 0 cards played
    Trump suit: D
    Strategy: Belief Model Card Selection (NO HEURISTICS)
    Belief model predictions obtained
    Evaluating card 1/7: 7H
      Belief model score: 1.000
    Evaluating card 2/7: AS
      Belief model score: 2.000
    Evaluating card 3/7: QS
      Belief model score: 0.000
    Evaluating card 4/7: AH
      Belief model score: 2.000
    Evaluating card 5/7: JH
      Belief model score: 3.000
    Evaluating card 6/7: AC
      Belief model score: 2.000
    Evaluating card 7/7: 10C
      Belief model score: 1.000
    Belief model evaluation completed
    Best card: JH (score: 3.000)
Player 0 plays JH
  Player 1 (Belief Expert) choosing card:
    Remaining hand (8 cards): ['KD', '7C', '10H', '9H', '8S', '10S', '7S', '8D']
    Legal cards (2): ['10H', '9H']
    Current trick: 1 cards played
    Lead suit: H
    Trump suit: D
    Strategy: Belief Model Card Selection (NO HEURISTICS)
    Belief model predictions obtained
    Evaluating card 1/2: 10H
      Belief model score: 2.000
    Evaluating card 2/2: 9H
      Belief model score: 4.000
    Belief model evaluation completed
    Best card: 9H (score: 4.000)
Player 1 plays 9H
  Player 2 (Belief Pro) choosing card:
    Remaining hand (8 cards): ['8H', 'JD', '9S', 'QH', 'AD', 'JS', '9C', '7D']
    Legal cards (2): ['8H', 'QH']
    Current trick: 2 cards played
    Lead suit: H
    Trump suit: D
    Strategy: Belief Model Card Selection (NO HEURISTICS)
    Belief model predictions obtained
    Evaluating card 1/2: 8H
      Belief model score: 2.000
    Evaluating card 2/2: QH
      Belief model score: 1.000
    Belief model evaluation completed
    Best card: 8H (score: 2.000)
Player 2 plays 8H
  Player 3 (Belief Champion) choosing card:
    Remaining hand (7 cards): ['KC', 'QD', 'KH', 'QC', '8C', 'JC', 'KS']
    Legal cards (1): ['KH']
    Current trick: 3 cards played
    Lead suit: H
    Trump suit: D
    Strategy: Belief Model Card Selection (NO HEURISTICS)
    Belief model predictions obtained
    Evaluating card 1/1: KH
      Belief model score: 2.000
    Belief model evaluation completed
    Best card: KH (score: 2.000)
Player 3 plays KH
Player 0 won the hand: 5 points

  Player 0 (Belief Master) choosing card:
    Remaining hand (7 cards): ['7H', 'AS', 'QS', 'AH', 'AC', '10C', '10D']
    Legal cards (6): ['7H', 'AS', 'QS', 'AH', 'AC', '10C']
    Current trick: 0 cards played
    Trump suit: D
    Strategy: Belief Model Card Selection (NO HEURISTICS)
    Belief model predictions obtained
    Evaluating card 1/6: 7H
      Belief model score: 1.000
    Evaluating card 2/6: AS
      Belief model score: 2.000
    Evaluating card 3/6: QS
      Belief model score: 0.000
    Evaluating card 4/6: AH
      Belief model score: 2.000
    Evaluating card 5/6: AC
      Belief model score: 2.000
    Evaluating card 6/6: 10C
      Belief model score: 1.000
    Belief model evaluation completed
    Best card: AS (score: 2.000)
Player 0 plays AS
  Player 1 (Belief Expert) choosing card:
    Remaining hand (7 cards): ['KD', '7C', '10H', '8S', '10S', '7S', '8D']
    Legal cards (3): ['8S', '10S', '7S']
    Current trick: 1 cards played
    Lead suit: S
    Trump suit: D
    Strategy: Belief Model Card Selection (NO HEURISTICS)
    Belief model predictions obtained
    Evaluating card 1/3: 8S
      Belief model score: 2.000
    Evaluating card 2/3: 10S
      Belief model score: 2.000
    Evaluating card 3/3: 7S
      Belief model score: 2.000
    Belief model evaluation completed
    Best card: 8S (score: 2.000)
Player 1 plays 8S
  Player 2 (Belief Pro) choosing card:
    Remaining hand (7 cards): ['JD', '9S', 'QH', 'AD', 'JS', '9C', '7D']
    Legal cards (2): ['9S', 'JS']
    Current trick: 2 cards played
    Lead suit: S
    Trump suit: D
    Strategy: Belief Model Card Selection (NO HEURISTICS)
    Belief model predictions obtained
    Evaluating card 1/2: 9S
      Belief model score: 8.000
    Evaluating card 2/2: JS
      Belief model score: 8.000
    Belief model evaluation completed
    Best card: 9S (score: 8.000)
Player 2 plays 9S
  Player 3 (Belief Champion) choosing card:
    Remaining hand (6 cards): ['KC', 'QD', 'QC', '8C', 'JC', 'KS']
    Legal cards (1): ['KS']
    Current trick: 3 cards played
    Lead suit: S
    Trump suit: D
    Strategy: Belief Model Card Selection (NO HEURISTICS)
    Belief model predictions obtained
    Evaluating card 1/1: KS
      Belief model score: 2.000
    Belief model evaluation completed
    Best card: KS (score: 2.000)
Player 3 plays KS
Player 2 won the hand: 3 points

  Player 0 (Belief Master) choosing card:
    Remaining hand (6 cards): ['7H', 'QS', 'AH', 'AC', '10C', '10D']
    Legal cards (5): ['7H', 'QS', 'AH', 'AC', '10C']
    Current trick: 0 cards played
    Trump suit: D
    Strategy: Belief Model Card Selection (NO HEURISTICS)
    Belief model predictions obtained
    Evaluating card 1/5: 7H
      Belief model score: 1.000
    Evaluating card 2/5: QS
      Belief model score: 0.000
    Evaluating card 3/5: AH
      Belief model score: 2.000
    Evaluating card 4/5: AC
      Belief model score: 2.000
    Evaluating card 5/5: 10C
      Belief model score: 1.000
    Belief model evaluation completed
    Best card: AH (score: 2.000)
Player 0 plays AH
  Player 1 (Belief Expert) choosing card:
    Remaining hand (6 cards): ['KD', '7C', '10H', '10S', '7S', '8D']
    Legal cards (1): ['10H']
    Current trick: 1 cards played
    Lead suit: H
    Trump suit: D
    Strategy: Belief Model Card Selection (NO HEURISTICS)
    Belief model predictions obtained
    Evaluating card 1/1: 10H
      Belief model score: 2.000
    Belief model evaluation completed
    Best card: 10H (score: 2.000)
Player 1 plays 10H
  Player 2 (Belief Pro) choosing card:
    Remaining hand (6 cards): ['JD', 'QH', 'AD', 'JS', '9C', '7D']
    Legal cards (1): ['QH']
    Current trick: 2 cards played
    Lead suit: H
    Trump suit: D
    Strategy: Belief Model Card Selection (NO HEURISTICS)
    Belief model predictions obtained
    Evaluating card 1/1: QH
      Belief model score: 1.000
    Belief model evaluation completed
    Best card: QH (score: 1.000)
Player 2 plays QH
  Player 3 (Belief Champion) choosing card:
    Remaining hand (5 cards): ['KC', 'QD', 'QC', '8C', 'JC']
    Legal cards (5): ['KC', 'QD', 'QC', '8C', 'JC']
    Current trick: 3 cards played
    Lead suit: H
    Trump suit: D
    Strategy: Belief Model Card Selection (NO HEURISTICS)
    Belief model predictions obtained
    Evaluating card 1/5: KC
      Belief model score: 1.500
    Evaluating card 2/5: QD
      Belief model score: 3.000
    Evaluating card 3/5: QC
      Belief model score: 0.500
    Evaluating card 4/5: 8C
      Belief model score: 1.500
    Evaluating card 5/5: JC
      Belief model score: 7.500
    Belief model evaluation completed
    Best card: JC (score: 7.500)
Player 3 plays JC
Player 0 won the hand: 5 points

  Player 0 (Belief Master) choosing card:
    Remaining hand (5 cards): ['7H', 'QS', 'AC', '10C', '10D']
    Legal cards (4): ['7H', 'QS', 'AC', '10C']
    Current trick: 0 cards played
    Trump suit: D
    Strategy: Belief Model Card Selection (NO HEURISTICS)
    Belief model predictions obtained
    Evaluating card 1/4: 7H
      Belief model score: 1.000
    Evaluating card 2/4: QS
      Belief model score: 0.000
    Evaluating card 3/4: AC
      Belief model score: 2.000
    Evaluating card 4/4: 10C
      Belief model score: 1.000
    Belief model evaluation completed
    Best card: AC (score: 2.000)
Player 0 plays AC
  Player 1 (Belief Expert) choosing card:
    Remaining hand (5 cards): ['KD', '7C', '10S', '7S', '8D']
    Legal cards (1): ['7C']
    Current trick: 1 cards played
    Lead suit: C
    Trump suit: D
    Strategy: Belief Model Card Selection (NO HEURISTICS)
    Belief model predictions obtained
    Evaluating card 1/1: 7C
      Belief model score: 2.000
    Belief model evaluation completed
    Best card: 7C (score: 2.000)
Player 1 plays 7C
  Player 2 (Belief Pro) choosing card:
    Remaining hand (5 cards): ['JD', 'AD', 'JS', '9C', '7D']
    Legal cards (1): ['9C']
    Current trick: 2 cards played
    Lead suit: C
    Trump suit: D
    Strategy: Belief Model Card Selection (NO HEURISTICS)
    Belief model predictions obtained
    Evaluating card 1/1: 9C
      Belief model score: 8.000
    Belief model evaluation completed
    Best card: 9C (score: 8.000)
Player 2 plays 9C
  Player 3 (Belief Champion) choosing card:
    Remaining hand (4 cards): ['KC', 'QD', 'QC', '8C']
    Legal cards (3): ['KC', 'QC', '8C']
    Current trick: 3 cards played
    Lead suit: C
    Trump suit: D
    Strategy: Belief Model Card Selection (NO HEURISTICS)
    Belief model predictions obtained
    Evaluating card 1/3: KC
      Belief model score: 2.000
    Evaluating card 2/3: QC
      Belief model score: 1.000
    Evaluating card 3/3: 8C
      Belief model score: 2.000
    Belief model evaluation completed
    Best card: KC (score: 2.000)
Player 3 plays KC
Player 2 won the hand: 3 points

  Player 0 (Belief Master) choosing card:
    Remaining hand (4 cards): ['7H', 'QS', '10C', '10D']
    Legal cards (3): ['7H', 'QS', '10C']
    Current trick: 0 cards played
    Trump suit: D
    Strategy: Belief Model Card Selection (NO HEURISTICS)
    Belief model predictions obtained
    Evaluating card 1/3: 7H
      Belief model score: 1.000
    Evaluating card 2/3: QS
      Belief model score: 0.000
    Evaluating card 3/3: 10C
      Belief model score: 1.000
    Belief model evaluation completed
    Best card: 7H (score: 1.000)
Player 0 plays 7H
  Player 1 (Belief Expert) choosing card:
    Remaining hand (4 cards): ['KD', '10S', '7S', '8D']
    Legal cards (4): ['KD', '10S', '7S', '8D']
    Current trick: 1 cards played
    Lead suit: H
    Trump suit: D
    Strategy: Belief Model Card Selection (NO HEURISTICS)
    Belief model predictions obtained
    Evaluating card 1/4: KD
      Belief model score: 4.000
    Evaluating card 2/4: 10S
      Belief model score: 1.500
    Evaluating card 3/4: 7S
      Belief model score: 1.500
    Evaluating card 4/4: 8D
      Belief model score: 4.000
    Belief model evaluation completed
    Best card: KD (score: 4.000)
-- Phase 2 begins: Trump revealed as D by Player 1 on trick 5 --
Player 1 plays KD
  Player 2 (Belief Pro) choosing card:
    Remaining hand (4 cards): ['JD', 'AD', 'JS', '7D']
    Legal cards (4): ['JD', 'AD', 'JS', '7D']
    Current trick: 2 cards played
    Lead suit: H
    Trump suit: D
    Strategy: Belief Model Card Selection (NO HEURISTICS)
    Belief model predictions obtained
    Evaluating card 1/4: JD
      Belief model score: 8.000
    Evaluating card 2/4: AD
      Belief model score: 6.000
    Evaluating card 3/4: JS
      Belief model score: 3.500
    Evaluating card 4/4: 7D
      Belief model score: 6.000
    Belief model evaluation completed
    Best card: JD (score: 8.000)
Player 2 plays JD
  Player 3 (Belief Champion) choosing card:
    Remaining hand (4 cards): ['QD', 'QC', '8C', '9D']
    Legal cards (4): ['QD', 'QC', '8C', '9D']
    Current trick: 3 cards played
    Lead suit: H
    Trump suit: D
    Strategy: Belief Model Card Selection (NO HEURISTICS)
    Belief model predictions obtained
    Evaluating card 1/4: QD
      Belief model score: 5.000
    Evaluating card 2/4: QC
      Belief model score: 0.500
    Evaluating card 3/4: 8C
      Belief model score: 1.500
    Evaluating card 4/4: 9D
      Belief model score: 8.000
    Belief model evaluation completed
    Best card: 9D (score: 8.000)
Player 3 plays 9D
Player 2 won the hand: 5 points

  Player 0 (Belief Master) choosing card:
    Remaining hand (3 cards): ['QS', '10C', '10D']
    Legal cards (3): ['QS', '10C', '10D']
    Current trick: 0 cards played
    Trump suit: D
    Strategy: Belief Model Card Selection (NO HEURISTICS)
    Belief model predictions obtained
    Evaluating card 1/3: QS
      Belief model score: 0.000
    Evaluating card 2/3: 10C
      Belief model score: 1.000
    Evaluating card 3/3: 10D
      Belief model score: 3.000
    Belief model evaluation completed
    Best card: 10D (score: 3.000)
Player 0 plays 10D
  Player 1 (Belief Expert) choosing card:
    Remaining hand (3 cards): ['10S', '7S', '8D']
    Legal cards (1): ['8D']
    Current trick: 1 cards played
    Lead suit: D
    Trump suit: D
    Strategy: Belief Model Card Selection (NO HEURISTICS)
    Belief model predictions obtained
    Evaluating card 1/1: 8D
      Belief model score: 4.000
    Belief model evaluation completed
    Best card: 8D (score: 4.000)
Player 1 plays 8D
  Player 2 (Belief Pro) choosing card:
    Remaining hand (3 cards): ['AD', 'JS', '7D']
    Legal cards (2): ['AD', '7D']
    Current trick: 2 cards played
    Lead suit: D
    Trump suit: D
    Strategy: Belief Model Card Selection (NO HEURISTICS)
    Belief model predictions obtained
    Evaluating card 1/2: AD
      Belief model score: 4.000
    Evaluating card 2/2: 7D
      Belief model score: 4.000
    Belief model evaluation completed
    Best card: AD (score: 4.000)
Player 2 plays AD
  Player 3 (Belief Champion) choosing card:
    Remaining hand (3 cards): ['QD', 'QC', '8C']
    Legal cards (1): ['QD']
    Current trick: 3 cards played
    Lead suit: D
    Trump suit: D
    Strategy: Belief Model Card Selection (NO HEURISTICS)
    Belief model predictions obtained
    Evaluating card 1/1: QD
      Belief model score: 3.000
    Belief model evaluation completed
    Best card: QD (score: 3.000)
Player 3 plays QD
Player 2 won the hand: 2 points

  Player 0 (Belief Master) choosing card:
    Remaining hand (2 cards): ['QS', '10C']
    Legal cards (2): ['QS', '10C']
    Current trick: 0 cards played
    Trump suit: D
    Strategy: Belief Model Card Selection (NO HEURISTICS)
    Belief model predictions obtained
    Evaluating card 1/2: QS
      Belief model score: 6.000
    Evaluating card 2/2: 10C
      Belief model score: 1.000
    Belief model evaluation completed
    Best card: QS (score: 6.000)
Player 0 plays QS
  Player 1 (Belief Expert) choosing card:
    Remaining hand (2 cards): ['10S', '7S']
    Legal cards (2): ['10S', '7S']
    Current trick: 1 cards played
    Lead suit: S
    Trump suit: D
    Strategy: Belief Model Card Selection (NO HEURISTICS)
    Belief model predictions obtained
    Evaluating card 1/2: 10S
      Belief model score: 12.000
    Evaluating card 2/2: 7S
      Belief model score: 8.000
    Belief model evaluation completed
    Best card: 10S (score: 12.000)
Player 1 plays 10S
  Player 2 (Belief Pro) choosing card:
    Remaining hand (2 cards): ['JS', '7D']
    Legal cards (1): ['JS']
    Current trick: 2 cards played
    Lead suit: S
    Trump suit: D
    Strategy: Belief Model Card Selection (NO HEURISTICS)
    Belief model predictions obtained
    Evaluating card 1/1: JS
      Belief model score: 14.000
    Belief model evaluation completed
    Best card: JS (score: 14.000)
Player 2 plays JS
  Player 3 (Belief Champion) choosing card:
    Remaining hand (2 cards): ['QC', '8C']
    Legal cards (2): ['QC', '8C']
    Current trick: 3 cards played
    Lead suit: S
    Trump suit: D
    Strategy: Belief Model Card Selection (NO HEURISTICS)
    Belief model predictions obtained
    Evaluating card 1/2: QC
      Belief model score: 6.500
    Evaluating card 2/2: 8C
      Belief model score: 7.500
    Belief model evaluation completed
    Best card: 8C (score: 7.500)
Player 3 plays 8C
Player 2 won the hand: 4 points

  Player 0 (Belief Master) choosing card:
    Remaining hand (1 cards): ['10C']
    Legal cards (1): ['10C']
    Current trick: 0 cards played
    Trump suit: D
    Strategy: Belief Model Card Selection (NO HEURISTICS)
    Belief model predictions obtained
    Evaluating card 1/1: 10C
      Belief model score: 1.000
    Belief model evaluation completed
    Best card: 10C (score: 1.000)
Player 0 plays 10C
  Player 1 (Belief Expert) choosing card:
    Remaining hand (1 cards): ['7S']
    Legal cards (1): ['7S']
    Current trick: 1 cards played
    Lead suit: C
    Trump suit: D
    Strategy: Belief Model Card Selection (NO HEURISTICS)
    Belief model predictions obtained
    Evaluating card 1/1: 7S
      Belief model score: 7.500
    Belief model evaluation completed
    Best card: 7S (score: 7.500)
Player 1 plays 7S
  Player 2 (Belief Pro) choosing card:
    Remaining hand (1 cards): ['7D']
    Legal cards (1): ['7D']
    Current trick: 2 cards played
    Lead suit: C
    Trump suit: D
    Strategy: Belief Model Card Selection (NO HEURISTICS)
    Belief model predictions obtained
    Evaluating card 1/1: 7D
      Belief model score: 6.000
    Belief model evaluation completed
    Best card: 7D (score: 6.000)
Player 2 plays 7D
  Player 3 (Belief Champion) choosing card:
    Remaining hand (1 cards): ['QC']
    Legal cards (1): ['QC']
    Current trick: 3 cards played
    Lead suit: C
    Trump suit: D
    Strategy: Belief Model Card Selection (NO HEURISTICS)
    Belief model predictions obtained
    Evaluating card 1/1: QC
      Belief model score: 7.000
    Belief model evaluation completed
    Best card: QC (score: 7.000)
Player 3 plays QC
Player 2 won the hand: 1 points

=== GAME SUMMARY ===
Team A (Players 0 & 2): 28 points
Team B (Players 1 & 3): 0 points
Bidder: Player 3 (Team B)
Winning Bid: 16
Bid Success: NO
Game Winner: Team B (Players 1 & 3)
Total Tricks: 8