
===== GAME 4 (20250825_143551_285) =====
Player 0 initial hand (bidding): ['9S', '10D', 'KH', 'JD']
Player 1 initial hand (bidding): ['KC', '8C', '8H', '9H']
Player 2 initial hand (bidding): ['AC', 'QH', '10S', 'AD']
Player 3 initial hand (bidding): ['QC', '9D', 'KD', '7D']

===== AUCTION =====
[DEBUG] BIDDING ANALYSIS - Player 0 (Hybrid Master)
[DEBUG]   Bidding hand: ['9S', '10D', 'KH', 'JD']
[DEBUG]   Hand strength: 0.214
[DEBUG]   Current bid: 16
[DEBUG]   Present suits: ['S', 'H', 'D']
[DEBUG]   Point prediction: 8.2 points
[DEBUG]   All bidding strategies failed, passing
Pass: Player 0 (min_allowed=17)
[DEBUG] BIDDING ANALYSIS - Player 1 (Hybrid Expert)
[DEBUG]   Bidding hand: ['KC', '8C', '8H', '9H']
[DEBUG]   Hand strength: 0.071
[DEBUG]   Current bid: 16
[DEBUG]   Present suits: ['H', 'C']
[DEBUG]   Point prediction: 5.4 points
[DEBUG]   All bidding strategies failed, passing
Pass: Player 1 (min_allowed=17)
[DEBUG] BIDDING ANALYSIS - Player 2 (Hybrid Pro)
[DEBUG]   Bidding hand: ['AC', 'QH', '10S', 'AD']
[DEBUG]   Hand strength: 0.107
[DEBUG]   Current bid: 16
[DEBUG]   Present suits: ['S', 'H', 'D', 'C']
[DEBUG]   Point prediction: 4.3 points
[DEBUG]   All bidding strategies failed, passing
Pass: Player 2 (min_allowed=17)
Auction winner: Player 3 with bid 16
[DEBUG] TRUMP SELECTION - Player 3 (Hybrid Champion)
[DEBUG]   Hand: ['QC', '9D', 'KD', '7D']
[DEBUG]   Hybrid agent selected trump: D (method: belief_model)
[DEBUG]   Confidence: 0.300
[DEBUG]   Reasoning: Fallback to suit with most cards: {'H': 0, 'D': 3, 'C': 1, 'S': 0}
Bidder sets concealed trump suit: D
Phase: concealed, bidder concealed card: [face-down trump]

Full hands (8 cards each):
Player 0 full hand: ['9S', '10D', 'KH', 'JD', '9C', 'QS', 'AH', '8S']
Player 1 full hand: ['KC', '8C', '8H', '9H', 'JS', 'QD', 'KS', 'JH']
Player 2 full hand: ['AC', 'QH', '10S', 'AD', '10H', '7H', '8D', 'AS']
Player 3 full hand: ['QC', 'KD', '7D', 'JC', '10C', '7C', '7S']

Player 0 (auction 4 cards): ['9S', '10D', 'KH', 'JD']
Player 1 (auction 4 cards): ['KC', '8C', '8H', '9H']
Player 2 (auction 4 cards): ['AC', 'QH', '10S', 'AD']
Player 3 (auction 4 cards): ['QC', 'KD', '7D', 'JC']
Auction winner (bidder): Player 3 with bid 16
Bidder sets concealed trump suit: D
Phase: concealed, bidder concealed card: [face-down trump]

[DEBUG]   Player 3 (Hybrid Champion) choosing card:
[DEBUG]     Remaining hand (7 cards): ['QC', 'KD', '7D', 'JC', '10C', '7C', '7S']
[DEBUG]     Legal cards (5): ['QC', 'JC', '10C', '7C', '7S']
[DEBUG]     Current trick: 0 cards played
[DEBUG]     Trump suit: D
[DEBUG]     Hybrid agent selected card: JC (method: belief_model)
[DEBUG]     Confidence: 0.200
[DEBUG]     Reasoning: Fallback to highest value card due to error: 'NoneType' object has no attribute 'predict_beliefs'
[DEBUG]   Player 0 (Hybrid Master) choosing card:
[DEBUG]     Remaining hand (8 cards): ['9S', '10D', 'KH', 'JD', '9C', 'QS', 'AH', '8S']
[DEBUG]     Legal cards (1): ['9C']
[DEBUG]     Current trick: 1 cards played
[DEBUG]     Lead suit: C
[DEBUG]     Trump suit: D
[DEBUG]     Trump reveal selected by hybrid agent
[DEBUG]     Hybrid agent selected card: JD (method: belief_model)
[DEBUG]     Confidence: 0.200
[DEBUG]     Reasoning: Reveal chosen (score 0.250 > 0.200)
-- Phase 2 begins: Trump revealed as D by Player 0 on trick 1 --
[DEBUG] TRUMP REVEALED!
[DEBUG]   Player 0 revealed trump D
[DEBUG]   Trick number: 1
[DEBUG]   Card played: JD
[DEBUG]   Game phase changed from CONCEALED to REVEALED
[DEBUG]   Player 1 (Hybrid Expert) choosing card:
[DEBUG]     Remaining hand (8 cards): ['KC', '8C', '8H', '9H', 'JS', 'QD', 'KS', 'JH']
[DEBUG]     Legal cards (2): ['KC', '8C']
[DEBUG]     Current trick: 2 cards played
[DEBUG]     Lead suit: C
[DEBUG]     Trump suit: D
[DEBUG]     Hybrid agent selected card: KC (method: belief_model)
[DEBUG]     Confidence: 0.200
[DEBUG]     Reasoning: Fallback to highest value card due to error: 'NoneType' object has no attribute 'predict_beliefs'
[DEBUG]   Player 2 (Hybrid Pro) choosing card:
[DEBUG]     Remaining hand (8 cards): ['AC', 'QH', '10S', 'AD', '10H', '7H', '8D', 'AS']
[DEBUG]     Legal cards (1): ['AC']
[DEBUG]     Current trick: 3 cards played
[DEBUG]     Lead suit: C
[DEBUG]     Trump suit: D
[DEBUG]     Hybrid agent selected card: AC (method: belief_model)
[DEBUG]     Confidence: 0.200
[DEBUG]     Reasoning: Fallback to highest value card due to error: 'NoneType' object has no attribute 'predict_beliefs'
Player 0 won the hand: 7 points


[DEBUG]   Player 0 (Hybrid Master) choosing card:
[DEBUG]     Remaining hand (7 cards): ['9S', '10D', 'KH', '9C', 'QS', 'AH', '8S']
[DEBUG]     Legal cards (6): ['9S', 'KH', '9C', 'QS', 'AH', '8S']
[DEBUG]     Current trick: 0 cards played
[DEBUG]     Trump suit: D
[DEBUG]     Hybrid agent selected card: 9S (method: belief_model)
[DEBUG]     Confidence: 0.200
[DEBUG]     Reasoning: Fallback to highest value card due to error: 'NoneType' object has no attribute 'predict_beliefs'
[DEBUG]   Player 1 (Hybrid Expert) choosing card:
[DEBUG]     Remaining hand (7 cards): ['8C', '8H', '9H', 'JS', 'QD', 'KS', 'JH']
[DEBUG]     Legal cards (2): ['JS', 'KS']
[DEBUG]     Current trick: 1 cards played
[DEBUG]     Lead suit: S
[DEBUG]     Trump suit: D
[DEBUG]     Hybrid agent selected card: JS (method: belief_model)
[DEBUG]     Confidence: 0.200
[DEBUG]     Reasoning: Fallback to highest value card due to error: 'NoneType' object has no attribute 'predict_beliefs'
[DEBUG]   Player 2 (Hybrid Pro) choosing card:
[DEBUG]     Remaining hand (7 cards): ['QH', '10S', 'AD', '10H', '7H', '8D', 'AS']
[DEBUG]     Legal cards (2): ['10S', 'AS']
[DEBUG]     Current trick: 2 cards played
[DEBUG]     Lead suit: S
[DEBUG]     Trump suit: D
[DEBUG]     Hybrid agent selected card: 10S (method: belief_model)
[DEBUG]     Confidence: 0.200
[DEBUG]     Reasoning: Fallback to highest value card due to error: 'NoneType' object has no attribute 'predict_beliefs'
[DEBUG]   Player 3 (Hybrid Champion) choosing card:
[DEBUG]     Remaining hand (6 cards): ['QC', 'KD', '7D', '10C', '7C', '7S']
[DEBUG]     Legal cards (1): ['7S']
[DEBUG]     Current trick: 3 cards played
[DEBUG]     Lead suit: S
[DEBUG]     Trump suit: D
[DEBUG]     Hybrid agent selected card: 7S (method: belief_model)
[DEBUG]     Confidence: 0.200
[DEBUG]     Reasoning: Fallback to highest value card due to error: 'NoneType' object has no attribute 'predict_beliefs'
Player 1 won the hand: 6 points


[DEBUG]   Player 1 (Hybrid Expert) choosing card:
[DEBUG]     Remaining hand (6 cards): ['8C', '8H', '9H', 'QD', 'KS', 'JH']
[DEBUG]     Legal cards (5): ['8C', '8H', '9H', 'KS', 'JH']
[DEBUG]     Current trick: 0 cards played
[DEBUG]     Trump suit: D
[DEBUG]     Hybrid agent selected card: JH (method: belief_model)
[DEBUG]     Confidence: 0.200
[DEBUG]     Reasoning: Fallback to highest value card due to error: 'NoneType' object has no attribute 'predict_beliefs'
[DEBUG]   Player 2 (Hybrid Pro) choosing card:
[DEBUG]     Remaining hand (6 cards): ['QH', 'AD', '10H', '7H', '8D', 'AS']
[DEBUG]     Legal cards (3): ['QH', '10H', '7H']
[DEBUG]     Current trick: 1 cards played
[DEBUG]     Lead suit: H
[DEBUG]     Trump suit: D
[DEBUG]     Hybrid agent selected card: 10H (method: belief_model)
[DEBUG]     Confidence: 0.200
[DEBUG]     Reasoning: Fallback to highest value card due to error: 'NoneType' object has no attribute 'predict_beliefs'
[DEBUG]   Player 3 (Hybrid Champion) choosing card:
[DEBUG]     Remaining hand (5 cards): ['QC', 'KD', '7D', '10C', '7C']
[DEBUG]     Legal cards (5): ['QC', 'KD', '7D', '10C', '7C']
[DEBUG]     Current trick: 2 cards played
[DEBUG]     Lead suit: H
[DEBUG]     Trump suit: D
[DEBUG]     Hybrid agent selected card: 10C (method: belief_model)
[DEBUG]     Confidence: 0.200
[DEBUG]     Reasoning: Fallback to highest value card due to error: 'NoneType' object has no attribute 'predict_beliefs'
[DEBUG]   Player 0 (Hybrid Master) choosing card:
[DEBUG]     Remaining hand (6 cards): ['10D', 'KH', '9C', 'QS', 'AH', '8S']
[DEBUG]     Legal cards (2): ['KH', 'AH']
[DEBUG]     Current trick: 3 cards played
[DEBUG]     Lead suit: H
[DEBUG]     Trump suit: D
[DEBUG]     Hybrid agent selected card: AH (method: belief_model)
[DEBUG]     Confidence: 0.200
[DEBUG]     Reasoning: Fallback to highest value card due to error: 'NoneType' object has no attribute 'predict_beliefs'
Player 1 won the hand: 6 points


[DEBUG]   Player 1 (Hybrid Expert) choosing card:
[DEBUG]     Remaining hand (5 cards): ['8C', '8H', '9H', 'QD', 'KS']
[DEBUG]     Legal cards (4): ['8C', '8H', '9H', 'KS']
[DEBUG]     Current trick: 0 cards played
[DEBUG]     Trump suit: D
[DEBUG]     Hybrid agent selected card: 9H (method: hybrid)
[DEBUG]     Confidence: 0.220
[DEBUG]     Reasoning: Hybrid card: Belief(9H, 0.200) vs ISMCTS(9H, 0.240)
[DEBUG]   Player 2 (Hybrid Pro) choosing card:
[DEBUG]     Remaining hand (5 cards): ['QH', 'AD', '7H', '8D', 'AS']
[DEBUG]     Legal cards (2): ['QH', '7H']
[DEBUG]     Current trick: 1 cards played
[DEBUG]     Lead suit: H
[DEBUG]     Trump suit: D
[DEBUG]     Hybrid agent selected card: QH (method: hybrid)
[DEBUG]     Confidence: 0.220
[DEBUG]     Reasoning: Hybrid card: Belief(QH, 0.200) vs ISMCTS(QH, 0.240)
[DEBUG]   Player 3 (Hybrid Champion) choosing card:
[DEBUG]     Remaining hand (4 cards): ['QC', 'KD', '7D', '7C']
[DEBUG]     Legal cards (4): ['QC', 'KD', '7D', '7C']
[DEBUG]     Current trick: 2 cards played
[DEBUG]     Lead suit: H
[DEBUG]     Trump suit: D
[DEBUG]     Hybrid agent selected card: QC (method: hybrid)
[DEBUG]     Confidence: 0.220
[DEBUG]     Reasoning: Hybrid card: Belief(QC, 0.200) vs ISMCTS(QC, 0.240)
[DEBUG]   Player 0 (Hybrid Master) choosing card:
[DEBUG]     Remaining hand (5 cards): ['10D', 'KH', '9C', 'QS', '8S']
[DEBUG]     Legal cards (1): ['KH']
[DEBUG]     Current trick: 3 cards played
[DEBUG]     Lead suit: H
[DEBUG]     Trump suit: D
[DEBUG]     Hybrid agent selected card: KH (method: hybrid)
[DEBUG]     Confidence: 0.220
[DEBUG]     Reasoning: Hybrid card: Belief(KH, 0.200) vs ISMCTS(KH, 0.240)
Player 1 won the hand: 2 points


[DEBUG]   Player 1 (Hybrid Expert) choosing card:
[DEBUG]     Remaining hand (4 cards): ['8C', '8H', 'QD', 'KS']
[DEBUG]     Legal cards (3): ['8C', '8H', 'KS']
[DEBUG]     Current trick: 0 cards played
[DEBUG]     Trump suit: D
[DEBUG]     Hybrid agent selected card: 8C (method: hybrid)
[DEBUG]     Confidence: 0.220
[DEBUG]     Reasoning: Hybrid card: Belief(8C, 0.200) vs ISMCTS(8C, 0.240)
[DEBUG]   Player 2 (Hybrid Pro) choosing card:
[DEBUG]     Remaining hand (4 cards): ['AD', '7H', '8D', 'AS']
[DEBUG]     Legal cards (4): ['AD', '7H', '8D', 'AS']
[DEBUG]     Current trick: 1 cards played
[DEBUG]     Lead suit: C
[DEBUG]     Trump suit: D
[DEBUG]     Hybrid agent selected card: AD (method: hybrid)
[DEBUG]     Confidence: 0.220
[DEBUG]     Reasoning: Hybrid card: Belief(AD, 0.200) vs ISMCTS(AD, 0.240)
[DEBUG]   Player 3 (Hybrid Champion) choosing card:
[DEBUG]     Remaining hand (3 cards): ['KD', '7D', '7C']
[DEBUG]     Legal cards (1): ['7C']
[DEBUG]     Current trick: 2 cards played
[DEBUG]     Lead suit: C
[DEBUG]     Trump suit: D
[DEBUG]     Hybrid agent selected card: 7C (method: hybrid)
[DEBUG]     Confidence: 0.220
[DEBUG]     Reasoning: Hybrid card: Belief(7C, 0.200) vs ISMCTS(7C, 0.240)
[DEBUG]   Player 0 (Hybrid Master) choosing card:
[DEBUG]     Remaining hand (4 cards): ['10D', '9C', 'QS', '8S']
[DEBUG]     Legal cards (1): ['9C']
[DEBUG]     Current trick: 3 cards played
[DEBUG]     Lead suit: C
[DEBUG]     Trump suit: D
[DEBUG]     Hybrid agent selected card: 9C (method: hybrid)
[DEBUG]     Confidence: 0.220
[DEBUG]     Reasoning: Hybrid card: Belief(9C, 0.200) vs ISMCTS(9C, 0.240)
Player 2 won the hand: 3 points


[DEBUG]   Player 2 (Hybrid Pro) choosing card:
[DEBUG]     Remaining hand (3 cards): ['7H', '8D', 'AS']
[DEBUG]     Legal cards (2): ['7H', 'AS']
[DEBUG]     Current trick: 0 cards played
[DEBUG]     Trump suit: D
[DEBUG]     Hybrid agent selected card: AS (method: hybrid)
[DEBUG]     Confidence: 0.220
[DEBUG]     Reasoning: Hybrid card: Belief(AS, 0.200) vs ISMCTS(AS, 0.240)
[DEBUG]   Player 3 (Hybrid Champion) choosing card:
[DEBUG]     Remaining hand (2 cards): ['KD', '7D']
[DEBUG]     Legal cards (2): ['KD', '7D']
[DEBUG]     Current trick: 1 cards played
[DEBUG]     Lead suit: S
[DEBUG]     Trump suit: D
[DEBUG]     Hybrid agent selected card: KD (method: hybrid)
[DEBUG]     Confidence: 0.220
[DEBUG]     Reasoning: Hybrid card: Belief(KD, 0.200) vs ISMCTS(KD, 0.240)
[DEBUG]   Player 0 (Hybrid Master) choosing card:
[DEBUG]     Remaining hand (3 cards): ['10D', 'QS', '8S']
[DEBUG]     Legal cards (2): ['QS', '8S']
[DEBUG]     Current trick: 2 cards played
[DEBUG]     Lead suit: S
[DEBUG]     Trump suit: D
[DEBUG]     Hybrid agent selected card: QS (method: hybrid)
[DEBUG]     Confidence: 0.220
[DEBUG]     Reasoning: Hybrid card: Belief(QS, 0.200) vs ISMCTS(QS, 0.240)
[DEBUG]   Player 1 (Hybrid Expert) choosing card:
[DEBUG]     Remaining hand (3 cards): ['8H', 'QD', 'KS']
[DEBUG]     Legal cards (1): ['KS']
[DEBUG]     Current trick: 3 cards played
[DEBUG]     Lead suit: S
[DEBUG]     Trump suit: D
[DEBUG]     Hybrid agent selected card: KS (method: hybrid)
[DEBUG]     Confidence: 0.220
[DEBUG]     Reasoning: Hybrid card: Belief(KS, 0.200) vs ISMCTS(KS, 0.240)
Player 3 won the hand: 1 points


[DEBUG]   Player 3 (Hybrid Champion) choosing card:
[DEBUG]     Remaining hand (1 cards): ['7D']
[DEBUG]     Legal cards (1): ['7D']
[DEBUG]     Current trick: 0 cards played
[DEBUG]     Trump suit: D
[DEBUG]     Hybrid agent selected card: 7D (method: ismcts)
[DEBUG]     Confidence: 0.240
[DEBUG]     Reasoning: Fallback to highest value card due to error: 'NoneType' object has no attribute 'predict_beliefs'
[DEBUG]   Player 0 (Hybrid Master) choosing card:
[DEBUG]     Remaining hand (2 cards): ['10D', '8S']
[DEBUG]     Legal cards (1): ['10D']
[DEBUG]     Current trick: 1 cards played
[DEBUG]     Lead suit: D
[DEBUG]     Trump suit: D
[DEBUG]     Hybrid agent selected card: 10D (method: ismcts)
[DEBUG]     Confidence: 0.240
[DEBUG]     Reasoning: Fallback to highest value card due to error: 'NoneType' object has no attribute 'predict_beliefs'
[DEBUG]   Player 1 (Hybrid Expert) choosing card:
[DEBUG]     Remaining hand (2 cards): ['8H', 'QD']
[DEBUG]     Legal cards (1): ['QD']
[DEBUG]     Current trick: 2 cards played
[DEBUG]     Lead suit: D
[DEBUG]     Trump suit: D
[DEBUG]     Hybrid agent selected card: QD (method: ismcts)
[DEBUG]     Confidence: 0.240
[DEBUG]     Reasoning: Fallback to highest value card due to error: 'NoneType' object has no attribute 'predict_beliefs'
[DEBUG]   Player 2 (Hybrid Pro) choosing card:
[DEBUG]     Remaining hand (2 cards): ['7H', '8D']
[DEBUG]     Legal cards (1): ['8D']
[DEBUG]     Current trick: 3 cards played
[DEBUG]     Lead suit: D
[DEBUG]     Trump suit: D
[DEBUG]     Hybrid agent selected card: 8D (method: ismcts)
[DEBUG]     Confidence: 0.240
[DEBUG]     Reasoning: Fallback to highest value card due to error: 'NoneType' object has no attribute 'predict_beliefs'
Player 0 won the hand: 1 points


[DEBUG]   Player 0 (Hybrid Master) choosing card:
[DEBUG]     Remaining hand (1 cards): ['8S']
[DEBUG]     Legal cards (1): ['8S']
[DEBUG]     Current trick: 0 cards played
[DEBUG]     Trump suit: D
[DEBUG]     Hybrid agent selected card: 8S (method: ismcts)
[DEBUG]     Confidence: 0.240
[DEBUG]     Reasoning: Fallback to highest value card due to error: 'NoneType' object has no attribute 'predict_beliefs'
[DEBUG]   Player 1 (Hybrid Expert) choosing card:
[DEBUG]     Remaining hand (1 cards): ['8H']
[DEBUG]     Legal cards (1): ['8H']
[DEBUG]     Current trick: 1 cards played
[DEBUG]     Lead suit: S
[DEBUG]     Trump suit: D
[DEBUG]     Hybrid agent selected card: 8H (method: ismcts)
[DEBUG]     Confidence: 0.240
[DEBUG]     Reasoning: Fallback to highest value card due to error: 'NoneType' object has no attribute 'predict_beliefs'
[DEBUG]   Player 2 (Hybrid Pro) choosing card:
[DEBUG]     Remaining hand (1 cards): ['7H']
[DEBUG]     Legal cards (1): ['7H']
[DEBUG]     Current trick: 2 cards played
[DEBUG]     Lead suit: S
[DEBUG]     Trump suit: D
[DEBUG]     Hybrid agent selected card: 7H (method: ismcts)
[DEBUG]     Confidence: 0.240
[DEBUG]     Reasoning: Fallback to highest value card due to error: 'NoneType' object has no attribute 'predict_beliefs'
=== GAME SUMMARY ===
Team A (Players 0 & 2): 11 points
Team B (Players 1 & 3): 15 points
Bidder: Player 3 (Team B)
Winning Bid: 16
Bid Success: NO
Game Winner: Tie
Total Tricks: 7