
===== GAME 2 (20250825_143549_603) =====
Player 0 initial hand (bidding): ['AC', '10S', 'KC', 'AD']
Player 1 initial hand (bidding): ['QC', '8H', 'JH', '8S']
Player 2 initial hand (bidding): ['KH', '8D', 'JS', 'AH']
Player 3 initial hand (bidding): ['QD', '10C', 'QS', 'KS']

===== AUCTION =====
[DEBUG] BIDDING ANALYSIS - Player 0 (Hybrid Master)
[DEBUG]   Bidding hand: ['AC', '10S', 'KC', 'AD']
[DEBUG]   Hand strength: 0.107
[DEBUG]   Current bid: 16
[DEBUG]   Present suits: ['S', 'D', 'C']
[DEBUG]   Point prediction: 8.8 points
[DEBUG]   All bidding strategies failed, passing
Pass: Player 0 (min_allowed=17)
[DEBUG] BIDDING ANALYSIS - Player 1 (Hybrid Expert)
[DEBUG]   Bidding hand: ['QC', '8H', 'JH', '8S']
[DEBUG]   Hand strength: 0.107
[DEBUG]   Current bid: 16
[DEBUG]   Present suits: ['S', 'H', 'C']
[DEBUG]   Point prediction: 8.6 points
[DEBUG]   All bidding strategies failed, passing
Pass: Player 1 (min_allowed=17)
[DEBUG] BIDDING ANALYSIS - Player 2 (Hybrid Pro)
[DEBUG]   Bidding hand: ['KH', '8D', 'JS', 'AH']
[DEBUG]   Hand strength: 0.143
[DEBUG]   Current bid: 16
[DEBUG]   Present suits: ['S', 'H', 'D']
[DEBUG]   Point prediction: 5.2 points
[DEBUG]   All bidding strategies failed, passing
Pass: Player 2 (min_allowed=17)
Auction winner: Player 3 with bid 16
[DEBUG] TRUMP SELECTION - Player 3 (Hybrid Champion)
[DEBUG]   Hand: ['QD', '10C', 'QS', 'KS']
[DEBUG]   Hybrid agent selected trump: S (method: belief_model)
[DEBUG]   Confidence: 0.300
[DEBUG]   Reasoning: Fallback to suit with most cards: {'H': 0, 'D': 1, 'C': 1, 'S': 2}
Bidder sets concealed trump suit: S
Phase: concealed, bidder concealed card: [face-down trump]

Full hands (8 cards each):
Player 0 full hand: ['AC', '10S', 'KC', 'AD', '9H', '9S', '7H', '7C']
Player 1 full hand: ['QC', '8H', 'JH', '8S', '7D', '7S', 'JD', '9C']
Player 2 full hand: ['KH', '8D', 'JS', 'AH', 'QH', '10H', '10D', 'AS']
Player 3 full hand: ['QD', '10C', 'QS', '8C', 'JC', '9D', 'KD']

Player 0 (auction 4 cards): ['AC', '10S', 'KC', 'AD']
Player 1 (auction 4 cards): ['QC', '8H', 'JH', '8S']
Player 2 (auction 4 cards): ['KH', '8D', 'JS', 'AH']
Player 3 (auction 4 cards): ['QD', '10C', 'QS', '8C']
Auction winner (bidder): Player 3 with bid 16
Bidder sets concealed trump suit: S
Phase: concealed, bidder concealed card: [face-down trump]

[DEBUG]   Player 3 (Hybrid Champion) choosing card:
[DEBUG]     Remaining hand (7 cards): ['QD', '10C', 'QS', '8C', 'JC', '9D', 'KD']
[DEBUG]     Legal cards (6): ['QD', '10C', '8C', 'JC', '9D', 'KD']
[DEBUG]     Current trick: 0 cards played
[DEBUG]     Trump suit: S
[DEBUG]     Hybrid agent selected card: JC (method: belief_model)
[DEBUG]     Confidence: 0.200
[DEBUG]     Reasoning: Fallback to highest value card due to error: 'NoneType' object has no attribute 'predict_beliefs'
[DEBUG]   Player 0 (Hybrid Master) choosing card:
[DEBUG]     Remaining hand (8 cards): ['AC', '10S', 'KC', 'AD', '9H', '9S', '7H', '7C']
[DEBUG]     Legal cards (3): ['AC', 'KC', '7C']
[DEBUG]     Current trick: 1 cards played
[DEBUG]     Lead suit: C
[DEBUG]     Trump suit: S
[DEBUG]     Trump reveal selected by hybrid agent
[DEBUG]     Hybrid agent selected card: 9S (method: belief_model)
[DEBUG]     Confidence: 0.200
[DEBUG]     Reasoning: Reveal chosen (score 0.250 > 0.200)
-- Phase 2 begins: Trump revealed as S by Player 0 on trick 1 --
[DEBUG] TRUMP REVEALED!
[DEBUG]   Player 0 revealed trump S
[DEBUG]   Trick number: 1
[DEBUG]   Card played: 9S
[DEBUG]   Game phase changed from CONCEALED to REVEALED
[DEBUG]   Player 1 (Hybrid Expert) choosing card:
[DEBUG]     Remaining hand (8 cards): ['QC', '8H', 'JH', '8S', '7D', '7S', 'JD', '9C']
[DEBUG]     Legal cards (2): ['QC', '9C']
[DEBUG]     Current trick: 2 cards played
[DEBUG]     Lead suit: C
[DEBUG]     Trump suit: S
[DEBUG]     Hybrid agent selected card: 9C (method: belief_model)
[DEBUG]     Confidence: 0.200
[DEBUG]     Reasoning: Fallback to highest value card due to error: 'NoneType' object has no attribute 'predict_beliefs'
[DEBUG]   Player 2 (Hybrid Pro) choosing card:
[DEBUG]     Remaining hand (8 cards): ['KH', '8D', 'JS', 'AH', 'QH', '10H', '10D', 'AS']
[DEBUG]     Legal cards (8): ['KH', '8D', 'JS', 'AH', 'QH', '10H', '10D', 'AS']
[DEBUG]     Current trick: 3 cards played
[DEBUG]     Lead suit: C
[DEBUG]     Trump suit: S
[DEBUG]     Hybrid agent selected card: JS (method: belief_model)
[DEBUG]     Confidence: 0.200
[DEBUG]     Reasoning: Fallback to highest value card due to error: 'NoneType' object has no attribute 'predict_beliefs'
Player 2 won the hand: 10 points


[DEBUG]   Player 2 (Hybrid Pro) choosing card:
[DEBUG]     Remaining hand (7 cards): ['KH', '8D', 'AH', 'QH', '10H', '10D', 'AS']
[DEBUG]     Legal cards (6): ['KH', '8D', 'AH', 'QH', '10H', '10D']
[DEBUG]     Current trick: 0 cards played
[DEBUG]     Trump suit: S
[DEBUG]     Hybrid agent selected card: AH (method: belief_model)
[DEBUG]     Confidence: 0.200
[DEBUG]     Reasoning: Fallback to highest value card due to error: 'NoneType' object has no attribute 'predict_beliefs'
[DEBUG]   Player 3 (Hybrid Champion) choosing card:
[DEBUG]     Remaining hand (6 cards): ['QD', '10C', 'QS', '8C', '9D', 'KD']
[DEBUG]     Legal cards (6): ['QD', '10C', 'QS', '8C', '9D', 'KD']
[DEBUG]     Current trick: 1 cards played
[DEBUG]     Lead suit: H
[DEBUG]     Trump suit: S
[DEBUG]     Hybrid agent selected card: 9D (method: belief_model)
[DEBUG]     Confidence: 0.200
[DEBUG]     Reasoning: Fallback to highest value card due to error: 'NoneType' object has no attribute 'predict_beliefs'
[DEBUG]   Player 0 (Hybrid Master) choosing card:
[DEBUG]     Remaining hand (7 cards): ['AC', '10S', 'KC', 'AD', '9H', '7H', '7C']
[DEBUG]     Legal cards (2): ['9H', '7H']
[DEBUG]     Current trick: 2 cards played
[DEBUG]     Lead suit: H
[DEBUG]     Trump suit: S
[DEBUG]     Hybrid agent selected card: 9H (method: belief_model)
[DEBUG]     Confidence: 0.200
[DEBUG]     Reasoning: Fallback to highest value card due to error: 'NoneType' object has no attribute 'predict_beliefs'
[DEBUG]   Player 1 (Hybrid Expert) choosing card:
[DEBUG]     Remaining hand (7 cards): ['QC', '8H', 'JH', '8S', '7D', '7S', 'JD']
[DEBUG]     Legal cards (2): ['8H', 'JH']
[DEBUG]     Current trick: 3 cards played
[DEBUG]     Lead suit: H
[DEBUG]     Trump suit: S
[DEBUG]     Hybrid agent selected card: JH (method: belief_model)
[DEBUG]     Confidence: 0.200
[DEBUG]     Reasoning: Fallback to highest value card due to error: 'NoneType' object has no attribute 'predict_beliefs'
Player 1 won the hand: 8 points


[DEBUG]   Player 1 (Hybrid Expert) choosing card:
[DEBUG]     Remaining hand (6 cards): ['QC', '8H', '8S', '7D', '7S', 'JD']
[DEBUG]     Legal cards (4): ['QC', '8H', '7D', 'JD']
[DEBUG]     Current trick: 0 cards played
[DEBUG]     Trump suit: S
[DEBUG]     Hybrid agent selected card: JD (method: belief_model)
[DEBUG]     Confidence: 0.200
[DEBUG]     Reasoning: Fallback to highest value card due to error: 'NoneType' object has no attribute 'predict_beliefs'
[DEBUG]   Player 2 (Hybrid Pro) choosing card:
[DEBUG]     Remaining hand (6 cards): ['KH', '8D', 'QH', '10H', '10D', 'AS']
[DEBUG]     Legal cards (2): ['8D', '10D']
[DEBUG]     Current trick: 1 cards played
[DEBUG]     Lead suit: D
[DEBUG]     Trump suit: S
[DEBUG]     Hybrid agent selected card: 10D (method: belief_model)
[DEBUG]     Confidence: 0.200
[DEBUG]     Reasoning: Fallback to highest value card due to error: 'NoneType' object has no attribute 'predict_beliefs'
[DEBUG]   Player 3 (Hybrid Champion) choosing card:
[DEBUG]     Remaining hand (5 cards): ['QD', '10C', 'QS', '8C', 'KD']
[DEBUG]     Legal cards (2): ['QD', 'KD']
[DEBUG]     Current trick: 2 cards played
[DEBUG]     Lead suit: D
[DEBUG]     Trump suit: S
[DEBUG]     Hybrid agent selected card: QD (method: belief_model)
[DEBUG]     Confidence: 0.200
[DEBUG]     Reasoning: Fallback to highest value card due to error: 'NoneType' object has no attribute 'predict_beliefs'
[DEBUG]   Player 0 (Hybrid Master) choosing card:
[DEBUG]     Remaining hand (6 cards): ['AC', '10S', 'KC', 'AD', '7H', '7C']
[DEBUG]     Legal cards (1): ['AD']
[DEBUG]     Current trick: 3 cards played
[DEBUG]     Lead suit: D
[DEBUG]     Trump suit: S
[DEBUG]     Hybrid agent selected card: AD (method: belief_model)
[DEBUG]     Confidence: 0.200
[DEBUG]     Reasoning: Fallback to highest value card due to error: 'NoneType' object has no attribute 'predict_beliefs'
Player 1 won the hand: 5 points


[DEBUG]   Player 1 (Hybrid Expert) choosing card:
[DEBUG]     Remaining hand (5 cards): ['QC', '8H', '8S', '7D', '7S']
[DEBUG]     Legal cards (3): ['QC', '8H', '7D']
[DEBUG]     Current trick: 0 cards played
[DEBUG]     Trump suit: S
[DEBUG]     Hybrid agent selected card: QC (method: hybrid)
[DEBUG]     Confidence: 0.220
[DEBUG]     Reasoning: Hybrid card: Belief(QC, 0.200) vs ISMCTS(QC, 0.240)
[DEBUG]   Player 2 (Hybrid Pro) choosing card:
[DEBUG]     Remaining hand (5 cards): ['KH', '8D', 'QH', '10H', 'AS']
[DEBUG]     Legal cards (5): ['KH', '8D', 'QH', '10H', 'AS']
[DEBUG]     Current trick: 1 cards played
[DEBUG]     Lead suit: C
[DEBUG]     Trump suit: S
[DEBUG]     Hybrid agent selected card: 10H (method: hybrid)
[DEBUG]     Confidence: 0.220
[DEBUG]     Reasoning: Hybrid card: Belief(10H, 0.200) vs ISMCTS(10H, 0.240)
[DEBUG]   Player 3 (Hybrid Champion) choosing card:
[DEBUG]     Remaining hand (4 cards): ['10C', 'QS', '8C', 'KD']
[DEBUG]     Legal cards (2): ['10C', '8C']
[DEBUG]     Current trick: 2 cards played
[DEBUG]     Lead suit: C
[DEBUG]     Trump suit: S
[DEBUG]     Hybrid agent selected card: 10C (method: hybrid)
[DEBUG]     Confidence: 0.220
[DEBUG]     Reasoning: Hybrid card: Belief(10C, 0.200) vs ISMCTS(10C, 0.240)
[DEBUG]   Player 0 (Hybrid Master) choosing card:
[DEBUG]     Remaining hand (5 cards): ['AC', '10S', 'KC', '7H', '7C']
[DEBUG]     Legal cards (3): ['AC', 'KC', '7C']
[DEBUG]     Current trick: 3 cards played
[DEBUG]     Lead suit: C
[DEBUG]     Trump suit: S
[DEBUG]     Hybrid agent selected card: AC (method: hybrid)
[DEBUG]     Confidence: 0.220
[DEBUG]     Reasoning: Hybrid card: Belief(AC, 0.200) vs ISMCTS(AC, 0.240)
Player 0 won the hand: 3 points


[DEBUG]   Player 0 (Hybrid Master) choosing card:
[DEBUG]     Remaining hand (4 cards): ['10S', 'KC', '7H', '7C']
[DEBUG]     Legal cards (3): ['KC', '7H', '7C']
[DEBUG]     Current trick: 0 cards played
[DEBUG]     Trump suit: S
[DEBUG]     Hybrid agent selected card: KC (method: hybrid)
[DEBUG]     Confidence: 0.220
[DEBUG]     Reasoning: Hybrid card: Belief(KC, 0.200) vs ISMCTS(KC, 0.240)
[DEBUG]   Player 1 (Hybrid Expert) choosing card:
[DEBUG]     Remaining hand (4 cards): ['8H', '8S', '7D', '7S']
[DEBUG]     Legal cards (4): ['8H', '8S', '7D', '7S']
[DEBUG]     Current trick: 1 cards played
[DEBUG]     Lead suit: C
[DEBUG]     Trump suit: S
[DEBUG]     Hybrid agent selected card: 8H (method: hybrid)
[DEBUG]     Confidence: 0.220
[DEBUG]     Reasoning: Hybrid card: Belief(8H, 0.200) vs ISMCTS(8H, 0.240)
[DEBUG]   Player 2 (Hybrid Pro) choosing card:
[DEBUG]     Remaining hand (4 cards): ['KH', '8D', 'QH', 'AS']
[DEBUG]     Legal cards (4): ['KH', '8D', 'QH', 'AS']
[DEBUG]     Current trick: 2 cards played
[DEBUG]     Lead suit: C
[DEBUG]     Trump suit: S
[DEBUG]     Hybrid agent selected card: AS (method: hybrid)
[DEBUG]     Confidence: 0.220
[DEBUG]     Reasoning: Hybrid card: Belief(AS, 0.200) vs ISMCTS(AS, 0.240)
[DEBUG]   Player 3 (Hybrid Champion) choosing card:
[DEBUG]     Remaining hand (3 cards): ['QS', '8C', 'KD']
[DEBUG]     Legal cards (1): ['8C']
[DEBUG]     Current trick: 3 cards played
[DEBUG]     Lead suit: C
[DEBUG]     Trump suit: S
[DEBUG]     Hybrid agent selected card: 8C (method: hybrid)
[DEBUG]     Confidence: 0.220
[DEBUG]     Reasoning: Hybrid card: Belief(8C, 0.200) vs ISMCTS(8C, 0.240)
Player 2 won the hand: 1 points


[DEBUG]   Player 2 (Hybrid Pro) choosing card:
[DEBUG]     Remaining hand (3 cards): ['KH', '8D', 'QH']
[DEBUG]     Legal cards (3): ['KH', '8D', 'QH']
[DEBUG]     Current trick: 0 cards played
[DEBUG]     Trump suit: S
[DEBUG]     Hybrid agent selected card: KH (method: hybrid)
[DEBUG]     Confidence: 0.220
[DEBUG]     Reasoning: Hybrid card: Belief(KH, 0.200) vs ISMCTS(KH, 0.240)
[DEBUG]   Player 3 (Hybrid Champion) choosing card:
[DEBUG]     Remaining hand (2 cards): ['QS', 'KD']
[DEBUG]     Legal cards (2): ['QS', 'KD']
[DEBUG]     Current trick: 1 cards played
[DEBUG]     Lead suit: H
[DEBUG]     Trump suit: S
[DEBUG]     Hybrid agent selected card: QS (method: hybrid)
[DEBUG]     Confidence: 0.220
[DEBUG]     Reasoning: Hybrid card: Belief(QS, 0.200) vs ISMCTS(QS, 0.240)
[DEBUG]   Player 0 (Hybrid Master) choosing card:
[DEBUG]     Remaining hand (3 cards): ['10S', '7H', '7C']
[DEBUG]     Legal cards (1): ['7H']
[DEBUG]     Current trick: 2 cards played
[DEBUG]     Lead suit: H
[DEBUG]     Trump suit: S
[DEBUG]     Hybrid agent selected card: 7H (method: hybrid)
[DEBUG]     Confidence: 0.220
[DEBUG]     Reasoning: Hybrid card: Belief(7H, 0.200) vs ISMCTS(7H, 0.240)
[DEBUG]   Player 1 (Hybrid Expert) choosing card:
[DEBUG]     Remaining hand (3 cards): ['8S', '7D', '7S']
[DEBUG]     Legal cards (3): ['8S', '7D', '7S']
[DEBUG]     Current trick: 3 cards played
[DEBUG]     Lead suit: H
[DEBUG]     Trump suit: S
[DEBUG]     Hybrid agent selected card: 8S (method: hybrid)
[DEBUG]     Confidence: 0.220
[DEBUG]     Reasoning: Hybrid card: Belief(8S, 0.200) vs ISMCTS(8S, 0.240)
Player 3 won the hand: 0 points


[DEBUG]   Player 3 (Hybrid Champion) choosing card:
[DEBUG]     Remaining hand (1 cards): ['KD']
[DEBUG]     Legal cards (1): ['KD']
[DEBUG]     Current trick: 0 cards played
[DEBUG]     Trump suit: S
[DEBUG]     Hybrid agent selected card: KD (method: ismcts)
[DEBUG]     Confidence: 0.240
[DEBUG]     Reasoning: Fallback to highest value card due to error: 'NoneType' object has no attribute 'predict_beliefs'
[DEBUG]   Player 0 (Hybrid Master) choosing card:
[DEBUG]     Remaining hand (2 cards): ['10S', '7C']
[DEBUG]     Legal cards (2): ['10S', '7C']
[DEBUG]     Current trick: 1 cards played
[DEBUG]     Lead suit: D
[DEBUG]     Trump suit: S
[DEBUG]     Hybrid agent selected card: 10S (method: ismcts)
[DEBUG]     Confidence: 0.240
[DEBUG]     Reasoning: Fallback to highest value card due to error: 'NoneType' object has no attribute 'predict_beliefs'
[DEBUG]   Player 1 (Hybrid Expert) choosing card:
[DEBUG]     Remaining hand (2 cards): ['7D', '7S']
[DEBUG]     Legal cards (1): ['7D']
[DEBUG]     Current trick: 2 cards played
[DEBUG]     Lead suit: D
[DEBUG]     Trump suit: S
[DEBUG]     Hybrid agent selected card: 7D (method: ismcts)
[DEBUG]     Confidence: 0.240
[DEBUG]     Reasoning: Fallback to highest value card due to error: 'NoneType' object has no attribute 'predict_beliefs'
[DEBUG]   Player 2 (Hybrid Pro) choosing card:
[DEBUG]     Remaining hand (2 cards): ['8D', 'QH']
[DEBUG]     Legal cards (1): ['8D']
[DEBUG]     Current trick: 3 cards played
[DEBUG]     Lead suit: D
[DEBUG]     Trump suit: S
[DEBUG]     Hybrid agent selected card: 8D (method: ismcts)
[DEBUG]     Confidence: 0.240
[DEBUG]     Reasoning: Fallback to highest value card due to error: 'NoneType' object has no attribute 'predict_beliefs'
Player 0 won the hand: 1 points


[DEBUG]   Player 0 (Hybrid Master) choosing card:
[DEBUG]     Remaining hand (1 cards): ['7C']
[DEBUG]     Legal cards (1): ['7C']
[DEBUG]     Current trick: 0 cards played
[DEBUG]     Trump suit: S
[DEBUG]     Hybrid agent selected card: 7C (method: ismcts)
[DEBUG]     Confidence: 0.240
[DEBUG]     Reasoning: Fallback to highest value card due to error: 'NoneType' object has no attribute 'predict_beliefs'
[DEBUG]   Player 1 (Hybrid Expert) choosing card:
[DEBUG]     Remaining hand (1 cards): ['7S']
[DEBUG]     Legal cards (1): ['7S']
[DEBUG]     Current trick: 1 cards played
[DEBUG]     Lead suit: C
[DEBUG]     Trump suit: S
[DEBUG]     Hybrid agent selected card: 7S (method: ismcts)
[DEBUG]     Confidence: 0.240
[DEBUG]     Reasoning: Fallback to highest value card due to error: 'NoneType' object has no attribute 'predict_beliefs'
[DEBUG]   Player 2 (Hybrid Pro) choosing card:
[DEBUG]     Remaining hand (1 cards): ['QH']
[DEBUG]     Legal cards (1): ['QH']
[DEBUG]     Current trick: 2 cards played
[DEBUG]     Lead suit: C
[DEBUG]     Trump suit: S
[DEBUG]     Hybrid agent selected card: QH (method: ismcts)
[DEBUG]     Confidence: 0.240
[DEBUG]     Reasoning: Fallback to highest value card due to error: 'NoneType' object has no attribute 'predict_beliefs'
=== GAME SUMMARY ===
Team A (Players 0 & 2): 15 points
Team B (Players 1 & 3): 13 points
Bidder: Player 3 (Team B)
Winning Bid: 16
Bid Success: NO
Game Winner: Tie
Total Tricks: 7