
===== GAME 4 (20250825_102500_257) =====
[DEBUG] BIDDING ANALYSIS - Player 0 (Belief Master)
[DEBUG]   Bidding hand: ['JH', 'AS', '7S', 'KD']
[DEBUG]   Hand strength: 0.143
[DEBUG]   Current bid: 16
[DEBUG]   Present suits: ['D', 'H', 'S']
[DEBUG]   Point prediction: -0.0 points

=== RAW OUTPUT: Belief Model Outputs - Player 0 ===
{'trump_suit_probs': [0.13021694123744965, 0.24228550493717194, 0.18286444246768951, 0.4446330964565277], 'uncertainty': 0.4740240275859833, 'opponent_hands_shape': {1: torch.Size([1, 32]), 2: torch.Size([1, 32]), 3: torch.Size([1, 32])}, 'void_suits_shape': {1: torch.Size([1, 4]), 2: torch.Size([1, 4]), 3: torch.Size([1, 4])}}
==================================================
[DEBUG]   Trump Analysis:
[DEBUG]     Probabilities: [0.13021694 0.2422855  0.18286444 0.4446331 ]
[DEBUG]     Predicted trump: S
[DEBUG]     Confidence: 0.4446
[DEBUG]   Opponent Strength Analysis:
[DEBUG]     Opponent 1: 0.4159
[DEBUG]     Opponent 2: 0.4159
[DEBUG]     Opponent 3: 0.4159
[DEBUG]   Void Suit Analysis:
[DEBUG]     Opponent 1 void in: []
[DEBUG]     Opponent 2 void in: []
[DEBUG]     Opponent 3 void in: []
[DEBUG]   Uncertainty: 0.4740
[DEBUG]     Evaluating bid -1 with belief model:
[DEBUG]       Starting score: 0.0
[DEBUG]       1. Trump prediction factor (confidence: 0.4446):
[DEBUG]         Low confidence, no trump factor
[DEBUG]       2. Opponent strength factor (avg: 0.4159):
[DEBUG]         Weak opponents + passing: no bonus
[DEBUG]       3. Void suit factor:
[DEBUG]         Opponent 1: no void suits
[DEBUG]         Opponent 2: no void suits
[DEBUG]         Opponent 3: no void suits
[DEBUG]       4. Uncertainty factor (uncertainty: 0.4740):
[DEBUG]         Low uncertainty, no factor
[DEBUG]       5. Point prediction factor (prediction: -0.013213038444519043):
[DEBUG]         Low predicted points (-0.013213038444519043) when passing: no penalty
[DEBUG]       Final score for bid -1: 0.0000
[DEBUG]     Evaluating bid 17 with belief model:
[DEBUG]       Starting score: 0.0
[DEBUG]       1. Trump prediction factor (confidence: 0.4446):
[DEBUG]         Low confidence, no trump factor
[DEBUG]       2. Opponent strength factor (avg: 0.4159):
[DEBUG]         Weak opponents + bidding: +1.1681
[DEBUG]       3. Void suit factor:
[DEBUG]         Opponent 1: no void suits
[DEBUG]         Opponent 2: no void suits
[DEBUG]         Opponent 3: no void suits
[DEBUG]       4. Uncertainty factor (uncertainty: 0.4740):
[DEBUG]         Low uncertainty, no factor
[DEBUG]       5. Point prediction factor (prediction: -0.013213038444519043):
[DEBUG]         Predicted points (-0.013213038444519043) < bid (17): -2.0000
[DEBUG]       Final score for bid 17: -0.8319
[DEBUG]     Evaluating bid 18 with belief model:
[DEBUG]       Starting score: 0.0
[DEBUG]       1. Trump prediction factor (confidence: 0.4446):
[DEBUG]         Low confidence, no trump factor
[DEBUG]       2. Opponent strength factor (avg: 0.4159):
[DEBUG]         Weak opponents + bidding: +1.1681
[DEBUG]       3. Void suit factor:
[DEBUG]         Opponent 1: no void suits
[DEBUG]         Opponent 2: no void suits
[DEBUG]         Opponent 3: no void suits
[DEBUG]       4. Uncertainty factor (uncertainty: 0.4740):
[DEBUG]         Low uncertainty, no factor
[DEBUG]       5. Point prediction factor (prediction: -0.013213038444519043):
[DEBUG]         Predicted points (-0.013213038444519043) < bid (18): -2.0000
[DEBUG]       Final score for bid 18: -0.8319
[DEBUG]     Evaluating bid 19 with belief model:
[DEBUG]       Starting score: 0.0
[DEBUG]       1. Trump prediction factor (confidence: 0.4446):
[DEBUG]         Low confidence, no trump factor
[DEBUG]       2. Opponent strength factor (avg: 0.4159):
[DEBUG]         Weak opponents + bidding: +1.1681
[DEBUG]       3. Void suit factor:
[DEBUG]         Opponent 1: no void suits
[DEBUG]         Opponent 2: no void suits
[DEBUG]         Opponent 3: no void suits
[DEBUG]       4. Uncertainty factor (uncertainty: 0.4740):
[DEBUG]         Low uncertainty, no factor
[DEBUG]       5. Point prediction factor (prediction: -0.013213038444519043):
[DEBUG]         Predicted points (-0.013213038444519043) < bid (19): -2.0000
[DEBUG]       Final score for bid 19: -0.8319
[DEBUG] BIDDING ANALYSIS - Player 1 (Belief Expert)
[DEBUG]   Bidding hand: ['QC', '9H', '9S', '7H']
[DEBUG]   Hand strength: 0.143
[DEBUG]   Current bid: 16
[DEBUG]   Present suits: ['H', 'C', 'S']
[DEBUG]   Point prediction: -0.0 points

=== RAW OUTPUT: Belief Model Outputs - Player 1 ===
{'trump_suit_probs': [0.12656442821025848, 0.2761046886444092, 0.187204048037529, 0.4101269245147705], 'uncertainty': 0.4718266427516937, 'opponent_hands_shape': {0: torch.Size([1, 32]), 2: torch.Size([1, 32]), 3: torch.Size([1, 32])}, 'void_suits_shape': {0: torch.Size([1, 4]), 2: torch.Size([1, 4]), 3: torch.Size([1, 4])}}
==================================================
[DEBUG]   Trump Analysis:
[DEBUG]     Probabilities: [0.12656443 0.2761047  0.18720405 0.41012692]
[DEBUG]     Predicted trump: S
[DEBUG]     Confidence: 0.4101
[DEBUG]   Opponent Strength Analysis:
[DEBUG]     Opponent 0: 0.4156
[DEBUG]     Opponent 2: 0.4156
[DEBUG]     Opponent 3: 0.4156
[DEBUG]   Void Suit Analysis:
[DEBUG]     Opponent 0 void in: []
[DEBUG]     Opponent 2 void in: []
[DEBUG]     Opponent 3 void in: []
[DEBUG]   Uncertainty: 0.4718
[DEBUG]     Evaluating bid -1 with belief model:
[DEBUG]       Starting score: 0.0
[DEBUG]       1. Trump prediction factor (confidence: 0.4101):
[DEBUG]         Low confidence, no trump factor
[DEBUG]       2. Opponent strength factor (avg: 0.4156):
[DEBUG]         Weak opponents + passing: no bonus
[DEBUG]       3. Void suit factor:
[DEBUG]         Opponent 0: no void suits
[DEBUG]         Opponent 2: no void suits
[DEBUG]         Opponent 3: no void suits
[DEBUG]       4. Uncertainty factor (uncertainty: 0.4718):
[DEBUG]         Low uncertainty, no factor
[DEBUG]       5. Point prediction factor (prediction: -0.012397170066833496):
[DEBUG]         Low predicted points (-0.012397170066833496) when passing: no penalty
[DEBUG]       Final score for bid -1: 0.0000
[DEBUG]     Evaluating bid 17 with belief model:
[DEBUG]       Starting score: 0.0
[DEBUG]       1. Trump prediction factor (confidence: 0.4101):
[DEBUG]         Low confidence, no trump factor
[DEBUG]       2. Opponent strength factor (avg: 0.4156):
[DEBUG]         Weak opponents + bidding: +1.1689
[DEBUG]       3. Void suit factor:
[DEBUG]         Opponent 0: no void suits
[DEBUG]         Opponent 2: no void suits
[DEBUG]         Opponent 3: no void suits
[DEBUG]       4. Uncertainty factor (uncertainty: 0.4718):
[DEBUG]         Low uncertainty, no factor
[DEBUG]       5. Point prediction factor (prediction: -0.012397170066833496):
[DEBUG]         Predicted points (-0.012397170066833496) < bid (17): -2.0000
[DEBUG]       Final score for bid 17: -0.8311
[DEBUG]     Evaluating bid 18 with belief model:
[DEBUG]       Starting score: 0.0
[DEBUG]       1. Trump prediction factor (confidence: 0.4101):
[DEBUG]         Low confidence, no trump factor
[DEBUG]       2. Opponent strength factor (avg: 0.4156):
[DEBUG]         Weak opponents + bidding: +1.1689
[DEBUG]       3. Void suit factor:
[DEBUG]         Opponent 0: no void suits
[DEBUG]         Opponent 2: no void suits
[DEBUG]         Opponent 3: no void suits
[DEBUG]       4. Uncertainty factor (uncertainty: 0.4718):
[DEBUG]         Low uncertainty, no factor
[DEBUG]       5. Point prediction factor (prediction: -0.012397170066833496):
[DEBUG]         Predicted points (-0.012397170066833496) < bid (18): -2.0000
[DEBUG]       Final score for bid 18: -0.8311
[DEBUG]     Evaluating bid 19 with belief model:
[DEBUG]       Starting score: 0.0
[DEBUG]       1. Trump prediction factor (confidence: 0.4101):
[DEBUG]         Low confidence, no trump factor
[DEBUG]       2. Opponent strength factor (avg: 0.4156):
[DEBUG]         Weak opponents + bidding: +1.1689
[DEBUG]       3. Void suit factor:
[DEBUG]         Opponent 0: no void suits
[DEBUG]         Opponent 2: no void suits
[DEBUG]         Opponent 3: no void suits
[DEBUG]       4. Uncertainty factor (uncertainty: 0.4718):
[DEBUG]         Low uncertainty, no factor
[DEBUG]       5. Point prediction factor (prediction: -0.012397170066833496):
[DEBUG]         Predicted points (-0.012397170066833496) < bid (19): -2.0000
[DEBUG]       Final score for bid 19: -0.8311
[DEBUG] BIDDING ANALYSIS - Player 2 (Belief Pro)
[DEBUG]   Bidding hand: ['QH', '9D', '8H', 'QS']
[DEBUG]   Hand strength: 0.071
[DEBUG]   Current bid: 16
[DEBUG]   Present suits: ['D', 'H', 'S']
[DEBUG]   Point prediction: -0.0 points

=== RAW OUTPUT: Belief Model Outputs - Player 2 ===
{'trump_suit_probs': [0.13021694123744965, 0.24228550493717194, 0.18286444246768951, 0.4446330964565277], 'uncertainty': 0.4740240275859833, 'opponent_hands_shape': {0: torch.Size([1, 32]), 1: torch.Size([1, 32]), 3: torch.Size([1, 32])}, 'void_suits_shape': {0: torch.Size([1, 4]), 1: torch.Size([1, 4]), 3: torch.Size([1, 4])}}
==================================================
[DEBUG]   Trump Analysis:
[DEBUG]     Probabilities: [0.13021694 0.2422855  0.18286444 0.4446331 ]
[DEBUG]     Predicted trump: S
[DEBUG]     Confidence: 0.4446
[DEBUG]   Opponent Strength Analysis:
[DEBUG]     Opponent 0: 0.4159
[DEBUG]     Opponent 1: 0.4159
[DEBUG]     Opponent 3: 0.4159
[DEBUG]   Void Suit Analysis:
[DEBUG]     Opponent 0 void in: []
[DEBUG]     Opponent 1 void in: []
[DEBUG]     Opponent 3 void in: []
[DEBUG]   Uncertainty: 0.4740
[DEBUG]     Evaluating bid -1 with belief model:
[DEBUG]       Starting score: 0.0
[DEBUG]       1. Trump prediction factor (confidence: 0.4446):
[DEBUG]         Low confidence, no trump factor
[DEBUG]       2. Opponent strength factor (avg: 0.4159):
[DEBUG]         Weak opponents + passing: no bonus
[DEBUG]       3. Void suit factor:
[DEBUG]         Opponent 0: no void suits
[DEBUG]         Opponent 1: no void suits
[DEBUG]         Opponent 3: no void suits
[DEBUG]       4. Uncertainty factor (uncertainty: 0.4740):
[DEBUG]         Low uncertainty, no factor
[DEBUG]       5. Point prediction factor (prediction: -0.012004286050796509):
[DEBUG]         Low predicted points (-0.012004286050796509) when passing: no penalty
[DEBUG]       Final score for bid -1: 0.0000
[DEBUG]     Evaluating bid 17 with belief model:
[DEBUG]       Starting score: 0.0
[DEBUG]       1. Trump prediction factor (confidence: 0.4446):
[DEBUG]         Low confidence, no trump factor
[DEBUG]       2. Opponent strength factor (avg: 0.4159):
[DEBUG]         Weak opponents + bidding: +1.1681
[DEBUG]       3. Void suit factor:
[DEBUG]         Opponent 0: no void suits
[DEBUG]         Opponent 1: no void suits
[DEBUG]         Opponent 3: no void suits
[DEBUG]       4. Uncertainty factor (uncertainty: 0.4740):
[DEBUG]         Low uncertainty, no factor
[DEBUG]       5. Point prediction factor (prediction: -0.012004286050796509):
[DEBUG]         Predicted points (-0.012004286050796509) < bid (17): -2.0000
[DEBUG]       Final score for bid 17: -0.8319
[DEBUG]     Evaluating bid 18 with belief model:
[DEBUG]       Starting score: 0.0
[DEBUG]       1. Trump prediction factor (confidence: 0.4446):
[DEBUG]         Low confidence, no trump factor
[DEBUG]       2. Opponent strength factor (avg: 0.4159):
[DEBUG]         Weak opponents + bidding: +1.1681
[DEBUG]       3. Void suit factor:
[DEBUG]         Opponent 0: no void suits
[DEBUG]         Opponent 1: no void suits
[DEBUG]         Opponent 3: no void suits
[DEBUG]       4. Uncertainty factor (uncertainty: 0.4740):
[DEBUG]         Low uncertainty, no factor
[DEBUG]       5. Point prediction factor (prediction: -0.012004286050796509):
[DEBUG]         Predicted points (-0.012004286050796509) < bid (18): -2.0000
[DEBUG]       Final score for bid 18: -0.8319
[DEBUG]     Evaluating bid 19 with belief model:
[DEBUG]       Starting score: 0.0
[DEBUG]       1. Trump prediction factor (confidence: 0.4446):
[DEBUG]         Low confidence, no trump factor
[DEBUG]       2. Opponent strength factor (avg: 0.4159):
[DEBUG]         Weak opponents + bidding: +1.1681
[DEBUG]       3. Void suit factor:
[DEBUG]         Opponent 0: no void suits
[DEBUG]         Opponent 1: no void suits
[DEBUG]         Opponent 3: no void suits
[DEBUG]       4. Uncertainty factor (uncertainty: 0.4740):
[DEBUG]         Low uncertainty, no factor
[DEBUG]       5. Point prediction factor (prediction: -0.012004286050796509):
[DEBUG]         Predicted points (-0.012004286050796509) < bid (19): -2.0000
[DEBUG]       Final score for bid 19: -0.8319
[DEBUG] TRUMP SELECTION - Player 3 (Belief Champion)
[DEBUG]   Hand: ['7D', 'AC', 'KS', '8D']
[DEBUG]   Belief model selected trump: D
[DEBUG]       Evaluating card JH with belief model:
[DEBUG]         Base score from card value: 3
[DEBUG]         1. Trump factor (confidence: 0.6853):
[DEBUG]           Not a high-confidence trump card
[DEBUG]         2. Lead suit factor:
[DEBUG]           No current trick
[DEBUG]         3. Opponent void factor:
[DEBUG]           Opponent 1: no void bonus for H
[DEBUG]           Opponent 2: no void bonus for H
[DEBUG]           Opponent 3: no void bonus for H
[DEBUG]         4. Opponent strength factor (avg: 0.3697):
[DEBUG]           Weak opponents, but not a low card
[DEBUG]         5. Uncertainty factor (uncertainty: 0.4629):
[DEBUG]           Low uncertainty, no uncertainty factor
[DEBUG]         6. Game phase factor (phase: GamePhase.CONCEALED):
[DEBUG]           Concealed phase, but not a high card
[DEBUG]         7. Trick position factor:
[DEBUG]           No current trick
[DEBUG]         Final score for JH: 3.0000
[DEBUG]       Evaluating card AS with belief model:
[DEBUG]         Base score from card value: 1
[DEBUG]         1. Trump factor (confidence: 0.6853):
[DEBUG]           Not a high-confidence trump card
[DEBUG]         2. Lead suit factor:
[DEBUG]           No current trick
[DEBUG]         3. Opponent void factor:
[DEBUG]           Opponent 1: no void bonus for S
[DEBUG]           Opponent 2: no void bonus for S
[DEBUG]           Opponent 3: no void bonus for S
[DEBUG]         4. Opponent strength factor (avg: 0.3697):
[DEBUG]           Weak opponents, but not a low card
[DEBUG]         5. Uncertainty factor (uncertainty: 0.4629):
[DEBUG]           Low uncertainty, no uncertainty factor
[DEBUG]         6. Game phase factor (phase: GamePhase.CONCEALED):
[DEBUG]           Concealed phase, high card bonus: +1.0000
[DEBUG]         7. Trick position factor:
[DEBUG]           No current trick
[DEBUG]         Final score for AS: 2.0000
[DEBUG]       Evaluating card 7S with belief model:
[DEBUG]         Base score from card value: 0
[DEBUG]         1. Trump factor (confidence: 0.6853):
[DEBUG]           Not a high-confidence trump card
[DEBUG]         2. Lead suit factor:
[DEBUG]           No current trick
[DEBUG]         3. Opponent void factor:
[DEBUG]           Opponent 1: no void bonus for S
[DEBUG]           Opponent 2: no void bonus for S
[DEBUG]           Opponent 3: no void bonus for S
[DEBUG]         4. Opponent strength factor (avg: 0.3697):
[DEBUG]           Weak opponents, low card bonus: +1.0000
[DEBUG]         5. Uncertainty factor (uncertainty: 0.4629):
[DEBUG]           Low uncertainty, no uncertainty factor
[DEBUG]         6. Game phase factor (phase: GamePhase.CONCEALED):
[DEBUG]           Concealed phase, but not a high card
[DEBUG]         7. Trick position factor:
[DEBUG]           No current trick
[DEBUG]         Final score for 7S: 1.0000
[DEBUG]       Evaluating card 10C with belief model:
[DEBUG]         Base score from card value: 1
[DEBUG]         1. Trump factor (confidence: 0.6853):
[DEBUG]           Not a high-confidence trump card
[DEBUG]         2. Lead suit factor:
[DEBUG]           No current trick
[DEBUG]         3. Opponent void factor:
[DEBUG]           Opponent 1: no void bonus for C
[DEBUG]           Opponent 2: no void bonus for C
[DEBUG]           Opponent 3: no void bonus for C
[DEBUG]         4. Opponent strength factor (avg: 0.3697):
[DEBUG]           Weak opponents, but not a low card
[DEBUG]         5. Uncertainty factor (uncertainty: 0.4629):
[DEBUG]           Low uncertainty, no uncertainty factor
[DEBUG]         6. Game phase factor (phase: GamePhase.CONCEALED):
[DEBUG]           Concealed phase, but not a high card
[DEBUG]         7. Trick position factor:
[DEBUG]           No current trick
[DEBUG]         Final score for 10C: 1.0000
[DEBUG]       Evaluating card 8C with belief model:
[DEBUG]         Base score from card value: 0
[DEBUG]         1. Trump factor (confidence: 0.6853):
[DEBUG]           Not a high-confidence trump card
[DEBUG]         2. Lead suit factor:
[DEBUG]           No current trick
[DEBUG]         3. Opponent void factor:
[DEBUG]           Opponent 1: no void bonus for C
[DEBUG]           Opponent 2: no void bonus for C
[DEBUG]           Opponent 3: no void bonus for C
[DEBUG]         4. Opponent strength factor (avg: 0.3697):
[DEBUG]           Weak opponents, low card bonus: +1.0000
[DEBUG]         5. Uncertainty factor (uncertainty: 0.4629):
[DEBUG]           Low uncertainty, no uncertainty factor
[DEBUG]         6. Game phase factor (phase: GamePhase.CONCEALED):
[DEBUG]           Concealed phase, but not a high card
[DEBUG]         7. Trick position factor:
[DEBUG]           No current trick
[DEBUG]         Final score for 8C: 1.0000
[DEBUG]       Evaluating card 10H with belief model:
[DEBUG]         Base score from card value: 1
[DEBUG]         1. Trump factor (confidence: 0.6853):
[DEBUG]           Not a high-confidence trump card
[DEBUG]         2. Lead suit factor:
[DEBUG]           No current trick
[DEBUG]         3. Opponent void factor:
[DEBUG]           Opponent 1: no void bonus for H
[DEBUG]           Opponent 2: no void bonus for H
[DEBUG]           Opponent 3: no void bonus for H
[DEBUG]         4. Opponent strength factor (avg: 0.3697):
[DEBUG]           Weak opponents, but not a low card
[DEBUG]         5. Uncertainty factor (uncertainty: 0.4629):
[DEBUG]           Low uncertainty, no uncertainty factor
[DEBUG]         6. Game phase factor (phase: GamePhase.CONCEALED):
[DEBUG]           Concealed phase, but not a high card
[DEBUG]         7. Trick position factor:
[DEBUG]           No current trick
[DEBUG]         Final score for 10H: 1.0000
[DEBUG]       Evaluating card 9H with belief model:
[DEBUG]         Base score from card value: 2
[DEBUG]         1. Trump factor (confidence: 0.6665):
[DEBUG]           Not a high-confidence trump card
[DEBUG]         2. Lead suit factor:
[DEBUG]           Lead suit: H
[DEBUG]           Following suit, small bonus: +1.0000
[DEBUG]         3. Opponent void factor:
[DEBUG]           Opponent 0: no void bonus for H
[DEBUG]           Opponent 2: no void bonus for H
[DEBUG]           Opponent 3: no void bonus for H
[DEBUG]         4. Opponent strength factor (avg: 0.3756):
[DEBUG]           Weak opponents, low card bonus: +1.0000
[DEBUG]         5. Uncertainty factor (uncertainty: 0.4643):
[DEBUG]           Low uncertainty, no uncertainty factor
[DEBUG]         6. Game phase factor (phase: GamePhase.CONCEALED):
[DEBUG]           Concealed phase, but not a high card
[DEBUG]         7. Trick position factor:
[DEBUG]           Position in trick: 1
[DEBUG]           Middle position, no position factor
[DEBUG]         Final score for 9H: 4.0000
[DEBUG]       Evaluating card 7H with belief model:
[DEBUG]         Base score from card value: 0
[DEBUG]         1. Trump factor (confidence: 0.6665):
[DEBUG]           Not a high-confidence trump card
[DEBUG]         2. Lead suit factor:
[DEBUG]           Lead suit: H
[DEBUG]           Following suit, small bonus: +1.0000
[DEBUG]         3. Opponent void factor:
[DEBUG]           Opponent 0: no void bonus for H
[DEBUG]           Opponent 2: no void bonus for H
[DEBUG]           Opponent 3: no void bonus for H
[DEBUG]         4. Opponent strength factor (avg: 0.3756):
[DEBUG]           Weak opponents, low card bonus: +1.0000
[DEBUG]         5. Uncertainty factor (uncertainty: 0.4643):
[DEBUG]           Low uncertainty, no uncertainty factor
[DEBUG]         6. Game phase factor (phase: GamePhase.CONCEALED):
[DEBUG]           Concealed phase, but not a high card
[DEBUG]         7. Trick position factor:
[DEBUG]           Position in trick: 1
[DEBUG]           Middle position, no position factor
[DEBUG]         Final score for 7H: 2.0000
[DEBUG]       Evaluating card AH with belief model:
[DEBUG]         Base score from card value: 1
[DEBUG]         1. Trump factor (confidence: 0.6665):
[DEBUG]           Not a high-confidence trump card
[DEBUG]         2. Lead suit factor:
[DEBUG]           Lead suit: H
[DEBUG]           Following suit, small bonus: +1.0000
[DEBUG]         3. Opponent void factor:
[DEBUG]           Opponent 0: no void bonus for H
[DEBUG]           Opponent 2: no void bonus for H
[DEBUG]           Opponent 3: no void bonus for H
[DEBUG]         4. Opponent strength factor (avg: 0.3756):
[DEBUG]           Weak opponents, but not a low card
[DEBUG]         5. Uncertainty factor (uncertainty: 0.4643):
[DEBUG]           Low uncertainty, no uncertainty factor
[DEBUG]         6. Game phase factor (phase: GamePhase.CONCEALED):
[DEBUG]           Concealed phase, high card bonus: +1.0000
[DEBUG]         7. Trick position factor:
[DEBUG]           Position in trick: 1
[DEBUG]           Middle position, no position factor
[DEBUG]         Final score for AH: 3.0000
[DEBUG]       Evaluating card QH with belief model:
[DEBUG]         Base score from card value: 0
[DEBUG]         1. Trump factor (confidence: 0.6681):
[DEBUG]           Not a high-confidence trump card
[DEBUG]         2. Lead suit factor:
[DEBUG]           Lead suit: H
[DEBUG]           Following suit, small bonus: +1.0000
[DEBUG]         3. Opponent void factor:
[DEBUG]           Opponent 0: no void bonus for H
[DEBUG]           Opponent 1: no void bonus for H
[DEBUG]           Opponent 3: no void bonus for H
[DEBUG]         4. Opponent strength factor (avg: 0.3750):
[DEBUG]           Weak opponents, but not a low card
[DEBUG]         5. Uncertainty factor (uncertainty: 0.4640):
[DEBUG]           Low uncertainty, no uncertainty factor
[DEBUG]         6. Game phase factor (phase: GamePhase.CONCEALED):
[DEBUG]           Concealed phase, but not a high card
[DEBUG]         7. Trick position factor:
[DEBUG]           Position in trick: 2
[DEBUG]           Middle position, no position factor
[DEBUG]         Final score for QH: 1.0000
[DEBUG]       Evaluating card 8H with belief model:
[DEBUG]         Base score from card value: 0
[DEBUG]         1. Trump factor (confidence: 0.6681):
[DEBUG]           Not a high-confidence trump card
[DEBUG]         2. Lead suit factor:
[DEBUG]           Lead suit: H
[DEBUG]           Following suit, small bonus: +1.0000
[DEBUG]         3. Opponent void factor:
[DEBUG]           Opponent 0: no void bonus for H
[DEBUG]           Opponent 1: no void bonus for H
[DEBUG]           Opponent 3: no void bonus for H
[DEBUG]         4. Opponent strength factor (avg: 0.3750):
[DEBUG]           Weak opponents, low card bonus: +1.0000
[DEBUG]         5. Uncertainty factor (uncertainty: 0.4640):
[DEBUG]           Low uncertainty, no uncertainty factor
[DEBUG]         6. Game phase factor (phase: GamePhase.CONCEALED):
[DEBUG]           Concealed phase, but not a high card
[DEBUG]         7. Trick position factor:
[DEBUG]           Position in trick: 2
[DEBUG]           Middle position, no position factor
[DEBUG]         Final score for 8H: 2.0000
[DEBUG]       Evaluating card KH with belief model:
[DEBUG]         Base score from card value: 0
[DEBUG]         1. Trump factor (confidence: 0.6826):
[DEBUG]           Not a high-confidence trump card
[DEBUG]         2. Lead suit factor:
[DEBUG]           Lead suit: H
[DEBUG]           Following suit, small bonus: +1.0000
[DEBUG]         3. Opponent void factor:
[DEBUG]           Opponent 0: no void bonus for H
[DEBUG]           Opponent 1: no void bonus for H
[DEBUG]           Opponent 2: no void bonus for H
[DEBUG]         4. Opponent strength factor (avg: 0.3714):
[DEBUG]           Weak opponents, but not a low card
[DEBUG]         5. Uncertainty factor (uncertainty: 0.4632):
[DEBUG]           Low uncertainty, no uncertainty factor
[DEBUG]         6. Game phase factor (phase: GamePhase.CONCEALED):
[DEBUG]           Concealed phase, high card bonus: +1.0000
[DEBUG]         7. Trick position factor:
[DEBUG]           Position in trick: 3
[DEBUG]           Last to play, but can't win
[DEBUG]         Final score for KH: 2.0000
[DEBUG]       Evaluating card AS with belief model:
[DEBUG]         Base score from card value: 1
[DEBUG]         1. Trump factor (confidence: 0.6529):
[DEBUG]           Not a high-confidence trump card
[DEBUG]         2. Lead suit factor:
[DEBUG]           No current trick
[DEBUG]         3. Opponent void factor:
[DEBUG]           Opponent 1: no void bonus for S
[DEBUG]           Opponent 2: no void bonus for S
[DEBUG]           Opponent 3: no void bonus for S
[DEBUG]         4. Opponent strength factor (avg: 0.3762):
[DEBUG]           Weak opponents, but not a low card
[DEBUG]         5. Uncertainty factor (uncertainty: 0.4648):
[DEBUG]           Low uncertainty, no uncertainty factor
[DEBUG]         6. Game phase factor (phase: GamePhase.CONCEALED):
[DEBUG]           Concealed phase, high card bonus: +1.0000
[DEBUG]         7. Trick position factor:
[DEBUG]           No current trick
[DEBUG]         Final score for AS: 2.0000
[DEBUG]       Evaluating card 7S with belief model:
[DEBUG]         Base score from card value: 0
[DEBUG]         1. Trump factor (confidence: 0.6529):
[DEBUG]           Not a high-confidence trump card
[DEBUG]         2. Lead suit factor:
[DEBUG]           No current trick
[DEBUG]         3. Opponent void factor:
[DEBUG]           Opponent 1: no void bonus for S
[DEBUG]           Opponent 2: no void bonus for S
[DEBUG]           Opponent 3: no void bonus for S
[DEBUG]         4. Opponent strength factor (avg: 0.3762):
[DEBUG]           Weak opponents, low card bonus: +1.0000
[DEBUG]         5. Uncertainty factor (uncertainty: 0.4648):
[DEBUG]           Low uncertainty, no uncertainty factor
[DEBUG]         6. Game phase factor (phase: GamePhase.CONCEALED):
[DEBUG]           Concealed phase, but not a high card
[DEBUG]         7. Trick position factor:
[DEBUG]           No current trick
[DEBUG]         Final score for 7S: 1.0000
[DEBUG]       Evaluating card 10C with belief model:
[DEBUG]         Base score from card value: 1
[DEBUG]         1. Trump factor (confidence: 0.6529):
[DEBUG]           Not a high-confidence trump card
[DEBUG]         2. Lead suit factor:
[DEBUG]           No current trick
[DEBUG]         3. Opponent void factor:
[DEBUG]           Opponent 1: no void bonus for C
[DEBUG]           Opponent 2: no void bonus for C
[DEBUG]           Opponent 3: no void bonus for C
[DEBUG]         4. Opponent strength factor (avg: 0.3762):
[DEBUG]           Weak opponents, but not a low card
[DEBUG]         5. Uncertainty factor (uncertainty: 0.4648):
[DEBUG]           Low uncertainty, no uncertainty factor
[DEBUG]         6. Game phase factor (phase: GamePhase.CONCEALED):
[DEBUG]           Concealed phase, but not a high card
[DEBUG]         7. Trick position factor:
[DEBUG]           No current trick
[DEBUG]         Final score for 10C: 1.0000
[DEBUG]       Evaluating card 8C with belief model:
[DEBUG]         Base score from card value: 0
[DEBUG]         1. Trump factor (confidence: 0.6529):
[DEBUG]           Not a high-confidence trump card
[DEBUG]         2. Lead suit factor:
[DEBUG]           No current trick
[DEBUG]         3. Opponent void factor:
[DEBUG]           Opponent 1: no void bonus for C
[DEBUG]           Opponent 2: no void bonus for C
[DEBUG]           Opponent 3: no void bonus for C
[DEBUG]         4. Opponent strength factor (avg: 0.3762):
[DEBUG]           Weak opponents, low card bonus: +1.0000
[DEBUG]         5. Uncertainty factor (uncertainty: 0.4648):
[DEBUG]           Low uncertainty, no uncertainty factor
[DEBUG]         6. Game phase factor (phase: GamePhase.CONCEALED):
[DEBUG]           Concealed phase, but not a high card
[DEBUG]         7. Trick position factor:
[DEBUG]           No current trick
[DEBUG]         Final score for 8C: 1.0000
[DEBUG]       Evaluating card 10H with belief model:
[DEBUG]         Base score from card value: 1
[DEBUG]         1. Trump factor (confidence: 0.6529):
[DEBUG]           Not a high-confidence trump card
[DEBUG]         2. Lead suit factor:
[DEBUG]           No current trick
[DEBUG]         3. Opponent void factor:
[DEBUG]           Opponent 1: no void bonus for H
[DEBUG]           Opponent 2: no void bonus for H
[DEBUG]           Opponent 3: no void bonus for H
[DEBUG]         4. Opponent strength factor (avg: 0.3762):
[DEBUG]           Weak opponents, but not a low card
[DEBUG]         5. Uncertainty factor (uncertainty: 0.4648):
[DEBUG]           Low uncertainty, no uncertainty factor
[DEBUG]         6. Game phase factor (phase: GamePhase.CONCEALED):
[DEBUG]           Concealed phase, but not a high card
[DEBUG]         7. Trick position factor:
[DEBUG]           No current trick
[DEBUG]         Final score for 10H: 1.0000
[DEBUG]       Evaluating card 9S with belief model:
[DEBUG]         Base score from card value: 2
[DEBUG]         1. Trump factor (confidence: 0.6777):
[DEBUG]           Not a high-confidence trump card
[DEBUG]         2. Lead suit factor:
[DEBUG]           Lead suit: S
[DEBUG]           Can win the trick! Bonus: +5.0000
[DEBUG]         3. Opponent void factor:
[DEBUG]           Opponent 0: no void bonus for S
[DEBUG]           Opponent 2: no void bonus for S
[DEBUG]           Opponent 3: no void bonus for S
[DEBUG]         4. Opponent strength factor (avg: 0.3721):
[DEBUG]           Weak opponents, low card bonus: +1.0000
[DEBUG]         5. Uncertainty factor (uncertainty: 0.4631):
[DEBUG]           Low uncertainty, no uncertainty factor
[DEBUG]         6. Game phase factor (phase: GamePhase.CONCEALED):
[DEBUG]           Concealed phase, but not a high card
[DEBUG]         7. Trick position factor:
[DEBUG]           Position in trick: 1
[DEBUG]           Middle position, no position factor
[DEBUG]         Final score for 9S: 8.0000
[DEBUG]       Evaluating card 8S with belief model:
[DEBUG]         Base score from card value: 0
[DEBUG]         1. Trump factor (confidence: 0.6777):
[DEBUG]           Not a high-confidence trump card
[DEBUG]         2. Lead suit factor:
[DEBUG]           Lead suit: S
[DEBUG]           Following suit, small bonus: +1.0000
[DEBUG]         3. Opponent void factor:
[DEBUG]           Opponent 0: no void bonus for S
[DEBUG]           Opponent 2: no void bonus for S
[DEBUG]           Opponent 3: no void bonus for S
[DEBUG]         4. Opponent strength factor (avg: 0.3721):
[DEBUG]           Weak opponents, low card bonus: +1.0000
[DEBUG]         5. Uncertainty factor (uncertainty: 0.4631):
[DEBUG]           Low uncertainty, no uncertainty factor
[DEBUG]         6. Game phase factor (phase: GamePhase.CONCEALED):
[DEBUG]           Concealed phase, but not a high card
[DEBUG]         7. Trick position factor:
[DEBUG]           Position in trick: 1
[DEBUG]           Middle position, no position factor
[DEBUG]         Final score for 8S: 2.0000
[DEBUG]       Evaluating card 10S with belief model:
[DEBUG]         Base score from card value: 1
[DEBUG]         1. Trump factor (confidence: 0.6777):
[DEBUG]           Not a high-confidence trump card
[DEBUG]         2. Lead suit factor:
[DEBUG]           Lead suit: S
[DEBUG]           Following suit, small bonus: +1.0000
[DEBUG]         3. Opponent void factor:
[DEBUG]           Opponent 0: no void bonus for S
[DEBUG]           Opponent 2: no void bonus for S
[DEBUG]           Opponent 3: no void bonus for S
[DEBUG]         4. Opponent strength factor (avg: 0.3721):
[DEBUG]           Weak opponents, but not a low card
[DEBUG]         5. Uncertainty factor (uncertainty: 0.4631):
[DEBUG]           Low uncertainty, no uncertainty factor
[DEBUG]         6. Game phase factor (phase: GamePhase.CONCEALED):
[DEBUG]           Concealed phase, but not a high card
[DEBUG]         7. Trick position factor:
[DEBUG]           Position in trick: 1
[DEBUG]           Middle position, no position factor
[DEBUG]         Final score for 10S: 2.0000
[DEBUG]       Evaluating card QS with belief model:
[DEBUG]         Base score from card value: 0
[DEBUG]         1. Trump factor (confidence: 0.6715):
[DEBUG]           Not a high-confidence trump card
[DEBUG]         2. Lead suit factor:
[DEBUG]           Lead suit: S
[DEBUG]           Following suit, small bonus: +1.0000
[DEBUG]         3. Opponent void factor:
[DEBUG]           Opponent 0: no void bonus for S
[DEBUG]           Opponent 1: no void bonus for S
[DEBUG]           Opponent 3: no void bonus for S
[DEBUG]         4. Opponent strength factor (avg: 0.3714):
[DEBUG]           Weak opponents, but not a low card
[DEBUG]         5. Uncertainty factor (uncertainty: 0.4630):
[DEBUG]           Low uncertainty, no uncertainty factor
[DEBUG]         6. Game phase factor (phase: GamePhase.CONCEALED):
[DEBUG]           Concealed phase, but not a high card
[DEBUG]         7. Trick position factor:
[DEBUG]           Position in trick: 2
[DEBUG]           Middle position, no position factor
[DEBUG]         Final score for QS: 1.0000
[DEBUG]       Evaluating card KS with belief model:
[DEBUG]         Base score from card value: 0
[DEBUG]         1. Trump factor (confidence: 0.6974):
[DEBUG]           Not a high-confidence trump card
[DEBUG]         2. Lead suit factor:
[DEBUG]           Lead suit: S
[DEBUG]           Following suit, small bonus: +1.0000
[DEBUG]         3. Opponent void factor:
[DEBUG]           Opponent 0: no void bonus for S
[DEBUG]           Opponent 1: no void bonus for S
[DEBUG]           Opponent 2: no void bonus for S
[DEBUG]         4. Opponent strength factor (avg: 0.3685):
[DEBUG]           Weak opponents, but not a low card
[DEBUG]         5. Uncertainty factor (uncertainty: 0.4616):
[DEBUG]           Low uncertainty, no uncertainty factor
[DEBUG]         6. Game phase factor (phase: GamePhase.CONCEALED):
[DEBUG]           Concealed phase, high card bonus: +1.0000
[DEBUG]         7. Trick position factor:
[DEBUG]           Position in trick: 3
[DEBUG]           Last to play, but can't win
[DEBUG]         Final score for KS: 2.0000
[DEBUG]       Evaluating card JS with belief model:
[DEBUG]         Base score from card value: 3
[DEBUG]         1. Trump factor (confidence: 0.6974):
[DEBUG]           Not a high-confidence trump card
[DEBUG]         2. Lead suit factor:
[DEBUG]           Lead suit: S
[DEBUG]           Can win the trick! Bonus: +5.0000
[DEBUG]         3. Opponent void factor:
[DEBUG]           Opponent 0: no void bonus for S
[DEBUG]           Opponent 1: no void bonus for S
[DEBUG]           Opponent 2: no void bonus for S
[DEBUG]         4. Opponent strength factor (avg: 0.3685):
[DEBUG]           Weak opponents, but not a low card
[DEBUG]         5. Uncertainty factor (uncertainty: 0.4616):
[DEBUG]           Low uncertainty, no uncertainty factor
[DEBUG]         6. Game phase factor (phase: GamePhase.CONCEALED):
[DEBUG]           Concealed phase, but not a high card
[DEBUG]         7. Trick position factor:
[DEBUG]           Position in trick: 3
[DEBUG]           Can win the trick! Bonus: +4.0000
[DEBUG]         Final score for JS: 12.0000
[DEBUG]       Evaluating card 7S with belief model:
[DEBUG]         Base score from card value: 0
[DEBUG]         1. Trump factor (confidence: 0.6765):
[DEBUG]           Not a high-confidence trump card
[DEBUG]         2. Lead suit factor:
[DEBUG]           No current trick
[DEBUG]         3. Opponent void factor:
[DEBUG]           Opponent 1: no void bonus for S
[DEBUG]           Opponent 2: no void bonus for S
[DEBUG]           Opponent 3: no void bonus for S
[DEBUG]         4. Opponent strength factor (avg: 0.3704):
[DEBUG]           Weak opponents, low card bonus: +1.0000
[DEBUG]         5. Uncertainty factor (uncertainty: 0.4627):
[DEBUG]           Low uncertainty, no uncertainty factor
[DEBUG]         6. Game phase factor (phase: GamePhase.CONCEALED):
[DEBUG]           Concealed phase, but not a high card
[DEBUG]         7. Trick position factor:
[DEBUG]           No current trick
[DEBUG]         Final score for 7S: 1.0000
[DEBUG]       Evaluating card 10C with belief model:
[DEBUG]         Base score from card value: 1
[DEBUG]         1. Trump factor (confidence: 0.6765):
[DEBUG]           Not a high-confidence trump card
[DEBUG]         2. Lead suit factor:
[DEBUG]           No current trick
[DEBUG]         3. Opponent void factor:
[DEBUG]           Opponent 1: no void bonus for C
[DEBUG]           Opponent 2: no void bonus for C
[DEBUG]           Opponent 3: no void bonus for C
[DEBUG]         4. Opponent strength factor (avg: 0.3704):
[DEBUG]           Weak opponents, but not a low card
[DEBUG]         5. Uncertainty factor (uncertainty: 0.4627):
[DEBUG]           Low uncertainty, no uncertainty factor
[DEBUG]         6. Game phase factor (phase: GamePhase.CONCEALED):
[DEBUG]           Concealed phase, but not a high card
[DEBUG]         7. Trick position factor:
[DEBUG]           No current trick
[DEBUG]         Final score for 10C: 1.0000
[DEBUG]       Evaluating card 8C with belief model:
[DEBUG]         Base score from card value: 0
[DEBUG]         1. Trump factor (confidence: 0.6765):
[DEBUG]           Not a high-confidence trump card
[DEBUG]         2. Lead suit factor:
[DEBUG]           No current trick
[DEBUG]         3. Opponent void factor:
[DEBUG]           Opponent 1: no void bonus for C
[DEBUG]           Opponent 2: no void bonus for C
[DEBUG]           Opponent 3: no void bonus for C
[DEBUG]         4. Opponent strength factor (avg: 0.3704):
[DEBUG]           Weak opponents, low card bonus: +1.0000
[DEBUG]         5. Uncertainty factor (uncertainty: 0.4627):
[DEBUG]           Low uncertainty, no uncertainty factor
[DEBUG]         6. Game phase factor (phase: GamePhase.CONCEALED):
[DEBUG]           Concealed phase, but not a high card
[DEBUG]         7. Trick position factor:
[DEBUG]           No current trick
[DEBUG]         Final score for 8C: 1.0000
[DEBUG]       Evaluating card 10H with belief model:
[DEBUG]         Base score from card value: 1
[DEBUG]         1. Trump factor (confidence: 0.6765):
[DEBUG]           Not a high-confidence trump card
[DEBUG]         2. Lead suit factor:
[DEBUG]           No current trick
[DEBUG]         3. Opponent void factor:
[DEBUG]           Opponent 1: no void bonus for H
[DEBUG]           Opponent 2: no void bonus for H
[DEBUG]           Opponent 3: no void bonus for H
[DEBUG]         4. Opponent strength factor (avg: 0.3704):
[DEBUG]           Weak opponents, but not a low card
[DEBUG]         5. Uncertainty factor (uncertainty: 0.4627):
[DEBUG]           Low uncertainty, no uncertainty factor
[DEBUG]         6. Game phase factor (phase: GamePhase.CONCEALED):
[DEBUG]           Concealed phase, but not a high card
[DEBUG]         7. Trick position factor:
[DEBUG]           No current trick
[DEBUG]         Final score for 10H: 1.0000
[DEBUG]       Evaluating card 8S with belief model:
[DEBUG]         Base score from card value: 0
[DEBUG]         1. Trump factor (confidence: 0.6717):
[DEBUG]           Not a high-confidence trump card
[DEBUG]         2. Lead suit factor:
[DEBUG]           Lead suit: S
[DEBUG]           Following suit, small bonus: +1.0000
[DEBUG]         3. Opponent void factor:
[DEBUG]           Opponent 0: no void bonus for S
[DEBUG]           Opponent 2: no void bonus for S
[DEBUG]           Opponent 3: no void bonus for S
[DEBUG]         4. Opponent strength factor (avg: 0.3699):
[DEBUG]           Weak opponents, low card bonus: +1.0000
[DEBUG]         5. Uncertainty factor (uncertainty: 0.4621):
[DEBUG]           Low uncertainty, no uncertainty factor
[DEBUG]         6. Game phase factor (phase: GamePhase.CONCEALED):
[DEBUG]           Concealed phase, but not a high card
[DEBUG]         7. Trick position factor:
[DEBUG]           Position in trick: 1
[DEBUG]           Middle position, no position factor
[DEBUG]         Final score for 8S: 2.0000
[DEBUG]       Evaluating card 10S with belief model:
[DEBUG]         Base score from card value: 1
[DEBUG]         1. Trump factor (confidence: 0.6717):
[DEBUG]           Not a high-confidence trump card
[DEBUG]         2. Lead suit factor:
[DEBUG]           Lead suit: S
[DEBUG]           Can win the trick! Bonus: +5.0000
[DEBUG]         3. Opponent void factor:
[DEBUG]           Opponent 0: no void bonus for S
[DEBUG]           Opponent 2: no void bonus for S
[DEBUG]           Opponent 3: no void bonus for S
[DEBUG]         4. Opponent strength factor (avg: 0.3699):
[DEBUG]           Weak opponents, but not a low card
[DEBUG]         5. Uncertainty factor (uncertainty: 0.4621):
[DEBUG]           Low uncertainty, no uncertainty factor
[DEBUG]         6. Game phase factor (phase: GamePhase.CONCEALED):
[DEBUG]           Concealed phase, but not a high card
[DEBUG]         7. Trick position factor:
[DEBUG]           Position in trick: 1
[DEBUG]           Middle position, no position factor
[DEBUG]         Final score for 10S: 6.0000
[DEBUG]       Evaluating card QH with belief model:
[DEBUG]         Base score from card value: 0
[DEBUG]         1. Trump factor (confidence: 0.6652):
[DEBUG]           Not a high-confidence trump card
[DEBUG]         2. Lead suit factor:
[DEBUG]           Lead suit: S
[DEBUG]           Void in S, discard bonus: +0.5000
[DEBUG]         3. Opponent void factor:
[DEBUG]           Opponent 0: no void bonus for H
[DEBUG]           Opponent 1: no void bonus for H
[DEBUG]           Opponent 3: no void bonus for H
[DEBUG]         4. Opponent strength factor (avg: 0.3704):
[DEBUG]           Weak opponents, but not a low card
[DEBUG]         5. Uncertainty factor (uncertainty: 0.4620):
[DEBUG]           Low uncertainty, no uncertainty factor
[DEBUG]         6. Game phase factor (phase: GamePhase.CONCEALED):
[DEBUG]           Concealed phase, but not a high card
[DEBUG]         7. Trick position factor:
[DEBUG]           Position in trick: 2
[DEBUG]           Middle position, no position factor
[DEBUG]         Final score for QH: 0.5000
[DEBUG]       Evaluating card 9D with belief model:
[DEBUG]         Base score from card value: 2
[DEBUG]         1. Trump factor (confidence: 0.6652):
[DEBUG]           Not a high-confidence trump card
[DEBUG]         2. Lead suit factor:
[DEBUG]           Lead suit: S
[DEBUG]           Void in S, trump bonus: +3.0000
[DEBUG]         3. Opponent void factor:
[DEBUG]           Opponent 0: no void bonus for D
[DEBUG]           Opponent 1: no void bonus for D
[DEBUG]           Opponent 3: no void bonus for D
[DEBUG]         4. Opponent strength factor (avg: 0.3704):
[DEBUG]           Weak opponents, low card bonus: +1.0000
[DEBUG]         5. Uncertainty factor (uncertainty: 0.4620):
[DEBUG]           Low uncertainty, no uncertainty factor
[DEBUG]         6. Game phase factor (phase: GamePhase.CONCEALED):
[DEBUG]           Concealed phase, but not a high card
[DEBUG]         7. Trick position factor:
[DEBUG]           Position in trick: 2
[DEBUG]           Middle position, no position factor
[DEBUG]         Final score for 9D: 6.0000
[DEBUG]       Evaluating card QD with belief model:
[DEBUG]         Base score from card value: 0
[DEBUG]         1. Trump factor (confidence: 0.6652):
[DEBUG]           Not a high-confidence trump card
[DEBUG]         2. Lead suit factor:
[DEBUG]           Lead suit: S
[DEBUG]           Void in S, trump bonus: +3.0000
[DEBUG]         3. Opponent void factor:
[DEBUG]           Opponent 0: no void bonus for D
[DEBUG]           Opponent 1: no void bonus for D
[DEBUG]           Opponent 3: no void bonus for D
[DEBUG]         4. Opponent strength factor (avg: 0.3704):
[DEBUG]           Weak opponents, but not a low card
[DEBUG]         5. Uncertainty factor (uncertainty: 0.4620):
[DEBUG]           Low uncertainty, no uncertainty factor
[DEBUG]         6. Game phase factor (phase: GamePhase.CONCEALED):
[DEBUG]           Concealed phase, but not a high card
[DEBUG]         7. Trick position factor:
[DEBUG]           Position in trick: 2
[DEBUG]           Middle position, no position factor
[DEBUG]         Final score for QD: 3.0000
[DEBUG]       Evaluating card JC with belief model:
[DEBUG]         Base score from card value: 3
[DEBUG]         1. Trump factor (confidence: 0.6652):
[DEBUG]           Not a high-confidence trump card
[DEBUG]         2. Lead suit factor:
[DEBUG]           Lead suit: S
[DEBUG]           Void in S, discard bonus: +0.5000
[DEBUG]         3. Opponent void factor:
[DEBUG]           Opponent 0: no void bonus for C
[DEBUG]           Opponent 1: no void bonus for C
[DEBUG]           Opponent 3: no void bonus for C
[DEBUG]         4. Opponent strength factor (avg: 0.3704):
[DEBUG]           Weak opponents, but not a low card
[DEBUG]         5. Uncertainty factor (uncertainty: 0.4620):
[DEBUG]           Low uncertainty, no uncertainty factor
[DEBUG]         6. Game phase factor (phase: GamePhase.CONCEALED):
[DEBUG]           Concealed phase, but not a high card
[DEBUG]         7. Trick position factor:
[DEBUG]           Position in trick: 2
[DEBUG]           Middle position, no position factor
[DEBUG]         Final score for JC: 3.5000
[DEBUG]       Evaluating card AD with belief model:
[DEBUG]         Base score from card value: 1
[DEBUG]         1. Trump factor (confidence: 0.6652):
[DEBUG]           Not a high-confidence trump card
[DEBUG]         2. Lead suit factor:
[DEBUG]           Lead suit: S
[DEBUG]           Void in S, trump bonus: +3.0000
[DEBUG]         3. Opponent void factor:
[DEBUG]           Opponent 0: no void bonus for D
[DEBUG]           Opponent 1: no void bonus for D
[DEBUG]           Opponent 3: no void bonus for D
[DEBUG]         4. Opponent strength factor (avg: 0.3704):
[DEBUG]           Weak opponents, but not a low card
[DEBUG]         5. Uncertainty factor (uncertainty: 0.4620):
[DEBUG]           Low uncertainty, no uncertainty factor
[DEBUG]         6. Game phase factor (phase: GamePhase.CONCEALED):
[DEBUG]           Concealed phase, high card bonus: +1.0000
[DEBUG]         7. Trick position factor:
[DEBUG]           Position in trick: 2
[DEBUG]           Middle position, no position factor
[DEBUG]         Final score for AD: 5.0000
[DEBUG]       Evaluating card 10D with belief model:
[DEBUG]         Base score from card value: 1
[DEBUG]         1. Trump factor (confidence: 0.6652):
[DEBUG]           Not a high-confidence trump card
[DEBUG]         2. Lead suit factor:
[DEBUG]           Lead suit: S
[DEBUG]           Void in S, trump bonus: +3.0000
[DEBUG]         3. Opponent void factor:
[DEBUG]           Opponent 0: no void bonus for D
[DEBUG]           Opponent 1: no void bonus for D
[DEBUG]           Opponent 3: no void bonus for D
[DEBUG]         4. Opponent strength factor (avg: 0.3704):
[DEBUG]           Weak opponents, but not a low card
[DEBUG]         5. Uncertainty factor (uncertainty: 0.4620):
[DEBUG]           Low uncertainty, no uncertainty factor
[DEBUG]         6. Game phase factor (phase: GamePhase.CONCEALED):
[DEBUG]           Concealed phase, but not a high card
[DEBUG]         7. Trick position factor:
[DEBUG]           Position in trick: 2
[DEBUG]           Middle position, no position factor
[DEBUG]         Final score for 10D: 4.0000
[DEBUG] TRUMP REVEALED!
[DEBUG]   Player 2 revealed trump D
[DEBUG]   Trick number: 3
[DEBUG]   Card played: 9D
[DEBUG]   Game phase changed from CONCEALED to REVEALED
[DEBUG]       Evaluating card KS with belief model:
[DEBUG]         Base score from card value: 0
[DEBUG]         1. Trump factor (confidence: 0.7070):
[DEBUG]           Not a high-confidence trump card
[DEBUG]         2. Lead suit factor:
[DEBUG]           Lead suit: S
[DEBUG]           Following suit, small bonus: +1.0000
[DEBUG]         3. Opponent void factor:
[DEBUG]           Opponent 0: no void bonus for S
[DEBUG]           Opponent 1: no void bonus for S
[DEBUG]           Opponent 2: no void bonus for S
[DEBUG]         4. Opponent strength factor (avg: 0.3625):
[DEBUG]           Weak opponents, but not a low card
[DEBUG]         5. Uncertainty factor (uncertainty: 0.4604):
[DEBUG]           Low uncertainty, no uncertainty factor
[DEBUG]         6. Game phase factor (phase: GamePhase.REVEALED):
[DEBUG]           Revealed phase, but not trump
[DEBUG]         7. Trick position factor:
[DEBUG]           Position in trick: 3
[DEBUG]           Last to play, but can't win
[DEBUG]         Final score for KS: 1.0000
[DEBUG]       Evaluating card KD with belief model:
[DEBUG]         Base score from card value: 0
[DEBUG]         1. Trump factor (confidence: 0.7002):
[DEBUG]           Not a high-confidence trump card
[DEBUG]         2. Lead suit factor:
[DEBUG]           No current trick
[DEBUG]         3. Opponent void factor:
[DEBUG]           Opponent 1: no void bonus for D
[DEBUG]           Opponent 2: no void bonus for D
[DEBUG]           Opponent 3: no void bonus for D
[DEBUG]         4. Opponent strength factor (avg: 0.3539):
[DEBUG]           Weak opponents, but not a low card
[DEBUG]         5. Uncertainty factor (uncertainty: 0.4590):
[DEBUG]           Low uncertainty, no uncertainty factor
[DEBUG]         6. Game phase factor (phase: GamePhase.REVEALED):
[DEBUG]           Revealed phase, trump bonus: +2.0000
[DEBUG]         7. Trick position factor:
[DEBUG]           No current trick
[DEBUG]         Final score for KD: 2.0000
[DEBUG]       Evaluating card 10C with belief model:
[DEBUG]         Base score from card value: 1
[DEBUG]         1. Trump factor (confidence: 0.7002):
[DEBUG]           Not a high-confidence trump card
[DEBUG]         2. Lead suit factor:
[DEBUG]           No current trick
[DEBUG]         3. Opponent void factor:
[DEBUG]           Opponent 1: no void bonus for C
[DEBUG]           Opponent 2: no void bonus for C
[DEBUG]           Opponent 3: no void bonus for C
[DEBUG]         4. Opponent strength factor (avg: 0.3539):
[DEBUG]           Weak opponents, but not a low card
[DEBUG]         5. Uncertainty factor (uncertainty: 0.4590):
[DEBUG]           Low uncertainty, no uncertainty factor
[DEBUG]         6. Game phase factor (phase: GamePhase.REVEALED):
[DEBUG]           Revealed phase, but not trump
[DEBUG]         7. Trick position factor:
[DEBUG]           No current trick
[DEBUG]         Final score for 10C: 1.0000
[DEBUG]       Evaluating card 8C with belief model:
[DEBUG]         Base score from card value: 0
[DEBUG]         1. Trump factor (confidence: 0.7002):
[DEBUG]           Not a high-confidence trump card
[DEBUG]         2. Lead suit factor:
[DEBUG]           No current trick
[DEBUG]         3. Opponent void factor:
[DEBUG]           Opponent 1: no void bonus for C
[DEBUG]           Opponent 2: no void bonus for C
[DEBUG]           Opponent 3: no void bonus for C
[DEBUG]         4. Opponent strength factor (avg: 0.3539):
[DEBUG]           Weak opponents, low card bonus: +1.0000
[DEBUG]         5. Uncertainty factor (uncertainty: 0.4590):
[DEBUG]           Low uncertainty, no uncertainty factor
[DEBUG]         6. Game phase factor (phase: GamePhase.REVEALED):
[DEBUG]           Revealed phase, but not trump
[DEBUG]         7. Trick position factor:
[DEBUG]           No current trick
[DEBUG]         Final score for 8C: 1.0000
[DEBUG]       Evaluating card 10H with belief model:
[DEBUG]         Base score from card value: 1
[DEBUG]         1. Trump factor (confidence: 0.7002):
[DEBUG]           Not a high-confidence trump card
[DEBUG]         2. Lead suit factor:
[DEBUG]           No current trick
[DEBUG]         3. Opponent void factor:
[DEBUG]           Opponent 1: no void bonus for H
[DEBUG]           Opponent 2: no void bonus for H
[DEBUG]           Opponent 3: no void bonus for H
[DEBUG]         4. Opponent strength factor (avg: 0.3539):
[DEBUG]           Weak opponents, but not a low card
[DEBUG]         5. Uncertainty factor (uncertainty: 0.4590):
[DEBUG]           Low uncertainty, no uncertainty factor
[DEBUG]         6. Game phase factor (phase: GamePhase.REVEALED):
[DEBUG]           Revealed phase, but not trump
[DEBUG]         7. Trick position factor:
[DEBUG]           No current trick
[DEBUG]         Final score for 10H: 1.0000
[DEBUG]       Evaluating card JD with belief model:
[DEBUG]         Base score from card value: 3
[DEBUG]         1. Trump factor (confidence: 0.7002):
[DEBUG]           Not a high-confidence trump card
[DEBUG]         2. Lead suit factor:
[DEBUG]           No current trick
[DEBUG]         3. Opponent void factor:
[DEBUG]           Opponent 1: no void bonus for D
[DEBUG]           Opponent 2: no void bonus for D
[DEBUG]           Opponent 3: no void bonus for D
[DEBUG]         4. Opponent strength factor (avg: 0.3539):
[DEBUG]           Weak opponents, but not a low card
[DEBUG]         5. Uncertainty factor (uncertainty: 0.4590):
[DEBUG]           Low uncertainty, no uncertainty factor
[DEBUG]         6. Game phase factor (phase: GamePhase.REVEALED):
[DEBUG]           Revealed phase, trump bonus: +2.0000
[DEBUG]         7. Trick position factor:
[DEBUG]           No current trick
[DEBUG]         Final score for JD: 5.0000
[DEBUG]       Evaluating card QC with belief model:
[DEBUG]         Base score from card value: 0
[DEBUG]         1. Trump factor (confidence: 0.7209):
[DEBUG]           Not a high-confidence trump card
[DEBUG]         2. Lead suit factor:
[DEBUG]           Lead suit: D
[DEBUG]           Void in D, discard bonus: +0.5000
[DEBUG]         3. Opponent void factor:
[DEBUG]           Opponent 0: no void bonus for C
[DEBUG]           Opponent 2: no void bonus for C
[DEBUG]           Opponent 3: no void bonus for C
[DEBUG]         4. Opponent strength factor (avg: 0.3545):
[DEBUG]           Weak opponents, but not a low card
[DEBUG]         5. Uncertainty factor (uncertainty: 0.4583):
[DEBUG]           Low uncertainty, no uncertainty factor
[DEBUG]         6. Game phase factor (phase: GamePhase.REVEALED):
[DEBUG]           Revealed phase, but not trump
[DEBUG]         7. Trick position factor:
[DEBUG]           Position in trick: 1
[DEBUG]           Middle position, no position factor
[DEBUG]         Final score for QC: 0.5000
[DEBUG]       Evaluating card 7H with belief model:
[DEBUG]         Base score from card value: 0
[DEBUG]         1. Trump factor (confidence: 0.7209):
[DEBUG]           Not a high-confidence trump card
[DEBUG]         2. Lead suit factor:
[DEBUG]           Lead suit: D
[DEBUG]           Void in D, discard bonus: +0.5000
[DEBUG]         3. Opponent void factor:
[DEBUG]           Opponent 0: no void bonus for H
[DEBUG]           Opponent 2: no void bonus for H
[DEBUG]           Opponent 3: no void bonus for H
[DEBUG]         4. Opponent strength factor (avg: 0.3545):
[DEBUG]           Weak opponents, low card bonus: +1.0000
[DEBUG]         5. Uncertainty factor (uncertainty: 0.4583):
[DEBUG]           Low uncertainty, no uncertainty factor
[DEBUG]         6. Game phase factor (phase: GamePhase.REVEALED):
[DEBUG]           Revealed phase, but not trump
[DEBUG]         7. Trick position factor:
[DEBUG]           Position in trick: 1
[DEBUG]           Middle position, no position factor
[DEBUG]         Final score for 7H: 1.5000
[DEBUG]       Evaluating card KC with belief model:
[DEBUG]         Base score from card value: 0
[DEBUG]         1. Trump factor (confidence: 0.7209):
[DEBUG]           Not a high-confidence trump card
[DEBUG]         2. Lead suit factor:
[DEBUG]           Lead suit: D
[DEBUG]           Void in D, discard bonus: +0.5000
[DEBUG]         3. Opponent void factor:
[DEBUG]           Opponent 0: no void bonus for C
[DEBUG]           Opponent 2: no void bonus for C
[DEBUG]           Opponent 3: no void bonus for C
[DEBUG]         4. Opponent strength factor (avg: 0.3545):
[DEBUG]           Weak opponents, but not a low card
[DEBUG]         5. Uncertainty factor (uncertainty: 0.4583):
[DEBUG]           Low uncertainty, no uncertainty factor
[DEBUG]         6. Game phase factor (phase: GamePhase.REVEALED):
[DEBUG]           Revealed phase, but not trump
[DEBUG]         7. Trick position factor:
[DEBUG]           Position in trick: 1
[DEBUG]           Middle position, no position factor
[DEBUG]         Final score for KC: 0.5000
[DEBUG]       Evaluating card 8S with belief model:
[DEBUG]         Base score from card value: 0
[DEBUG]         1. Trump factor (confidence: 0.7209):
[DEBUG]           Not a high-confidence trump card
[DEBUG]         2. Lead suit factor:
[DEBUG]           Lead suit: D
[DEBUG]           Void in D, discard bonus: +0.5000
[DEBUG]         3. Opponent void factor:
[DEBUG]           Opponent 0: no void bonus for S
[DEBUG]           Opponent 2: no void bonus for S
[DEBUG]           Opponent 3: no void bonus for S
[DEBUG]         4. Opponent strength factor (avg: 0.3545):
[DEBUG]           Weak opponents, low card bonus: +1.0000
[DEBUG]         5. Uncertainty factor (uncertainty: 0.4583):
[DEBUG]           Low uncertainty, no uncertainty factor
[DEBUG]         6. Game phase factor (phase: GamePhase.REVEALED):
[DEBUG]           Revealed phase, but not trump
[DEBUG]         7. Trick position factor:
[DEBUG]           Position in trick: 1
[DEBUG]           Middle position, no position factor
[DEBUG]         Final score for 8S: 1.5000
[DEBUG]       Evaluating card AH with belief model:
[DEBUG]         Base score from card value: 1
[DEBUG]         1. Trump factor (confidence: 0.7209):
[DEBUG]           Not a high-confidence trump card
[DEBUG]         2. Lead suit factor:
[DEBUG]           Lead suit: D
[DEBUG]           Void in D, discard bonus: +0.5000
[DEBUG]         3. Opponent void factor:
[DEBUG]           Opponent 0: no void bonus for H
[DEBUG]           Opponent 2: no void bonus for H
[DEBUG]           Opponent 3: no void bonus for H
[DEBUG]         4. Opponent strength factor (avg: 0.3545):
[DEBUG]           Weak opponents, but not a low card
[DEBUG]         5. Uncertainty factor (uncertainty: 0.4583):
[DEBUG]           Low uncertainty, no uncertainty factor
[DEBUG]         6. Game phase factor (phase: GamePhase.REVEALED):
[DEBUG]           Revealed phase, but not trump
[DEBUG]         7. Trick position factor:
[DEBUG]           Position in trick: 1
[DEBUG]           Middle position, no position factor
[DEBUG]         Final score for AH: 1.5000
[DEBUG]       Evaluating card QD with belief model:
[DEBUG]         Base score from card value: 0
[DEBUG]         1. Trump factor (confidence: 0.6838):
[DEBUG]           Not a high-confidence trump card
[DEBUG]         2. Lead suit factor:
[DEBUG]           Lead suit: D
[DEBUG]           Following suit, small bonus: +1.0000
[DEBUG]         3. Opponent void factor:
[DEBUG]           Opponent 0: no void bonus for D
[DEBUG]           Opponent 1: no void bonus for D
[DEBUG]           Opponent 3: no void bonus for D
[DEBUG]         4. Opponent strength factor (avg: 0.3437):
[DEBUG]           Weak opponents, but not a low card
[DEBUG]         5. Uncertainty factor (uncertainty: 0.4565):
[DEBUG]           Low uncertainty, no uncertainty factor
[DEBUG]         6. Game phase factor (phase: GamePhase.REVEALED):
[DEBUG]           Revealed phase, trump bonus: +2.0000
[DEBUG]         7. Trick position factor:
[DEBUG]           Position in trick: 2
[DEBUG]           Middle position, no position factor
[DEBUG]         Final score for QD: 3.0000
[DEBUG]       Evaluating card AD with belief model:
[DEBUG]         Base score from card value: 1
[DEBUG]         1. Trump factor (confidence: 0.6838):
[DEBUG]           Not a high-confidence trump card
[DEBUG]         2. Lead suit factor:
[DEBUG]           Lead suit: D
[DEBUG]           Following suit, small bonus: +1.0000
[DEBUG]         3. Opponent void factor:
[DEBUG]           Opponent 0: no void bonus for D
[DEBUG]           Opponent 1: no void bonus for D
[DEBUG]           Opponent 3: no void bonus for D
[DEBUG]         4. Opponent strength factor (avg: 0.3437):
[DEBUG]           Weak opponents, but not a low card
[DEBUG]         5. Uncertainty factor (uncertainty: 0.4565):
[DEBUG]           Low uncertainty, no uncertainty factor
[DEBUG]         6. Game phase factor (phase: GamePhase.REVEALED):
[DEBUG]           Revealed phase, trump bonus: +2.0000
[DEBUG]         7. Trick position factor:
[DEBUG]           Position in trick: 2
[DEBUG]           Middle position, no position factor
[DEBUG]         Final score for AD: 4.0000
[DEBUG]       Evaluating card 10D with belief model:
[DEBUG]         Base score from card value: 1
[DEBUG]         1. Trump factor (confidence: 0.6838):
[DEBUG]           Not a high-confidence trump card
[DEBUG]         2. Lead suit factor:
[DEBUG]           Lead suit: D
[DEBUG]           Following suit, small bonus: +1.0000
[DEBUG]         3. Opponent void factor:
[DEBUG]           Opponent 0: no void bonus for D
[DEBUG]           Opponent 1: no void bonus for D
[DEBUG]           Opponent 3: no void bonus for D
[DEBUG]         4. Opponent strength factor (avg: 0.3437):
[DEBUG]           Weak opponents, but not a low card
[DEBUG]         5. Uncertainty factor (uncertainty: 0.4565):
[DEBUG]           Low uncertainty, no uncertainty factor
[DEBUG]         6. Game phase factor (phase: GamePhase.REVEALED):
[DEBUG]           Revealed phase, trump bonus: +2.0000
[DEBUG]         7. Trick position factor:
[DEBUG]           Position in trick: 2
[DEBUG]           Middle position, no position factor
[DEBUG]         Final score for 10D: 4.0000
[DEBUG]       Evaluating card 7D with belief model:
[DEBUG]         Base score from card value: 0
[DEBUG]         1. Trump factor (confidence: 0.7077):
[DEBUG]           Not a high-confidence trump card
[DEBUG]         2. Lead suit factor:
[DEBUG]           Lead suit: D
[DEBUG]           Following suit, small bonus: +1.0000
[DEBUG]         3. Opponent void factor:
[DEBUG]           Opponent 0: no void bonus for D
[DEBUG]           Opponent 1: no void bonus for D
[DEBUG]           Opponent 2: no void bonus for D
[DEBUG]         4. Opponent strength factor (avg: 0.3497):
[DEBUG]           Weak opponents, low card bonus: +1.0000
[DEBUG]         5. Uncertainty factor (uncertainty: 0.4569):
[DEBUG]           Low uncertainty, no uncertainty factor
[DEBUG]         6. Game phase factor (phase: GamePhase.REVEALED):
[DEBUG]           Revealed phase, trump bonus: +2.0000
[DEBUG]         7. Trick position factor:
[DEBUG]           Position in trick: 3
[DEBUG]           Last to play, but can't win
[DEBUG]         Final score for 7D: 4.0000
[DEBUG]       Evaluating card 8D with belief model:
[DEBUG]         Base score from card value: 0
[DEBUG]         1. Trump factor (confidence: 0.7077):
[DEBUG]           Not a high-confidence trump card
[DEBUG]         2. Lead suit factor:
[DEBUG]           Lead suit: D
[DEBUG]           Following suit, small bonus: +1.0000
[DEBUG]         3. Opponent void factor:
[DEBUG]           Opponent 0: no void bonus for D
[DEBUG]           Opponent 1: no void bonus for D
[DEBUG]           Opponent 2: no void bonus for D
[DEBUG]         4. Opponent strength factor (avg: 0.3497):
[DEBUG]           Weak opponents, low card bonus: +1.0000
[DEBUG]         5. Uncertainty factor (uncertainty: 0.4569):
[DEBUG]           Low uncertainty, no uncertainty factor
[DEBUG]         6. Game phase factor (phase: GamePhase.REVEALED):
[DEBUG]           Revealed phase, trump bonus: +2.0000
[DEBUG]         7. Trick position factor:
[DEBUG]           Position in trick: 3
[DEBUG]           Last to play, but can't win
[DEBUG]         Final score for 8D: 4.0000
[DEBUG]       Evaluating card KD with belief model:
[DEBUG]         Base score from card value: 0
[DEBUG]         1. Trump factor (confidence: 0.6842):
[DEBUG]           Not a high-confidence trump card
[DEBUG]         2. Lead suit factor:
[DEBUG]           No current trick
[DEBUG]         3. Opponent void factor:
[DEBUG]           Opponent 1: no void bonus for D
[DEBUG]           Opponent 2: no void bonus for D
[DEBUG]           Opponent 3: no void bonus for D
[DEBUG]         4. Opponent strength factor (avg: 0.3294):
[DEBUG]           Weak opponents, but not a low card
[DEBUG]         5. Uncertainty factor (uncertainty: 0.4540):
[DEBUG]           Low uncertainty, no uncertainty factor
[DEBUG]         6. Game phase factor (phase: GamePhase.REVEALED):
[DEBUG]           Revealed phase, trump bonus: +2.0000
[DEBUG]         7. Trick position factor:
[DEBUG]           No current trick
[DEBUG]         Final score for KD: 2.0000
[DEBUG]       Evaluating card 10C with belief model:
[DEBUG]         Base score from card value: 1
[DEBUG]         1. Trump factor (confidence: 0.6842):
[DEBUG]           Not a high-confidence trump card
[DEBUG]         2. Lead suit factor:
[DEBUG]           No current trick
[DEBUG]         3. Opponent void factor:
[DEBUG]           Opponent 1: no void bonus for C
[DEBUG]           Opponent 2: no void bonus for C
[DEBUG]           Opponent 3: no void bonus for C
[DEBUG]         4. Opponent strength factor (avg: 0.3294):
[DEBUG]           Weak opponents, but not a low card
[DEBUG]         5. Uncertainty factor (uncertainty: 0.4540):
[DEBUG]           Low uncertainty, no uncertainty factor
[DEBUG]         6. Game phase factor (phase: GamePhase.REVEALED):
[DEBUG]           Revealed phase, but not trump
[DEBUG]         7. Trick position factor:
[DEBUG]           No current trick
[DEBUG]         Final score for 10C: 1.0000
[DEBUG]       Evaluating card 8C with belief model:
[DEBUG]         Base score from card value: 0
[DEBUG]         1. Trump factor (confidence: 0.6842):
[DEBUG]           Not a high-confidence trump card
[DEBUG]         2. Lead suit factor:
[DEBUG]           No current trick
[DEBUG]         3. Opponent void factor:
[DEBUG]           Opponent 1: no void bonus for C
[DEBUG]           Opponent 2: no void bonus for C
[DEBUG]           Opponent 3: no void bonus for C
[DEBUG]         4. Opponent strength factor (avg: 0.3294):
[DEBUG]           Weak opponents, low card bonus: +1.0000
[DEBUG]         5. Uncertainty factor (uncertainty: 0.4540):
[DEBUG]           Low uncertainty, no uncertainty factor
[DEBUG]         6. Game phase factor (phase: GamePhase.REVEALED):
[DEBUG]           Revealed phase, but not trump
[DEBUG]         7. Trick position factor:
[DEBUG]           No current trick
[DEBUG]         Final score for 8C: 1.0000
[DEBUG]       Evaluating card 10H with belief model:
[DEBUG]         Base score from card value: 1
[DEBUG]         1. Trump factor (confidence: 0.6842):
[DEBUG]           Not a high-confidence trump card
[DEBUG]         2. Lead suit factor:
[DEBUG]           No current trick
[DEBUG]         3. Opponent void factor:
[DEBUG]           Opponent 1: no void bonus for H
[DEBUG]           Opponent 2: no void bonus for H
[DEBUG]           Opponent 3: no void bonus for H
[DEBUG]         4. Opponent strength factor (avg: 0.3294):
[DEBUG]           Weak opponents, but not a low card
[DEBUG]         5. Uncertainty factor (uncertainty: 0.4540):
[DEBUG]           Low uncertainty, no uncertainty factor
[DEBUG]         6. Game phase factor (phase: GamePhase.REVEALED):
[DEBUG]           Revealed phase, but not trump
[DEBUG]         7. Trick position factor:
[DEBUG]           No current trick
[DEBUG]         Final score for 10H: 1.0000
[DEBUG]       Evaluating card QC with belief model:
[DEBUG]         Base score from card value: 0
[DEBUG]         1. Trump factor (confidence: 0.7049):
[DEBUG]           Not a high-confidence trump card
[DEBUG]         2. Lead suit factor:
[DEBUG]           Lead suit: D
[DEBUG]           Void in D, discard bonus: +0.5000
[DEBUG]         3. Opponent void factor:
[DEBUG]           Opponent 0: no void bonus for C
[DEBUG]           Opponent 2: no void bonus for C
[DEBUG]           Opponent 3: no void bonus for C
[DEBUG]         4. Opponent strength factor (avg: 0.3281):
[DEBUG]           Weak opponents, but not a low card
[DEBUG]         5. Uncertainty factor (uncertainty: 0.4507):
[DEBUG]           Low uncertainty, no uncertainty factor
[DEBUG]         6. Game phase factor (phase: GamePhase.REVEALED):
[DEBUG]           Revealed phase, but not trump
[DEBUG]         7. Trick position factor:
[DEBUG]           Position in trick: 1
[DEBUG]           Middle position, no position factor
[DEBUG]         Final score for QC: 0.5000
[DEBUG]       Evaluating card KC with belief model:
[DEBUG]         Base score from card value: 0
[DEBUG]         1. Trump factor (confidence: 0.7049):
[DEBUG]           Not a high-confidence trump card
[DEBUG]         2. Lead suit factor:
[DEBUG]           Lead suit: D
[DEBUG]           Void in D, discard bonus: +0.5000
[DEBUG]         3. Opponent void factor:
[DEBUG]           Opponent 0: no void bonus for C
[DEBUG]           Opponent 2: no void bonus for C
[DEBUG]           Opponent 3: no void bonus for C
[DEBUG]         4. Opponent strength factor (avg: 0.3281):
[DEBUG]           Weak opponents, but not a low card
[DEBUG]         5. Uncertainty factor (uncertainty: 0.4507):
[DEBUG]           Low uncertainty, no uncertainty factor
[DEBUG]         6. Game phase factor (phase: GamePhase.REVEALED):
[DEBUG]           Revealed phase, but not trump
[DEBUG]         7. Trick position factor:
[DEBUG]           Position in trick: 1
[DEBUG]           Middle position, no position factor
[DEBUG]         Final score for KC: 0.5000
[DEBUG]       Evaluating card 8S with belief model:
[DEBUG]         Base score from card value: 0
[DEBUG]         1. Trump factor (confidence: 0.7049):
[DEBUG]           Not a high-confidence trump card
[DEBUG]         2. Lead suit factor:
[DEBUG]           Lead suit: D
[DEBUG]           Void in D, discard bonus: +0.5000
[DEBUG]         3. Opponent void factor:
[DEBUG]           Opponent 0: no void bonus for S
[DEBUG]           Opponent 2: no void bonus for S
[DEBUG]           Opponent 3: no void bonus for S
[DEBUG]         4. Opponent strength factor (avg: 0.3281):
[DEBUG]           Weak opponents, low card bonus: +1.0000
[DEBUG]         5. Uncertainty factor (uncertainty: 0.4507):
[DEBUG]           Low uncertainty, no uncertainty factor
[DEBUG]         6. Game phase factor (phase: GamePhase.REVEALED):
[DEBUG]           Revealed phase, but not trump
[DEBUG]         7. Trick position factor:
[DEBUG]           Position in trick: 1
[DEBUG]           Middle position, no position factor
[DEBUG]         Final score for 8S: 1.5000
[DEBUG]       Evaluating card AH with belief model:
[DEBUG]         Base score from card value: 1
[DEBUG]         1. Trump factor (confidence: 0.7049):
[DEBUG]           Not a high-confidence trump card
[DEBUG]         2. Lead suit factor:
[DEBUG]           Lead suit: D
[DEBUG]           Void in D, discard bonus: +0.5000
[DEBUG]         3. Opponent void factor:
[DEBUG]           Opponent 0: no void bonus for H
[DEBUG]           Opponent 2: no void bonus for H
[DEBUG]           Opponent 3: no void bonus for H
[DEBUG]         4. Opponent strength factor (avg: 0.3281):
[DEBUG]           Weak opponents, but not a low card
[DEBUG]         5. Uncertainty factor (uncertainty: 0.4507):
[DEBUG]           Low uncertainty, no uncertainty factor
[DEBUG]         6. Game phase factor (phase: GamePhase.REVEALED):
[DEBUG]           Revealed phase, but not trump
[DEBUG]         7. Trick position factor:
[DEBUG]           Position in trick: 1
[DEBUG]           Middle position, no position factor
[DEBUG]         Final score for AH: 1.5000
[DEBUG]       Evaluating card QD with belief model:
[DEBUG]         Base score from card value: 0
[DEBUG]         1. Trump factor (confidence: 0.7011):
[DEBUG]           Not a high-confidence trump card
[DEBUG]         2. Lead suit factor:
[DEBUG]           Lead suit: D
[DEBUG]           Following suit, small bonus: +1.0000
[DEBUG]         3. Opponent void factor:
[DEBUG]           Opponent 0: no void bonus for D
[DEBUG]           Opponent 1: no void bonus for D
[DEBUG]           Opponent 3: no void bonus for D
[DEBUG]         4. Opponent strength factor (avg: 0.3301):
[DEBUG]           Weak opponents, but not a low card
[DEBUG]         5. Uncertainty factor (uncertainty: 0.4513):
[DEBUG]           Low uncertainty, no uncertainty factor
[DEBUG]         6. Game phase factor (phase: GamePhase.REVEALED):
[DEBUG]           Revealed phase, trump bonus: +2.0000
[DEBUG]         7. Trick position factor:
[DEBUG]           Position in trick: 2
[DEBUG]           Middle position, no position factor
[DEBUG]         Final score for QD: 3.0000
[DEBUG]       Evaluating card 10D with belief model:
[DEBUG]         Base score from card value: 1
[DEBUG]         1. Trump factor (confidence: 0.7011):
[DEBUG]           Not a high-confidence trump card
[DEBUG]         2. Lead suit factor:
[DEBUG]           Lead suit: D
[DEBUG]           Can win the trick! Bonus: +5.0000
[DEBUG]         3. Opponent void factor:
[DEBUG]           Opponent 0: no void bonus for D
[DEBUG]           Opponent 1: no void bonus for D
[DEBUG]           Opponent 3: no void bonus for D
[DEBUG]         4. Opponent strength factor (avg: 0.3301):
[DEBUG]           Weak opponents, but not a low card
[DEBUG]         5. Uncertainty factor (uncertainty: 0.4513):
[DEBUG]           Low uncertainty, no uncertainty factor
[DEBUG]         6. Game phase factor (phase: GamePhase.REVEALED):
[DEBUG]           Revealed phase, trump bonus: +2.0000
[DEBUG]         7. Trick position factor:
[DEBUG]           Position in trick: 2
[DEBUG]           Middle position, no position factor
[DEBUG]         Final score for 10D: 8.0000
[DEBUG]       Evaluating card 8D with belief model:
[DEBUG]         Base score from card value: 0
[DEBUG]         1. Trump factor (confidence: 0.7258):
[DEBUG]           Not a high-confidence trump card
[DEBUG]         2. Lead suit factor:
[DEBUG]           Lead suit: D
[DEBUG]           Following suit, small bonus: +1.0000
[DEBUG]         3. Opponent void factor:
[DEBUG]           Opponent 0: no void bonus for D
[DEBUG]           Opponent 1: no void bonus for D
[DEBUG]           Opponent 2: no void bonus for D
[DEBUG]         4. Opponent strength factor (avg: 0.3334):
[DEBUG]           Weak opponents, low card bonus: +1.0000
[DEBUG]         5. Uncertainty factor (uncertainty: 0.4515):
[DEBUG]           Low uncertainty, no uncertainty factor
[DEBUG]         6. Game phase factor (phase: GamePhase.REVEALED):
[DEBUG]           Revealed phase, trump bonus: +2.0000
[DEBUG]         7. Trick position factor:
[DEBUG]           Position in trick: 3
[DEBUG]           Last to play, but can't win
[DEBUG]         Final score for 8D: 4.0000
[DEBUG]       Evaluating card 10C with belief model:
[DEBUG]         Base score from card value: 1
[DEBUG]         1. Trump factor (confidence: 0.6995):
[DEBUG]           Not a high-confidence trump card
[DEBUG]         2. Lead suit factor:
[DEBUG]           No current trick
[DEBUG]         3. Opponent void factor:
[DEBUG]           Opponent 1: no void bonus for C
[DEBUG]           Opponent 2: no void bonus for C
[DEBUG]           Opponent 3: no void bonus for C
[DEBUG]         4. Opponent strength factor (avg: 0.3113):
[DEBUG]           Weak opponents, but not a low card
[DEBUG]         5. Uncertainty factor (uncertainty: 0.4473):
[DEBUG]           Low uncertainty, no uncertainty factor
[DEBUG]         6. Game phase factor (phase: GamePhase.REVEALED):
[DEBUG]           Revealed phase, but not trump
[DEBUG]         7. Trick position factor:
[DEBUG]           No current trick
[DEBUG]         Final score for 10C: 1.0000
[DEBUG]       Evaluating card 8C with belief model:
[DEBUG]         Base score from card value: 0
[DEBUG]         1. Trump factor (confidence: 0.6995):
[DEBUG]           Not a high-confidence trump card
[DEBUG]         2. Lead suit factor:
[DEBUG]           No current trick
[DEBUG]         3. Opponent void factor:
[DEBUG]           Opponent 1: no void bonus for C
[DEBUG]           Opponent 2: no void bonus for C
[DEBUG]           Opponent 3: no void bonus for C
[DEBUG]         4. Opponent strength factor (avg: 0.3113):
[DEBUG]           Weak opponents, low card bonus: +1.0000
[DEBUG]         5. Uncertainty factor (uncertainty: 0.4473):
[DEBUG]           Low uncertainty, no uncertainty factor
[DEBUG]         6. Game phase factor (phase: GamePhase.REVEALED):
[DEBUG]           Revealed phase, but not trump
[DEBUG]         7. Trick position factor:
[DEBUG]           No current trick
[DEBUG]         Final score for 8C: 1.0000
[DEBUG]       Evaluating card 10H with belief model:
[DEBUG]         Base score from card value: 1
[DEBUG]         1. Trump factor (confidence: 0.6995):
[DEBUG]           Not a high-confidence trump card
[DEBUG]         2. Lead suit factor:
[DEBUG]           No current trick
[DEBUG]         3. Opponent void factor:
[DEBUG]           Opponent 1: no void bonus for H
[DEBUG]           Opponent 2: no void bonus for H
[DEBUG]           Opponent 3: no void bonus for H
[DEBUG]         4. Opponent strength factor (avg: 0.3113):
[DEBUG]           Weak opponents, but not a low card
[DEBUG]         5. Uncertainty factor (uncertainty: 0.4473):
[DEBUG]           Low uncertainty, no uncertainty factor
[DEBUG]         6. Game phase factor (phase: GamePhase.REVEALED):
[DEBUG]           Revealed phase, but not trump
[DEBUG]         7. Trick position factor:
[DEBUG]           No current trick
[DEBUG]         Final score for 10H: 1.0000
[DEBUG]       Evaluating card QC with belief model:
[DEBUG]         Base score from card value: 0
[DEBUG]         1. Trump factor (confidence: 0.7226):
[DEBUG]           Not a high-confidence trump card
[DEBUG]         2. Lead suit factor:
[DEBUG]           Lead suit: C
[DEBUG]           Following suit, small bonus: +1.0000
[DEBUG]         3. Opponent void factor:
[DEBUG]           Opponent 0: no void bonus for C
[DEBUG]           Opponent 2: no void bonus for C
[DEBUG]           Opponent 3: no void bonus for C
[DEBUG]         4. Opponent strength factor (avg: 0.3133):
[DEBUG]           Weak opponents, but not a low card
[DEBUG]         5. Uncertainty factor (uncertainty: 0.4468):
[DEBUG]           Low uncertainty, no uncertainty factor
[DEBUG]         6. Game phase factor (phase: GamePhase.REVEALED):
[DEBUG]           Revealed phase, but not trump
[DEBUG]         7. Trick position factor:
[DEBUG]           Position in trick: 1
[DEBUG]           Middle position, no position factor
[DEBUG]         Final score for QC: 1.0000
[DEBUG]       Evaluating card KC with belief model:
[DEBUG]         Base score from card value: 0
[DEBUG]         1. Trump factor (confidence: 0.7226):
[DEBUG]           Not a high-confidence trump card
[DEBUG]         2. Lead suit factor:
[DEBUG]           Lead suit: C
[DEBUG]           Following suit, small bonus: +1.0000
[DEBUG]         3. Opponent void factor:
[DEBUG]           Opponent 0: no void bonus for C
[DEBUG]           Opponent 2: no void bonus for C
[DEBUG]           Opponent 3: no void bonus for C
[DEBUG]         4. Opponent strength factor (avg: 0.3133):
[DEBUG]           Weak opponents, but not a low card
[DEBUG]         5. Uncertainty factor (uncertainty: 0.4468):
[DEBUG]           Low uncertainty, no uncertainty factor
[DEBUG]         6. Game phase factor (phase: GamePhase.REVEALED):
[DEBUG]           Revealed phase, but not trump
[DEBUG]         7. Trick position factor:
[DEBUG]           Position in trick: 1
[DEBUG]           Middle position, no position factor
[DEBUG]         Final score for KC: 1.0000
[DEBUG]       Evaluating card JC with belief model:
[DEBUG]         Base score from card value: 3
[DEBUG]         1. Trump factor (confidence: 0.6698):
[DEBUG]           Not a high-confidence trump card
[DEBUG]         2. Lead suit factor:
[DEBUG]           Lead suit: C
[DEBUG]           Can win the trick! Bonus: +5.0000
[DEBUG]         3. Opponent void factor:
[DEBUG]           Opponent 0: no void bonus for C
[DEBUG]           Opponent 1: no void bonus for C
[DEBUG]           Opponent 3: no void bonus for C
[DEBUG]         4. Opponent strength factor (avg: 0.2913):
[DEBUG]           Weak opponents, but not a low card
[DEBUG]         5. Uncertainty factor (uncertainty: 0.4437):
[DEBUG]           Low uncertainty, no uncertainty factor
[DEBUG]         6. Game phase factor (phase: GamePhase.REVEALED):
[DEBUG]           Revealed phase, but not trump
[DEBUG]         7. Trick position factor:
[DEBUG]           Position in trick: 2
[DEBUG]           Middle position, no position factor
[DEBUG]         Final score for JC: 8.0000
[DEBUG]       Evaluating card AC with belief model:
[DEBUG]         Base score from card value: 1
[DEBUG]         1. Trump factor (confidence: 0.6948):
[DEBUG]           Not a high-confidence trump card
[DEBUG]         2. Lead suit factor:
[DEBUG]           Lead suit: C
[DEBUG]           Following suit, small bonus: +1.0000
[DEBUG]         3. Opponent void factor:
[DEBUG]           Opponent 0: no void bonus for C
[DEBUG]           Opponent 1: no void bonus for C
[DEBUG]           Opponent 2: no void bonus for C
[DEBUG]         4. Opponent strength factor (avg: 0.2946):
[DEBUG]           Weak opponents, but not a low card
[DEBUG]         5. Uncertainty factor (uncertainty: 0.4423):
[DEBUG]           Low uncertainty, no uncertainty factor
[DEBUG]         6. Game phase factor (phase: GamePhase.REVEALED):
[DEBUG]           Revealed phase, but not trump
[DEBUG]         7. Trick position factor:
[DEBUG]           Position in trick: 3
[DEBUG]           Last to play, but can't win
[DEBUG]         Final score for AC: 2.0000
[DEBUG]       Evaluating card 7C with belief model:
[DEBUG]         Base score from card value: 0
[DEBUG]         1. Trump factor (confidence: 0.6948):
[DEBUG]           Not a high-confidence trump card
[DEBUG]         2. Lead suit factor:
[DEBUG]           Lead suit: C
[DEBUG]           Following suit, small bonus: +1.0000
[DEBUG]         3. Opponent void factor:
[DEBUG]           Opponent 0: no void bonus for C
[DEBUG]           Opponent 1: no void bonus for C
[DEBUG]           Opponent 2: no void bonus for C
[DEBUG]         4. Opponent strength factor (avg: 0.2946):
[DEBUG]           Weak opponents, low card bonus: +1.0000
[DEBUG]         5. Uncertainty factor (uncertainty: 0.4423):
[DEBUG]           Low uncertainty, no uncertainty factor
[DEBUG]         6. Game phase factor (phase: GamePhase.REVEALED):
[DEBUG]           Revealed phase, but not trump
[DEBUG]         7. Trick position factor:
[DEBUG]           Position in trick: 3
[DEBUG]           Last to play, but can't win
[DEBUG]         Final score for 7C: 2.0000
[DEBUG]       Evaluating card 9C with belief model:
[DEBUG]         Base score from card value: 2
[DEBUG]         1. Trump factor (confidence: 0.6948):
[DEBUG]           Not a high-confidence trump card
[DEBUG]         2. Lead suit factor:
[DEBUG]           Lead suit: C
[DEBUG]           Following suit, small bonus: +1.0000
[DEBUG]         3. Opponent void factor:
[DEBUG]           Opponent 0: no void bonus for C
[DEBUG]           Opponent 1: no void bonus for C
[DEBUG]           Opponent 2: no void bonus for C
[DEBUG]         4. Opponent strength factor (avg: 0.2946):
[DEBUG]           Weak opponents, low card bonus: +1.0000
[DEBUG]         5. Uncertainty factor (uncertainty: 0.4423):
[DEBUG]           Low uncertainty, no uncertainty factor
[DEBUG]         6. Game phase factor (phase: GamePhase.REVEALED):
[DEBUG]           Revealed phase, but not trump
[DEBUG]         7. Trick position factor:
[DEBUG]           Position in trick: 3
[DEBUG]           Last to play, but can't win
[DEBUG]         Final score for 9C: 4.0000
[DEBUG]       Evaluating card 8C with belief model:
[DEBUG]         Base score from card value: 0
[DEBUG]         1. Trump factor (confidence: 0.6893):
[DEBUG]           Not a high-confidence trump card
[DEBUG]         2. Lead suit factor:
[DEBUG]           No current trick
[DEBUG]         3. Opponent void factor:
[DEBUG]           Opponent 1: no void bonus for C
[DEBUG]           Opponent 2: no void bonus for C
[DEBUG]           Opponent 3: no void bonus for C
[DEBUG]         4. Opponent strength factor (avg: 0.2886):
[DEBUG]           Weak opponents, low card bonus: +1.0000
[DEBUG]         5. Uncertainty factor (uncertainty: 0.4425):
[DEBUG]           Low uncertainty, no uncertainty factor
[DEBUG]         6. Game phase factor (phase: GamePhase.REVEALED):
[DEBUG]           Revealed phase, but not trump
[DEBUG]         7. Trick position factor:
[DEBUG]           No current trick
[DEBUG]         Final score for 8C: 1.0000
[DEBUG]       Evaluating card 10H with belief model:
[DEBUG]         Base score from card value: 1
[DEBUG]         1. Trump factor (confidence: 0.6893):
[DEBUG]           Not a high-confidence trump card
[DEBUG]         2. Lead suit factor:
[DEBUG]           No current trick
[DEBUG]         3. Opponent void factor:
[DEBUG]           Opponent 1: no void bonus for H
[DEBUG]           Opponent 2: no void bonus for H
[DEBUG]           Opponent 3: no void bonus for H
[DEBUG]         4. Opponent strength factor (avg: 0.2886):
[DEBUG]           Weak opponents, but not a low card
[DEBUG]         5. Uncertainty factor (uncertainty: 0.4425):
[DEBUG]           Low uncertainty, no uncertainty factor
[DEBUG]         6. Game phase factor (phase: GamePhase.REVEALED):
[DEBUG]           Revealed phase, but not trump
[DEBUG]         7. Trick position factor:
[DEBUG]           No current trick
[DEBUG]         Final score for 10H: 1.0000
[DEBUG]       Evaluating card KC with belief model:
[DEBUG]         Base score from card value: 0
[DEBUG]         1. Trump factor (confidence: 0.7048):
[DEBUG]           Not a high-confidence trump card
[DEBUG]         2. Lead suit factor:
[DEBUG]           Lead suit: C
[DEBUG]           Following suit, small bonus: +1.0000
[DEBUG]         3. Opponent void factor:
[DEBUG]           Opponent 0: no void bonus for C
[DEBUG]           Opponent 2: no void bonus for C
[DEBUG]           Opponent 3: no void bonus for C
[DEBUG]         4. Opponent strength factor (avg: 0.2878):
[DEBUG]           Weak opponents, but not a low card
[DEBUG]         5. Uncertainty factor (uncertainty: 0.4412):
[DEBUG]           Low uncertainty, no uncertainty factor
[DEBUG]         6. Game phase factor (phase: GamePhase.REVEALED):
[DEBUG]           Revealed phase, but not trump
[DEBUG]         7. Trick position factor:
[DEBUG]           Position in trick: 1
[DEBUG]           Middle position, no position factor
[DEBUG]         Final score for KC: 1.0000
[DEBUG]       Evaluating card QH with belief model:
[DEBUG]         Base score from card value: 0
[DEBUG]         1. Trump factor (confidence: 0.6482):
[DEBUG]           Not a high-confidence trump card
[DEBUG]         2. Lead suit factor:
[DEBUG]           Lead suit: C
[DEBUG]           Void in C, discard bonus: +0.5000
[DEBUG]         3. Opponent void factor:
[DEBUG]           Opponent 0: no void bonus for H
[DEBUG]           Opponent 1: no void bonus for H
[DEBUG]           Opponent 3: no void bonus for H
[DEBUG]         4. Opponent strength factor (avg: 0.2557):
[DEBUG]           Weak opponents, but not a low card
[DEBUG]         5. Uncertainty factor (uncertainty: 0.4361):
[DEBUG]           Low uncertainty, no uncertainty factor
[DEBUG]         6. Game phase factor (phase: GamePhase.REVEALED):
[DEBUG]           Revealed phase, but not trump
[DEBUG]         7. Trick position factor:
[DEBUG]           Position in trick: 2
[DEBUG]           Middle position, no position factor
[DEBUG]         Final score for QH: 0.5000
[DEBUG]       Evaluating card QD with belief model:
[DEBUG]         Base score from card value: 0
[DEBUG]         1. Trump factor (confidence: 0.6482):
[DEBUG]           Not a high-confidence trump card
[DEBUG]         2. Lead suit factor:
[DEBUG]           Lead suit: C
[DEBUG]           Void in C, trump bonus: +3.0000
[DEBUG]         3. Opponent void factor:
[DEBUG]           Opponent 0: no void bonus for D
[DEBUG]           Opponent 1: no void bonus for D
[DEBUG]           Opponent 3: no void bonus for D
[DEBUG]         4. Opponent strength factor (avg: 0.2557):
[DEBUG]           Weak opponents, but not a low card
[DEBUG]         5. Uncertainty factor (uncertainty: 0.4361):
[DEBUG]           Low uncertainty, no uncertainty factor
[DEBUG]         6. Game phase factor (phase: GamePhase.REVEALED):
[DEBUG]           Revealed phase, trump bonus: +2.0000
[DEBUG]         7. Trick position factor:
[DEBUG]           Position in trick: 2
[DEBUG]           Middle position, no position factor
[DEBUG]         Final score for QD: 5.0000
[DEBUG]       Evaluating card AC with belief model:
[DEBUG]         Base score from card value: 1
[DEBUG]         1. Trump factor (confidence: 0.6653):
[DEBUG]           Not a high-confidence trump card
[DEBUG]         2. Lead suit factor:
[DEBUG]           Lead suit: C
[DEBUG]           Can win the trick! Bonus: +5.0000
[DEBUG]         3. Opponent void factor:
[DEBUG]           Opponent 0: no void bonus for C
[DEBUG]           Opponent 1: no void bonus for C
[DEBUG]           Opponent 2: no void bonus for C
[DEBUG]         4. Opponent strength factor (avg: 0.2592):
[DEBUG]           Weak opponents, but not a low card
[DEBUG]         5. Uncertainty factor (uncertainty: 0.4352):
[DEBUG]           Low uncertainty, no uncertainty factor
[DEBUG]         6. Game phase factor (phase: GamePhase.REVEALED):
[DEBUG]           Revealed phase, but not trump
[DEBUG]         7. Trick position factor:
[DEBUG]           Position in trick: 3
[DEBUG]           Can win the trick! Bonus: +4.0000
[DEBUG]         Final score for AC: 10.0000
[DEBUG]       Evaluating card 7C with belief model:
[DEBUG]         Base score from card value: 0
[DEBUG]         1. Trump factor (confidence: 0.6653):
[DEBUG]           Not a high-confidence trump card
[DEBUG]         2. Lead suit factor:
[DEBUG]           Lead suit: C
[DEBUG]           Following suit, small bonus: +1.0000
[DEBUG]         3. Opponent void factor:
[DEBUG]           Opponent 0: no void bonus for C
[DEBUG]           Opponent 1: no void bonus for C
[DEBUG]           Opponent 2: no void bonus for C
[DEBUG]         4. Opponent strength factor (avg: 0.2592):
[DEBUG]           Weak opponents, low card bonus: +1.0000
[DEBUG]         5. Uncertainty factor (uncertainty: 0.4352):
[DEBUG]           Low uncertainty, no uncertainty factor
[DEBUG]         6. Game phase factor (phase: GamePhase.REVEALED):
[DEBUG]           Revealed phase, but not trump
[DEBUG]         7. Trick position factor:
[DEBUG]           Position in trick: 3
[DEBUG]           Last to play, but can't win
[DEBUG]         Final score for 7C: 2.0000
[DEBUG]       Evaluating card 10H with belief model:
[DEBUG]         Base score from card value: 1
[DEBUG]         1. Trump factor (confidence: 0.6682):
[DEBUG]           Not a high-confidence trump card
[DEBUG]         2. Lead suit factor:
[DEBUG]           No current trick
[DEBUG]         3. Opponent void factor:
[DEBUG]           Opponent 1: no void bonus for H
[DEBUG]           Opponent 2: no void bonus for H
[DEBUG]           Opponent 3: no void bonus for H
[DEBUG]         4. Opponent strength factor (avg: 0.2542):
[DEBUG]           Weak opponents, but not a low card
[DEBUG]         5. Uncertainty factor (uncertainty: 0.4353):
[DEBUG]           Low uncertainty, no uncertainty factor
[DEBUG]         6. Game phase factor (phase: GamePhase.REVEALED):
[DEBUG]           Revealed phase, but not trump
[DEBUG]         7. Trick position factor:
[DEBUG]           No current trick
[DEBUG]         Final score for 10H: 1.0000
[DEBUG]       Evaluating card AH with belief model:
[DEBUG]         Base score from card value: 1
[DEBUG]         1. Trump factor (confidence: 0.6907):
[DEBUG]           Not a high-confidence trump card
[DEBUG]         2. Lead suit factor:
[DEBUG]           Lead suit: H
[DEBUG]           Following suit, small bonus: +1.0000
[DEBUG]         3. Opponent void factor:
[DEBUG]           Opponent 0: no void bonus for H
[DEBUG]           Opponent 2: no void bonus for H
[DEBUG]           Opponent 3: no void bonus for H
[DEBUG]         4. Opponent strength factor (avg: 0.2539):
[DEBUG]           Weak opponents, but not a low card
[DEBUG]         5. Uncertainty factor (uncertainty: 0.4338):
[DEBUG]           Low uncertainty, no uncertainty factor
[DEBUG]         6. Game phase factor (phase: GamePhase.REVEALED):
[DEBUG]           Revealed phase, but not trump
[DEBUG]         7. Trick position factor:
[DEBUG]           Position in trick: 1
[DEBUG]           Middle position, no position factor
[DEBUG]         Final score for AH: 2.0000
[DEBUG]       Evaluating card QH with belief model:
[DEBUG]         Base score from card value: 0
[DEBUG]         1. Trump factor (confidence: 0.6289):
[DEBUG]           Not a high-confidence trump card
[DEBUG]         2. Lead suit factor:
[DEBUG]           Lead suit: H
[DEBUG]           Following suit, small bonus: +1.0000
[DEBUG]         3. Opponent void factor:
[DEBUG]           Opponent 0 void in H! Bonus: +2.0000
[DEBUG]           Opponent 1 void in H! Bonus: +2.0000
[DEBUG]           Opponent 3 void in H! Bonus: +2.0000
[DEBUG]         4. Opponent strength factor (avg: 0.2242):
[DEBUG]           Weak opponents, but not a low card
[DEBUG]         5. Uncertainty factor (uncertainty: 0.4296):
[DEBUG]           Low uncertainty, no uncertainty factor
[DEBUG]         6. Game phase factor (phase: GamePhase.REVEALED):
[DEBUG]           Revealed phase, but not trump
[DEBUG]         7. Trick position factor:
[DEBUG]           Position in trick: 2
[DEBUG]           Middle position, no position factor
[DEBUG]         Final score for QH: 7.0000
[DEBUG]       Evaluating card 7C with belief model:
[DEBUG]         Base score from card value: 0
[DEBUG]         1. Trump factor (confidence: 0.6518):
[DEBUG]           Not a high-confidence trump card
[DEBUG]         2. Lead suit factor:
[DEBUG]           Lead suit: H
[DEBUG]           Void in H, discard bonus: +0.5000
[DEBUG]         3. Opponent void factor:
[DEBUG]           Opponent 0 void in C! Bonus: +2.0000
[DEBUG]           Opponent 1 void in C! Bonus: +2.0000
[DEBUG]           Opponent 2 void in C! Bonus: +2.0000
[DEBUG]         4. Opponent strength factor (avg: 0.2262):
[DEBUG]           Weak opponents, low card bonus: +1.0000
[DEBUG]         5. Uncertainty factor (uncertainty: 0.4286):
[DEBUG]           Low uncertainty, no uncertainty factor
[DEBUG]         6. Game phase factor (phase: GamePhase.REVEALED):
[DEBUG]           Revealed phase, but not trump
[DEBUG]         7. Trick position factor:
[DEBUG]           Position in trick: 3
[DEBUG]           Last to play, but can't win
[DEBUG]         Final score for 7C: 7.5000