
===== GAME 5 (20250825_102501_018) =====
[DEBUG] BIDDING ANALYSIS - Player 0 (Belief Master)
[DEBUG]   Bidding hand: ['AS', 'JC', 'KS', '9D']
[DEBUG]   Hand strength: 0.214
[DEBUG]   Current bid: 16
[DEBUG]   Present suits: ['D', 'C', 'S']
[DEBUG]   Point prediction: -0.0 points

=== RAW OUTPUT: Belief Model Outputs - Player 0 ===
{'trump_suit_probs': [0.1305081695318222, 0.2550230324268341, 0.17645098268985748, 0.4380178153514862], 'uncertainty': 0.4736117124557495, 'opponent_hands_shape': {1: torch.Size([1, 32]), 2: torch.Size([1, 32]), 3: torch.Size([1, 32])}, 'void_suits_shape': {1: torch.Size([1, 4]), 2: torch.Size([1, 4]), 3: torch.Size([1, 4])}}
==================================================
[DEBUG]   Trump Analysis:
[DEBUG]     Probabilities: [0.13050817 0.25502303 0.17645098 0.43801782]
[DEBUG]     Predicted trump: S
[DEBUG]     Confidence: 0.4380
[DEBUG]   Opponent Strength Analysis:
[DEBUG]     Opponent 1: 0.4146
[DEBUG]     Opponent 2: 0.4146
[DEBUG]     Opponent 3: 0.4146
[DEBUG]   Void Suit Analysis:
[DEBUG]     Opponent 1 void in: []
[DEBUG]     Opponent 2 void in: []
[DEBUG]     Opponent 3 void in: []
[DEBUG]   Uncertainty: 0.4736
[DEBUG]     Evaluating bid -1 with belief model:
[DEBUG]       Starting score: 0.0
[DEBUG]       1. Trump prediction factor (confidence: 0.4380):
[DEBUG]         Low confidence, no trump factor
[DEBUG]       2. Opponent strength factor (avg: 0.4146):
[DEBUG]         Weak opponents + passing: no bonus
[DEBUG]       3. Void suit factor:
[DEBUG]         Opponent 1: no void suits
[DEBUG]         Opponent 2: no void suits
[DEBUG]         Opponent 3: no void suits
[DEBUG]       4. Uncertainty factor (uncertainty: 0.4736):
[DEBUG]         Low uncertainty, no factor
[DEBUG]       5. Point prediction factor (prediction: -0.013462960720062256):
[DEBUG]         Low predicted points (-0.013462960720062256) when passing: no penalty
[DEBUG]       Final score for bid -1: 0.0000
[DEBUG]     Evaluating bid 17 with belief model:
[DEBUG]       Starting score: 0.0
[DEBUG]       1. Trump prediction factor (confidence: 0.4380):
[DEBUG]         Low confidence, no trump factor
[DEBUG]       2. Opponent strength factor (avg: 0.4146):
[DEBUG]         Weak opponents + bidding: +1.1708
[DEBUG]       3. Void suit factor:
[DEBUG]         Opponent 1: no void suits
[DEBUG]         Opponent 2: no void suits
[DEBUG]         Opponent 3: no void suits
[DEBUG]       4. Uncertainty factor (uncertainty: 0.4736):
[DEBUG]         Low uncertainty, no factor
[DEBUG]       5. Point prediction factor (prediction: -0.013462960720062256):
[DEBUG]         Predicted points (-0.013462960720062256) < bid (17): -2.0000
[DEBUG]       Final score for bid 17: -0.8292
[DEBUG]     Evaluating bid 18 with belief model:
[DEBUG]       Starting score: 0.0
[DEBUG]       1. Trump prediction factor (confidence: 0.4380):
[DEBUG]         Low confidence, no trump factor
[DEBUG]       2. Opponent strength factor (avg: 0.4146):
[DEBUG]         Weak opponents + bidding: +1.1708
[DEBUG]       3. Void suit factor:
[DEBUG]         Opponent 1: no void suits
[DEBUG]         Opponent 2: no void suits
[DEBUG]         Opponent 3: no void suits
[DEBUG]       4. Uncertainty factor (uncertainty: 0.4736):
[DEBUG]         Low uncertainty, no factor
[DEBUG]       5. Point prediction factor (prediction: -0.013462960720062256):
[DEBUG]         Predicted points (-0.013462960720062256) < bid (18): -2.0000
[DEBUG]       Final score for bid 18: -0.8292
[DEBUG]     Evaluating bid 19 with belief model:
[DEBUG]       Starting score: 0.0
[DEBUG]       1. Trump prediction factor (confidence: 0.4380):
[DEBUG]         Low confidence, no trump factor
[DEBUG]       2. Opponent strength factor (avg: 0.4146):
[DEBUG]         Weak opponents + bidding: +1.1708
[DEBUG]       3. Void suit factor:
[DEBUG]         Opponent 1: no void suits
[DEBUG]         Opponent 2: no void suits
[DEBUG]         Opponent 3: no void suits
[DEBUG]       4. Uncertainty factor (uncertainty: 0.4736):
[DEBUG]         Low uncertainty, no factor
[DEBUG]       5. Point prediction factor (prediction: -0.013462960720062256):
[DEBUG]         Predicted points (-0.013462960720062256) < bid (19): -2.0000
[DEBUG]       Final score for bid 19: -0.8292
[DEBUG] BIDDING ANALYSIS - Player 1 (Belief Expert)
[DEBUG]   Bidding hand: ['7H', 'AH', 'QC', '8D']
[DEBUG]   Hand strength: 0.036
[DEBUG]   Current bid: 16
[DEBUG]   Present suits: ['D', 'H', 'C']
[DEBUG]   Point prediction: -0.0 points

=== RAW OUTPUT: Belief Model Outputs - Player 1 ===
{'trump_suit_probs': [0.12719443440437317, 0.29402410984039307, 0.18534725904464722, 0.39343422651290894], 'uncertainty': 0.4711301028728485, 'opponent_hands_shape': {0: torch.Size([1, 32]), 2: torch.Size([1, 32]), 3: torch.Size([1, 32])}, 'void_suits_shape': {0: torch.Size([1, 4]), 2: torch.Size([1, 4]), 3: torch.Size([1, 4])}}
==================================================
[DEBUG]   Trump Analysis:
[DEBUG]     Probabilities: [0.12719443 0.2940241  0.18534726 0.39343423]
[DEBUG]     Predicted trump: S
[DEBUG]     Confidence: 0.3934
[DEBUG]   Opponent Strength Analysis:
[DEBUG]     Opponent 0: 0.4148
[DEBUG]     Opponent 2: 0.4148
[DEBUG]     Opponent 3: 0.4148
[DEBUG]   Void Suit Analysis:
[DEBUG]     Opponent 0 void in: []
[DEBUG]     Opponent 2 void in: []
[DEBUG]     Opponent 3 void in: []
[DEBUG]   Uncertainty: 0.4711
[DEBUG]     Evaluating bid -1 with belief model:
[DEBUG]       Starting score: 0.0
[DEBUG]       1. Trump prediction factor (confidence: 0.3934):
[DEBUG]         Low confidence, no trump factor
[DEBUG]       2. Opponent strength factor (avg: 0.4148):
[DEBUG]         Weak opponents + passing: no bonus
[DEBUG]       3. Void suit factor:
[DEBUG]         Opponent 0: no void suits
[DEBUG]         Opponent 2: no void suits
[DEBUG]         Opponent 3: no void suits
[DEBUG]       4. Uncertainty factor (uncertainty: 0.4711):
[DEBUG]         Low uncertainty, no factor
[DEBUG]       5. Point prediction factor (prediction: -0.011611513793468475):
[DEBUG]         Low predicted points (-0.011611513793468475) when passing: no penalty
[DEBUG]       Final score for bid -1: 0.0000
[DEBUG]     Evaluating bid 17 with belief model:
[DEBUG]       Starting score: 0.0
[DEBUG]       1. Trump prediction factor (confidence: 0.3934):
[DEBUG]         Low confidence, no trump factor
[DEBUG]       2. Opponent strength factor (avg: 0.4148):
[DEBUG]         Weak opponents + bidding: +1.1704
[DEBUG]       3. Void suit factor:
[DEBUG]         Opponent 0: no void suits
[DEBUG]         Opponent 2: no void suits
[DEBUG]         Opponent 3: no void suits
[DEBUG]       4. Uncertainty factor (uncertainty: 0.4711):
[DEBUG]         Low uncertainty, no factor
[DEBUG]       5. Point prediction factor (prediction: -0.011611513793468475):
[DEBUG]         Predicted points (-0.011611513793468475) < bid (17): -2.0000
[DEBUG]       Final score for bid 17: -0.8296
[DEBUG]     Evaluating bid 18 with belief model:
[DEBUG]       Starting score: 0.0
[DEBUG]       1. Trump prediction factor (confidence: 0.3934):
[DEBUG]         Low confidence, no trump factor
[DEBUG]       2. Opponent strength factor (avg: 0.4148):
[DEBUG]         Weak opponents + bidding: +1.1704
[DEBUG]       3. Void suit factor:
[DEBUG]         Opponent 0: no void suits
[DEBUG]         Opponent 2: no void suits
[DEBUG]         Opponent 3: no void suits
[DEBUG]       4. Uncertainty factor (uncertainty: 0.4711):
[DEBUG]         Low uncertainty, no factor
[DEBUG]       5. Point prediction factor (prediction: -0.011611513793468475):
[DEBUG]         Predicted points (-0.011611513793468475) < bid (18): -2.0000
[DEBUG]       Final score for bid 18: -0.8296
[DEBUG]     Evaluating bid 19 with belief model:
[DEBUG]       Starting score: 0.0
[DEBUG]       1. Trump prediction factor (confidence: 0.3934):
[DEBUG]         Low confidence, no trump factor
[DEBUG]       2. Opponent strength factor (avg: 0.4148):
[DEBUG]         Weak opponents + bidding: +1.1704
[DEBUG]       3. Void suit factor:
[DEBUG]         Opponent 0: no void suits
[DEBUG]         Opponent 2: no void suits
[DEBUG]         Opponent 3: no void suits
[DEBUG]       4. Uncertainty factor (uncertainty: 0.4711):
[DEBUG]         Low uncertainty, no factor
[DEBUG]       5. Point prediction factor (prediction: -0.011611513793468475):
[DEBUG]         Predicted points (-0.011611513793468475) < bid (19): -2.0000
[DEBUG]       Final score for bid 19: -0.8296
[DEBUG] BIDDING ANALYSIS - Player 2 (Belief Pro)
[DEBUG]   Bidding hand: ['JH', '7S', '7C', '8S']
[DEBUG]   Hand strength: 0.107
[DEBUG]   Current bid: 16
[DEBUG]   Present suits: ['H', 'C', 'S']
[DEBUG]   Point prediction: -0.0 points

=== RAW OUTPUT: Belief Model Outputs - Player 2 ===
{'trump_suit_probs': [0.1305081695318222, 0.2550230324268341, 0.17645098268985748, 0.4380178153514862], 'uncertainty': 0.4736117124557495, 'opponent_hands_shape': {0: torch.Size([1, 32]), 1: torch.Size([1, 32]), 3: torch.Size([1, 32])}, 'void_suits_shape': {0: torch.Size([1, 4]), 1: torch.Size([1, 4]), 3: torch.Size([1, 4])}}
==================================================
[DEBUG]   Trump Analysis:
[DEBUG]     Probabilities: [0.13050817 0.25502303 0.17645098 0.43801782]
[DEBUG]     Predicted trump: S
[DEBUG]     Confidence: 0.4380
[DEBUG]   Opponent Strength Analysis:
[DEBUG]     Opponent 0: 0.4146
[DEBUG]     Opponent 1: 0.4146
[DEBUG]     Opponent 3: 0.4146
[DEBUG]   Void Suit Analysis:
[DEBUG]     Opponent 0 void in: []
[DEBUG]     Opponent 1 void in: []
[DEBUG]     Opponent 3 void in: []
[DEBUG]   Uncertainty: 0.4736
[DEBUG]     Evaluating bid -1 with belief model:
[DEBUG]       Starting score: 0.0
[DEBUG]       1. Trump prediction factor (confidence: 0.4380):
[DEBUG]         Low confidence, no trump factor
[DEBUG]       2. Opponent strength factor (avg: 0.4146):
[DEBUG]         Weak opponents + passing: no bonus
[DEBUG]       3. Void suit factor:
[DEBUG]         Opponent 0: no void suits
[DEBUG]         Opponent 1: no void suits
[DEBUG]         Opponent 3: no void suits
[DEBUG]       4. Uncertainty factor (uncertainty: 0.4736):
[DEBUG]         Low uncertainty, no factor
[DEBUG]       5. Point prediction factor (prediction: -0.012022364884614944):
[DEBUG]         Low predicted points (-0.012022364884614944) when passing: no penalty
[DEBUG]       Final score for bid -1: 0.0000
[DEBUG]     Evaluating bid 17 with belief model:
[DEBUG]       Starting score: 0.0
[DEBUG]       1. Trump prediction factor (confidence: 0.4380):
[DEBUG]         Low confidence, no trump factor
[DEBUG]       2. Opponent strength factor (avg: 0.4146):
[DEBUG]         Weak opponents + bidding: +1.1708
[DEBUG]       3. Void suit factor:
[DEBUG]         Opponent 0: no void suits
[DEBUG]         Opponent 1: no void suits
[DEBUG]         Opponent 3: no void suits
[DEBUG]       4. Uncertainty factor (uncertainty: 0.4736):
[DEBUG]         Low uncertainty, no factor
[DEBUG]       5. Point prediction factor (prediction: -0.012022364884614944):
[DEBUG]         Predicted points (-0.012022364884614944) < bid (17): -2.0000
[DEBUG]       Final score for bid 17: -0.8292
[DEBUG]     Evaluating bid 18 with belief model:
[DEBUG]       Starting score: 0.0
[DEBUG]       1. Trump prediction factor (confidence: 0.4380):
[DEBUG]         Low confidence, no trump factor
[DEBUG]       2. Opponent strength factor (avg: 0.4146):
[DEBUG]         Weak opponents + bidding: +1.1708
[DEBUG]       3. Void suit factor:
[DEBUG]         Opponent 0: no void suits
[DEBUG]         Opponent 1: no void suits
[DEBUG]         Opponent 3: no void suits
[DEBUG]       4. Uncertainty factor (uncertainty: 0.4736):
[DEBUG]         Low uncertainty, no factor
[DEBUG]       5. Point prediction factor (prediction: -0.012022364884614944):
[DEBUG]         Predicted points (-0.012022364884614944) < bid (18): -2.0000
[DEBUG]       Final score for bid 18: -0.8292
[DEBUG]     Evaluating bid 19 with belief model:
[DEBUG]       Starting score: 0.0
[DEBUG]       1. Trump prediction factor (confidence: 0.4380):
[DEBUG]         Low confidence, no trump factor
[DEBUG]       2. Opponent strength factor (avg: 0.4146):
[DEBUG]         Weak opponents + bidding: +1.1708
[DEBUG]       3. Void suit factor:
[DEBUG]         Opponent 0: no void suits
[DEBUG]         Opponent 1: no void suits
[DEBUG]         Opponent 3: no void suits
[DEBUG]       4. Uncertainty factor (uncertainty: 0.4736):
[DEBUG]         Low uncertainty, no factor
[DEBUG]       5. Point prediction factor (prediction: -0.012022364884614944):
[DEBUG]         Predicted points (-0.012022364884614944) < bid (19): -2.0000
[DEBUG]       Final score for bid 19: -0.8292
[DEBUG] TRUMP SELECTION - Player 3 (Belief Champion)
[DEBUG]   Hand: ['KC', '10C', 'QS', '10S']
[DEBUG]   Belief model selected trump: C
[DEBUG]       Evaluating card AS with belief model:
[DEBUG]         Base score from card value: 1
[DEBUG]         1. Trump factor (confidence: 0.5650):
[DEBUG]           Not a high-confidence trump card
[DEBUG]         2. Lead suit factor:
[DEBUG]           No current trick
[DEBUG]         3. Opponent void factor:
[DEBUG]           Opponent 1: no void bonus for S
[DEBUG]           Opponent 2: no void bonus for S
[DEBUG]           Opponent 3: no void bonus for S
[DEBUG]         4. Opponent strength factor (avg: 0.3719):
[DEBUG]           Weak opponents, but not a low card
[DEBUG]         5. Uncertainty factor (uncertainty: 0.4712):
[DEBUG]           Low uncertainty, no uncertainty factor
[DEBUG]         6. Game phase factor (phase: GamePhase.CONCEALED):
[DEBUG]           Concealed phase, high card bonus: +1.0000
[DEBUG]         7. Trick position factor:
[DEBUG]           No current trick
[DEBUG]         Final score for AS: 2.0000
[DEBUG]       Evaluating card KS with belief model:
[DEBUG]         Base score from card value: 0
[DEBUG]         1. Trump factor (confidence: 0.5650):
[DEBUG]           Not a high-confidence trump card
[DEBUG]         2. Lead suit factor:
[DEBUG]           No current trick
[DEBUG]         3. Opponent void factor:
[DEBUG]           Opponent 1: no void bonus for S
[DEBUG]           Opponent 2: no void bonus for S
[DEBUG]           Opponent 3: no void bonus for S
[DEBUG]         4. Opponent strength factor (avg: 0.3719):
[DEBUG]           Weak opponents, but not a low card
[DEBUG]         5. Uncertainty factor (uncertainty: 0.4712):
[DEBUG]           Low uncertainty, no uncertainty factor
[DEBUG]         6. Game phase factor (phase: GamePhase.CONCEALED):
[DEBUG]           Concealed phase, high card bonus: +1.0000
[DEBUG]         7. Trick position factor:
[DEBUG]           No current trick
[DEBUG]         Final score for KS: 1.0000
[DEBUG]       Evaluating card 9D with belief model:
[DEBUG]         Base score from card value: 2
[DEBUG]         1. Trump factor (confidence: 0.5650):
[DEBUG]           Not a high-confidence trump card
[DEBUG]         2. Lead suit factor:
[DEBUG]           No current trick
[DEBUG]         3. Opponent void factor:
[DEBUG]           Opponent 1: no void bonus for D
[DEBUG]           Opponent 2: no void bonus for D
[DEBUG]           Opponent 3: no void bonus for D
[DEBUG]         4. Opponent strength factor (avg: 0.3719):
[DEBUG]           Weak opponents, low card bonus: +1.0000
[DEBUG]         5. Uncertainty factor (uncertainty: 0.4712):
[DEBUG]           Low uncertainty, no uncertainty factor
[DEBUG]         6. Game phase factor (phase: GamePhase.CONCEALED):
[DEBUG]           Concealed phase, but not a high card
[DEBUG]         7. Trick position factor:
[DEBUG]           No current trick
[DEBUG]         Final score for 9D: 3.0000
[DEBUG]       Evaluating card 8H with belief model:
[DEBUG]         Base score from card value: 0
[DEBUG]         1. Trump factor (confidence: 0.5650):
[DEBUG]           Not a high-confidence trump card
[DEBUG]         2. Lead suit factor:
[DEBUG]           No current trick
[DEBUG]         3. Opponent void factor:
[DEBUG]           Opponent 1: no void bonus for H
[DEBUG]           Opponent 2: no void bonus for H
[DEBUG]           Opponent 3: no void bonus for H
[DEBUG]         4. Opponent strength factor (avg: 0.3719):
[DEBUG]           Weak opponents, low card bonus: +1.0000
[DEBUG]         5. Uncertainty factor (uncertainty: 0.4712):
[DEBUG]           Low uncertainty, no uncertainty factor
[DEBUG]         6. Game phase factor (phase: GamePhase.CONCEALED):
[DEBUG]           Concealed phase, but not a high card
[DEBUG]         7. Trick position factor:
[DEBUG]           No current trick
[DEBUG]         Final score for 8H: 1.0000
[DEBUG]       Evaluating card AD with belief model:
[DEBUG]         Base score from card value: 1
[DEBUG]         1. Trump factor (confidence: 0.5650):
[DEBUG]           Not a high-confidence trump card
[DEBUG]         2. Lead suit factor:
[DEBUG]           No current trick
[DEBUG]         3. Opponent void factor:
[DEBUG]           Opponent 1: no void bonus for D
[DEBUG]           Opponent 2: no void bonus for D
[DEBUG]           Opponent 3: no void bonus for D
[DEBUG]         4. Opponent strength factor (avg: 0.3719):
[DEBUG]           Weak opponents, but not a low card
[DEBUG]         5. Uncertainty factor (uncertainty: 0.4712):
[DEBUG]           Low uncertainty, no uncertainty factor
[DEBUG]         6. Game phase factor (phase: GamePhase.CONCEALED):
[DEBUG]           Concealed phase, high card bonus: +1.0000
[DEBUG]         7. Trick position factor:
[DEBUG]           No current trick
[DEBUG]         Final score for AD: 2.0000
[DEBUG]       Evaluating card QH with belief model:
[DEBUG]         Base score from card value: 0
[DEBUG]         1. Trump factor (confidence: 0.5650):
[DEBUG]           Not a high-confidence trump card
[DEBUG]         2. Lead suit factor:
[DEBUG]           No current trick
[DEBUG]         3. Opponent void factor:
[DEBUG]           Opponent 1: no void bonus for H
[DEBUG]           Opponent 2: no void bonus for H
[DEBUG]           Opponent 3: no void bonus for H
[DEBUG]         4. Opponent strength factor (avg: 0.3719):
[DEBUG]           Weak opponents, but not a low card
[DEBUG]         5. Uncertainty factor (uncertainty: 0.4712):
[DEBUG]           Low uncertainty, no uncertainty factor
[DEBUG]         6. Game phase factor (phase: GamePhase.CONCEALED):
[DEBUG]           Concealed phase, but not a high card
[DEBUG]         7. Trick position factor:
[DEBUG]           No current trick
[DEBUG]         Final score for QH: 0.0000
[DEBUG]       Evaluating card 8D with belief model:
[DEBUG]         Base score from card value: 0
[DEBUG]         1. Trump factor (confidence: 0.5887):
[DEBUG]           Not a high-confidence trump card
[DEBUG]         2. Lead suit factor:
[DEBUG]           Lead suit: D
[DEBUG]           Following suit, small bonus: +1.0000
[DEBUG]         3. Opponent void factor:
[DEBUG]           Opponent 0: no void bonus for D
[DEBUG]           Opponent 2: no void bonus for D
[DEBUG]           Opponent 3: no void bonus for D
[DEBUG]         4. Opponent strength factor (avg: 0.3759):
[DEBUG]           Weak opponents, low card bonus: +1.0000
[DEBUG]         5. Uncertainty factor (uncertainty: 0.4719):
[DEBUG]           Low uncertainty, no uncertainty factor
[DEBUG]         6. Game phase factor (phase: GamePhase.CONCEALED):
[DEBUG]           Concealed phase, but not a high card
[DEBUG]         7. Trick position factor:
[DEBUG]           Position in trick: 1
[DEBUG]           Middle position, no position factor
[DEBUG]         Final score for 8D: 2.0000
[DEBUG]       Evaluating card 7D with belief model:
[DEBUG]         Base score from card value: 0
[DEBUG]         1. Trump factor (confidence: 0.5887):
[DEBUG]           Not a high-confidence trump card
[DEBUG]         2. Lead suit factor:
[DEBUG]           Lead suit: D
[DEBUG]           Following suit, small bonus: +1.0000
[DEBUG]         3. Opponent void factor:
[DEBUG]           Opponent 0: no void bonus for D
[DEBUG]           Opponent 2: no void bonus for D
[DEBUG]           Opponent 3: no void bonus for D
[DEBUG]         4. Opponent strength factor (avg: 0.3759):
[DEBUG]           Weak opponents, low card bonus: +1.0000
[DEBUG]         5. Uncertainty factor (uncertainty: 0.4719):
[DEBUG]           Low uncertainty, no uncertainty factor
[DEBUG]         6. Game phase factor (phase: GamePhase.CONCEALED):
[DEBUG]           Concealed phase, but not a high card
[DEBUG]         7. Trick position factor:
[DEBUG]           Position in trick: 1
[DEBUG]           Middle position, no position factor
[DEBUG]         Final score for 7D: 2.0000
[DEBUG]       Evaluating card QD with belief model:
[DEBUG]         Base score from card value: 0
[DEBUG]         1. Trump factor (confidence: 0.5887):
[DEBUG]           Not a high-confidence trump card
[DEBUG]         2. Lead suit factor:
[DEBUG]           Lead suit: D
[DEBUG]           Following suit, small bonus: +1.0000
[DEBUG]         3. Opponent void factor:
[DEBUG]           Opponent 0: no void bonus for D
[DEBUG]           Opponent 2: no void bonus for D
[DEBUG]           Opponent 3: no void bonus for D
[DEBUG]         4. Opponent strength factor (avg: 0.3759):
[DEBUG]           Weak opponents, but not a low card
[DEBUG]         5. Uncertainty factor (uncertainty: 0.4719):
[DEBUG]           Low uncertainty, no uncertainty factor
[DEBUG]         6. Game phase factor (phase: GamePhase.CONCEALED):
[DEBUG]           Concealed phase, but not a high card
[DEBUG]         7. Trick position factor:
[DEBUG]           Position in trick: 1
[DEBUG]           Middle position, no position factor
[DEBUG]         Final score for QD: 1.0000
[DEBUG]       Evaluating card JD with belief model:
[DEBUG]         Base score from card value: 3
[DEBUG]         1. Trump factor (confidence: 0.5827):
[DEBUG]           Not a high-confidence trump card
[DEBUG]         2. Lead suit factor:
[DEBUG]           Lead suit: D
[DEBUG]           Can win the trick! Bonus: +5.0000
[DEBUG]         3. Opponent void factor:
[DEBUG]           Opponent 0: no void bonus for D
[DEBUG]           Opponent 1: no void bonus for D
[DEBUG]           Opponent 3: no void bonus for D
[DEBUG]         4. Opponent strength factor (avg: 0.3756):
[DEBUG]           Weak opponents, but not a low card
[DEBUG]         5. Uncertainty factor (uncertainty: 0.4735):
[DEBUG]           Low uncertainty, no uncertainty factor
[DEBUG]         6. Game phase factor (phase: GamePhase.CONCEALED):
[DEBUG]           Concealed phase, but not a high card
[DEBUG]         7. Trick position factor:
[DEBUG]           Position in trick: 2
[DEBUG]           Middle position, no position factor
[DEBUG]         Final score for JD: 8.0000
[DEBUG]       Evaluating card KD with belief model:
[DEBUG]         Base score from card value: 0
[DEBUG]         1. Trump factor (confidence: 0.5827):
[DEBUG]           Not a high-confidence trump card
[DEBUG]         2. Lead suit factor:
[DEBUG]           Lead suit: D
[DEBUG]           Following suit, small bonus: +1.0000
[DEBUG]         3. Opponent void factor:
[DEBUG]           Opponent 0: no void bonus for D
[DEBUG]           Opponent 1: no void bonus for D
[DEBUG]           Opponent 3: no void bonus for D
[DEBUG]         4. Opponent strength factor (avg: 0.3756):
[DEBUG]           Weak opponents, but not a low card
[DEBUG]         5. Uncertainty factor (uncertainty: 0.4735):
[DEBUG]           Low uncertainty, no uncertainty factor
[DEBUG]         6. Game phase factor (phase: GamePhase.CONCEALED):
[DEBUG]           Concealed phase, high card bonus: +1.0000
[DEBUG]         7. Trick position factor:
[DEBUG]           Position in trick: 2
[DEBUG]           Middle position, no position factor
[DEBUG]         Final score for KD: 2.0000
[DEBUG]       Evaluating card 10D with belief model:
[DEBUG]         Base score from card value: 1
[DEBUG]         1. Trump factor (confidence: 0.5777):
[DEBUG]           Not a high-confidence trump card
[DEBUG]         2. Lead suit factor:
[DEBUG]           Lead suit: D
[DEBUG]           Following suit, small bonus: +1.0000
[DEBUG]         3. Opponent void factor:
[DEBUG]           Opponent 0: no void bonus for D
[DEBUG]           Opponent 1: no void bonus for D
[DEBUG]           Opponent 2: no void bonus for D
[DEBUG]         4. Opponent strength factor (avg: 0.3724):
[DEBUG]           Weak opponents, but not a low card
[DEBUG]         5. Uncertainty factor (uncertainty: 0.4706):
[DEBUG]           Low uncertainty, no uncertainty factor
[DEBUG]         6. Game phase factor (phase: GamePhase.CONCEALED):
[DEBUG]           Concealed phase, but not a high card
[DEBUG]         7. Trick position factor:
[DEBUG]           Position in trick: 3
[DEBUG]           Last to play, but can't win
[DEBUG]         Final score for 10D: 2.0000
[DEBUG]       Evaluating card AS with belief model:
[DEBUG]         Base score from card value: 1
[DEBUG]         1. Trump factor (confidence: 0.6029):
[DEBUG]           Not a high-confidence trump card
[DEBUG]         2. Lead suit factor:
[DEBUG]           No current trick
[DEBUG]         3. Opponent void factor:
[DEBUG]           Opponent 1: no void bonus for S
[DEBUG]           Opponent 2: no void bonus for S
[DEBUG]           Opponent 3: no void bonus for S
[DEBUG]         4. Opponent strength factor (avg: 0.3740):
[DEBUG]           Weak opponents, but not a low card
[DEBUG]         5. Uncertainty factor (uncertainty: 0.4738):
[DEBUG]           Low uncertainty, no uncertainty factor
[DEBUG]         6. Game phase factor (phase: GamePhase.CONCEALED):
[DEBUG]           Concealed phase, high card bonus: +1.0000
[DEBUG]         7. Trick position factor:
[DEBUG]           No current trick
[DEBUG]         Final score for AS: 2.0000
[DEBUG]       Evaluating card KS with belief model:
[DEBUG]         Base score from card value: 0
[DEBUG]         1. Trump factor (confidence: 0.6029):
[DEBUG]           Not a high-confidence trump card
[DEBUG]         2. Lead suit factor:
[DEBUG]           No current trick
[DEBUG]         3. Opponent void factor:
[DEBUG]           Opponent 1: no void bonus for S
[DEBUG]           Opponent 2: no void bonus for S
[DEBUG]           Opponent 3: no void bonus for S
[DEBUG]         4. Opponent strength factor (avg: 0.3740):
[DEBUG]           Weak opponents, but not a low card
[DEBUG]         5. Uncertainty factor (uncertainty: 0.4738):
[DEBUG]           Low uncertainty, no uncertainty factor
[DEBUG]         6. Game phase factor (phase: GamePhase.CONCEALED):
[DEBUG]           Concealed phase, high card bonus: +1.0000
[DEBUG]         7. Trick position factor:
[DEBUG]           No current trick
[DEBUG]         Final score for KS: 1.0000
[DEBUG]       Evaluating card 8H with belief model:
[DEBUG]         Base score from card value: 0
[DEBUG]         1. Trump factor (confidence: 0.6029):
[DEBUG]           Not a high-confidence trump card
[DEBUG]         2. Lead suit factor:
[DEBUG]           No current trick
[DEBUG]         3. Opponent void factor:
[DEBUG]           Opponent 1: no void bonus for H
[DEBUG]           Opponent 2: no void bonus for H
[DEBUG]           Opponent 3: no void bonus for H
[DEBUG]         4. Opponent strength factor (avg: 0.3740):
[DEBUG]           Weak opponents, low card bonus: +1.0000
[DEBUG]         5. Uncertainty factor (uncertainty: 0.4738):
[DEBUG]           Low uncertainty, no uncertainty factor
[DEBUG]         6. Game phase factor (phase: GamePhase.CONCEALED):
[DEBUG]           Concealed phase, but not a high card
[DEBUG]         7. Trick position factor:
[DEBUG]           No current trick
[DEBUG]         Final score for 8H: 1.0000
[DEBUG]       Evaluating card AD with belief model:
[DEBUG]         Base score from card value: 1
[DEBUG]         1. Trump factor (confidence: 0.6029):
[DEBUG]           Not a high-confidence trump card
[DEBUG]         2. Lead suit factor:
[DEBUG]           No current trick
[DEBUG]         3. Opponent void factor:
[DEBUG]           Opponent 1: no void bonus for D
[DEBUG]           Opponent 2: no void bonus for D
[DEBUG]           Opponent 3: no void bonus for D
[DEBUG]         4. Opponent strength factor (avg: 0.3740):
[DEBUG]           Weak opponents, but not a low card
[DEBUG]         5. Uncertainty factor (uncertainty: 0.4738):
[DEBUG]           Low uncertainty, no uncertainty factor
[DEBUG]         6. Game phase factor (phase: GamePhase.CONCEALED):
[DEBUG]           Concealed phase, high card bonus: +1.0000
[DEBUG]         7. Trick position factor:
[DEBUG]           No current trick
[DEBUG]         Final score for AD: 2.0000
[DEBUG]       Evaluating card QH with belief model:
[DEBUG]         Base score from card value: 0
[DEBUG]         1. Trump factor (confidence: 0.6029):
[DEBUG]           Not a high-confidence trump card
[DEBUG]         2. Lead suit factor:
[DEBUG]           No current trick
[DEBUG]         3. Opponent void factor:
[DEBUG]           Opponent 1: no void bonus for H
[DEBUG]           Opponent 2: no void bonus for H
[DEBUG]           Opponent 3: no void bonus for H
[DEBUG]         4. Opponent strength factor (avg: 0.3740):
[DEBUG]           Weak opponents, but not a low card
[DEBUG]         5. Uncertainty factor (uncertainty: 0.4738):
[DEBUG]           Low uncertainty, no uncertainty factor
[DEBUG]         6. Game phase factor (phase: GamePhase.CONCEALED):
[DEBUG]           Concealed phase, but not a high card
[DEBUG]         7. Trick position factor:
[DEBUG]           No current trick
[DEBUG]         Final score for QH: 0.0000
[DEBUG]       Evaluating card 9S with belief model:
[DEBUG]         Base score from card value: 2
[DEBUG]         1. Trump factor (confidence: 0.5953):
[DEBUG]           Not a high-confidence trump card
[DEBUG]         2. Lead suit factor:
[DEBUG]           Lead suit: S
[DEBUG]           Can win the trick! Bonus: +5.0000
[DEBUG]         3. Opponent void factor:
[DEBUG]           Opponent 0: no void bonus for S
[DEBUG]           Opponent 2: no void bonus for S
[DEBUG]           Opponent 3: no void bonus for S
[DEBUG]         4. Opponent strength factor (avg: 0.3696):
[DEBUG]           Weak opponents, low card bonus: +1.0000
[DEBUG]         5. Uncertainty factor (uncertainty: 0.4718):
[DEBUG]           Low uncertainty, no uncertainty factor
[DEBUG]         6. Game phase factor (phase: GamePhase.CONCEALED):
[DEBUG]           Concealed phase, but not a high card
[DEBUG]         7. Trick position factor:
[DEBUG]           Position in trick: 1
[DEBUG]           Middle position, no position factor
[DEBUG]         Final score for 9S: 8.0000
[DEBUG]       Evaluating card 7S with belief model:
[DEBUG]         Base score from card value: 0
[DEBUG]         1. Trump factor (confidence: 0.6206):
[DEBUG]           Not a high-confidence trump card
[DEBUG]         2. Lead suit factor:
[DEBUG]           Lead suit: S
[DEBUG]           Following suit, small bonus: +1.0000
[DEBUG]         3. Opponent void factor:
[DEBUG]           Opponent 0: no void bonus for S
[DEBUG]           Opponent 1: no void bonus for S
[DEBUG]           Opponent 3: no void bonus for S
[DEBUG]         4. Opponent strength factor (avg: 0.3742):
[DEBUG]           Weak opponents, low card bonus: +1.0000
[DEBUG]         5. Uncertainty factor (uncertainty: 0.4766):
[DEBUG]           Low uncertainty, no uncertainty factor
[DEBUG]         6. Game phase factor (phase: GamePhase.CONCEALED):
[DEBUG]           Concealed phase, but not a high card
[DEBUG]         7. Trick position factor:
[DEBUG]           Position in trick: 2
[DEBUG]           Middle position, no position factor
[DEBUG]         Final score for 7S: 2.0000
[DEBUG]       Evaluating card 8S with belief model:
[DEBUG]         Base score from card value: 0
[DEBUG]         1. Trump factor (confidence: 0.6206):
[DEBUG]           Not a high-confidence trump card
[DEBUG]         2. Lead suit factor:
[DEBUG]           Lead suit: S
[DEBUG]           Following suit, small bonus: +1.0000
[DEBUG]         3. Opponent void factor:
[DEBUG]           Opponent 0: no void bonus for S
[DEBUG]           Opponent 1: no void bonus for S
[DEBUG]           Opponent 3: no void bonus for S
[DEBUG]         4. Opponent strength factor (avg: 0.3742):
[DEBUG]           Weak opponents, low card bonus: +1.0000
[DEBUG]         5. Uncertainty factor (uncertainty: 0.4766):
[DEBUG]           Low uncertainty, no uncertainty factor
[DEBUG]         6. Game phase factor (phase: GamePhase.CONCEALED):
[DEBUG]           Concealed phase, but not a high card
[DEBUG]         7. Trick position factor:
[DEBUG]           Position in trick: 2
[DEBUG]           Middle position, no position factor
[DEBUG]         Final score for 8S: 2.0000
[DEBUG]       Evaluating card JS with belief model:
[DEBUG]         Base score from card value: 3
[DEBUG]         1. Trump factor (confidence: 0.6206):
[DEBUG]           Not a high-confidence trump card
[DEBUG]         2. Lead suit factor:
[DEBUG]           Lead suit: S
[DEBUG]           Can win the trick! Bonus: +5.0000
[DEBUG]         3. Opponent void factor:
[DEBUG]           Opponent 0: no void bonus for S
[DEBUG]           Opponent 1: no void bonus for S
[DEBUG]           Opponent 3: no void bonus for S
[DEBUG]         4. Opponent strength factor (avg: 0.3742):
[DEBUG]           Weak opponents, but not a low card
[DEBUG]         5. Uncertainty factor (uncertainty: 0.4766):
[DEBUG]           Low uncertainty, no uncertainty factor
[DEBUG]         6. Game phase factor (phase: GamePhase.CONCEALED):
[DEBUG]           Concealed phase, but not a high card
[DEBUG]         7. Trick position factor:
[DEBUG]           Position in trick: 2
[DEBUG]           Middle position, no position factor
[DEBUG]         Final score for JS: 8.0000
[DEBUG]       Evaluating card QS with belief model:
[DEBUG]         Base score from card value: 0
[DEBUG]         1. Trump factor (confidence: 0.6265):
[DEBUG]           Not a high-confidence trump card
[DEBUG]         2. Lead suit factor:
[DEBUG]           Lead suit: S
[DEBUG]           Following suit, small bonus: +1.0000
[DEBUG]         3. Opponent void factor:
[DEBUG]           Opponent 0: no void bonus for S
[DEBUG]           Opponent 1: no void bonus for S
[DEBUG]           Opponent 2: no void bonus for S
[DEBUG]         4. Opponent strength factor (avg: 0.3738):
[DEBUG]           Weak opponents, but not a low card
[DEBUG]         5. Uncertainty factor (uncertainty: 0.4738):
[DEBUG]           Low uncertainty, no uncertainty factor
[DEBUG]         6. Game phase factor (phase: GamePhase.CONCEALED):
[DEBUG]           Concealed phase, but not a high card
[DEBUG]         7. Trick position factor:
[DEBUG]           Position in trick: 3
[DEBUG]           Last to play, but can't win
[DEBUG]         Final score for QS: 1.0000
[DEBUG]       Evaluating card 10S with belief model:
[DEBUG]         Base score from card value: 1
[DEBUG]         1. Trump factor (confidence: 0.6265):
[DEBUG]           Not a high-confidence trump card
[DEBUG]         2. Lead suit factor:
[DEBUG]           Lead suit: S
[DEBUG]           Following suit, small bonus: +1.0000
[DEBUG]         3. Opponent void factor:
[DEBUG]           Opponent 0: no void bonus for S
[DEBUG]           Opponent 1: no void bonus for S
[DEBUG]           Opponent 2: no void bonus for S
[DEBUG]         4. Opponent strength factor (avg: 0.3738):
[DEBUG]           Weak opponents, but not a low card
[DEBUG]         5. Uncertainty factor (uncertainty: 0.4738):
[DEBUG]           Low uncertainty, no uncertainty factor
[DEBUG]         6. Game phase factor (phase: GamePhase.CONCEALED):
[DEBUG]           Concealed phase, but not a high card
[DEBUG]         7. Trick position factor:
[DEBUG]           Position in trick: 3
[DEBUG]           Last to play, but can't win
[DEBUG]         Final score for 10S: 2.0000
[DEBUG]       Evaluating card KS with belief model:
[DEBUG]         Base score from card value: 0
[DEBUG]         1. Trump factor (confidence: 0.6174):
[DEBUG]           Not a high-confidence trump card
[DEBUG]         2. Lead suit factor:
[DEBUG]           No current trick
[DEBUG]         3. Opponent void factor:
[DEBUG]           Opponent 1: no void bonus for S
[DEBUG]           Opponent 2: no void bonus for S
[DEBUG]           Opponent 3: no void bonus for S
[DEBUG]         4. Opponent strength factor (avg: 0.3729):
[DEBUG]           Weak opponents, but not a low card
[DEBUG]         5. Uncertainty factor (uncertainty: 0.4754):
[DEBUG]           Low uncertainty, no uncertainty factor
[DEBUG]         6. Game phase factor (phase: GamePhase.CONCEALED):
[DEBUG]           Concealed phase, high card bonus: +1.0000
[DEBUG]         7. Trick position factor:
[DEBUG]           No current trick
[DEBUG]         Final score for KS: 1.0000
[DEBUG]       Evaluating card 8H with belief model:
[DEBUG]         Base score from card value: 0
[DEBUG]         1. Trump factor (confidence: 0.6174):
[DEBUG]           Not a high-confidence trump card
[DEBUG]         2. Lead suit factor:
[DEBUG]           No current trick
[DEBUG]         3. Opponent void factor:
[DEBUG]           Opponent 1: no void bonus for H
[DEBUG]           Opponent 2: no void bonus for H
[DEBUG]           Opponent 3: no void bonus for H
[DEBUG]         4. Opponent strength factor (avg: 0.3729):
[DEBUG]           Weak opponents, low card bonus: +1.0000
[DEBUG]         5. Uncertainty factor (uncertainty: 0.4754):
[DEBUG]           Low uncertainty, no uncertainty factor
[DEBUG]         6. Game phase factor (phase: GamePhase.CONCEALED):
[DEBUG]           Concealed phase, but not a high card
[DEBUG]         7. Trick position factor:
[DEBUG]           No current trick
[DEBUG]         Final score for 8H: 1.0000
[DEBUG]       Evaluating card AD with belief model:
[DEBUG]         Base score from card value: 1
[DEBUG]         1. Trump factor (confidence: 0.6174):
[DEBUG]           Not a high-confidence trump card
[DEBUG]         2. Lead suit factor:
[DEBUG]           No current trick
[DEBUG]         3. Opponent void factor:
[DEBUG]           Opponent 1: no void bonus for D
[DEBUG]           Opponent 2: no void bonus for D
[DEBUG]           Opponent 3: no void bonus for D
[DEBUG]         4. Opponent strength factor (avg: 0.3729):
[DEBUG]           Weak opponents, but not a low card
[DEBUG]         5. Uncertainty factor (uncertainty: 0.4754):
[DEBUG]           Low uncertainty, no uncertainty factor
[DEBUG]         6. Game phase factor (phase: GamePhase.CONCEALED):
[DEBUG]           Concealed phase, high card bonus: +1.0000
[DEBUG]         7. Trick position factor:
[DEBUG]           No current trick
[DEBUG]         Final score for AD: 2.0000
[DEBUG]       Evaluating card QH with belief model:
[DEBUG]         Base score from card value: 0
[DEBUG]         1. Trump factor (confidence: 0.6174):
[DEBUG]           Not a high-confidence trump card
[DEBUG]         2. Lead suit factor:
[DEBUG]           No current trick
[DEBUG]         3. Opponent void factor:
[DEBUG]           Opponent 1: no void bonus for H
[DEBUG]           Opponent 2: no void bonus for H
[DEBUG]           Opponent 3: no void bonus for H
[DEBUG]         4. Opponent strength factor (avg: 0.3729):
[DEBUG]           Weak opponents, but not a low card
[DEBUG]         5. Uncertainty factor (uncertainty: 0.4754):
[DEBUG]           Low uncertainty, no uncertainty factor
[DEBUG]         6. Game phase factor (phase: GamePhase.CONCEALED):
[DEBUG]           Concealed phase, but not a high card
[DEBUG]         7. Trick position factor:
[DEBUG]           No current trick
[DEBUG]         Final score for QH: 0.0000
[DEBUG]       Evaluating card 7D with belief model:
[DEBUG]         Base score from card value: 0
[DEBUG]         1. Trump factor (confidence: 0.6315):
[DEBUG]           Not a high-confidence trump card
[DEBUG]         2. Lead suit factor:
[DEBUG]           Lead suit: D
[DEBUG]           Following suit, small bonus: +1.0000
[DEBUG]         3. Opponent void factor:
[DEBUG]           Opponent 0: no void bonus for D
[DEBUG]           Opponent 2: no void bonus for D
[DEBUG]           Opponent 3: no void bonus for D
[DEBUG]         4. Opponent strength factor (avg: 0.3697):
[DEBUG]           Weak opponents, low card bonus: +1.0000
[DEBUG]         5. Uncertainty factor (uncertainty: 0.4742):
[DEBUG]           Low uncertainty, no uncertainty factor
[DEBUG]         6. Game phase factor (phase: GamePhase.CONCEALED):
[DEBUG]           Concealed phase, but not a high card
[DEBUG]         7. Trick position factor:
[DEBUG]           Position in trick: 1
[DEBUG]           Middle position, no position factor
[DEBUG]         Final score for 7D: 2.0000
[DEBUG]       Evaluating card QD with belief model:
[DEBUG]         Base score from card value: 0
[DEBUG]         1. Trump factor (confidence: 0.6315):
[DEBUG]           Not a high-confidence trump card
[DEBUG]         2. Lead suit factor:
[DEBUG]           Lead suit: D
[DEBUG]           Following suit, small bonus: +1.0000
[DEBUG]         3. Opponent void factor:
[DEBUG]           Opponent 0: no void bonus for D
[DEBUG]           Opponent 2: no void bonus for D
[DEBUG]           Opponent 3: no void bonus for D
[DEBUG]         4. Opponent strength factor (avg: 0.3697):
[DEBUG]           Weak opponents, but not a low card
[DEBUG]         5. Uncertainty factor (uncertainty: 0.4742):
[DEBUG]           Low uncertainty, no uncertainty factor
[DEBUG]         6. Game phase factor (phase: GamePhase.CONCEALED):
[DEBUG]           Concealed phase, but not a high card
[DEBUG]         7. Trick position factor:
[DEBUG]           Position in trick: 1
[DEBUG]           Middle position, no position factor
[DEBUG]         Final score for QD: 1.0000
[DEBUG]       Evaluating card KD with belief model:
[DEBUG]         Base score from card value: 0
[DEBUG]         1. Trump factor (confidence: 0.6430):
[DEBUG]           Not a high-confidence trump card
[DEBUG]         2. Lead suit factor:
[DEBUG]           Lead suit: D
[DEBUG]           Following suit, small bonus: +1.0000
[DEBUG]         3. Opponent void factor:
[DEBUG]           Opponent 0: no void bonus for D
[DEBUG]           Opponent 1: no void bonus for D
[DEBUG]           Opponent 3: no void bonus for D
[DEBUG]         4. Opponent strength factor (avg: 0.3695):
[DEBUG]           Weak opponents, but not a low card
[DEBUG]         5. Uncertainty factor (uncertainty: 0.4782):
[DEBUG]           Low uncertainty, no uncertainty factor
[DEBUG]         6. Game phase factor (phase: GamePhase.CONCEALED):
[DEBUG]           Concealed phase, high card bonus: +1.0000
[DEBUG]         7. Trick position factor:
[DEBUG]           Position in trick: 2
[DEBUG]           Middle position, no position factor
[DEBUG]         Final score for KD: 2.0000
[DEBUG]       Evaluating card KC with belief model:
[DEBUG]         Base score from card value: 0
[DEBUG]         1. Trump factor (confidence: 0.6483):
[DEBUG]           Not a high-confidence trump card
[DEBUG]         2. Lead suit factor:
[DEBUG]           Lead suit: D
[DEBUG]           Void in D, trump bonus: +3.0000
[DEBUG]         3. Opponent void factor:
[DEBUG]           Opponent 0: no void bonus for C
[DEBUG]           Opponent 1: no void bonus for C
[DEBUG]           Opponent 2: no void bonus for C
[DEBUG]         4. Opponent strength factor (avg: 0.3708):
[DEBUG]           Weak opponents, but not a low card
[DEBUG]         5. Uncertainty factor (uncertainty: 0.4768):
[DEBUG]           Low uncertainty, no uncertainty factor
[DEBUG]         6. Game phase factor (phase: GamePhase.CONCEALED):
[DEBUG]           Concealed phase, high card bonus: +1.0000
[DEBUG]         7. Trick position factor:
[DEBUG]           Position in trick: 3
[DEBUG]           Last to play, but can't win
[DEBUG]         Final score for KC: 4.0000
[DEBUG]       Evaluating card QS with belief model:
[DEBUG]         Base score from card value: 0
[DEBUG]         1. Trump factor (confidence: 0.6483):
[DEBUG]           Not a high-confidence trump card
[DEBUG]         2. Lead suit factor:
[DEBUG]           Lead suit: D
[DEBUG]           Void in D, discard bonus: +0.5000
[DEBUG]         3. Opponent void factor:
[DEBUG]           Opponent 0: no void bonus for S
[DEBUG]           Opponent 1: no void bonus for S
[DEBUG]           Opponent 2: no void bonus for S
[DEBUG]         4. Opponent strength factor (avg: 0.3708):
[DEBUG]           Weak opponents, but not a low card
[DEBUG]         5. Uncertainty factor (uncertainty: 0.4768):
[DEBUG]           Low uncertainty, no uncertainty factor
[DEBUG]         6. Game phase factor (phase: GamePhase.CONCEALED):
[DEBUG]           Concealed phase, but not a high card
[DEBUG]         7. Trick position factor:
[DEBUG]           Position in trick: 3
[DEBUG]           Last to play, but can't win
[DEBUG]         Final score for QS: 0.5000
[DEBUG]       Evaluating card 9H with belief model:
[DEBUG]         Base score from card value: 2
[DEBUG]         1. Trump factor (confidence: 0.6483):
[DEBUG]           Not a high-confidence trump card
[DEBUG]         2. Lead suit factor:
[DEBUG]           Lead suit: D
[DEBUG]           Void in D, discard bonus: +0.5000
[DEBUG]         3. Opponent void factor:
[DEBUG]           Opponent 0: no void bonus for H
[DEBUG]           Opponent 1: no void bonus for H
[DEBUG]           Opponent 2: no void bonus for H
[DEBUG]         4. Opponent strength factor (avg: 0.3708):
[DEBUG]           Weak opponents, low card bonus: +1.0000
[DEBUG]         5. Uncertainty factor (uncertainty: 0.4768):
[DEBUG]           Low uncertainty, no uncertainty factor
[DEBUG]         6. Game phase factor (phase: GamePhase.CONCEALED):
[DEBUG]           Concealed phase, but not a high card
[DEBUG]         7. Trick position factor:
[DEBUG]           Position in trick: 3
[DEBUG]           Can win the trick! Bonus: +4.0000
[DEBUG]         Final score for 9H: 7.5000
[DEBUG]       Evaluating card 9C with belief model:
[DEBUG]         Base score from card value: 2
[DEBUG]         1. Trump factor (confidence: 0.6483):
[DEBUG]           Not a high-confidence trump card
[DEBUG]         2. Lead suit factor:
[DEBUG]           Lead suit: D
[DEBUG]           Void in D, trump bonus: +3.0000
[DEBUG]         3. Opponent void factor:
[DEBUG]           Opponent 0: no void bonus for C
[DEBUG]           Opponent 1: no void bonus for C
[DEBUG]           Opponent 2: no void bonus for C
[DEBUG]         4. Opponent strength factor (avg: 0.3708):
[DEBUG]           Weak opponents, low card bonus: +1.0000
[DEBUG]         5. Uncertainty factor (uncertainty: 0.4768):
[DEBUG]           Low uncertainty, no uncertainty factor
[DEBUG]         6. Game phase factor (phase: GamePhase.CONCEALED):
[DEBUG]           Concealed phase, but not a high card
[DEBUG]         7. Trick position factor:
[DEBUG]           Position in trick: 3
[DEBUG]           Can win the trick! Bonus: +4.0000
[DEBUG]         Final score for 9C: 10.0000
[DEBUG]       Evaluating card 8C with belief model:
[DEBUG]         Base score from card value: 0
[DEBUG]         1. Trump factor (confidence: 0.6483):
[DEBUG]           Not a high-confidence trump card
[DEBUG]         2. Lead suit factor:
[DEBUG]           Lead suit: D
[DEBUG]           Void in D, trump bonus: +3.0000
[DEBUG]         3. Opponent void factor:
[DEBUG]           Opponent 0: no void bonus for C
[DEBUG]           Opponent 1: no void bonus for C
[DEBUG]           Opponent 2: no void bonus for C
[DEBUG]         4. Opponent strength factor (avg: 0.3708):
[DEBUG]           Weak opponents, low card bonus: +1.0000
[DEBUG]         5. Uncertainty factor (uncertainty: 0.4768):
[DEBUG]           Low uncertainty, no uncertainty factor
[DEBUG]         6. Game phase factor (phase: GamePhase.CONCEALED):
[DEBUG]           Concealed phase, but not a high card
[DEBUG]         7. Trick position factor:
[DEBUG]           Position in trick: 3
[DEBUG]           Last to play, but can't win
[DEBUG]         Final score for 8C: 4.0000
[DEBUG] TRUMP REVEALED!
[DEBUG]   Player 3 revealed trump C
[DEBUG]   Trick number: 3
[DEBUG]   Card played: 9C
[DEBUG]   Game phase changed from CONCEALED to REVEALED
[DEBUG]       Evaluating card JC with belief model:
[DEBUG]         Base score from card value: 3
[DEBUG]         1. Trump factor (confidence: 0.6060):
[DEBUG]           Not a high-confidence trump card
[DEBUG]         2. Lead suit factor:
[DEBUG]           No current trick
[DEBUG]         3. Opponent void factor:
[DEBUG]           Opponent 1: no void bonus for C
[DEBUG]           Opponent 2: no void bonus for C
[DEBUG]           Opponent 3: no void bonus for C
[DEBUG]         4. Opponent strength factor (avg: 0.3553):
[DEBUG]           Weak opponents, but not a low card
[DEBUG]         5. Uncertainty factor (uncertainty: 0.4769):
[DEBUG]           Low uncertainty, no uncertainty factor
[DEBUG]         6. Game phase factor (phase: GamePhase.REVEALED):
[DEBUG]           Revealed phase, trump bonus: +2.0000
[DEBUG]         7. Trick position factor:
[DEBUG]           No current trick
[DEBUG]         Final score for JC: 5.0000
[DEBUG]       Evaluating card KS with belief model:
[DEBUG]         Base score from card value: 0
[DEBUG]         1. Trump factor (confidence: 0.6060):
[DEBUG]           Not a high-confidence trump card
[DEBUG]         2. Lead suit factor:
[DEBUG]           No current trick
[DEBUG]         3. Opponent void factor:
[DEBUG]           Opponent 1: no void bonus for S
[DEBUG]           Opponent 2: no void bonus for S
[DEBUG]           Opponent 3: no void bonus for S
[DEBUG]         4. Opponent strength factor (avg: 0.3553):
[DEBUG]           Weak opponents, but not a low card
[DEBUG]         5. Uncertainty factor (uncertainty: 0.4769):
[DEBUG]           Low uncertainty, no uncertainty factor
[DEBUG]         6. Game phase factor (phase: GamePhase.REVEALED):
[DEBUG]           Revealed phase, but not trump
[DEBUG]         7. Trick position factor:
[DEBUG]           No current trick
[DEBUG]         Final score for KS: 0.0000
[DEBUG]       Evaluating card 8H with belief model:
[DEBUG]         Base score from card value: 0
[DEBUG]         1. Trump factor (confidence: 0.6060):
[DEBUG]           Not a high-confidence trump card
[DEBUG]         2. Lead suit factor:
[DEBUG]           No current trick
[DEBUG]         3. Opponent void factor:
[DEBUG]           Opponent 1: no void bonus for H
[DEBUG]           Opponent 2: no void bonus for H
[DEBUG]           Opponent 3: no void bonus for H
[DEBUG]         4. Opponent strength factor (avg: 0.3553):
[DEBUG]           Weak opponents, low card bonus: +1.0000
[DEBUG]         5. Uncertainty factor (uncertainty: 0.4769):
[DEBUG]           Low uncertainty, no uncertainty factor
[DEBUG]         6. Game phase factor (phase: GamePhase.REVEALED):
[DEBUG]           Revealed phase, but not trump
[DEBUG]         7. Trick position factor:
[DEBUG]           No current trick
[DEBUG]         Final score for 8H: 1.0000
[DEBUG]       Evaluating card AC with belief model:
[DEBUG]         Base score from card value: 1
[DEBUG]         1. Trump factor (confidence: 0.6060):
[DEBUG]           Not a high-confidence trump card
[DEBUG]         2. Lead suit factor:
[DEBUG]           No current trick
[DEBUG]         3. Opponent void factor:
[DEBUG]           Opponent 1: no void bonus for C
[DEBUG]           Opponent 2: no void bonus for C
[DEBUG]           Opponent 3: no void bonus for C
[DEBUG]         4. Opponent strength factor (avg: 0.3553):
[DEBUG]           Weak opponents, but not a low card
[DEBUG]         5. Uncertainty factor (uncertainty: 0.4769):
[DEBUG]           Low uncertainty, no uncertainty factor
[DEBUG]         6. Game phase factor (phase: GamePhase.REVEALED):
[DEBUG]           Revealed phase, trump bonus: +2.0000
[DEBUG]         7. Trick position factor:
[DEBUG]           No current trick
[DEBUG]         Final score for AC: 3.0000
[DEBUG]       Evaluating card QH with belief model:
[DEBUG]         Base score from card value: 0
[DEBUG]         1. Trump factor (confidence: 0.6060):
[DEBUG]           Not a high-confidence trump card
[DEBUG]         2. Lead suit factor:
[DEBUG]           No current trick
[DEBUG]         3. Opponent void factor:
[DEBUG]           Opponent 1: no void bonus for H
[DEBUG]           Opponent 2: no void bonus for H
[DEBUG]           Opponent 3: no void bonus for H
[DEBUG]         4. Opponent strength factor (avg: 0.3553):
[DEBUG]           Weak opponents, but not a low card
[DEBUG]         5. Uncertainty factor (uncertainty: 0.4769):
[DEBUG]           Low uncertainty, no uncertainty factor
[DEBUG]         6. Game phase factor (phase: GamePhase.REVEALED):
[DEBUG]           Revealed phase, but not trump
[DEBUG]         7. Trick position factor:
[DEBUG]           No current trick
[DEBUG]         Final score for QH: 0.0000
[DEBUG]       Evaluating card QC with belief model:
[DEBUG]         Base score from card value: 0
[DEBUG]         1. Trump factor (confidence: 0.6460):
[DEBUG]           Not a high-confidence trump card
[DEBUG]         2. Lead suit factor:
[DEBUG]           Lead suit: C
[DEBUG]           Following suit, small bonus: +1.0000
[DEBUG]         3. Opponent void factor:
[DEBUG]           Opponent 0: no void bonus for C
[DEBUG]           Opponent 2: no void bonus for C
[DEBUG]           Opponent 3: no void bonus for C
[DEBUG]         4. Opponent strength factor (avg: 0.3514):
[DEBUG]           Weak opponents, but not a low card
[DEBUG]         5. Uncertainty factor (uncertainty: 0.4784):
[DEBUG]           Low uncertainty, no uncertainty factor
[DEBUG]         6. Game phase factor (phase: GamePhase.REVEALED):
[DEBUG]           Revealed phase, trump bonus: +2.0000
[DEBUG]         7. Trick position factor:
[DEBUG]           Position in trick: 1
[DEBUG]           Middle position, no position factor
[DEBUG]         Final score for QC: 3.0000
[DEBUG]       Evaluating card 7C with belief model:
[DEBUG]         Base score from card value: 0
[DEBUG]         1. Trump factor (confidence: 0.6424):
[DEBUG]           Not a high-confidence trump card
[DEBUG]         2. Lead suit factor:
[DEBUG]           Lead suit: C
[DEBUG]           Following suit, small bonus: +1.0000
[DEBUG]         3. Opponent void factor:
[DEBUG]           Opponent 0: no void bonus for C
[DEBUG]           Opponent 1: no void bonus for C
[DEBUG]           Opponent 3: no void bonus for C
[DEBUG]         4. Opponent strength factor (avg: 0.3489):
[DEBUG]           Weak opponents, low card bonus: +1.0000
[DEBUG]         5. Uncertainty factor (uncertainty: 0.4781):
[DEBUG]           Low uncertainty, no uncertainty factor
[DEBUG]         6. Game phase factor (phase: GamePhase.REVEALED):
[DEBUG]           Revealed phase, trump bonus: +2.0000
[DEBUG]         7. Trick position factor:
[DEBUG]           Position in trick: 2
[DEBUG]           Middle position, no position factor
[DEBUG]         Final score for 7C: 4.0000
[DEBUG]       Evaluating card KC with belief model:
[DEBUG]         Base score from card value: 0
[DEBUG]         1. Trump factor (confidence: 0.6569):
[DEBUG]           Not a high-confidence trump card
[DEBUG]         2. Lead suit factor:
[DEBUG]           Lead suit: C
[DEBUG]           Following suit, small bonus: +1.0000
[DEBUG]         3. Opponent void factor:
[DEBUG]           Opponent 0: no void bonus for C
[DEBUG]           Opponent 1: no void bonus for C
[DEBUG]           Opponent 2: no void bonus for C
[DEBUG]         4. Opponent strength factor (avg: 0.3495):
[DEBUG]           Weak opponents, but not a low card
[DEBUG]         5. Uncertainty factor (uncertainty: 0.4771):
[DEBUG]           Low uncertainty, no uncertainty factor
[DEBUG]         6. Game phase factor (phase: GamePhase.REVEALED):
[DEBUG]           Revealed phase, trump bonus: +2.0000
[DEBUG]         7. Trick position factor:
[DEBUG]           Position in trick: 3
[DEBUG]           Last to play, but can't win
[DEBUG]         Final score for KC: 3.0000
[DEBUG]       Evaluating card 8C with belief model:
[DEBUG]         Base score from card value: 0
[DEBUG]         1. Trump factor (confidence: 0.6569):
[DEBUG]           Not a high-confidence trump card
[DEBUG]         2. Lead suit factor:
[DEBUG]           Lead suit: C
[DEBUG]           Following suit, small bonus: +1.0000
[DEBUG]         3. Opponent void factor:
[DEBUG]           Opponent 0: no void bonus for C
[DEBUG]           Opponent 1: no void bonus for C
[DEBUG]           Opponent 2: no void bonus for C
[DEBUG]         4. Opponent strength factor (avg: 0.3495):
[DEBUG]           Weak opponents, low card bonus: +1.0000
[DEBUG]         5. Uncertainty factor (uncertainty: 0.4771):
[DEBUG]           Low uncertainty, no uncertainty factor
[DEBUG]         6. Game phase factor (phase: GamePhase.REVEALED):
[DEBUG]           Revealed phase, trump bonus: +2.0000
[DEBUG]         7. Trick position factor:
[DEBUG]           Position in trick: 3
[DEBUG]           Last to play, but can't win
[DEBUG]         Final score for 8C: 4.0000
[DEBUG]       Evaluating card 10C with belief model:
[DEBUG]         Base score from card value: 1
[DEBUG]         1. Trump factor (confidence: 0.6569):
[DEBUG]           Not a high-confidence trump card
[DEBUG]         2. Lead suit factor:
[DEBUG]           Lead suit: C
[DEBUG]           Following suit, small bonus: +1.0000
[DEBUG]         3. Opponent void factor:
[DEBUG]           Opponent 0: no void bonus for C
[DEBUG]           Opponent 1: no void bonus for C
[DEBUG]           Opponent 2: no void bonus for C
[DEBUG]         4. Opponent strength factor (avg: 0.3495):
[DEBUG]           Weak opponents, but not a low card
[DEBUG]         5. Uncertainty factor (uncertainty: 0.4771):
[DEBUG]           Low uncertainty, no uncertainty factor
[DEBUG]         6. Game phase factor (phase: GamePhase.REVEALED):
[DEBUG]           Revealed phase, trump bonus: +2.0000
[DEBUG]         7. Trick position factor:
[DEBUG]           Position in trick: 3
[DEBUG]           Last to play, but can't win
[DEBUG]         Final score for 10C: 4.0000
[DEBUG]       Evaluating card KS with belief model:
[DEBUG]         Base score from card value: 0
[DEBUG]         1. Trump factor (confidence: 0.6516):
[DEBUG]           Not a high-confidence trump card
[DEBUG]         2. Lead suit factor:
[DEBUG]           No current trick
[DEBUG]         3. Opponent void factor:
[DEBUG]           Opponent 1: no void bonus for S
[DEBUG]           Opponent 2: no void bonus for S
[DEBUG]           Opponent 3: no void bonus for S
[DEBUG]         4. Opponent strength factor (avg: 0.3329):
[DEBUG]           Weak opponents, but not a low card
[DEBUG]         5. Uncertainty factor (uncertainty: 0.4765):
[DEBUG]           Low uncertainty, no uncertainty factor
[DEBUG]         6. Game phase factor (phase: GamePhase.REVEALED):
[DEBUG]           Revealed phase, but not trump
[DEBUG]         7. Trick position factor:
[DEBUG]           No current trick
[DEBUG]         Final score for KS: 0.0000
[DEBUG]       Evaluating card 8H with belief model:
[DEBUG]         Base score from card value: 0
[DEBUG]         1. Trump factor (confidence: 0.6516):
[DEBUG]           Not a high-confidence trump card
[DEBUG]         2. Lead suit factor:
[DEBUG]           No current trick
[DEBUG]         3. Opponent void factor:
[DEBUG]           Opponent 1: no void bonus for H
[DEBUG]           Opponent 2: no void bonus for H
[DEBUG]           Opponent 3: no void bonus for H
[DEBUG]         4. Opponent strength factor (avg: 0.3329):
[DEBUG]           Weak opponents, low card bonus: +1.0000
[DEBUG]         5. Uncertainty factor (uncertainty: 0.4765):
[DEBUG]           Low uncertainty, no uncertainty factor
[DEBUG]         6. Game phase factor (phase: GamePhase.REVEALED):
[DEBUG]           Revealed phase, but not trump
[DEBUG]         7. Trick position factor:
[DEBUG]           No current trick
[DEBUG]         Final score for 8H: 1.0000
[DEBUG]       Evaluating card AC with belief model:
[DEBUG]         Base score from card value: 1
[DEBUG]         1. Trump factor (confidence: 0.6516):
[DEBUG]           Not a high-confidence trump card
[DEBUG]         2. Lead suit factor:
[DEBUG]           No current trick
[DEBUG]         3. Opponent void factor:
[DEBUG]           Opponent 1: no void bonus for C
[DEBUG]           Opponent 2: no void bonus for C
[DEBUG]           Opponent 3: no void bonus for C
[DEBUG]         4. Opponent strength factor (avg: 0.3329):
[DEBUG]           Weak opponents, but not a low card
[DEBUG]         5. Uncertainty factor (uncertainty: 0.4765):
[DEBUG]           Low uncertainty, no uncertainty factor
[DEBUG]         6. Game phase factor (phase: GamePhase.REVEALED):
[DEBUG]           Revealed phase, trump bonus: +2.0000
[DEBUG]         7. Trick position factor:
[DEBUG]           No current trick
[DEBUG]         Final score for AC: 3.0000
[DEBUG]       Evaluating card QH with belief model:
[DEBUG]         Base score from card value: 0
[DEBUG]         1. Trump factor (confidence: 0.6516):
[DEBUG]           Not a high-confidence trump card
[DEBUG]         2. Lead suit factor:
[DEBUG]           No current trick
[DEBUG]         3. Opponent void factor:
[DEBUG]           Opponent 1: no void bonus for H
[DEBUG]           Opponent 2: no void bonus for H
[DEBUG]           Opponent 3: no void bonus for H
[DEBUG]         4. Opponent strength factor (avg: 0.3329):
[DEBUG]           Weak opponents, but not a low card
[DEBUG]         5. Uncertainty factor (uncertainty: 0.4765):
[DEBUG]           Low uncertainty, no uncertainty factor
[DEBUG]         6. Game phase factor (phase: GamePhase.REVEALED):
[DEBUG]           Revealed phase, but not trump
[DEBUG]         7. Trick position factor:
[DEBUG]           No current trick
[DEBUG]         Final score for QH: 0.0000
[DEBUG]       Evaluating card 7H with belief model:
[DEBUG]         Base score from card value: 0
[DEBUG]         1. Trump factor (confidence: 0.6670):
[DEBUG]           Not a high-confidence trump card
[DEBUG]         2. Lead suit factor:
[DEBUG]           Lead suit: C
[DEBUG]           Void in C, discard bonus: +0.5000
[DEBUG]         3. Opponent void factor:
[DEBUG]           Opponent 0: no void bonus for H
[DEBUG]           Opponent 2: no void bonus for H
[DEBUG]           Opponent 3: no void bonus for H
[DEBUG]         4. Opponent strength factor (avg: 0.3322):
[DEBUG]           Weak opponents, low card bonus: +1.0000
[DEBUG]         5. Uncertainty factor (uncertainty: 0.4758):
[DEBUG]           Low uncertainty, no uncertainty factor
[DEBUG]         6. Game phase factor (phase: GamePhase.REVEALED):
[DEBUG]           Revealed phase, but not trump
[DEBUG]         7. Trick position factor:
[DEBUG]           Position in trick: 1
[DEBUG]           Middle position, no position factor
[DEBUG]         Final score for 7H: 1.5000
[DEBUG]       Evaluating card AH with belief model:
[DEBUG]         Base score from card value: 1
[DEBUG]         1. Trump factor (confidence: 0.6670):
[DEBUG]           Not a high-confidence trump card
[DEBUG]         2. Lead suit factor:
[DEBUG]           Lead suit: C
[DEBUG]           Void in C, discard bonus: +0.5000
[DEBUG]         3. Opponent void factor:
[DEBUG]           Opponent 0: no void bonus for H
[DEBUG]           Opponent 2: no void bonus for H
[DEBUG]           Opponent 3: no void bonus for H
[DEBUG]         4. Opponent strength factor (avg: 0.3322):
[DEBUG]           Weak opponents, but not a low card
[DEBUG]         5. Uncertainty factor (uncertainty: 0.4758):
[DEBUG]           Low uncertainty, no uncertainty factor
[DEBUG]         6. Game phase factor (phase: GamePhase.REVEALED):
[DEBUG]           Revealed phase, but not trump
[DEBUG]         7. Trick position factor:
[DEBUG]           Position in trick: 1
[DEBUG]           Middle position, no position factor
[DEBUG]         Final score for AH: 1.5000
[DEBUG]       Evaluating card 10H with belief model:
[DEBUG]         Base score from card value: 1
[DEBUG]         1. Trump factor (confidence: 0.6670):
[DEBUG]           Not a high-confidence trump card
[DEBUG]         2. Lead suit factor:
[DEBUG]           Lead suit: C
[DEBUG]           Void in C, discard bonus: +0.5000
[DEBUG]         3. Opponent void factor:
[DEBUG]           Opponent 0: no void bonus for H
[DEBUG]           Opponent 2: no void bonus for H
[DEBUG]           Opponent 3: no void bonus for H
[DEBUG]         4. Opponent strength factor (avg: 0.3322):
[DEBUG]           Weak opponents, but not a low card
[DEBUG]         5. Uncertainty factor (uncertainty: 0.4758):
[DEBUG]           Low uncertainty, no uncertainty factor
[DEBUG]         6. Game phase factor (phase: GamePhase.REVEALED):
[DEBUG]           Revealed phase, but not trump
[DEBUG]         7. Trick position factor:
[DEBUG]           Position in trick: 1
[DEBUG]           Middle position, no position factor
[DEBUG]         Final score for 10H: 1.5000
[DEBUG]       Evaluating card QD with belief model:
[DEBUG]         Base score from card value: 0
[DEBUG]         1. Trump factor (confidence: 0.6670):
[DEBUG]           Not a high-confidence trump card
[DEBUG]         2. Lead suit factor:
[DEBUG]           Lead suit: C
[DEBUG]           Void in C, discard bonus: +0.5000
[DEBUG]         3. Opponent void factor:
[DEBUG]           Opponent 0: no void bonus for D
[DEBUG]           Opponent 2: no void bonus for D
[DEBUG]           Opponent 3: no void bonus for D
[DEBUG]         4. Opponent strength factor (avg: 0.3322):
[DEBUG]           Weak opponents, but not a low card
[DEBUG]         5. Uncertainty factor (uncertainty: 0.4758):
[DEBUG]           Low uncertainty, no uncertainty factor
[DEBUG]         6. Game phase factor (phase: GamePhase.REVEALED):
[DEBUG]           Revealed phase, but not trump
[DEBUG]         7. Trick position factor:
[DEBUG]           Position in trick: 1
[DEBUG]           Middle position, no position factor
[DEBUG]         Final score for QD: 0.5000
[DEBUG]       Evaluating card JH with belief model:
[DEBUG]         Base score from card value: 3
[DEBUG]         1. Trump factor (confidence: 0.6561):
[DEBUG]           Not a high-confidence trump card
[DEBUG]         2. Lead suit factor:
[DEBUG]           Lead suit: C
[DEBUG]           Void in C, discard bonus: +0.5000
[DEBUG]         3. Opponent void factor:
[DEBUG]           Opponent 0: no void bonus for H
[DEBUG]           Opponent 1: no void bonus for H
[DEBUG]           Opponent 3: no void bonus for H
[DEBUG]         4. Opponent strength factor (avg: 0.3347):
[DEBUG]           Weak opponents, but not a low card
[DEBUG]         5. Uncertainty factor (uncertainty: 0.4767):
[DEBUG]           Low uncertainty, no uncertainty factor
[DEBUG]         6. Game phase factor (phase: GamePhase.REVEALED):
[DEBUG]           Revealed phase, but not trump
[DEBUG]         7. Trick position factor:
[DEBUG]           Position in trick: 2
[DEBUG]           Middle position, no position factor
[DEBUG]         Final score for JH: 3.5000
[DEBUG]       Evaluating card 7S with belief model:
[DEBUG]         Base score from card value: 0
[DEBUG]         1. Trump factor (confidence: 0.6561):
[DEBUG]           Not a high-confidence trump card
[DEBUG]         2. Lead suit factor:
[DEBUG]           Lead suit: C
[DEBUG]           Void in C, discard bonus: +0.5000
[DEBUG]         3. Opponent void factor:
[DEBUG]           Opponent 0: no void bonus for S
[DEBUG]           Opponent 1: no void bonus for S
[DEBUG]           Opponent 3: no void bonus for S
[DEBUG]         4. Opponent strength factor (avg: 0.3347):
[DEBUG]           Weak opponents, low card bonus: +1.0000
[DEBUG]         5. Uncertainty factor (uncertainty: 0.4767):
[DEBUG]           Low uncertainty, no uncertainty factor
[DEBUG]         6. Game phase factor (phase: GamePhase.REVEALED):
[DEBUG]           Revealed phase, but not trump
[DEBUG]         7. Trick position factor:
[DEBUG]           Position in trick: 2
[DEBUG]           Middle position, no position factor
[DEBUG]         Final score for 7S: 1.5000
[DEBUG]       Evaluating card 8S with belief model:
[DEBUG]         Base score from card value: 0
[DEBUG]         1. Trump factor (confidence: 0.6561):
[DEBUG]           Not a high-confidence trump card
[DEBUG]         2. Lead suit factor:
[DEBUG]           Lead suit: C
[DEBUG]           Void in C, discard bonus: +0.5000
[DEBUG]         3. Opponent void factor:
[DEBUG]           Opponent 0: no void bonus for S
[DEBUG]           Opponent 1: no void bonus for S
[DEBUG]           Opponent 3: no void bonus for S
[DEBUG]         4. Opponent strength factor (avg: 0.3347):
[DEBUG]           Weak opponents, low card bonus: +1.0000
[DEBUG]         5. Uncertainty factor (uncertainty: 0.4767):
[DEBUG]           Low uncertainty, no uncertainty factor
[DEBUG]         6. Game phase factor (phase: GamePhase.REVEALED):
[DEBUG]           Revealed phase, but not trump
[DEBUG]         7. Trick position factor:
[DEBUG]           Position in trick: 2
[DEBUG]           Middle position, no position factor
[DEBUG]         Final score for 8S: 1.5000
[DEBUG]       Evaluating card KH with belief model:
[DEBUG]         Base score from card value: 0
[DEBUG]         1. Trump factor (confidence: 0.6561):
[DEBUG]           Not a high-confidence trump card
[DEBUG]         2. Lead suit factor:
[DEBUG]           Lead suit: C
[DEBUG]           Void in C, discard bonus: +0.5000
[DEBUG]         3. Opponent void factor:
[DEBUG]           Opponent 0: no void bonus for H
[DEBUG]           Opponent 1: no void bonus for H
[DEBUG]           Opponent 3: no void bonus for H
[DEBUG]         4. Opponent strength factor (avg: 0.3347):
[DEBUG]           Weak opponents, but not a low card
[DEBUG]         5. Uncertainty factor (uncertainty: 0.4767):
[DEBUG]           Low uncertainty, no uncertainty factor
[DEBUG]         6. Game phase factor (phase: GamePhase.REVEALED):
[DEBUG]           Revealed phase, but not trump
[DEBUG]         7. Trick position factor:
[DEBUG]           Position in trick: 2
[DEBUG]           Middle position, no position factor
[DEBUG]         Final score for KH: 0.5000
[DEBUG]       Evaluating card KC with belief model:
[DEBUG]         Base score from card value: 0
[DEBUG]         1. Trump factor (confidence: 0.6673):
[DEBUG]           Not a high-confidence trump card
[DEBUG]         2. Lead suit factor:
[DEBUG]           Lead suit: C
[DEBUG]           Following suit, small bonus: +1.0000
[DEBUG]         3. Opponent void factor:
[DEBUG]           Opponent 0: no void bonus for C
[DEBUG]           Opponent 1: no void bonus for C
[DEBUG]           Opponent 2: no void bonus for C
[DEBUG]         4. Opponent strength factor (avg: 0.3370):
[DEBUG]           Weak opponents, but not a low card
[DEBUG]         5. Uncertainty factor (uncertainty: 0.4767):
[DEBUG]           Low uncertainty, no uncertainty factor
[DEBUG]         6. Game phase factor (phase: GamePhase.REVEALED):
[DEBUG]           Revealed phase, trump bonus: +2.0000
[DEBUG]         7. Trick position factor:
[DEBUG]           Position in trick: 3
[DEBUG]           Last to play, but can't win
[DEBUG]         Final score for KC: 3.0000
[DEBUG]       Evaluating card 10C with belief model:
[DEBUG]         Base score from card value: 1
[DEBUG]         1. Trump factor (confidence: 0.6673):
[DEBUG]           Not a high-confidence trump card
[DEBUG]         2. Lead suit factor:
[DEBUG]           Lead suit: C
[DEBUG]           Following suit, small bonus: +1.0000
[DEBUG]         3. Opponent void factor:
[DEBUG]           Opponent 0: no void bonus for C
[DEBUG]           Opponent 1: no void bonus for C
[DEBUG]           Opponent 2: no void bonus for C
[DEBUG]         4. Opponent strength factor (avg: 0.3370):
[DEBUG]           Weak opponents, but not a low card
[DEBUG]         5. Uncertainty factor (uncertainty: 0.4767):
[DEBUG]           Low uncertainty, no uncertainty factor
[DEBUG]         6. Game phase factor (phase: GamePhase.REVEALED):
[DEBUG]           Revealed phase, trump bonus: +2.0000
[DEBUG]         7. Trick position factor:
[DEBUG]           Position in trick: 3
[DEBUG]           Last to play, but can't win
[DEBUG]         Final score for 10C: 4.0000
[DEBUG]       Evaluating card KS with belief model:
[DEBUG]         Base score from card value: 0
[DEBUG]         1. Trump factor (confidence: 0.6287):
[DEBUG]           Not a high-confidence trump card
[DEBUG]         2. Lead suit factor:
[DEBUG]           No current trick
[DEBUG]         3. Opponent void factor:
[DEBUG]           Opponent 1: no void bonus for S
[DEBUG]           Opponent 2: no void bonus for S
[DEBUG]           Opponent 3: no void bonus for S
[DEBUG]         4. Opponent strength factor (avg: 0.3114):
[DEBUG]           Weak opponents, but not a low card
[DEBUG]         5. Uncertainty factor (uncertainty: 0.4745):
[DEBUG]           Low uncertainty, no uncertainty factor
[DEBUG]         6. Game phase factor (phase: GamePhase.REVEALED):
[DEBUG]           Revealed phase, but not trump
[DEBUG]         7. Trick position factor:
[DEBUG]           No current trick
[DEBUG]         Final score for KS: 0.0000
[DEBUG]       Evaluating card 8H with belief model:
[DEBUG]         Base score from card value: 0
[DEBUG]         1. Trump factor (confidence: 0.6287):
[DEBUG]           Not a high-confidence trump card
[DEBUG]         2. Lead suit factor:
[DEBUG]           No current trick
[DEBUG]         3. Opponent void factor:
[DEBUG]           Opponent 1: no void bonus for H
[DEBUG]           Opponent 2: no void bonus for H
[DEBUG]           Opponent 3: no void bonus for H
[DEBUG]         4. Opponent strength factor (avg: 0.3114):
[DEBUG]           Weak opponents, low card bonus: +1.0000
[DEBUG]         5. Uncertainty factor (uncertainty: 0.4745):
[DEBUG]           Low uncertainty, no uncertainty factor
[DEBUG]         6. Game phase factor (phase: GamePhase.REVEALED):
[DEBUG]           Revealed phase, but not trump
[DEBUG]         7. Trick position factor:
[DEBUG]           No current trick
[DEBUG]         Final score for 8H: 1.0000
[DEBUG]       Evaluating card QH with belief model:
[DEBUG]         Base score from card value: 0
[DEBUG]         1. Trump factor (confidence: 0.6287):
[DEBUG]           Not a high-confidence trump card
[DEBUG]         2. Lead suit factor:
[DEBUG]           No current trick
[DEBUG]         3. Opponent void factor:
[DEBUG]           Opponent 1: no void bonus for H
[DEBUG]           Opponent 2: no void bonus for H
[DEBUG]           Opponent 3: no void bonus for H
[DEBUG]         4. Opponent strength factor (avg: 0.3114):
[DEBUG]           Weak opponents, but not a low card
[DEBUG]         5. Uncertainty factor (uncertainty: 0.4745):
[DEBUG]           Low uncertainty, no uncertainty factor
[DEBUG]         6. Game phase factor (phase: GamePhase.REVEALED):
[DEBUG]           Revealed phase, but not trump
[DEBUG]         7. Trick position factor:
[DEBUG]           No current trick
[DEBUG]         Final score for QH: 0.0000
[DEBUG]       Evaluating card AH with belief model:
[DEBUG]         Base score from card value: 1
[DEBUG]         1. Trump factor (confidence: 0.6470):
[DEBUG]           Not a high-confidence trump card
[DEBUG]         2. Lead suit factor:
[DEBUG]           Lead suit: H
[DEBUG]           Can win the trick! Bonus: +5.0000
[DEBUG]         3. Opponent void factor:
[DEBUG]           Opponent 0: no void bonus for H
[DEBUG]           Opponent 2: no void bonus for H
[DEBUG]           Opponent 3: no void bonus for H
[DEBUG]         4. Opponent strength factor (avg: 0.3181):
[DEBUG]           Weak opponents, but not a low card
[DEBUG]         5. Uncertainty factor (uncertainty: 0.4744):
[DEBUG]           Low uncertainty, no uncertainty factor
[DEBUG]         6. Game phase factor (phase: GamePhase.REVEALED):
[DEBUG]           Revealed phase, but not trump
[DEBUG]         7. Trick position factor:
[DEBUG]           Position in trick: 1
[DEBUG]           Middle position, no position factor
[DEBUG]         Final score for AH: 6.0000
[DEBUG]       Evaluating card 10H with belief model:
[DEBUG]         Base score from card value: 1
[DEBUG]         1. Trump factor (confidence: 0.6470):
[DEBUG]           Not a high-confidence trump card
[DEBUG]         2. Lead suit factor:
[DEBUG]           Lead suit: H
[DEBUG]           Can win the trick! Bonus: +5.0000
[DEBUG]         3. Opponent void factor:
[DEBUG]           Opponent 0: no void bonus for H
[DEBUG]           Opponent 2: no void bonus for H
[DEBUG]           Opponent 3: no void bonus for H
[DEBUG]         4. Opponent strength factor (avg: 0.3181):
[DEBUG]           Weak opponents, but not a low card
[DEBUG]         5. Uncertainty factor (uncertainty: 0.4744):
[DEBUG]           Low uncertainty, no uncertainty factor
[DEBUG]         6. Game phase factor (phase: GamePhase.REVEALED):
[DEBUG]           Revealed phase, but not trump
[DEBUG]         7. Trick position factor:
[DEBUG]           Position in trick: 1
[DEBUG]           Middle position, no position factor
[DEBUG]         Final score for 10H: 6.0000
[DEBUG]       Evaluating card KH with belief model:
[DEBUG]         Base score from card value: 0
[DEBUG]         1. Trump factor (confidence: 0.6484):
[DEBUG]           Not a high-confidence trump card
[DEBUG]         2. Lead suit factor:
[DEBUG]           Lead suit: H
[DEBUG]           Following suit, small bonus: +1.0000
[DEBUG]         3. Opponent void factor:
[DEBUG]           Opponent 0: no void bonus for H
[DEBUG]           Opponent 1: no void bonus for H
[DEBUG]           Opponent 3: no void bonus for H
[DEBUG]         4. Opponent strength factor (avg: 0.3219):
[DEBUG]           Weak opponents, but not a low card
[DEBUG]         5. Uncertainty factor (uncertainty: 0.4752):
[DEBUG]           Low uncertainty, no uncertainty factor
[DEBUG]         6. Game phase factor (phase: GamePhase.REVEALED):
[DEBUG]           Revealed phase, but not trump
[DEBUG]         7. Trick position factor:
[DEBUG]           Position in trick: 2
[DEBUG]           Middle position, no position factor
[DEBUG]         Final score for KH: 1.0000
[DEBUG]       Evaluating card 9H with belief model:
[DEBUG]         Base score from card value: 2
[DEBUG]         1. Trump factor (confidence: 0.6537):
[DEBUG]           Not a high-confidence trump card
[DEBUG]         2. Lead suit factor:
[DEBUG]           Lead suit: H
[DEBUG]           Can win the trick! Bonus: +5.0000
[DEBUG]         3. Opponent void factor:
[DEBUG]           Opponent 0: no void bonus for H
[DEBUG]           Opponent 1: no void bonus for H
[DEBUG]           Opponent 2: no void bonus for H
[DEBUG]         4. Opponent strength factor (avg: 0.3224):
[DEBUG]           Weak opponents, low card bonus: +1.0000
[DEBUG]         5. Uncertainty factor (uncertainty: 0.4736):
[DEBUG]           Low uncertainty, no uncertainty factor
[DEBUG]         6. Game phase factor (phase: GamePhase.REVEALED):
[DEBUG]           Revealed phase, but not trump
[DEBUG]         7. Trick position factor:
[DEBUG]           Position in trick: 3
[DEBUG]           Can win the trick! Bonus: +4.0000
[DEBUG]         Final score for 9H: 12.0000
[DEBUG]       Evaluating card KS with belief model:
[DEBUG]         Base score from card value: 0
[DEBUG]         1. Trump factor (confidence: 0.6267):
[DEBUG]           Not a high-confidence trump card
[DEBUG]         2. Lead suit factor:
[DEBUG]           No current trick
[DEBUG]         3. Opponent void factor:
[DEBUG]           Opponent 1 void in S! Bonus: +2.0000
[DEBUG]           Opponent 2 void in S! Bonus: +2.0000
[DEBUG]           Opponent 3 void in S! Bonus: +2.0000
[DEBUG]         4. Opponent strength factor (avg: 0.3041):
[DEBUG]           Weak opponents, but not a low card
[DEBUG]         5. Uncertainty factor (uncertainty: 0.4738):
[DEBUG]           Low uncertainty, no uncertainty factor
[DEBUG]         6. Game phase factor (phase: GamePhase.REVEALED):
[DEBUG]           Revealed phase, but not trump
[DEBUG]         7. Trick position factor:
[DEBUG]           No current trick
[DEBUG]         Final score for KS: 6.0000
[DEBUG]       Evaluating card QH with belief model:
[DEBUG]         Base score from card value: 0
[DEBUG]         1. Trump factor (confidence: 0.6267):
[DEBUG]           Not a high-confidence trump card
[DEBUG]         2. Lead suit factor:
[DEBUG]           No current trick
[DEBUG]         3. Opponent void factor:
[DEBUG]           Opponent 1: no void bonus for H
[DEBUG]           Opponent 2: no void bonus for H
[DEBUG]           Opponent 3: no void bonus for H
[DEBUG]         4. Opponent strength factor (avg: 0.3041):
[DEBUG]           Weak opponents, but not a low card
[DEBUG]         5. Uncertainty factor (uncertainty: 0.4738):
[DEBUG]           Low uncertainty, no uncertainty factor
[DEBUG]         6. Game phase factor (phase: GamePhase.REVEALED):
[DEBUG]           Revealed phase, but not trump
[DEBUG]         7. Trick position factor:
[DEBUG]           No current trick
[DEBUG]         Final score for QH: 0.0000
[DEBUG]       Evaluating card 10H with belief model:
[DEBUG]         Base score from card value: 1
[DEBUG]         1. Trump factor (confidence: 0.5948):
[DEBUG]           Not a high-confidence trump card
[DEBUG]         2. Lead suit factor:
[DEBUG]           Lead suit: S
[DEBUG]           Void in S, discard bonus: +0.5000
[DEBUG]         3. Opponent void factor:
[DEBUG]           Opponent 0: no void bonus for H
[DEBUG]           Opponent 2: no void bonus for H
[DEBUG]           Opponent 3: no void bonus for H
[DEBUG]         4. Opponent strength factor (avg: 0.2724):
[DEBUG]           Weak opponents, but not a low card
[DEBUG]         5. Uncertainty factor (uncertainty: 0.4697):
[DEBUG]           Low uncertainty, no uncertainty factor
[DEBUG]         6. Game phase factor (phase: GamePhase.REVEALED):
[DEBUG]           Revealed phase, but not trump
[DEBUG]         7. Trick position factor:
[DEBUG]           Position in trick: 1
[DEBUG]           Middle position, no position factor
[DEBUG]         Final score for 10H: 1.5000
[DEBUG]       Evaluating card QD with belief model:
[DEBUG]         Base score from card value: 0
[DEBUG]         1. Trump factor (confidence: 0.5948):
[DEBUG]           Not a high-confidence trump card
[DEBUG]         2. Lead suit factor:
[DEBUG]           Lead suit: S
[DEBUG]           Void in S, discard bonus: +0.5000
[DEBUG]         3. Opponent void factor:
[DEBUG]           Opponent 0: no void bonus for D
[DEBUG]           Opponent 2: no void bonus for D
[DEBUG]           Opponent 3: no void bonus for D
[DEBUG]         4. Opponent strength factor (avg: 0.2724):
[DEBUG]           Weak opponents, but not a low card
[DEBUG]         5. Uncertainty factor (uncertainty: 0.4697):
[DEBUG]           Low uncertainty, no uncertainty factor
[DEBUG]         6. Game phase factor (phase: GamePhase.REVEALED):
[DEBUG]           Revealed phase, but not trump
[DEBUG]         7. Trick position factor:
[DEBUG]           Position in trick: 1
[DEBUG]           Middle position, no position factor
[DEBUG]         Final score for QD: 0.5000
[DEBUG]       Evaluating card 7S with belief model:
[DEBUG]         Base score from card value: 0
[DEBUG]         1. Trump factor (confidence: 0.5944):
[DEBUG]           Not a high-confidence trump card
[DEBUG]         2. Lead suit factor:
[DEBUG]           Lead suit: S
[DEBUG]           Following suit, small bonus: +1.0000
[DEBUG]         3. Opponent void factor:
[DEBUG]           Opponent 0 void in S! Bonus: +2.0000
[DEBUG]           Opponent 1 void in S! Bonus: +2.0000
[DEBUG]           Opponent 3 void in S! Bonus: +2.0000
[DEBUG]         4. Opponent strength factor (avg: 0.2751):
[DEBUG]           Weak opponents, low card bonus: +1.0000
[DEBUG]         5. Uncertainty factor (uncertainty: 0.4705):
[DEBUG]           Low uncertainty, no uncertainty factor
[DEBUG]         6. Game phase factor (phase: GamePhase.REVEALED):
[DEBUG]           Revealed phase, but not trump
[DEBUG]         7. Trick position factor:
[DEBUG]           Position in trick: 2
[DEBUG]           Middle position, no position factor
[DEBUG]         Final score for 7S: 8.0000
[DEBUG]       Evaluating card 8S with belief model:
[DEBUG]         Base score from card value: 0
[DEBUG]         1. Trump factor (confidence: 0.5944):
[DEBUG]           Not a high-confidence trump card
[DEBUG]         2. Lead suit factor:
[DEBUG]           Lead suit: S
[DEBUG]           Following suit, small bonus: +1.0000
[DEBUG]         3. Opponent void factor:
[DEBUG]           Opponent 0 void in S! Bonus: +2.0000
[DEBUG]           Opponent 1 void in S! Bonus: +2.0000
[DEBUG]           Opponent 3 void in S! Bonus: +2.0000
[DEBUG]         4. Opponent strength factor (avg: 0.2751):
[DEBUG]           Weak opponents, low card bonus: +1.0000
[DEBUG]         5. Uncertainty factor (uncertainty: 0.4705):
[DEBUG]           Low uncertainty, no uncertainty factor
[DEBUG]         6. Game phase factor (phase: GamePhase.REVEALED):
[DEBUG]           Revealed phase, but not trump
[DEBUG]         7. Trick position factor:
[DEBUG]           Position in trick: 2
[DEBUG]           Middle position, no position factor
[DEBUG]         Final score for 8S: 8.0000
[DEBUG]       Evaluating card QS with belief model:
[DEBUG]         Base score from card value: 0
[DEBUG]         1. Trump factor (confidence: 0.6145):
[DEBUG]           Not a high-confidence trump card
[DEBUG]         2. Lead suit factor:
[DEBUG]           Lead suit: S
[DEBUG]           Following suit, small bonus: +1.0000
[DEBUG]         3. Opponent void factor:
[DEBUG]           Opponent 0 void in S! Bonus: +2.0000
[DEBUG]           Opponent 1 void in S! Bonus: +2.0000
[DEBUG]           Opponent 2 void in S! Bonus: +2.0000
[DEBUG]         4. Opponent strength factor (avg: 0.2811):
[DEBUG]           Weak opponents, but not a low card
[DEBUG]         5. Uncertainty factor (uncertainty: 0.4696):
[DEBUG]           Low uncertainty, no uncertainty factor
[DEBUG]         6. Game phase factor (phase: GamePhase.REVEALED):
[DEBUG]           Revealed phase, but not trump
[DEBUG]         7. Trick position factor:
[DEBUG]           Position in trick: 3
[DEBUG]           Last to play, but can't win
[DEBUG]         Final score for QS: 7.0000
[DEBUG]       Evaluating card QH with belief model:
[DEBUG]         Base score from card value: 0
[DEBUG]         1. Trump factor (confidence: 0.5453):
[DEBUG]           Not a high-confidence trump card
[DEBUG]         2. Lead suit factor:
[DEBUG]           No current trick
[DEBUG]         3. Opponent void factor:
[DEBUG]           Opponent 1: no void bonus for H
[DEBUG]           Opponent 2: no void bonus for H
[DEBUG]           Opponent 3: no void bonus for H
[DEBUG]         4. Opponent strength factor (avg: 0.2461):
[DEBUG]           Weak opponents, but not a low card
[DEBUG]         5. Uncertainty factor (uncertainty: 0.4644):
[DEBUG]           Low uncertainty, no uncertainty factor
[DEBUG]         6. Game phase factor (phase: GamePhase.REVEALED):
[DEBUG]           Revealed phase, but not trump
[DEBUG]         7. Trick position factor:
[DEBUG]           No current trick
[DEBUG]         Final score for QH: 0.0000
[DEBUG]       Evaluating card QD with belief model:
[DEBUG]         Base score from card value: 0
[DEBUG]         1. Trump factor (confidence: 0.5679):
[DEBUG]           Not a high-confidence trump card
[DEBUG]         2. Lead suit factor:
[DEBUG]           Lead suit: H
[DEBUG]           Void in H, discard bonus: +0.5000
[DEBUG]         3. Opponent void factor:
[DEBUG]           Opponent 0: no void bonus for D
[DEBUG]           Opponent 2: no void bonus for D
[DEBUG]           Opponent 3: no void bonus for D
[DEBUG]         4. Opponent strength factor (avg: 0.2464):
[DEBUG]           Weak opponents, but not a low card
[DEBUG]         5. Uncertainty factor (uncertainty: 0.4617):
[DEBUG]           Low uncertainty, no uncertainty factor
[DEBUG]         6. Game phase factor (phase: GamePhase.REVEALED):
[DEBUG]           Revealed phase, but not trump
[DEBUG]         7. Trick position factor:
[DEBUG]           Position in trick: 1
[DEBUG]           Middle position, no position factor
[DEBUG]         Final score for QD: 0.5000
[DEBUG]       Evaluating card 8S with belief model:
[DEBUG]         Base score from card value: 0
[DEBUG]         1. Trump factor (confidence: 0.5579):
[DEBUG]           Not a high-confidence trump card
[DEBUG]         2. Lead suit factor:
[DEBUG]           Lead suit: H
[DEBUG]           Void in H, discard bonus: +0.5000
[DEBUG]         3. Opponent void factor:
[DEBUG]           Opponent 0 void in S! Bonus: +2.0000
[DEBUG]           Opponent 1 void in S! Bonus: +2.0000
[DEBUG]           Opponent 3 void in S! Bonus: +2.0000
[DEBUG]         4. Opponent strength factor (avg: 0.2407):
[DEBUG]           Weak opponents, low card bonus: +1.0000
[DEBUG]         5. Uncertainty factor (uncertainty: 0.4613):
[DEBUG]           Low uncertainty, no uncertainty factor
[DEBUG]         6. Game phase factor (phase: GamePhase.REVEALED):
[DEBUG]           Revealed phase, but not trump
[DEBUG]         7. Trick position factor:
[DEBUG]           Position in trick: 2
[DEBUG]           Middle position, no position factor
[DEBUG]         Final score for 8S: 7.5000
[DEBUG]       Evaluating card KC with belief model:
[DEBUG]         Base score from card value: 0
[DEBUG]         1. Trump factor (confidence: 0.5772):
[DEBUG]           Not a high-confidence trump card
[DEBUG]         2. Lead suit factor:
[DEBUG]           Lead suit: H
[DEBUG]           Void in H, trump bonus: +3.0000
[DEBUG]         3. Opponent void factor:
[DEBUG]           Opponent 0: no void bonus for C
[DEBUG]           Opponent 1: no void bonus for C
[DEBUG]           Opponent 2: no void bonus for C
[DEBUG]         4. Opponent strength factor (avg: 0.2402):
[DEBUG]           Weak opponents, but not a low card
[DEBUG]         5. Uncertainty factor (uncertainty: 0.4584):
[DEBUG]           Low uncertainty, no uncertainty factor
[DEBUG]         6. Game phase factor (phase: GamePhase.REVEALED):
[DEBUG]           Revealed phase, trump bonus: +2.0000
[DEBUG]         7. Trick position factor:
[DEBUG]           Position in trick: 3
[DEBUG]           Last to play, but can't win
[DEBUG]         Final score for KC: 5.0000