
===== GAME 2 (20250825_102458_714) =====
[DEBUG] BIDDING ANALYSIS - Player 0 (Belief Master)
[DEBUG]   Bidding hand: ['7H', 'AS', 'QS', 'AH']
[DEBUG]   Hand strength: 0.071
[DEBUG]   Current bid: 16
[DEBUG]   Present suits: ['H', 'S']
[DEBUG]   Point prediction: -0.0 points

=== RAW OUTPUT: Belief Model Outputs - Player 0 ===
{'trump_suit_probs': [0.13065877556800842, 0.25472530722618103, 0.1868489682674408, 0.42776697874069214], 'uncertainty': 0.47308218479156494, 'opponent_hands_shape': {1: torch.Size([1, 32]), 2: torch.Size([1, 32]), 3: torch.Size([1, 32])}, 'void_suits_shape': {1: torch.Size([1, 4]), 2: torch.Size([1, 4]), 3: torch.Size([1, 4])}}
==================================================
[DEBUG]   Trump Analysis:
[DEBUG]     Probabilities: [0.13065878 0.2547253  0.18684897 0.42776698]
[DEBUG]     Predicted trump: S
[DEBUG]     Confidence: 0.4278
[DEBUG]   Opponent Strength Analysis:
[DEBUG]     Opponent 1: 0.4155
[DEBUG]     Opponent 2: 0.4155
[DEBUG]     Opponent 3: 0.4155
[DEBUG]   Void Suit Analysis:
[DEBUG]     Opponent 1 void in: []
[DEBUG]     Opponent 2 void in: []
[DEBUG]     Opponent 3 void in: []
[DEBUG]   Uncertainty: 0.4731
[DEBUG]     Evaluating bid -1 with belief model:
[DEBUG]       Starting score: 0.0
[DEBUG]       1. Trump prediction factor (confidence: 0.4278):
[DEBUG]         Low confidence, no trump factor
[DEBUG]       2. Opponent strength factor (avg: 0.4155):
[DEBUG]         Weak opponents + passing: no bonus
[DEBUG]       3. Void suit factor:
[DEBUG]         Opponent 1: no void suits
[DEBUG]         Opponent 2: no void suits
[DEBUG]         Opponent 3: no void suits
[DEBUG]       4. Uncertainty factor (uncertainty: 0.4731):
[DEBUG]         Low uncertainty, no factor
[DEBUG]       5. Point prediction factor (prediction: -0.012247778475284576):
[DEBUG]         Low predicted points (-0.012247778475284576) when passing: no penalty
[DEBUG]       Final score for bid -1: 0.0000
[DEBUG]     Evaluating bid 17 with belief model:
[DEBUG]       Starting score: 0.0
[DEBUG]       1. Trump prediction factor (confidence: 0.4278):
[DEBUG]         Low confidence, no trump factor
[DEBUG]       2. Opponent strength factor (avg: 0.4155):
[DEBUG]         Weak opponents + bidding: +1.1690
[DEBUG]       3. Void suit factor:
[DEBUG]         Opponent 1: no void suits
[DEBUG]         Opponent 2: no void suits
[DEBUG]         Opponent 3: no void suits
[DEBUG]       4. Uncertainty factor (uncertainty: 0.4731):
[DEBUG]         Low uncertainty, no factor
[DEBUG]       5. Point prediction factor (prediction: -0.012247778475284576):
[DEBUG]         Predicted points (-0.012247778475284576) < bid (17): -2.0000
[DEBUG]       Final score for bid 17: -0.8310
[DEBUG]     Evaluating bid 18 with belief model:
[DEBUG]       Starting score: 0.0
[DEBUG]       1. Trump prediction factor (confidence: 0.4278):
[DEBUG]         Low confidence, no trump factor
[DEBUG]       2. Opponent strength factor (avg: 0.4155):
[DEBUG]         Weak opponents + bidding: +1.1690
[DEBUG]       3. Void suit factor:
[DEBUG]         Opponent 1: no void suits
[DEBUG]         Opponent 2: no void suits
[DEBUG]         Opponent 3: no void suits
[DEBUG]       4. Uncertainty factor (uncertainty: 0.4731):
[DEBUG]         Low uncertainty, no factor
[DEBUG]       5. Point prediction factor (prediction: -0.012247778475284576):
[DEBUG]         Predicted points (-0.012247778475284576) < bid (18): -2.0000
[DEBUG]       Final score for bid 18: -0.8310
[DEBUG]     Evaluating bid 19 with belief model:
[DEBUG]       Starting score: 0.0
[DEBUG]       1. Trump prediction factor (confidence: 0.4278):
[DEBUG]         Low confidence, no trump factor
[DEBUG]       2. Opponent strength factor (avg: 0.4155):
[DEBUG]         Weak opponents + bidding: +1.1690
[DEBUG]       3. Void suit factor:
[DEBUG]         Opponent 1: no void suits
[DEBUG]         Opponent 2: no void suits
[DEBUG]         Opponent 3: no void suits
[DEBUG]       4. Uncertainty factor (uncertainty: 0.4731):
[DEBUG]         Low uncertainty, no factor
[DEBUG]       5. Point prediction factor (prediction: -0.012247778475284576):
[DEBUG]         Predicted points (-0.012247778475284576) < bid (19): -2.0000
[DEBUG]       Final score for bid 19: -0.8310
[DEBUG] BIDDING ANALYSIS - Player 1 (Belief Expert)
[DEBUG]   Bidding hand: ['KD', '7C', '10H', '9H']
[DEBUG]   Hand strength: 0.107
[DEBUG]   Current bid: 16
[DEBUG]   Present suits: ['D', 'H', 'C']
[DEBUG]   Point prediction: -0.0 points

=== RAW OUTPUT: Belief Model Outputs - Player 1 ===
{'trump_suit_probs': [0.12861229479312897, 0.2846173942089081, 0.19281700253486633, 0.3939533233642578], 'uncertainty': 0.4709930717945099, 'opponent_hands_shape': {0: torch.Size([1, 32]), 2: torch.Size([1, 32]), 3: torch.Size([1, 32])}, 'void_suits_shape': {0: torch.Size([1, 4]), 2: torch.Size([1, 4]), 3: torch.Size([1, 4])}}
==================================================
[DEBUG]   Trump Analysis:
[DEBUG]     Probabilities: [0.1286123  0.2846174  0.192817   0.39395332]
[DEBUG]     Predicted trump: S
[DEBUG]     Confidence: 0.3940
[DEBUG]   Opponent Strength Analysis:
[DEBUG]     Opponent 0: 0.4158
[DEBUG]     Opponent 2: 0.4158
[DEBUG]     Opponent 3: 0.4158
[DEBUG]   Void Suit Analysis:
[DEBUG]     Opponent 0 void in: []
[DEBUG]     Opponent 2 void in: []
[DEBUG]     Opponent 3 void in: []
[DEBUG]   Uncertainty: 0.4710
[DEBUG]     Evaluating bid -1 with belief model:
[DEBUG]       Starting score: 0.0
[DEBUG]       1. Trump prediction factor (confidence: 0.3940):
[DEBUG]         Low confidence, no trump factor
[DEBUG]       2. Opponent strength factor (avg: 0.4158):
[DEBUG]         Weak opponents + passing: no bonus
[DEBUG]       3. Void suit factor:
[DEBUG]         Opponent 0: no void suits
[DEBUG]         Opponent 2: no void suits
[DEBUG]         Opponent 3: no void suits
[DEBUG]       4. Uncertainty factor (uncertainty: 0.4710):
[DEBUG]         Low uncertainty, no factor
[DEBUG]       5. Point prediction factor (prediction: -0.011778607964515686):
[DEBUG]         Low predicted points (-0.011778607964515686) when passing: no penalty
[DEBUG]       Final score for bid -1: 0.0000
[DEBUG]     Evaluating bid 17 with belief model:
[DEBUG]       Starting score: 0.0
[DEBUG]       1. Trump prediction factor (confidence: 0.3940):
[DEBUG]         Low confidence, no trump factor
[DEBUG]       2. Opponent strength factor (avg: 0.4158):
[DEBUG]         Weak opponents + bidding: +1.1683
[DEBUG]       3. Void suit factor:
[DEBUG]         Opponent 0: no void suits
[DEBUG]         Opponent 2: no void suits
[DEBUG]         Opponent 3: no void suits
[DEBUG]       4. Uncertainty factor (uncertainty: 0.4710):
[DEBUG]         Low uncertainty, no factor
[DEBUG]       5. Point prediction factor (prediction: -0.011778607964515686):
[DEBUG]         Predicted points (-0.011778607964515686) < bid (17): -2.0000
[DEBUG]       Final score for bid 17: -0.8317
[DEBUG]     Evaluating bid 18 with belief model:
[DEBUG]       Starting score: 0.0
[DEBUG]       1. Trump prediction factor (confidence: 0.3940):
[DEBUG]         Low confidence, no trump factor
[DEBUG]       2. Opponent strength factor (avg: 0.4158):
[DEBUG]         Weak opponents + bidding: +1.1683
[DEBUG]       3. Void suit factor:
[DEBUG]         Opponent 0: no void suits
[DEBUG]         Opponent 2: no void suits
[DEBUG]         Opponent 3: no void suits
[DEBUG]       4. Uncertainty factor (uncertainty: 0.4710):
[DEBUG]         Low uncertainty, no factor
[DEBUG]       5. Point prediction factor (prediction: -0.011778607964515686):
[DEBUG]         Predicted points (-0.011778607964515686) < bid (18): -2.0000
[DEBUG]       Final score for bid 18: -0.8317
[DEBUG]     Evaluating bid 19 with belief model:
[DEBUG]       Starting score: 0.0
[DEBUG]       1. Trump prediction factor (confidence: 0.3940):
[DEBUG]         Low confidence, no trump factor
[DEBUG]       2. Opponent strength factor (avg: 0.4158):
[DEBUG]         Weak opponents + bidding: +1.1683
[DEBUG]       3. Void suit factor:
[DEBUG]         Opponent 0: no void suits
[DEBUG]         Opponent 2: no void suits
[DEBUG]         Opponent 3: no void suits
[DEBUG]       4. Uncertainty factor (uncertainty: 0.4710):
[DEBUG]         Low uncertainty, no factor
[DEBUG]       5. Point prediction factor (prediction: -0.011778607964515686):
[DEBUG]         Predicted points (-0.011778607964515686) < bid (19): -2.0000
[DEBUG]       Final score for bid 19: -0.8317
[DEBUG] BIDDING ANALYSIS - Player 2 (Belief Pro)
[DEBUG]   Bidding hand: ['8H', 'JD', '9S', 'QH']
[DEBUG]   Hand strength: 0.179
[DEBUG]   Current bid: 16
[DEBUG]   Present suits: ['D', 'H', 'S']
[DEBUG]   Point prediction: -0.0 points

=== RAW OUTPUT: Belief Model Outputs - Player 2 ===
{'trump_suit_probs': [0.13065877556800842, 0.25472530722618103, 0.1868489682674408, 0.42776697874069214], 'uncertainty': 0.47308218479156494, 'opponent_hands_shape': {0: torch.Size([1, 32]), 1: torch.Size([1, 32]), 3: torch.Size([1, 32])}, 'void_suits_shape': {0: torch.Size([1, 4]), 1: torch.Size([1, 4]), 3: torch.Size([1, 4])}}
==================================================
[DEBUG]   Trump Analysis:
[DEBUG]     Probabilities: [0.13065878 0.2547253  0.18684897 0.42776698]
[DEBUG]     Predicted trump: S
[DEBUG]     Confidence: 0.4278
[DEBUG]   Opponent Strength Analysis:
[DEBUG]     Opponent 0: 0.4155
[DEBUG]     Opponent 1: 0.4155
[DEBUG]     Opponent 3: 0.4155
[DEBUG]   Void Suit Analysis:
[DEBUG]     Opponent 0 void in: []
[DEBUG]     Opponent 1 void in: []
[DEBUG]     Opponent 3 void in: []
[DEBUG]   Uncertainty: 0.4731
[DEBUG]     Evaluating bid -1 with belief model:
[DEBUG]       Starting score: 0.0
[DEBUG]       1. Trump prediction factor (confidence: 0.4278):
[DEBUG]         Low confidence, no trump factor
[DEBUG]       2. Opponent strength factor (avg: 0.4155):
[DEBUG]         Weak opponents + passing: no bonus
[DEBUG]       3. Void suit factor:
[DEBUG]         Opponent 0: no void suits
[DEBUG]         Opponent 1: no void suits
[DEBUG]         Opponent 3: no void suits
[DEBUG]       4. Uncertainty factor (uncertainty: 0.4731):
[DEBUG]         Low uncertainty, no factor
[DEBUG]       5. Point prediction factor (prediction: -0.012624703347682953):
[DEBUG]         Low predicted points (-0.012624703347682953) when passing: no penalty
[DEBUG]       Final score for bid -1: 0.0000
[DEBUG]     Evaluating bid 17 with belief model:
[DEBUG]       Starting score: 0.0
[DEBUG]       1. Trump prediction factor (confidence: 0.4278):
[DEBUG]         Low confidence, no trump factor
[DEBUG]       2. Opponent strength factor (avg: 0.4155):
[DEBUG]         Weak opponents + bidding: +1.1690
[DEBUG]       3. Void suit factor:
[DEBUG]         Opponent 0: no void suits
[DEBUG]         Opponent 1: no void suits
[DEBUG]         Opponent 3: no void suits
[DEBUG]       4. Uncertainty factor (uncertainty: 0.4731):
[DEBUG]         Low uncertainty, no factor
[DEBUG]       5. Point prediction factor (prediction: -0.012624703347682953):
[DEBUG]         Predicted points (-0.012624703347682953) < bid (17): -2.0000
[DEBUG]       Final score for bid 17: -0.8310
[DEBUG]     Evaluating bid 18 with belief model:
[DEBUG]       Starting score: 0.0
[DEBUG]       1. Trump prediction factor (confidence: 0.4278):
[DEBUG]         Low confidence, no trump factor
[DEBUG]       2. Opponent strength factor (avg: 0.4155):
[DEBUG]         Weak opponents + bidding: +1.1690
[DEBUG]       3. Void suit factor:
[DEBUG]         Opponent 0: no void suits
[DEBUG]         Opponent 1: no void suits
[DEBUG]         Opponent 3: no void suits
[DEBUG]       4. Uncertainty factor (uncertainty: 0.4731):
[DEBUG]         Low uncertainty, no factor
[DEBUG]       5. Point prediction factor (prediction: -0.012624703347682953):
[DEBUG]         Predicted points (-0.012624703347682953) < bid (18): -2.0000
[DEBUG]       Final score for bid 18: -0.8310
[DEBUG]     Evaluating bid 19 with belief model:
[DEBUG]       Starting score: 0.0
[DEBUG]       1. Trump prediction factor (confidence: 0.4278):
[DEBUG]         Low confidence, no trump factor
[DEBUG]       2. Opponent strength factor (avg: 0.4155):
[DEBUG]         Weak opponents + bidding: +1.1690
[DEBUG]       3. Void suit factor:
[DEBUG]         Opponent 0: no void suits
[DEBUG]         Opponent 1: no void suits
[DEBUG]         Opponent 3: no void suits
[DEBUG]       4. Uncertainty factor (uncertainty: 0.4731):
[DEBUG]         Low uncertainty, no factor
[DEBUG]       5. Point prediction factor (prediction: -0.012624703347682953):
[DEBUG]         Predicted points (-0.012624703347682953) < bid (19): -2.0000
[DEBUG]       Final score for bid 19: -0.8310
[DEBUG] TRUMP SELECTION - Player 3 (Belief Champion)
[DEBUG]   Hand: ['9D', 'KC', 'QD', 'KH']
[DEBUG]   Belief model selected trump: D
[DEBUG]       Evaluating card 7H with belief model:
[DEBUG]         Base score from card value: 0
[DEBUG]         1. Trump factor (confidence: 0.6808):
[DEBUG]           Not a high-confidence trump card
[DEBUG]         2. Lead suit factor:
[DEBUG]           No current trick
[DEBUG]         3. Opponent void factor:
[DEBUG]           Opponent 1: no void bonus for H
[DEBUG]           Opponent 2: no void bonus for H
[DEBUG]           Opponent 3: no void bonus for H
[DEBUG]         4. Opponent strength factor (avg: 0.3686):
[DEBUG]           Weak opponents, low card bonus: +1.0000
[DEBUG]         5. Uncertainty factor (uncertainty: 0.4632):
[DEBUG]           Low uncertainty, no uncertainty factor
[DEBUG]         6. Game phase factor (phase: GamePhase.CONCEALED):
[DEBUG]           Concealed phase, but not a high card
[DEBUG]         7. Trick position factor:
[DEBUG]           No current trick
[DEBUG]         Final score for 7H: 1.0000
[DEBUG]       Evaluating card AS with belief model:
[DEBUG]         Base score from card value: 1
[DEBUG]         1. Trump factor (confidence: 0.6808):
[DEBUG]           Not a high-confidence trump card
[DEBUG]         2. Lead suit factor:
[DEBUG]           No current trick
[DEBUG]         3. Opponent void factor:
[DEBUG]           Opponent 1: no void bonus for S
[DEBUG]           Opponent 2: no void bonus for S
[DEBUG]           Opponent 3: no void bonus for S
[DEBUG]         4. Opponent strength factor (avg: 0.3686):
[DEBUG]           Weak opponents, but not a low card
[DEBUG]         5. Uncertainty factor (uncertainty: 0.4632):
[DEBUG]           Low uncertainty, no uncertainty factor
[DEBUG]         6. Game phase factor (phase: GamePhase.CONCEALED):
[DEBUG]           Concealed phase, high card bonus: +1.0000
[DEBUG]         7. Trick position factor:
[DEBUG]           No current trick
[DEBUG]         Final score for AS: 2.0000
[DEBUG]       Evaluating card QS with belief model:
[DEBUG]         Base score from card value: 0
[DEBUG]         1. Trump factor (confidence: 0.6808):
[DEBUG]           Not a high-confidence trump card
[DEBUG]         2. Lead suit factor:
[DEBUG]           No current trick
[DEBUG]         3. Opponent void factor:
[DEBUG]           Opponent 1: no void bonus for S
[DEBUG]           Opponent 2: no void bonus for S
[DEBUG]           Opponent 3: no void bonus for S
[DEBUG]         4. Opponent strength factor (avg: 0.3686):
[DEBUG]           Weak opponents, but not a low card
[DEBUG]         5. Uncertainty factor (uncertainty: 0.4632):
[DEBUG]           Low uncertainty, no uncertainty factor
[DEBUG]         6. Game phase factor (phase: GamePhase.CONCEALED):
[DEBUG]           Concealed phase, but not a high card
[DEBUG]         7. Trick position factor:
[DEBUG]           No current trick
[DEBUG]         Final score for QS: 0.0000
[DEBUG]       Evaluating card AH with belief model:
[DEBUG]         Base score from card value: 1
[DEBUG]         1. Trump factor (confidence: 0.6808):
[DEBUG]           Not a high-confidence trump card
[DEBUG]         2. Lead suit factor:
[DEBUG]           No current trick
[DEBUG]         3. Opponent void factor:
[DEBUG]           Opponent 1: no void bonus for H
[DEBUG]           Opponent 2: no void bonus for H
[DEBUG]           Opponent 3: no void bonus for H
[DEBUG]         4. Opponent strength factor (avg: 0.3686):
[DEBUG]           Weak opponents, but not a low card
[DEBUG]         5. Uncertainty factor (uncertainty: 0.4632):
[DEBUG]           Low uncertainty, no uncertainty factor
[DEBUG]         6. Game phase factor (phase: GamePhase.CONCEALED):
[DEBUG]           Concealed phase, high card bonus: +1.0000
[DEBUG]         7. Trick position factor:
[DEBUG]           No current trick
[DEBUG]         Final score for AH: 2.0000
[DEBUG]       Evaluating card JH with belief model:
[DEBUG]         Base score from card value: 3
[DEBUG]         1. Trump factor (confidence: 0.6808):
[DEBUG]           Not a high-confidence trump card
[DEBUG]         2. Lead suit factor:
[DEBUG]           No current trick
[DEBUG]         3. Opponent void factor:
[DEBUG]           Opponent 1: no void bonus for H
[DEBUG]           Opponent 2: no void bonus for H
[DEBUG]           Opponent 3: no void bonus for H
[DEBUG]         4. Opponent strength factor (avg: 0.3686):
[DEBUG]           Weak opponents, but not a low card
[DEBUG]         5. Uncertainty factor (uncertainty: 0.4632):
[DEBUG]           Low uncertainty, no uncertainty factor
[DEBUG]         6. Game phase factor (phase: GamePhase.CONCEALED):
[DEBUG]           Concealed phase, but not a high card
[DEBUG]         7. Trick position factor:
[DEBUG]           No current trick
[DEBUG]         Final score for JH: 3.0000
[DEBUG]       Evaluating card AC with belief model:
[DEBUG]         Base score from card value: 1
[DEBUG]         1. Trump factor (confidence: 0.6808):
[DEBUG]           Not a high-confidence trump card
[DEBUG]         2. Lead suit factor:
[DEBUG]           No current trick
[DEBUG]         3. Opponent void factor:
[DEBUG]           Opponent 1: no void bonus for C
[DEBUG]           Opponent 2: no void bonus for C
[DEBUG]           Opponent 3: no void bonus for C
[DEBUG]         4. Opponent strength factor (avg: 0.3686):
[DEBUG]           Weak opponents, but not a low card
[DEBUG]         5. Uncertainty factor (uncertainty: 0.4632):
[DEBUG]           Low uncertainty, no uncertainty factor
[DEBUG]         6. Game phase factor (phase: GamePhase.CONCEALED):
[DEBUG]           Concealed phase, high card bonus: +1.0000
[DEBUG]         7. Trick position factor:
[DEBUG]           No current trick
[DEBUG]         Final score for AC: 2.0000
[DEBUG]       Evaluating card 10C with belief model:
[DEBUG]         Base score from card value: 1
[DEBUG]         1. Trump factor (confidence: 0.6808):
[DEBUG]           Not a high-confidence trump card
[DEBUG]         2. Lead suit factor:
[DEBUG]           No current trick
[DEBUG]         3. Opponent void factor:
[DEBUG]           Opponent 1: no void bonus for C
[DEBUG]           Opponent 2: no void bonus for C
[DEBUG]           Opponent 3: no void bonus for C
[DEBUG]         4. Opponent strength factor (avg: 0.3686):
[DEBUG]           Weak opponents, but not a low card
[DEBUG]         5. Uncertainty factor (uncertainty: 0.4632):
[DEBUG]           Low uncertainty, no uncertainty factor
[DEBUG]         6. Game phase factor (phase: GamePhase.CONCEALED):
[DEBUG]           Concealed phase, but not a high card
[DEBUG]         7. Trick position factor:
[DEBUG]           No current trick
[DEBUG]         Final score for 10C: 1.0000
[DEBUG]       Evaluating card 10H with belief model:
[DEBUG]         Base score from card value: 1
[DEBUG]         1. Trump factor (confidence: 0.6650):
[DEBUG]           Not a high-confidence trump card
[DEBUG]         2. Lead suit factor:
[DEBUG]           Lead suit: H
[DEBUG]           Following suit, small bonus: +1.0000
[DEBUG]         3. Opponent void factor:
[DEBUG]           Opponent 0: no void bonus for H
[DEBUG]           Opponent 2: no void bonus for H
[DEBUG]           Opponent 3: no void bonus for H
[DEBUG]         4. Opponent strength factor (avg: 0.3741):
[DEBUG]           Weak opponents, but not a low card
[DEBUG]         5. Uncertainty factor (uncertainty: 0.4642):
[DEBUG]           Low uncertainty, no uncertainty factor
[DEBUG]         6. Game phase factor (phase: GamePhase.CONCEALED):
[DEBUG]           Concealed phase, but not a high card
[DEBUG]         7. Trick position factor:
[DEBUG]           Position in trick: 1
[DEBUG]           Middle position, no position factor
[DEBUG]         Final score for 10H: 2.0000
[DEBUG]       Evaluating card 9H with belief model:
[DEBUG]         Base score from card value: 2
[DEBUG]         1. Trump factor (confidence: 0.6650):
[DEBUG]           Not a high-confidence trump card
[DEBUG]         2. Lead suit factor:
[DEBUG]           Lead suit: H
[DEBUG]           Following suit, small bonus: +1.0000
[DEBUG]         3. Opponent void factor:
[DEBUG]           Opponent 0: no void bonus for H
[DEBUG]           Opponent 2: no void bonus for H
[DEBUG]           Opponent 3: no void bonus for H
[DEBUG]         4. Opponent strength factor (avg: 0.3741):
[DEBUG]           Weak opponents, low card bonus: +1.0000
[DEBUG]         5. Uncertainty factor (uncertainty: 0.4642):
[DEBUG]           Low uncertainty, no uncertainty factor
[DEBUG]         6. Game phase factor (phase: GamePhase.CONCEALED):
[DEBUG]           Concealed phase, but not a high card
[DEBUG]         7. Trick position factor:
[DEBUG]           Position in trick: 1
[DEBUG]           Middle position, no position factor
[DEBUG]         Final score for 9H: 4.0000
[DEBUG]       Evaluating card 8H with belief model:
[DEBUG]         Base score from card value: 0
[DEBUG]         1. Trump factor (confidence: 0.6632):
[DEBUG]           Not a high-confidence trump card
[DEBUG]         2. Lead suit factor:
[DEBUG]           Lead suit: H
[DEBUG]           Following suit, small bonus: +1.0000
[DEBUG]         3. Opponent void factor:
[DEBUG]           Opponent 0: no void bonus for H
[DEBUG]           Opponent 1: no void bonus for H
[DEBUG]           Opponent 3: no void bonus for H
[DEBUG]         4. Opponent strength factor (avg: 0.3741):
[DEBUG]           Weak opponents, low card bonus: +1.0000
[DEBUG]         5. Uncertainty factor (uncertainty: 0.4644):
[DEBUG]           Low uncertainty, no uncertainty factor
[DEBUG]         6. Game phase factor (phase: GamePhase.CONCEALED):
[DEBUG]           Concealed phase, but not a high card
[DEBUG]         7. Trick position factor:
[DEBUG]           Position in trick: 2
[DEBUG]           Middle position, no position factor
[DEBUG]         Final score for 8H: 2.0000
[DEBUG]       Evaluating card QH with belief model:
[DEBUG]         Base score from card value: 0
[DEBUG]         1. Trump factor (confidence: 0.6632):
[DEBUG]           Not a high-confidence trump card
[DEBUG]         2. Lead suit factor:
[DEBUG]           Lead suit: H
[DEBUG]           Following suit, small bonus: +1.0000
[DEBUG]         3. Opponent void factor:
[DEBUG]           Opponent 0: no void bonus for H
[DEBUG]           Opponent 1: no void bonus for H
[DEBUG]           Opponent 3: no void bonus for H
[DEBUG]         4. Opponent strength factor (avg: 0.3741):
[DEBUG]           Weak opponents, but not a low card
[DEBUG]         5. Uncertainty factor (uncertainty: 0.4644):
[DEBUG]           Low uncertainty, no uncertainty factor
[DEBUG]         6. Game phase factor (phase: GamePhase.CONCEALED):
[DEBUG]           Concealed phase, but not a high card
[DEBUG]         7. Trick position factor:
[DEBUG]           Position in trick: 2
[DEBUG]           Middle position, no position factor
[DEBUG]         Final score for QH: 1.0000
[DEBUG]       Evaluating card KH with belief model:
[DEBUG]         Base score from card value: 0
[DEBUG]         1. Trump factor (confidence: 0.6809):
[DEBUG]           Not a high-confidence trump card
[DEBUG]         2. Lead suit factor:
[DEBUG]           Lead suit: H
[DEBUG]           Following suit, small bonus: +1.0000
[DEBUG]         3. Opponent void factor:
[DEBUG]           Opponent 0: no void bonus for H
[DEBUG]           Opponent 1: no void bonus for H
[DEBUG]           Opponent 2: no void bonus for H
[DEBUG]         4. Opponent strength factor (avg: 0.3696):
[DEBUG]           Weak opponents, but not a low card
[DEBUG]         5. Uncertainty factor (uncertainty: 0.4629):
[DEBUG]           Low uncertainty, no uncertainty factor
[DEBUG]         6. Game phase factor (phase: GamePhase.CONCEALED):
[DEBUG]           Concealed phase, high card bonus: +1.0000
[DEBUG]         7. Trick position factor:
[DEBUG]           Position in trick: 3
[DEBUG]           Last to play, but can't win
[DEBUG]         Final score for KH: 2.0000
[DEBUG]       Evaluating card 7H with belief model:
[DEBUG]         Base score from card value: 0
[DEBUG]         1. Trump factor (confidence: 0.6528):
[DEBUG]           Not a high-confidence trump card
[DEBUG]         2. Lead suit factor:
[DEBUG]           No current trick
[DEBUG]         3. Opponent void factor:
[DEBUG]           Opponent 1: no void bonus for H
[DEBUG]           Opponent 2: no void bonus for H
[DEBUG]           Opponent 3: no void bonus for H
[DEBUG]         4. Opponent strength factor (avg: 0.3754):
[DEBUG]           Weak opponents, low card bonus: +1.0000
[DEBUG]         5. Uncertainty factor (uncertainty: 0.4652):
[DEBUG]           Low uncertainty, no uncertainty factor
[DEBUG]         6. Game phase factor (phase: GamePhase.CONCEALED):
[DEBUG]           Concealed phase, but not a high card
[DEBUG]         7. Trick position factor:
[DEBUG]           No current trick
[DEBUG]         Final score for 7H: 1.0000
[DEBUG]       Evaluating card AS with belief model:
[DEBUG]         Base score from card value: 1
[DEBUG]         1. Trump factor (confidence: 0.6528):
[DEBUG]           Not a high-confidence trump card
[DEBUG]         2. Lead suit factor:
[DEBUG]           No current trick
[DEBUG]         3. Opponent void factor:
[DEBUG]           Opponent 1: no void bonus for S
[DEBUG]           Opponent 2: no void bonus for S
[DEBUG]           Opponent 3: no void bonus for S
[DEBUG]         4. Opponent strength factor (avg: 0.3754):
[DEBUG]           Weak opponents, but not a low card
[DEBUG]         5. Uncertainty factor (uncertainty: 0.4652):
[DEBUG]           Low uncertainty, no uncertainty factor
[DEBUG]         6. Game phase factor (phase: GamePhase.CONCEALED):
[DEBUG]           Concealed phase, high card bonus: +1.0000
[DEBUG]         7. Trick position factor:
[DEBUG]           No current trick
[DEBUG]         Final score for AS: 2.0000
[DEBUG]       Evaluating card QS with belief model:
[DEBUG]         Base score from card value: 0
[DEBUG]         1. Trump factor (confidence: 0.6528):
[DEBUG]           Not a high-confidence trump card
[DEBUG]         2. Lead suit factor:
[DEBUG]           No current trick
[DEBUG]         3. Opponent void factor:
[DEBUG]           Opponent 1: no void bonus for S
[DEBUG]           Opponent 2: no void bonus for S
[DEBUG]           Opponent 3: no void bonus for S
[DEBUG]         4. Opponent strength factor (avg: 0.3754):
[DEBUG]           Weak opponents, but not a low card
[DEBUG]         5. Uncertainty factor (uncertainty: 0.4652):
[DEBUG]           Low uncertainty, no uncertainty factor
[DEBUG]         6. Game phase factor (phase: GamePhase.CONCEALED):
[DEBUG]           Concealed phase, but not a high card
[DEBUG]         7. Trick position factor:
[DEBUG]           No current trick
[DEBUG]         Final score for QS: 0.0000
[DEBUG]       Evaluating card AH with belief model:
[DEBUG]         Base score from card value: 1
[DEBUG]         1. Trump factor (confidence: 0.6528):
[DEBUG]           Not a high-confidence trump card
[DEBUG]         2. Lead suit factor:
[DEBUG]           No current trick
[DEBUG]         3. Opponent void factor:
[DEBUG]           Opponent 1: no void bonus for H
[DEBUG]           Opponent 2: no void bonus for H
[DEBUG]           Opponent 3: no void bonus for H
[DEBUG]         4. Opponent strength factor (avg: 0.3754):
[DEBUG]           Weak opponents, but not a low card
[DEBUG]         5. Uncertainty factor (uncertainty: 0.4652):
[DEBUG]           Low uncertainty, no uncertainty factor
[DEBUG]         6. Game phase factor (phase: GamePhase.CONCEALED):
[DEBUG]           Concealed phase, high card bonus: +1.0000
[DEBUG]         7. Trick position factor:
[DEBUG]           No current trick
[DEBUG]         Final score for AH: 2.0000
[DEBUG]       Evaluating card AC with belief model:
[DEBUG]         Base score from card value: 1
[DEBUG]         1. Trump factor (confidence: 0.6528):
[DEBUG]           Not a high-confidence trump card
[DEBUG]         2. Lead suit factor:
[DEBUG]           No current trick
[DEBUG]         3. Opponent void factor:
[DEBUG]           Opponent 1: no void bonus for C
[DEBUG]           Opponent 2: no void bonus for C
[DEBUG]           Opponent 3: no void bonus for C
[DEBUG]         4. Opponent strength factor (avg: 0.3754):
[DEBUG]           Weak opponents, but not a low card
[DEBUG]         5. Uncertainty factor (uncertainty: 0.4652):
[DEBUG]           Low uncertainty, no uncertainty factor
[DEBUG]         6. Game phase factor (phase: GamePhase.CONCEALED):
[DEBUG]           Concealed phase, high card bonus: +1.0000
[DEBUG]         7. Trick position factor:
[DEBUG]           No current trick
[DEBUG]         Final score for AC: 2.0000
[DEBUG]       Evaluating card 10C with belief model:
[DEBUG]         Base score from card value: 1
[DEBUG]         1. Trump factor (confidence: 0.6528):
[DEBUG]           Not a high-confidence trump card
[DEBUG]         2. Lead suit factor:
[DEBUG]           No current trick
[DEBUG]         3. Opponent void factor:
[DEBUG]           Opponent 1: no void bonus for C
[DEBUG]           Opponent 2: no void bonus for C
[DEBUG]           Opponent 3: no void bonus for C
[DEBUG]         4. Opponent strength factor (avg: 0.3754):
[DEBUG]           Weak opponents, but not a low card
[DEBUG]         5. Uncertainty factor (uncertainty: 0.4652):
[DEBUG]           Low uncertainty, no uncertainty factor
[DEBUG]         6. Game phase factor (phase: GamePhase.CONCEALED):
[DEBUG]           Concealed phase, but not a high card
[DEBUG]         7. Trick position factor:
[DEBUG]           No current trick
[DEBUG]         Final score for 10C: 1.0000
[DEBUG]       Evaluating card 8S with belief model:
[DEBUG]         Base score from card value: 0
[DEBUG]         1. Trump factor (confidence: 0.6780):
[DEBUG]           Not a high-confidence trump card
[DEBUG]         2. Lead suit factor:
[DEBUG]           Lead suit: S
[DEBUG]           Following suit, small bonus: +1.0000
[DEBUG]         3. Opponent void factor:
[DEBUG]           Opponent 0: no void bonus for S
[DEBUG]           Opponent 2: no void bonus for S
[DEBUG]           Opponent 3: no void bonus for S
[DEBUG]         4. Opponent strength factor (avg: 0.3713):
[DEBUG]           Weak opponents, low card bonus: +1.0000
[DEBUG]         5. Uncertainty factor (uncertainty: 0.4635):
[DEBUG]           Low uncertainty, no uncertainty factor
[DEBUG]         6. Game phase factor (phase: GamePhase.CONCEALED):
[DEBUG]           Concealed phase, but not a high card
[DEBUG]         7. Trick position factor:
[DEBUG]           Position in trick: 1
[DEBUG]           Middle position, no position factor
[DEBUG]         Final score for 8S: 2.0000
[DEBUG]       Evaluating card 10S with belief model:
[DEBUG]         Base score from card value: 1
[DEBUG]         1. Trump factor (confidence: 0.6780):
[DEBUG]           Not a high-confidence trump card
[DEBUG]         2. Lead suit factor:
[DEBUG]           Lead suit: S
[DEBUG]           Following suit, small bonus: +1.0000
[DEBUG]         3. Opponent void factor:
[DEBUG]           Opponent 0: no void bonus for S
[DEBUG]           Opponent 2: no void bonus for S
[DEBUG]           Opponent 3: no void bonus for S
[DEBUG]         4. Opponent strength factor (avg: 0.3713):
[DEBUG]           Weak opponents, but not a low card
[DEBUG]         5. Uncertainty factor (uncertainty: 0.4635):
[DEBUG]           Low uncertainty, no uncertainty factor
[DEBUG]         6. Game phase factor (phase: GamePhase.CONCEALED):
[DEBUG]           Concealed phase, but not a high card
[DEBUG]         7. Trick position factor:
[DEBUG]           Position in trick: 1
[DEBUG]           Middle position, no position factor
[DEBUG]         Final score for 10S: 2.0000
[DEBUG]       Evaluating card 7S with belief model:
[DEBUG]         Base score from card value: 0
[DEBUG]         1. Trump factor (confidence: 0.6780):
[DEBUG]           Not a high-confidence trump card
[DEBUG]         2. Lead suit factor:
[DEBUG]           Lead suit: S
[DEBUG]           Following suit, small bonus: +1.0000
[DEBUG]         3. Opponent void factor:
[DEBUG]           Opponent 0: no void bonus for S
[DEBUG]           Opponent 2: no void bonus for S
[DEBUG]           Opponent 3: no void bonus for S
[DEBUG]         4. Opponent strength factor (avg: 0.3713):
[DEBUG]           Weak opponents, low card bonus: +1.0000
[DEBUG]         5. Uncertainty factor (uncertainty: 0.4635):
[DEBUG]           Low uncertainty, no uncertainty factor
[DEBUG]         6. Game phase factor (phase: GamePhase.CONCEALED):
[DEBUG]           Concealed phase, but not a high card
[DEBUG]         7. Trick position factor:
[DEBUG]           Position in trick: 1
[DEBUG]           Middle position, no position factor
[DEBUG]         Final score for 7S: 2.0000
[DEBUG]       Evaluating card 9S with belief model:
[DEBUG]         Base score from card value: 2
[DEBUG]         1. Trump factor (confidence: 0.6728):
[DEBUG]           Not a high-confidence trump card
[DEBUG]         2. Lead suit factor:
[DEBUG]           Lead suit: S
[DEBUG]           Can win the trick! Bonus: +5.0000
[DEBUG]         3. Opponent void factor:
[DEBUG]           Opponent 0: no void bonus for S
[DEBUG]           Opponent 1: no void bonus for S
[DEBUG]           Opponent 3: no void bonus for S
[DEBUG]         4. Opponent strength factor (avg: 0.3704):
[DEBUG]           Weak opponents, low card bonus: +1.0000
[DEBUG]         5. Uncertainty factor (uncertainty: 0.4632):
[DEBUG]           Low uncertainty, no uncertainty factor
[DEBUG]         6. Game phase factor (phase: GamePhase.CONCEALED):
[DEBUG]           Concealed phase, but not a high card
[DEBUG]         7. Trick position factor:
[DEBUG]           Position in trick: 2
[DEBUG]           Middle position, no position factor
[DEBUG]         Final score for 9S: 8.0000
[DEBUG]       Evaluating card JS with belief model:
[DEBUG]         Base score from card value: 3
[DEBUG]         1. Trump factor (confidence: 0.6728):
[DEBUG]           Not a high-confidence trump card
[DEBUG]         2. Lead suit factor:
[DEBUG]           Lead suit: S
[DEBUG]           Can win the trick! Bonus: +5.0000
[DEBUG]         3. Opponent void factor:
[DEBUG]           Opponent 0: no void bonus for S
[DEBUG]           Opponent 1: no void bonus for S
[DEBUG]           Opponent 3: no void bonus for S
[DEBUG]         4. Opponent strength factor (avg: 0.3704):
[DEBUG]           Weak opponents, but not a low card
[DEBUG]         5. Uncertainty factor (uncertainty: 0.4632):
[DEBUG]           Low uncertainty, no uncertainty factor
[DEBUG]         6. Game phase factor (phase: GamePhase.CONCEALED):
[DEBUG]           Concealed phase, but not a high card
[DEBUG]         7. Trick position factor:
[DEBUG]           Position in trick: 2
[DEBUG]           Middle position, no position factor
[DEBUG]         Final score for JS: 8.0000
[DEBUG]       Evaluating card KS with belief model:
[DEBUG]         Base score from card value: 0
[DEBUG]         1. Trump factor (confidence: 0.6954):
[DEBUG]           Not a high-confidence trump card
[DEBUG]         2. Lead suit factor:
[DEBUG]           Lead suit: S
[DEBUG]           Following suit, small bonus: +1.0000
[DEBUG]         3. Opponent void factor:
[DEBUG]           Opponent 0: no void bonus for S
[DEBUG]           Opponent 1: no void bonus for S
[DEBUG]           Opponent 2: no void bonus for S
[DEBUG]         4. Opponent strength factor (avg: 0.3669):
[DEBUG]           Weak opponents, but not a low card
[DEBUG]         5. Uncertainty factor (uncertainty: 0.4619):
[DEBUG]           Low uncertainty, no uncertainty factor
[DEBUG]         6. Game phase factor (phase: GamePhase.CONCEALED):
[DEBUG]           Concealed phase, high card bonus: +1.0000
[DEBUG]         7. Trick position factor:
[DEBUG]           Position in trick: 3
[DEBUG]           Last to play, but can't win
[DEBUG]         Final score for KS: 2.0000
[DEBUG]       Evaluating card 7H with belief model:
[DEBUG]         Base score from card value: 0
[DEBUG]         1. Trump factor (confidence: 0.6672):
[DEBUG]           Not a high-confidence trump card
[DEBUG]         2. Lead suit factor:
[DEBUG]           No current trick
[DEBUG]         3. Opponent void factor:
[DEBUG]           Opponent 1: no void bonus for H
[DEBUG]           Opponent 2: no void bonus for H
[DEBUG]           Opponent 3: no void bonus for H
[DEBUG]         4. Opponent strength factor (avg: 0.3722):
[DEBUG]           Weak opponents, low card bonus: +1.0000
[DEBUG]         5. Uncertainty factor (uncertainty: 0.4637):
[DEBUG]           Low uncertainty, no uncertainty factor
[DEBUG]         6. Game phase factor (phase: GamePhase.CONCEALED):
[DEBUG]           Concealed phase, but not a high card
[DEBUG]         7. Trick position factor:
[DEBUG]           No current trick
[DEBUG]         Final score for 7H: 1.0000
[DEBUG]       Evaluating card QS with belief model:
[DEBUG]         Base score from card value: 0
[DEBUG]         1. Trump factor (confidence: 0.6672):
[DEBUG]           Not a high-confidence trump card
[DEBUG]         2. Lead suit factor:
[DEBUG]           No current trick
[DEBUG]         3. Opponent void factor:
[DEBUG]           Opponent 1: no void bonus for S
[DEBUG]           Opponent 2: no void bonus for S
[DEBUG]           Opponent 3: no void bonus for S
[DEBUG]         4. Opponent strength factor (avg: 0.3722):
[DEBUG]           Weak opponents, but not a low card
[DEBUG]         5. Uncertainty factor (uncertainty: 0.4637):
[DEBUG]           Low uncertainty, no uncertainty factor
[DEBUG]         6. Game phase factor (phase: GamePhase.CONCEALED):
[DEBUG]           Concealed phase, but not a high card
[DEBUG]         7. Trick position factor:
[DEBUG]           No current trick
[DEBUG]         Final score for QS: 0.0000
[DEBUG]       Evaluating card AH with belief model:
[DEBUG]         Base score from card value: 1
[DEBUG]         1. Trump factor (confidence: 0.6672):
[DEBUG]           Not a high-confidence trump card
[DEBUG]         2. Lead suit factor:
[DEBUG]           No current trick
[DEBUG]         3. Opponent void factor:
[DEBUG]           Opponent 1: no void bonus for H
[DEBUG]           Opponent 2: no void bonus for H
[DEBUG]           Opponent 3: no void bonus for H
[DEBUG]         4. Opponent strength factor (avg: 0.3722):
[DEBUG]           Weak opponents, but not a low card
[DEBUG]         5. Uncertainty factor (uncertainty: 0.4637):
[DEBUG]           Low uncertainty, no uncertainty factor
[DEBUG]         6. Game phase factor (phase: GamePhase.CONCEALED):
[DEBUG]           Concealed phase, high card bonus: +1.0000
[DEBUG]         7. Trick position factor:
[DEBUG]           No current trick
[DEBUG]         Final score for AH: 2.0000
[DEBUG]       Evaluating card AC with belief model:
[DEBUG]         Base score from card value: 1
[DEBUG]         1. Trump factor (confidence: 0.6672):
[DEBUG]           Not a high-confidence trump card
[DEBUG]         2. Lead suit factor:
[DEBUG]           No current trick
[DEBUG]         3. Opponent void factor:
[DEBUG]           Opponent 1: no void bonus for C
[DEBUG]           Opponent 2: no void bonus for C
[DEBUG]           Opponent 3: no void bonus for C
[DEBUG]         4. Opponent strength factor (avg: 0.3722):
[DEBUG]           Weak opponents, but not a low card
[DEBUG]         5. Uncertainty factor (uncertainty: 0.4637):
[DEBUG]           Low uncertainty, no uncertainty factor
[DEBUG]         6. Game phase factor (phase: GamePhase.CONCEALED):
[DEBUG]           Concealed phase, high card bonus: +1.0000
[DEBUG]         7. Trick position factor:
[DEBUG]           No current trick
[DEBUG]         Final score for AC: 2.0000
[DEBUG]       Evaluating card 10C with belief model:
[DEBUG]         Base score from card value: 1
[DEBUG]         1. Trump factor (confidence: 0.6672):
[DEBUG]           Not a high-confidence trump card
[DEBUG]         2. Lead suit factor:
[DEBUG]           No current trick
[DEBUG]         3. Opponent void factor:
[DEBUG]           Opponent 1: no void bonus for C
[DEBUG]           Opponent 2: no void bonus for C
[DEBUG]           Opponent 3: no void bonus for C
[DEBUG]         4. Opponent strength factor (avg: 0.3722):
[DEBUG]           Weak opponents, but not a low card
[DEBUG]         5. Uncertainty factor (uncertainty: 0.4637):
[DEBUG]           Low uncertainty, no uncertainty factor
[DEBUG]         6. Game phase factor (phase: GamePhase.CONCEALED):
[DEBUG]           Concealed phase, but not a high card
[DEBUG]         7. Trick position factor:
[DEBUG]           No current trick
[DEBUG]         Final score for 10C: 1.0000
[DEBUG]       Evaluating card 10H with belief model:
[DEBUG]         Base score from card value: 1
[DEBUG]         1. Trump factor (confidence: 0.6941):
[DEBUG]           Not a high-confidence trump card
[DEBUG]         2. Lead suit factor:
[DEBUG]           Lead suit: H
[DEBUG]           Following suit, small bonus: +1.0000
[DEBUG]         3. Opponent void factor:
[DEBUG]           Opponent 0: no void bonus for H
[DEBUG]           Opponent 2: no void bonus for H
[DEBUG]           Opponent 3: no void bonus for H
[DEBUG]         4. Opponent strength factor (avg: 0.3691):
[DEBUG]           Weak opponents, but not a low card
[DEBUG]         5. Uncertainty factor (uncertainty: 0.4619):
[DEBUG]           Low uncertainty, no uncertainty factor
[DEBUG]         6. Game phase factor (phase: GamePhase.CONCEALED):
[DEBUG]           Concealed phase, but not a high card
[DEBUG]         7. Trick position factor:
[DEBUG]           Position in trick: 1
[DEBUG]           Middle position, no position factor
[DEBUG]         Final score for 10H: 2.0000
[DEBUG]       Evaluating card QH with belief model:
[DEBUG]         Base score from card value: 0
[DEBUG]         1. Trump factor (confidence: 0.6481):
[DEBUG]           Not a high-confidence trump card
[DEBUG]         2. Lead suit factor:
[DEBUG]           Lead suit: H
[DEBUG]           Following suit, small bonus: +1.0000
[DEBUG]         3. Opponent void factor:
[DEBUG]           Opponent 0: no void bonus for H
[DEBUG]           Opponent 1: no void bonus for H
[DEBUG]           Opponent 3: no void bonus for H
[DEBUG]         4. Opponent strength factor (avg: 0.3737):
[DEBUG]           Weak opponents, but not a low card
[DEBUG]         5. Uncertainty factor (uncertainty: 0.4640):
[DEBUG]           Low uncertainty, no uncertainty factor
[DEBUG]         6. Game phase factor (phase: GamePhase.CONCEALED):
[DEBUG]           Concealed phase, but not a high card
[DEBUG]         7. Trick position factor:
[DEBUG]           Position in trick: 2
[DEBUG]           Middle position, no position factor
[DEBUG]         Final score for QH: 1.0000
[DEBUG]       Evaluating card KC with belief model:
[DEBUG]         Base score from card value: 0
[DEBUG]         1. Trump factor (confidence: 0.6699):
[DEBUG]           Not a high-confidence trump card
[DEBUG]         2. Lead suit factor:
[DEBUG]           Lead suit: H
[DEBUG]           Void in H, discard bonus: +0.5000
[DEBUG]         3. Opponent void factor:
[DEBUG]           Opponent 0: no void bonus for C
[DEBUG]           Opponent 1: no void bonus for C
[DEBUG]           Opponent 2: no void bonus for C
[DEBUG]         4. Opponent strength factor (avg: 0.3728):
[DEBUG]           Weak opponents, but not a low card
[DEBUG]         5. Uncertainty factor (uncertainty: 0.4622):
[DEBUG]           Low uncertainty, no uncertainty factor
[DEBUG]         6. Game phase factor (phase: GamePhase.CONCEALED):
[DEBUG]           Concealed phase, high card bonus: +1.0000
[DEBUG]         7. Trick position factor:
[DEBUG]           Position in trick: 3
[DEBUG]           Last to play, but can't win
[DEBUG]         Final score for KC: 1.5000
[DEBUG]       Evaluating card QD with belief model:
[DEBUG]         Base score from card value: 0
[DEBUG]         1. Trump factor (confidence: 0.6699):
[DEBUG]           Not a high-confidence trump card
[DEBUG]         2. Lead suit factor:
[DEBUG]           Lead suit: H
[DEBUG]           Void in H, trump bonus: +3.0000
[DEBUG]         3. Opponent void factor:
[DEBUG]           Opponent 0: no void bonus for D
[DEBUG]           Opponent 1: no void bonus for D
[DEBUG]           Opponent 2: no void bonus for D
[DEBUG]         4. Opponent strength factor (avg: 0.3728):
[DEBUG]           Weak opponents, but not a low card
[DEBUG]         5. Uncertainty factor (uncertainty: 0.4622):
[DEBUG]           Low uncertainty, no uncertainty factor
[DEBUG]         6. Game phase factor (phase: GamePhase.CONCEALED):
[DEBUG]           Concealed phase, but not a high card
[DEBUG]         7. Trick position factor:
[DEBUG]           Position in trick: 3
[DEBUG]           Last to play, but can't win
[DEBUG]         Final score for QD: 3.0000
[DEBUG]       Evaluating card QC with belief model:
[DEBUG]         Base score from card value: 0
[DEBUG]         1. Trump factor (confidence: 0.6699):
[DEBUG]           Not a high-confidence trump card
[DEBUG]         2. Lead suit factor:
[DEBUG]           Lead suit: H
[DEBUG]           Void in H, discard bonus: +0.5000
[DEBUG]         3. Opponent void factor:
[DEBUG]           Opponent 0: no void bonus for C
[DEBUG]           Opponent 1: no void bonus for C
[DEBUG]           Opponent 2: no void bonus for C
[DEBUG]         4. Opponent strength factor (avg: 0.3728):
[DEBUG]           Weak opponents, but not a low card
[DEBUG]         5. Uncertainty factor (uncertainty: 0.4622):
[DEBUG]           Low uncertainty, no uncertainty factor
[DEBUG]         6. Game phase factor (phase: GamePhase.CONCEALED):
[DEBUG]           Concealed phase, but not a high card
[DEBUG]         7. Trick position factor:
[DEBUG]           Position in trick: 3
[DEBUG]           Last to play, but can't win
[DEBUG]         Final score for QC: 0.5000
[DEBUG]       Evaluating card 8C with belief model:
[DEBUG]         Base score from card value: 0
[DEBUG]         1. Trump factor (confidence: 0.6699):
[DEBUG]           Not a high-confidence trump card
[DEBUG]         2. Lead suit factor:
[DEBUG]           Lead suit: H
[DEBUG]           Void in H, discard bonus: +0.5000
[DEBUG]         3. Opponent void factor:
[DEBUG]           Opponent 0: no void bonus for C
[DEBUG]           Opponent 1: no void bonus for C
[DEBUG]           Opponent 2: no void bonus for C
[DEBUG]         4. Opponent strength factor (avg: 0.3728):
[DEBUG]           Weak opponents, low card bonus: +1.0000
[DEBUG]         5. Uncertainty factor (uncertainty: 0.4622):
[DEBUG]           Low uncertainty, no uncertainty factor
[DEBUG]         6. Game phase factor (phase: GamePhase.CONCEALED):
[DEBUG]           Concealed phase, but not a high card
[DEBUG]         7. Trick position factor:
[DEBUG]           Position in trick: 3
[DEBUG]           Last to play, but can't win
[DEBUG]         Final score for 8C: 1.5000
[DEBUG]       Evaluating card JC with belief model:
[DEBUG]         Base score from card value: 3
[DEBUG]         1. Trump factor (confidence: 0.6699):
[DEBUG]           Not a high-confidence trump card
[DEBUG]         2. Lead suit factor:
[DEBUG]           Lead suit: H
[DEBUG]           Void in H, discard bonus: +0.5000
[DEBUG]         3. Opponent void factor:
[DEBUG]           Opponent 0: no void bonus for C
[DEBUG]           Opponent 1: no void bonus for C
[DEBUG]           Opponent 2: no void bonus for C
[DEBUG]         4. Opponent strength factor (avg: 0.3728):
[DEBUG]           Weak opponents, but not a low card
[DEBUG]         5. Uncertainty factor (uncertainty: 0.4622):
[DEBUG]           Low uncertainty, no uncertainty factor
[DEBUG]         6. Game phase factor (phase: GamePhase.CONCEALED):
[DEBUG]           Concealed phase, but not a high card
[DEBUG]         7. Trick position factor:
[DEBUG]           Position in trick: 3
[DEBUG]           Can win the trick! Bonus: +4.0000
[DEBUG]         Final score for JC: 7.5000
[DEBUG]       Evaluating card 7H with belief model:
[DEBUG]         Base score from card value: 0
[DEBUG]         1. Trump factor (confidence: 0.6396):
[DEBUG]           Not a high-confidence trump card
[DEBUG]         2. Lead suit factor:
[DEBUG]           No current trick
[DEBUG]         3. Opponent void factor:
[DEBUG]           Opponent 1: no void bonus for H
[DEBUG]           Opponent 2: no void bonus for H
[DEBUG]           Opponent 3: no void bonus for H
[DEBUG]         4. Opponent strength factor (avg: 0.3694):
[DEBUG]           Weak opponents, low card bonus: +1.0000
[DEBUG]         5. Uncertainty factor (uncertainty: 0.4641):
[DEBUG]           Low uncertainty, no uncertainty factor
[DEBUG]         6. Game phase factor (phase: GamePhase.CONCEALED):
[DEBUG]           Concealed phase, but not a high card
[DEBUG]         7. Trick position factor:
[DEBUG]           No current trick
[DEBUG]         Final score for 7H: 1.0000
[DEBUG]       Evaluating card QS with belief model:
[DEBUG]         Base score from card value: 0
[DEBUG]         1. Trump factor (confidence: 0.6396):
[DEBUG]           Not a high-confidence trump card
[DEBUG]         2. Lead suit factor:
[DEBUG]           No current trick
[DEBUG]         3. Opponent void factor:
[DEBUG]           Opponent 1: no void bonus for S
[DEBUG]           Opponent 2: no void bonus for S
[DEBUG]           Opponent 3: no void bonus for S
[DEBUG]         4. Opponent strength factor (avg: 0.3694):
[DEBUG]           Weak opponents, but not a low card
[DEBUG]         5. Uncertainty factor (uncertainty: 0.4641):
[DEBUG]           Low uncertainty, no uncertainty factor
[DEBUG]         6. Game phase factor (phase: GamePhase.CONCEALED):
[DEBUG]           Concealed phase, but not a high card
[DEBUG]         7. Trick position factor:
[DEBUG]           No current trick
[DEBUG]         Final score for QS: 0.0000
[DEBUG]       Evaluating card AC with belief model:
[DEBUG]         Base score from card value: 1
[DEBUG]         1. Trump factor (confidence: 0.6396):
[DEBUG]           Not a high-confidence trump card
[DEBUG]         2. Lead suit factor:
[DEBUG]           No current trick
[DEBUG]         3. Opponent void factor:
[DEBUG]           Opponent 1: no void bonus for C
[DEBUG]           Opponent 2: no void bonus for C
[DEBUG]           Opponent 3: no void bonus for C
[DEBUG]         4. Opponent strength factor (avg: 0.3694):
[DEBUG]           Weak opponents, but not a low card
[DEBUG]         5. Uncertainty factor (uncertainty: 0.4641):
[DEBUG]           Low uncertainty, no uncertainty factor
[DEBUG]         6. Game phase factor (phase: GamePhase.CONCEALED):
[DEBUG]           Concealed phase, high card bonus: +1.0000
[DEBUG]         7. Trick position factor:
[DEBUG]           No current trick
[DEBUG]         Final score for AC: 2.0000
[DEBUG]       Evaluating card 10C with belief model:
[DEBUG]         Base score from card value: 1
[DEBUG]         1. Trump factor (confidence: 0.6396):
[DEBUG]           Not a high-confidence trump card
[DEBUG]         2. Lead suit factor:
[DEBUG]           No current trick
[DEBUG]         3. Opponent void factor:
[DEBUG]           Opponent 1: no void bonus for C
[DEBUG]           Opponent 2: no void bonus for C
[DEBUG]           Opponent 3: no void bonus for C
[DEBUG]         4. Opponent strength factor (avg: 0.3694):
[DEBUG]           Weak opponents, but not a low card
[DEBUG]         5. Uncertainty factor (uncertainty: 0.4641):
[DEBUG]           Low uncertainty, no uncertainty factor
[DEBUG]         6. Game phase factor (phase: GamePhase.CONCEALED):
[DEBUG]           Concealed phase, but not a high card
[DEBUG]         7. Trick position factor:
[DEBUG]           No current trick
[DEBUG]         Final score for 10C: 1.0000
[DEBUG]       Evaluating card 7C with belief model:
[DEBUG]         Base score from card value: 0
[DEBUG]         1. Trump factor (confidence: 0.6695):
[DEBUG]           Not a high-confidence trump card
[DEBUG]         2. Lead suit factor:
[DEBUG]           Lead suit: C
[DEBUG]           Following suit, small bonus: +1.0000
[DEBUG]         3. Opponent void factor:
[DEBUG]           Opponent 0: no void bonus for C
[DEBUG]           Opponent 2: no void bonus for C
[DEBUG]           Opponent 3: no void bonus for C
[DEBUG]         4. Opponent strength factor (avg: 0.3691):
[DEBUG]           Weak opponents, low card bonus: +1.0000
[DEBUG]         5. Uncertainty factor (uncertainty: 0.4617):
[DEBUG]           Low uncertainty, no uncertainty factor
[DEBUG]         6. Game phase factor (phase: GamePhase.CONCEALED):
[DEBUG]           Concealed phase, but not a high card
[DEBUG]         7. Trick position factor:
[DEBUG]           Position in trick: 1
[DEBUG]           Middle position, no position factor
[DEBUG]         Final score for 7C: 2.0000
[DEBUG]       Evaluating card 9C with belief model:
[DEBUG]         Base score from card value: 2
[DEBUG]         1. Trump factor (confidence: 0.6609):
[DEBUG]           Not a high-confidence trump card
[DEBUG]         2. Lead suit factor:
[DEBUG]           Lead suit: C
[DEBUG]           Can win the trick! Bonus: +5.0000
[DEBUG]         3. Opponent void factor:
[DEBUG]           Opponent 0: no void bonus for C
[DEBUG]           Opponent 1: no void bonus for C
[DEBUG]           Opponent 3: no void bonus for C
[DEBUG]         4. Opponent strength factor (avg: 0.3687):
[DEBUG]           Weak opponents, low card bonus: +1.0000
[DEBUG]         5. Uncertainty factor (uncertainty: 0.4617):
[DEBUG]           Low uncertainty, no uncertainty factor
[DEBUG]         6. Game phase factor (phase: GamePhase.CONCEALED):
[DEBUG]           Concealed phase, but not a high card
[DEBUG]         7. Trick position factor:
[DEBUG]           Position in trick: 2
[DEBUG]           Middle position, no position factor
[DEBUG]         Final score for 9C: 8.0000
[DEBUG]       Evaluating card KC with belief model:
[DEBUG]         Base score from card value: 0
[DEBUG]         1. Trump factor (confidence: 0.6857):
[DEBUG]           Not a high-confidence trump card
[DEBUG]         2. Lead suit factor:
[DEBUG]           Lead suit: C
[DEBUG]           Following suit, small bonus: +1.0000
[DEBUG]         3. Opponent void factor:
[DEBUG]           Opponent 0: no void bonus for C
[DEBUG]           Opponent 1: no void bonus for C
[DEBUG]           Opponent 2: no void bonus for C
[DEBUG]         4. Opponent strength factor (avg: 0.3663):
[DEBUG]           Weak opponents, but not a low card
[DEBUG]         5. Uncertainty factor (uncertainty: 0.4585):
[DEBUG]           Low uncertainty, no uncertainty factor
[DEBUG]         6. Game phase factor (phase: GamePhase.CONCEALED):
[DEBUG]           Concealed phase, high card bonus: +1.0000
[DEBUG]         7. Trick position factor:
[DEBUG]           Position in trick: 3
[DEBUG]           Last to play, but can't win
[DEBUG]         Final score for KC: 2.0000
[DEBUG]       Evaluating card QC with belief model:
[DEBUG]         Base score from card value: 0
[DEBUG]         1. Trump factor (confidence: 0.6857):
[DEBUG]           Not a high-confidence trump card
[DEBUG]         2. Lead suit factor:
[DEBUG]           Lead suit: C
[DEBUG]           Following suit, small bonus: +1.0000
[DEBUG]         3. Opponent void factor:
[DEBUG]           Opponent 0: no void bonus for C
[DEBUG]           Opponent 1: no void bonus for C
[DEBUG]           Opponent 2: no void bonus for C
[DEBUG]         4. Opponent strength factor (avg: 0.3663):
[DEBUG]           Weak opponents, but not a low card
[DEBUG]         5. Uncertainty factor (uncertainty: 0.4585):
[DEBUG]           Low uncertainty, no uncertainty factor
[DEBUG]         6. Game phase factor (phase: GamePhase.CONCEALED):
[DEBUG]           Concealed phase, but not a high card
[DEBUG]         7. Trick position factor:
[DEBUG]           Position in trick: 3
[DEBUG]           Last to play, but can't win
[DEBUG]         Final score for QC: 1.0000
[DEBUG]       Evaluating card 8C with belief model:
[DEBUG]         Base score from card value: 0
[DEBUG]         1. Trump factor (confidence: 0.6857):
[DEBUG]           Not a high-confidence trump card
[DEBUG]         2. Lead suit factor:
[DEBUG]           Lead suit: C
[DEBUG]           Following suit, small bonus: +1.0000
[DEBUG]         3. Opponent void factor:
[DEBUG]           Opponent 0: no void bonus for C
[DEBUG]           Opponent 1: no void bonus for C
[DEBUG]           Opponent 2: no void bonus for C
[DEBUG]         4. Opponent strength factor (avg: 0.3663):
[DEBUG]           Weak opponents, low card bonus: +1.0000
[DEBUG]         5. Uncertainty factor (uncertainty: 0.4585):
[DEBUG]           Low uncertainty, no uncertainty factor
[DEBUG]         6. Game phase factor (phase: GamePhase.CONCEALED):
[DEBUG]           Concealed phase, but not a high card
[DEBUG]         7. Trick position factor:
[DEBUG]           Position in trick: 3
[DEBUG]           Last to play, but can't win
[DEBUG]         Final score for 8C: 2.0000
[DEBUG]       Evaluating card 7H with belief model:
[DEBUG]         Base score from card value: 0
[DEBUG]         1. Trump factor (confidence: 0.6592):
[DEBUG]           Not a high-confidence trump card
[DEBUG]         2. Lead suit factor:
[DEBUG]           No current trick
[DEBUG]         3. Opponent void factor:
[DEBUG]           Opponent 1: no void bonus for H
[DEBUG]           Opponent 2: no void bonus for H
[DEBUG]           Opponent 3: no void bonus for H
[DEBUG]         4. Opponent strength factor (avg: 0.3630):
[DEBUG]           Weak opponents, low card bonus: +1.0000
[DEBUG]         5. Uncertainty factor (uncertainty: 0.4593):
[DEBUG]           Low uncertainty, no uncertainty factor
[DEBUG]         6. Game phase factor (phase: GamePhase.CONCEALED):
[DEBUG]           Concealed phase, but not a high card
[DEBUG]         7. Trick position factor:
[DEBUG]           No current trick
[DEBUG]         Final score for 7H: 1.0000
[DEBUG]       Evaluating card QS with belief model:
[DEBUG]         Base score from card value: 0
[DEBUG]         1. Trump factor (confidence: 0.6592):
[DEBUG]           Not a high-confidence trump card
[DEBUG]         2. Lead suit factor:
[DEBUG]           No current trick
[DEBUG]         3. Opponent void factor:
[DEBUG]           Opponent 1: no void bonus for S
[DEBUG]           Opponent 2: no void bonus for S
[DEBUG]           Opponent 3: no void bonus for S
[DEBUG]         4. Opponent strength factor (avg: 0.3630):
[DEBUG]           Weak opponents, but not a low card
[DEBUG]         5. Uncertainty factor (uncertainty: 0.4593):
[DEBUG]           Low uncertainty, no uncertainty factor
[DEBUG]         6. Game phase factor (phase: GamePhase.CONCEALED):
[DEBUG]           Concealed phase, but not a high card
[DEBUG]         7. Trick position factor:
[DEBUG]           No current trick
[DEBUG]         Final score for QS: 0.0000
[DEBUG]       Evaluating card 10C with belief model:
[DEBUG]         Base score from card value: 1
[DEBUG]         1. Trump factor (confidence: 0.6592):
[DEBUG]           Not a high-confidence trump card
[DEBUG]         2. Lead suit factor:
[DEBUG]           No current trick
[DEBUG]         3. Opponent void factor:
[DEBUG]           Opponent 1: no void bonus for C
[DEBUG]           Opponent 2: no void bonus for C
[DEBUG]           Opponent 3: no void bonus for C
[DEBUG]         4. Opponent strength factor (avg: 0.3630):
[DEBUG]           Weak opponents, but not a low card
[DEBUG]         5. Uncertainty factor (uncertainty: 0.4593):
[DEBUG]           Low uncertainty, no uncertainty factor
[DEBUG]         6. Game phase factor (phase: GamePhase.CONCEALED):
[DEBUG]           Concealed phase, but not a high card
[DEBUG]         7. Trick position factor:
[DEBUG]           No current trick
[DEBUG]         Final score for 10C: 1.0000
[DEBUG]       Evaluating card KD with belief model:
[DEBUG]         Base score from card value: 0
[DEBUG]         1. Trump factor (confidence: 0.6841):
[DEBUG]           Not a high-confidence trump card
[DEBUG]         2. Lead suit factor:
[DEBUG]           Lead suit: H
[DEBUG]           Void in H, trump bonus: +3.0000
[DEBUG]         3. Opponent void factor:
[DEBUG]           Opponent 0: no void bonus for D
[DEBUG]           Opponent 2: no void bonus for D
[DEBUG]           Opponent 3: no void bonus for D
[DEBUG]         4. Opponent strength factor (avg: 0.3599):
[DEBUG]           Weak opponents, but not a low card
[DEBUG]         5. Uncertainty factor (uncertainty: 0.4561):
[DEBUG]           Low uncertainty, no uncertainty factor
[DEBUG]         6. Game phase factor (phase: GamePhase.CONCEALED):
[DEBUG]           Concealed phase, high card bonus: +1.0000
[DEBUG]         7. Trick position factor:
[DEBUG]           Position in trick: 1
[DEBUG]           Middle position, no position factor
[DEBUG]         Final score for KD: 4.0000
[DEBUG]       Evaluating card 10S with belief model:
[DEBUG]         Base score from card value: 1
[DEBUG]         1. Trump factor (confidence: 0.6841):
[DEBUG]           Not a high-confidence trump card
[DEBUG]         2. Lead suit factor:
[DEBUG]           Lead suit: H
[DEBUG]           Void in H, discard bonus: +0.5000
[DEBUG]         3. Opponent void factor:
[DEBUG]           Opponent 0: no void bonus for S
[DEBUG]           Opponent 2: no void bonus for S
[DEBUG]           Opponent 3: no void bonus for S
[DEBUG]         4. Opponent strength factor (avg: 0.3599):
[DEBUG]           Weak opponents, but not a low card
[DEBUG]         5. Uncertainty factor (uncertainty: 0.4561):
[DEBUG]           Low uncertainty, no uncertainty factor
[DEBUG]         6. Game phase factor (phase: GamePhase.CONCEALED):
[DEBUG]           Concealed phase, but not a high card
[DEBUG]         7. Trick position factor:
[DEBUG]           Position in trick: 1
[DEBUG]           Middle position, no position factor
[DEBUG]         Final score for 10S: 1.5000
[DEBUG]       Evaluating card 7S with belief model:
[DEBUG]         Base score from card value: 0
[DEBUG]         1. Trump factor (confidence: 0.6841):
[DEBUG]           Not a high-confidence trump card
[DEBUG]         2. Lead suit factor:
[DEBUG]           Lead suit: H
[DEBUG]           Void in H, discard bonus: +0.5000
[DEBUG]         3. Opponent void factor:
[DEBUG]           Opponent 0: no void bonus for S
[DEBUG]           Opponent 2: no void bonus for S
[DEBUG]           Opponent 3: no void bonus for S
[DEBUG]         4. Opponent strength factor (avg: 0.3599):
[DEBUG]           Weak opponents, low card bonus: +1.0000
[DEBUG]         5. Uncertainty factor (uncertainty: 0.4561):
[DEBUG]           Low uncertainty, no uncertainty factor
[DEBUG]         6. Game phase factor (phase: GamePhase.CONCEALED):
[DEBUG]           Concealed phase, but not a high card
[DEBUG]         7. Trick position factor:
[DEBUG]           Position in trick: 1
[DEBUG]           Middle position, no position factor
[DEBUG]         Final score for 7S: 1.5000
[DEBUG]       Evaluating card 8D with belief model:
[DEBUG]         Base score from card value: 0
[DEBUG]         1. Trump factor (confidence: 0.6841):
[DEBUG]           Not a high-confidence trump card
[DEBUG]         2. Lead suit factor:
[DEBUG]           Lead suit: H
[DEBUG]           Void in H, trump bonus: +3.0000
[DEBUG]         3. Opponent void factor:
[DEBUG]           Opponent 0: no void bonus for D
[DEBUG]           Opponent 2: no void bonus for D
[DEBUG]           Opponent 3: no void bonus for D
[DEBUG]         4. Opponent strength factor (avg: 0.3599):
[DEBUG]           Weak opponents, low card bonus: +1.0000
[DEBUG]         5. Uncertainty factor (uncertainty: 0.4561):
[DEBUG]           Low uncertainty, no uncertainty factor
[DEBUG]         6. Game phase factor (phase: GamePhase.CONCEALED):
[DEBUG]           Concealed phase, but not a high card
[DEBUG]         7. Trick position factor:
[DEBUG]           Position in trick: 1
[DEBUG]           Middle position, no position factor
[DEBUG]         Final score for 8D: 4.0000
[DEBUG] TRUMP REVEALED!
[DEBUG]   Player 1 revealed trump D
[DEBUG]   Trick number: 5
[DEBUG]   Card played: KD
[DEBUG]   Game phase changed from CONCEALED to REVEALED
[DEBUG]       Evaluating card JD with belief model:
[DEBUG]         Base score from card value: 3
[DEBUG]         1. Trump factor (confidence: 0.6693):
[DEBUG]           Not a high-confidence trump card
[DEBUG]         2. Lead suit factor:
[DEBUG]           Lead suit: H
[DEBUG]           Void in H, trump bonus: +3.0000
[DEBUG]         3. Opponent void factor:
[DEBUG]           Opponent 0: no void bonus for D
[DEBUG]           Opponent 1: no void bonus for D
[DEBUG]           Opponent 3: no void bonus for D
[DEBUG]         4. Opponent strength factor (avg: 0.3247):
[DEBUG]           Weak opponents, but not a low card
[DEBUG]         5. Uncertainty factor (uncertainty: 0.4519):
[DEBUG]           Low uncertainty, no uncertainty factor
[DEBUG]         6. Game phase factor (phase: GamePhase.REVEALED):
[DEBUG]           Revealed phase, trump bonus: +2.0000
[DEBUG]         7. Trick position factor:
[DEBUG]           Position in trick: 2
[DEBUG]           Middle position, no position factor
[DEBUG]         Final score for JD: 8.0000
[DEBUG]       Evaluating card AD with belief model:
[DEBUG]         Base score from card value: 1
[DEBUG]         1. Trump factor (confidence: 0.6693):
[DEBUG]           Not a high-confidence trump card
[DEBUG]         2. Lead suit factor:
[DEBUG]           Lead suit: H
[DEBUG]           Void in H, trump bonus: +3.0000
[DEBUG]         3. Opponent void factor:
[DEBUG]           Opponent 0: no void bonus for D
[DEBUG]           Opponent 1: no void bonus for D
[DEBUG]           Opponent 3: no void bonus for D
[DEBUG]         4. Opponent strength factor (avg: 0.3247):
[DEBUG]           Weak opponents, but not a low card
[DEBUG]         5. Uncertainty factor (uncertainty: 0.4519):
[DEBUG]           Low uncertainty, no uncertainty factor
[DEBUG]         6. Game phase factor (phase: GamePhase.REVEALED):
[DEBUG]           Revealed phase, trump bonus: +2.0000
[DEBUG]         7. Trick position factor:
[DEBUG]           Position in trick: 2
[DEBUG]           Middle position, no position factor
[DEBUG]         Final score for AD: 6.0000
[DEBUG]       Evaluating card JS with belief model:
[DEBUG]         Base score from card value: 3
[DEBUG]         1. Trump factor (confidence: 0.6693):
[DEBUG]           Not a high-confidence trump card
[DEBUG]         2. Lead suit factor:
[DEBUG]           Lead suit: H
[DEBUG]           Void in H, discard bonus: +0.5000
[DEBUG]         3. Opponent void factor:
[DEBUG]           Opponent 0: no void bonus for S
[DEBUG]           Opponent 1: no void bonus for S
[DEBUG]           Opponent 3: no void bonus for S
[DEBUG]         4. Opponent strength factor (avg: 0.3247):
[DEBUG]           Weak opponents, but not a low card
[DEBUG]         5. Uncertainty factor (uncertainty: 0.4519):
[DEBUG]           Low uncertainty, no uncertainty factor
[DEBUG]         6. Game phase factor (phase: GamePhase.REVEALED):
[DEBUG]           Revealed phase, but not trump
[DEBUG]         7. Trick position factor:
[DEBUG]           Position in trick: 2
[DEBUG]           Middle position, no position factor
[DEBUG]         Final score for JS: 3.5000
[DEBUG]       Evaluating card 7D with belief model:
[DEBUG]         Base score from card value: 0
[DEBUG]         1. Trump factor (confidence: 0.6693):
[DEBUG]           Not a high-confidence trump card
[DEBUG]         2. Lead suit factor:
[DEBUG]           Lead suit: H
[DEBUG]           Void in H, trump bonus: +3.0000
[DEBUG]         3. Opponent void factor:
[DEBUG]           Opponent 0: no void bonus for D
[DEBUG]           Opponent 1: no void bonus for D
[DEBUG]           Opponent 3: no void bonus for D
[DEBUG]         4. Opponent strength factor (avg: 0.3247):
[DEBUG]           Weak opponents, low card bonus: +1.0000
[DEBUG]         5. Uncertainty factor (uncertainty: 0.4519):
[DEBUG]           Low uncertainty, no uncertainty factor
[DEBUG]         6. Game phase factor (phase: GamePhase.REVEALED):
[DEBUG]           Revealed phase, trump bonus: +2.0000
[DEBUG]         7. Trick position factor:
[DEBUG]           Position in trick: 2
[DEBUG]           Middle position, no position factor
[DEBUG]         Final score for 7D: 6.0000
[DEBUG]       Evaluating card QD with belief model:
[DEBUG]         Base score from card value: 0
[DEBUG]         1. Trump factor (confidence: 0.7061):
[DEBUG]           Not a high-confidence trump card
[DEBUG]         2. Lead suit factor:
[DEBUG]           Lead suit: H
[DEBUG]           Void in H, trump bonus: +3.0000
[DEBUG]         3. Opponent void factor:
[DEBUG]           Opponent 0: no void bonus for D
[DEBUG]           Opponent 1: no void bonus for D
[DEBUG]           Opponent 2: no void bonus for D
[DEBUG]         4. Opponent strength factor (avg: 0.3299):
[DEBUG]           Weak opponents, but not a low card
[DEBUG]         5. Uncertainty factor (uncertainty: 0.4506):
[DEBUG]           Low uncertainty, no uncertainty factor
[DEBUG]         6. Game phase factor (phase: GamePhase.REVEALED):
[DEBUG]           Revealed phase, trump bonus: +2.0000
[DEBUG]         7. Trick position factor:
[DEBUG]           Position in trick: 3
[DEBUG]           Last to play, but can't win
[DEBUG]         Final score for QD: 5.0000
[DEBUG]       Evaluating card QC with belief model:
[DEBUG]         Base score from card value: 0
[DEBUG]         1. Trump factor (confidence: 0.7061):
[DEBUG]           Not a high-confidence trump card
[DEBUG]         2. Lead suit factor:
[DEBUG]           Lead suit: H
[DEBUG]           Void in H, discard bonus: +0.5000
[DEBUG]         3. Opponent void factor:
[DEBUG]           Opponent 0: no void bonus for C
[DEBUG]           Opponent 1: no void bonus for C
[DEBUG]           Opponent 2: no void bonus for C
[DEBUG]         4. Opponent strength factor (avg: 0.3299):
[DEBUG]           Weak opponents, but not a low card
[DEBUG]         5. Uncertainty factor (uncertainty: 0.4506):
[DEBUG]           Low uncertainty, no uncertainty factor
[DEBUG]         6. Game phase factor (phase: GamePhase.REVEALED):
[DEBUG]           Revealed phase, but not trump
[DEBUG]         7. Trick position factor:
[DEBUG]           Position in trick: 3
[DEBUG]           Last to play, but can't win
[DEBUG]         Final score for QC: 0.5000
[DEBUG]       Evaluating card 8C with belief model:
[DEBUG]         Base score from card value: 0
[DEBUG]         1. Trump factor (confidence: 0.7061):
[DEBUG]           Not a high-confidence trump card
[DEBUG]         2. Lead suit factor:
[DEBUG]           Lead suit: H
[DEBUG]           Void in H, discard bonus: +0.5000
[DEBUG]         3. Opponent void factor:
[DEBUG]           Opponent 0: no void bonus for C
[DEBUG]           Opponent 1: no void bonus for C
[DEBUG]           Opponent 2: no void bonus for C
[DEBUG]         4. Opponent strength factor (avg: 0.3299):
[DEBUG]           Weak opponents, low card bonus: +1.0000
[DEBUG]         5. Uncertainty factor (uncertainty: 0.4506):
[DEBUG]           Low uncertainty, no uncertainty factor
[DEBUG]         6. Game phase factor (phase: GamePhase.REVEALED):
[DEBUG]           Revealed phase, but not trump
[DEBUG]         7. Trick position factor:
[DEBUG]           Position in trick: 3
[DEBUG]           Last to play, but can't win
[DEBUG]         Final score for 8C: 1.5000
[DEBUG]       Evaluating card 9D with belief model:
[DEBUG]         Base score from card value: 2
[DEBUG]         1. Trump factor (confidence: 0.7061):
[DEBUG]           Not a high-confidence trump card
[DEBUG]         2. Lead suit factor:
[DEBUG]           Lead suit: H
[DEBUG]           Void in H, trump bonus: +3.0000
[DEBUG]         3. Opponent void factor:
[DEBUG]           Opponent 0: no void bonus for D
[DEBUG]           Opponent 1: no void bonus for D
[DEBUG]           Opponent 2: no void bonus for D
[DEBUG]         4. Opponent strength factor (avg: 0.3299):
[DEBUG]           Weak opponents, low card bonus: +1.0000
[DEBUG]         5. Uncertainty factor (uncertainty: 0.4506):
[DEBUG]           Low uncertainty, no uncertainty factor
[DEBUG]         6. Game phase factor (phase: GamePhase.REVEALED):
[DEBUG]           Revealed phase, trump bonus: +2.0000
[DEBUG]         7. Trick position factor:
[DEBUG]           Position in trick: 3
[DEBUG]           Last to play, but can't win
[DEBUG]         Final score for 9D: 8.0000
[DEBUG]       Evaluating card QS with belief model:
[DEBUG]         Base score from card value: 0
[DEBUG]         1. Trump factor (confidence: 0.6922):
[DEBUG]           Not a high-confidence trump card
[DEBUG]         2. Lead suit factor:
[DEBUG]           No current trick
[DEBUG]         3. Opponent void factor:
[DEBUG]           Opponent 1: no void bonus for S
[DEBUG]           Opponent 2: no void bonus for S
[DEBUG]           Opponent 3: no void bonus for S
[DEBUG]         4. Opponent strength factor (avg: 0.3201):
[DEBUG]           Weak opponents, but not a low card
[DEBUG]         5. Uncertainty factor (uncertainty: 0.4509):
[DEBUG]           Low uncertainty, no uncertainty factor
[DEBUG]         6. Game phase factor (phase: GamePhase.REVEALED):
[DEBUG]           Revealed phase, but not trump
[DEBUG]         7. Trick position factor:
[DEBUG]           No current trick
[DEBUG]         Final score for QS: 0.0000
[DEBUG]       Evaluating card 10C with belief model:
[DEBUG]         Base score from card value: 1
[DEBUG]         1. Trump factor (confidence: 0.6922):
[DEBUG]           Not a high-confidence trump card
[DEBUG]         2. Lead suit factor:
[DEBUG]           No current trick
[DEBUG]         3. Opponent void factor:
[DEBUG]           Opponent 1: no void bonus for C
[DEBUG]           Opponent 2: no void bonus for C
[DEBUG]           Opponent 3: no void bonus for C
[DEBUG]         4. Opponent strength factor (avg: 0.3201):
[DEBUG]           Weak opponents, but not a low card
[DEBUG]         5. Uncertainty factor (uncertainty: 0.4509):
[DEBUG]           Low uncertainty, no uncertainty factor
[DEBUG]         6. Game phase factor (phase: GamePhase.REVEALED):
[DEBUG]           Revealed phase, but not trump
[DEBUG]         7. Trick position factor:
[DEBUG]           No current trick
[DEBUG]         Final score for 10C: 1.0000
[DEBUG]       Evaluating card 10D with belief model:
[DEBUG]         Base score from card value: 1
[DEBUG]         1. Trump factor (confidence: 0.6922):
[DEBUG]           Not a high-confidence trump card
[DEBUG]         2. Lead suit factor:
[DEBUG]           No current trick
[DEBUG]         3. Opponent void factor:
[DEBUG]           Opponent 1: no void bonus for D
[DEBUG]           Opponent 2: no void bonus for D
[DEBUG]           Opponent 3: no void bonus for D
[DEBUG]         4. Opponent strength factor (avg: 0.3201):
[DEBUG]           Weak opponents, but not a low card
[DEBUG]         5. Uncertainty factor (uncertainty: 0.4509):
[DEBUG]           Low uncertainty, no uncertainty factor
[DEBUG]         6. Game phase factor (phase: GamePhase.REVEALED):
[DEBUG]           Revealed phase, trump bonus: +2.0000
[DEBUG]         7. Trick position factor:
[DEBUG]           No current trick
[DEBUG]         Final score for 10D: 3.0000
[DEBUG]       Evaluating card 8D with belief model:
[DEBUG]         Base score from card value: 0
[DEBUG]         1. Trump factor (confidence: 0.7201):
[DEBUG]           Not a high-confidence trump card
[DEBUG]         2. Lead suit factor:
[DEBUG]           Lead suit: D
[DEBUG]           Following suit, small bonus: +1.0000
[DEBUG]         3. Opponent void factor:
[DEBUG]           Opponent 0: no void bonus for D
[DEBUG]           Opponent 2: no void bonus for D
[DEBUG]           Opponent 3: no void bonus for D
[DEBUG]         4. Opponent strength factor (avg: 0.3159):
[DEBUG]           Weak opponents, low card bonus: +1.0000
[DEBUG]         5. Uncertainty factor (uncertainty: 0.4471):
[DEBUG]           Low uncertainty, no uncertainty factor
[DEBUG]         6. Game phase factor (phase: GamePhase.REVEALED):
[DEBUG]           Revealed phase, trump bonus: +2.0000
[DEBUG]         7. Trick position factor:
[DEBUG]           Position in trick: 1
[DEBUG]           Middle position, no position factor
[DEBUG]         Final score for 8D: 4.0000
[DEBUG]       Evaluating card AD with belief model:
[DEBUG]         Base score from card value: 1
[DEBUG]         1. Trump factor (confidence: 0.6506):
[DEBUG]           Not a high-confidence trump card
[DEBUG]         2. Lead suit factor:
[DEBUG]           Lead suit: D
[DEBUG]           Following suit, small bonus: +1.0000
[DEBUG]         3. Opponent void factor:
[DEBUG]           Opponent 0: no void bonus for D
[DEBUG]           Opponent 1: no void bonus for D
[DEBUG]           Opponent 3: no void bonus for D
[DEBUG]         4. Opponent strength factor (avg: 0.2864):
[DEBUG]           Weak opponents, but not a low card
[DEBUG]         5. Uncertainty factor (uncertainty: 0.4419):
[DEBUG]           Low uncertainty, no uncertainty factor
[DEBUG]         6. Game phase factor (phase: GamePhase.REVEALED):
[DEBUG]           Revealed phase, trump bonus: +2.0000
[DEBUG]         7. Trick position factor:
[DEBUG]           Position in trick: 2
[DEBUG]           Middle position, no position factor
[DEBUG]         Final score for AD: 4.0000
[DEBUG]       Evaluating card 7D with belief model:
[DEBUG]         Base score from card value: 0
[DEBUG]         1. Trump factor (confidence: 0.6506):
[DEBUG]           Not a high-confidence trump card
[DEBUG]         2. Lead suit factor:
[DEBUG]           Lead suit: D
[DEBUG]           Following suit, small bonus: +1.0000
[DEBUG]         3. Opponent void factor:
[DEBUG]           Opponent 0: no void bonus for D
[DEBUG]           Opponent 1: no void bonus for D
[DEBUG]           Opponent 3: no void bonus for D
[DEBUG]         4. Opponent strength factor (avg: 0.2864):
[DEBUG]           Weak opponents, low card bonus: +1.0000
[DEBUG]         5. Uncertainty factor (uncertainty: 0.4419):
[DEBUG]           Low uncertainty, no uncertainty factor
[DEBUG]         6. Game phase factor (phase: GamePhase.REVEALED):
[DEBUG]           Revealed phase, trump bonus: +2.0000
[DEBUG]         7. Trick position factor:
[DEBUG]           Position in trick: 2
[DEBUG]           Middle position, no position factor
[DEBUG]         Final score for 7D: 4.0000
[DEBUG]       Evaluating card QD with belief model:
[DEBUG]         Base score from card value: 0
[DEBUG]         1. Trump factor (confidence: 0.6858):
[DEBUG]           Not a high-confidence trump card
[DEBUG]         2. Lead suit factor:
[DEBUG]           Lead suit: D
[DEBUG]           Following suit, small bonus: +1.0000
[DEBUG]         3. Opponent void factor:
[DEBUG]           Opponent 0: no void bonus for D
[DEBUG]           Opponent 1: no void bonus for D
[DEBUG]           Opponent 2: no void bonus for D
[DEBUG]         4. Opponent strength factor (avg: 0.2911):
[DEBUG]           Weak opponents, but not a low card
[DEBUG]         5. Uncertainty factor (uncertainty: 0.4406):
[DEBUG]           Low uncertainty, no uncertainty factor
[DEBUG]         6. Game phase factor (phase: GamePhase.REVEALED):
[DEBUG]           Revealed phase, trump bonus: +2.0000
[DEBUG]         7. Trick position factor:
[DEBUG]           Position in trick: 3
[DEBUG]           Last to play, but can't win
[DEBUG]         Final score for QD: 3.0000
[DEBUG]       Evaluating card QS with belief model:
[DEBUG]         Base score from card value: 0
[DEBUG]         1. Trump factor (confidence: 0.6680):
[DEBUG]           Not a high-confidence trump card
[DEBUG]         2. Lead suit factor:
[DEBUG]           No current trick
[DEBUG]         3. Opponent void factor:
[DEBUG]           Opponent 1 void in S! Bonus: +2.0000
[DEBUG]           Opponent 2 void in S! Bonus: +2.0000
[DEBUG]           Opponent 3 void in S! Bonus: +2.0000
[DEBUG]         4. Opponent strength factor (avg: 0.2786):
[DEBUG]           Weak opponents, but not a low card
[DEBUG]         5. Uncertainty factor (uncertainty: 0.4398):
[DEBUG]           Low uncertainty, no uncertainty factor
[DEBUG]         6. Game phase factor (phase: GamePhase.REVEALED):
[DEBUG]           Revealed phase, but not trump
[DEBUG]         7. Trick position factor:
[DEBUG]           No current trick
[DEBUG]         Final score for QS: 6.0000
[DEBUG]       Evaluating card 10C with belief model:
[DEBUG]         Base score from card value: 1
[DEBUG]         1. Trump factor (confidence: 0.6680):
[DEBUG]           Not a high-confidence trump card
[DEBUG]         2. Lead suit factor:
[DEBUG]           No current trick
[DEBUG]         3. Opponent void factor:
[DEBUG]           Opponent 1: no void bonus for C
[DEBUG]           Opponent 2: no void bonus for C
[DEBUG]           Opponent 3: no void bonus for C
[DEBUG]         4. Opponent strength factor (avg: 0.2786):
[DEBUG]           Weak opponents, but not a low card
[DEBUG]         5. Uncertainty factor (uncertainty: 0.4398):
[DEBUG]           Low uncertainty, no uncertainty factor
[DEBUG]         6. Game phase factor (phase: GamePhase.REVEALED):
[DEBUG]           Revealed phase, but not trump
[DEBUG]         7. Trick position factor:
[DEBUG]           No current trick
[DEBUG]         Final score for 10C: 1.0000
[DEBUG]       Evaluating card 10S with belief model:
[DEBUG]         Base score from card value: 1
[DEBUG]         1. Trump factor (confidence: 0.6932):
[DEBUG]           Not a high-confidence trump card
[DEBUG]         2. Lead suit factor:
[DEBUG]           Lead suit: S
[DEBUG]           Can win the trick! Bonus: +5.0000
[DEBUG]         3. Opponent void factor:
[DEBUG]           Opponent 0 void in S! Bonus: +2.0000
[DEBUG]           Opponent 2 void in S! Bonus: +2.0000
[DEBUG]           Opponent 3 void in S! Bonus: +2.0000
[DEBUG]         4. Opponent strength factor (avg: 0.2735):
[DEBUG]           Weak opponents, but not a low card
[DEBUG]         5. Uncertainty factor (uncertainty: 0.4372):
[DEBUG]           Low uncertainty, no uncertainty factor
[DEBUG]         6. Game phase factor (phase: GamePhase.REVEALED):
[DEBUG]           Revealed phase, but not trump
[DEBUG]         7. Trick position factor:
[DEBUG]           Position in trick: 1
[DEBUG]           Middle position, no position factor
[DEBUG]         Final score for 10S: 12.0000
[DEBUG]       Evaluating card 7S with belief model:
[DEBUG]         Base score from card value: 0
[DEBUG]         1. Trump factor (confidence: 0.6932):
[DEBUG]           Not a high-confidence trump card
[DEBUG]         2. Lead suit factor:
[DEBUG]           Lead suit: S
[DEBUG]           Following suit, small bonus: +1.0000
[DEBUG]         3. Opponent void factor:
[DEBUG]           Opponent 0 void in S! Bonus: +2.0000
[DEBUG]           Opponent 2 void in S! Bonus: +2.0000
[DEBUG]           Opponent 3 void in S! Bonus: +2.0000
[DEBUG]         4. Opponent strength factor (avg: 0.2735):
[DEBUG]           Weak opponents, low card bonus: +1.0000
[DEBUG]         5. Uncertainty factor (uncertainty: 0.4372):
[DEBUG]           Low uncertainty, no uncertainty factor
[DEBUG]         6. Game phase factor (phase: GamePhase.REVEALED):
[DEBUG]           Revealed phase, but not trump
[DEBUG]         7. Trick position factor:
[DEBUG]           Position in trick: 1
[DEBUG]           Middle position, no position factor
[DEBUG]         Final score for 7S: 8.0000
[DEBUG]       Evaluating card JS with belief model:
[DEBUG]         Base score from card value: 3
[DEBUG]         1. Trump factor (confidence: 0.6332):
[DEBUG]           Not a high-confidence trump card
[DEBUG]         2. Lead suit factor:
[DEBUG]           Lead suit: S
[DEBUG]           Can win the trick! Bonus: +5.0000
[DEBUG]         3. Opponent void factor:
[DEBUG]           Opponent 0 void in S! Bonus: +2.0000
[DEBUG]           Opponent 1 void in S! Bonus: +2.0000
[DEBUG]           Opponent 3 void in S! Bonus: +2.0000
[DEBUG]         4. Opponent strength factor (avg: 0.2500):
[DEBUG]           Weak opponents, but not a low card
[DEBUG]         5. Uncertainty factor (uncertainty: 0.4357):
[DEBUG]           Low uncertainty, no uncertainty factor
[DEBUG]         6. Game phase factor (phase: GamePhase.REVEALED):
[DEBUG]           Revealed phase, but not trump
[DEBUG]         7. Trick position factor:
[DEBUG]           Position in trick: 2
[DEBUG]           Middle position, no position factor
[DEBUG]         Final score for JS: 14.0000
[DEBUG]       Evaluating card QC with belief model:
[DEBUG]         Base score from card value: 0
[DEBUG]         1. Trump factor (confidence: 0.6651):
[DEBUG]           Not a high-confidence trump card
[DEBUG]         2. Lead suit factor:
[DEBUG]           Lead suit: S
[DEBUG]           Void in S, discard bonus: +0.5000
[DEBUG]         3. Opponent void factor:
[DEBUG]           Opponent 0 void in C! Bonus: +2.0000
[DEBUG]           Opponent 1 void in C! Bonus: +2.0000
[DEBUG]           Opponent 2 void in C! Bonus: +2.0000
[DEBUG]         4. Opponent strength factor (avg: 0.2507):
[DEBUG]           Weak opponents, but not a low card
[DEBUG]         5. Uncertainty factor (uncertainty: 0.4333):
[DEBUG]           Low uncertainty, no uncertainty factor
[DEBUG]         6. Game phase factor (phase: GamePhase.REVEALED):
[DEBUG]           Revealed phase, but not trump
[DEBUG]         7. Trick position factor:
[DEBUG]           Position in trick: 3
[DEBUG]           Last to play, but can't win
[DEBUG]         Final score for QC: 6.5000
[DEBUG]       Evaluating card 8C with belief model:
[DEBUG]         Base score from card value: 0
[DEBUG]         1. Trump factor (confidence: 0.6651):
[DEBUG]           Not a high-confidence trump card
[DEBUG]         2. Lead suit factor:
[DEBUG]           Lead suit: S
[DEBUG]           Void in S, discard bonus: +0.5000
[DEBUG]         3. Opponent void factor:
[DEBUG]           Opponent 0 void in C! Bonus: +2.0000
[DEBUG]           Opponent 1 void in C! Bonus: +2.0000
[DEBUG]           Opponent 2 void in C! Bonus: +2.0000
[DEBUG]         4. Opponent strength factor (avg: 0.2507):
[DEBUG]           Weak opponents, low card bonus: +1.0000
[DEBUG]         5. Uncertainty factor (uncertainty: 0.4333):
[DEBUG]           Low uncertainty, no uncertainty factor
[DEBUG]         6. Game phase factor (phase: GamePhase.REVEALED):
[DEBUG]           Revealed phase, but not trump
[DEBUG]         7. Trick position factor:
[DEBUG]           Position in trick: 3
[DEBUG]           Last to play, but can't win
[DEBUG]         Final score for 8C: 7.5000
[DEBUG]       Evaluating card 10C with belief model:
[DEBUG]         Base score from card value: 1
[DEBUG]         1. Trump factor (confidence: 0.6582):
[DEBUG]           Not a high-confidence trump card
[DEBUG]         2. Lead suit factor:
[DEBUG]           No current trick
[DEBUG]         3. Opponent void factor:
[DEBUG]           Opponent 1: no void bonus for C
[DEBUG]           Opponent 2: no void bonus for C
[DEBUG]           Opponent 3: no void bonus for C
[DEBUG]         4. Opponent strength factor (avg: 0.2488):
[DEBUG]           Weak opponents, but not a low card
[DEBUG]         5. Uncertainty factor (uncertainty: 0.4342):
[DEBUG]           Low uncertainty, no uncertainty factor
[DEBUG]         6. Game phase factor (phase: GamePhase.REVEALED):
[DEBUG]           Revealed phase, but not trump
[DEBUG]         7. Trick position factor:
[DEBUG]           No current trick
[DEBUG]         Final score for 10C: 1.0000
[DEBUG]       Evaluating card 7S with belief model:
[DEBUG]         Base score from card value: 0
[DEBUG]         1. Trump factor (confidence: 0.6815):
[DEBUG]           Not a high-confidence trump card
[DEBUG]         2. Lead suit factor:
[DEBUG]           Lead suit: C
[DEBUG]           Void in C, discard bonus: +0.5000
[DEBUG]         3. Opponent void factor:
[DEBUG]           Opponent 0 void in S! Bonus: +2.0000
[DEBUG]           Opponent 2 void in S! Bonus: +2.0000
[DEBUG]           Opponent 3 void in S! Bonus: +2.0000
[DEBUG]         4. Opponent strength factor (avg: 0.2459):
[DEBUG]           Weak opponents, low card bonus: +1.0000
[DEBUG]         5. Uncertainty factor (uncertainty: 0.4318):
[DEBUG]           Low uncertainty, no uncertainty factor
[DEBUG]         6. Game phase factor (phase: GamePhase.REVEALED):
[DEBUG]           Revealed phase, but not trump
[DEBUG]         7. Trick position factor:
[DEBUG]           Position in trick: 1
[DEBUG]           Middle position, no position factor
[DEBUG]         Final score for 7S: 7.5000
[DEBUG]       Evaluating card 7D with belief model:
[DEBUG]         Base score from card value: 0
[DEBUG]         1. Trump factor (confidence: 0.6199):
[DEBUG]           Not a high-confidence trump card
[DEBUG]         2. Lead suit factor:
[DEBUG]           Lead suit: C
[DEBUG]           Void in C, trump bonus: +3.0000
[DEBUG]         3. Opponent void factor:
[DEBUG]           Opponent 0: no void bonus for D
[DEBUG]           Opponent 1: no void bonus for D
[DEBUG]           Opponent 3: no void bonus for D
[DEBUG]         4. Opponent strength factor (avg: 0.2220):
[DEBUG]           Weak opponents, low card bonus: +1.0000
[DEBUG]         5. Uncertainty factor (uncertainty: 0.4292):
[DEBUG]           Low uncertainty, no uncertainty factor
[DEBUG]         6. Game phase factor (phase: GamePhase.REVEALED):
[DEBUG]           Revealed phase, trump bonus: +2.0000
[DEBUG]         7. Trick position factor:
[DEBUG]           Position in trick: 2
[DEBUG]           Middle position, no position factor
[DEBUG]         Final score for 7D: 6.0000
[DEBUG]       Evaluating card QC with belief model:
[DEBUG]         Base score from card value: 0
[DEBUG]         1. Trump factor (confidence: 0.6506):
[DEBUG]           Not a high-confidence trump card
[DEBUG]         2. Lead suit factor:
[DEBUG]           Lead suit: C
[DEBUG]           Following suit, small bonus: +1.0000
[DEBUG]         3. Opponent void factor:
[DEBUG]           Opponent 0 void in C! Bonus: +2.0000
[DEBUG]           Opponent 1 void in C! Bonus: +2.0000
[DEBUG]           Opponent 2 void in C! Bonus: +2.0000
[DEBUG]         4. Opponent strength factor (avg: 0.2239):
[DEBUG]           Weak opponents, but not a low card
[DEBUG]         5. Uncertainty factor (uncertainty: 0.4284):
[DEBUG]           Low uncertainty, no uncertainty factor
[DEBUG]         6. Game phase factor (phase: GamePhase.REVEALED):
[DEBUG]           Revealed phase, but not trump
[DEBUG]         7. Trick position factor:
[DEBUG]           Position in trick: 3
[DEBUG]           Last to play, but can't win
[DEBUG]         Final score for QC: 7.0000