
===== GAME 9 (20250825_102504_094) =====
[DEBUG] BIDDING ANALYSIS - Player 0 (Belief Master)
[DEBUG]   Bidding hand: ['AS', 'JH', '9H', 'KH']
[DEBUG]   Hand strength: 0.214
[DEBUG]   Current bid: 16
[DEBUG]   Present suits: ['H', 'S']
[DEBUG]   Point prediction: -0.0 points

=== RAW OUTPUT: Belief Model Outputs - Player 0 ===
{'trump_suit_probs': [0.13034404814243317, 0.24664369225502014, 0.17543916404247284, 0.447573184967041], 'uncertainty': 0.47397977113723755, 'opponent_hands_shape': {1: torch.Size([1, 32]), 2: torch.Size([1, 32]), 3: torch.Size([1, 32])}, 'void_suits_shape': {1: torch.Size([1, 4]), 2: torch.Size([1, 4]), 3: torch.Size([1, 4])}}
==================================================
[DEBUG]   Trump Analysis:
[DEBUG]     Probabilities: [0.13034405 0.24664369 0.17543916 0.44757318]
[DEBUG]     Predicted trump: S
[DEBUG]     Confidence: 0.4476
[DEBUG]   Opponent Strength Analysis:
[DEBUG]     Opponent 1: 0.4146
[DEBUG]     Opponent 2: 0.4146
[DEBUG]     Opponent 3: 0.4146
[DEBUG]   Void Suit Analysis:
[DEBUG]     Opponent 1 void in: []
[DEBUG]     Opponent 2 void in: []
[DEBUG]     Opponent 3 void in: []
[DEBUG]   Uncertainty: 0.4740
[DEBUG]     Evaluating bid -1 with belief model:
[DEBUG]       Starting score: 0.0
[DEBUG]       1. Trump prediction factor (confidence: 0.4476):
[DEBUG]         Low confidence, no trump factor
[DEBUG]       2. Opponent strength factor (avg: 0.4146):
[DEBUG]         Weak opponents + passing: no bonus
[DEBUG]       3. Void suit factor:
[DEBUG]         Opponent 1: no void suits
[DEBUG]         Opponent 2: no void suits
[DEBUG]         Opponent 3: no void suits
[DEBUG]       4. Uncertainty factor (uncertainty: 0.4740):
[DEBUG]         Low uncertainty, no factor
[DEBUG]       5. Point prediction factor (prediction: -0.01279035210609436):
[DEBUG]         Low predicted points (-0.01279035210609436) when passing: no penalty
[DEBUG]       Final score for bid -1: 0.0000
[DEBUG]     Evaluating bid 17 with belief model:
[DEBUG]       Starting score: 0.0
[DEBUG]       1. Trump prediction factor (confidence: 0.4476):
[DEBUG]         Low confidence, no trump factor
[DEBUG]       2. Opponent strength factor (avg: 0.4146):
[DEBUG]         Weak opponents + bidding: +1.1709
[DEBUG]       3. Void suit factor:
[DEBUG]         Opponent 1: no void suits
[DEBUG]         Opponent 2: no void suits
[DEBUG]         Opponent 3: no void suits
[DEBUG]       4. Uncertainty factor (uncertainty: 0.4740):
[DEBUG]         Low uncertainty, no factor
[DEBUG]       5. Point prediction factor (prediction: -0.01279035210609436):
[DEBUG]         Predicted points (-0.01279035210609436) < bid (17): -2.0000
[DEBUG]       Final score for bid 17: -0.8291
[DEBUG]     Evaluating bid 18 with belief model:
[DEBUG]       Starting score: 0.0
[DEBUG]       1. Trump prediction factor (confidence: 0.4476):
[DEBUG]         Low confidence, no trump factor
[DEBUG]       2. Opponent strength factor (avg: 0.4146):
[DEBUG]         Weak opponents + bidding: +1.1709
[DEBUG]       3. Void suit factor:
[DEBUG]         Opponent 1: no void suits
[DEBUG]         Opponent 2: no void suits
[DEBUG]         Opponent 3: no void suits
[DEBUG]       4. Uncertainty factor (uncertainty: 0.4740):
[DEBUG]         Low uncertainty, no factor
[DEBUG]       5. Point prediction factor (prediction: -0.01279035210609436):
[DEBUG]         Predicted points (-0.01279035210609436) < bid (18): -2.0000
[DEBUG]       Final score for bid 18: -0.8291
[DEBUG]     Evaluating bid 19 with belief model:
[DEBUG]       Starting score: 0.0
[DEBUG]       1. Trump prediction factor (confidence: 0.4476):
[DEBUG]         Low confidence, no trump factor
[DEBUG]       2. Opponent strength factor (avg: 0.4146):
[DEBUG]         Weak opponents + bidding: +1.1709
[DEBUG]       3. Void suit factor:
[DEBUG]         Opponent 1: no void suits
[DEBUG]         Opponent 2: no void suits
[DEBUG]         Opponent 3: no void suits
[DEBUG]       4. Uncertainty factor (uncertainty: 0.4740):
[DEBUG]         Low uncertainty, no factor
[DEBUG]       5. Point prediction factor (prediction: -0.01279035210609436):
[DEBUG]         Predicted points (-0.01279035210609436) < bid (19): -2.0000
[DEBUG]       Final score for bid 19: -0.8291
[DEBUG] BIDDING ANALYSIS - Player 1 (Belief Expert)
[DEBUG]   Bidding hand: ['AC', '10D', 'AH', 'KD']
[DEBUG]   Hand strength: 0.107
[DEBUG]   Current bid: 16
[DEBUG]   Present suits: ['D', 'H', 'C']
[DEBUG]   Point prediction: -0.0 points

=== RAW OUTPUT: Belief Model Outputs - Player 1 ===
{'trump_suit_probs': [0.12756186723709106, 0.28001096844673157, 0.18406839668750763, 0.4083588123321533], 'uncertainty': 0.47183313965797424, 'opponent_hands_shape': {0: torch.Size([1, 32]), 2: torch.Size([1, 32]), 3: torch.Size([1, 32])}, 'void_suits_shape': {0: torch.Size([1, 4]), 2: torch.Size([1, 4]), 3: torch.Size([1, 4])}}
==================================================
[DEBUG]   Trump Analysis:
[DEBUG]     Probabilities: [0.12756187 0.28001097 0.1840684  0.4083588 ]
[DEBUG]     Predicted trump: S
[DEBUG]     Confidence: 0.4084
[DEBUG]   Opponent Strength Analysis:
[DEBUG]     Opponent 0: 0.4151
[DEBUG]     Opponent 2: 0.4151
[DEBUG]     Opponent 3: 0.4151
[DEBUG]   Void Suit Analysis:
[DEBUG]     Opponent 0 void in: []
[DEBUG]     Opponent 2 void in: []
[DEBUG]     Opponent 3 void in: []
[DEBUG]   Uncertainty: 0.4718
[DEBUG]     Evaluating bid -1 with belief model:
[DEBUG]       Starting score: 0.0
[DEBUG]       1. Trump prediction factor (confidence: 0.4084):
[DEBUG]         Low confidence, no trump factor
[DEBUG]       2. Opponent strength factor (avg: 0.4151):
[DEBUG]         Weak opponents + passing: no bonus
[DEBUG]       3. Void suit factor:
[DEBUG]         Opponent 0: no void suits
[DEBUG]         Opponent 2: no void suits
[DEBUG]         Opponent 3: no void suits
[DEBUG]       4. Uncertainty factor (uncertainty: 0.4718):
[DEBUG]         Low uncertainty, no factor
[DEBUG]       5. Point prediction factor (prediction: -0.011762835085391998):
[DEBUG]         Low predicted points (-0.011762835085391998) when passing: no penalty
[DEBUG]       Final score for bid -1: 0.0000
[DEBUG]     Evaluating bid 17 with belief model:
[DEBUG]       Starting score: 0.0
[DEBUG]       1. Trump prediction factor (confidence: 0.4084):
[DEBUG]         Low confidence, no trump factor
[DEBUG]       2. Opponent strength factor (avg: 0.4151):
[DEBUG]         Weak opponents + bidding: +1.1699
[DEBUG]       3. Void suit factor:
[DEBUG]         Opponent 0: no void suits
[DEBUG]         Opponent 2: no void suits
[DEBUG]         Opponent 3: no void suits
[DEBUG]       4. Uncertainty factor (uncertainty: 0.4718):
[DEBUG]         Low uncertainty, no factor
[DEBUG]       5. Point prediction factor (prediction: -0.011762835085391998):
[DEBUG]         Predicted points (-0.011762835085391998) < bid (17): -2.0000
[DEBUG]       Final score for bid 17: -0.8301
[DEBUG]     Evaluating bid 18 with belief model:
[DEBUG]       Starting score: 0.0
[DEBUG]       1. Trump prediction factor (confidence: 0.4084):
[DEBUG]         Low confidence, no trump factor
[DEBUG]       2. Opponent strength factor (avg: 0.4151):
[DEBUG]         Weak opponents + bidding: +1.1699
[DEBUG]       3. Void suit factor:
[DEBUG]         Opponent 0: no void suits
[DEBUG]         Opponent 2: no void suits
[DEBUG]         Opponent 3: no void suits
[DEBUG]       4. Uncertainty factor (uncertainty: 0.4718):
[DEBUG]         Low uncertainty, no factor
[DEBUG]       5. Point prediction factor (prediction: -0.011762835085391998):
[DEBUG]         Predicted points (-0.011762835085391998) < bid (18): -2.0000
[DEBUG]       Final score for bid 18: -0.8301
[DEBUG]     Evaluating bid 19 with belief model:
[DEBUG]       Starting score: 0.0
[DEBUG]       1. Trump prediction factor (confidence: 0.4084):
[DEBUG]         Low confidence, no trump factor
[DEBUG]       2. Opponent strength factor (avg: 0.4151):
[DEBUG]         Weak opponents + bidding: +1.1699
[DEBUG]       3. Void suit factor:
[DEBUG]         Opponent 0: no void suits
[DEBUG]         Opponent 2: no void suits
[DEBUG]         Opponent 3: no void suits
[DEBUG]       4. Uncertainty factor (uncertainty: 0.4718):
[DEBUG]         Low uncertainty, no factor
[DEBUG]       5. Point prediction factor (prediction: -0.011762835085391998):
[DEBUG]         Predicted points (-0.011762835085391998) < bid (19): -2.0000
[DEBUG]       Final score for bid 19: -0.8301
[DEBUG] BIDDING ANALYSIS - Player 2 (Belief Pro)
[DEBUG]   Bidding hand: ['10S', '10H', 'KC', 'QH']
[DEBUG]   Hand strength: 0.071
[DEBUG]   Current bid: 16
[DEBUG]   Present suits: ['H', 'C', 'S']
[DEBUG]   Point prediction: -0.0 points

=== RAW OUTPUT: Belief Model Outputs - Player 2 ===
{'trump_suit_probs': [0.13034404814243317, 0.24664369225502014, 0.17543916404247284, 0.447573184967041], 'uncertainty': 0.47397977113723755, 'opponent_hands_shape': {0: torch.Size([1, 32]), 1: torch.Size([1, 32]), 3: torch.Size([1, 32])}, 'void_suits_shape': {0: torch.Size([1, 4]), 1: torch.Size([1, 4]), 3: torch.Size([1, 4])}}
==================================================
[DEBUG]   Trump Analysis:
[DEBUG]     Probabilities: [0.13034405 0.24664369 0.17543916 0.44757318]
[DEBUG]     Predicted trump: S
[DEBUG]     Confidence: 0.4476
[DEBUG]   Opponent Strength Analysis:
[DEBUG]     Opponent 0: 0.4146
[DEBUG]     Opponent 1: 0.4146
[DEBUG]     Opponent 3: 0.4146
[DEBUG]   Void Suit Analysis:
[DEBUG]     Opponent 0 void in: []
[DEBUG]     Opponent 1 void in: []
[DEBUG]     Opponent 3 void in: []
[DEBUG]   Uncertainty: 0.4740
[DEBUG]     Evaluating bid -1 with belief model:
[DEBUG]       Starting score: 0.0
[DEBUG]       1. Trump prediction factor (confidence: 0.4476):
[DEBUG]         Low confidence, no trump factor
[DEBUG]       2. Opponent strength factor (avg: 0.4146):
[DEBUG]         Weak opponents + passing: no bonus
[DEBUG]       3. Void suit factor:
[DEBUG]         Opponent 0: no void suits
[DEBUG]         Opponent 1: no void suits
[DEBUG]         Opponent 3: no void suits
[DEBUG]       4. Uncertainty factor (uncertainty: 0.4740):
[DEBUG]         Low uncertainty, no factor
[DEBUG]       5. Point prediction factor (prediction: -0.011759720742702484):
[DEBUG]         Low predicted points (-0.011759720742702484) when passing: no penalty
[DEBUG]       Final score for bid -1: 0.0000
[DEBUG]     Evaluating bid 17 with belief model:
[DEBUG]       Starting score: 0.0
[DEBUG]       1. Trump prediction factor (confidence: 0.4476):
[DEBUG]         Low confidence, no trump factor
[DEBUG]       2. Opponent strength factor (avg: 0.4146):
[DEBUG]         Weak opponents + bidding: +1.1709
[DEBUG]       3. Void suit factor:
[DEBUG]         Opponent 0: no void suits
[DEBUG]         Opponent 1: no void suits
[DEBUG]         Opponent 3: no void suits
[DEBUG]       4. Uncertainty factor (uncertainty: 0.4740):
[DEBUG]         Low uncertainty, no factor
[DEBUG]       5. Point prediction factor (prediction: -0.011759720742702484):
[DEBUG]         Predicted points (-0.011759720742702484) < bid (17): -2.0000
[DEBUG]       Final score for bid 17: -0.8291
[DEBUG]     Evaluating bid 18 with belief model:
[DEBUG]       Starting score: 0.0
[DEBUG]       1. Trump prediction factor (confidence: 0.4476):
[DEBUG]         Low confidence, no trump factor
[DEBUG]       2. Opponent strength factor (avg: 0.4146):
[DEBUG]         Weak opponents + bidding: +1.1709
[DEBUG]       3. Void suit factor:
[DEBUG]         Opponent 0: no void suits
[DEBUG]         Opponent 1: no void suits
[DEBUG]         Opponent 3: no void suits
[DEBUG]       4. Uncertainty factor (uncertainty: 0.4740):
[DEBUG]         Low uncertainty, no factor
[DEBUG]       5. Point prediction factor (prediction: -0.011759720742702484):
[DEBUG]         Predicted points (-0.011759720742702484) < bid (18): -2.0000
[DEBUG]       Final score for bid 18: -0.8291
[DEBUG]     Evaluating bid 19 with belief model:
[DEBUG]       Starting score: 0.0
[DEBUG]       1. Trump prediction factor (confidence: 0.4476):
[DEBUG]         Low confidence, no trump factor
[DEBUG]       2. Opponent strength factor (avg: 0.4146):
[DEBUG]         Weak opponents + bidding: +1.1709
[DEBUG]       3. Void suit factor:
[DEBUG]         Opponent 0: no void suits
[DEBUG]         Opponent 1: no void suits
[DEBUG]         Opponent 3: no void suits
[DEBUG]       4. Uncertainty factor (uncertainty: 0.4740):
[DEBUG]         Low uncertainty, no factor
[DEBUG]       5. Point prediction factor (prediction: -0.011759720742702484):
[DEBUG]         Predicted points (-0.011759720742702484) < bid (19): -2.0000
[DEBUG]       Final score for bid 19: -0.8291
[DEBUG] TRUMP SELECTION - Player 3 (Belief Champion)
[DEBUG]   Hand: ['10C', 'JS', 'AD', '8C']
[DEBUG]   Belief model selected trump: C
[DEBUG]       Evaluating card AS with belief model:
[DEBUG]         Base score from card value: 1
[DEBUG]         1. Trump factor (confidence: 0.5629):
[DEBUG]           Not a high-confidence trump card
[DEBUG]         2. Lead suit factor:
[DEBUG]           No current trick
[DEBUG]         3. Opponent void factor:
[DEBUG]           Opponent 1: no void bonus for S
[DEBUG]           Opponent 2: no void bonus for S
[DEBUG]           Opponent 3: no void bonus for S
[DEBUG]         4. Opponent strength factor (avg: 0.3722):
[DEBUG]           Weak opponents, but not a low card
[DEBUG]         5. Uncertainty factor (uncertainty: 0.4714):
[DEBUG]           Low uncertainty, no uncertainty factor
[DEBUG]         6. Game phase factor (phase: GamePhase.CONCEALED):
[DEBUG]           Concealed phase, high card bonus: +1.0000
[DEBUG]         7. Trick position factor:
[DEBUG]           No current trick
[DEBUG]         Final score for AS: 2.0000
[DEBUG]       Evaluating card JH with belief model:
[DEBUG]         Base score from card value: 3
[DEBUG]         1. Trump factor (confidence: 0.5629):
[DEBUG]           Not a high-confidence trump card
[DEBUG]         2. Lead suit factor:
[DEBUG]           No current trick
[DEBUG]         3. Opponent void factor:
[DEBUG]           Opponent 1: no void bonus for H
[DEBUG]           Opponent 2: no void bonus for H
[DEBUG]           Opponent 3: no void bonus for H
[DEBUG]         4. Opponent strength factor (avg: 0.3722):
[DEBUG]           Weak opponents, but not a low card
[DEBUG]         5. Uncertainty factor (uncertainty: 0.4714):
[DEBUG]           Low uncertainty, no uncertainty factor
[DEBUG]         6. Game phase factor (phase: GamePhase.CONCEALED):
[DEBUG]           Concealed phase, but not a high card
[DEBUG]         7. Trick position factor:
[DEBUG]           No current trick
[DEBUG]         Final score for JH: 3.0000
[DEBUG]       Evaluating card 9H with belief model:
[DEBUG]         Base score from card value: 2
[DEBUG]         1. Trump factor (confidence: 0.5629):
[DEBUG]           Not a high-confidence trump card
[DEBUG]         2. Lead suit factor:
[DEBUG]           No current trick
[DEBUG]         3. Opponent void factor:
[DEBUG]           Opponent 1: no void bonus for H
[DEBUG]           Opponent 2: no void bonus for H
[DEBUG]           Opponent 3: no void bonus for H
[DEBUG]         4. Opponent strength factor (avg: 0.3722):
[DEBUG]           Weak opponents, low card bonus: +1.0000
[DEBUG]         5. Uncertainty factor (uncertainty: 0.4714):
[DEBUG]           Low uncertainty, no uncertainty factor
[DEBUG]         6. Game phase factor (phase: GamePhase.CONCEALED):
[DEBUG]           Concealed phase, but not a high card
[DEBUG]         7. Trick position factor:
[DEBUG]           No current trick
[DEBUG]         Final score for 9H: 3.0000
[DEBUG]       Evaluating card KH with belief model:
[DEBUG]         Base score from card value: 0
[DEBUG]         1. Trump factor (confidence: 0.5629):
[DEBUG]           Not a high-confidence trump card
[DEBUG]         2. Lead suit factor:
[DEBUG]           No current trick
[DEBUG]         3. Opponent void factor:
[DEBUG]           Opponent 1: no void bonus for H
[DEBUG]           Opponent 2: no void bonus for H
[DEBUG]           Opponent 3: no void bonus for H
[DEBUG]         4. Opponent strength factor (avg: 0.3722):
[DEBUG]           Weak opponents, but not a low card
[DEBUG]         5. Uncertainty factor (uncertainty: 0.4714):
[DEBUG]           Low uncertainty, no uncertainty factor
[DEBUG]         6. Game phase factor (phase: GamePhase.CONCEALED):
[DEBUG]           Concealed phase, high card bonus: +1.0000
[DEBUG]         7. Trick position factor:
[DEBUG]           No current trick
[DEBUG]         Final score for KH: 1.0000
[DEBUG]       Evaluating card 9D with belief model:
[DEBUG]         Base score from card value: 2
[DEBUG]         1. Trump factor (confidence: 0.5629):
[DEBUG]           Not a high-confidence trump card
[DEBUG]         2. Lead suit factor:
[DEBUG]           No current trick
[DEBUG]         3. Opponent void factor:
[DEBUG]           Opponent 1: no void bonus for D
[DEBUG]           Opponent 2: no void bonus for D
[DEBUG]           Opponent 3: no void bonus for D
[DEBUG]         4. Opponent strength factor (avg: 0.3722):
[DEBUG]           Weak opponents, low card bonus: +1.0000
[DEBUG]         5. Uncertainty factor (uncertainty: 0.4714):
[DEBUG]           Low uncertainty, no uncertainty factor
[DEBUG]         6. Game phase factor (phase: GamePhase.CONCEALED):
[DEBUG]           Concealed phase, but not a high card
[DEBUG]         7. Trick position factor:
[DEBUG]           No current trick
[DEBUG]         Final score for 9D: 3.0000
[DEBUG]       Evaluating card 7D with belief model:
[DEBUG]         Base score from card value: 0
[DEBUG]         1. Trump factor (confidence: 0.5629):
[DEBUG]           Not a high-confidence trump card
[DEBUG]         2. Lead suit factor:
[DEBUG]           No current trick
[DEBUG]         3. Opponent void factor:
[DEBUG]           Opponent 1: no void bonus for D
[DEBUG]           Opponent 2: no void bonus for D
[DEBUG]           Opponent 3: no void bonus for D
[DEBUG]         4. Opponent strength factor (avg: 0.3722):
[DEBUG]           Weak opponents, low card bonus: +1.0000
[DEBUG]         5. Uncertainty factor (uncertainty: 0.4714):
[DEBUG]           Low uncertainty, no uncertainty factor
[DEBUG]         6. Game phase factor (phase: GamePhase.CONCEALED):
[DEBUG]           Concealed phase, but not a high card
[DEBUG]         7. Trick position factor:
[DEBUG]           No current trick
[DEBUG]         Final score for 7D: 1.0000
[DEBUG]       Evaluating card AH with belief model:
[DEBUG]         Base score from card value: 1
[DEBUG]         1. Trump factor (confidence: 0.5868):
[DEBUG]           Not a high-confidence trump card
[DEBUG]         2. Lead suit factor:
[DEBUG]           Lead suit: H
[DEBUG]           Following suit, small bonus: +1.0000
[DEBUG]         3. Opponent void factor:
[DEBUG]           Opponent 0: no void bonus for H
[DEBUG]           Opponent 2: no void bonus for H
[DEBUG]           Opponent 3: no void bonus for H
[DEBUG]         4. Opponent strength factor (avg: 0.3764):
[DEBUG]           Weak opponents, but not a low card
[DEBUG]         5. Uncertainty factor (uncertainty: 0.4720):
[DEBUG]           Low uncertainty, no uncertainty factor
[DEBUG]         6. Game phase factor (phase: GamePhase.CONCEALED):
[DEBUG]           Concealed phase, high card bonus: +1.0000
[DEBUG]         7. Trick position factor:
[DEBUG]           Position in trick: 1
[DEBUG]           Middle position, no position factor
[DEBUG]         Final score for AH: 3.0000
[DEBUG]       Evaluating card 8H with belief model:
[DEBUG]         Base score from card value: 0
[DEBUG]         1. Trump factor (confidence: 0.5868):
[DEBUG]           Not a high-confidence trump card
[DEBUG]         2. Lead suit factor:
[DEBUG]           Lead suit: H
[DEBUG]           Following suit, small bonus: +1.0000
[DEBUG]         3. Opponent void factor:
[DEBUG]           Opponent 0: no void bonus for H
[DEBUG]           Opponent 2: no void bonus for H
[DEBUG]           Opponent 3: no void bonus for H
[DEBUG]         4. Opponent strength factor (avg: 0.3764):
[DEBUG]           Weak opponents, low card bonus: +1.0000
[DEBUG]         5. Uncertainty factor (uncertainty: 0.4720):
[DEBUG]           Low uncertainty, no uncertainty factor
[DEBUG]         6. Game phase factor (phase: GamePhase.CONCEALED):
[DEBUG]           Concealed phase, but not a high card
[DEBUG]         7. Trick position factor:
[DEBUG]           Position in trick: 1
[DEBUG]           Middle position, no position factor
[DEBUG]         Final score for 8H: 2.0000
[DEBUG]       Evaluating card 10H with belief model:
[DEBUG]         Base score from card value: 1
[DEBUG]         1. Trump factor (confidence: 0.5864):
[DEBUG]           Not a high-confidence trump card
[DEBUG]         2. Lead suit factor:
[DEBUG]           Lead suit: H
[DEBUG]           Following suit, small bonus: +1.0000
[DEBUG]         3. Opponent void factor:
[DEBUG]           Opponent 0: no void bonus for H
[DEBUG]           Opponent 1: no void bonus for H
[DEBUG]           Opponent 3: no void bonus for H
[DEBUG]         4. Opponent strength factor (avg: 0.3768):
[DEBUG]           Weak opponents, but not a low card
[DEBUG]         5. Uncertainty factor (uncertainty: 0.4736):
[DEBUG]           Low uncertainty, no uncertainty factor
[DEBUG]         6. Game phase factor (phase: GamePhase.CONCEALED):
[DEBUG]           Concealed phase, but not a high card
[DEBUG]         7. Trick position factor:
[DEBUG]           Position in trick: 2
[DEBUG]           Middle position, no position factor
[DEBUG]         Final score for 10H: 2.0000
[DEBUG]       Evaluating card QH with belief model:
[DEBUG]         Base score from card value: 0
[DEBUG]         1. Trump factor (confidence: 0.5864):
[DEBUG]           Not a high-confidence trump card
[DEBUG]         2. Lead suit factor:
[DEBUG]           Lead suit: H
[DEBUG]           Following suit, small bonus: +1.0000
[DEBUG]         3. Opponent void factor:
[DEBUG]           Opponent 0: no void bonus for H
[DEBUG]           Opponent 1: no void bonus for H
[DEBUG]           Opponent 3: no void bonus for H
[DEBUG]         4. Opponent strength factor (avg: 0.3768):
[DEBUG]           Weak opponents, but not a low card
[DEBUG]         5. Uncertainty factor (uncertainty: 0.4736):
[DEBUG]           Low uncertainty, no uncertainty factor
[DEBUG]         6. Game phase factor (phase: GamePhase.CONCEALED):
[DEBUG]           Concealed phase, but not a high card
[DEBUG]         7. Trick position factor:
[DEBUG]           Position in trick: 2
[DEBUG]           Middle position, no position factor
[DEBUG]         Final score for QH: 1.0000
[DEBUG]       Evaluating card 7H with belief model:
[DEBUG]         Base score from card value: 0
[DEBUG]         1. Trump factor (confidence: 0.5777):
[DEBUG]           Not a high-confidence trump card
[DEBUG]         2. Lead suit factor:
[DEBUG]           Lead suit: H
[DEBUG]           Following suit, small bonus: +1.0000
[DEBUG]         3. Opponent void factor:
[DEBUG]           Opponent 0: no void bonus for H
[DEBUG]           Opponent 1: no void bonus for H
[DEBUG]           Opponent 2: no void bonus for H
[DEBUG]         4. Opponent strength factor (avg: 0.3729):
[DEBUG]           Weak opponents, low card bonus: +1.0000
[DEBUG]         5. Uncertainty factor (uncertainty: 0.4705):
[DEBUG]           Low uncertainty, no uncertainty factor
[DEBUG]         6. Game phase factor (phase: GamePhase.CONCEALED):
[DEBUG]           Concealed phase, but not a high card
[DEBUG]         7. Trick position factor:
[DEBUG]           Position in trick: 3
[DEBUG]           Last to play, but can't win
[DEBUG]         Final score for 7H: 2.0000
[DEBUG]       Evaluating card AS with belief model:
[DEBUG]         Base score from card value: 1
[DEBUG]         1. Trump factor (confidence: 0.6053):
[DEBUG]           Not a high-confidence trump card
[DEBUG]         2. Lead suit factor:
[DEBUG]           No current trick
[DEBUG]         3. Opponent void factor:
[DEBUG]           Opponent 1: no void bonus for S
[DEBUG]           Opponent 2: no void bonus for S
[DEBUG]           Opponent 3: no void bonus for S
[DEBUG]         4. Opponent strength factor (avg: 0.3774):
[DEBUG]           Weak opponents, but not a low card
[DEBUG]         5. Uncertainty factor (uncertainty: 0.4762):
[DEBUG]           Low uncertainty, no uncertainty factor
[DEBUG]         6. Game phase factor (phase: GamePhase.CONCEALED):
[DEBUG]           Concealed phase, high card bonus: +1.0000
[DEBUG]         7. Trick position factor:
[DEBUG]           No current trick
[DEBUG]         Final score for AS: 2.0000
[DEBUG]       Evaluating card 9H with belief model:
[DEBUG]         Base score from card value: 2
[DEBUG]         1. Trump factor (confidence: 0.6053):
[DEBUG]           Not a high-confidence trump card
[DEBUG]         2. Lead suit factor:
[DEBUG]           No current trick
[DEBUG]         3. Opponent void factor:
[DEBUG]           Opponent 1: no void bonus for H
[DEBUG]           Opponent 2: no void bonus for H
[DEBUG]           Opponent 3: no void bonus for H
[DEBUG]         4. Opponent strength factor (avg: 0.3774):
[DEBUG]           Weak opponents, low card bonus: +1.0000
[DEBUG]         5. Uncertainty factor (uncertainty: 0.4762):
[DEBUG]           Low uncertainty, no uncertainty factor
[DEBUG]         6. Game phase factor (phase: GamePhase.CONCEALED):
[DEBUG]           Concealed phase, but not a high card
[DEBUG]         7. Trick position factor:
[DEBUG]           No current trick
[DEBUG]         Final score for 9H: 3.0000
[DEBUG]       Evaluating card KH with belief model:
[DEBUG]         Base score from card value: 0
[DEBUG]         1. Trump factor (confidence: 0.6053):
[DEBUG]           Not a high-confidence trump card
[DEBUG]         2. Lead suit factor:
[DEBUG]           No current trick
[DEBUG]         3. Opponent void factor:
[DEBUG]           Opponent 1: no void bonus for H
[DEBUG]           Opponent 2: no void bonus for H
[DEBUG]           Opponent 3: no void bonus for H
[DEBUG]         4. Opponent strength factor (avg: 0.3774):
[DEBUG]           Weak opponents, but not a low card
[DEBUG]         5. Uncertainty factor (uncertainty: 0.4762):
[DEBUG]           Low uncertainty, no uncertainty factor
[DEBUG]         6. Game phase factor (phase: GamePhase.CONCEALED):
[DEBUG]           Concealed phase, high card bonus: +1.0000
[DEBUG]         7. Trick position factor:
[DEBUG]           No current trick
[DEBUG]         Final score for KH: 1.0000
[DEBUG]       Evaluating card 9D with belief model:
[DEBUG]         Base score from card value: 2
[DEBUG]         1. Trump factor (confidence: 0.6053):
[DEBUG]           Not a high-confidence trump card
[DEBUG]         2. Lead suit factor:
[DEBUG]           No current trick
[DEBUG]         3. Opponent void factor:
[DEBUG]           Opponent 1: no void bonus for D
[DEBUG]           Opponent 2: no void bonus for D
[DEBUG]           Opponent 3: no void bonus for D
[DEBUG]         4. Opponent strength factor (avg: 0.3774):
[DEBUG]           Weak opponents, low card bonus: +1.0000
[DEBUG]         5. Uncertainty factor (uncertainty: 0.4762):
[DEBUG]           Low uncertainty, no uncertainty factor
[DEBUG]         6. Game phase factor (phase: GamePhase.CONCEALED):
[DEBUG]           Concealed phase, but not a high card
[DEBUG]         7. Trick position factor:
[DEBUG]           No current trick
[DEBUG]         Final score for 9D: 3.0000
[DEBUG]       Evaluating card 7D with belief model:
[DEBUG]         Base score from card value: 0
[DEBUG]         1. Trump factor (confidence: 0.6053):
[DEBUG]           Not a high-confidence trump card
[DEBUG]         2. Lead suit factor:
[DEBUG]           No current trick
[DEBUG]         3. Opponent void factor:
[DEBUG]           Opponent 1: no void bonus for D
[DEBUG]           Opponent 2: no void bonus for D
[DEBUG]           Opponent 3: no void bonus for D
[DEBUG]         4. Opponent strength factor (avg: 0.3774):
[DEBUG]           Weak opponents, low card bonus: +1.0000
[DEBUG]         5. Uncertainty factor (uncertainty: 0.4762):
[DEBUG]           Low uncertainty, no uncertainty factor
[DEBUG]         6. Game phase factor (phase: GamePhase.CONCEALED):
[DEBUG]           Concealed phase, but not a high card
[DEBUG]         7. Trick position factor:
[DEBUG]           No current trick
[DEBUG]         Final score for 7D: 1.0000
[DEBUG]       Evaluating card 8H with belief model:
[DEBUG]         Base score from card value: 0
[DEBUG]         1. Trump factor (confidence: 0.6055):
[DEBUG]           Not a high-confidence trump card
[DEBUG]         2. Lead suit factor:
[DEBUG]           Lead suit: H
[DEBUG]           Following suit, small bonus: +1.0000
[DEBUG]         3. Opponent void factor:
[DEBUG]           Opponent 0: no void bonus for H
[DEBUG]           Opponent 2: no void bonus for H
[DEBUG]           Opponent 3: no void bonus for H
[DEBUG]         4. Opponent strength factor (avg: 0.3757):
[DEBUG]           Weak opponents, low card bonus: +1.0000
[DEBUG]         5. Uncertainty factor (uncertainty: 0.4731):
[DEBUG]           Low uncertainty, no uncertainty factor
[DEBUG]         6. Game phase factor (phase: GamePhase.CONCEALED):
[DEBUG]           Concealed phase, but not a high card
[DEBUG]         7. Trick position factor:
[DEBUG]           Position in trick: 1
[DEBUG]           Middle position, no position factor
[DEBUG]         Final score for 8H: 2.0000
[DEBUG]       Evaluating card QH with belief model:
[DEBUG]         Base score from card value: 0
[DEBUG]         1. Trump factor (confidence: 0.6002):
[DEBUG]           Not a high-confidence trump card
[DEBUG]         2. Lead suit factor:
[DEBUG]           Lead suit: H
[DEBUG]           Following suit, small bonus: +1.0000
[DEBUG]         3. Opponent void factor:
[DEBUG]           Opponent 0: no void bonus for H
[DEBUG]           Opponent 1: no void bonus for H
[DEBUG]           Opponent 3: no void bonus for H
[DEBUG]         4. Opponent strength factor (avg: 0.3743):
[DEBUG]           Weak opponents, but not a low card
[DEBUG]         5. Uncertainty factor (uncertainty: 0.4743):
[DEBUG]           Low uncertainty, no uncertainty factor
[DEBUG]         6. Game phase factor (phase: GamePhase.CONCEALED):
[DEBUG]           Concealed phase, but not a high card
[DEBUG]         7. Trick position factor:
[DEBUG]           Position in trick: 2
[DEBUG]           Middle position, no position factor
[DEBUG]         Final score for QH: 1.0000
[DEBUG]       Evaluating card JS with belief model:
[DEBUG]         Base score from card value: 3
[DEBUG]         1. Trump factor (confidence: 0.5996):
[DEBUG]           Not a high-confidence trump card
[DEBUG]         2. Lead suit factor:
[DEBUG]           Lead suit: H
[DEBUG]           Void in H, discard bonus: +0.5000
[DEBUG]         3. Opponent void factor:
[DEBUG]           Opponent 0: no void bonus for S
[DEBUG]           Opponent 1: no void bonus for S
[DEBUG]           Opponent 2: no void bonus for S
[DEBUG]         4. Opponent strength factor (avg: 0.3714):
[DEBUG]           Weak opponents, but not a low card
[DEBUG]         5. Uncertainty factor (uncertainty: 0.4719):
[DEBUG]           Low uncertainty, no uncertainty factor
[DEBUG]         6. Game phase factor (phase: GamePhase.CONCEALED):
[DEBUG]           Concealed phase, but not a high card
[DEBUG]         7. Trick position factor:
[DEBUG]           Position in trick: 3
[DEBUG]           Can win the trick! Bonus: +4.0000
[DEBUG]         Final score for JS: 7.5000
[DEBUG]       Evaluating card AD with belief model:
[DEBUG]         Base score from card value: 1
[DEBUG]         1. Trump factor (confidence: 0.5996):
[DEBUG]           Not a high-confidence trump card
[DEBUG]         2. Lead suit factor:
[DEBUG]           Lead suit: H
[DEBUG]           Void in H, discard bonus: +0.5000
[DEBUG]         3. Opponent void factor:
[DEBUG]           Opponent 0: no void bonus for D
[DEBUG]           Opponent 1: no void bonus for D
[DEBUG]           Opponent 2: no void bonus for D
[DEBUG]         4. Opponent strength factor (avg: 0.3714):
[DEBUG]           Weak opponents, but not a low card
[DEBUG]         5. Uncertainty factor (uncertainty: 0.4719):
[DEBUG]           Low uncertainty, no uncertainty factor
[DEBUG]         6. Game phase factor (phase: GamePhase.CONCEALED):
[DEBUG]           Concealed phase, high card bonus: +1.0000
[DEBUG]         7. Trick position factor:
[DEBUG]           Position in trick: 3
[DEBUG]           Last to play, but can't win
[DEBUG]         Final score for AD: 2.5000
[DEBUG]       Evaluating card 8C with belief model:
[DEBUG]         Base score from card value: 0
[DEBUG]         1. Trump factor (confidence: 0.5996):
[DEBUG]           Not a high-confidence trump card
[DEBUG]         2. Lead suit factor:
[DEBUG]           Lead suit: H
[DEBUG]           Void in H, trump bonus: +3.0000
[DEBUG]         3. Opponent void factor:
[DEBUG]           Opponent 0: no void bonus for C
[DEBUG]           Opponent 1: no void bonus for C
[DEBUG]           Opponent 2: no void bonus for C
[DEBUG]         4. Opponent strength factor (avg: 0.3714):
[DEBUG]           Weak opponents, low card bonus: +1.0000
[DEBUG]         5. Uncertainty factor (uncertainty: 0.4719):
[DEBUG]           Low uncertainty, no uncertainty factor
[DEBUG]         6. Game phase factor (phase: GamePhase.CONCEALED):
[DEBUG]           Concealed phase, but not a high card
[DEBUG]         7. Trick position factor:
[DEBUG]           Position in trick: 3
[DEBUG]           Last to play, but can't win
[DEBUG]         Final score for 8C: 4.0000
[DEBUG]       Evaluating card 8S with belief model:
[DEBUG]         Base score from card value: 0
[DEBUG]         1. Trump factor (confidence: 0.5996):
[DEBUG]           Not a high-confidence trump card
[DEBUG]         2. Lead suit factor:
[DEBUG]           Lead suit: H
[DEBUG]           Void in H, discard bonus: +0.5000
[DEBUG]         3. Opponent void factor:
[DEBUG]           Opponent 0: no void bonus for S
[DEBUG]           Opponent 1: no void bonus for S
[DEBUG]           Opponent 2: no void bonus for S
[DEBUG]         4. Opponent strength factor (avg: 0.3714):
[DEBUG]           Weak opponents, low card bonus: +1.0000
[DEBUG]         5. Uncertainty factor (uncertainty: 0.4719):
[DEBUG]           Low uncertainty, no uncertainty factor
[DEBUG]         6. Game phase factor (phase: GamePhase.CONCEALED):
[DEBUG]           Concealed phase, but not a high card
[DEBUG]         7. Trick position factor:
[DEBUG]           Position in trick: 3
[DEBUG]           Last to play, but can't win
[DEBUG]         Final score for 8S: 1.5000
[DEBUG]       Evaluating card QS with belief model:
[DEBUG]         Base score from card value: 0
[DEBUG]         1. Trump factor (confidence: 0.5996):
[DEBUG]           Not a high-confidence trump card
[DEBUG]         2. Lead suit factor:
[DEBUG]           Lead suit: H
[DEBUG]           Void in H, discard bonus: +0.5000
[DEBUG]         3. Opponent void factor:
[DEBUG]           Opponent 0: no void bonus for S
[DEBUG]           Opponent 1: no void bonus for S
[DEBUG]           Opponent 2: no void bonus for S
[DEBUG]         4. Opponent strength factor (avg: 0.3714):
[DEBUG]           Weak opponents, but not a low card
[DEBUG]         5. Uncertainty factor (uncertainty: 0.4719):
[DEBUG]           Low uncertainty, no uncertainty factor
[DEBUG]         6. Game phase factor (phase: GamePhase.CONCEALED):
[DEBUG]           Concealed phase, but not a high card
[DEBUG]         7. Trick position factor:
[DEBUG]           Position in trick: 3
[DEBUG]           Last to play, but can't win
[DEBUG]         Final score for QS: 0.5000
[DEBUG]       Evaluating card JD with belief model:
[DEBUG]         Base score from card value: 3
[DEBUG]         1. Trump factor (confidence: 0.5996):
[DEBUG]           Not a high-confidence trump card
[DEBUG]         2. Lead suit factor:
[DEBUG]           Lead suit: H
[DEBUG]           Void in H, discard bonus: +0.5000
[DEBUG]         3. Opponent void factor:
[DEBUG]           Opponent 0: no void bonus for D
[DEBUG]           Opponent 1: no void bonus for D
[DEBUG]           Opponent 2: no void bonus for D
[DEBUG]         4. Opponent strength factor (avg: 0.3714):
[DEBUG]           Weak opponents, but not a low card
[DEBUG]         5. Uncertainty factor (uncertainty: 0.4719):
[DEBUG]           Low uncertainty, no uncertainty factor
[DEBUG]         6. Game phase factor (phase: GamePhase.CONCEALED):
[DEBUG]           Concealed phase, but not a high card
[DEBUG]         7. Trick position factor:
[DEBUG]           Position in trick: 3
[DEBUG]           Can win the trick! Bonus: +4.0000
[DEBUG]         Final score for JD: 7.5000
[DEBUG]       Evaluating card AS with belief model:
[DEBUG]         Base score from card value: 1
[DEBUG]         1. Trump factor (confidence: 0.6137):
[DEBUG]           Not a high-confidence trump card
[DEBUG]         2. Lead suit factor:
[DEBUG]           No current trick
[DEBUG]         3. Opponent void factor:
[DEBUG]           Opponent 1: no void bonus for S
[DEBUG]           Opponent 2: no void bonus for S
[DEBUG]           Opponent 3: no void bonus for S
[DEBUG]         4. Opponent strength factor (avg: 0.3740):
[DEBUG]           Weak opponents, but not a low card
[DEBUG]         5. Uncertainty factor (uncertainty: 0.4780):
[DEBUG]           Low uncertainty, no uncertainty factor
[DEBUG]         6. Game phase factor (phase: GamePhase.CONCEALED):
[DEBUG]           Concealed phase, high card bonus: +1.0000
[DEBUG]         7. Trick position factor:
[DEBUG]           No current trick
[DEBUG]         Final score for AS: 2.0000
[DEBUG]       Evaluating card KH with belief model:
[DEBUG]         Base score from card value: 0
[DEBUG]         1. Trump factor (confidence: 0.6137):
[DEBUG]           Not a high-confidence trump card
[DEBUG]         2. Lead suit factor:
[DEBUG]           No current trick
[DEBUG]         3. Opponent void factor:
[DEBUG]           Opponent 1: no void bonus for H
[DEBUG]           Opponent 2: no void bonus for H
[DEBUG]           Opponent 3: no void bonus for H
[DEBUG]         4. Opponent strength factor (avg: 0.3740):
[DEBUG]           Weak opponents, but not a low card
[DEBUG]         5. Uncertainty factor (uncertainty: 0.4780):
[DEBUG]           Low uncertainty, no uncertainty factor
[DEBUG]         6. Game phase factor (phase: GamePhase.CONCEALED):
[DEBUG]           Concealed phase, high card bonus: +1.0000
[DEBUG]         7. Trick position factor:
[DEBUG]           No current trick
[DEBUG]         Final score for KH: 1.0000
[DEBUG]       Evaluating card 9D with belief model:
[DEBUG]         Base score from card value: 2
[DEBUG]         1. Trump factor (confidence: 0.6137):
[DEBUG]           Not a high-confidence trump card
[DEBUG]         2. Lead suit factor:
[DEBUG]           No current trick
[DEBUG]         3. Opponent void factor:
[DEBUG]           Opponent 1: no void bonus for D
[DEBUG]           Opponent 2: no void bonus for D
[DEBUG]           Opponent 3: no void bonus for D
[DEBUG]         4. Opponent strength factor (avg: 0.3740):
[DEBUG]           Weak opponents, low card bonus: +1.0000
[DEBUG]         5. Uncertainty factor (uncertainty: 0.4780):
[DEBUG]           Low uncertainty, no uncertainty factor
[DEBUG]         6. Game phase factor (phase: GamePhase.CONCEALED):
[DEBUG]           Concealed phase, but not a high card
[DEBUG]         7. Trick position factor:
[DEBUG]           No current trick
[DEBUG]         Final score for 9D: 3.0000
[DEBUG]       Evaluating card 7D with belief model:
[DEBUG]         Base score from card value: 0
[DEBUG]         1. Trump factor (confidence: 0.6137):
[DEBUG]           Not a high-confidence trump card
[DEBUG]         2. Lead suit factor:
[DEBUG]           No current trick
[DEBUG]         3. Opponent void factor:
[DEBUG]           Opponent 1: no void bonus for D
[DEBUG]           Opponent 2: no void bonus for D
[DEBUG]           Opponent 3: no void bonus for D
[DEBUG]         4. Opponent strength factor (avg: 0.3740):
[DEBUG]           Weak opponents, low card bonus: +1.0000
[DEBUG]         5. Uncertainty factor (uncertainty: 0.4780):
[DEBUG]           Low uncertainty, no uncertainty factor
[DEBUG]         6. Game phase factor (phase: GamePhase.CONCEALED):
[DEBUG]           Concealed phase, but not a high card
[DEBUG]         7. Trick position factor:
[DEBUG]           No current trick
[DEBUG]         Final score for 7D: 1.0000
[DEBUG]       Evaluating card 10D with belief model:
[DEBUG]         Base score from card value: 1
[DEBUG]         1. Trump factor (confidence: 0.6234):
[DEBUG]           Not a high-confidence trump card
[DEBUG]         2. Lead suit factor:
[DEBUG]           Lead suit: D
[DEBUG]           Following suit, small bonus: +1.0000
[DEBUG]         3. Opponent void factor:
[DEBUG]           Opponent 0: no void bonus for D
[DEBUG]           Opponent 2: no void bonus for D
[DEBUG]           Opponent 3: no void bonus for D
[DEBUG]         4. Opponent strength factor (avg: 0.3730):
[DEBUG]           Weak opponents, but not a low card
[DEBUG]         5. Uncertainty factor (uncertainty: 0.4750):
[DEBUG]           Low uncertainty, no uncertainty factor
[DEBUG]         6. Game phase factor (phase: GamePhase.CONCEALED):
[DEBUG]           Concealed phase, but not a high card
[DEBUG]         7. Trick position factor:
[DEBUG]           Position in trick: 1
[DEBUG]           Middle position, no position factor
[DEBUG]         Final score for 10D: 2.0000
[DEBUG]       Evaluating card KD with belief model:
[DEBUG]         Base score from card value: 0
[DEBUG]         1. Trump factor (confidence: 0.6234):
[DEBUG]           Not a high-confidence trump card
[DEBUG]         2. Lead suit factor:
[DEBUG]           Lead suit: D
[DEBUG]           Following suit, small bonus: +1.0000
[DEBUG]         3. Opponent void factor:
[DEBUG]           Opponent 0: no void bonus for D
[DEBUG]           Opponent 2: no void bonus for D
[DEBUG]           Opponent 3: no void bonus for D
[DEBUG]         4. Opponent strength factor (avg: 0.3730):
[DEBUG]           Weak opponents, but not a low card
[DEBUG]         5. Uncertainty factor (uncertainty: 0.4750):
[DEBUG]           Low uncertainty, no uncertainty factor
[DEBUG]         6. Game phase factor (phase: GamePhase.CONCEALED):
[DEBUG]           Concealed phase, high card bonus: +1.0000
[DEBUG]         7. Trick position factor:
[DEBUG]           Position in trick: 1
[DEBUG]           Middle position, no position factor
[DEBUG]         Final score for KD: 2.0000
[DEBUG]       Evaluating card 8D with belief model:
[DEBUG]         Base score from card value: 0
[DEBUG]         1. Trump factor (confidence: 0.6029):
[DEBUG]           Not a high-confidence trump card
[DEBUG]         2. Lead suit factor:
[DEBUG]           Lead suit: D
[DEBUG]           Following suit, small bonus: +1.0000
[DEBUG]         3. Opponent void factor:
[DEBUG]           Opponent 0: no void bonus for D
[DEBUG]           Opponent 1: no void bonus for D
[DEBUG]           Opponent 3: no void bonus for D
[DEBUG]         4. Opponent strength factor (avg: 0.3723):
[DEBUG]           Weak opponents, low card bonus: +1.0000
[DEBUG]         5. Uncertainty factor (uncertainty: 0.4760):
[DEBUG]           Low uncertainty, no uncertainty factor
[DEBUG]         6. Game phase factor (phase: GamePhase.CONCEALED):
[DEBUG]           Concealed phase, but not a high card
[DEBUG]         7. Trick position factor:
[DEBUG]           Position in trick: 2
[DEBUG]           Middle position, no position factor
[DEBUG]         Final score for 8D: 2.0000
[DEBUG]       Evaluating card QD with belief model:
[DEBUG]         Base score from card value: 0
[DEBUG]         1. Trump factor (confidence: 0.6029):
[DEBUG]           Not a high-confidence trump card
[DEBUG]         2. Lead suit factor:
[DEBUG]           Lead suit: D
[DEBUG]           Following suit, small bonus: +1.0000
[DEBUG]         3. Opponent void factor:
[DEBUG]           Opponent 0: no void bonus for D
[DEBUG]           Opponent 1: no void bonus for D
[DEBUG]           Opponent 3: no void bonus for D
[DEBUG]         4. Opponent strength factor (avg: 0.3723):
[DEBUG]           Weak opponents, but not a low card
[DEBUG]         5. Uncertainty factor (uncertainty: 0.4760):
[DEBUG]           Low uncertainty, no uncertainty factor
[DEBUG]         6. Game phase factor (phase: GamePhase.CONCEALED):
[DEBUG]           Concealed phase, but not a high card
[DEBUG]         7. Trick position factor:
[DEBUG]           Position in trick: 2
[DEBUG]           Middle position, no position factor
[DEBUG]         Final score for QD: 1.0000
[DEBUG]       Evaluating card AD with belief model:
[DEBUG]         Base score from card value: 1
[DEBUG]         1. Trump factor (confidence: 0.6137):
[DEBUG]           Not a high-confidence trump card
[DEBUG]         2. Lead suit factor:
[DEBUG]           Lead suit: D
[DEBUG]           Following suit, small bonus: +1.0000
[DEBUG]         3. Opponent void factor:
[DEBUG]           Opponent 0: no void bonus for D
[DEBUG]           Opponent 1: no void bonus for D
[DEBUG]           Opponent 2: no void bonus for D
[DEBUG]         4. Opponent strength factor (avg: 0.3699):
[DEBUG]           Weak opponents, but not a low card
[DEBUG]         5. Uncertainty factor (uncertainty: 0.4734):
[DEBUG]           Low uncertainty, no uncertainty factor
[DEBUG]         6. Game phase factor (phase: GamePhase.CONCEALED):
[DEBUG]           Concealed phase, high card bonus: +1.0000
[DEBUG]         7. Trick position factor:
[DEBUG]           Position in trick: 3
[DEBUG]           Last to play, but can't win
[DEBUG]         Final score for AD: 3.0000
[DEBUG]       Evaluating card JD with belief model:
[DEBUG]         Base score from card value: 3
[DEBUG]         1. Trump factor (confidence: 0.6137):
[DEBUG]           Not a high-confidence trump card
[DEBUG]         2. Lead suit factor:
[DEBUG]           Lead suit: D
[DEBUG]           Can win the trick! Bonus: +5.0000
[DEBUG]         3. Opponent void factor:
[DEBUG]           Opponent 0: no void bonus for D
[DEBUG]           Opponent 1: no void bonus for D
[DEBUG]           Opponent 2: no void bonus for D
[DEBUG]         4. Opponent strength factor (avg: 0.3699):
[DEBUG]           Weak opponents, but not a low card
[DEBUG]         5. Uncertainty factor (uncertainty: 0.4734):
[DEBUG]           Low uncertainty, no uncertainty factor
[DEBUG]         6. Game phase factor (phase: GamePhase.CONCEALED):
[DEBUG]           Concealed phase, but not a high card
[DEBUG]         7. Trick position factor:
[DEBUG]           Position in trick: 3
[DEBUG]           Can win the trick! Bonus: +4.0000
[DEBUG]         Final score for JD: 12.0000
[DEBUG]       Evaluating card AS with belief model:
[DEBUG]         Base score from card value: 1
[DEBUG]         1. Trump factor (confidence: 0.6052):
[DEBUG]           Not a high-confidence trump card
[DEBUG]         2. Lead suit factor:
[DEBUG]           No current trick
[DEBUG]         3. Opponent void factor:
[DEBUG]           Opponent 1: no void bonus for S
[DEBUG]           Opponent 2: no void bonus for S
[DEBUG]           Opponent 3: no void bonus for S
[DEBUG]         4. Opponent strength factor (avg: 0.3694):
[DEBUG]           Weak opponents, but not a low card
[DEBUG]         5. Uncertainty factor (uncertainty: 0.4764):
[DEBUG]           Low uncertainty, no uncertainty factor
[DEBUG]         6. Game phase factor (phase: GamePhase.CONCEALED):
[DEBUG]           Concealed phase, high card bonus: +1.0000
[DEBUG]         7. Trick position factor:
[DEBUG]           No current trick
[DEBUG]         Final score for AS: 2.0000
[DEBUG]       Evaluating card KH with belief model:
[DEBUG]         Base score from card value: 0
[DEBUG]         1. Trump factor (confidence: 0.6052):
[DEBUG]           Not a high-confidence trump card
[DEBUG]         2. Lead suit factor:
[DEBUG]           No current trick
[DEBUG]         3. Opponent void factor:
[DEBUG]           Opponent 1: no void bonus for H
[DEBUG]           Opponent 2: no void bonus for H
[DEBUG]           Opponent 3: no void bonus for H
[DEBUG]         4. Opponent strength factor (avg: 0.3694):
[DEBUG]           Weak opponents, but not a low card
[DEBUG]         5. Uncertainty factor (uncertainty: 0.4764):
[DEBUG]           Low uncertainty, no uncertainty factor
[DEBUG]         6. Game phase factor (phase: GamePhase.CONCEALED):
[DEBUG]           Concealed phase, high card bonus: +1.0000
[DEBUG]         7. Trick position factor:
[DEBUG]           No current trick
[DEBUG]         Final score for KH: 1.0000
[DEBUG]       Evaluating card 7D with belief model:
[DEBUG]         Base score from card value: 0
[DEBUG]         1. Trump factor (confidence: 0.6052):
[DEBUG]           Not a high-confidence trump card
[DEBUG]         2. Lead suit factor:
[DEBUG]           No current trick
[DEBUG]         3. Opponent void factor:
[DEBUG]           Opponent 1: no void bonus for D
[DEBUG]           Opponent 2: no void bonus for D
[DEBUG]           Opponent 3: no void bonus for D
[DEBUG]         4. Opponent strength factor (avg: 0.3694):
[DEBUG]           Weak opponents, low card bonus: +1.0000
[DEBUG]         5. Uncertainty factor (uncertainty: 0.4764):
[DEBUG]           Low uncertainty, no uncertainty factor
[DEBUG]         6. Game phase factor (phase: GamePhase.CONCEALED):
[DEBUG]           Concealed phase, but not a high card
[DEBUG]         7. Trick position factor:
[DEBUG]           No current trick
[DEBUG]         Final score for 7D: 1.0000
[DEBUG]       Evaluating card 9S with belief model:
[DEBUG]         Base score from card value: 2
[DEBUG]         1. Trump factor (confidence: 0.6534):
[DEBUG]           Not a high-confidence trump card
[DEBUG]         2. Lead suit factor:
[DEBUG]           Lead suit: S
[DEBUG]           Can win the trick! Bonus: +5.0000
[DEBUG]         3. Opponent void factor:
[DEBUG]           Opponent 0: no void bonus for S
[DEBUG]           Opponent 2: no void bonus for S
[DEBUG]           Opponent 3: no void bonus for S
[DEBUG]         4. Opponent strength factor (avg: 0.3629):
[DEBUG]           Weak opponents, low card bonus: +1.0000
[DEBUG]         5. Uncertainty factor (uncertainty: 0.4784):
[DEBUG]           Low uncertainty, no uncertainty factor
[DEBUG]         6. Game phase factor (phase: GamePhase.CONCEALED):
[DEBUG]           Concealed phase, but not a high card
[DEBUG]         7. Trick position factor:
[DEBUG]           Position in trick: 1
[DEBUG]           Middle position, no position factor
[DEBUG]         Final score for 9S: 8.0000
[DEBUG]       Evaluating card 7S with belief model:
[DEBUG]         Base score from card value: 0
[DEBUG]         1. Trump factor (confidence: 0.6534):
[DEBUG]           Not a high-confidence trump card
[DEBUG]         2. Lead suit factor:
[DEBUG]           Lead suit: S
[DEBUG]           Following suit, small bonus: +1.0000
[DEBUG]         3. Opponent void factor:
[DEBUG]           Opponent 0: no void bonus for S
[DEBUG]           Opponent 2: no void bonus for S
[DEBUG]           Opponent 3: no void bonus for S
[DEBUG]         4. Opponent strength factor (avg: 0.3629):
[DEBUG]           Weak opponents, low card bonus: +1.0000
[DEBUG]         5. Uncertainty factor (uncertainty: 0.4784):
[DEBUG]           Low uncertainty, no uncertainty factor
[DEBUG]         6. Game phase factor (phase: GamePhase.CONCEALED):
[DEBUG]           Concealed phase, but not a high card
[DEBUG]         7. Trick position factor:
[DEBUG]           Position in trick: 1
[DEBUG]           Middle position, no position factor
[DEBUG]         Final score for 7S: 2.0000
[DEBUG]       Evaluating card 10S with belief model:
[DEBUG]         Base score from card value: 1
[DEBUG]         1. Trump factor (confidence: 0.6306):
[DEBUG]           Not a high-confidence trump card
[DEBUG]         2. Lead suit factor:
[DEBUG]           Lead suit: S
[DEBUG]           Following suit, small bonus: +1.0000
[DEBUG]         3. Opponent void factor:
[DEBUG]           Opponent 0: no void bonus for S
[DEBUG]           Opponent 1: no void bonus for S
[DEBUG]           Opponent 3: no void bonus for S
[DEBUG]         4. Opponent strength factor (avg: 0.3652):
[DEBUG]           Weak opponents, but not a low card
[DEBUG]         5. Uncertainty factor (uncertainty: 0.4792):
[DEBUG]           Low uncertainty, no uncertainty factor
[DEBUG]         6. Game phase factor (phase: GamePhase.CONCEALED):
[DEBUG]           Concealed phase, but not a high card
[DEBUG]         7. Trick position factor:
[DEBUG]           Position in trick: 2
[DEBUG]           Middle position, no position factor
[DEBUG]         Final score for 10S: 2.0000
[DEBUG]       Evaluating card KS with belief model:
[DEBUG]         Base score from card value: 0
[DEBUG]         1. Trump factor (confidence: 0.6306):
[DEBUG]           Not a high-confidence trump card
[DEBUG]         2. Lead suit factor:
[DEBUG]           Lead suit: S
[DEBUG]           Following suit, small bonus: +1.0000
[DEBUG]         3. Opponent void factor:
[DEBUG]           Opponent 0: no void bonus for S
[DEBUG]           Opponent 1: no void bonus for S
[DEBUG]           Opponent 3: no void bonus for S
[DEBUG]         4. Opponent strength factor (avg: 0.3652):
[DEBUG]           Weak opponents, but not a low card
[DEBUG]         5. Uncertainty factor (uncertainty: 0.4792):
[DEBUG]           Low uncertainty, no uncertainty factor
[DEBUG]         6. Game phase factor (phase: GamePhase.CONCEALED):
[DEBUG]           Concealed phase, high card bonus: +1.0000
[DEBUG]         7. Trick position factor:
[DEBUG]           Position in trick: 2
[DEBUG]           Middle position, no position factor
[DEBUG]         Final score for KS: 2.0000
[DEBUG]       Evaluating card 8S with belief model:
[DEBUG]         Base score from card value: 0
[DEBUG]         1. Trump factor (confidence: 0.6417):
[DEBUG]           Not a high-confidence trump card
[DEBUG]         2. Lead suit factor:
[DEBUG]           Lead suit: S
[DEBUG]           Following suit, small bonus: +1.0000
[DEBUG]         3. Opponent void factor:
[DEBUG]           Opponent 0: no void bonus for S
[DEBUG]           Opponent 1: no void bonus for S
[DEBUG]           Opponent 2: no void bonus for S
[DEBUG]         4. Opponent strength factor (avg: 0.3651):
[DEBUG]           Weak opponents, low card bonus: +1.0000
[DEBUG]         5. Uncertainty factor (uncertainty: 0.4772):
[DEBUG]           Low uncertainty, no uncertainty factor
[DEBUG]         6. Game phase factor (phase: GamePhase.CONCEALED):
[DEBUG]           Concealed phase, but not a high card
[DEBUG]         7. Trick position factor:
[DEBUG]           Position in trick: 3
[DEBUG]           Last to play, but can't win
[DEBUG]         Final score for 8S: 2.0000
[DEBUG]       Evaluating card QS with belief model:
[DEBUG]         Base score from card value: 0
[DEBUG]         1. Trump factor (confidence: 0.6417):
[DEBUG]           Not a high-confidence trump card
[DEBUG]         2. Lead suit factor:
[DEBUG]           Lead suit: S
[DEBUG]           Following suit, small bonus: +1.0000
[DEBUG]         3. Opponent void factor:
[DEBUG]           Opponent 0: no void bonus for S
[DEBUG]           Opponent 1: no void bonus for S
[DEBUG]           Opponent 2: no void bonus for S
[DEBUG]         4. Opponent strength factor (avg: 0.3651):
[DEBUG]           Weak opponents, but not a low card
[DEBUG]         5. Uncertainty factor (uncertainty: 0.4772):
[DEBUG]           Low uncertainty, no uncertainty factor
[DEBUG]         6. Game phase factor (phase: GamePhase.CONCEALED):
[DEBUG]           Concealed phase, but not a high card
[DEBUG]         7. Trick position factor:
[DEBUG]           Position in trick: 3
[DEBUG]           Last to play, but can't win
[DEBUG]         Final score for QS: 1.0000
[DEBUG]       Evaluating card KH with belief model:
[DEBUG]         Base score from card value: 0
[DEBUG]         1. Trump factor (confidence: 0.6441):
[DEBUG]           Not a high-confidence trump card
[DEBUG]         2. Lead suit factor:
[DEBUG]           No current trick
[DEBUG]         3. Opponent void factor:
[DEBUG]           Opponent 1: no void bonus for H
[DEBUG]           Opponent 2: no void bonus for H
[DEBUG]           Opponent 3: no void bonus for H
[DEBUG]         4. Opponent strength factor (avg: 0.3630):
[DEBUG]           Weak opponents, but not a low card
[DEBUG]         5. Uncertainty factor (uncertainty: 0.4797):
[DEBUG]           Low uncertainty, no uncertainty factor
[DEBUG]         6. Game phase factor (phase: GamePhase.CONCEALED):
[DEBUG]           Concealed phase, high card bonus: +1.0000
[DEBUG]         7. Trick position factor:
[DEBUG]           No current trick
[DEBUG]         Final score for KH: 1.0000
[DEBUG]       Evaluating card 7D with belief model:
[DEBUG]         Base score from card value: 0
[DEBUG]         1. Trump factor (confidence: 0.6441):
[DEBUG]           Not a high-confidence trump card
[DEBUG]         2. Lead suit factor:
[DEBUG]           No current trick
[DEBUG]         3. Opponent void factor:
[DEBUG]           Opponent 1: no void bonus for D
[DEBUG]           Opponent 2: no void bonus for D
[DEBUG]           Opponent 3: no void bonus for D
[DEBUG]         4. Opponent strength factor (avg: 0.3630):
[DEBUG]           Weak opponents, low card bonus: +1.0000
[DEBUG]         5. Uncertainty factor (uncertainty: 0.4797):
[DEBUG]           Low uncertainty, no uncertainty factor
[DEBUG]         6. Game phase factor (phase: GamePhase.CONCEALED):
[DEBUG]           Concealed phase, but not a high card
[DEBUG]         7. Trick position factor:
[DEBUG]           No current trick
[DEBUG]         Final score for 7D: 1.0000
[DEBUG]       Evaluating card AC with belief model:
[DEBUG]         Base score from card value: 1
[DEBUG]         1. Trump factor (confidence: 0.6673):
[DEBUG]           Not a high-confidence trump card
[DEBUG]         2. Lead suit factor:
[DEBUG]           Lead suit: H
[DEBUG]           Void in H, trump bonus: +3.0000
[DEBUG]         3. Opponent void factor:
[DEBUG]           Opponent 0: no void bonus for C
[DEBUG]           Opponent 2: no void bonus for C
[DEBUG]           Opponent 3: no void bonus for C
[DEBUG]         4. Opponent strength factor (avg: 0.3605):
[DEBUG]           Weak opponents, but not a low card
[DEBUG]         5. Uncertainty factor (uncertainty: 0.4774):
[DEBUG]           Low uncertainty, no uncertainty factor
[DEBUG]         6. Game phase factor (phase: GamePhase.CONCEALED):
[DEBUG]           Concealed phase, high card bonus: +1.0000
[DEBUG]         7. Trick position factor:
[DEBUG]           Position in trick: 1
[DEBUG]           Middle position, no position factor
[DEBUG]         Final score for AC: 5.0000
[DEBUG]       Evaluating card KD with belief model:
[DEBUG]         Base score from card value: 0
[DEBUG]         1. Trump factor (confidence: 0.6673):
[DEBUG]           Not a high-confidence trump card
[DEBUG]         2. Lead suit factor:
[DEBUG]           Lead suit: H
[DEBUG]           Void in H, discard bonus: +0.5000
[DEBUG]         3. Opponent void factor:
[DEBUG]           Opponent 0: no void bonus for D
[DEBUG]           Opponent 2: no void bonus for D
[DEBUG]           Opponent 3: no void bonus for D
[DEBUG]         4. Opponent strength factor (avg: 0.3605):
[DEBUG]           Weak opponents, but not a low card
[DEBUG]         5. Uncertainty factor (uncertainty: 0.4774):
[DEBUG]           Low uncertainty, no uncertainty factor
[DEBUG]         6. Game phase factor (phase: GamePhase.CONCEALED):
[DEBUG]           Concealed phase, high card bonus: +1.0000
[DEBUG]         7. Trick position factor:
[DEBUG]           Position in trick: 1
[DEBUG]           Middle position, no position factor
[DEBUG]         Final score for KD: 1.5000
[DEBUG]       Evaluating card 7S with belief model:
[DEBUG]         Base score from card value: 0
[DEBUG]         1. Trump factor (confidence: 0.6673):
[DEBUG]           Not a high-confidence trump card
[DEBUG]         2. Lead suit factor:
[DEBUG]           Lead suit: H
[DEBUG]           Void in H, discard bonus: +0.5000
[DEBUG]         3. Opponent void factor:
[DEBUG]           Opponent 0: no void bonus for S
[DEBUG]           Opponent 2: no void bonus for S
[DEBUG]           Opponent 3: no void bonus for S
[DEBUG]         4. Opponent strength factor (avg: 0.3605):
[DEBUG]           Weak opponents, low card bonus: +1.0000
[DEBUG]         5. Uncertainty factor (uncertainty: 0.4774):
[DEBUG]           Low uncertainty, no uncertainty factor
[DEBUG]         6. Game phase factor (phase: GamePhase.CONCEALED):
[DEBUG]           Concealed phase, but not a high card
[DEBUG]         7. Trick position factor:
[DEBUG]           Position in trick: 1
[DEBUG]           Middle position, no position factor
[DEBUG]         Final score for 7S: 1.5000
[DEBUG]       Evaluating card 9C with belief model:
[DEBUG]         Base score from card value: 2
[DEBUG]         1. Trump factor (confidence: 0.6673):
[DEBUG]           Not a high-confidence trump card
[DEBUG]         2. Lead suit factor:
[DEBUG]           Lead suit: H
[DEBUG]           Void in H, trump bonus: +3.0000
[DEBUG]         3. Opponent void factor:
[DEBUG]           Opponent 0: no void bonus for C
[DEBUG]           Opponent 2: no void bonus for C
[DEBUG]           Opponent 3: no void bonus for C
[DEBUG]         4. Opponent strength factor (avg: 0.3605):
[DEBUG]           Weak opponents, low card bonus: +1.0000
[DEBUG]         5. Uncertainty factor (uncertainty: 0.4774):
[DEBUG]           Low uncertainty, no uncertainty factor
[DEBUG]         6. Game phase factor (phase: GamePhase.CONCEALED):
[DEBUG]           Concealed phase, but not a high card
[DEBUG]         7. Trick position factor:
[DEBUG]           Position in trick: 1
[DEBUG]           Middle position, no position factor
[DEBUG]         Final score for 9C: 6.0000
[DEBUG] TRUMP REVEALED!
[DEBUG]   Player 1 revealed trump C
[DEBUG]   Trick number: 5
[DEBUG]   Card played: 9C
[DEBUG]   Game phase changed from CONCEALED to REVEALED
[DEBUG]       Evaluating card KC with belief model:
[DEBUG]         Base score from card value: 0
[DEBUG]         1. Trump factor (confidence: 0.6233):
[DEBUG]           Not a high-confidence trump card
[DEBUG]         2. Lead suit factor:
[DEBUG]           Lead suit: H
[DEBUG]           Void in H, trump bonus: +3.0000
[DEBUG]         3. Opponent void factor:
[DEBUG]           Opponent 0: no void bonus for C
[DEBUG]           Opponent 1: no void bonus for C
[DEBUG]           Opponent 3: no void bonus for C
[DEBUG]         4. Opponent strength factor (avg: 0.3450):
[DEBUG]           Weak opponents, but not a low card
[DEBUG]         5. Uncertainty factor (uncertainty: 0.4789):
[DEBUG]           Low uncertainty, no uncertainty factor
[DEBUG]         6. Game phase factor (phase: GamePhase.REVEALED):
[DEBUG]           Revealed phase, trump bonus: +2.0000
[DEBUG]         7. Trick position factor:
[DEBUG]           Position in trick: 2
[DEBUG]           Middle position, no position factor
[DEBUG]         Final score for KC: 5.0000
[DEBUG]       Evaluating card QD with belief model:
[DEBUG]         Base score from card value: 0
[DEBUG]         1. Trump factor (confidence: 0.6233):
[DEBUG]           Not a high-confidence trump card
[DEBUG]         2. Lead suit factor:
[DEBUG]           Lead suit: H
[DEBUG]           Void in H, discard bonus: +0.5000
[DEBUG]         3. Opponent void factor:
[DEBUG]           Opponent 0: no void bonus for D
[DEBUG]           Opponent 1: no void bonus for D
[DEBUG]           Opponent 3: no void bonus for D
[DEBUG]         4. Opponent strength factor (avg: 0.3450):
[DEBUG]           Weak opponents, but not a low card
[DEBUG]         5. Uncertainty factor (uncertainty: 0.4789):
[DEBUG]           Low uncertainty, no uncertainty factor
[DEBUG]         6. Game phase factor (phase: GamePhase.REVEALED):
[DEBUG]           Revealed phase, but not trump
[DEBUG]         7. Trick position factor:
[DEBUG]           Position in trick: 2
[DEBUG]           Middle position, no position factor
[DEBUG]         Final score for QD: 0.5000
[DEBUG]       Evaluating card 7C with belief model:
[DEBUG]         Base score from card value: 0
[DEBUG]         1. Trump factor (confidence: 0.6233):
[DEBUG]           Not a high-confidence trump card
[DEBUG]         2. Lead suit factor:
[DEBUG]           Lead suit: H
[DEBUG]           Void in H, trump bonus: +3.0000
[DEBUG]         3. Opponent void factor:
[DEBUG]           Opponent 0: no void bonus for C
[DEBUG]           Opponent 1: no void bonus for C
[DEBUG]           Opponent 3: no void bonus for C
[DEBUG]         4. Opponent strength factor (avg: 0.3450):
[DEBUG]           Weak opponents, low card bonus: +1.0000
[DEBUG]         5. Uncertainty factor (uncertainty: 0.4789):
[DEBUG]           Low uncertainty, no uncertainty factor
[DEBUG]         6. Game phase factor (phase: GamePhase.REVEALED):
[DEBUG]           Revealed phase, trump bonus: +2.0000
[DEBUG]         7. Trick position factor:
[DEBUG]           Position in trick: 2
[DEBUG]           Middle position, no position factor
[DEBUG]         Final score for 7C: 6.0000
[DEBUG]       Evaluating card KS with belief model:
[DEBUG]         Base score from card value: 0
[DEBUG]         1. Trump factor (confidence: 0.6233):
[DEBUG]           Not a high-confidence trump card
[DEBUG]         2. Lead suit factor:
[DEBUG]           Lead suit: H
[DEBUG]           Void in H, discard bonus: +0.5000
[DEBUG]         3. Opponent void factor:
[DEBUG]           Opponent 0: no void bonus for S
[DEBUG]           Opponent 1: no void bonus for S
[DEBUG]           Opponent 3: no void bonus for S
[DEBUG]         4. Opponent strength factor (avg: 0.3450):
[DEBUG]           Weak opponents, but not a low card
[DEBUG]         5. Uncertainty factor (uncertainty: 0.4789):
[DEBUG]           Low uncertainty, no uncertainty factor
[DEBUG]         6. Game phase factor (phase: GamePhase.REVEALED):
[DEBUG]           Revealed phase, but not trump
[DEBUG]         7. Trick position factor:
[DEBUG]           Position in trick: 2
[DEBUG]           Middle position, no position factor
[DEBUG]         Final score for KS: 0.5000
[DEBUG]       Evaluating card AD with belief model:
[DEBUG]         Base score from card value: 1
[DEBUG]         1. Trump factor (confidence: 0.6610):
[DEBUG]           Not a high-confidence trump card
[DEBUG]         2. Lead suit factor:
[DEBUG]           Lead suit: H
[DEBUG]           Void in H, discard bonus: +0.5000
[DEBUG]         3. Opponent void factor:
[DEBUG]           Opponent 0: no void bonus for D
[DEBUG]           Opponent 1: no void bonus for D
[DEBUG]           Opponent 2: no void bonus for D
[DEBUG]         4. Opponent strength factor (avg: 0.3361):
[DEBUG]           Weak opponents, but not a low card
[DEBUG]         5. Uncertainty factor (uncertainty: 0.4764):
[DEBUG]           Low uncertainty, no uncertainty factor
[DEBUG]         6. Game phase factor (phase: GamePhase.REVEALED):
[DEBUG]           Revealed phase, but not trump
[DEBUG]         7. Trick position factor:
[DEBUG]           Position in trick: 3
[DEBUG]           Last to play, but can't win
[DEBUG]         Final score for AD: 1.5000
[DEBUG]       Evaluating card 8C with belief model:
[DEBUG]         Base score from card value: 0
[DEBUG]         1. Trump factor (confidence: 0.6610):
[DEBUG]           Not a high-confidence trump card
[DEBUG]         2. Lead suit factor:
[DEBUG]           Lead suit: H
[DEBUG]           Void in H, trump bonus: +3.0000
[DEBUG]         3. Opponent void factor:
[DEBUG]           Opponent 0: no void bonus for C
[DEBUG]           Opponent 1: no void bonus for C
[DEBUG]           Opponent 2: no void bonus for C
[DEBUG]         4. Opponent strength factor (avg: 0.3361):
[DEBUG]           Weak opponents, low card bonus: +1.0000
[DEBUG]         5. Uncertainty factor (uncertainty: 0.4764):
[DEBUG]           Low uncertainty, no uncertainty factor
[DEBUG]         6. Game phase factor (phase: GamePhase.REVEALED):
[DEBUG]           Revealed phase, trump bonus: +2.0000
[DEBUG]         7. Trick position factor:
[DEBUG]           Position in trick: 3
[DEBUG]           Last to play, but can't win
[DEBUG]         Final score for 8C: 6.0000
[DEBUG]       Evaluating card QS with belief model:
[DEBUG]         Base score from card value: 0
[DEBUG]         1. Trump factor (confidence: 0.6610):
[DEBUG]           Not a high-confidence trump card
[DEBUG]         2. Lead suit factor:
[DEBUG]           Lead suit: H
[DEBUG]           Void in H, discard bonus: +0.5000
[DEBUG]         3. Opponent void factor:
[DEBUG]           Opponent 0: no void bonus for S
[DEBUG]           Opponent 1: no void bonus for S
[DEBUG]           Opponent 2: no void bonus for S
[DEBUG]         4. Opponent strength factor (avg: 0.3361):
[DEBUG]           Weak opponents, but not a low card
[DEBUG]         5. Uncertainty factor (uncertainty: 0.4764):
[DEBUG]           Low uncertainty, no uncertainty factor
[DEBUG]         6. Game phase factor (phase: GamePhase.REVEALED):
[DEBUG]           Revealed phase, but not trump
[DEBUG]         7. Trick position factor:
[DEBUG]           Position in trick: 3
[DEBUG]           Last to play, but can't win
[DEBUG]         Final score for QS: 0.5000
[DEBUG]       Evaluating card 10C with belief model:
[DEBUG]         Base score from card value: 1
[DEBUG]         1. Trump factor (confidence: 0.6610):
[DEBUG]           Not a high-confidence trump card
[DEBUG]         2. Lead suit factor:
[DEBUG]           Lead suit: H
[DEBUG]           Void in H, trump bonus: +3.0000
[DEBUG]         3. Opponent void factor:
[DEBUG]           Opponent 0: no void bonus for C
[DEBUG]           Opponent 1: no void bonus for C
[DEBUG]           Opponent 2: no void bonus for C
[DEBUG]         4. Opponent strength factor (avg: 0.3361):
[DEBUG]           Weak opponents, but not a low card
[DEBUG]         5. Uncertainty factor (uncertainty: 0.4764):
[DEBUG]           Low uncertainty, no uncertainty factor
[DEBUG]         6. Game phase factor (phase: GamePhase.REVEALED):
[DEBUG]           Revealed phase, trump bonus: +2.0000
[DEBUG]         7. Trick position factor:
[DEBUG]           Position in trick: 3
[DEBUG]           Last to play, but can't win
[DEBUG]         Final score for 10C: 6.0000
[DEBUG]       Evaluating card JC with belief model:
[DEBUG]         Base score from card value: 3
[DEBUG]         1. Trump factor (confidence: 0.6356):
[DEBUG]           Not a high-confidence trump card
[DEBUG]         2. Lead suit factor:
[DEBUG]           No current trick
[DEBUG]         3. Opponent void factor:
[DEBUG]           Opponent 1: no void bonus for C
[DEBUG]           Opponent 2: no void bonus for C
[DEBUG]           Opponent 3: no void bonus for C
[DEBUG]         4. Opponent strength factor (avg: 0.3280):
[DEBUG]           Weak opponents, but not a low card
[DEBUG]         5. Uncertainty factor (uncertainty: 0.4780):
[DEBUG]           Low uncertainty, no uncertainty factor
[DEBUG]         6. Game phase factor (phase: GamePhase.REVEALED):
[DEBUG]           Revealed phase, trump bonus: +2.0000
[DEBUG]         7. Trick position factor:
[DEBUG]           No current trick
[DEBUG]         Final score for JC: 5.0000
[DEBUG]       Evaluating card QC with belief model:
[DEBUG]         Base score from card value: 0
[DEBUG]         1. Trump factor (confidence: 0.6356):
[DEBUG]           Not a high-confidence trump card
[DEBUG]         2. Lead suit factor:
[DEBUG]           No current trick
[DEBUG]         3. Opponent void factor:
[DEBUG]           Opponent 1: no void bonus for C
[DEBUG]           Opponent 2: no void bonus for C
[DEBUG]           Opponent 3: no void bonus for C
[DEBUG]         4. Opponent strength factor (avg: 0.3280):
[DEBUG]           Weak opponents, but not a low card
[DEBUG]         5. Uncertainty factor (uncertainty: 0.4780):
[DEBUG]           Low uncertainty, no uncertainty factor
[DEBUG]         6. Game phase factor (phase: GamePhase.REVEALED):
[DEBUG]           Revealed phase, trump bonus: +2.0000
[DEBUG]         7. Trick position factor:
[DEBUG]           No current trick
[DEBUG]         Final score for QC: 2.0000
[DEBUG]       Evaluating card 7D with belief model:
[DEBUG]         Base score from card value: 0
[DEBUG]         1. Trump factor (confidence: 0.6356):
[DEBUG]           Not a high-confidence trump card
[DEBUG]         2. Lead suit factor:
[DEBUG]           No current trick
[DEBUG]         3. Opponent void factor:
[DEBUG]           Opponent 1: no void bonus for D
[DEBUG]           Opponent 2: no void bonus for D
[DEBUG]           Opponent 3: no void bonus for D
[DEBUG]         4. Opponent strength factor (avg: 0.3280):
[DEBUG]           Weak opponents, low card bonus: +1.0000
[DEBUG]         5. Uncertainty factor (uncertainty: 0.4780):
[DEBUG]           Low uncertainty, no uncertainty factor
[DEBUG]         6. Game phase factor (phase: GamePhase.REVEALED):
[DEBUG]           Revealed phase, but not trump
[DEBUG]         7. Trick position factor:
[DEBUG]           No current trick
[DEBUG]         Final score for 7D: 1.0000
[DEBUG]       Evaluating card AC with belief model:
[DEBUG]         Base score from card value: 1
[DEBUG]         1. Trump factor (confidence: 0.6524):
[DEBUG]           Not a high-confidence trump card
[DEBUG]         2. Lead suit factor:
[DEBUG]           Lead suit: C
[DEBUG]           Following suit, small bonus: +1.0000
[DEBUG]         3. Opponent void factor:
[DEBUG]           Opponent 0: no void bonus for C
[DEBUG]           Opponent 2: no void bonus for C
[DEBUG]           Opponent 3: no void bonus for C
[DEBUG]         4. Opponent strength factor (avg: 0.3292):
[DEBUG]           Weak opponents, but not a low card
[DEBUG]         5. Uncertainty factor (uncertainty: 0.4766):
[DEBUG]           Low uncertainty, no uncertainty factor
[DEBUG]         6. Game phase factor (phase: GamePhase.REVEALED):
[DEBUG]           Revealed phase, trump bonus: +2.0000
[DEBUG]         7. Trick position factor:
[DEBUG]           Position in trick: 1
[DEBUG]           Middle position, no position factor
[DEBUG]         Final score for AC: 4.0000
[DEBUG]       Evaluating card KC with belief model:
[DEBUG]         Base score from card value: 0
[DEBUG]         1. Trump factor (confidence: 0.6452):
[DEBUG]           Not a high-confidence trump card
[DEBUG]         2. Lead suit factor:
[DEBUG]           Lead suit: C
[DEBUG]           Following suit, small bonus: +1.0000
[DEBUG]         3. Opponent void factor:
[DEBUG]           Opponent 0: no void bonus for C
[DEBUG]           Opponent 1: no void bonus for C
[DEBUG]           Opponent 3: no void bonus for C
[DEBUG]         4. Opponent strength factor (avg: 0.3254):
[DEBUG]           Weak opponents, but not a low card
[DEBUG]         5. Uncertainty factor (uncertainty: 0.4775):
[DEBUG]           Low uncertainty, no uncertainty factor
[DEBUG]         6. Game phase factor (phase: GamePhase.REVEALED):
[DEBUG]           Revealed phase, trump bonus: +2.0000
[DEBUG]         7. Trick position factor:
[DEBUG]           Position in trick: 2
[DEBUG]           Middle position, no position factor
[DEBUG]         Final score for KC: 3.0000
[DEBUG]       Evaluating card 10C with belief model:
[DEBUG]         Base score from card value: 1
[DEBUG]         1. Trump factor (confidence: 0.6334):
[DEBUG]           Not a high-confidence trump card
[DEBUG]         2. Lead suit factor:
[DEBUG]           Lead suit: C
[DEBUG]           Following suit, small bonus: +1.0000
[DEBUG]         3. Opponent void factor:
[DEBUG]           Opponent 0: no void bonus for C
[DEBUG]           Opponent 1: no void bonus for C
[DEBUG]           Opponent 2: no void bonus for C
[DEBUG]         4. Opponent strength factor (avg: 0.3010):
[DEBUG]           Weak opponents, but not a low card
[DEBUG]         5. Uncertainty factor (uncertainty: 0.4720):
[DEBUG]           Low uncertainty, no uncertainty factor
[DEBUG]         6. Game phase factor (phase: GamePhase.REVEALED):
[DEBUG]           Revealed phase, trump bonus: +2.0000
[DEBUG]         7. Trick position factor:
[DEBUG]           Position in trick: 3
[DEBUG]           Last to play, but can't win
[DEBUG]         Final score for 10C: 4.0000
[DEBUG]       Evaluating card QC with belief model:
[DEBUG]         Base score from card value: 0
[DEBUG]         1. Trump factor (confidence: 0.6015):
[DEBUG]           Not a high-confidence trump card
[DEBUG]         2. Lead suit factor:
[DEBUG]           No current trick
[DEBUG]         3. Opponent void factor:
[DEBUG]           Opponent 1: no void bonus for C
[DEBUG]           Opponent 2: no void bonus for C
[DEBUG]           Opponent 3: no void bonus for C
[DEBUG]         4. Opponent strength factor (avg: 0.2858):
[DEBUG]           Weak opponents, but not a low card
[DEBUG]         5. Uncertainty factor (uncertainty: 0.4727):
[DEBUG]           Low uncertainty, no uncertainty factor
[DEBUG]         6. Game phase factor (phase: GamePhase.REVEALED):
[DEBUG]           Revealed phase, trump bonus: +2.0000
[DEBUG]         7. Trick position factor:
[DEBUG]           No current trick
[DEBUG]         Final score for QC: 2.0000
[DEBUG]       Evaluating card 7D with belief model:
[DEBUG]         Base score from card value: 0
[DEBUG]         1. Trump factor (confidence: 0.6015):
[DEBUG]           Not a high-confidence trump card
[DEBUG]         2. Lead suit factor:
[DEBUG]           No current trick
[DEBUG]         3. Opponent void factor:
[DEBUG]           Opponent 1: no void bonus for D
[DEBUG]           Opponent 2: no void bonus for D
[DEBUG]           Opponent 3: no void bonus for D
[DEBUG]         4. Opponent strength factor (avg: 0.2858):
[DEBUG]           Weak opponents, low card bonus: +1.0000
[DEBUG]         5. Uncertainty factor (uncertainty: 0.4727):
[DEBUG]           Low uncertainty, no uncertainty factor
[DEBUG]         6. Game phase factor (phase: GamePhase.REVEALED):
[DEBUG]           Revealed phase, but not trump
[DEBUG]         7. Trick position factor:
[DEBUG]           No current trick
[DEBUG]         Final score for 7D: 1.0000
[DEBUG]       Evaluating card KD with belief model:
[DEBUG]         Base score from card value: 0
[DEBUG]         1. Trump factor (confidence: 0.6221):
[DEBUG]           Not a high-confidence trump card
[DEBUG]         2. Lead suit factor:
[DEBUG]           Lead suit: C
[DEBUG]           Void in C, discard bonus: +0.5000
[DEBUG]         3. Opponent void factor:
[DEBUG]           Opponent 0: no void bonus for D
[DEBUG]           Opponent 2: no void bonus for D
[DEBUG]           Opponent 3: no void bonus for D
[DEBUG]         4. Opponent strength factor (avg: 0.2839):
[DEBUG]           Weak opponents, but not a low card
[DEBUG]         5. Uncertainty factor (uncertainty: 0.4707):
[DEBUG]           Low uncertainty, no uncertainty factor
[DEBUG]         6. Game phase factor (phase: GamePhase.REVEALED):
[DEBUG]           Revealed phase, but not trump
[DEBUG]         7. Trick position factor:
[DEBUG]           Position in trick: 1
[DEBUG]           Middle position, no position factor
[DEBUG]         Final score for KD: 0.5000
[DEBUG]       Evaluating card 7S with belief model:
[DEBUG]         Base score from card value: 0
[DEBUG]         1. Trump factor (confidence: 0.6221):
[DEBUG]           Not a high-confidence trump card
[DEBUG]         2. Lead suit factor:
[DEBUG]           Lead suit: C
[DEBUG]           Void in C, discard bonus: +0.5000
[DEBUG]         3. Opponent void factor:
[DEBUG]           Opponent 0 void in S! Bonus: +2.0000
[DEBUG]           Opponent 2 void in S! Bonus: +2.0000
[DEBUG]           Opponent 3 void in S! Bonus: +2.0000
[DEBUG]         4. Opponent strength factor (avg: 0.2839):
[DEBUG]           Weak opponents, low card bonus: +1.0000
[DEBUG]         5. Uncertainty factor (uncertainty: 0.4707):
[DEBUG]           Low uncertainty, no uncertainty factor
[DEBUG]         6. Game phase factor (phase: GamePhase.REVEALED):
[DEBUG]           Revealed phase, but not trump
[DEBUG]         7. Trick position factor:
[DEBUG]           Position in trick: 1
[DEBUG]           Middle position, no position factor
[DEBUG]         Final score for 7S: 7.5000
[DEBUG]       Evaluating card QD with belief model:
[DEBUG]         Base score from card value: 0
[DEBUG]         1. Trump factor (confidence: 0.6205):
[DEBUG]           Not a high-confidence trump card
[DEBUG]         2. Lead suit factor:
[DEBUG]           Lead suit: C
[DEBUG]           Void in C, discard bonus: +0.5000
[DEBUG]         3. Opponent void factor:
[DEBUG]           Opponent 0: no void bonus for D
[DEBUG]           Opponent 1: no void bonus for D
[DEBUG]           Opponent 3: no void bonus for D
[DEBUG]         4. Opponent strength factor (avg: 0.2906):
[DEBUG]           Weak opponents, but not a low card
[DEBUG]         5. Uncertainty factor (uncertainty: 0.4731):
[DEBUG]           Low uncertainty, no uncertainty factor
[DEBUG]         6. Game phase factor (phase: GamePhase.REVEALED):
[DEBUG]           Revealed phase, but not trump
[DEBUG]         7. Trick position factor:
[DEBUG]           Position in trick: 2
[DEBUG]           Middle position, no position factor
[DEBUG]         Final score for QD: 0.5000
[DEBUG]       Evaluating card KS with belief model:
[DEBUG]         Base score from card value: 0
[DEBUG]         1. Trump factor (confidence: 0.6205):
[DEBUG]           Not a high-confidence trump card
[DEBUG]         2. Lead suit factor:
[DEBUG]           Lead suit: C
[DEBUG]           Void in C, discard bonus: +0.5000
[DEBUG]         3. Opponent void factor:
[DEBUG]           Opponent 0 void in S! Bonus: +2.0000
[DEBUG]           Opponent 1 void in S! Bonus: +2.0000
[DEBUG]           Opponent 3 void in S! Bonus: +2.0000
[DEBUG]         4. Opponent strength factor (avg: 0.2906):
[DEBUG]           Weak opponents, but not a low card
[DEBUG]         5. Uncertainty factor (uncertainty: 0.4731):
[DEBUG]           Low uncertainty, no uncertainty factor
[DEBUG]         6. Game phase factor (phase: GamePhase.REVEALED):
[DEBUG]           Revealed phase, but not trump
[DEBUG]         7. Trick position factor:
[DEBUG]           Position in trick: 2
[DEBUG]           Middle position, no position factor
[DEBUG]         Final score for KS: 6.5000
[DEBUG]       Evaluating card AD with belief model:
[DEBUG]         Base score from card value: 1
[DEBUG]         1. Trump factor (confidence: 0.6381):
[DEBUG]           Not a high-confidence trump card
[DEBUG]         2. Lead suit factor:
[DEBUG]           Lead suit: C
[DEBUG]           Void in C, discard bonus: +0.5000
[DEBUG]         3. Opponent void factor:
[DEBUG]           Opponent 0: no void bonus for D
[DEBUG]           Opponent 1: no void bonus for D
[DEBUG]           Opponent 2: no void bonus for D
[DEBUG]         4. Opponent strength factor (avg: 0.2870):
[DEBUG]           Weak opponents, but not a low card
[DEBUG]         5. Uncertainty factor (uncertainty: 0.4696):
[DEBUG]           Low uncertainty, no uncertainty factor
[DEBUG]         6. Game phase factor (phase: GamePhase.REVEALED):
[DEBUG]           Revealed phase, but not trump
[DEBUG]         7. Trick position factor:
[DEBUG]           Position in trick: 3
[DEBUG]           Can win the trick! Bonus: +4.0000
[DEBUG]         Final score for AD: 5.5000
[DEBUG]       Evaluating card QS with belief model:
[DEBUG]         Base score from card value: 0
[DEBUG]         1. Trump factor (confidence: 0.6381):
[DEBUG]           Not a high-confidence trump card
[DEBUG]         2. Lead suit factor:
[DEBUG]           Lead suit: C
[DEBUG]           Void in C, discard bonus: +0.5000
[DEBUG]         3. Opponent void factor:
[DEBUG]           Opponent 0 void in S! Bonus: +2.0000
[DEBUG]           Opponent 1 void in S! Bonus: +2.0000
[DEBUG]           Opponent 2 void in S! Bonus: +2.0000
[DEBUG]         4. Opponent strength factor (avg: 0.2870):
[DEBUG]           Weak opponents, but not a low card
[DEBUG]         5. Uncertainty factor (uncertainty: 0.4696):
[DEBUG]           Low uncertainty, no uncertainty factor
[DEBUG]         6. Game phase factor (phase: GamePhase.REVEALED):
[DEBUG]           Revealed phase, but not trump
[DEBUG]         7. Trick position factor:
[DEBUG]           Position in trick: 3
[DEBUG]           Last to play, but can't win
[DEBUG]         Final score for QS: 6.5000
[DEBUG]       Evaluating card 7D with belief model:
[DEBUG]         Base score from card value: 0
[DEBUG]         1. Trump factor (confidence: 0.5518):
[DEBUG]           Not a high-confidence trump card
[DEBUG]         2. Lead suit factor:
[DEBUG]           No current trick
[DEBUG]         3. Opponent void factor:
[DEBUG]           Opponent 1: no void bonus for D
[DEBUG]           Opponent 2: no void bonus for D
[DEBUG]           Opponent 3: no void bonus for D
[DEBUG]         4. Opponent strength factor (avg: 0.2456):
[DEBUG]           Weak opponents, low card bonus: +1.0000
[DEBUG]         5. Uncertainty factor (uncertainty: 0.4650):
[DEBUG]           Low uncertainty, no uncertainty factor
[DEBUG]         6. Game phase factor (phase: GamePhase.REVEALED):
[DEBUG]           Revealed phase, but not trump
[DEBUG]         7. Trick position factor:
[DEBUG]           No current trick
[DEBUG]         Final score for 7D: 1.0000
[DEBUG]       Evaluating card KD with belief model:
[DEBUG]         Base score from card value: 0
[DEBUG]         1. Trump factor (confidence: 0.5661):
[DEBUG]           Not a high-confidence trump card
[DEBUG]         2. Lead suit factor:
[DEBUG]           Lead suit: D
[DEBUG]           Following suit, small bonus: +1.0000
[DEBUG]         3. Opponent void factor:
[DEBUG]           Opponent 0: no void bonus for D
[DEBUG]           Opponent 2: no void bonus for D
[DEBUG]           Opponent 3: no void bonus for D
[DEBUG]         4. Opponent strength factor (avg: 0.2434):
[DEBUG]           Weak opponents, but not a low card
[DEBUG]         5. Uncertainty factor (uncertainty: 0.4616):
[DEBUG]           Low uncertainty, no uncertainty factor
[DEBUG]         6. Game phase factor (phase: GamePhase.REVEALED):
[DEBUG]           Revealed phase, but not trump
[DEBUG]         7. Trick position factor:
[DEBUG]           Position in trick: 1
[DEBUG]           Middle position, no position factor
[DEBUG]         Final score for KD: 1.0000
[DEBUG]       Evaluating card QD with belief model:
[DEBUG]         Base score from card value: 0
[DEBUG]         1. Trump factor (confidence: 0.5610):
[DEBUG]           Not a high-confidence trump card
[DEBUG]         2. Lead suit factor:
[DEBUG]           Lead suit: D
[DEBUG]           Following suit, small bonus: +1.0000
[DEBUG]         3. Opponent void factor:
[DEBUG]           Opponent 0: no void bonus for D
[DEBUG]           Opponent 1: no void bonus for D
[DEBUG]           Opponent 3: no void bonus for D
[DEBUG]         4. Opponent strength factor (avg: 0.2394):
[DEBUG]           Weak opponents, but not a low card
[DEBUG]         5. Uncertainty factor (uncertainty: 0.4617):
[DEBUG]           Low uncertainty, no uncertainty factor
[DEBUG]         6. Game phase factor (phase: GamePhase.REVEALED):
[DEBUG]           Revealed phase, but not trump
[DEBUG]         7. Trick position factor:
[DEBUG]           Position in trick: 2
[DEBUG]           Middle position, no position factor
[DEBUG]         Final score for QD: 1.0000
[DEBUG]       Evaluating card AD with belief model:
[DEBUG]         Base score from card value: 1
[DEBUG]         1. Trump factor (confidence: 0.5766):
[DEBUG]           Not a high-confidence trump card
[DEBUG]         2. Lead suit factor:
[DEBUG]           Lead suit: D
[DEBUG]           Can win the trick! Bonus: +5.0000
[DEBUG]         3. Opponent void factor:
[DEBUG]           Opponent 0: no void bonus for D
[DEBUG]           Opponent 1: no void bonus for D
[DEBUG]           Opponent 2: no void bonus for D
[DEBUG]         4. Opponent strength factor (avg: 0.2409):
[DEBUG]           Weak opponents, but not a low card
[DEBUG]         5. Uncertainty factor (uncertainty: 0.4592):
[DEBUG]           Low uncertainty, no uncertainty factor
[DEBUG]         6. Game phase factor (phase: GamePhase.REVEALED):
[DEBUG]           Revealed phase, but not trump
[DEBUG]         7. Trick position factor:
[DEBUG]           Position in trick: 3
[DEBUG]           Can win the trick! Bonus: +4.0000
[DEBUG]         Final score for AD: 10.0000