
===== GAME 1 (20250825_093826_911) =====
Player 0 initial hand (bidding): ['7S', 'JH', 'QC', '8H']
Player 1 initial hand (bidding): ['AH', '7D', '9H', 'KC']
Player 2 initial hand (bidding): ['KS', '7C', 'JD', '10H']
Player 3 initial hand (bidding): ['7H', '9S', 'JC', '10S']

  Player 0 (Belief Master) analyzing bid:
    Bidding hand (first 4): ['7S', 'JH', 'QC', '8H']
    Hand strength: 0.107
    Current bid: 16
Point prediction error: shape '[1, 7, -1]' is invalid for input of size 52
    Point prediction: 0.0 points
    Belief model: Opponent hand probabilities calculated
    Strategy: Belief Model Bidding (NO HEURISTICS)
    Belief model predictions obtained
      Belief model evaluation error: The truth value of an array with more than one element is ambiguous. Use a.any() or a.all()
    Pass evaluation score: 0.000
      Belief model evaluation error: The truth value of an array with more than one element is ambiguous. Use a.any() or a.all()
    Bid 17 evaluation score: -1.000
      Belief model evaluation error: The truth value of an array with more than one element is ambiguous. Use a.any() or a.all()
    Bid 18 evaluation score: -1.000
      Belief model evaluation error: The truth value of an array with more than one element is ambiguous. Use a.any() or a.all()
    Bid 19 evaluation score: -1.000
    Best decision: PASS (score: 0.000)
Pass: Player 0 (min_allowed=17)
  Player 1 (Belief Expert) analyzing bid:
    Bidding hand (first 4): ['AH', '7D', '9H', 'KC']
    Hand strength: 0.107
    Current bid: 16
Point prediction error: shape '[1, 7, -1]' is invalid for input of size 52
    Point prediction: 0.0 points
    Belief model: Opponent hand probabilities calculated
    Strategy: Belief Model Bidding (NO HEURISTICS)
    Belief model predictions obtained
      Belief model evaluation error: The truth value of an array with more than one element is ambiguous. Use a.any() or a.all()
    Pass evaluation score: 0.000
      Belief model evaluation error: The truth value of an array with more than one element is ambiguous. Use a.any() or a.all()
    Bid 17 evaluation score: -1.000
      Belief model evaluation error: The truth value of an array with more than one element is ambiguous. Use a.any() or a.all()
    Bid 18 evaluation score: -1.000
      Belief model evaluation error: The truth value of an array with more than one element is ambiguous. Use a.any() or a.all()
    Bid 19 evaluation score: -1.000
    Best decision: PASS (score: 0.000)
Pass: Player 1 (min_allowed=17)
  Player 2 (Belief Pro) analyzing bid:
    Bidding hand (first 4): ['KS', '7C', 'JD', '10H']
    Hand strength: 0.143
    Current bid: 16
Point prediction error: shape '[1, 7, -1]' is invalid for input of size 52
    Point prediction: 0.0 points
    Belief model: Opponent hand probabilities calculated
    Strategy: Belief Model Bidding (NO HEURISTICS)
    Belief model predictions obtained
      Belief model evaluation error: The truth value of an array with more than one element is ambiguous. Use a.any() or a.all()
    Pass evaluation score: 0.000
      Belief model evaluation error: The truth value of an array with more than one element is ambiguous. Use a.any() or a.all()
    Bid 17 evaluation score: -1.000
      Belief model evaluation error: The truth value of an array with more than one element is ambiguous. Use a.any() or a.all()
    Bid 18 evaluation score: -1.000
      Belief model evaluation error: The truth value of an array with more than one element is ambiguous. Use a.any() or a.all()
    Bid 19 evaluation score: -1.000
    Best decision: PASS (score: 0.000)
Pass: Player 2 (min_allowed=17)
Auction winner: Player 3 with bid 16
    Strategy: Belief-based trump selection
    Belief-based trump selection error: The truth value of an array with more than one element is ambiguous. Use a.any() or a.all()
Bidder sets concealed trump suit: S
Phase: concealed, bidder concealed card: [face-down trump]

Full hands (8 cards each):
Player 0 full hand: ['7S', 'JH', 'QC', '8H', '8C', 'KH', 'AC', '10D']
Player 1 full hand: ['AH', '7D', '9H', 'KC', 'JS', 'KD', 'QH', '9C']
Player 2 full hand: ['KS', '7C', 'JD', '10H', '10C', '9D', '8D', '8S']
Player 3 full hand: ['7H', 'JC', '10S', 'AD', 'QS', 'QD', 'AS']

  Player 0 (Belief Master) choosing card:
    Remaining hand (8 cards): ['7S', 'JH', 'QC', '8H', '8C', 'KH', 'AC', '10D']
    Legal cards (7): ['JH', 'QC', '8H', '8C', 'KH', 'AC', '10D']
    Current trick: 0 cards played
    Trump suit: S
    Strategy: Belief Model Card Selection (NO HEURISTICS)
    Belief model predictions obtained
    Evaluating card 1/7: JH
      Belief model card evaluation error: The truth value of an array with more than one element is ambiguous. Use a.any() or a.all()
      Belief model score: 3.000
    Evaluating card 2/7: QC
      Belief model card evaluation error: The truth value of an array with more than one element is ambiguous. Use a.any() or a.all()
      Belief model score: 0.000
    Evaluating card 3/7: 8H
      Belief model card evaluation error: The truth value of an array with more than one element is ambiguous. Use a.any() or a.all()
      Belief model score: 0.000
    Evaluating card 4/7: 8C
      Belief model card evaluation error: The truth value of an array with more than one element is ambiguous. Use a.any() or a.all()
      Belief model score: 0.000
    Evaluating card 5/7: KH
      Belief model card evaluation error: The truth value of an array with more than one element is ambiguous. Use a.any() or a.all()
      Belief model score: 0.000
    Evaluating card 6/7: AC
      Belief model card evaluation error: The truth value of an array with more than one element is ambiguous. Use a.any() or a.all()
      Belief model score: 1.000
    Evaluating card 7/7: 10D
      Belief model card evaluation error: The truth value of an array with more than one element is ambiguous. Use a.any() or a.all()
      Belief model score: 1.000
    Belief model evaluation completed
    Best card: JH (score: 3.000)
Player 0 plays JH
  Player 1 (Belief Expert) choosing card:
    Remaining hand (8 cards): ['AH', '7D', '9H', 'KC', 'JS', 'KD', 'QH', '9C']
    Legal cards (3): ['AH', '9H', 'QH']
    Current trick: 1 cards played
    Lead suit: H
    Trump suit: S
    Strategy: Belief Model Card Selection (NO HEURISTICS)
    Belief model predictions obtained
    Evaluating card 1/3: AH
      Belief model card evaluation error: The truth value of an array with more than one element is ambiguous. Use a.any() or a.all()
      Belief model score: 1.000
    Evaluating card 2/3: 9H
      Belief model card evaluation error: The truth value of an array with more than one element is ambiguous. Use a.any() or a.all()
      Belief model score: 2.000
    Evaluating card 3/3: QH
      Belief model card evaluation error: The truth value of an array with more than one element is ambiguous. Use a.any() or a.all()
      Belief model score: 0.000
    Belief model evaluation completed
    Best card: 9H (score: 2.000)
Player 1 plays 9H
  Player 2 (Belief Pro) choosing card:
    Remaining hand (8 cards): ['KS', '7C', 'JD', '10H', '10C', '9D', '8D', '8S']
    Legal cards (1): ['10H']
    Current trick: 2 cards played
    Lead suit: H
    Trump suit: S
    Strategy: Belief Model Card Selection (NO HEURISTICS)
    Belief model predictions obtained
    Evaluating card 1/1: 10H
      Belief model card evaluation error: The truth value of an array with more than one element is ambiguous. Use a.any() or a.all()
      Belief model score: 1.000
    Belief model evaluation completed
    Best card: 10H (score: 1.000)
Player 2 plays 10H
  Player 3 (Belief Champion) choosing card:
    Remaining hand (7 cards): ['7H', 'JC', '10S', 'AD', 'QS', 'QD', 'AS']
    Legal cards (1): ['7H']
    Current trick: 3 cards played
    Lead suit: H
    Trump suit: S
    Strategy: Belief Model Card Selection (NO HEURISTICS)
    Belief model predictions obtained
    Evaluating card 1/1: 7H
      Belief model card evaluation error: The truth value of an array with more than one element is ambiguous. Use a.any() or a.all()
      Belief model score: 0.000
    Belief model evaluation completed
    Best card: 7H (score: 0.000)
Player 3 plays 7H
Player 0 won the hand: 6 points

  Player 0 (Belief Master) choosing card:
    Remaining hand (7 cards): ['7S', 'QC', '8H', '8C', 'KH', 'AC', '10D']
    Legal cards (6): ['QC', '8H', '8C', 'KH', 'AC', '10D']
    Current trick: 0 cards played
    Trump suit: S
    Strategy: Belief Model Card Selection (NO HEURISTICS)
    Belief model predictions obtained
    Evaluating card 1/6: QC
      Belief model card evaluation error: The truth value of an array with more than one element is ambiguous. Use a.any() or a.all()
      Belief model score: 0.000
    Evaluating card 2/6: 8H
      Belief model card evaluation error: The truth value of an array with more than one element is ambiguous. Use a.any() or a.all()
      Belief model score: 0.000
    Evaluating card 3/6: 8C
      Belief model card evaluation error: The truth value of an array with more than one element is ambiguous. Use a.any() or a.all()
      Belief model score: 0.000
    Evaluating card 4/6: KH
      Belief model card evaluation error: The truth value of an array with more than one element is ambiguous. Use a.any() or a.all()
      Belief model score: 0.000
    Evaluating card 5/6: AC
      Belief model card evaluation error: The truth value of an array with more than one element is ambiguous. Use a.any() or a.all()
      Belief model score: 1.000
    Evaluating card 6/6: 10D
      Belief model card evaluation error: The truth value of an array with more than one element is ambiguous. Use a.any() or a.all()
      Belief model score: 1.000
    Belief model evaluation completed
    Best card: AC (score: 1.000)
Player 0 plays AC
  Player 1 (Belief Expert) choosing card:
    Remaining hand (7 cards): ['AH', '7D', 'KC', 'JS', 'KD', 'QH', '9C']
    Legal cards (2): ['KC', '9C']
    Current trick: 1 cards played
    Lead suit: C
    Trump suit: S
    Strategy: Belief Model Card Selection (NO HEURISTICS)
    Belief model predictions obtained
    Evaluating card 1/2: KC
      Belief model card evaluation error: The truth value of an array with more than one element is ambiguous. Use a.any() or a.all()
      Belief model score: 0.000
    Evaluating card 2/2: 9C
      Belief model card evaluation error: The truth value of an array with more than one element is ambiguous. Use a.any() or a.all()
      Belief model score: 2.000
    Belief model evaluation completed
    Best card: 9C (score: 2.000)
Player 1 plays 9C
  Player 2 (Belief Pro) choosing card:
    Remaining hand (7 cards): ['KS', '7C', 'JD', '10C', '9D', '8D', '8S']
    Legal cards (2): ['7C', '10C']
    Current trick: 2 cards played
    Lead suit: C
    Trump suit: S
    Strategy: Belief Model Card Selection (NO HEURISTICS)
    Belief model predictions obtained
    Evaluating card 1/2: 7C
      Belief model card evaluation error: The truth value of an array with more than one element is ambiguous. Use a.any() or a.all()
      Belief model score: 0.000
    Evaluating card 2/2: 10C
      Belief model card evaluation error: The truth value of an array with more than one element is ambiguous. Use a.any() or a.all()
      Belief model score: 1.000
    Belief model evaluation completed
    Best card: 10C (score: 1.000)
Player 2 plays 10C
  Player 3 (Belief Champion) choosing card:
    Remaining hand (6 cards): ['JC', '10S', 'AD', 'QS', 'QD', 'AS']
    Legal cards (1): ['JC']
    Current trick: 3 cards played
    Lead suit: C
    Trump suit: S
    Strategy: Belief Model Card Selection (NO HEURISTICS)
    Belief model predictions obtained
    Evaluating card 1/1: JC
      Belief model card evaluation error: The truth value of an array with more than one element is ambiguous. Use a.any() or a.all()
      Belief model score: 3.000
    Belief model evaluation completed
    Best card: JC (score: 3.000)
Player 3 plays JC
Player 3 won the hand: 7 points

  Player 0 (Belief Master) choosing card:
    Remaining hand (6 cards): ['7S', 'QC', '8H', '8C', 'KH', '10D']
    Legal cards (5): ['QC', '8H', '8C', 'KH', '10D']
    Current trick: 0 cards played
    Trump suit: S
    Strategy: Belief Model Card Selection (NO HEURISTICS)
    Belief model predictions obtained
    Evaluating card 1/5: QC
      Belief model card evaluation error: The truth value of an array with more than one element is ambiguous. Use a.any() or a.all()
      Belief model score: 0.000
    Evaluating card 2/5: 8H
      Belief model card evaluation error: The truth value of an array with more than one element is ambiguous. Use a.any() or a.all()
      Belief model score: 0.000
    Evaluating card 3/5: 8C
      Belief model card evaluation error: The truth value of an array with more than one element is ambiguous. Use a.any() or a.all()
      Belief model score: 0.000
    Evaluating card 4/5: KH
      Belief model card evaluation error: The truth value of an array with more than one element is ambiguous. Use a.any() or a.all()
      Belief model score: 0.000
    Evaluating card 5/5: 10D
      Belief model card evaluation error: The truth value of an array with more than one element is ambiguous. Use a.any() or a.all()
      Belief model score: 1.000
    Belief model evaluation completed
    Best card: 10D (score: 1.000)
Player 0 plays 10D
  Player 1 (Belief Expert) choosing card:
    Remaining hand (6 cards): ['AH', '7D', 'KC', 'JS', 'KD', 'QH']
    Legal cards (2): ['7D', 'KD']
    Current trick: 1 cards played
    Lead suit: D
    Trump suit: S
    Strategy: Belief Model Card Selection (NO HEURISTICS)
    Belief model predictions obtained
    Evaluating card 1/2: 7D
      Belief model card evaluation error: The truth value of an array with more than one element is ambiguous. Use a.any() or a.all()
      Belief model score: 0.000
    Evaluating card 2/2: KD
      Belief model card evaluation error: The truth value of an array with more than one element is ambiguous. Use a.any() or a.all()
      Belief model score: 0.000
    Belief model evaluation completed
    Best card: 7D (score: 0.000)
Player 1 plays 7D
  Player 2 (Belief Pro) choosing card:
    Remaining hand (6 cards): ['KS', '7C', 'JD', '9D', '8D', '8S']
    Legal cards (3): ['JD', '9D', '8D']
    Current trick: 2 cards played
    Lead suit: D
    Trump suit: S
    Strategy: Belief Model Card Selection (NO HEURISTICS)
    Belief model predictions obtained
    Evaluating card 1/3: JD
      Belief model card evaluation error: The truth value of an array with more than one element is ambiguous. Use a.any() or a.all()
      Belief model score: 3.000
    Evaluating card 2/3: 9D
      Belief model card evaluation error: The truth value of an array with more than one element is ambiguous. Use a.any() or a.all()
      Belief model score: 2.000
    Evaluating card 3/3: 8D
      Belief model card evaluation error: The truth value of an array with more than one element is ambiguous. Use a.any() or a.all()
      Belief model score: 0.000
    Belief model evaluation completed
    Best card: JD (score: 3.000)
Player 2 plays JD
  Player 3 (Belief Champion) choosing card:
    Remaining hand (5 cards): ['10S', 'AD', 'QS', 'QD', 'AS']
    Legal cards (2): ['AD', 'QD']
    Current trick: 3 cards played
    Lead suit: D
    Trump suit: S
    Strategy: Belief Model Card Selection (NO HEURISTICS)
    Belief model predictions obtained
    Evaluating card 1/2: AD
      Belief model card evaluation error: The truth value of an array with more than one element is ambiguous. Use a.any() or a.all()
      Belief model score: 1.000
    Evaluating card 2/2: QD
      Belief model card evaluation error: The truth value of an array with more than one element is ambiguous. Use a.any() or a.all()
      Belief model score: 0.000
    Belief model evaluation completed
    Best card: AD (score: 1.000)
Player 3 plays AD
Player 2 won the hand: 5 points

  Player 0 (Belief Master) choosing card:
    Remaining hand (5 cards): ['7S', 'QC', '8H', '8C', 'KH']
    Legal cards (4): ['QC', '8H', '8C', 'KH']
    Current trick: 0 cards played
    Trump suit: S
    Strategy: Belief Model Card Selection (NO HEURISTICS)
    Belief model predictions obtained
    Evaluating card 1/4: QC
      Belief model card evaluation error: The truth value of an array with more than one element is ambiguous. Use a.any() or a.all()
      Belief model score: 0.000
    Evaluating card 2/4: 8H
      Belief model card evaluation error: The truth value of an array with more than one element is ambiguous. Use a.any() or a.all()
      Belief model score: 0.000
    Evaluating card 3/4: 8C
      Belief model card evaluation error: The truth value of an array with more than one element is ambiguous. Use a.any() or a.all()
      Belief model score: 0.000
    Evaluating card 4/4: KH
      Belief model card evaluation error: The truth value of an array with more than one element is ambiguous. Use a.any() or a.all()
      Belief model score: 0.000
    Belief model evaluation completed
    Best card: QC (score: 0.000)
Player 0 plays QC
  Player 1 (Belief Expert) choosing card:
    Remaining hand (5 cards): ['AH', 'KC', 'JS', 'KD', 'QH']
    Legal cards (1): ['KC']
    Current trick: 1 cards played
    Lead suit: C
    Trump suit: S
    Strategy: Belief Model Card Selection (NO HEURISTICS)
    Belief model predictions obtained
    Evaluating card 1/1: KC
      Belief model card evaluation error: The truth value of an array with more than one element is ambiguous. Use a.any() or a.all()
      Belief model score: 0.000
    Belief model evaluation completed
    Best card: KC (score: 0.000)
Player 1 plays KC
  Player 2 (Belief Pro) choosing card:
    Remaining hand (5 cards): ['KS', '7C', '9D', '8D', '8S']
    Legal cards (1): ['7C']
    Current trick: 2 cards played
    Lead suit: C
    Trump suit: S
    Strategy: Belief Model Card Selection (NO HEURISTICS)
    Belief model predictions obtained
    Evaluating card 1/1: 7C
      Belief model card evaluation error: The truth value of an array with more than one element is ambiguous. Use a.any() or a.all()
      Belief model score: 0.000
    Belief model evaluation completed
    Best card: 7C (score: 0.000)
Player 2 plays 7C
  Player 3 (Belief Champion) choosing card:
    Remaining hand (4 cards): ['10S', 'QS', 'QD', 'AS']
    Legal cards (4): ['10S', 'QS', 'QD', 'AS']
    Current trick: 3 cards played
    Lead suit: C
    Trump suit: S
    Strategy: Belief Model Card Selection (NO HEURISTICS)
    Belief model predictions obtained
    Evaluating card 1/4: 10S
      Belief model card evaluation error: The truth value of an array with more than one element is ambiguous. Use a.any() or a.all()
      Belief model score: 1.000
    Evaluating card 2/4: QS
      Belief model card evaluation error: The truth value of an array with more than one element is ambiguous. Use a.any() or a.all()
      Belief model score: 0.000
    Evaluating card 3/4: QD
      Belief model card evaluation error: The truth value of an array with more than one element is ambiguous. Use a.any() or a.all()
      Belief model score: 0.000
    Evaluating card 4/4: AS
      Belief model card evaluation error: The truth value of an array with more than one element is ambiguous. Use a.any() or a.all()
      Belief model score: 1.000
    Belief model evaluation completed
    Best card: 10S (score: 1.000)
-- Phase 2 begins: Trump revealed as S by Player 3 on trick 4 --
Player 3 plays 10S
Player 3 won the hand: 1 points

  Player 0 (Belief Master) choosing card:
    Remaining hand (4 cards): ['7S', '8H', '8C', 'KH']
    Legal cards (4): ['7S', '8H', '8C', 'KH']
    Current trick: 0 cards played
    Trump suit: S
    Strategy: Belief Model Card Selection (NO HEURISTICS)
    Belief model predictions obtained
    Evaluating card 1/4: 7S
      Belief model card evaluation error: The truth value of an array with more than one element is ambiguous. Use a.any() or a.all()
      Belief model score: 0.000
    Evaluating card 2/4: 8H
      Belief model card evaluation error: The truth value of an array with more than one element is ambiguous. Use a.any() or a.all()
      Belief model score: 0.000
    Evaluating card 3/4: 8C
      Belief model card evaluation error: The truth value of an array with more than one element is ambiguous. Use a.any() or a.all()
      Belief model score: 0.000
    Evaluating card 4/4: KH
      Belief model card evaluation error: The truth value of an array with more than one element is ambiguous. Use a.any() or a.all()
      Belief model score: 0.000
    Belief model evaluation completed
    Best card: 7S (score: 0.000)
Player 0 plays 7S
  Player 1 (Belief Expert) choosing card:
    Remaining hand (4 cards): ['AH', 'JS', 'KD', 'QH']
    Legal cards (1): ['JS']
    Current trick: 1 cards played
    Lead suit: S
    Trump suit: S
    Strategy: Belief Model Card Selection (NO HEURISTICS)
    Belief model predictions obtained
    Evaluating card 1/1: JS
      Belief model card evaluation error: The truth value of an array with more than one element is ambiguous. Use a.any() or a.all()
      Belief model score: 3.000
    Belief model evaluation completed
    Best card: JS (score: 3.000)
Player 1 plays JS
  Player 2 (Belief Pro) choosing card:
    Remaining hand (4 cards): ['KS', '9D', '8D', '8S']
    Legal cards (2): ['KS', '8S']
    Current trick: 2 cards played
    Lead suit: S
    Trump suit: S
    Strategy: Belief Model Card Selection (NO HEURISTICS)
    Belief model predictions obtained
    Evaluating card 1/2: KS
      Belief model card evaluation error: The truth value of an array with more than one element is ambiguous. Use a.any() or a.all()
      Belief model score: 0.000
    Evaluating card 2/2: 8S
      Belief model card evaluation error: The truth value of an array with more than one element is ambiguous. Use a.any() or a.all()
      Belief model score: 0.000
    Belief model evaluation completed
    Best card: KS (score: 0.000)
Player 2 plays KS
  Player 3 (Belief Champion) choosing card:
    Remaining hand (4 cards): ['QS', 'QD', 'AS', '9S']
    Legal cards (3): ['QS', 'AS', '9S']
    Current trick: 3 cards played
    Lead suit: S
    Trump suit: S
    Strategy: Belief Model Card Selection (NO HEURISTICS)
    Belief model predictions obtained
    Evaluating card 1/3: QS
      Belief model card evaluation error: The truth value of an array with more than one element is ambiguous. Use a.any() or a.all()
      Belief model score: 0.000
    Evaluating card 2/3: AS
      Belief model card evaluation error: The truth value of an array with more than one element is ambiguous. Use a.any() or a.all()
      Belief model score: 1.000
    Evaluating card 3/3: 9S
      Belief model card evaluation error: The truth value of an array with more than one element is ambiguous. Use a.any() or a.all()
      Belief model score: 2.000
    Belief model evaluation completed
    Best card: 9S (score: 2.000)
Player 3 plays 9S
Player 1 won the hand: 5 points

  Player 0 (Belief Master) choosing card:
    Remaining hand (3 cards): ['8H', '8C', 'KH']
    Legal cards (3): ['8H', '8C', 'KH']
    Current trick: 0 cards played
    Trump suit: S
    Strategy: Belief Model Card Selection (NO HEURISTICS)
    Belief model predictions obtained
    Evaluating card 1/3: 8H
      Belief model card evaluation error: The truth value of an array with more than one element is ambiguous. Use a.any() or a.all()
      Belief model score: 0.000
    Evaluating card 2/3: 8C
      Belief model card evaluation error: The truth value of an array with more than one element is ambiguous. Use a.any() or a.all()
      Belief model score: 0.000
    Evaluating card 3/3: KH
      Belief model card evaluation error: The truth value of an array with more than one element is ambiguous. Use a.any() or a.all()
      Belief model score: 0.000
    Belief model evaluation completed
    Best card: 8H (score: 0.000)
Player 0 plays 8H
  Player 1 (Belief Expert) choosing card:
    Remaining hand (3 cards): ['AH', 'KD', 'QH']
    Legal cards (2): ['AH', 'QH']
    Current trick: 1 cards played
    Lead suit: H
    Trump suit: S
    Strategy: Belief Model Card Selection (NO HEURISTICS)
    Belief model predictions obtained
    Evaluating card 1/2: AH
      Belief model card evaluation error: The truth value of an array with more than one element is ambiguous. Use a.any() or a.all()
      Belief model score: 1.000
    Evaluating card 2/2: QH
      Belief model card evaluation error: The truth value of an array with more than one element is ambiguous. Use a.any() or a.all()
      Belief model score: 0.000
    Belief model evaluation completed
    Best card: AH (score: 1.000)
Player 1 plays AH
  Player 2 (Belief Pro) choosing card:
    Remaining hand (3 cards): ['9D', '8D', '8S']
    Legal cards (3): ['9D', '8D', '8S']
    Current trick: 2 cards played
    Lead suit: H
    Trump suit: S
    Strategy: Belief Model Card Selection (NO HEURISTICS)
    Belief model predictions obtained
    Evaluating card 1/3: 9D
      Belief model card evaluation error: The truth value of an array with more than one element is ambiguous. Use a.any() or a.all()
      Belief model score: 2.000
    Evaluating card 2/3: 8D
      Belief model card evaluation error: The truth value of an array with more than one element is ambiguous. Use a.any() or a.all()
      Belief model score: 0.000
    Evaluating card 3/3: 8S
      Belief model card evaluation error: The truth value of an array with more than one element is ambiguous. Use a.any() or a.all()
      Belief model score: 0.000
    Belief model evaluation completed
    Best card: 9D (score: 2.000)
Player 2 plays 9D
  Player 3 (Belief Champion) choosing card:
    Remaining hand (3 cards): ['QS', 'QD', 'AS']
    Legal cards (3): ['QS', 'QD', 'AS']
    Current trick: 3 cards played
    Lead suit: H
    Trump suit: S
    Strategy: Belief Model Card Selection (NO HEURISTICS)
    Belief model predictions obtained
    Evaluating card 1/3: QS
      Belief model card evaluation error: The truth value of an array with more than one element is ambiguous. Use a.any() or a.all()
      Belief model score: 0.000
    Evaluating card 2/3: QD
      Belief model card evaluation error: The truth value of an array with more than one element is ambiguous. Use a.any() or a.all()
      Belief model score: 0.000
    Evaluating card 3/3: AS
      Belief model card evaluation error: The truth value of an array with more than one element is ambiguous. Use a.any() or a.all()
      Belief model score: 1.000
    Belief model evaluation completed
    Best card: AS (score: 1.000)
Player 3 plays AS
Player 3 won the hand: 4 points

  Player 0 (Belief Master) choosing card:
    Remaining hand (2 cards): ['8C', 'KH']
    Legal cards (2): ['8C', 'KH']
    Current trick: 0 cards played
    Trump suit: S
    Strategy: Belief Model Card Selection (NO HEURISTICS)
    Belief model predictions obtained
    Evaluating card 1/2: 8C
      Belief model card evaluation error: The truth value of an array with more than one element is ambiguous. Use a.any() or a.all()
      Belief model score: 0.000
    Evaluating card 2/2: KH
      Belief model card evaluation error: The truth value of an array with more than one element is ambiguous. Use a.any() or a.all()
      Belief model score: 0.000
    Belief model evaluation completed
    Best card: 8C (score: 0.000)
Player 0 plays 8C
  Player 1 (Belief Expert) choosing card:
    Remaining hand (2 cards): ['KD', 'QH']
    Legal cards (2): ['KD', 'QH']
    Current trick: 1 cards played
    Lead suit: C
    Trump suit: S
    Strategy: Belief Model Card Selection (NO HEURISTICS)
    Belief model predictions obtained
    Evaluating card 1/2: KD
      Belief model card evaluation error: The truth value of an array with more than one element is ambiguous. Use a.any() or a.all()
      Belief model score: 0.000
    Evaluating card 2/2: QH
      Belief model card evaluation error: The truth value of an array with more than one element is ambiguous. Use a.any() or a.all()
      Belief model score: 0.000
    Belief model evaluation completed
    Best card: KD (score: 0.000)
Player 1 plays KD
  Player 2 (Belief Pro) choosing card:
    Remaining hand (2 cards): ['8D', '8S']
    Legal cards (2): ['8D', '8S']
    Current trick: 2 cards played
    Lead suit: C
    Trump suit: S
    Strategy: Belief Model Card Selection (NO HEURISTICS)
    Belief model predictions obtained
    Evaluating card 1/2: 8D
      Belief model card evaluation error: The truth value of an array with more than one element is ambiguous. Use a.any() or a.all()
      Belief model score: 0.000
    Evaluating card 2/2: 8S
      Belief model card evaluation error: The truth value of an array with more than one element is ambiguous. Use a.any() or a.all()
      Belief model score: 0.000
    Belief model evaluation completed
    Best card: 8D (score: 0.000)
Player 2 plays 8D
  Player 3 (Belief Champion) choosing card:
    Remaining hand (2 cards): ['QS', 'QD']
    Legal cards (2): ['QS', 'QD']
    Current trick: 3 cards played
    Lead suit: C
    Trump suit: S
    Strategy: Belief Model Card Selection (NO HEURISTICS)
    Belief model predictions obtained
    Evaluating card 1/2: QS
      Belief model card evaluation error: The truth value of an array with more than one element is ambiguous. Use a.any() or a.all()
      Belief model score: 0.000
    Evaluating card 2/2: QD
      Belief model card evaluation error: The truth value of an array with more than one element is ambiguous. Use a.any() or a.all()
      Belief model score: 0.000
    Belief model evaluation completed
    Best card: QS (score: 0.000)
Player 3 plays QS
Player 3 won the hand: 0 points

  Player 0 (Belief Master) choosing card:
    Remaining hand (1 cards): ['KH']
    Legal cards (1): ['KH']
    Current trick: 0 cards played
    Trump suit: S
    Strategy: Belief Model Card Selection (NO HEURISTICS)
    Belief model predictions obtained
    Evaluating card 1/1: KH
      Belief model card evaluation error: The truth value of an array with more than one element is ambiguous. Use a.any() or a.all()
      Belief model score: 0.000
    Belief model evaluation completed
    Best card: KH (score: 0.000)
Player 0 plays KH
  Player 1 (Belief Expert) choosing card:
    Remaining hand (1 cards): ['QH']
    Legal cards (1): ['QH']
    Current trick: 1 cards played
    Lead suit: H
    Trump suit: S
    Strategy: Belief Model Card Selection (NO HEURISTICS)
    Belief model predictions obtained
    Evaluating card 1/1: QH
      Belief model card evaluation error: The truth value of an array with more than one element is ambiguous. Use a.any() or a.all()
      Belief model score: 0.000
    Belief model evaluation completed
    Best card: QH (score: 0.000)
Player 1 plays QH
  Player 2 (Belief Pro) choosing card:
    Remaining hand (1 cards): ['8S']
    Legal cards (1): ['8S']
    Current trick: 2 cards played
    Lead suit: H
    Trump suit: S
    Strategy: Belief Model Card Selection (NO HEURISTICS)
    Belief model predictions obtained
    Evaluating card 1/1: 8S
      Belief model card evaluation error: The truth value of an array with more than one element is ambiguous. Use a.any() or a.all()
      Belief model score: 0.000
    Belief model evaluation completed
    Best card: 8S (score: 0.000)
Player 2 plays 8S
  Player 3 (Belief Champion) choosing card:
    Remaining hand (1 cards): ['QD']
    Legal cards (1): ['QD']
    Current trick: 3 cards played
    Lead suit: H
    Trump suit: S
    Strategy: Belief Model Card Selection (NO HEURISTICS)
    Belief model predictions obtained
    Evaluating card 1/1: QD
      Belief model card evaluation error: The truth value of an array with more than one element is ambiguous. Use a.any() or a.all()
      Belief model score: 0.000
    Belief model evaluation completed
    Best card: QD (score: 0.000)
Player 3 plays QD
Player 2 won the hand: 0 points

=== GAME SUMMARY ===
Team A (Players 0 & 2): 11 points
Team B (Players 1 & 3): 17 points
Bidder: Player 3 (Team B)
Winning Bid: 16
Bid Success: YES
Game Winner: Team B (Players 1 & 3)
Total Tricks: 8