
===== GAME 11 (20250824_143722_534) =====
Player 0 initial hand (bidding): ['10C', 'KH', '8S', 'QD']
Player 1 initial hand (bidding): ['9S', '8H', '8C', 'AS']
Player 2 initial hand (bidding): ['KD', 'AD', '9H', 'JS']
Player 3 initial hand (bidding): ['7C', 'JH', 'QH', 'JC']

  Player 0 (Belief Master) analyzing bid:
    Bidding hand (first 4): ['10C', 'KH', '8S', 'QD']
    Hand strength: 0.036
    Current bid: 16
Point prediction error: shape '[1, 7, -1]' is invalid for input of size 52
    Point prediction: 0.0 points
    Belief model failed: 'Game28State' object has no attribute 'game_progress'
    Strategy: Belief Model Bidding (NO HEURISTICS)
    Belief model bidding error: 'Game28State' object has no attribute 'game_progress'
Pass: Player 0 (min_allowed=17)
  Player 1 (Belief Expert) analyzing bid:
    Bidding hand (first 4): ['9S', '8H', '8C', 'AS']
    Hand strength: 0.107
    Current bid: 16
Point prediction error: shape '[1, 7, -1]' is invalid for input of size 52
    Point prediction: 0.0 points
    Belief model failed: 'Game28State' object has no attribute 'game_progress'
    Strategy: Belief Model Bidding (NO HEURISTICS)
    Belief model bidding error: 'Game28State' object has no attribute 'game_progress'
Pass: Player 1 (min_allowed=17)
  Player 2 (Belief Pro) analyzing bid:
    Bidding hand (first 4): ['KD', 'AD', '9H', 'JS']
    Hand strength: 0.214
    Current bid: 16
Point prediction error: shape '[1, 7, -1]' is invalid for input of size 52
    Point prediction: 0.0 points
    Belief model failed: 'Game28State' object has no attribute 'game_progress'
    Strategy: Belief Model Bidding (NO HEURISTICS)
    Belief model bidding error: 'Game28State' object has no attribute 'game_progress'
Pass: Player 2 (min_allowed=17)
Auction winner: Player 3 with bid 16
    Strategy: Belief-based trump selection
    Belief-based trump selection error: 'Game28State' object has no attribute 'game_progress'
Bidder sets concealed trump suit: H
Phase: concealed, bidder concealed card: [face-down trump]

Full hands (8 cards each):
Player 0 full hand: ['10C', 'KH', '8S', 'QD', '8D', '10S', '10H', 'KC']
Player 1 full hand: ['9S', '8H', '8C', 'AS', 'KS', '10D', 'AC', 'JD']
Player 2 full hand: ['KD', 'AD', '9H', 'JS', 'AH', 'QC', '9D', '7D']
Player 3 full hand: ['7C', 'QH', 'JC', '9C', 'QS', '7H', '7S']

  Player 0 (Belief Master) choosing card:
    Remaining hand (8 cards): ['10C', 'KH', '8S', 'QD', '8D', '10S', '10H', 'KC']
    Legal cards (6): ['10C', '8S', 'QD', '8D', '10S', 'KC']
    Current trick: 0 cards played
    Trump suit: H
    Strategy: Belief Model Card Selection (NO HEURISTICS)
    Belief model card selection error: 'Game28State' object has no attribute 'game_progress'
Player 0 plays 10C
  Player 1 (Belief Expert) choosing card:
    Remaining hand (8 cards): ['9S', '8H', '8C', 'AS', 'KS', '10D', 'AC', 'JD']
    Legal cards (2): ['8C', 'AC']
    Current trick: 1 cards played
    Lead suit: C
    Trump suit: H
    Strategy: Belief Model Card Selection (NO HEURISTICS)
    Belief model card selection error: 'Game28State' object has no attribute 'game_progress'
Player 1 plays AC
  Player 2 (Belief Pro) choosing card:
    Remaining hand (8 cards): ['KD', 'AD', '9H', 'JS', 'AH', 'QC', '9D', '7D']
    Legal cards (1): ['QC']
    Current trick: 2 cards played
    Lead suit: C
    Trump suit: H
    Strategy: Belief Model Card Selection (NO HEURISTICS)
    Belief model card selection error: 'Game28State' object has no attribute 'game_progress'
Player 2 plays QC
  Player 3 (Belief Champion) choosing card:
    Remaining hand (7 cards): ['7C', 'QH', 'JC', '9C', 'QS', '7H', '7S']
    Legal cards (3): ['7C', 'JC', '9C']
    Current trick: 3 cards played
    Lead suit: C
    Trump suit: H
    Strategy: Belief Model Card Selection (NO HEURISTICS)
    Belief model card selection error: 'Game28State' object has no attribute 'game_progress'
Player 3 plays JC
Player 3 won the hand: 5 points

  Player 0 (Belief Master) choosing card:
    Remaining hand (7 cards): ['KH', '8S', 'QD', '8D', '10S', '10H', 'KC']
    Legal cards (5): ['8S', 'QD', '8D', '10S', 'KC']
    Current trick: 0 cards played
    Trump suit: H
    Strategy: Belief Model Card Selection (NO HEURISTICS)
    Belief model card selection error: 'Game28State' object has no attribute 'game_progress'
Player 0 plays 10S
  Player 1 (Belief Expert) choosing card:
    Remaining hand (7 cards): ['9S', '8H', '8C', 'AS', 'KS', '10D', 'JD']
    Legal cards (3): ['9S', 'AS', 'KS']
    Current trick: 1 cards played
    Lead suit: S
    Trump suit: H
    Strategy: Belief Model Card Selection (NO HEURISTICS)
    Belief model card selection error: 'Game28State' object has no attribute 'game_progress'
Player 1 plays 9S
  Player 2 (Belief Pro) choosing card:
    Remaining hand (7 cards): ['KD', 'AD', '9H', 'JS', 'AH', '9D', '7D']
    Legal cards (1): ['JS']
    Current trick: 2 cards played
    Lead suit: S
    Trump suit: H
    Strategy: Belief Model Card Selection (NO HEURISTICS)
    Belief model card selection error: 'Game28State' object has no attribute 'game_progress'
Player 2 plays JS
  Player 3 (Belief Champion) choosing card:
    Remaining hand (6 cards): ['7C', 'QH', '9C', 'QS', '7H', '7S']
    Legal cards (2): ['QS', '7S']
    Current trick: 3 cards played
    Lead suit: S
    Trump suit: H
    Strategy: Belief Model Card Selection (NO HEURISTICS)
    Belief model card selection error: 'Game28State' object has no attribute 'game_progress'
Player 3 plays QS
Player 2 won the hand: 6 points

  Player 0 (Belief Master) choosing card:
    Remaining hand (6 cards): ['KH', '8S', 'QD', '8D', '10H', 'KC']
    Legal cards (4): ['8S', 'QD', '8D', 'KC']
    Current trick: 0 cards played
    Trump suit: H
    Strategy: Belief Model Card Selection (NO HEURISTICS)
    Belief model card selection error: 'Game28State' object has no attribute 'game_progress'
Player 0 plays 8S
  Player 1 (Belief Expert) choosing card:
    Remaining hand (6 cards): ['8H', '8C', 'AS', 'KS', '10D', 'JD']
    Legal cards (2): ['AS', 'KS']
    Current trick: 1 cards played
    Lead suit: S
    Trump suit: H
    Strategy: Belief Model Card Selection (NO HEURISTICS)
    Belief model card selection error: 'Game28State' object has no attribute 'game_progress'
Player 1 plays AS
  Player 2 (Belief Pro) choosing card:
    Remaining hand (6 cards): ['KD', 'AD', '9H', 'AH', '9D', '7D']
    Legal cards (6): ['KD', 'AD', '9H', 'AH', '9D', '7D']
    Current trick: 2 cards played
    Lead suit: S
    Trump suit: H
    Strategy: Belief Model Card Selection (NO HEURISTICS)
    Belief model card selection error: 'Game28State' object has no attribute 'game_progress'
-- Phase 2 begins: Trump revealed as H by Player 2 on trick 3 --
Player 2 plays 9H
  Player 3 (Belief Champion) choosing card:
    Remaining hand (6 cards): ['7C', 'QH', '9C', '7H', '7S', 'JH']
    Legal cards (1): ['7S']
    Current trick: 3 cards played
    Lead suit: S
    Trump suit: H
    Strategy: Belief Model Card Selection (NO HEURISTICS)
    Belief model card selection error: 'Game28State' object has no attribute 'game_progress'
Player 3 plays 7S
Player 2 won the hand: 3 points

  Player 0 (Belief Master) choosing card:
    Remaining hand (5 cards): ['KH', 'QD', '8D', '10H', 'KC']
    Legal cards (5): ['KH', 'QD', '8D', '10H', 'KC']
    Current trick: 0 cards played
    Trump suit: H
    Strategy: Belief Model Card Selection (NO HEURISTICS)
    Belief model card selection error: 'Game28State' object has no attribute 'game_progress'
Player 0 plays 10H
  Player 1 (Belief Expert) choosing card:
    Remaining hand (5 cards): ['8H', '8C', 'KS', '10D', 'JD']
    Legal cards (1): ['8H']
    Current trick: 1 cards played
    Lead suit: H
    Trump suit: H
    Strategy: Belief Model Card Selection (NO HEURISTICS)
    Belief model card selection error: 'Game28State' object has no attribute 'game_progress'
Player 1 plays 8H
  Player 2 (Belief Pro) choosing card:
    Remaining hand (5 cards): ['KD', 'AD', 'AH', '9D', '7D']
    Legal cards (1): ['AH']
    Current trick: 2 cards played
    Lead suit: H
    Trump suit: H
    Strategy: Belief Model Card Selection (NO HEURISTICS)
    Belief model card selection error: 'Game28State' object has no attribute 'game_progress'
Player 2 plays AH
  Player 3 (Belief Champion) choosing card:
    Remaining hand (5 cards): ['7C', 'QH', '9C', '7H', 'JH']
    Legal cards (3): ['QH', '7H', 'JH']
    Current trick: 3 cards played
    Lead suit: H
    Trump suit: H
    Strategy: Belief Model Card Selection (NO HEURISTICS)
    Belief model card selection error: 'Game28State' object has no attribute 'game_progress'
Player 3 plays JH
Player 3 won the hand: 5 points

  Player 0 (Belief Master) choosing card:
    Remaining hand (4 cards): ['KH', 'QD', '8D', 'KC']
    Legal cards (4): ['KH', 'QD', '8D', 'KC']
    Current trick: 0 cards played
    Trump suit: H
    Strategy: Belief Model Card Selection (NO HEURISTICS)
    Belief model card selection error: 'Game28State' object has no attribute 'game_progress'
Player 0 plays KH
  Player 1 (Belief Expert) choosing card:
    Remaining hand (4 cards): ['8C', 'KS', '10D', 'JD']
    Legal cards (4): ['8C', 'KS', '10D', 'JD']
    Current trick: 1 cards played
    Lead suit: H
    Trump suit: H
    Strategy: Belief Model Card Selection (NO HEURISTICS)
    Belief model card selection error: 'Game28State' object has no attribute 'game_progress'
Player 1 plays JD
  Player 2 (Belief Pro) choosing card:
    Remaining hand (4 cards): ['KD', 'AD', '9D', '7D']
    Legal cards (4): ['KD', 'AD', '9D', '7D']
    Current trick: 2 cards played
    Lead suit: H
    Trump suit: H
    Strategy: Belief Model Card Selection (NO HEURISTICS)
    Belief model card selection error: 'Game28State' object has no attribute 'game_progress'
Player 2 plays 9D
  Player 3 (Belief Champion) choosing card:
    Remaining hand (4 cards): ['7C', 'QH', '9C', '7H']
    Legal cards (2): ['QH', '7H']
    Current trick: 3 cards played
    Lead suit: H
    Trump suit: H
    Strategy: Belief Model Card Selection (NO HEURISTICS)
    Belief model card selection error: 'Game28State' object has no attribute 'game_progress'
Player 3 plays QH
Player 0 won the hand: 5 points

  Player 0 (Belief Master) choosing card:
    Remaining hand (3 cards): ['QD', '8D', 'KC']
    Legal cards (3): ['QD', '8D', 'KC']
    Current trick: 0 cards played
    Trump suit: H
    Strategy: Belief Model Card Selection (NO HEURISTICS)
    Belief model card selection error: 'Game28State' object has no attribute 'game_progress'
Player 0 plays QD
  Player 1 (Belief Expert) choosing card:
    Remaining hand (3 cards): ['8C', 'KS', '10D']
    Legal cards (1): ['10D']
    Current trick: 1 cards played
    Lead suit: D
    Trump suit: H
    Strategy: Belief Model Card Selection (NO HEURISTICS)
    Belief model card selection error: 'Game28State' object has no attribute 'game_progress'
Player 1 plays 10D
  Player 2 (Belief Pro) choosing card:
    Remaining hand (3 cards): ['KD', 'AD', '7D']
    Legal cards (3): ['KD', 'AD', '7D']
    Current trick: 2 cards played
    Lead suit: D
    Trump suit: H
    Strategy: Belief Model Card Selection (NO HEURISTICS)
    Belief model card selection error: 'Game28State' object has no attribute 'game_progress'
Player 2 plays AD
  Player 3 (Belief Champion) choosing card:
    Remaining hand (3 cards): ['7C', '9C', '7H']
    Legal cards (3): ['7C', '9C', '7H']
    Current trick: 3 cards played
    Lead suit: D
    Trump suit: H
    Strategy: Belief Model Card Selection (NO HEURISTICS)
    Belief model card selection error: 'Game28State' object has no attribute 'game_progress'
Player 3 plays 9C
Player 2 won the hand: 4 points

  Player 0 (Belief Master) choosing card:
    Remaining hand (2 cards): ['8D', 'KC']
    Legal cards (2): ['8D', 'KC']
    Current trick: 0 cards played
    Trump suit: H
    Strategy: Belief Model Card Selection (NO HEURISTICS)
    Belief model card selection error: 'Game28State' object has no attribute 'game_progress'
Player 0 plays 8D
  Player 1 (Belief Expert) choosing card:
    Remaining hand (2 cards): ['8C', 'KS']
    Legal cards (2): ['8C', 'KS']
    Current trick: 1 cards played
    Lead suit: D
    Trump suit: H
    Strategy: Belief Model Card Selection (NO HEURISTICS)
    Belief model card selection error: 'Game28State' object has no attribute 'game_progress'
Player 1 plays 8C
  Player 2 (Belief Pro) choosing card:
    Remaining hand (2 cards): ['KD', '7D']
    Legal cards (2): ['KD', '7D']
    Current trick: 2 cards played
    Lead suit: D
    Trump suit: H
    Strategy: Belief Model Card Selection (NO HEURISTICS)
    Belief model card selection error: 'Game28State' object has no attribute 'game_progress'
Player 2 plays KD
  Player 3 (Belief Champion) choosing card:
    Remaining hand (2 cards): ['7C', '7H']
    Legal cards (2): ['7C', '7H']
    Current trick: 3 cards played
    Lead suit: D
    Trump suit: H
    Strategy: Belief Model Card Selection (NO HEURISTICS)
    Belief model card selection error: 'Game28State' object has no attribute 'game_progress'
Player 3 plays 7C
Player 2 won the hand: 0 points

  Player 0 (Belief Master) choosing card:
    Remaining hand (1 cards): ['KC']
    Legal cards (1): ['KC']
    Current trick: 0 cards played
    Trump suit: H
    Strategy: Belief Model Card Selection (NO HEURISTICS)
    Belief model card selection error: 'Game28State' object has no attribute 'game_progress'
Player 0 plays KC
  Player 1 (Belief Expert) choosing card:
    Remaining hand (1 cards): ['KS']
    Legal cards (1): ['KS']
    Current trick: 1 cards played
    Lead suit: C
    Trump suit: H
    Strategy: Belief Model Card Selection (NO HEURISTICS)
    Belief model card selection error: 'Game28State' object has no attribute 'game_progress'
Player 1 plays KS
  Player 2 (Belief Pro) choosing card:
    Remaining hand (1 cards): ['7D']
    Legal cards (1): ['7D']
    Current trick: 2 cards played
    Lead suit: C
    Trump suit: H
    Strategy: Belief Model Card Selection (NO HEURISTICS)
    Belief model card selection error: 'Game28State' object has no attribute 'game_progress'
Player 2 plays 7D
  Player 3 (Belief Champion) choosing card:
    Remaining hand (1 cards): ['7H']
    Legal cards (1): ['7H']
    Current trick: 3 cards played
    Lead suit: C
    Trump suit: H
    Strategy: Belief Model Card Selection (NO HEURISTICS)
    Belief model card selection error: 'Game28State' object has no attribute 'game_progress'
Player 3 plays 7H
Player 3 won the hand: 0 points

=== GAME SUMMARY ===
Team A (Players 0 & 2): 18 points
Team B (Players 1 & 3): 10 points
Bidder: Player 3 (Team B)
Winning Bid: 16
Bid Success: NO
Game Winner: Team B (Players 1 & 3)
Total Tricks: 8