
===== GAME 2 (20250823_154826_796) =====
Player 0 initial hand (bidding): ['10H', '7H', '7D', '9D']
Player 1 initial hand (bidding): ['JS', '9S', 'AH', '8H']
Player 2 initial hand (bidding): ['10C', '10D', 'QC', 'QH']
Player 3 initial hand (bidding): ['9H', '9C', 'KD', 'AS']

Full hands (8 cards each):
Player 0 full hand: ['10H', '7H', '7D', '9D']
Player 1 full hand: ['JS', '9S', 'AH', '8H']
Player 2 full hand: ['10C', '10D', 'QC', 'QH']
Player 3 full hand: ['9H', '9C', 'KD', 'AS']

  Player 0 (AI Master) analyzing bid:
    Bidding hand (first 4): ['10H', '7H', '7D', '9D']
    Full hand (8 cards): ['10H', '7H', '7D', '9D']
    Hand strength: 0.107
    Current bid: 16
    Point prediction: 13.9 points
    Strategy: ISMCTS bidding (2000 iterations, 8 samples)
    MCTS state prepared with 4 cards
      ISMCTS evaluation error: 'TwentyEightEnv' object has no attribute 'game_score'
    Pass evaluation score: 0.000
      ISMCTS evaluation error: 'TwentyEightEnv' object has no attribute 'game_score'
    Bid 17 evaluation score: -1.000
      ISMCTS evaluation error: 'TwentyEightEnv' object has no attribute 'game_score'
    Bid 18 evaluation score: -1.000
      ISMCTS evaluation error: 'TwentyEightEnv' object has no attribute 'game_score'
    Bid 19 evaluation score: -1.000
    Best decision: PASS (score: 0.000)
Pass: Player 0 (min_allowed=17)
  Player 1 (RL Expert) analyzing bid:
    Bidding hand (first 4): ['JS', '9S', 'AH', '8H']
    Full hand (8 cards): ['JS', '9S', 'AH', '8H']
    Hand strength: 0.214
    Current bid: 16
    Point prediction: 14.5 points
    Strategy: ISMCTS bidding (1500 iterations, 6 samples)
    MCTS state prepared with 4 cards
      ISMCTS evaluation error: 'TwentyEightEnv' object has no attribute 'game_score'
    Pass evaluation score: 0.000
      ISMCTS evaluation error: 'TwentyEightEnv' object has no attribute 'game_score'
    Bid 17 evaluation score: -1.000
      ISMCTS evaluation error: 'TwentyEightEnv' object has no attribute 'game_score'
    Bid 18 evaluation score: -1.000
      ISMCTS evaluation error: 'TwentyEightEnv' object has no attribute 'game_score'
    Bid 19 evaluation score: -1.000
    Best decision: PASS (score: 0.000)
Pass: Player 1 (min_allowed=17)
  Player 2 (MCTS Master) analyzing bid:
    Bidding hand (first 4): ['10C', '10D', 'QC', 'QH']
    Full hand (8 cards): ['10C', '10D', 'QC', 'QH']
    Hand strength: 0.071
    Current bid: 16
    Point prediction: 14.0 points
    Strategy: ISMCTS bidding (3000 iterations, 10 samples)
    MCTS state prepared with 4 cards
      ISMCTS evaluation error: 'TwentyEightEnv' object has no attribute 'game_score'
    Pass evaluation score: 0.000
      ISMCTS evaluation error: 'TwentyEightEnv' object has no attribute 'game_score'
    Bid 17 evaluation score: -1.000
      ISMCTS evaluation error: 'TwentyEightEnv' object has no attribute 'game_score'
    Bid 18 evaluation score: -1.000
      ISMCTS evaluation error: 'TwentyEightEnv' object has no attribute 'game_score'
    Bid 19 evaluation score: -1.000
    Best decision: PASS (score: 0.000)
Pass: Player 2 (min_allowed=17)
Auction winner: Player 3 with bid 16
Bidder sets concealed trump suit: H
Phase: concealed, bidder concealed card: [face-down trump]

  Player 0 (AI Master) choosing card:
    Remaining hand (8 cards): ['10H', '7H', '7D', '9D', 'QD', 'JH', '7C', '8S']
    Legal cards (5): ['7D', '9D', 'QD', '7C', '8S']
    Current trick: 0 cards played
    Trump suit: H
    Strategy: ISMCTS card selection (2000 iterations, 8 samples)
    Evaluating card 1/5: 7D
      ISMCTS card evaluation error: not enough values to unpack (expected 5, got 4)
      ISMCTS score: 0.000
    Evaluating card 2/5: 9D
      ISMCTS card evaluation error: not enough values to unpack (expected 5, got 4)
      ISMCTS score: 2.000
    Evaluating card 3/5: QD
      ISMCTS card evaluation error: not enough values to unpack (expected 5, got 4)
      ISMCTS score: 1.000
    Evaluating card 4/5: 7C
      ISMCTS card evaluation error: not enough values to unpack (expected 5, got 4)
      ISMCTS score: 0.000
    Evaluating card 5/5: 8S
      ISMCTS card evaluation error: not enough values to unpack (expected 5, got 4)
      ISMCTS score: 0.000
    ISMCTS evaluation completed in 0.003s
    Best card: 9D (score: 2.000)
Player 0 plays 9D
  Player 1 (RL Expert) choosing card:
    Remaining hand (8 cards): ['JS', '9S', 'AH', '8H', 'JD', 'QS', 'KH', 'KC']
    Legal cards (1): ['JD']
    Current trick: 1 cards played
    Lead suit: D
    Trump suit: H
    Strategy: ISMCTS card selection (1500 iterations, 6 samples)
    Evaluating card 1/1: JD
      ISMCTS card evaluation error: not enough values to unpack (expected 5, got 4)
      ISMCTS score: 3.000
    ISMCTS evaluation completed in 0.001s
    Best card: JD (score: 3.000)
Player 1 plays JD
  Player 2 (MCTS Master) choosing card:
    Remaining hand (8 cards): ['10C', '10D', 'QC', 'QH', '10S', 'JC', 'KS', '8D']
    Legal cards (2): ['10D', '8D']
    Current trick: 2 cards played
    Lead suit: D
    Trump suit: H
    Strategy: ISMCTS card selection (3000 iterations, 10 samples)
    Evaluating card 1/2: 10D
      ISMCTS card evaluation error: not enough values to unpack (expected 5, got 4)
      ISMCTS score: 1.000
    Evaluating card 2/2: 8D
      ISMCTS card evaluation error: not enough values to unpack (expected 5, got 4)
      ISMCTS score: 0.000
    ISMCTS evaluation completed in 0.001s
    Best card: 10D (score: 1.000)
Player 2 plays 10D
  Player 3 (Hybrid AI) choosing card:
    Remaining hand (7 cards): ['9C', 'KD', 'AS', '8C', '7S', 'AC', 'AD']
    Legal cards (2): ['KD', 'AD']
    Current trick: 3 cards played
    Lead suit: D
    Trump suit: H
    Strategy: ISMCTS card selection (1800 iterations, 7 samples)
    Evaluating card 1/2: KD
      ISMCTS card evaluation error: not enough values to unpack (expected 5, got 4)
      ISMCTS score: 1.000
    Evaluating card 2/2: AD
      ISMCTS card evaluation error: not enough values to unpack (expected 5, got 4)
      ISMCTS score: 2.000
    ISMCTS evaluation completed in 0.001s
    Best card: AD (score: 2.000)
Player 3 plays AD
Player 1 won the hand: 7 points

  Player 0 (AI Master) choosing card:
    Remaining hand (7 cards): ['10H', '7H', '7D', 'QD', 'JH', '7C', '8S']
    Legal cards (4): ['7D', 'QD', '7C', '8S']
    Current trick: 0 cards played
    Trump suit: H
    Strategy: ISMCTS card selection (2000 iterations, 8 samples)
    Evaluating card 1/4: 7D
      ISMCTS card evaluation error: not enough values to unpack (expected 5, got 4)
      ISMCTS score: 0.000
    Evaluating card 2/4: QD
      ISMCTS card evaluation error: not enough values to unpack (expected 5, got 4)
      ISMCTS score: 1.000
    Evaluating card 3/4: 7C
      ISMCTS card evaluation error: not enough values to unpack (expected 5, got 4)
      ISMCTS score: 0.000
    Evaluating card 4/4: 8S
      ISMCTS card evaluation error: not enough values to unpack (expected 5, got 4)
      ISMCTS score: 0.000
    ISMCTS evaluation completed in 0.002s
    Best card: QD (score: 1.000)
Player 0 plays QD
  Player 1 (RL Expert) choosing card:
    Remaining hand (7 cards): ['JS', '9S', 'AH', '8H', 'QS', 'KH', 'KC']
    Legal cards (7): ['JS', '9S', 'AH', '8H', 'QS', 'KH', 'KC']
    Current trick: 1 cards played
    Lead suit: D
    Trump suit: H
    Strategy: ISMCTS card selection (1500 iterations, 6 samples)
    Evaluating card 1/7: JS
      ISMCTS card evaluation error: not enough values to unpack (expected 5, got 4)
      ISMCTS score: 3.000
    Evaluating card 2/7: 9S
      ISMCTS card evaluation error: not enough values to unpack (expected 5, got 4)
      ISMCTS score: 2.000
    Evaluating card 3/7: AH
      ISMCTS card evaluation error: not enough values to unpack (expected 5, got 4)
      ISMCTS score: 2.500
    Evaluating card 4/7: 8H
      ISMCTS card evaluation error: not enough values to unpack (expected 5, got 4)
      ISMCTS score: 0.000
    Evaluating card 5/7: QS
      ISMCTS card evaluation error: not enough values to unpack (expected 5, got 4)
      ISMCTS score: 1.000
    Evaluating card 6/7: KH
      ISMCTS card evaluation error: not enough values to unpack (expected 5, got 4)
      ISMCTS score: 1.000
    Evaluating card 7/7: KC
      ISMCTS card evaluation error: not enough values to unpack (expected 5, got 4)
      ISMCTS score: 1.000
    ISMCTS evaluation completed in 0.003s
    Best card: JS (score: 3.000)
Player 1 plays JS
  Player 2 (MCTS Master) choosing card:
    Remaining hand (7 cards): ['10C', 'QC', 'QH', '10S', 'JC', 'KS', '8D']
    Legal cards (1): ['8D']
    Current trick: 2 cards played
    Lead suit: D
    Trump suit: H
    Strategy: ISMCTS card selection (3000 iterations, 10 samples)
    Evaluating card 1/1: 8D
      ISMCTS card evaluation error: not enough values to unpack (expected 5, got 4)
      ISMCTS score: 0.000
    ISMCTS evaluation completed in 0.000s
    Best card: 8D (score: 0.000)
Player 2 plays 8D
  Player 3 (Hybrid AI) choosing card:
    Remaining hand (6 cards): ['9C', 'KD', 'AS', '8C', '7S', 'AC']
    Legal cards (1): ['KD']
    Current trick: 3 cards played
    Lead suit: D
    Trump suit: H
    Strategy: ISMCTS card selection (1800 iterations, 7 samples)
    Evaluating card 1/1: KD
      ISMCTS card evaluation error: not enough values to unpack (expected 5, got 4)
      ISMCTS score: 1.000
    ISMCTS evaluation completed in 0.000s
    Best card: KD (score: 1.000)
Player 3 plays KD
Player 3 won the hand: 3 points

  Player 0 (AI Master) choosing card:
    Remaining hand (6 cards): ['10H', '7H', '7D', 'JH', '7C', '8S']
    Legal cards (3): ['7D', '7C', '8S']
    Current trick: 0 cards played
    Trump suit: H
    Strategy: ISMCTS card selection (2000 iterations, 8 samples)
    Evaluating card 1/3: 7D
      ISMCTS card evaluation error: not enough values to unpack (expected 5, got 4)
      ISMCTS score: 0.000
    Evaluating card 2/3: 7C
      ISMCTS card evaluation error: not enough values to unpack (expected 5, got 4)
      ISMCTS score: 0.000
    Evaluating card 3/3: 8S
      ISMCTS card evaluation error: not enough values to unpack (expected 5, got 4)
      ISMCTS score: 0.000
    ISMCTS evaluation completed in 0.002s
    Best card: 7D (score: 0.000)
Player 0 plays 7D
  Player 1 (RL Expert) choosing card:
    Remaining hand (6 cards): ['9S', 'AH', '8H', 'QS', 'KH', 'KC']
    Legal cards (6): ['9S', 'AH', '8H', 'QS', 'KH', 'KC']
    Current trick: 1 cards played
    Lead suit: D
    Trump suit: H
    Strategy: ISMCTS card selection (1500 iterations, 6 samples)
    Evaluating card 1/6: 9S
      ISMCTS card evaluation error: not enough values to unpack (expected 5, got 4)
      ISMCTS score: 2.000
    Evaluating card 2/6: AH
      ISMCTS card evaluation error: not enough values to unpack (expected 5, got 4)
      ISMCTS score: 2.500
    Evaluating card 3/6: 8H
      ISMCTS card evaluation error: not enough values to unpack (expected 5, got 4)
      ISMCTS score: 0.000
    Evaluating card 4/6: QS
      ISMCTS card evaluation error: not enough values to unpack (expected 5, got 4)
      ISMCTS score: 1.000
    Evaluating card 5/6: KH
      ISMCTS card evaluation error: not enough values to unpack (expected 5, got 4)
      ISMCTS score: 1.000
    Evaluating card 6/6: KC
      ISMCTS card evaluation error: not enough values to unpack (expected 5, got 4)
      ISMCTS score: 1.000
    ISMCTS evaluation completed in 0.002s
    Best card: AH (score: 2.500)
-- Phase 2 begins: Trump revealed as H by Player 1 on trick 3 --
Player 1 plays AH
  Player 2 (MCTS Master) choosing card:
    Remaining hand (6 cards): ['10C', 'QC', 'QH', '10S', 'JC', 'KS']
    Legal cards (6): ['10C', 'QC', 'QH', '10S', 'JC', 'KS']
    Current trick: 2 cards played
    Lead suit: D
    Trump suit: H
    Strategy: ISMCTS card selection (3000 iterations, 10 samples)
    Evaluating card 1/6: 10C
      ISMCTS card evaluation error: not enough values to unpack (expected 5, got 4)
      ISMCTS score: 1.000
    Evaluating card 2/6: QC
      ISMCTS card evaluation error: not enough values to unpack (expected 5, got 4)
      ISMCTS score: 1.000
    Evaluating card 3/6: QH
      ISMCTS card evaluation error: not enough values to unpack (expected 5, got 4)
      ISMCTS score: 1.000
    Evaluating card 4/6: 10S
      ISMCTS card evaluation error: not enough values to unpack (expected 5, got 4)
      ISMCTS score: 1.000
    Evaluating card 5/6: JC
      ISMCTS card evaluation error: not enough values to unpack (expected 5, got 4)
      ISMCTS score: 3.000
    Evaluating card 6/6: KS
      ISMCTS card evaluation error: not enough values to unpack (expected 5, got 4)
      ISMCTS score: 1.000
    ISMCTS evaluation completed in 0.002s
    Best card: JC (score: 3.000)
Player 2 plays JC
  Player 3 (Hybrid AI) choosing card:
    Remaining hand (6 cards): ['9C', 'AS', '8C', '7S', 'AC', '9H']
    Legal cards (6): ['9C', 'AS', '8C', '7S', 'AC', '9H']
    Current trick: 3 cards played
    Lead suit: D
    Trump suit: H
    Strategy: ISMCTS card selection (1800 iterations, 7 samples)
    Evaluating card 1/6: 9C
      ISMCTS card evaluation error: not enough values to unpack (expected 5, got 4)
      ISMCTS score: 2.000
    Evaluating card 2/6: AS
      ISMCTS card evaluation error: not enough values to unpack (expected 5, got 4)
      ISMCTS score: 2.000
    Evaluating card 3/6: 8C
      ISMCTS card evaluation error: not enough values to unpack (expected 5, got 4)
      ISMCTS score: 0.000
    Evaluating card 4/6: 7S
      ISMCTS card evaluation error: not enough values to unpack (expected 5, got 4)
      ISMCTS score: 0.000
    Evaluating card 5/6: AC
      ISMCTS card evaluation error: not enough values to unpack (expected 5, got 4)
      ISMCTS score: 2.000
    Evaluating card 6/6: 9H
      ISMCTS card evaluation error: not enough values to unpack (expected 5, got 4)
      ISMCTS score: 3.000
    ISMCTS evaluation completed in 0.002s
    Best card: 9H (score: 3.000)
Player 3 plays 9H
Player 3 won the hand: 6 points

  Player 0 (AI Master) choosing card:
    Remaining hand (5 cards): ['10H', '7H', 'JH', '7C', '8S']
    Legal cards (5): ['10H', '7H', 'JH', '7C', '8S']
    Current trick: 0 cards played
    Trump suit: H
    Strategy: ISMCTS card selection (2000 iterations, 8 samples)
    Evaluating card 1/5: 10H
      ISMCTS card evaluation error: not enough values to unpack (expected 5, got 4)
      ISMCTS score: 1.500
    Evaluating card 2/5: 7H
      ISMCTS card evaluation error: not enough values to unpack (expected 5, got 4)
      ISMCTS score: 0.000
    Evaluating card 3/5: JH
      ISMCTS card evaluation error: not enough values to unpack (expected 5, got 4)
      ISMCTS score: 4.500
    Evaluating card 4/5: 7C
      ISMCTS card evaluation error: not enough values to unpack (expected 5, got 4)
      ISMCTS score: 0.000
    Evaluating card 5/5: 8S
      ISMCTS card evaluation error: not enough values to unpack (expected 5, got 4)
      ISMCTS score: 0.000
    ISMCTS evaluation completed in 0.002s
    Best card: JH (score: 4.500)
Player 0 plays JH
  Player 1 (RL Expert) choosing card:
    Remaining hand (5 cards): ['9S', '8H', 'QS', 'KH', 'KC']
    Legal cards (2): ['8H', 'KH']
    Current trick: 1 cards played
    Lead suit: H
    Trump suit: H
    Strategy: ISMCTS card selection (1500 iterations, 6 samples)
    Evaluating card 1/2: 8H
      ISMCTS card evaluation error: not enough values to unpack (expected 5, got 4)
      ISMCTS score: 0.000
    Evaluating card 2/2: KH
      ISMCTS card evaluation error: not enough values to unpack (expected 5, got 4)
      ISMCTS score: 1.000
    ISMCTS evaluation completed in 0.001s
    Best card: KH (score: 1.000)
Player 1 plays KH
  Player 2 (MCTS Master) choosing card:
    Remaining hand (5 cards): ['10C', 'QC', 'QH', '10S', 'KS']
    Legal cards (1): ['QH']
    Current trick: 2 cards played
    Lead suit: H
    Trump suit: H
    Strategy: ISMCTS card selection (3000 iterations, 10 samples)
    Evaluating card 1/1: QH
      ISMCTS card evaluation error: not enough values to unpack (expected 5, got 4)
      ISMCTS score: 1.000
    ISMCTS evaluation completed in 0.000s
    Best card: QH (score: 1.000)
Player 2 plays QH
  Player 3 (Hybrid AI) choosing card:
    Remaining hand (5 cards): ['9C', 'AS', '8C', '7S', 'AC']
    Legal cards (5): ['9C', 'AS', '8C', '7S', 'AC']
    Current trick: 3 cards played
    Lead suit: H
    Trump suit: H
    Strategy: ISMCTS card selection (1800 iterations, 7 samples)
    Evaluating card 1/5: 9C
      ISMCTS card evaluation error: not enough values to unpack (expected 5, got 4)
      ISMCTS score: 2.000
    Evaluating card 2/5: AS
      ISMCTS card evaluation error: not enough values to unpack (expected 5, got 4)
      ISMCTS score: 2.000
    Evaluating card 3/5: 8C
      ISMCTS card evaluation error: not enough values to unpack (expected 5, got 4)
      ISMCTS score: 0.000
    Evaluating card 4/5: 7S
      ISMCTS card evaluation error: not enough values to unpack (expected 5, got 4)
      ISMCTS score: 0.000
    Evaluating card 5/5: AC
      ISMCTS card evaluation error: not enough values to unpack (expected 5, got 4)
      ISMCTS score: 2.000
    ISMCTS evaluation completed in 0.002s
    Best card: 9C (score: 2.000)
Player 3 plays 9C
Player 0 won the hand: 5 points

  Player 0 (AI Master) choosing card:
    Remaining hand (4 cards): ['10H', '7H', '7C', '8S']
    Legal cards (4): ['10H', '7H', '7C', '8S']
    Current trick: 0 cards played
    Trump suit: H
    Strategy: ISMCTS card selection (2000 iterations, 8 samples)
    Evaluating card 1/4: 10H
      ISMCTS card evaluation error: not enough values to unpack (expected 5, got 4)
      ISMCTS score: 1.500
    Evaluating card 2/4: 7H
      ISMCTS card evaluation error: not enough values to unpack (expected 5, got 4)
      ISMCTS score: 0.000
    Evaluating card 3/4: 7C
      ISMCTS card evaluation error: not enough values to unpack (expected 5, got 4)
      ISMCTS score: 0.000
    Evaluating card 4/4: 8S
      ISMCTS card evaluation error: not enough values to unpack (expected 5, got 4)
      ISMCTS score: 0.000
    ISMCTS evaluation completed in 0.001s
    Best card: 10H (score: 1.500)
Player 0 plays 10H
  Player 1 (RL Expert) choosing card:
    Remaining hand (4 cards): ['9S', '8H', 'QS', 'KC']
    Legal cards (1): ['8H']
    Current trick: 1 cards played
    Lead suit: H
    Trump suit: H
    Strategy: ISMCTS card selection (1500 iterations, 6 samples)
    Evaluating card 1/1: 8H
      ISMCTS card evaluation error: not enough values to unpack (expected 5, got 4)
      ISMCTS score: 0.000
    ISMCTS evaluation completed in 0.000s
    Best card: 8H (score: 0.000)
Player 1 plays 8H
  Player 2 (MCTS Master) choosing card:
    Remaining hand (4 cards): ['10C', 'QC', '10S', 'KS']
    Legal cards (4): ['10C', 'QC', '10S', 'KS']
    Current trick: 2 cards played
    Lead suit: H
    Trump suit: H
    Strategy: ISMCTS card selection (3000 iterations, 10 samples)
    Evaluating card 1/4: 10C
      ISMCTS card evaluation error: not enough values to unpack (expected 5, got 4)
      ISMCTS score: 1.000
    Evaluating card 2/4: QC
      ISMCTS card evaluation error: not enough values to unpack (expected 5, got 4)
      ISMCTS score: 1.000
    Evaluating card 3/4: 10S
      ISMCTS card evaluation error: not enough values to unpack (expected 5, got 4)
      ISMCTS score: 1.000
    Evaluating card 4/4: KS
      ISMCTS card evaluation error: not enough values to unpack (expected 5, got 4)
      ISMCTS score: 1.000
    ISMCTS evaluation completed in 0.001s
    Best card: 10C (score: 1.000)
Player 2 plays 10C
  Player 3 (Hybrid AI) choosing card:
    Remaining hand (4 cards): ['AS', '8C', '7S', 'AC']
    Legal cards (4): ['AS', '8C', '7S', 'AC']
    Current trick: 3 cards played
    Lead suit: H
    Trump suit: H
    Strategy: ISMCTS card selection (1800 iterations, 7 samples)
    Evaluating card 1/4: AS
      ISMCTS card evaluation error: not enough values to unpack (expected 5, got 4)
      ISMCTS score: 2.000
    Evaluating card 2/4: 8C
      ISMCTS card evaluation error: not enough values to unpack (expected 5, got 4)
      ISMCTS score: 0.000
    Evaluating card 3/4: 7S
      ISMCTS card evaluation error: not enough values to unpack (expected 5, got 4)
      ISMCTS score: 0.000
    Evaluating card 4/4: AC
      ISMCTS card evaluation error: not enough values to unpack (expected 5, got 4)
      ISMCTS score: 2.000
    ISMCTS evaluation completed in 0.001s
    Best card: AS (score: 2.000)
Player 3 plays AS
Player 0 won the hand: 3 points

  Player 0 (AI Master) choosing card:
    Remaining hand (3 cards): ['7H', '7C', '8S']
    Legal cards (3): ['7H', '7C', '8S']
    Current trick: 0 cards played
    Trump suit: H
    Strategy: ISMCTS card selection (2000 iterations, 8 samples)
    Evaluating card 1/3: 7H
      ISMCTS card evaluation error: not enough values to unpack (expected 5, got 4)
      ISMCTS score: 0.000
    Evaluating card 2/3: 7C
      ISMCTS card evaluation error: not enough values to unpack (expected 5, got 4)
      ISMCTS score: 0.000
    Evaluating card 3/3: 8S
      ISMCTS card evaluation error: not enough values to unpack (expected 5, got 4)
      ISMCTS score: 0.000
    ISMCTS evaluation completed in 0.001s
    Best card: 7H (score: 0.000)
Player 0 plays 7H
  Player 1 (RL Expert) choosing card:
    Remaining hand (3 cards): ['9S', 'QS', 'KC']
    Legal cards (3): ['9S', 'QS', 'KC']
    Current trick: 1 cards played
    Lead suit: H
    Trump suit: H
    Strategy: ISMCTS card selection (1500 iterations, 6 samples)
    Evaluating card 1/3: 9S
      ISMCTS card evaluation error: not enough values to unpack (expected 5, got 4)
      ISMCTS score: 2.000
    Evaluating card 2/3: QS
      ISMCTS card evaluation error: not enough values to unpack (expected 5, got 4)
      ISMCTS score: 1.000
    Evaluating card 3/3: KC
      ISMCTS card evaluation error: not enough values to unpack (expected 5, got 4)
      ISMCTS score: 1.000
    ISMCTS evaluation completed in 0.001s
    Best card: 9S (score: 2.000)
Player 1 plays 9S
  Player 2 (MCTS Master) choosing card:
    Remaining hand (3 cards): ['QC', '10S', 'KS']
    Legal cards (3): ['QC', '10S', 'KS']
    Current trick: 2 cards played
    Lead suit: H
    Trump suit: H
    Strategy: ISMCTS card selection (3000 iterations, 10 samples)
    Evaluating card 1/3: QC
      ISMCTS card evaluation error: not enough values to unpack (expected 5, got 4)
      ISMCTS score: 1.000
    Evaluating card 2/3: 10S
      ISMCTS card evaluation error: not enough values to unpack (expected 5, got 4)
      ISMCTS score: 1.000
    Evaluating card 3/3: KS
      ISMCTS card evaluation error: not enough values to unpack (expected 5, got 4)
      ISMCTS score: 1.000
    ISMCTS evaluation completed in 0.001s
    Best card: QC (score: 1.000)
Player 2 plays QC
  Player 3 (Hybrid AI) choosing card:
    Remaining hand (3 cards): ['8C', '7S', 'AC']
    Legal cards (3): ['8C', '7S', 'AC']
    Current trick: 3 cards played
    Lead suit: H
    Trump suit: H
    Strategy: ISMCTS card selection (1800 iterations, 7 samples)
    Evaluating card 1/3: 8C
      ISMCTS card evaluation error: not enough values to unpack (expected 5, got 4)
      ISMCTS score: 0.000
    Evaluating card 2/3: 7S
      ISMCTS card evaluation error: not enough values to unpack (expected 5, got 4)
      ISMCTS score: 0.000
    Evaluating card 3/3: AC
      ISMCTS card evaluation error: not enough values to unpack (expected 5, got 4)
      ISMCTS score: 2.000
    ISMCTS evaluation completed in 0.001s
    Best card: AC (score: 2.000)
Player 3 plays AC
Player 0 won the hand: 3 points

  Player 0 (AI Master) choosing card:
    Remaining hand (2 cards): ['7C', '8S']
    Legal cards (2): ['7C', '8S']
    Current trick: 0 cards played
    Trump suit: H
    Strategy: ISMCTS card selection (2000 iterations, 8 samples)
    Evaluating card 1/2: 7C
      ISMCTS card evaluation error: not enough values to unpack (expected 5, got 4)
      ISMCTS score: 0.000
    Evaluating card 2/2: 8S
      ISMCTS card evaluation error: not enough values to unpack (expected 5, got 4)
      ISMCTS score: 0.000
    ISMCTS evaluation completed in 0.001s
    Best card: 7C (score: 0.000)
Player 0 plays 7C
  Player 1 (RL Expert) choosing card:
    Remaining hand (2 cards): ['QS', 'KC']
    Legal cards (1): ['KC']
    Current trick: 1 cards played
    Lead suit: C
    Trump suit: H
    Strategy: ISMCTS card selection (1500 iterations, 6 samples)
    Evaluating card 1/1: KC
      ISMCTS card evaluation error: not enough values to unpack (expected 5, got 4)
      ISMCTS score: 1.000
    ISMCTS evaluation completed in 0.000s
    Best card: KC (score: 1.000)
Player 1 plays KC
  Player 2 (MCTS Master) choosing card:
    Remaining hand (2 cards): ['10S', 'KS']
    Legal cards (2): ['10S', 'KS']
    Current trick: 2 cards played
    Lead suit: C
    Trump suit: H
    Strategy: ISMCTS card selection (3000 iterations, 10 samples)
    Evaluating card 1/2: 10S
      ISMCTS card evaluation error: not enough values to unpack (expected 5, got 4)
      ISMCTS score: 1.000
    Evaluating card 2/2: KS
      ISMCTS card evaluation error: not enough values to unpack (expected 5, got 4)
      ISMCTS score: 1.000
    ISMCTS evaluation completed in 0.001s
    Best card: 10S (score: 1.000)
Player 2 plays 10S
  Player 3 (Hybrid AI) choosing card:
    Remaining hand (2 cards): ['8C', '7S']
    Legal cards (1): ['8C']
    Current trick: 3 cards played
    Lead suit: C
    Trump suit: H
    Strategy: ISMCTS card selection (1800 iterations, 7 samples)
    Evaluating card 1/1: 8C
      ISMCTS card evaluation error: not enough values to unpack (expected 5, got 4)
      ISMCTS score: 0.000
    ISMCTS evaluation completed in 0.000s
    Best card: 8C (score: 0.000)
Player 3 plays 8C
Player 1 won the hand: 1 points

  Player 0 (AI Master) choosing card:
    Remaining hand (1 cards): ['8S']
    Legal cards (1): ['8S']
    Current trick: 0 cards played
    Trump suit: H
    Strategy: ISMCTS card selection (2000 iterations, 8 samples)
    Evaluating card 1/1: 8S
      ISMCTS card evaluation error: not enough values to unpack (expected 5, got 4)
      ISMCTS score: 0.000
    ISMCTS evaluation completed in 0.000s
    Best card: 8S (score: 0.000)
Player 0 plays 8S
  Player 1 (RL Expert) choosing card:
    Remaining hand (1 cards): ['QS']
    Legal cards (1): ['QS']
    Current trick: 1 cards played
    Lead suit: S
    Trump suit: H
    Strategy: ISMCTS card selection (1500 iterations, 6 samples)
    Evaluating card 1/1: QS
      ISMCTS card evaluation error: not enough values to unpack (expected 5, got 4)
      ISMCTS score: 1.000
    ISMCTS evaluation completed in 0.000s
    Best card: QS (score: 1.000)
Player 1 plays QS
  Player 2 (MCTS Master) choosing card:
    Remaining hand (1 cards): ['KS']
    Legal cards (1): ['KS']
    Current trick: 2 cards played
    Lead suit: S
    Trump suit: H
    Strategy: ISMCTS card selection (3000 iterations, 10 samples)
    Evaluating card 1/1: KS
      ISMCTS card evaluation error: not enough values to unpack (expected 5, got 4)
      ISMCTS score: 1.000
    ISMCTS evaluation completed in 0.000s
    Best card: KS (score: 1.000)
Player 2 plays KS
  Player 3 (Hybrid AI) choosing card:
    Remaining hand (1 cards): ['7S']
    Legal cards (1): ['7S']
    Current trick: 3 cards played
    Lead suit: S
    Trump suit: H
    Strategy: ISMCTS card selection (1800 iterations, 7 samples)
    Evaluating card 1/1: 7S
      ISMCTS card evaluation error: No valid moves available and no cards in hand
      ISMCTS score: 0.000
    ISMCTS evaluation completed in 0.001s
    Best card: 7S (score: 0.000)
Player 3 plays 7S
Player 2 won the hand: 0 points

=== GAME SUMMARY ===
Team A (Players 0 & 2): 11 points
Team B (Players 1 & 3): 17 points
Bidder: Player 3 (Team B)
Winning Bid: 16
Bid Success: YES
Game Winner: Team B (Players 1 & 3)
Total Tricks: 8