
===== GAME 2 (20250825_095718_277) =====
Player 0 initial hand (bidding): ['AC', 'QH', 'AH', 'KH']
Player 1 initial hand (bidding): ['7H', '9H', '10C', '8D']
Player 2 initial hand (bidding): ['9D', 'KC', '7S', '7C']
Player 3 initial hand (bidding): ['AD', '10H', '10D', '7D']

  Player 0 (Belief Master) analyzing bid:
    Bidding hand (first 4): ['AC', 'QH', 'AH', 'KH']
    Hand strength: 0.071
    Current bid: 16
    Point prediction: -0.0 points
    Belief model: Opponent hand probabilities calculated
    Strategy: Belief Model Bidding (NO HEURISTICS)
    Belief model predictions obtained
    Pass evaluation score: 0.000
    Bid 17 evaluation score: -0.832
    Bid 18 evaluation score: -0.832
    Bid 19 evaluation score: -0.832
    Best decision: PASS (score: 0.000)
Pass: Player 0 (min_allowed=17)
  Player 1 (Belief Expert) analyzing bid:
    Bidding hand (first 4): ['7H', '9H', '10C', '8D']
    Hand strength: 0.107
    Current bid: 16
    Point prediction: -0.0 points
    Belief model: Opponent hand probabilities calculated
    Strategy: Belief Model Bidding (NO HEURISTICS)
    Belief model predictions obtained
    Pass evaluation score: 0.000
    Bid 17 evaluation score: -0.833
    Bid 18 evaluation score: -0.833
    Bid 19 evaluation score: -0.833
    Best decision: PASS (score: 0.000)
Pass: Player 1 (min_allowed=17)
  Player 2 (Belief Pro) analyzing bid:
    Bidding hand (first 4): ['9D', 'KC', '7S', '7C']
    Hand strength: 0.071
    Current bid: 16
    Point prediction: -0.0 points
    Belief model: Opponent hand probabilities calculated
    Strategy: Belief Model Bidding (NO HEURISTICS)
    Belief model predictions obtained
    Pass evaluation score: 0.000
    Bid 17 evaluation score: -0.832
    Bid 18 evaluation score: -0.832
    Bid 19 evaluation score: -0.832
    Best decision: PASS (score: 0.000)
Pass: Player 2 (min_allowed=17)
Auction winner: Player 3 with bid 16
    Strategy: Belief-based trump selection
    Selected trump: D (score: 6.20)
Bidder sets concealed trump suit: D
Phase: concealed, bidder concealed card: [face-down trump]

Full hands (8 cards each):
Player 0 full hand: ['AC', 'QH', 'AH', 'KH', 'QS', '9C', 'AS', 'QD']
Player 1 full hand: ['7H', '9H', '10C', '8D', '8C', 'JC', 'JH', 'QC']
Player 2 full hand: ['9D', 'KC', '7S', '7C', 'JD', '8S', '10S', '9S']
Player 3 full hand: ['10H', '10D', '7D', '8H', 'KD', 'JS', 'KS']

  Player 0 (Belief Master) choosing card:
    Remaining hand (8 cards): ['AC', 'QH', 'AH', 'KH', 'QS', '9C', 'AS', 'QD']
    Legal cards (7): ['AC', 'QH', 'AH', 'KH', 'QS', '9C', 'AS']
    Current trick: 0 cards played
    Trump suit: D
    Strategy: Belief Model Card Selection (NO HEURISTICS)
    Belief model predictions obtained
    Evaluating card 1/7: AC
      Belief model score: 2.000
    Evaluating card 2/7: QH
      Belief model score: 0.000
    Evaluating card 3/7: AH
      Belief model score: 2.000
    Evaluating card 4/7: KH
      Belief model score: 1.000
    Evaluating card 5/7: QS
      Belief model score: 0.000
    Evaluating card 6/7: 9C
      Belief model score: 3.000
    Evaluating card 7/7: AS
      Belief model score: 2.000
    Belief model evaluation completed
    Best card: 9C (score: 3.000)
Player 0 plays 9C
  Player 1 (Belief Expert) choosing card:
    Remaining hand (8 cards): ['7H', '9H', '10C', '8D', '8C', 'JC', 'JH', 'QC']
    Legal cards (4): ['10C', '8C', 'JC', 'QC']
    Current trick: 1 cards played
    Lead suit: C
    Trump suit: D
    Strategy: Belief Model Card Selection (NO HEURISTICS)
    Belief model predictions obtained
    Evaluating card 1/4: 10C
      Belief model score: 2.000
    Evaluating card 2/4: 8C
      Belief model score: 2.000
    Evaluating card 3/4: JC
      Belief model score: 8.000
    Evaluating card 4/4: QC
      Belief model score: 1.000
    Belief model evaluation completed
    Best card: JC (score: 8.000)
Player 1 plays JC
  Player 2 (Belief Pro) choosing card:
    Remaining hand (8 cards): ['9D', 'KC', '7S', '7C', 'JD', '8S', '10S', '9S']
    Legal cards (2): ['KC', '7C']
    Current trick: 2 cards played
    Lead suit: C
    Trump suit: D
    Strategy: Belief Model Card Selection (NO HEURISTICS)
    Belief model predictions obtained
    Evaluating card 1/2: KC
      Belief model score: 2.000
    Evaluating card 2/2: 7C
      Belief model score: 2.000
    Belief model evaluation completed
    Best card: KC (score: 2.000)
Player 2 plays KC
  Player 3 (Belief Champion) choosing card:
    Remaining hand (7 cards): ['10H', '10D', '7D', '8H', 'KD', 'JS', 'KS']
    Legal cards (7): ['10H', '10D', '7D', '8H', 'KD', 'JS', 'KS']
    Current trick: 3 cards played
    Lead suit: C
    Trump suit: D
    Strategy: Belief Model Card Selection (NO HEURISTICS)
    Belief model predictions obtained
    Evaluating card 1/7: 10H
      Belief model score: 1.500
    Evaluating card 2/7: 10D
      Belief model score: 4.000
    Evaluating card 3/7: 7D
      Belief model score: 4.000
    Evaluating card 4/7: 8H
      Belief model score: 1.500
    Evaluating card 5/7: KD
      Belief model score: 4.000
    Evaluating card 6/7: JS
      Belief model score: 3.500
    Evaluating card 7/7: KS
      Belief model score: 1.500
    Belief model evaluation completed
    Best card: 10D (score: 4.000)
-- Phase 2 begins: Trump revealed as D by Player 3 on trick 1 --
Player 3 plays 10D
Player 3 won the hand: 6 points

  Player 0 (Belief Master) choosing card:
    Remaining hand (7 cards): ['AC', 'QH', 'AH', 'KH', 'QS', 'AS', 'QD']
    Legal cards (7): ['AC', 'QH', 'AH', 'KH', 'QS', 'AS', 'QD']
    Current trick: 0 cards played
    Trump suit: D
    Strategy: Belief Model Card Selection (NO HEURISTICS)
    Belief model predictions obtained
    Evaluating card 1/7: AC
      Belief model score: 1.000
    Evaluating card 2/7: QH
      Belief model score: 0.000
    Evaluating card 3/7: AH
      Belief model score: 1.000
    Evaluating card 4/7: KH
      Belief model score: 0.000
    Evaluating card 5/7: QS
      Belief model score: 0.000
    Evaluating card 6/7: AS
      Belief model score: 1.000
    Evaluating card 7/7: QD
      Belief model score: 2.000
    Belief model evaluation completed
    Best card: QD (score: 2.000)
Player 0 plays QD
  Player 1 (Belief Expert) choosing card:
    Remaining hand (7 cards): ['7H', '9H', '10C', '8D', '8C', 'JH', 'QC']
    Legal cards (1): ['8D']
    Current trick: 1 cards played
    Lead suit: D
    Trump suit: D
    Strategy: Belief Model Card Selection (NO HEURISTICS)
    Belief model predictions obtained
    Evaluating card 1/1: 8D
      Belief model score: 4.000
    Belief model evaluation completed
    Best card: 8D (score: 4.000)
Player 1 plays 8D
  Player 2 (Belief Pro) choosing card:
    Remaining hand (7 cards): ['9D', '7S', '7C', 'JD', '8S', '10S', '9S']
    Legal cards (2): ['9D', 'JD']
    Current trick: 2 cards played
    Lead suit: D
    Trump suit: D
    Strategy: Belief Model Card Selection (NO HEURISTICS)
    Belief model predictions obtained
    Evaluating card 1/2: 9D
      Belief model score: 10.000
    Evaluating card 2/2: JD
      Belief model score: 10.000
    Belief model evaluation completed
    Best card: 9D (score: 10.000)
Player 2 plays 9D
  Player 3 (Belief Champion) choosing card:
    Remaining hand (7 cards): ['10H', '7D', '8H', 'KD', 'JS', 'KS', 'AD']
    Legal cards (3): ['7D', 'KD', 'AD']
    Current trick: 3 cards played
    Lead suit: D
    Trump suit: D
    Strategy: Belief Model Card Selection (NO HEURISTICS)
    Belief model predictions obtained
    Evaluating card 1/3: 7D
      Belief model score: 4.000
    Evaluating card 2/3: KD
      Belief model score: 3.000
    Evaluating card 3/3: AD
      Belief model score: 4.000
    Belief model evaluation completed
    Best card: 7D (score: 4.000)
Player 3 plays 7D
Player 2 won the hand: 2 points

  Player 0 (Belief Master) choosing card:
    Remaining hand (6 cards): ['AC', 'QH', 'AH', 'KH', 'QS', 'AS']
    Legal cards (6): ['AC', 'QH', 'AH', 'KH', 'QS', 'AS']
    Current trick: 0 cards played
    Trump suit: D
    Strategy: Belief Model Card Selection (NO HEURISTICS)
    Belief model predictions obtained
    Evaluating card 1/6: AC
      Belief model score: 1.000
    Evaluating card 2/6: QH
      Belief model score: 0.000
    Evaluating card 3/6: AH
      Belief model score: 1.000
    Evaluating card 4/6: KH
      Belief model score: 0.000
    Evaluating card 5/6: QS
      Belief model score: 0.000
    Evaluating card 6/6: AS
      Belief model score: 1.000
    Belief model evaluation completed
    Best card: AC (score: 1.000)
Player 0 plays AC
  Player 1 (Belief Expert) choosing card:
    Remaining hand (6 cards): ['7H', '9H', '10C', '8C', 'JH', 'QC']
    Legal cards (3): ['10C', '8C', 'QC']
    Current trick: 1 cards played
    Lead suit: C
    Trump suit: D
    Strategy: Belief Model Card Selection (NO HEURISTICS)
    Belief model predictions obtained
    Evaluating card 1/3: 10C
      Belief model score: 2.000
    Evaluating card 2/3: 8C
      Belief model score: 2.000
    Evaluating card 3/3: QC
      Belief model score: 1.000
    Belief model evaluation completed
    Best card: 10C (score: 2.000)
Player 1 plays 10C
  Player 2 (Belief Pro) choosing card:
    Remaining hand (6 cards): ['7S', '7C', 'JD', '8S', '10S', '9S']
    Legal cards (1): ['7C']
    Current trick: 2 cards played
    Lead suit: C
    Trump suit: D
    Strategy: Belief Model Card Selection (NO HEURISTICS)
    Belief model predictions obtained
    Evaluating card 1/1: 7C
      Belief model score: 2.000
    Belief model evaluation completed
    Best card: 7C (score: 2.000)
Player 2 plays 7C
  Player 3 (Belief Champion) choosing card:
    Remaining hand (6 cards): ['10H', '8H', 'KD', 'JS', 'KS', 'AD']
    Legal cards (6): ['10H', '8H', 'KD', 'JS', 'KS', 'AD']
    Current trick: 3 cards played
    Lead suit: C
    Trump suit: D
    Strategy: Belief Model Card Selection (NO HEURISTICS)
    Belief model predictions obtained
    Evaluating card 1/6: 10H
      Belief model score: 1.500
    Evaluating card 2/6: 8H
      Belief model score: 1.500
    Evaluating card 3/6: KD
      Belief model score: 5.000
    Evaluating card 4/6: JS
      Belief model score: 7.500
    Evaluating card 5/6: KS
      Belief model score: 0.500
    Evaluating card 6/6: AD
      Belief model score: 6.000
    Belief model evaluation completed
    Best card: JS (score: 7.500)
Player 3 plays JS
Player 0 won the hand: 5 points

  Player 0 (Belief Master) choosing card:
    Remaining hand (5 cards): ['QH', 'AH', 'KH', 'QS', 'AS']
    Legal cards (5): ['QH', 'AH', 'KH', 'QS', 'AS']
    Current trick: 0 cards played
    Trump suit: D
    Strategy: Belief Model Card Selection (NO HEURISTICS)
    Belief model predictions obtained
    Evaluating card 1/5: QH
      Belief model score: 0.000
    Evaluating card 2/5: AH
      Belief model score: 1.000
    Evaluating card 3/5: KH
      Belief model score: 0.000
    Evaluating card 4/5: QS
      Belief model score: 0.000
    Evaluating card 5/5: AS
      Belief model score: 1.000
    Belief model evaluation completed
    Best card: AH (score: 1.000)
Player 0 plays AH
  Player 1 (Belief Expert) choosing card:
    Remaining hand (5 cards): ['7H', '9H', '8C', 'JH', 'QC']
    Legal cards (3): ['7H', '9H', 'JH']
    Current trick: 1 cards played
    Lead suit: H
    Trump suit: D
    Strategy: Belief Model Card Selection (NO HEURISTICS)
    Belief model predictions obtained
    Evaluating card 1/3: 7H
      Belief model score: 2.000
    Evaluating card 2/3: 9H
      Belief model score: 8.000
    Evaluating card 3/3: JH
      Belief model score: 8.000
    Belief model evaluation completed
    Best card: 9H (score: 8.000)
Player 1 plays 9H
  Player 2 (Belief Pro) choosing card:
    Remaining hand (5 cards): ['7S', 'JD', '8S', '10S', '9S']
    Legal cards (5): ['7S', 'JD', '8S', '10S', '9S']
    Current trick: 2 cards played
    Lead suit: H
    Trump suit: D
    Strategy: Belief Model Card Selection (NO HEURISTICS)
    Belief model predictions obtained
    Evaluating card 1/5: 7S
      Belief model score: 1.500
    Evaluating card 2/5: JD
      Belief model score: 8.000
    Evaluating card 3/5: 8S
      Belief model score: 1.500
    Evaluating card 4/5: 10S
      Belief model score: 1.500
    Evaluating card 5/5: 9S
      Belief model score: 3.500
    Belief model evaluation completed
    Best card: JD (score: 8.000)
Player 2 plays JD
  Player 3 (Belief Champion) choosing card:
    Remaining hand (5 cards): ['10H', '8H', 'KD', 'KS', 'AD']
    Legal cards (2): ['10H', '8H']
    Current trick: 3 cards played
    Lead suit: H
    Trump suit: D
    Strategy: Belief Model Card Selection (NO HEURISTICS)
    Belief model predictions obtained
    Evaluating card 1/2: 10H
      Belief model score: 2.000
    Evaluating card 2/2: 8H
      Belief model score: 2.000
    Belief model evaluation completed
    Best card: 10H (score: 2.000)
Player 3 plays 10H
Player 2 won the hand: 7 points

  Player 0 (Belief Master) choosing card:
    Remaining hand (4 cards): ['QH', 'KH', 'QS', 'AS']
    Legal cards (4): ['QH', 'KH', 'QS', 'AS']
    Current trick: 0 cards played
    Trump suit: D
    Strategy: Belief Model Card Selection (NO HEURISTICS)
    Belief model predictions obtained
    Evaluating card 1/4: QH
      Belief model score: 0.000
    Evaluating card 2/4: KH
      Belief model score: 0.000
    Evaluating card 3/4: QS
      Belief model score: 0.000
    Evaluating card 4/4: AS
      Belief model score: 1.000
    Belief model evaluation completed
    Best card: AS (score: 1.000)
Player 0 plays AS
  Player 1 (Belief Expert) choosing card:
    Remaining hand (4 cards): ['7H', '8C', 'JH', 'QC']
    Legal cards (4): ['7H', '8C', 'JH', 'QC']
    Current trick: 1 cards played
    Lead suit: S
    Trump suit: D
    Strategy: Belief Model Card Selection (NO HEURISTICS)
    Belief model predictions obtained
    Evaluating card 1/4: 7H
      Belief model score: 1.500
    Evaluating card 2/4: 8C
      Belief model score: 1.500
    Evaluating card 3/4: JH
      Belief model score: 3.500
    Evaluating card 4/4: QC
      Belief model score: 0.500
    Belief model evaluation completed
    Best card: JH (score: 3.500)
Player 1 plays JH
  Player 2 (Belief Pro) choosing card:
    Remaining hand (4 cards): ['7S', '8S', '10S', '9S']
    Legal cards (4): ['7S', '8S', '10S', '9S']
    Current trick: 2 cards played
    Lead suit: S
    Trump suit: D
    Strategy: Belief Model Card Selection (NO HEURISTICS)
    Belief model predictions obtained
    Evaluating card 1/4: 7S
      Belief model score: 2.000
    Evaluating card 2/4: 8S
      Belief model score: 2.000
    Evaluating card 3/4: 10S
      Belief model score: 2.000
    Evaluating card 4/4: 9S
      Belief model score: 8.000
    Belief model evaluation completed
    Best card: 9S (score: 8.000)
Player 2 plays 9S
  Player 3 (Belief Champion) choosing card:
    Remaining hand (4 cards): ['8H', 'KD', 'KS', 'AD']
    Legal cards (1): ['KS']
    Current trick: 3 cards played
    Lead suit: S
    Trump suit: D
    Strategy: Belief Model Card Selection (NO HEURISTICS)
    Belief model predictions obtained
    Evaluating card 1/1: KS
      Belief model score: 1.000
    Belief model evaluation completed
    Best card: KS (score: 1.000)
Player 3 plays KS
Player 2 won the hand: 6 points

  Player 0 (Belief Master) choosing card:
    Remaining hand (3 cards): ['QH', 'KH', 'QS']
    Legal cards (3): ['QH', 'KH', 'QS']
    Current trick: 0 cards played
    Trump suit: D
    Strategy: Belief Model Card Selection (NO HEURISTICS)
    Belief model predictions obtained
    Evaluating card 1/3: QH
      Belief model score: 0.000
    Evaluating card 2/3: KH
      Belief model score: 0.000
    Evaluating card 3/3: QS
      Belief model score: 6.000
    Belief model evaluation completed
    Best card: QS (score: 6.000)
Player 0 plays QS
  Player 1 (Belief Expert) choosing card:
    Remaining hand (3 cards): ['7H', '8C', 'QC']
    Legal cards (3): ['7H', '8C', 'QC']
    Current trick: 1 cards played
    Lead suit: S
    Trump suit: D
    Strategy: Belief Model Card Selection (NO HEURISTICS)
    Belief model predictions obtained
    Evaluating card 1/3: 7H
      Belief model score: 1.500
    Evaluating card 2/3: 8C
      Belief model score: 1.500
    Evaluating card 3/3: QC
      Belief model score: 0.500
    Belief model evaluation completed
    Best card: 7H (score: 1.500)
Player 1 plays 7H
  Player 2 (Belief Pro) choosing card:
    Remaining hand (3 cards): ['7S', '8S', '10S']
    Legal cards (3): ['7S', '8S', '10S']
    Current trick: 2 cards played
    Lead suit: S
    Trump suit: D
    Strategy: Belief Model Card Selection (NO HEURISTICS)
    Belief model predictions obtained
    Evaluating card 1/3: 7S
      Belief model score: 8.000
    Evaluating card 2/3: 8S
      Belief model score: 8.000
    Evaluating card 3/3: 10S
      Belief model score: 12.000
    Belief model evaluation completed
    Best card: 10S (score: 12.000)
Player 2 plays 10S
  Player 3 (Belief Champion) choosing card:
    Remaining hand (3 cards): ['8H', 'KD', 'AD']
    Legal cards (3): ['8H', 'KD', 'AD']
    Current trick: 3 cards played
    Lead suit: S
    Trump suit: D
    Strategy: Belief Model Card Selection (NO HEURISTICS)
    Belief model predictions obtained
    Evaluating card 1/3: 8H
      Belief model score: 1.500
    Evaluating card 2/3: KD
      Belief model score: 5.000
    Evaluating card 3/3: AD
      Belief model score: 6.000
    Belief model evaluation completed
    Best card: AD (score: 6.000)
Player 3 plays AD
Player 3 won the hand: 2 points

  Player 0 (Belief Master) choosing card:
    Remaining hand (2 cards): ['QH', 'KH']
    Legal cards (2): ['QH', 'KH']
    Current trick: 0 cards played
    Trump suit: D
    Strategy: Belief Model Card Selection (NO HEURISTICS)
    Belief model predictions obtained
    Evaluating card 1/2: QH
      Belief model score: 0.000
    Evaluating card 2/2: KH
      Belief model score: 0.000
    Belief model evaluation completed
    Best card: QH (score: 0.000)
Player 0 plays QH
  Player 1 (Belief Expert) choosing card:
    Remaining hand (2 cards): ['8C', 'QC']
    Legal cards (2): ['8C', 'QC']
    Current trick: 1 cards played
    Lead suit: H
    Trump suit: D
    Strategy: Belief Model Card Selection (NO HEURISTICS)
    Belief model predictions obtained
    Evaluating card 1/2: 8C
      Belief model score: 1.500
    Evaluating card 2/2: QC
      Belief model score: 0.500
    Belief model evaluation completed
    Best card: 8C (score: 1.500)
Player 1 plays 8C
  Player 2 (Belief Pro) choosing card:
    Remaining hand (2 cards): ['7S', '8S']
    Legal cards (2): ['7S', '8S']
    Current trick: 2 cards played
    Lead suit: H
    Trump suit: D
    Strategy: Belief Model Card Selection (NO HEURISTICS)
    Belief model predictions obtained
    Evaluating card 1/2: 7S
      Belief model score: 7.500
    Evaluating card 2/2: 8S
      Belief model score: 7.500
    Belief model evaluation completed
    Best card: 7S (score: 7.500)
Player 2 plays 7S
  Player 3 (Belief Champion) choosing card:
    Remaining hand (2 cards): ['8H', 'KD']
    Legal cards (1): ['8H']
    Current trick: 3 cards played
    Lead suit: H
    Trump suit: D
    Strategy: Belief Model Card Selection (NO HEURISTICS)
    Belief model predictions obtained
    Evaluating card 1/1: 8H
      Belief model score: 2.000
    Belief model evaluation completed
    Best card: 8H (score: 2.000)
Player 3 plays 8H
Player 0 won the hand: 0 points

  Player 0 (Belief Master) choosing card:
    Remaining hand (1 cards): ['KH']
    Legal cards (1): ['KH']
    Current trick: 0 cards played
    Trump suit: D
    Strategy: Belief Model Card Selection (NO HEURISTICS)
    Belief model predictions obtained
    Evaluating card 1/1: KH
      Belief model score: 0.000
    Belief model evaluation completed
    Best card: KH (score: 0.000)
Player 0 plays KH
  Player 1 (Belief Expert) choosing card:
    Remaining hand (1 cards): ['QC']
    Legal cards (1): ['QC']
    Current trick: 1 cards played
    Lead suit: H
    Trump suit: D
    Strategy: Belief Model Card Selection (NO HEURISTICS)
    Belief model predictions obtained
    Evaluating card 1/1: QC
      Belief model score: 6.500
    Belief model evaluation completed
    Best card: QC (score: 6.500)
Player 1 plays QC
  Player 2 (Belief Pro) choosing card:
    Remaining hand (1 cards): ['8S']
    Legal cards (1): ['8S']
    Current trick: 2 cards played
    Lead suit: H
    Trump suit: D
    Strategy: Belief Model Card Selection (NO HEURISTICS)
    Belief model predictions obtained
    Evaluating card 1/1: 8S
      Belief model score: 7.500
    Belief model evaluation completed
    Best card: 8S (score: 7.500)
Player 2 plays 8S
  Player 3 (Belief Champion) choosing card:
    Remaining hand (1 cards): ['KD']
    Legal cards (1): ['KD']
    Current trick: 3 cards played
    Lead suit: H
    Trump suit: D
    Strategy: Belief Model Card Selection (NO HEURISTICS)
    Belief model predictions obtained
    Evaluating card 1/1: KD
      Belief model score: 5.000
    Belief model evaluation completed
    Best card: KD (score: 5.000)
Player 3 plays KD
Player 3 won the hand: 0 points

=== GAME SUMMARY ===
Team A (Players 0 & 2): 20 points
Team B (Players 1 & 3): 8 points
Bidder: Player 3 (Team B)
Winning Bid: 16
Bid Success: NO
Game Winner: Team B (Players 1 & 3)
Total Tricks: 8