
===== GAME 13 (20250824_143723_915) =====
Player 0 initial hand (bidding): ['JS', '8D', 'JC', '8H']
Player 1 initial hand (bidding): ['8S', 'JH', '7S', 'KS']
Player 2 initial hand (bidding): ['10S', '10H', '9H', '9D']
Player 3 initial hand (bidding): ['KH', 'KC', 'QS', 'KD']

  Player 0 (Belief Master) analyzing bid:
    Bidding hand (first 4): ['JS', '8D', 'JC', '8H']
    Hand strength: 0.214
    Current bid: 16
Point prediction error: shape '[1, 7, -1]' is invalid for input of size 52
    Point prediction: 0.0 points
    Belief model failed: 'Game28State' object has no attribute 'game_progress'
    Strategy: Belief Model Bidding (NO HEURISTICS)
    Belief model bidding error: 'Game28State' object has no attribute 'game_progress'
Pass: Player 0 (min_allowed=17)
  Player 1 (Belief Expert) analyzing bid:
    Bidding hand (first 4): ['8S', 'JH', '7S', 'KS']
    Hand strength: 0.107
    Current bid: 16
Point prediction error: shape '[1, 7, -1]' is invalid for input of size 52
    Point prediction: 0.0 points
    Belief model failed: 'Game28State' object has no attribute 'game_progress'
    Strategy: Belief Model Bidding (NO HEURISTICS)
    Belief model bidding error: 'Game28State' object has no attribute 'game_progress'
Pass: Player 1 (min_allowed=17)
  Player 2 (Belief Pro) analyzing bid:
    Bidding hand (first 4): ['10S', '10H', '9H', '9D']
    Hand strength: 0.214
    Current bid: 16
Point prediction error: shape '[1, 7, -1]' is invalid for input of size 52
    Point prediction: 0.0 points
    Belief model failed: 'Game28State' object has no attribute 'game_progress'
    Strategy: Belief Model Bidding (NO HEURISTICS)
    Belief model bidding error: 'Game28State' object has no attribute 'game_progress'
Pass: Player 2 (min_allowed=17)
Auction winner: Player 3 with bid 16
    Strategy: Belief-based trump selection
    Belief-based trump selection error: 'Game28State' object has no attribute 'game_progress'
Bidder sets concealed trump suit: H
Phase: concealed, bidder concealed card: [face-down trump]

Full hands (8 cards each):
Player 0 full hand: ['JS', '8D', 'JC', '8H', '7D', 'JD', 'QC', 'AD']
Player 1 full hand: ['8S', 'JH', '7S', 'KS', '9S', 'AS', 'AH', 'QH']
Player 2 full hand: ['10S', '10H', '9H', '9D', 'QD', '10C', '7H', '10D']
Player 3 full hand: ['KC', 'QS', 'KD', '7C', '9C', '8C', 'AC']

  Player 0 (Belief Master) choosing card:
    Remaining hand (8 cards): ['JS', '8D', 'JC', '8H', '7D', 'JD', 'QC', 'AD']
    Legal cards (7): ['JS', '8D', 'JC', '7D', 'JD', 'QC', 'AD']
    Current trick: 0 cards played
    Trump suit: H
    Strategy: Belief Model Card Selection (NO HEURISTICS)
    Belief model card selection error: 'Game28State' object has no attribute 'game_progress'
Player 0 plays JS
  Player 1 (Belief Expert) choosing card:
    Remaining hand (8 cards): ['8S', 'JH', '7S', 'KS', '9S', 'AS', 'AH', 'QH']
    Legal cards (5): ['8S', '7S', 'KS', '9S', 'AS']
    Current trick: 1 cards played
    Lead suit: S
    Trump suit: H
    Strategy: Belief Model Card Selection (NO HEURISTICS)
    Belief model card selection error: 'Game28State' object has no attribute 'game_progress'
Player 1 plays 9S
  Player 2 (Belief Pro) choosing card:
    Remaining hand (8 cards): ['10S', '10H', '9H', '9D', 'QD', '10C', '7H', '10D']
    Legal cards (1): ['10S']
    Current trick: 2 cards played
    Lead suit: S
    Trump suit: H
    Strategy: Belief Model Card Selection (NO HEURISTICS)
    Belief model card selection error: 'Game28State' object has no attribute 'game_progress'
Player 2 plays 10S
  Player 3 (Belief Champion) choosing card:
    Remaining hand (7 cards): ['KC', 'QS', 'KD', '7C', '9C', '8C', 'AC']
    Legal cards (1): ['QS']
    Current trick: 3 cards played
    Lead suit: S
    Trump suit: H
    Strategy: Belief Model Card Selection (NO HEURISTICS)
    Belief model card selection error: 'Game28State' object has no attribute 'game_progress'
Player 3 plays QS
Player 0 won the hand: 6 points

  Player 0 (Belief Master) choosing card:
    Remaining hand (7 cards): ['8D', 'JC', '8H', '7D', 'JD', 'QC', 'AD']
    Legal cards (6): ['8D', 'JC', '7D', 'JD', 'QC', 'AD']
    Current trick: 0 cards played
    Trump suit: H
    Strategy: Belief Model Card Selection (NO HEURISTICS)
    Belief model card selection error: 'Game28State' object has no attribute 'game_progress'
Player 0 plays JC
  Player 1 (Belief Expert) choosing card:
    Remaining hand (7 cards): ['8S', 'JH', '7S', 'KS', 'AS', 'AH', 'QH']
    Legal cards (7): ['8S', 'JH', '7S', 'KS', 'AS', 'AH', 'QH']
    Current trick: 1 cards played
    Lead suit: C
    Trump suit: H
    Strategy: Belief Model Card Selection (NO HEURISTICS)
    Belief model card selection error: 'Game28State' object has no attribute 'game_progress'
-- Phase 2 begins: Trump revealed as H by Player 1 on trick 2 --
Player 1 plays JH
  Player 2 (Belief Pro) choosing card:
    Remaining hand (7 cards): ['10H', '9H', '9D', 'QD', '10C', '7H', '10D']
    Legal cards (1): ['10C']
    Current trick: 2 cards played
    Lead suit: C
    Trump suit: H
    Strategy: Belief Model Card Selection (NO HEURISTICS)
    Belief model card selection error: 'Game28State' object has no attribute 'game_progress'
Player 2 plays 10C
  Player 3 (Belief Champion) choosing card:
    Remaining hand (7 cards): ['KC', 'KD', '7C', '9C', '8C', 'AC', 'KH']
    Legal cards (5): ['KC', '7C', '9C', '8C', 'AC']
    Current trick: 3 cards played
    Lead suit: C
    Trump suit: H
    Strategy: Belief Model Card Selection (NO HEURISTICS)
    Belief model card selection error: 'Game28State' object has no attribute 'game_progress'
Player 3 plays 9C
Player 1 won the hand: 9 points

  Player 0 (Belief Master) choosing card:
    Remaining hand (6 cards): ['8D', '8H', '7D', 'JD', 'QC', 'AD']
    Legal cards (6): ['8D', '8H', '7D', 'JD', 'QC', 'AD']
    Current trick: 0 cards played
    Trump suit: H
    Strategy: Belief Model Card Selection (NO HEURISTICS)
    Belief model card selection error: 'Game28State' object has no attribute 'game_progress'
Player 0 plays JD
  Player 1 (Belief Expert) choosing card:
    Remaining hand (6 cards): ['8S', '7S', 'KS', 'AS', 'AH', 'QH']
    Legal cards (6): ['8S', '7S', 'KS', 'AS', 'AH', 'QH']
    Current trick: 1 cards played
    Lead suit: D
    Trump suit: H
    Strategy: Belief Model Card Selection (NO HEURISTICS)
    Belief model card selection error: 'Game28State' object has no attribute 'game_progress'
Player 1 plays AS
  Player 2 (Belief Pro) choosing card:
    Remaining hand (6 cards): ['10H', '9H', '9D', 'QD', '7H', '10D']
    Legal cards (3): ['9D', 'QD', '10D']
    Current trick: 2 cards played
    Lead suit: D
    Trump suit: H
    Strategy: Belief Model Card Selection (NO HEURISTICS)
    Belief model card selection error: 'Game28State' object has no attribute 'game_progress'
Player 2 plays 9D
  Player 3 (Belief Champion) choosing card:
    Remaining hand (6 cards): ['KC', 'KD', '7C', '8C', 'AC', 'KH']
    Legal cards (1): ['KD']
    Current trick: 3 cards played
    Lead suit: D
    Trump suit: H
    Strategy: Belief Model Card Selection (NO HEURISTICS)
    Belief model card selection error: 'Game28State' object has no attribute 'game_progress'
Player 3 plays KD
Player 0 won the hand: 6 points

  Player 0 (Belief Master) choosing card:
    Remaining hand (5 cards): ['8D', '8H', '7D', 'QC', 'AD']
    Legal cards (5): ['8D', '8H', '7D', 'QC', 'AD']
    Current trick: 0 cards played
    Trump suit: H
    Strategy: Belief Model Card Selection (NO HEURISTICS)
    Belief model card selection error: 'Game28State' object has no attribute 'game_progress'
Player 0 plays AD
  Player 1 (Belief Expert) choosing card:
    Remaining hand (5 cards): ['8S', '7S', 'KS', 'AH', 'QH']
    Legal cards (5): ['8S', '7S', 'KS', 'AH', 'QH']
    Current trick: 1 cards played
    Lead suit: D
    Trump suit: H
    Strategy: Belief Model Card Selection (NO HEURISTICS)
    Belief model card selection error: 'Game28State' object has no attribute 'game_progress'
Player 1 plays AH
  Player 2 (Belief Pro) choosing card:
    Remaining hand (5 cards): ['10H', '9H', 'QD', '7H', '10D']
    Legal cards (2): ['QD', '10D']
    Current trick: 2 cards played
    Lead suit: D
    Trump suit: H
    Strategy: Belief Model Card Selection (NO HEURISTICS)
    Belief model card selection error: 'Game28State' object has no attribute 'game_progress'
Player 2 plays 10D
  Player 3 (Belief Champion) choosing card:
    Remaining hand (5 cards): ['KC', '7C', '8C', 'AC', 'KH']
    Legal cards (5): ['KC', '7C', '8C', 'AC', 'KH']
    Current trick: 3 cards played
    Lead suit: D
    Trump suit: H
    Strategy: Belief Model Card Selection (NO HEURISTICS)
    Belief model card selection error: 'Game28State' object has no attribute 'game_progress'
Player 3 plays AC
Player 1 won the hand: 4 points

  Player 0 (Belief Master) choosing card:
    Remaining hand (4 cards): ['8D', '8H', '7D', 'QC']
    Legal cards (4): ['8D', '8H', '7D', 'QC']
    Current trick: 0 cards played
    Trump suit: H
    Strategy: Belief Model Card Selection (NO HEURISTICS)
    Belief model card selection error: 'Game28State' object has no attribute 'game_progress'
Player 0 plays 8D
  Player 1 (Belief Expert) choosing card:
    Remaining hand (4 cards): ['8S', '7S', 'KS', 'QH']
    Legal cards (4): ['8S', '7S', 'KS', 'QH']
    Current trick: 1 cards played
    Lead suit: D
    Trump suit: H
    Strategy: Belief Model Card Selection (NO HEURISTICS)
    Belief model card selection error: 'Game28State' object has no attribute 'game_progress'
Player 1 plays 8S
  Player 2 (Belief Pro) choosing card:
    Remaining hand (4 cards): ['10H', '9H', 'QD', '7H']
    Legal cards (1): ['QD']
    Current trick: 2 cards played
    Lead suit: D
    Trump suit: H
    Strategy: Belief Model Card Selection (NO HEURISTICS)
    Belief model card selection error: 'Game28State' object has no attribute 'game_progress'
Player 2 plays QD
  Player 3 (Belief Champion) choosing card:
    Remaining hand (4 cards): ['KC', '7C', '8C', 'KH']
    Legal cards (4): ['KC', '7C', '8C', 'KH']
    Current trick: 3 cards played
    Lead suit: D
    Trump suit: H
    Strategy: Belief Model Card Selection (NO HEURISTICS)
    Belief model card selection error: 'Game28State' object has no attribute 'game_progress'
Player 3 plays KC
Player 2 won the hand: 0 points

  Player 0 (Belief Master) choosing card:
    Remaining hand (3 cards): ['8H', '7D', 'QC']
    Legal cards (3): ['8H', '7D', 'QC']
    Current trick: 0 cards played
    Trump suit: H
    Strategy: Belief Model Card Selection (NO HEURISTICS)
    Belief model card selection error: 'Game28State' object has no attribute 'game_progress'
Player 0 plays 8H
  Player 1 (Belief Expert) choosing card:
    Remaining hand (3 cards): ['7S', 'KS', 'QH']
    Legal cards (1): ['QH']
    Current trick: 1 cards played
    Lead suit: H
    Trump suit: H
    Strategy: Belief Model Card Selection (NO HEURISTICS)
    Belief model card selection error: 'Game28State' object has no attribute 'game_progress'
Player 1 plays QH
  Player 2 (Belief Pro) choosing card:
    Remaining hand (3 cards): ['10H', '9H', '7H']
    Legal cards (3): ['10H', '9H', '7H']
    Current trick: 2 cards played
    Lead suit: H
    Trump suit: H
    Strategy: Belief Model Card Selection (NO HEURISTICS)
    Belief model card selection error: 'Game28State' object has no attribute 'game_progress'
Player 2 plays 9H
  Player 3 (Belief Champion) choosing card:
    Remaining hand (3 cards): ['7C', '8C', 'KH']
    Legal cards (1): ['KH']
    Current trick: 3 cards played
    Lead suit: H
    Trump suit: H
    Strategy: Belief Model Card Selection (NO HEURISTICS)
    Belief model card selection error: 'Game28State' object has no attribute 'game_progress'
Player 3 plays KH
Player 2 won the hand: 2 points

  Player 0 (Belief Master) choosing card:
    Remaining hand (2 cards): ['7D', 'QC']
    Legal cards (2): ['7D', 'QC']
    Current trick: 0 cards played
    Trump suit: H
    Strategy: Belief Model Card Selection (NO HEURISTICS)
    Belief model card selection error: 'Game28State' object has no attribute 'game_progress'
Player 0 plays 7D
  Player 1 (Belief Expert) choosing card:
    Remaining hand (2 cards): ['7S', 'KS']
    Legal cards (2): ['7S', 'KS']
    Current trick: 1 cards played
    Lead suit: D
    Trump suit: H
    Strategy: Belief Model Card Selection (NO HEURISTICS)
    Belief model card selection error: 'Game28State' object has no attribute 'game_progress'
Player 1 plays 7S
  Player 2 (Belief Pro) choosing card:
    Remaining hand (2 cards): ['10H', '7H']
    Legal cards (2): ['10H', '7H']
    Current trick: 2 cards played
    Lead suit: D
    Trump suit: H
    Strategy: Belief Model Card Selection (NO HEURISTICS)
    Belief model card selection error: 'Game28State' object has no attribute 'game_progress'
Player 2 plays 10H
  Player 3 (Belief Champion) choosing card:
    Remaining hand (2 cards): ['7C', '8C']
    Legal cards (2): ['7C', '8C']
    Current trick: 3 cards played
    Lead suit: D
    Trump suit: H
    Strategy: Belief Model Card Selection (NO HEURISTICS)
    Belief model card selection error: 'Game28State' object has no attribute 'game_progress'
Player 3 plays 7C
Player 2 won the hand: 1 points

  Player 0 (Belief Master) choosing card:
    Remaining hand (1 cards): ['QC']
    Legal cards (1): ['QC']
    Current trick: 0 cards played
    Trump suit: H
    Strategy: Belief Model Card Selection (NO HEURISTICS)
    Belief model card selection error: 'Game28State' object has no attribute 'game_progress'
Player 0 plays QC
  Player 1 (Belief Expert) choosing card:
    Remaining hand (1 cards): ['KS']
    Legal cards (1): ['KS']
    Current trick: 1 cards played
    Lead suit: C
    Trump suit: H
    Strategy: Belief Model Card Selection (NO HEURISTICS)
    Belief model card selection error: 'Game28State' object has no attribute 'game_progress'
Player 1 plays KS
  Player 2 (Belief Pro) choosing card:
    Remaining hand (1 cards): ['7H']
    Legal cards (1): ['7H']
    Current trick: 2 cards played
    Lead suit: C
    Trump suit: H
    Strategy: Belief Model Card Selection (NO HEURISTICS)
    Belief model card selection error: 'Game28State' object has no attribute 'game_progress'
Player 2 plays 7H
  Player 3 (Belief Champion) choosing card:
    Remaining hand (1 cards): ['8C']
    Legal cards (1): ['8C']
    Current trick: 3 cards played
    Lead suit: C
    Trump suit: H
    Strategy: Belief Model Card Selection (NO HEURISTICS)
    Belief model card selection error: 'Game28State' object has no attribute 'game_progress'
Player 3 plays 8C
Player 2 won the hand: 0 points

=== GAME SUMMARY ===
Team A (Players 0 & 2): 15 points
Team B (Players 1 & 3): 13 points
Bidder: Player 3 (Team B)
Winning Bid: 16
Bid Success: NO
Game Winner: Team B (Players 1 & 3)
Total Tricks: 8