
===== GAME 7 (20250823_154829_728) =====
Player 0 initial hand (bidding): ['10H', '7H', 'KH', 'QC']
Player 1 initial hand (bidding): ['AS', '7C', 'AD', 'KD']
Player 2 initial hand (bidding): ['10S', '9C', '7S', '10D']
Player 3 initial hand (bidding): ['JC', 'KC', '7D', '8D']

Full hands (8 cards each):
Player 0 full hand: ['10H', '7H', 'KH', 'QC']
Player 1 full hand: ['AS', '7C', 'AD', 'KD']
Player 2 full hand: ['10S', '9C', '7S', '10D']
Player 3 full hand: ['JC', 'KC', '7D', '8D']

  Player 0 (AI Master) analyzing bid:
    Bidding hand (first 4): ['10H', '7H', 'KH', 'QC']
    Full hand (8 cards): ['10H', '7H', 'KH', 'QC']
    Hand strength: 0.036
    Current bid: 16
    Point prediction: 13.8 points
    Strategy: ISMCTS bidding (2000 iterations, 8 samples)
    MCTS state prepared with 4 cards
      ISMCTS evaluation error: 'TwentyEightEnv' object has no attribute 'game_score'
    Pass evaluation score: 0.000
      ISMCTS evaluation error: 'TwentyEightEnv' object has no attribute 'game_score'
    Bid 17 evaluation score: -1.000
      ISMCTS evaluation error: 'TwentyEightEnv' object has no attribute 'game_score'
    Bid 18 evaluation score: -1.000
      ISMCTS evaluation error: 'TwentyEightEnv' object has no attribute 'game_score'
    Bid 19 evaluation score: -1.000
    Best decision: PASS (score: 0.000)
Pass: Player 0 (min_allowed=17)
  Player 1 (RL Expert) analyzing bid:
    Bidding hand (first 4): ['AS', '7C', 'AD', 'KD']
    Full hand (8 cards): ['AS', '7C', 'AD', 'KD']
    Hand strength: 0.071
    Current bid: 16
    Point prediction: 13.6 points
    Strategy: ISMCTS bidding (1500 iterations, 6 samples)
    MCTS state prepared with 4 cards
      ISMCTS evaluation error: 'TwentyEightEnv' object has no attribute 'game_score'
    Pass evaluation score: 0.000
      ISMCTS evaluation error: 'TwentyEightEnv' object has no attribute 'game_score'
    Bid 17 evaluation score: -1.000
      ISMCTS evaluation error: 'TwentyEightEnv' object has no attribute 'game_score'
    Bid 18 evaluation score: -1.000
      ISMCTS evaluation error: 'TwentyEightEnv' object has no attribute 'game_score'
    Bid 19 evaluation score: -1.000
    Best decision: PASS (score: 0.000)
Pass: Player 1 (min_allowed=17)
  Player 2 (MCTS Master) analyzing bid:
    Bidding hand (first 4): ['10S', '9C', '7S', '10D']
    Full hand (8 cards): ['10S', '9C', '7S', '10D']
    Hand strength: 0.143
    Current bid: 16
    Point prediction: 13.3 points
    Strategy: ISMCTS bidding (3000 iterations, 10 samples)
    MCTS state prepared with 4 cards
      ISMCTS evaluation error: 'TwentyEightEnv' object has no attribute 'game_score'
    Pass evaluation score: 0.000
      ISMCTS evaluation error: 'TwentyEightEnv' object has no attribute 'game_score'
    Bid 17 evaluation score: -1.000
      ISMCTS evaluation error: 'TwentyEightEnv' object has no attribute 'game_score'
    Bid 18 evaluation score: -1.000
      ISMCTS evaluation error: 'TwentyEightEnv' object has no attribute 'game_score'
    Bid 19 evaluation score: -1.000
    Best decision: PASS (score: 0.000)
Pass: Player 2 (min_allowed=17)
Auction winner: Player 3 with bid 16
Bidder sets concealed trump suit: D
Phase: concealed, bidder concealed card: [face-down trump]

  Player 0 (AI Master) choosing card:
    Remaining hand (8 cards): ['10H', '7H', 'KH', 'QC', 'QH', '9H', '10C', 'JS']
    Legal cards (8): ['10H', '7H', 'KH', 'QC', 'QH', '9H', '10C', 'JS']
    Current trick: 0 cards played
    Trump suit: D
    Strategy: ISMCTS card selection (2000 iterations, 8 samples)
    Evaluating card 1/8: 10H
      ISMCTS card evaluation error: not enough values to unpack (expected 5, got 4)
      ISMCTS score: 1.000
    Evaluating card 2/8: 7H
      ISMCTS card evaluation error: not enough values to unpack (expected 5, got 4)
      ISMCTS score: 0.000
    Evaluating card 3/8: KH
      ISMCTS card evaluation error: not enough values to unpack (expected 5, got 4)
      ISMCTS score: 1.000
    Evaluating card 4/8: QC
      ISMCTS card evaluation error: not enough values to unpack (expected 5, got 4)
      ISMCTS score: 1.000
    Evaluating card 5/8: QH
      ISMCTS card evaluation error: not enough values to unpack (expected 5, got 4)
      ISMCTS score: 1.000
    Evaluating card 6/8: 9H
      ISMCTS card evaluation error: not enough values to unpack (expected 5, got 4)
      ISMCTS score: 2.000
    Evaluating card 7/8: 10C
      ISMCTS card evaluation error: not enough values to unpack (expected 5, got 4)
      ISMCTS score: 1.000
    Evaluating card 8/8: JS
      ISMCTS card evaluation error: not enough values to unpack (expected 5, got 4)
      ISMCTS score: 3.000
    ISMCTS evaluation completed in 0.006s
    Best card: JS (score: 3.000)
Player 0 plays JS
  Player 1 (RL Expert) choosing card:
    Remaining hand (8 cards): ['AS', '7C', 'AD', 'KD', 'AH', '8C', 'QD', '9D']
    Legal cards (1): ['AS']
    Current trick: 1 cards played
    Lead suit: S
    Trump suit: D
    Strategy: ISMCTS card selection (1500 iterations, 6 samples)
    Evaluating card 1/1: AS
      ISMCTS card evaluation error: not enough values to unpack (expected 5, got 4)
      ISMCTS score: 2.000
    ISMCTS evaluation completed in 0.001s
    Best card: AS (score: 2.000)
Player 1 plays AS
  Player 2 (MCTS Master) choosing card:
    Remaining hand (8 cards): ['10S', '9C', '7S', '10D', 'KS', '8H', '9S', 'JD']
    Legal cards (4): ['10S', '7S', 'KS', '9S']
    Current trick: 2 cards played
    Lead suit: S
    Trump suit: D
    Strategy: ISMCTS card selection (3000 iterations, 10 samples)
    Evaluating card 1/4: 10S
      ISMCTS card evaluation error: not enough values to unpack (expected 5, got 4)
      ISMCTS score: 1.000
    Evaluating card 2/4: 7S
      ISMCTS card evaluation error: not enough values to unpack (expected 5, got 4)
      ISMCTS score: 0.000
    Evaluating card 3/4: KS
      ISMCTS card evaluation error: not enough values to unpack (expected 5, got 4)
      ISMCTS score: 1.000
    Evaluating card 4/4: 9S
      ISMCTS card evaluation error: not enough values to unpack (expected 5, got 4)
      ISMCTS score: 2.000
    ISMCTS evaluation completed in 0.002s
    Best card: 9S (score: 2.000)
Player 2 plays 9S
  Player 3 (Hybrid AI) choosing card:
    Remaining hand (7 cards): ['JC', 'KC', '7D', 'AC', 'JH', '8S', 'QS']
    Legal cards (2): ['8S', 'QS']
    Current trick: 3 cards played
    Lead suit: S
    Trump suit: D
    Strategy: ISMCTS card selection (1800 iterations, 7 samples)
    Evaluating card 1/2: 8S
      ISMCTS card evaluation error: not enough values to unpack (expected 5, got 4)
      ISMCTS score: 0.000
    Evaluating card 2/2: QS
      ISMCTS card evaluation error: not enough values to unpack (expected 5, got 4)
      ISMCTS score: 1.000
    ISMCTS evaluation completed in 0.001s
    Best card: QS (score: 1.000)
Player 3 plays QS
Player 0 won the hand: 6 points

  Player 0 (AI Master) choosing card:
    Remaining hand (7 cards): ['10H', '7H', 'KH', 'QC', 'QH', '9H', '10C']
    Legal cards (7): ['10H', '7H', 'KH', 'QC', 'QH', '9H', '10C']
    Current trick: 0 cards played
    Trump suit: D
    Strategy: ISMCTS card selection (2000 iterations, 8 samples)
    Evaluating card 1/7: 10H
      ISMCTS card evaluation error: not enough values to unpack (expected 5, got 4)
      ISMCTS score: 1.000
    Evaluating card 2/7: 7H
      ISMCTS card evaluation error: not enough values to unpack (expected 5, got 4)
      ISMCTS score: 0.000
    Evaluating card 3/7: KH
      ISMCTS card evaluation error: not enough values to unpack (expected 5, got 4)
      ISMCTS score: 1.000
    Evaluating card 4/7: QC
      ISMCTS card evaluation error: not enough values to unpack (expected 5, got 4)
      ISMCTS score: 1.000
    Evaluating card 5/7: QH
      ISMCTS card evaluation error: not enough values to unpack (expected 5, got 4)
      ISMCTS score: 1.000
    Evaluating card 6/7: 9H
      ISMCTS card evaluation error: not enough values to unpack (expected 5, got 4)
      ISMCTS score: 2.000
    Evaluating card 7/7: 10C
      ISMCTS card evaluation error: not enough values to unpack (expected 5, got 4)
      ISMCTS score: 1.000
    ISMCTS evaluation completed in 0.003s
    Best card: 9H (score: 2.000)
Player 0 plays 9H
  Player 1 (RL Expert) choosing card:
    Remaining hand (7 cards): ['7C', 'AD', 'KD', 'AH', '8C', 'QD', '9D']
    Legal cards (1): ['AH']
    Current trick: 1 cards played
    Lead suit: H
    Trump suit: D
    Strategy: ISMCTS card selection (1500 iterations, 6 samples)
    Evaluating card 1/1: AH
      ISMCTS card evaluation error: not enough values to unpack (expected 5, got 4)
      ISMCTS score: 2.000
    ISMCTS evaluation completed in 0.000s
    Best card: AH (score: 2.000)
Player 1 plays AH
  Player 2 (MCTS Master) choosing card:
    Remaining hand (7 cards): ['10S', '9C', '7S', '10D', 'KS', '8H', 'JD']
    Legal cards (1): ['8H']
    Current trick: 2 cards played
    Lead suit: H
    Trump suit: D
    Strategy: ISMCTS card selection (3000 iterations, 10 samples)
    Evaluating card 1/1: 8H
      ISMCTS card evaluation error: not enough values to unpack (expected 5, got 4)
      ISMCTS score: 0.000
    ISMCTS evaluation completed in 0.000s
    Best card: 8H (score: 0.000)
Player 2 plays 8H
  Player 3 (Hybrid AI) choosing card:
    Remaining hand (6 cards): ['JC', 'KC', '7D', 'AC', 'JH', '8S']
    Legal cards (1): ['JH']
    Current trick: 3 cards played
    Lead suit: H
    Trump suit: D
    Strategy: ISMCTS card selection (1800 iterations, 7 samples)
    Evaluating card 1/1: JH
      ISMCTS card evaluation error: not enough values to unpack (expected 5, got 4)
      ISMCTS score: 3.000
    ISMCTS evaluation completed in 0.001s
    Best card: JH (score: 3.000)
Player 3 plays JH
Player 3 won the hand: 6 points

  Player 0 (AI Master) choosing card:
    Remaining hand (6 cards): ['10H', '7H', 'KH', 'QC', 'QH', '10C']
    Legal cards (6): ['10H', '7H', 'KH', 'QC', 'QH', '10C']
    Current trick: 0 cards played
    Trump suit: D
    Strategy: ISMCTS card selection (2000 iterations, 8 samples)
    Evaluating card 1/6: 10H
      ISMCTS card evaluation error: not enough values to unpack (expected 5, got 4)
      ISMCTS score: 1.000
    Evaluating card 2/6: 7H
      ISMCTS card evaluation error: not enough values to unpack (expected 5, got 4)
      ISMCTS score: 0.000
    Evaluating card 3/6: KH
      ISMCTS card evaluation error: not enough values to unpack (expected 5, got 4)
      ISMCTS score: 1.000
    Evaluating card 4/6: QC
      ISMCTS card evaluation error: not enough values to unpack (expected 5, got 4)
      ISMCTS score: 1.000
    Evaluating card 5/6: QH
      ISMCTS card evaluation error: not enough values to unpack (expected 5, got 4)
      ISMCTS score: 1.000
    Evaluating card 6/6: 10C
      ISMCTS card evaluation error: not enough values to unpack (expected 5, got 4)
      ISMCTS score: 1.000
    ISMCTS evaluation completed in 0.002s
    Best card: 10H (score: 1.000)
Player 0 plays 10H
  Player 1 (RL Expert) choosing card:
    Remaining hand (6 cards): ['7C', 'AD', 'KD', '8C', 'QD', '9D']
    Legal cards (6): ['7C', 'AD', 'KD', '8C', 'QD', '9D']
    Current trick: 1 cards played
    Lead suit: H
    Trump suit: D
    Strategy: ISMCTS card selection (1500 iterations, 6 samples)
    Evaluating card 1/6: 7C
      ISMCTS card evaluation error: not enough values to unpack (expected 5, got 4)
      ISMCTS score: 0.000
    Evaluating card 2/6: AD
      ISMCTS card evaluation error: not enough values to unpack (expected 5, got 4)
      ISMCTS score: 2.500
    Evaluating card 3/6: KD
      ISMCTS card evaluation error: not enough values to unpack (expected 5, got 4)
      ISMCTS score: 1.000
    Evaluating card 4/6: 8C
      ISMCTS card evaluation error: not enough values to unpack (expected 5, got 4)
      ISMCTS score: 0.000
    Evaluating card 5/6: QD
      ISMCTS card evaluation error: not enough values to unpack (expected 5, got 4)
      ISMCTS score: 1.000
    Evaluating card 6/6: 9D
      ISMCTS card evaluation error: not enough values to unpack (expected 5, got 4)
      ISMCTS score: 3.000
    ISMCTS evaluation completed in 0.003s
    Best card: 9D (score: 3.000)
-- Phase 2 begins: Trump revealed as D by Player 1 on trick 3 --
Player 1 plays 9D
  Player 2 (MCTS Master) choosing card:
    Remaining hand (6 cards): ['10S', '9C', '7S', '10D', 'KS', 'JD']
    Legal cards (6): ['10S', '9C', '7S', '10D', 'KS', 'JD']
    Current trick: 2 cards played
    Lead suit: H
    Trump suit: D
    Strategy: ISMCTS card selection (3000 iterations, 10 samples)
    Evaluating card 1/6: 10S
      ISMCTS card evaluation error: not enough values to unpack (expected 5, got 4)
      ISMCTS score: 1.000
    Evaluating card 2/6: 9C
      ISMCTS card evaluation error: not enough values to unpack (expected 5, got 4)
      ISMCTS score: 2.000
    Evaluating card 3/6: 7S
      ISMCTS card evaluation error: not enough values to unpack (expected 5, got 4)
      ISMCTS score: 0.000
    Evaluating card 4/6: 10D
      ISMCTS card evaluation error: not enough values to unpack (expected 5, got 4)
      ISMCTS score: 1.500
    Evaluating card 5/6: KS
      ISMCTS card evaluation error: not enough values to unpack (expected 5, got 4)
      ISMCTS score: 1.000
    Evaluating card 6/6: JD
      ISMCTS card evaluation error: not enough values to unpack (expected 5, got 4)
      ISMCTS score: 4.500
    ISMCTS evaluation completed in 0.002s
    Best card: JD (score: 4.500)
Player 2 plays JD
  Player 3 (Hybrid AI) choosing card:
    Remaining hand (6 cards): ['JC', 'KC', '7D', 'AC', '8S', '8D']
    Legal cards (6): ['JC', 'KC', '7D', 'AC', '8S', '8D']
    Current trick: 3 cards played
    Lead suit: H
    Trump suit: D
    Strategy: ISMCTS card selection (1800 iterations, 7 samples)
    Evaluating card 1/6: JC
      ISMCTS card evaluation error: not enough values to unpack (expected 5, got 4)
      ISMCTS score: 3.000
    Evaluating card 2/6: KC
      ISMCTS card evaluation error: not enough values to unpack (expected 5, got 4)
      ISMCTS score: 1.000
    Evaluating card 3/6: 7D
      ISMCTS card evaluation error: not enough values to unpack (expected 5, got 4)
      ISMCTS score: 0.000
    Evaluating card 4/6: AC
      ISMCTS card evaluation error: not enough values to unpack (expected 5, got 4)
      ISMCTS score: 2.000
    Evaluating card 5/6: 8S
      ISMCTS card evaluation error: not enough values to unpack (expected 5, got 4)
      ISMCTS score: 0.000
    Evaluating card 6/6: 8D
      ISMCTS card evaluation error: not enough values to unpack (expected 5, got 4)
      ISMCTS score: 0.000
    ISMCTS evaluation completed in 0.002s
    Best card: JC (score: 3.000)
Player 3 plays JC
Player 2 won the hand: 9 points

  Player 0 (AI Master) choosing card:
    Remaining hand (5 cards): ['7H', 'KH', 'QC', 'QH', '10C']
    Legal cards (5): ['7H', 'KH', 'QC', 'QH', '10C']
    Current trick: 0 cards played
    Trump suit: D
    Strategy: ISMCTS card selection (2000 iterations, 8 samples)
    Evaluating card 1/5: 7H
      ISMCTS card evaluation error: not enough values to unpack (expected 5, got 4)
      ISMCTS score: 0.000
    Evaluating card 2/5: KH
      ISMCTS card evaluation error: not enough values to unpack (expected 5, got 4)
      ISMCTS score: 1.000
    Evaluating card 3/5: QC
      ISMCTS card evaluation error: not enough values to unpack (expected 5, got 4)
      ISMCTS score: 1.000
    Evaluating card 4/5: QH
      ISMCTS card evaluation error: not enough values to unpack (expected 5, got 4)
      ISMCTS score: 1.000
    Evaluating card 5/5: 10C
      ISMCTS card evaluation error: not enough values to unpack (expected 5, got 4)
      ISMCTS score: 1.000
    ISMCTS evaluation completed in 0.002s
    Best card: KH (score: 1.000)
Player 0 plays KH
  Player 1 (RL Expert) choosing card:
    Remaining hand (5 cards): ['7C', 'AD', 'KD', '8C', 'QD']
    Legal cards (5): ['7C', 'AD', 'KD', '8C', 'QD']
    Current trick: 1 cards played
    Lead suit: H
    Trump suit: D
    Strategy: ISMCTS card selection (1500 iterations, 6 samples)
    Evaluating card 1/5: 7C
      ISMCTS card evaluation error: not enough values to unpack (expected 5, got 4)
      ISMCTS score: 0.000
    Evaluating card 2/5: AD
      ISMCTS card evaluation error: not enough values to unpack (expected 5, got 4)
      ISMCTS score: 2.500
    Evaluating card 3/5: KD
      ISMCTS card evaluation error: not enough values to unpack (expected 5, got 4)
      ISMCTS score: 1.000
    Evaluating card 4/5: 8C
      ISMCTS card evaluation error: not enough values to unpack (expected 5, got 4)
      ISMCTS score: 0.000
    Evaluating card 5/5: QD
      ISMCTS card evaluation error: not enough values to unpack (expected 5, got 4)
      ISMCTS score: 1.000
    ISMCTS evaluation completed in 0.002s
    Best card: AD (score: 2.500)
Player 1 plays AD
  Player 2 (MCTS Master) choosing card:
    Remaining hand (5 cards): ['10S', '9C', '7S', '10D', 'KS']
    Legal cards (5): ['10S', '9C', '7S', '10D', 'KS']
    Current trick: 2 cards played
    Lead suit: H
    Trump suit: D
    Strategy: ISMCTS card selection (3000 iterations, 10 samples)
    Evaluating card 1/5: 10S
      ISMCTS card evaluation error: not enough values to unpack (expected 5, got 4)
      ISMCTS score: 1.000
    Evaluating card 2/5: 9C
      ISMCTS card evaluation error: not enough values to unpack (expected 5, got 4)
      ISMCTS score: 2.000
    Evaluating card 3/5: 7S
      ISMCTS card evaluation error: not enough values to unpack (expected 5, got 4)
      ISMCTS score: 0.000
    Evaluating card 4/5: 10D
      ISMCTS card evaluation error: not enough values to unpack (expected 5, got 4)
      ISMCTS score: 1.500
    Evaluating card 5/5: KS
      ISMCTS card evaluation error: not enough values to unpack (expected 5, got 4)
      ISMCTS score: 1.000
    ISMCTS evaluation completed in 0.002s
    Best card: 9C (score: 2.000)
Player 2 plays 9C
  Player 3 (Hybrid AI) choosing card:
    Remaining hand (5 cards): ['KC', '7D', 'AC', '8S', '8D']
    Legal cards (5): ['KC', '7D', 'AC', '8S', '8D']
    Current trick: 3 cards played
    Lead suit: H
    Trump suit: D
    Strategy: ISMCTS card selection (1800 iterations, 7 samples)
    Evaluating card 1/5: KC
      ISMCTS card evaluation error: not enough values to unpack (expected 5, got 4)
      ISMCTS score: 1.000
    Evaluating card 2/5: 7D
      ISMCTS card evaluation error: not enough values to unpack (expected 5, got 4)
      ISMCTS score: 0.000
    Evaluating card 3/5: AC
      ISMCTS card evaluation error: not enough values to unpack (expected 5, got 4)
      ISMCTS score: 2.000
    Evaluating card 4/5: 8S
      ISMCTS card evaluation error: not enough values to unpack (expected 5, got 4)
      ISMCTS score: 0.000
    Evaluating card 5/5: 8D
      ISMCTS card evaluation error: not enough values to unpack (expected 5, got 4)
      ISMCTS score: 0.000
    ISMCTS evaluation completed in 0.002s
    Best card: AC (score: 2.000)
Player 3 plays AC
Player 1 won the hand: 4 points

  Player 0 (AI Master) choosing card:
    Remaining hand (4 cards): ['7H', 'QC', 'QH', '10C']
    Legal cards (4): ['7H', 'QC', 'QH', '10C']
    Current trick: 0 cards played
    Trump suit: D
    Strategy: ISMCTS card selection (2000 iterations, 8 samples)
    Evaluating card 1/4: 7H
      ISMCTS card evaluation error: not enough values to unpack (expected 5, got 4)
      ISMCTS score: 0.000
    Evaluating card 2/4: QC
      ISMCTS card evaluation error: not enough values to unpack (expected 5, got 4)
      ISMCTS score: 1.000
    Evaluating card 3/4: QH
      ISMCTS card evaluation error: not enough values to unpack (expected 5, got 4)
      ISMCTS score: 1.000
    Evaluating card 4/4: 10C
      ISMCTS card evaluation error: not enough values to unpack (expected 5, got 4)
      ISMCTS score: 1.000
    ISMCTS evaluation completed in 0.002s
    Best card: QC (score: 1.000)
Player 0 plays QC
  Player 1 (RL Expert) choosing card:
    Remaining hand (4 cards): ['7C', 'KD', '8C', 'QD']
    Legal cards (2): ['7C', '8C']
    Current trick: 1 cards played
    Lead suit: C
    Trump suit: D
    Strategy: ISMCTS card selection (1500 iterations, 6 samples)
    Evaluating card 1/2: 7C
      ISMCTS card evaluation error: not enough values to unpack (expected 5, got 4)
      ISMCTS score: 0.000
    Evaluating card 2/2: 8C
      ISMCTS card evaluation error: not enough values to unpack (expected 5, got 4)
      ISMCTS score: 0.000
    ISMCTS evaluation completed in 0.001s
    Best card: 7C (score: 0.000)
Player 1 plays 7C
  Player 2 (MCTS Master) choosing card:
    Remaining hand (4 cards): ['10S', '7S', '10D', 'KS']
    Legal cards (4): ['10S', '7S', '10D', 'KS']
    Current trick: 2 cards played
    Lead suit: C
    Trump suit: D
    Strategy: ISMCTS card selection (3000 iterations, 10 samples)
    Evaluating card 1/4: 10S
      ISMCTS card evaluation error: not enough values to unpack (expected 5, got 4)
      ISMCTS score: 1.000
    Evaluating card 2/4: 7S
      ISMCTS card evaluation error: not enough values to unpack (expected 5, got 4)
      ISMCTS score: 0.000
    Evaluating card 3/4: 10D
      ISMCTS card evaluation error: not enough values to unpack (expected 5, got 4)
      ISMCTS score: 1.500
    Evaluating card 4/4: KS
      ISMCTS card evaluation error: not enough values to unpack (expected 5, got 4)
      ISMCTS score: 1.000
    ISMCTS evaluation completed in 0.001s
    Best card: 10D (score: 1.500)
Player 2 plays 10D
  Player 3 (Hybrid AI) choosing card:
    Remaining hand (4 cards): ['KC', '7D', '8S', '8D']
    Legal cards (1): ['KC']
    Current trick: 3 cards played
    Lead suit: C
    Trump suit: D
    Strategy: ISMCTS card selection (1800 iterations, 7 samples)
    Evaluating card 1/1: KC
      ISMCTS card evaluation error: not enough values to unpack (expected 5, got 4)
      ISMCTS score: 1.000
    ISMCTS evaluation completed in 0.000s
    Best card: KC (score: 1.000)
Player 3 plays KC
Player 2 won the hand: 1 points

  Player 0 (AI Master) choosing card:
    Remaining hand (3 cards): ['7H', 'QH', '10C']
    Legal cards (3): ['7H', 'QH', '10C']
    Current trick: 0 cards played
    Trump suit: D
    Strategy: ISMCTS card selection (2000 iterations, 8 samples)
    Evaluating card 1/3: 7H
      ISMCTS card evaluation error: not enough values to unpack (expected 5, got 4)
      ISMCTS score: 0.000
    Evaluating card 2/3: QH
      ISMCTS card evaluation error: not enough values to unpack (expected 5, got 4)
      ISMCTS score: 1.000
    Evaluating card 3/3: 10C
      ISMCTS card evaluation error: not enough values to unpack (expected 5, got 4)
      ISMCTS score: 1.000
    ISMCTS evaluation completed in 0.001s
    Best card: QH (score: 1.000)
Player 0 plays QH
  Player 1 (RL Expert) choosing card:
    Remaining hand (3 cards): ['KD', '8C', 'QD']
    Legal cards (3): ['KD', '8C', 'QD']
    Current trick: 1 cards played
    Lead suit: H
    Trump suit: D
    Strategy: ISMCTS card selection (1500 iterations, 6 samples)
    Evaluating card 1/3: KD
      ISMCTS card evaluation error: not enough values to unpack (expected 5, got 4)
      ISMCTS score: 1.000
    Evaluating card 2/3: 8C
      ISMCTS card evaluation error: not enough values to unpack (expected 5, got 4)
      ISMCTS score: 0.000
    Evaluating card 3/3: QD
      ISMCTS card evaluation error: not enough values to unpack (expected 5, got 4)
      ISMCTS score: 1.000
    ISMCTS evaluation completed in 0.001s
    Best card: KD (score: 1.000)
Player 1 plays KD
  Player 2 (MCTS Master) choosing card:
    Remaining hand (3 cards): ['10S', '7S', 'KS']
    Legal cards (3): ['10S', '7S', 'KS']
    Current trick: 2 cards played
    Lead suit: H
    Trump suit: D
    Strategy: ISMCTS card selection (3000 iterations, 10 samples)
    Evaluating card 1/3: 10S
      ISMCTS card evaluation error: not enough values to unpack (expected 5, got 4)
      ISMCTS score: 1.000
    Evaluating card 2/3: 7S
      ISMCTS card evaluation error: not enough values to unpack (expected 5, got 4)
      ISMCTS score: 0.000
    Evaluating card 3/3: KS
      ISMCTS card evaluation error: not enough values to unpack (expected 5, got 4)
      ISMCTS score: 1.000
    ISMCTS evaluation completed in 0.001s
    Best card: 10S (score: 1.000)
Player 2 plays 10S
  Player 3 (Hybrid AI) choosing card:
    Remaining hand (3 cards): ['7D', '8S', '8D']
    Legal cards (3): ['7D', '8S', '8D']
    Current trick: 3 cards played
    Lead suit: H
    Trump suit: D
    Strategy: ISMCTS card selection (1800 iterations, 7 samples)
    Evaluating card 1/3: 7D
      ISMCTS card evaluation error: not enough values to unpack (expected 5, got 4)
      ISMCTS score: 0.000
    Evaluating card 2/3: 8S
      ISMCTS card evaluation error: not enough values to unpack (expected 5, got 4)
      ISMCTS score: 0.000
    Evaluating card 3/3: 8D
      ISMCTS card evaluation error: not enough values to unpack (expected 5, got 4)
      ISMCTS score: 0.000
    ISMCTS evaluation completed in 0.001s
    Best card: 7D (score: 0.000)
Player 3 plays 7D
Player 1 won the hand: 1 points

  Player 0 (AI Master) choosing card:
    Remaining hand (2 cards): ['7H', '10C']
    Legal cards (2): ['7H', '10C']
    Current trick: 0 cards played
    Trump suit: D
    Strategy: ISMCTS card selection (2000 iterations, 8 samples)
    Evaluating card 1/2: 7H
      ISMCTS card evaluation error: not enough values to unpack (expected 5, got 4)
      ISMCTS score: 0.000
    Evaluating card 2/2: 10C
      ISMCTS card evaluation error: not enough values to unpack (expected 5, got 4)
      ISMCTS score: 1.000
    ISMCTS evaluation completed in 0.001s
    Best card: 10C (score: 1.000)
Player 0 plays 10C
  Player 1 (RL Expert) choosing card:
    Remaining hand (2 cards): ['8C', 'QD']
    Legal cards (1): ['8C']
    Current trick: 1 cards played
    Lead suit: C
    Trump suit: D
    Strategy: ISMCTS card selection (1500 iterations, 6 samples)
    Evaluating card 1/1: 8C
      ISMCTS card evaluation error: not enough values to unpack (expected 5, got 4)
      ISMCTS score: 0.000
    ISMCTS evaluation completed in 0.000s
    Best card: 8C (score: 0.000)
Player 1 plays 8C
  Player 2 (MCTS Master) choosing card:
    Remaining hand (2 cards): ['7S', 'KS']
    Legal cards (2): ['7S', 'KS']
    Current trick: 2 cards played
    Lead suit: C
    Trump suit: D
    Strategy: ISMCTS card selection (3000 iterations, 10 samples)
    Evaluating card 1/2: 7S
      ISMCTS card evaluation error: not enough values to unpack (expected 5, got 4)
      ISMCTS score: 0.000
    Evaluating card 2/2: KS
      ISMCTS card evaluation error: not enough values to unpack (expected 5, got 4)
      ISMCTS score: 1.000
    ISMCTS evaluation completed in 0.001s
    Best card: KS (score: 1.000)
Player 2 plays KS
  Player 3 (Hybrid AI) choosing card:
    Remaining hand (2 cards): ['8S', '8D']
    Legal cards (2): ['8S', '8D']
    Current trick: 3 cards played
    Lead suit: C
    Trump suit: D
    Strategy: ISMCTS card selection (1800 iterations, 7 samples)
    Evaluating card 1/2: 8S
      ISMCTS card evaluation error: not enough values to unpack (expected 5, got 4)
      ISMCTS score: 0.000
    Evaluating card 2/2: 8D
      ISMCTS card evaluation error: not enough values to unpack (expected 5, got 4)
      ISMCTS score: 0.000
    ISMCTS evaluation completed in 0.001s
    Best card: 8S (score: 0.000)
Player 3 plays 8S
Player 0 won the hand: 1 points

  Player 0 (AI Master) choosing card:
    Remaining hand (1 cards): ['7H']
    Legal cards (1): ['7H']
    Current trick: 0 cards played
    Trump suit: D
    Strategy: ISMCTS card selection (2000 iterations, 8 samples)
    Evaluating card 1/1: 7H
      ISMCTS card evaluation error: not enough values to unpack (expected 5, got 4)
      ISMCTS score: 0.000
    ISMCTS evaluation completed in 0.000s
    Best card: 7H (score: 0.000)
Player 0 plays 7H
  Player 1 (RL Expert) choosing card:
    Remaining hand (1 cards): ['QD']
    Legal cards (1): ['QD']
    Current trick: 1 cards played
    Lead suit: H
    Trump suit: D
    Strategy: ISMCTS card selection (1500 iterations, 6 samples)
    Evaluating card 1/1: QD
      ISMCTS card evaluation error: not enough values to unpack (expected 5, got 4)
      ISMCTS score: 1.000
    ISMCTS evaluation completed in 0.000s
    Best card: QD (score: 1.000)
Player 1 plays QD
  Player 2 (MCTS Master) choosing card:
    Remaining hand (1 cards): ['7S']
    Legal cards (1): ['7S']
    Current trick: 2 cards played
    Lead suit: H
    Trump suit: D
    Strategy: ISMCTS card selection (3000 iterations, 10 samples)
    Evaluating card 1/1: 7S
      ISMCTS card evaluation error: not enough values to unpack (expected 5, got 4)
      ISMCTS score: 0.000
    ISMCTS evaluation completed in 0.000s
    Best card: 7S (score: 0.000)
Player 2 plays 7S
  Player 3 (Hybrid AI) choosing card:
    Remaining hand (1 cards): ['8D']
    Legal cards (1): ['8D']
    Current trick: 3 cards played
    Lead suit: H
    Trump suit: D
    Strategy: ISMCTS card selection (1800 iterations, 7 samples)
    Evaluating card 1/1: 8D
      ISMCTS card evaluation error: not enough values to unpack (expected 5, got 4)
      ISMCTS score: 0.000
    ISMCTS evaluation completed in 0.000s
    Best card: 8D (score: 0.000)
Player 3 plays 8D
Player 1 won the hand: 0 points

=== GAME SUMMARY ===
Team A (Players 0 & 2): 17 points
Team B (Players 1 & 3): 11 points
Bidder: Player 3 (Team B)
Winning Bid: 16
Bid Success: NO
Game Winner: Team B (Players 1 & 3)
Total Tricks: 8