
===== GAME 1 (20250823_165306_980) =====
Player 0 initial hand (bidding): ['8D', '7D', '7C', 'QD']
Player 1 initial hand (bidding): ['JC', 'KS', '10D', 'KH']
Player 2 initial hand (bidding): ['9S', '9D', '7H', '8H']
Player 3 initial hand (bidding): ['QH', '10H', 'JS', '8S']

  Player 0 (AI Master) analyzing bid:
    Bidding hand (first 4): ['8D', '7D', '7C', 'QD']
    Full hand (8 cards): ['8D', '7D', '7C', 'QD']
    Hand strength: 0.000
    Current bid: 16
    Point prediction: 12.6 points
    Strategy: REAL ISMCTS bidding (700 iterations, 32 samples)
    ISMCTS bidding error: name 'GamePhase' is not defined
Pass: Player 0 (min_allowed=17)
  Player 1 (RL Expert) analyzing bid:
    Bidding hand (first 4): ['JC', 'KS', '10D', 'KH']
    Full hand (8 cards): ['JC', 'KS', '10D', 'KH']
    Hand strength: 0.143
    Current bid: 16
    Point prediction: 13.9 points
    Strategy: REAL ISMCTS bidding (700 iterations, 32 samples)
    ISMCTS bidding error: name 'GamePhase' is not defined
Pass: Player 1 (min_allowed=17)
  Player 2 (MCTS Master) analyzing bid:
    Bidding hand (first 4): ['9S', '9D', '7H', '8H']
    Full hand (8 cards): ['9S', '9D', '7H', '8H']
    Hand strength: 0.143
    Current bid: 16
    Point prediction: 13.6 points
    Strategy: REAL ISMCTS bidding (700 iterations, 32 samples)
    ISMCTS bidding error: name 'GamePhase' is not defined
Pass: Player 2 (min_allowed=17)
Auction winner: Player 3 with bid 16
Bidder sets concealed trump suit: H
Phase: concealed, bidder concealed card: [face-down trump]

Full hands (8 cards each):
Player 0 full hand: ['8D', '7D', '7C', 'QD', '8C', 'AD', '9C', 'QC']
Player 1 full hand: ['JC', 'KS', '10D', 'KH', 'KD', '10S', 'AC', '9H']
Player 2 full hand: ['9S', '9D', '7H', '8H', 'JH', 'QS', '7S', 'KC']
Player 3 full hand: ['QH', 'JS', '8S', '10C', 'AH', 'AS', 'JD']

  Player 0 (AI Master) choosing card:
    Remaining hand (8 cards): ['8D', '7D', '7C', 'QD', '8C', 'AD', '9C', 'QC']
    Legal cards (8): ['8D', '7D', '7C', 'QD', '8C', 'AD', '9C', 'QC']
    Current trick: 0 cards played
    Trump suit: H
    Strategy: REAL ISMCTS card selection (700 iterations, 32 samples)
    Evaluating card 1/8: 8D
    ISMCTS card selection error: name 'GamePhase' is not defined
Player 0 plays 9C
  Player 1 (RL Expert) choosing card:
    Remaining hand (8 cards): ['JC', 'KS', '10D', 'KH', 'KD', '10S', 'AC', '9H']
    Legal cards (2): ['JC', 'AC']
    Current trick: 1 cards played
    Lead suit: C
    Trump suit: H
    Strategy: REAL ISMCTS card selection (700 iterations, 32 samples)
    Evaluating card 1/2: JC
    ISMCTS card selection error: name 'GamePhase' is not defined
Player 1 plays JC
  Player 2 (MCTS Master) choosing card:
    Remaining hand (8 cards): ['9S', '9D', '7H', '8H', 'JH', 'QS', '7S', 'KC']
    Legal cards (1): ['KC']
    Current trick: 2 cards played
    Lead suit: C
    Trump suit: H
    Strategy: REAL ISMCTS card selection (700 iterations, 32 samples)
    Evaluating card 1/1: KC
    ISMCTS card selection error: name 'GamePhase' is not defined
Player 2 plays KC
  Player 3 (Hybrid AI) choosing card:
    Remaining hand (7 cards): ['QH', 'JS', '8S', '10C', 'AH', 'AS', 'JD']
    Legal cards (1): ['10C']
    Current trick: 3 cards played
    Lead suit: C
    Trump suit: H
    Strategy: REAL ISMCTS card selection (700 iterations, 32 samples)
    Evaluating card 1/1: 10C
    ISMCTS card selection error: name 'GamePhase' is not defined
Player 3 plays 10C
Player 1 won the hand: 6 points

  Player 0 (AI Master) choosing card:
    Remaining hand (7 cards): ['8D', '7D', '7C', 'QD', '8C', 'AD', 'QC']
    Legal cards (7): ['8D', '7D', '7C', 'QD', '8C', 'AD', 'QC']
    Current trick: 0 cards played
    Trump suit: H
    Strategy: REAL ISMCTS card selection (700 iterations, 32 samples)
    Evaluating card 1/7: 8D
    ISMCTS card selection error: name 'GamePhase' is not defined
Player 0 plays AD
  Player 1 (RL Expert) choosing card:
    Remaining hand (7 cards): ['KS', '10D', 'KH', 'KD', '10S', 'AC', '9H']
    Legal cards (2): ['10D', 'KD']
    Current trick: 1 cards played
    Lead suit: D
    Trump suit: H
    Strategy: REAL ISMCTS card selection (700 iterations, 32 samples)
    Evaluating card 1/2: 10D
    ISMCTS card selection error: name 'GamePhase' is not defined
Player 1 plays 10D
  Player 2 (MCTS Master) choosing card:
    Remaining hand (7 cards): ['9S', '9D', '7H', '8H', 'JH', 'QS', '7S']
    Legal cards (1): ['9D']
    Current trick: 2 cards played
    Lead suit: D
    Trump suit: H
    Strategy: REAL ISMCTS card selection (700 iterations, 32 samples)
    Evaluating card 1/1: 9D
    ISMCTS card selection error: name 'GamePhase' is not defined
Player 2 plays 9D
  Player 3 (Hybrid AI) choosing card:
    Remaining hand (6 cards): ['QH', 'JS', '8S', 'AH', 'AS', 'JD']
    Legal cards (1): ['JD']
    Current trick: 3 cards played
    Lead suit: D
    Trump suit: H
    Strategy: REAL ISMCTS card selection (700 iterations, 32 samples)
    Evaluating card 1/1: JD
    ISMCTS card selection error: name 'GamePhase' is not defined
Player 3 plays JD
Player 3 won the hand: 7 points

  Player 0 (AI Master) choosing card:
    Remaining hand (6 cards): ['8D', '7D', '7C', 'QD', '8C', 'QC']
    Legal cards (6): ['8D', '7D', '7C', 'QD', '8C', 'QC']
    Current trick: 0 cards played
    Trump suit: H
    Strategy: REAL ISMCTS card selection (700 iterations, 32 samples)
    Evaluating card 1/6: 8D
    ISMCTS card selection error: name 'GamePhase' is not defined
Player 0 plays 8D
  Player 1 (RL Expert) choosing card:
    Remaining hand (6 cards): ['KS', 'KH', 'KD', '10S', 'AC', '9H']
    Legal cards (1): ['KD']
    Current trick: 1 cards played
    Lead suit: D
    Trump suit: H
    Strategy: REAL ISMCTS card selection (700 iterations, 32 samples)
    Evaluating card 1/1: KD
    ISMCTS card selection error: name 'GamePhase' is not defined
Player 1 plays KD
  Player 2 (MCTS Master) choosing card:
    Remaining hand (6 cards): ['9S', '7H', '8H', 'JH', 'QS', '7S']
    Legal cards (6): ['9S', '7H', '8H', 'JH', 'QS', '7S']
    Current trick: 2 cards played
    Lead suit: D
    Trump suit: H
    Strategy: REAL ISMCTS card selection (700 iterations, 32 samples)
    Evaluating card 1/6: 9S
    ISMCTS card selection error: name 'GamePhase' is not defined
-- Phase 2 begins: Trump revealed as H by Player 2 on trick 3 --
Player 2 plays JH
  Player 3 (Hybrid AI) choosing card:
    Remaining hand (6 cards): ['QH', 'JS', '8S', 'AH', 'AS', '10H']
    Legal cards (6): ['QH', 'JS', '8S', 'AH', 'AS', '10H']
    Current trick: 3 cards played
    Lead suit: D
    Trump suit: H
    Strategy: REAL ISMCTS card selection (700 iterations, 32 samples)
    Evaluating card 1/6: QH
    ISMCTS card selection error: name 'GamePhase' is not defined
Player 3 plays JS
Player 2 won the hand: 6 points

  Player 0 (AI Master) choosing card:
    Remaining hand (5 cards): ['7D', '7C', 'QD', '8C', 'QC']
    Legal cards (5): ['7D', '7C', 'QD', '8C', 'QC']
    Current trick: 0 cards played
    Trump suit: H
    Strategy: REAL ISMCTS card selection (700 iterations, 32 samples)
    Evaluating card 1/5: 7D
    ISMCTS card selection error: name 'GamePhase' is not defined
Player 0 plays 7D
  Player 1 (RL Expert) choosing card:
    Remaining hand (5 cards): ['KS', 'KH', '10S', 'AC', '9H']
    Legal cards (5): ['KS', 'KH', '10S', 'AC', '9H']
    Current trick: 1 cards played
    Lead suit: D
    Trump suit: H
    Strategy: REAL ISMCTS card selection (700 iterations, 32 samples)
    Evaluating card 1/5: KS
    ISMCTS card selection error: name 'GamePhase' is not defined
Player 1 plays 9H
  Player 2 (MCTS Master) choosing card:
    Remaining hand (5 cards): ['9S', '7H', '8H', 'QS', '7S']
    Legal cards (5): ['9S', '7H', '8H', 'QS', '7S']
    Current trick: 2 cards played
    Lead suit: D
    Trump suit: H
    Strategy: REAL ISMCTS card selection (700 iterations, 32 samples)
    Evaluating card 1/5: 9S
    ISMCTS card selection error: name 'GamePhase' is not defined
Player 2 plays 9S
  Player 3 (Hybrid AI) choosing card:
    Remaining hand (5 cards): ['QH', '8S', 'AH', 'AS', '10H']
    Legal cards (5): ['QH', '8S', 'AH', 'AS', '10H']
    Current trick: 3 cards played
    Lead suit: D
    Trump suit: H
    Strategy: REAL ISMCTS card selection (700 iterations, 32 samples)
    Evaluating card 1/5: QH
    ISMCTS card selection error: name 'GamePhase' is not defined
Player 3 plays AH
Player 1 won the hand: 5 points

  Player 0 (AI Master) choosing card:
    Remaining hand (4 cards): ['7C', 'QD', '8C', 'QC']
    Legal cards (4): ['7C', 'QD', '8C', 'QC']
    Current trick: 0 cards played
    Trump suit: H
    Strategy: REAL ISMCTS card selection (700 iterations, 32 samples)
    Evaluating card 1/4: 7C
    ISMCTS card selection error: name 'GamePhase' is not defined
Player 0 plays 7C
  Player 1 (RL Expert) choosing card:
    Remaining hand (4 cards): ['KS', 'KH', '10S', 'AC']
    Legal cards (1): ['AC']
    Current trick: 1 cards played
    Lead suit: C
    Trump suit: H
    Strategy: REAL ISMCTS card selection (700 iterations, 32 samples)
    Evaluating card 1/1: AC
    ISMCTS card selection error: name 'GamePhase' is not defined
Player 1 plays AC
  Player 2 (MCTS Master) choosing card:
    Remaining hand (4 cards): ['7H', '8H', 'QS', '7S']
    Legal cards (4): ['7H', '8H', 'QS', '7S']
    Current trick: 2 cards played
    Lead suit: C
    Trump suit: H
    Strategy: REAL ISMCTS card selection (700 iterations, 32 samples)
    Evaluating card 1/4: 7H
    ISMCTS card selection error: name 'GamePhase' is not defined
Player 2 plays 7H
  Player 3 (Hybrid AI) choosing card:
    Remaining hand (4 cards): ['QH', '8S', 'AS', '10H']
    Legal cards (4): ['QH', '8S', 'AS', '10H']
    Current trick: 3 cards played
    Lead suit: C
    Trump suit: H
    Strategy: REAL ISMCTS card selection (700 iterations, 32 samples)
    Evaluating card 1/4: QH
    ISMCTS card selection error: name 'GamePhase' is not defined
Player 3 plays AS
Player 2 won the hand: 2 points

  Player 0 (AI Master) choosing card:
    Remaining hand (3 cards): ['QD', '8C', 'QC']
    Legal cards (3): ['QD', '8C', 'QC']
    Current trick: 0 cards played
    Trump suit: H
    Strategy: REAL ISMCTS card selection (700 iterations, 32 samples)
    Evaluating card 1/3: QD
    ISMCTS card selection error: name 'GamePhase' is not defined
Player 0 plays QD
  Player 1 (RL Expert) choosing card:
    Remaining hand (3 cards): ['KS', 'KH', '10S']
    Legal cards (3): ['KS', 'KH', '10S']
    Current trick: 1 cards played
    Lead suit: D
    Trump suit: H
    Strategy: REAL ISMCTS card selection (700 iterations, 32 samples)
    Evaluating card 1/3: KS
    ISMCTS card selection error: name 'GamePhase' is not defined
Player 1 plays 10S
  Player 2 (MCTS Master) choosing card:
    Remaining hand (3 cards): ['8H', 'QS', '7S']
    Legal cards (3): ['8H', 'QS', '7S']
    Current trick: 2 cards played
    Lead suit: D
    Trump suit: H
    Strategy: REAL ISMCTS card selection (700 iterations, 32 samples)
    Evaluating card 1/3: 8H
    ISMCTS card selection error: name 'GamePhase' is not defined
Player 2 plays 8H
  Player 3 (Hybrid AI) choosing card:
    Remaining hand (3 cards): ['QH', '8S', '10H']
    Legal cards (3): ['QH', '8S', '10H']
    Current trick: 3 cards played
    Lead suit: D
    Trump suit: H
    Strategy: REAL ISMCTS card selection (700 iterations, 32 samples)
    Evaluating card 1/3: QH
    ISMCTS card selection error: name 'GamePhase' is not defined
Player 3 plays 10H
Player 3 won the hand: 2 points

  Player 0 (AI Master) choosing card:
    Remaining hand (2 cards): ['8C', 'QC']
    Legal cards (2): ['8C', 'QC']
    Current trick: 0 cards played
    Trump suit: H
    Strategy: REAL ISMCTS card selection (700 iterations, 32 samples)
    Evaluating card 1/2: 8C
    ISMCTS card selection error: name 'GamePhase' is not defined
Player 0 plays 8C
  Player 1 (RL Expert) choosing card:
    Remaining hand (2 cards): ['KS', 'KH']
    Legal cards (2): ['KS', 'KH']
    Current trick: 1 cards played
    Lead suit: C
    Trump suit: H
    Strategy: REAL ISMCTS card selection (700 iterations, 32 samples)
    Evaluating card 1/2: KS
    ISMCTS card selection error: name 'GamePhase' is not defined
Player 1 plays KS
  Player 2 (MCTS Master) choosing card:
    Remaining hand (2 cards): ['QS', '7S']
    Legal cards (2): ['QS', '7S']
    Current trick: 2 cards played
    Lead suit: C
    Trump suit: H
    Strategy: REAL ISMCTS card selection (700 iterations, 32 samples)
    Evaluating card 1/2: QS
    ISMCTS card selection error: name 'GamePhase' is not defined
Player 2 plays QS
  Player 3 (Hybrid AI) choosing card:
    Remaining hand (2 cards): ['QH', '8S']
    Legal cards (2): ['QH', '8S']
    Current trick: 3 cards played
    Lead suit: C
    Trump suit: H
    Strategy: REAL ISMCTS card selection (700 iterations, 32 samples)
    Evaluating card 1/2: QH
    ISMCTS card selection error: name 'GamePhase' is not defined
Player 3 plays QH
Player 3 won the hand: 0 points

  Player 0 (AI Master) choosing card:
    Remaining hand (1 cards): ['QC']
    Legal cards (1): ['QC']
    Current trick: 0 cards played
    Trump suit: H
    Strategy: REAL ISMCTS card selection (700 iterations, 32 samples)
    Evaluating card 1/1: QC
    ISMCTS card selection error: name 'GamePhase' is not defined
Player 0 plays QC
  Player 1 (RL Expert) choosing card:
    Remaining hand (1 cards): ['KH']
    Legal cards (1): ['KH']
    Current trick: 1 cards played
    Lead suit: C
    Trump suit: H
    Strategy: REAL ISMCTS card selection (700 iterations, 32 samples)
    Evaluating card 1/1: KH
    ISMCTS card selection error: name 'GamePhase' is not defined
Player 1 plays KH
  Player 2 (MCTS Master) choosing card:
    Remaining hand (1 cards): ['7S']
    Legal cards (1): ['7S']
    Current trick: 2 cards played
    Lead suit: C
    Trump suit: H
    Strategy: REAL ISMCTS card selection (700 iterations, 32 samples)
    Evaluating card 1/1: 7S
    ISMCTS card selection error: name 'GamePhase' is not defined
Player 2 plays 7S
  Player 3 (Hybrid AI) choosing card:
    Remaining hand (1 cards): ['8S']
    Legal cards (1): ['8S']
    Current trick: 3 cards played
    Lead suit: C
    Trump suit: H
    Strategy: REAL ISMCTS card selection (700 iterations, 32 samples)
    Evaluating card 1/1: 8S
    ISMCTS card selection error: name 'GamePhase' is not defined
Player 3 plays 8S
Player 1 won the hand: 0 points

=== GAME SUMMARY ===
Team A (Players 0 & 2): 8 points
Team B (Players 1 & 3): 20 points
Bidder: Player 3 (Team B)
Winning Bid: 16
Bid Success: YES
Game Winner: Team B (Players 1 & 3)
Total Tricks: 8