
===== GAME 6 (20250823_154829_158) =====
Player 0 initial hand (bidding): ['9C', 'QC', 'KC', '10S']
Player 1 initial hand (bidding): ['JH', '8H', 'JC', '10D']
Player 2 initial hand (bidding): ['9S', '7S', '7D', 'AD']
Player 3 initial hand (bidding): ['AH', '9D', 'KH', '7H']

Full hands (8 cards each):
Player 0 full hand: ['9C', 'QC', 'KC', '10S']
Player 1 full hand: ['JH', '8H', 'JC', '10D']
Player 2 full hand: ['9S', '7S', '7D', 'AD']
Player 3 full hand: ['AH', '9D', 'KH', '7H']

  Player 0 (AI Master) analyzing bid:
    Bidding hand (first 4): ['9C', 'QC', 'KC', '10S']
    Full hand (8 cards): ['9C', 'QC', 'KC', '10S']
    Hand strength: 0.107
    Current bid: 16
    Point prediction: 14.0 points
    Strategy: ISMCTS bidding (2000 iterations, 8 samples)
    MCTS state prepared with 4 cards
      ISMCTS evaluation error: 'TwentyEightEnv' object has no attribute 'game_score'
    Pass evaluation score: 0.000
      ISMCTS evaluation error: 'TwentyEightEnv' object has no attribute 'game_score'
    Bid 17 evaluation score: -1.000
      ISMCTS evaluation error: 'TwentyEightEnv' object has no attribute 'game_score'
    Bid 18 evaluation score: -1.000
      ISMCTS evaluation error: 'TwentyEightEnv' object has no attribute 'game_score'
    Bid 19 evaluation score: -1.000
    Best decision: PASS (score: 0.000)
Pass: Player 0 (min_allowed=17)
  Player 1 (RL Expert) analyzing bid:
    Bidding hand (first 4): ['JH', '8H', 'JC', '10D']
    Full hand (8 cards): ['JH', '8H', 'JC', '10D']
    Hand strength: 0.250
    Current bid: 16
    Point prediction: 14.3 points
    Strategy: ISMCTS bidding (1500 iterations, 6 samples)
    MCTS state prepared with 4 cards
      ISMCTS evaluation error: 'TwentyEightEnv' object has no attribute 'game_score'
    Pass evaluation score: 0.000
      ISMCTS evaluation error: 'TwentyEightEnv' object has no attribute 'game_score'
    Bid 17 evaluation score: -1.000
      ISMCTS evaluation error: 'TwentyEightEnv' object has no attribute 'game_score'
    Bid 18 evaluation score: -1.000
      ISMCTS evaluation error: 'TwentyEightEnv' object has no attribute 'game_score'
    Bid 19 evaluation score: -1.000
    Best decision: PASS (score: 0.000)
Pass: Player 1 (min_allowed=17)
  Player 2 (MCTS Master) analyzing bid:
    Bidding hand (first 4): ['9S', '7S', '7D', 'AD']
    Full hand (8 cards): ['9S', '7S', '7D', 'AD']
    Hand strength: 0.107
    Current bid: 16
    Point prediction: 14.1 points
    Strategy: ISMCTS bidding (3000 iterations, 10 samples)
    MCTS state prepared with 4 cards
      ISMCTS evaluation error: 'TwentyEightEnv' object has no attribute 'game_score'
    Pass evaluation score: 0.000
      ISMCTS evaluation error: 'TwentyEightEnv' object has no attribute 'game_score'
    Bid 17 evaluation score: -1.000
      ISMCTS evaluation error: 'TwentyEightEnv' object has no attribute 'game_score'
    Bid 18 evaluation score: -1.000
      ISMCTS evaluation error: 'TwentyEightEnv' object has no attribute 'game_score'
    Bid 19 evaluation score: -1.000
    Best decision: PASS (score: 0.000)
Pass: Player 2 (min_allowed=17)
Auction winner: Player 3 with bid 16
Bidder sets concealed trump suit: H
Phase: concealed, bidder concealed card: [face-down trump]

  Player 0 (AI Master) choosing card:
    Remaining hand (8 cards): ['9C', 'QC', 'KC', '10S', 'JD', 'QS', 'QD', 'JS']
    Legal cards (8): ['9C', 'QC', 'KC', '10S', 'JD', 'QS', 'QD', 'JS']
    Current trick: 0 cards played
    Trump suit: H
    Strategy: ISMCTS card selection (2000 iterations, 8 samples)
    Evaluating card 1/8: 9C
      ISMCTS card evaluation error: not enough values to unpack (expected 5, got 4)
      ISMCTS score: 2.000
    Evaluating card 2/8: QC
      ISMCTS card evaluation error: not enough values to unpack (expected 5, got 4)
      ISMCTS score: 1.000
    Evaluating card 3/8: KC
      ISMCTS card evaluation error: not enough values to unpack (expected 5, got 4)
      ISMCTS score: 1.000
    Evaluating card 4/8: 10S
      ISMCTS card evaluation error: not enough values to unpack (expected 5, got 4)
      ISMCTS score: 1.000
    Evaluating card 5/8: JD
      ISMCTS card evaluation error: not enough values to unpack (expected 5, got 4)
      ISMCTS score: 3.000
    Evaluating card 6/8: QS
      ISMCTS card evaluation error: not enough values to unpack (expected 5, got 4)
      ISMCTS score: 1.000
    Evaluating card 7/8: QD
      ISMCTS card evaluation error: not enough values to unpack (expected 5, got 4)
      ISMCTS score: 1.000
    Evaluating card 8/8: JS
      ISMCTS card evaluation error: not enough values to unpack (expected 5, got 4)
      ISMCTS score: 3.000
    ISMCTS evaluation completed in 0.003s
    Best card: JD (score: 3.000)
Player 0 plays JD
  Player 1 (RL Expert) choosing card:
    Remaining hand (8 cards): ['JH', '8H', 'JC', '10D', '8C', 'KD', '7C', '10H']
    Legal cards (2): ['10D', 'KD']
    Current trick: 1 cards played
    Lead suit: D
    Trump suit: H
    Strategy: ISMCTS card selection (1500 iterations, 6 samples)
    Evaluating card 1/2: 10D
      ISMCTS card evaluation error: not enough values to unpack (expected 5, got 4)
      ISMCTS score: 1.000
    Evaluating card 2/2: KD
      ISMCTS card evaluation error: not enough values to unpack (expected 5, got 4)
      ISMCTS score: 1.000
    ISMCTS evaluation completed in 0.003s
    Best card: 10D (score: 1.000)
Player 1 plays 10D
  Player 2 (MCTS Master) choosing card:
    Remaining hand (8 cards): ['9S', '7S', '7D', 'AD', 'KS', '8D', 'AS', '8S']
    Legal cards (3): ['7D', 'AD', '8D']
    Current trick: 2 cards played
    Lead suit: D
    Trump suit: H
    Strategy: ISMCTS card selection (3000 iterations, 10 samples)
    Evaluating card 1/3: 7D
      ISMCTS card evaluation error: not enough values to unpack (expected 5, got 4)
      ISMCTS score: 0.000
    Evaluating card 2/3: AD
      ISMCTS card evaluation error: not enough values to unpack (expected 5, got 4)
      ISMCTS score: 2.000
    Evaluating card 3/3: 8D
      ISMCTS card evaluation error: not enough values to unpack (expected 5, got 4)
      ISMCTS score: 0.000
    ISMCTS evaluation completed in 0.001s
    Best card: AD (score: 2.000)
Player 2 plays AD
  Player 3 (Hybrid AI) choosing card:
    Remaining hand (7 cards): ['9D', 'KH', '7H', '9H', '10C', 'AC', 'QH']
    Legal cards (1): ['9D']
    Current trick: 3 cards played
    Lead suit: D
    Trump suit: H
    Strategy: ISMCTS card selection (1800 iterations, 7 samples)
    Evaluating card 1/1: 9D
      ISMCTS card evaluation error: not enough values to unpack (expected 5, got 4)
      ISMCTS score: 2.000
    ISMCTS evaluation completed in 0.000s
    Best card: 9D (score: 2.000)
Player 3 plays 9D
Player 0 won the hand: 7 points

  Player 0 (AI Master) choosing card:
    Remaining hand (7 cards): ['9C', 'QC', 'KC', '10S', 'QS', 'QD', 'JS']
    Legal cards (7): ['9C', 'QC', 'KC', '10S', 'QS', 'QD', 'JS']
    Current trick: 0 cards played
    Trump suit: H
    Strategy: ISMCTS card selection (2000 iterations, 8 samples)
    Evaluating card 1/7: 9C
      ISMCTS card evaluation error: not enough values to unpack (expected 5, got 4)
      ISMCTS score: 2.000
    Evaluating card 2/7: QC
      ISMCTS card evaluation error: not enough values to unpack (expected 5, got 4)
      ISMCTS score: 1.000
    Evaluating card 3/7: KC
      ISMCTS card evaluation error: not enough values to unpack (expected 5, got 4)
      ISMCTS score: 1.000
    Evaluating card 4/7: 10S
      ISMCTS card evaluation error: not enough values to unpack (expected 5, got 4)
      ISMCTS score: 1.000
    Evaluating card 5/7: QS
      ISMCTS card evaluation error: not enough values to unpack (expected 5, got 4)
      ISMCTS score: 1.000
    Evaluating card 6/7: QD
      ISMCTS card evaluation error: not enough values to unpack (expected 5, got 4)
      ISMCTS score: 1.000
    Evaluating card 7/7: JS
      ISMCTS card evaluation error: not enough values to unpack (expected 5, got 4)
      ISMCTS score: 3.000
    ISMCTS evaluation completed in 0.003s
    Best card: JS (score: 3.000)
Player 0 plays JS
  Player 1 (RL Expert) choosing card:
    Remaining hand (7 cards): ['JH', '8H', 'JC', '8C', 'KD', '7C', '10H']
    Legal cards (7): ['JH', '8H', 'JC', '8C', 'KD', '7C', '10H']
    Current trick: 1 cards played
    Lead suit: S
    Trump suit: H
    Strategy: ISMCTS card selection (1500 iterations, 6 samples)
    Evaluating card 1/7: JH
      ISMCTS card evaluation error: not enough values to unpack (expected 5, got 4)
      ISMCTS score: 4.500
    Evaluating card 2/7: 8H
      ISMCTS card evaluation error: not enough values to unpack (expected 5, got 4)
      ISMCTS score: 0.000
    Evaluating card 3/7: JC
      ISMCTS card evaluation error: not enough values to unpack (expected 5, got 4)
      ISMCTS score: 3.000
    Evaluating card 4/7: 8C
      ISMCTS card evaluation error: not enough values to unpack (expected 5, got 4)
      ISMCTS score: 0.000
    Evaluating card 5/7: KD
      ISMCTS card evaluation error: not enough values to unpack (expected 5, got 4)
      ISMCTS score: 1.000
    Evaluating card 6/7: 7C
      ISMCTS card evaluation error: not enough values to unpack (expected 5, got 4)
      ISMCTS score: 0.000
    Evaluating card 7/7: 10H
      ISMCTS card evaluation error: not enough values to unpack (expected 5, got 4)
      ISMCTS score: 1.500
    ISMCTS evaluation completed in 0.002s
    Best card: JH (score: 4.500)
-- Phase 2 begins: Trump revealed as H by Player 1 on trick 2 --
Player 1 plays JH
  Player 2 (MCTS Master) choosing card:
    Remaining hand (7 cards): ['9S', '7S', '7D', 'KS', '8D', 'AS', '8S']
    Legal cards (5): ['9S', '7S', 'KS', 'AS', '8S']
    Current trick: 2 cards played
    Lead suit: S
    Trump suit: H
    Strategy: ISMCTS card selection (3000 iterations, 10 samples)
    Evaluating card 1/5: 9S
      ISMCTS card evaluation error: not enough values to unpack (expected 5, got 4)
      ISMCTS score: 2.000
    Evaluating card 2/5: 7S
      ISMCTS card evaluation error: not enough values to unpack (expected 5, got 4)
      ISMCTS score: 0.000
    Evaluating card 3/5: KS
      ISMCTS card evaluation error: not enough values to unpack (expected 5, got 4)
      ISMCTS score: 1.000
    Evaluating card 4/5: AS
      ISMCTS card evaluation error: not enough values to unpack (expected 5, got 4)
      ISMCTS score: 2.000
    Evaluating card 5/5: 8S
      ISMCTS card evaluation error: not enough values to unpack (expected 5, got 4)
      ISMCTS score: 0.000
    ISMCTS evaluation completed in 0.002s
    Best card: 9S (score: 2.000)
Player 2 plays 9S
  Player 3 (Hybrid AI) choosing card:
    Remaining hand (7 cards): ['KH', '7H', '9H', '10C', 'AC', 'QH', 'AH']
    Legal cards (7): ['KH', '7H', '9H', '10C', 'AC', 'QH', 'AH']
    Current trick: 3 cards played
    Lead suit: S
    Trump suit: H
    Strategy: ISMCTS card selection (1800 iterations, 7 samples)
    Evaluating card 1/7: KH
      ISMCTS card evaluation error: not enough values to unpack (expected 5, got 4)
      ISMCTS score: 1.000
    Evaluating card 2/7: 7H
      ISMCTS card evaluation error: not enough values to unpack (expected 5, got 4)
      ISMCTS score: 0.000
    Evaluating card 3/7: 9H
      ISMCTS card evaluation error: not enough values to unpack (expected 5, got 4)
      ISMCTS score: 3.000
    Evaluating card 4/7: 10C
      ISMCTS card evaluation error: not enough values to unpack (expected 5, got 4)
      ISMCTS score: 1.000
    Evaluating card 5/7: AC
      ISMCTS card evaluation error: not enough values to unpack (expected 5, got 4)
      ISMCTS score: 2.000
    Evaluating card 6/7: QH
      ISMCTS card evaluation error: not enough values to unpack (expected 5, got 4)
      ISMCTS score: 1.000
    Evaluating card 7/7: AH
      ISMCTS card evaluation error: not enough values to unpack (expected 5, got 4)
      ISMCTS score: 2.500
    ISMCTS evaluation completed in 0.003s
    Best card: 9H (score: 3.000)
Player 3 plays 9H
Player 1 won the hand: 10 points

  Player 0 (AI Master) choosing card:
    Remaining hand (6 cards): ['9C', 'QC', 'KC', '10S', 'QS', 'QD']
    Legal cards (6): ['9C', 'QC', 'KC', '10S', 'QS', 'QD']
    Current trick: 0 cards played
    Trump suit: H
    Strategy: ISMCTS card selection (2000 iterations, 8 samples)
    Evaluating card 1/6: 9C
      ISMCTS card evaluation error: not enough values to unpack (expected 5, got 4)
      ISMCTS score: 2.000
    Evaluating card 2/6: QC
      ISMCTS card evaluation error: not enough values to unpack (expected 5, got 4)
      ISMCTS score: 1.000
    Evaluating card 3/6: KC
      ISMCTS card evaluation error: not enough values to unpack (expected 5, got 4)
      ISMCTS score: 1.000
    Evaluating card 4/6: 10S
      ISMCTS card evaluation error: not enough values to unpack (expected 5, got 4)
      ISMCTS score: 1.000
    Evaluating card 5/6: QS
      ISMCTS card evaluation error: not enough values to unpack (expected 5, got 4)
      ISMCTS score: 1.000
    Evaluating card 6/6: QD
      ISMCTS card evaluation error: not enough values to unpack (expected 5, got 4)
      ISMCTS score: 1.000
    ISMCTS evaluation completed in 0.002s
    Best card: 9C (score: 2.000)
Player 0 plays 9C
  Player 1 (RL Expert) choosing card:
    Remaining hand (6 cards): ['8H', 'JC', '8C', 'KD', '7C', '10H']
    Legal cards (3): ['JC', '8C', '7C']
    Current trick: 1 cards played
    Lead suit: C
    Trump suit: H
    Strategy: ISMCTS card selection (1500 iterations, 6 samples)
    Evaluating card 1/3: JC
      ISMCTS card evaluation error: not enough values to unpack (expected 5, got 4)
      ISMCTS score: 3.000
    Evaluating card 2/3: 8C
      ISMCTS card evaluation error: not enough values to unpack (expected 5, got 4)
      ISMCTS score: 0.000
    Evaluating card 3/3: 7C
      ISMCTS card evaluation error: not enough values to unpack (expected 5, got 4)
      ISMCTS score: 0.000
    ISMCTS evaluation completed in 0.001s
    Best card: JC (score: 3.000)
Player 1 plays JC
  Player 2 (MCTS Master) choosing card:
    Remaining hand (6 cards): ['7S', '7D', 'KS', '8D', 'AS', '8S']
    Legal cards (6): ['7S', '7D', 'KS', '8D', 'AS', '8S']
    Current trick: 2 cards played
    Lead suit: C
    Trump suit: H
    Strategy: ISMCTS card selection (3000 iterations, 10 samples)
    Evaluating card 1/6: 7S
      ISMCTS card evaluation error: not enough values to unpack (expected 5, got 4)
      ISMCTS score: 0.000
    Evaluating card 2/6: 7D
      ISMCTS card evaluation error: not enough values to unpack (expected 5, got 4)
      ISMCTS score: 0.000
    Evaluating card 3/6: KS
      ISMCTS card evaluation error: not enough values to unpack (expected 5, got 4)
      ISMCTS score: 1.000
    Evaluating card 4/6: 8D
      ISMCTS card evaluation error: not enough values to unpack (expected 5, got 4)
      ISMCTS score: 0.000
    Evaluating card 5/6: AS
      ISMCTS card evaluation error: not enough values to unpack (expected 5, got 4)
      ISMCTS score: 2.000
    Evaluating card 6/6: 8S
      ISMCTS card evaluation error: not enough values to unpack (expected 5, got 4)
      ISMCTS score: 0.000
    ISMCTS evaluation completed in 0.002s
    Best card: AS (score: 2.000)
Player 2 plays AS
  Player 3 (Hybrid AI) choosing card:
    Remaining hand (6 cards): ['KH', '7H', '10C', 'AC', 'QH', 'AH']
    Legal cards (2): ['10C', 'AC']
    Current trick: 3 cards played
    Lead suit: C
    Trump suit: H
    Strategy: ISMCTS card selection (1800 iterations, 7 samples)
    Evaluating card 1/2: 10C
      ISMCTS card evaluation error: not enough values to unpack (expected 5, got 4)
      ISMCTS score: 1.000
    Evaluating card 2/2: AC
      ISMCTS card evaluation error: not enough values to unpack (expected 5, got 4)
      ISMCTS score: 2.000
    ISMCTS evaluation completed in 0.001s
    Best card: AC (score: 2.000)
Player 3 plays AC
Player 1 won the hand: 7 points

  Player 0 (AI Master) choosing card:
    Remaining hand (5 cards): ['QC', 'KC', '10S', 'QS', 'QD']
    Legal cards (5): ['QC', 'KC', '10S', 'QS', 'QD']
    Current trick: 0 cards played
    Trump suit: H
    Strategy: ISMCTS card selection (2000 iterations, 8 samples)
    Evaluating card 1/5: QC
      ISMCTS card evaluation error: not enough values to unpack (expected 5, got 4)
      ISMCTS score: 1.000
    Evaluating card 2/5: KC
      ISMCTS card evaluation error: not enough values to unpack (expected 5, got 4)
      ISMCTS score: 1.000
    Evaluating card 3/5: 10S
      ISMCTS card evaluation error: not enough values to unpack (expected 5, got 4)
      ISMCTS score: 1.000
    Evaluating card 4/5: QS
      ISMCTS card evaluation error: not enough values to unpack (expected 5, got 4)
      ISMCTS score: 1.000
    Evaluating card 5/5: QD
      ISMCTS card evaluation error: not enough values to unpack (expected 5, got 4)
      ISMCTS score: 1.000
    ISMCTS evaluation completed in 0.002s
    Best card: QC (score: 1.000)
Player 0 plays QC
  Player 1 (RL Expert) choosing card:
    Remaining hand (5 cards): ['8H', '8C', 'KD', '7C', '10H']
    Legal cards (2): ['8C', '7C']
    Current trick: 1 cards played
    Lead suit: C
    Trump suit: H
    Strategy: ISMCTS card selection (1500 iterations, 6 samples)
    Evaluating card 1/2: 8C
      ISMCTS card evaluation error: not enough values to unpack (expected 5, got 4)
      ISMCTS score: 0.000
    Evaluating card 2/2: 7C
      ISMCTS card evaluation error: not enough values to unpack (expected 5, got 4)
      ISMCTS score: 0.000
    ISMCTS evaluation completed in 0.001s
    Best card: 8C (score: 0.000)
Player 1 plays 8C
  Player 2 (MCTS Master) choosing card:
    Remaining hand (5 cards): ['7S', '7D', 'KS', '8D', '8S']
    Legal cards (5): ['7S', '7D', 'KS', '8D', '8S']
    Current trick: 2 cards played
    Lead suit: C
    Trump suit: H
    Strategy: ISMCTS card selection (3000 iterations, 10 samples)
    Evaluating card 1/5: 7S
      ISMCTS card evaluation error: not enough values to unpack (expected 5, got 4)
      ISMCTS score: 0.000
    Evaluating card 2/5: 7D
      ISMCTS card evaluation error: not enough values to unpack (expected 5, got 4)
      ISMCTS score: 0.000
    Evaluating card 3/5: KS
      ISMCTS card evaluation error: not enough values to unpack (expected 5, got 4)
      ISMCTS score: 1.000
    Evaluating card 4/5: 8D
      ISMCTS card evaluation error: not enough values to unpack (expected 5, got 4)
      ISMCTS score: 0.000
    Evaluating card 5/5: 8S
      ISMCTS card evaluation error: not enough values to unpack (expected 5, got 4)
      ISMCTS score: 0.000
    ISMCTS evaluation completed in 0.002s
    Best card: KS (score: 1.000)
Player 2 plays KS
  Player 3 (Hybrid AI) choosing card:
    Remaining hand (5 cards): ['KH', '7H', '10C', 'QH', 'AH']
    Legal cards (1): ['10C']
    Current trick: 3 cards played
    Lead suit: C
    Trump suit: H
    Strategy: ISMCTS card selection (1800 iterations, 7 samples)
    Evaluating card 1/1: 10C
      ISMCTS card evaluation error: not enough values to unpack (expected 5, got 4)
      ISMCTS score: 1.000
    ISMCTS evaluation completed in 0.000s
    Best card: 10C (score: 1.000)
Player 3 plays 10C
Player 3 won the hand: 1 points

  Player 0 (AI Master) choosing card:
    Remaining hand (4 cards): ['KC', '10S', 'QS', 'QD']
    Legal cards (4): ['KC', '10S', 'QS', 'QD']
    Current trick: 0 cards played
    Trump suit: H
    Strategy: ISMCTS card selection (2000 iterations, 8 samples)
    Evaluating card 1/4: KC
      ISMCTS card evaluation error: not enough values to unpack (expected 5, got 4)
      ISMCTS score: 1.000
    Evaluating card 2/4: 10S
      ISMCTS card evaluation error: not enough values to unpack (expected 5, got 4)
      ISMCTS score: 1.000
    Evaluating card 3/4: QS
      ISMCTS card evaluation error: not enough values to unpack (expected 5, got 4)
      ISMCTS score: 1.000
    Evaluating card 4/4: QD
      ISMCTS card evaluation error: not enough values to unpack (expected 5, got 4)
      ISMCTS score: 1.000
    ISMCTS evaluation completed in 0.001s
    Best card: KC (score: 1.000)
Player 0 plays KC
  Player 1 (RL Expert) choosing card:
    Remaining hand (4 cards): ['8H', 'KD', '7C', '10H']
    Legal cards (1): ['7C']
    Current trick: 1 cards played
    Lead suit: C
    Trump suit: H
    Strategy: ISMCTS card selection (1500 iterations, 6 samples)
    Evaluating card 1/1: 7C
      ISMCTS card evaluation error: not enough values to unpack (expected 5, got 4)
      ISMCTS score: 0.000
    ISMCTS evaluation completed in 0.000s
    Best card: 7C (score: 0.000)
Player 1 plays 7C
  Player 2 (MCTS Master) choosing card:
    Remaining hand (4 cards): ['7S', '7D', '8D', '8S']
    Legal cards (4): ['7S', '7D', '8D', '8S']
    Current trick: 2 cards played
    Lead suit: C
    Trump suit: H
    Strategy: ISMCTS card selection (3000 iterations, 10 samples)
    Evaluating card 1/4: 7S
      ISMCTS card evaluation error: not enough values to unpack (expected 5, got 4)
      ISMCTS score: 0.000
    Evaluating card 2/4: 7D
      ISMCTS card evaluation error: not enough values to unpack (expected 5, got 4)
      ISMCTS score: 0.000
    Evaluating card 3/4: 8D
      ISMCTS card evaluation error: not enough values to unpack (expected 5, got 4)
      ISMCTS score: 0.000
    Evaluating card 4/4: 8S
      ISMCTS card evaluation error: not enough values to unpack (expected 5, got 4)
      ISMCTS score: 0.000
    ISMCTS evaluation completed in 0.002s
    Best card: 7S (score: 0.000)
Player 2 plays 7S
  Player 3 (Hybrid AI) choosing card:
    Remaining hand (4 cards): ['KH', '7H', 'QH', 'AH']
    Legal cards (4): ['KH', '7H', 'QH', 'AH']
    Current trick: 3 cards played
    Lead suit: C
    Trump suit: H
    Strategy: ISMCTS card selection (1800 iterations, 7 samples)
    Evaluating card 1/4: KH
      ISMCTS card evaluation error: not enough values to unpack (expected 5, got 4)
      ISMCTS score: 1.000
    Evaluating card 2/4: 7H
      ISMCTS card evaluation error: not enough values to unpack (expected 5, got 4)
      ISMCTS score: 0.000
    Evaluating card 3/4: QH
      ISMCTS card evaluation error: not enough values to unpack (expected 5, got 4)
      ISMCTS score: 1.000
    Evaluating card 4/4: AH
      ISMCTS card evaluation error: not enough values to unpack (expected 5, got 4)
      ISMCTS score: 2.500
    ISMCTS evaluation completed in 0.001s
    Best card: AH (score: 2.500)
Player 3 plays AH
Player 3 won the hand: 1 points

  Player 0 (AI Master) choosing card:
    Remaining hand (3 cards): ['10S', 'QS', 'QD']
    Legal cards (3): ['10S', 'QS', 'QD']
    Current trick: 0 cards played
    Trump suit: H
    Strategy: ISMCTS card selection (2000 iterations, 8 samples)
    Evaluating card 1/3: 10S
      ISMCTS card evaluation error: not enough values to unpack (expected 5, got 4)
      ISMCTS score: 1.000
    Evaluating card 2/3: QS
      ISMCTS card evaluation error: not enough values to unpack (expected 5, got 4)
      ISMCTS score: 1.000
    Evaluating card 3/3: QD
      ISMCTS card evaluation error: not enough values to unpack (expected 5, got 4)
      ISMCTS score: 1.000
    ISMCTS evaluation completed in 0.001s
    Best card: 10S (score: 1.000)
Player 0 plays 10S
  Player 1 (RL Expert) choosing card:
    Remaining hand (3 cards): ['8H', 'KD', '10H']
    Legal cards (3): ['8H', 'KD', '10H']
    Current trick: 1 cards played
    Lead suit: S
    Trump suit: H
    Strategy: ISMCTS card selection (1500 iterations, 6 samples)
    Evaluating card 1/3: 8H
      ISMCTS card evaluation error: not enough values to unpack (expected 5, got 4)
      ISMCTS score: 0.000
    Evaluating card 2/3: KD
      ISMCTS card evaluation error: not enough values to unpack (expected 5, got 4)
      ISMCTS score: 1.000
    Evaluating card 3/3: 10H
      ISMCTS card evaluation error: not enough values to unpack (expected 5, got 4)
      ISMCTS score: 1.500
    ISMCTS evaluation completed in 0.001s
    Best card: 10H (score: 1.500)
Player 1 plays 10H
  Player 2 (MCTS Master) choosing card:
    Remaining hand (3 cards): ['7D', '8D', '8S']
    Legal cards (1): ['8S']
    Current trick: 2 cards played
    Lead suit: S
    Trump suit: H
    Strategy: ISMCTS card selection (3000 iterations, 10 samples)
    Evaluating card 1/1: 8S
      ISMCTS card evaluation error: not enough values to unpack (expected 5, got 4)
      ISMCTS score: 0.000
    ISMCTS evaluation completed in 0.000s
    Best card: 8S (score: 0.000)
Player 2 plays 8S
  Player 3 (Hybrid AI) choosing card:
    Remaining hand (3 cards): ['KH', '7H', 'QH']
    Legal cards (3): ['KH', '7H', 'QH']
    Current trick: 3 cards played
    Lead suit: S
    Trump suit: H
    Strategy: ISMCTS card selection (1800 iterations, 7 samples)
    Evaluating card 1/3: KH
      ISMCTS card evaluation error: not enough values to unpack (expected 5, got 4)
      ISMCTS score: 1.000
    Evaluating card 2/3: 7H
      ISMCTS card evaluation error: not enough values to unpack (expected 5, got 4)
      ISMCTS score: 0.000
    Evaluating card 3/3: QH
      ISMCTS card evaluation error: not enough values to unpack (expected 5, got 4)
      ISMCTS score: 1.000
    ISMCTS evaluation completed in 0.001s
    Best card: KH (score: 1.000)
Player 3 plays KH
Player 1 won the hand: 2 points

  Player 0 (AI Master) choosing card:
    Remaining hand (2 cards): ['QS', 'QD']
    Legal cards (2): ['QS', 'QD']
    Current trick: 0 cards played
    Trump suit: H
    Strategy: ISMCTS card selection (2000 iterations, 8 samples)
    Evaluating card 1/2: QS
      ISMCTS card evaluation error: not enough values to unpack (expected 5, got 4)
      ISMCTS score: 1.000
    Evaluating card 2/2: QD
      ISMCTS card evaluation error: not enough values to unpack (expected 5, got 4)
      ISMCTS score: 1.000
    ISMCTS evaluation completed in 0.001s
    Best card: QS (score: 1.000)
Player 0 plays QS
  Player 1 (RL Expert) choosing card:
    Remaining hand (2 cards): ['8H', 'KD']
    Legal cards (2): ['8H', 'KD']
    Current trick: 1 cards played
    Lead suit: S
    Trump suit: H
    Strategy: ISMCTS card selection (1500 iterations, 6 samples)
    Evaluating card 1/2: 8H
      ISMCTS card evaluation error: not enough values to unpack (expected 5, got 4)
      ISMCTS score: 0.000
    Evaluating card 2/2: KD
      ISMCTS card evaluation error: not enough values to unpack (expected 5, got 4)
      ISMCTS score: 1.000
    ISMCTS evaluation completed in 0.001s
    Best card: KD (score: 1.000)
Player 1 plays KD
  Player 2 (MCTS Master) choosing card:
    Remaining hand (2 cards): ['7D', '8D']
    Legal cards (2): ['7D', '8D']
    Current trick: 2 cards played
    Lead suit: S
    Trump suit: H
    Strategy: ISMCTS card selection (3000 iterations, 10 samples)
    Evaluating card 1/2: 7D
      ISMCTS card evaluation error: not enough values to unpack (expected 5, got 4)
      ISMCTS score: 0.000
    Evaluating card 2/2: 8D
      ISMCTS card evaluation error: not enough values to unpack (expected 5, got 4)
      ISMCTS score: 0.000
    ISMCTS evaluation completed in 0.001s
    Best card: 7D (score: 0.000)
Player 2 plays 7D
  Player 3 (Hybrid AI) choosing card:
    Remaining hand (2 cards): ['7H', 'QH']
    Legal cards (2): ['7H', 'QH']
    Current trick: 3 cards played
    Lead suit: S
    Trump suit: H
    Strategy: ISMCTS card selection (1800 iterations, 7 samples)
    Evaluating card 1/2: 7H
      ISMCTS card evaluation error: not enough values to unpack (expected 5, got 4)
      ISMCTS score: 0.000
    Evaluating card 2/2: QH
      ISMCTS card evaluation error: not enough values to unpack (expected 5, got 4)
      ISMCTS score: 1.000
    ISMCTS evaluation completed in 0.001s
    Best card: QH (score: 1.000)
Player 3 plays QH
Player 3 won the hand: 0 points

  Player 0 (AI Master) choosing card:
    Remaining hand (1 cards): ['QD']
    Legal cards (1): ['QD']
    Current trick: 0 cards played
    Trump suit: H
    Strategy: ISMCTS card selection (2000 iterations, 8 samples)
    Evaluating card 1/1: QD
      ISMCTS card evaluation error: not enough values to unpack (expected 5, got 4)
      ISMCTS score: 1.000
    ISMCTS evaluation completed in 0.000s
    Best card: QD (score: 1.000)
Player 0 plays QD
  Player 1 (RL Expert) choosing card:
    Remaining hand (1 cards): ['8H']
    Legal cards (1): ['8H']
    Current trick: 1 cards played
    Lead suit: D
    Trump suit: H
    Strategy: ISMCTS card selection (1500 iterations, 6 samples)
    Evaluating card 1/1: 8H
      ISMCTS card evaluation error: No valid moves available and no cards in hand
      ISMCTS score: 0.000
    ISMCTS evaluation completed in 0.001s
    Best card: 8H (score: 0.000)
Player 1 plays 8H
  Player 2 (MCTS Master) choosing card:
    Remaining hand (1 cards): ['8D']
    Legal cards (1): ['8D']
    Current trick: 2 cards played
    Lead suit: D
    Trump suit: H
    Strategy: ISMCTS card selection (3000 iterations, 10 samples)
    Evaluating card 1/1: 8D
      ISMCTS card evaluation error: No valid moves available and no cards in hand
      ISMCTS score: 0.000
    ISMCTS evaluation completed in 0.001s
    Best card: 8D (score: 0.000)
Player 2 plays 8D
  Player 3 (Hybrid AI) choosing card:
    Remaining hand (1 cards): ['7H']
    Legal cards (1): ['7H']
    Current trick: 3 cards played
    Lead suit: D
    Trump suit: H
    Strategy: ISMCTS card selection (1800 iterations, 7 samples)
    Evaluating card 1/1: 7H
      ISMCTS card evaluation error: No valid moves available and no cards in hand
      ISMCTS score: 0.000
    ISMCTS evaluation completed in 0.001s
    Best card: 7H (score: 0.000)
Player 3 plays 7H
Player 1 won the hand: 0 points

=== GAME SUMMARY ===
Team A (Players 0 & 2): 7 points
Team B (Players 1 & 3): 21 points
Bidder: Player 3 (Team B)
Winning Bid: 16
Bid Success: YES
Game Winner: Team B (Players 1 & 3)
Total Tricks: 8