
===== GAME 14 (20250824_143724_594) =====
Player 0 initial hand (bidding): ['AC', '9C', 'JS', 'QD']
Player 1 initial hand (bidding): ['JC', 'KC', '10C', '9S']
Player 2 initial hand (bidding): ['7H', 'KH', 'JH', 'KD']
Player 3 initial hand (bidding): ['AH', '8D', '9D', '10S']

  Player 0 (Belief Master) analyzing bid:
    Bidding hand (first 4): ['AC', '9C', 'JS', 'QD']
    Hand strength: 0.214
    Current bid: 16
Point prediction error: shape '[1, 7, -1]' is invalid for input of size 52
    Point prediction: 0.0 points
    Belief model failed: 'Game28State' object has no attribute 'game_progress'
    Strategy: Belief Model Bidding (NO HEURISTICS)
    Belief model bidding error: 'Game28State' object has no attribute 'game_progress'
Pass: Player 0 (min_allowed=17)
  Player 1 (Belief Expert) analyzing bid:
    Bidding hand (first 4): ['JC', 'KC', '10C', '9S']
    Hand strength: 0.214
    Current bid: 16
Point prediction error: shape '[1, 7, -1]' is invalid for input of size 52
    Point prediction: 0.0 points
    Belief model failed: 'Game28State' object has no attribute 'game_progress'
    Strategy: Belief Model Bidding (NO HEURISTICS)
    Belief model bidding error: 'Game28State' object has no attribute 'game_progress'
Pass: Player 1 (min_allowed=17)
  Player 2 (Belief Pro) analyzing bid:
    Bidding hand (first 4): ['7H', 'KH', 'JH', 'KD']
    Hand strength: 0.107
    Current bid: 16
Point prediction error: shape '[1, 7, -1]' is invalid for input of size 52
    Point prediction: 0.0 points
    Belief model failed: 'Game28State' object has no attribute 'game_progress'
    Strategy: Belief Model Bidding (NO HEURISTICS)
    Belief model bidding error: 'Game28State' object has no attribute 'game_progress'
Pass: Player 2 (min_allowed=17)
Auction winner: Player 3 with bid 16
    Strategy: Belief-based trump selection
    Belief-based trump selection error: 'Game28State' object has no attribute 'game_progress'
Bidder sets concealed trump suit: D
Phase: concealed, bidder concealed card: [face-down trump]

Full hands (8 cards each):
Player 0 full hand: ['AC', '9C', 'JS', 'QD', 'AD', '8S', 'QC', '10D']
Player 1 full hand: ['JC', 'KC', '10C', '9S', '8C', '7C', 'QH', 'AS']
Player 2 full hand: ['7H', 'KH', 'JH', 'KD', 'JD', '9H', 'QS', '7D']
Player 3 full hand: ['AH', '8D', '10S', 'KS', '10H', '7S', '8H']

  Player 0 (Belief Master) choosing card:
    Remaining hand (8 cards): ['AC', '9C', 'JS', 'QD', 'AD', '8S', 'QC', '10D']
    Legal cards (5): ['AC', '9C', 'JS', '8S', 'QC']
    Current trick: 0 cards played
    Trump suit: D
    Strategy: Belief Model Card Selection (NO HEURISTICS)
    Belief model card selection error: 'Game28State' object has no attribute 'game_progress'
Player 0 plays JS
  Player 1 (Belief Expert) choosing card:
    Remaining hand (8 cards): ['JC', 'KC', '10C', '9S', '8C', '7C', 'QH', 'AS']
    Legal cards (2): ['9S', 'AS']
    Current trick: 1 cards played
    Lead suit: S
    Trump suit: D
    Strategy: Belief Model Card Selection (NO HEURISTICS)
    Belief model card selection error: 'Game28State' object has no attribute 'game_progress'
Player 1 plays 9S
  Player 2 (Belief Pro) choosing card:
    Remaining hand (8 cards): ['7H', 'KH', 'JH', 'KD', 'JD', '9H', 'QS', '7D']
    Legal cards (1): ['QS']
    Current trick: 2 cards played
    Lead suit: S
    Trump suit: D
    Strategy: Belief Model Card Selection (NO HEURISTICS)
    Belief model card selection error: 'Game28State' object has no attribute 'game_progress'
Player 2 plays QS
  Player 3 (Belief Champion) choosing card:
    Remaining hand (7 cards): ['AH', '8D', '10S', 'KS', '10H', '7S', '8H']
    Legal cards (3): ['10S', 'KS', '7S']
    Current trick: 3 cards played
    Lead suit: S
    Trump suit: D
    Strategy: Belief Model Card Selection (NO HEURISTICS)
    Belief model card selection error: 'Game28State' object has no attribute 'game_progress'
Player 3 plays 10S
Player 0 won the hand: 6 points

  Player 0 (Belief Master) choosing card:
    Remaining hand (7 cards): ['AC', '9C', 'QD', 'AD', '8S', 'QC', '10D']
    Legal cards (4): ['AC', '9C', '8S', 'QC']
    Current trick: 0 cards played
    Trump suit: D
    Strategy: Belief Model Card Selection (NO HEURISTICS)
    Belief model card selection error: 'Game28State' object has no attribute 'game_progress'
Player 0 plays 9C
  Player 1 (Belief Expert) choosing card:
    Remaining hand (7 cards): ['JC', 'KC', '10C', '8C', '7C', 'QH', 'AS']
    Legal cards (5): ['JC', 'KC', '10C', '8C', '7C']
    Current trick: 1 cards played
    Lead suit: C
    Trump suit: D
    Strategy: Belief Model Card Selection (NO HEURISTICS)
    Belief model card selection error: 'Game28State' object has no attribute 'game_progress'
Player 1 plays JC
  Player 2 (Belief Pro) choosing card:
    Remaining hand (7 cards): ['7H', 'KH', 'JH', 'KD', 'JD', '9H', '7D']
    Legal cards (7): ['7H', 'KH', 'JH', 'KD', 'JD', '9H', '7D']
    Current trick: 2 cards played
    Lead suit: C
    Trump suit: D
    Strategy: Belief Model Card Selection (NO HEURISTICS)
    Belief model card selection error: 'Game28State' object has no attribute 'game_progress'
Player 2 plays JH
  Player 3 (Belief Champion) choosing card:
    Remaining hand (6 cards): ['AH', '8D', 'KS', '10H', '7S', '8H']
    Legal cards (6): ['AH', '8D', 'KS', '10H', '7S', '8H']
    Current trick: 3 cards played
    Lead suit: C
    Trump suit: D
    Strategy: Belief Model Card Selection (NO HEURISTICS)
    Belief model card selection error: 'Game28State' object has no attribute 'game_progress'
Player 3 plays AH
Player 1 won the hand: 9 points

  Player 0 (Belief Master) choosing card:
    Remaining hand (6 cards): ['AC', 'QD', 'AD', '8S', 'QC', '10D']
    Legal cards (3): ['AC', '8S', 'QC']
    Current trick: 0 cards played
    Trump suit: D
    Strategy: Belief Model Card Selection (NO HEURISTICS)
    Belief model card selection error: 'Game28State' object has no attribute 'game_progress'
Player 0 plays AC
  Player 1 (Belief Expert) choosing card:
    Remaining hand (6 cards): ['KC', '10C', '8C', '7C', 'QH', 'AS']
    Legal cards (4): ['KC', '10C', '8C', '7C']
    Current trick: 1 cards played
    Lead suit: C
    Trump suit: D
    Strategy: Belief Model Card Selection (NO HEURISTICS)
    Belief model card selection error: 'Game28State' object has no attribute 'game_progress'
Player 1 plays 10C
  Player 2 (Belief Pro) choosing card:
    Remaining hand (6 cards): ['7H', 'KH', 'KD', 'JD', '9H', '7D']
    Legal cards (6): ['7H', 'KH', 'KD', 'JD', '9H', '7D']
    Current trick: 2 cards played
    Lead suit: C
    Trump suit: D
    Strategy: Belief Model Card Selection (NO HEURISTICS)
    Belief model card selection error: 'Game28State' object has no attribute 'game_progress'
-- Phase 2 begins: Trump revealed as D by Player 2 on trick 3 --
Player 2 plays JD
  Player 3 (Belief Champion) choosing card:
    Remaining hand (6 cards): ['8D', 'KS', '10H', '7S', '8H', '9D']
    Legal cards (6): ['8D', 'KS', '10H', '7S', '8H', '9D']
    Current trick: 3 cards played
    Lead suit: C
    Trump suit: D
    Strategy: Belief Model Card Selection (NO HEURISTICS)
    Belief model card selection error: 'Game28State' object has no attribute 'game_progress'
Player 3 plays 9D
Player 2 won the hand: 7 points

  Player 0 (Belief Master) choosing card:
    Remaining hand (5 cards): ['QD', 'AD', '8S', 'QC', '10D']
    Legal cards (5): ['QD', 'AD', '8S', 'QC', '10D']
    Current trick: 0 cards played
    Trump suit: D
    Strategy: Belief Model Card Selection (NO HEURISTICS)
    Belief model card selection error: 'Game28State' object has no attribute 'game_progress'
Player 0 plays AD
  Player 1 (Belief Expert) choosing card:
    Remaining hand (5 cards): ['KC', '8C', '7C', 'QH', 'AS']
    Legal cards (5): ['KC', '8C', '7C', 'QH', 'AS']
    Current trick: 1 cards played
    Lead suit: D
    Trump suit: D
    Strategy: Belief Model Card Selection (NO HEURISTICS)
    Belief model card selection error: 'Game28State' object has no attribute 'game_progress'
Player 1 plays AS
  Player 2 (Belief Pro) choosing card:
    Remaining hand (5 cards): ['7H', 'KH', 'KD', '9H', '7D']
    Legal cards (2): ['KD', '7D']
    Current trick: 2 cards played
    Lead suit: D
    Trump suit: D
    Strategy: Belief Model Card Selection (NO HEURISTICS)
    Belief model card selection error: 'Game28State' object has no attribute 'game_progress'
Player 2 plays KD
  Player 3 (Belief Champion) choosing card:
    Remaining hand (5 cards): ['8D', 'KS', '10H', '7S', '8H']
    Legal cards (1): ['8D']
    Current trick: 3 cards played
    Lead suit: D
    Trump suit: D
    Strategy: Belief Model Card Selection (NO HEURISTICS)
    Belief model card selection error: 'Game28State' object has no attribute 'game_progress'
Player 3 plays 8D
Player 0 won the hand: 2 points

  Player 0 (Belief Master) choosing card:
    Remaining hand (4 cards): ['QD', '8S', 'QC', '10D']
    Legal cards (4): ['QD', '8S', 'QC', '10D']
    Current trick: 0 cards played
    Trump suit: D
    Strategy: Belief Model Card Selection (NO HEURISTICS)
    Belief model card selection error: 'Game28State' object has no attribute 'game_progress'
Player 0 plays 10D
  Player 1 (Belief Expert) choosing card:
    Remaining hand (4 cards): ['KC', '8C', '7C', 'QH']
    Legal cards (4): ['KC', '8C', '7C', 'QH']
    Current trick: 1 cards played
    Lead suit: D
    Trump suit: D
    Strategy: Belief Model Card Selection (NO HEURISTICS)
    Belief model card selection error: 'Game28State' object has no attribute 'game_progress'
Player 1 plays KC
  Player 2 (Belief Pro) choosing card:
    Remaining hand (4 cards): ['7H', 'KH', '9H', '7D']
    Legal cards (1): ['7D']
    Current trick: 2 cards played
    Lead suit: D
    Trump suit: D
    Strategy: Belief Model Card Selection (NO HEURISTICS)
    Belief model card selection error: 'Game28State' object has no attribute 'game_progress'
Player 2 plays 7D
  Player 3 (Belief Champion) choosing card:
    Remaining hand (4 cards): ['KS', '10H', '7S', '8H']
    Legal cards (4): ['KS', '10H', '7S', '8H']
    Current trick: 3 cards played
    Lead suit: D
    Trump suit: D
    Strategy: Belief Model Card Selection (NO HEURISTICS)
    Belief model card selection error: 'Game28State' object has no attribute 'game_progress'
Player 3 plays 10H
Player 0 won the hand: 2 points

  Player 0 (Belief Master) choosing card:
    Remaining hand (3 cards): ['QD', '8S', 'QC']
    Legal cards (3): ['QD', '8S', 'QC']
    Current trick: 0 cards played
    Trump suit: D
    Strategy: Belief Model Card Selection (NO HEURISTICS)
    Belief model card selection error: 'Game28State' object has no attribute 'game_progress'
Player 0 plays QD
  Player 1 (Belief Expert) choosing card:
    Remaining hand (3 cards): ['8C', '7C', 'QH']
    Legal cards (3): ['8C', '7C', 'QH']
    Current trick: 1 cards played
    Lead suit: D
    Trump suit: D
    Strategy: Belief Model Card Selection (NO HEURISTICS)
    Belief model card selection error: 'Game28State' object has no attribute 'game_progress'
Player 1 plays 8C
  Player 2 (Belief Pro) choosing card:
    Remaining hand (3 cards): ['7H', 'KH', '9H']
    Legal cards (3): ['7H', 'KH', '9H']
    Current trick: 2 cards played
    Lead suit: D
    Trump suit: D
    Strategy: Belief Model Card Selection (NO HEURISTICS)
    Belief model card selection error: 'Game28State' object has no attribute 'game_progress'
Player 2 plays 9H
  Player 3 (Belief Champion) choosing card:
    Remaining hand (3 cards): ['KS', '7S', '8H']
    Legal cards (3): ['KS', '7S', '8H']
    Current trick: 3 cards played
    Lead suit: D
    Trump suit: D
    Strategy: Belief Model Card Selection (NO HEURISTICS)
    Belief model card selection error: 'Game28State' object has no attribute 'game_progress'
Player 3 plays KS
Player 0 won the hand: 2 points

  Player 0 (Belief Master) choosing card:
    Remaining hand (2 cards): ['8S', 'QC']
    Legal cards (2): ['8S', 'QC']
    Current trick: 0 cards played
    Trump suit: D
    Strategy: Belief Model Card Selection (NO HEURISTICS)
    Belief model card selection error: 'Game28State' object has no attribute 'game_progress'
Player 0 plays 8S
  Player 1 (Belief Expert) choosing card:
    Remaining hand (2 cards): ['7C', 'QH']
    Legal cards (2): ['7C', 'QH']
    Current trick: 1 cards played
    Lead suit: S
    Trump suit: D
    Strategy: Belief Model Card Selection (NO HEURISTICS)
    Belief model card selection error: 'Game28State' object has no attribute 'game_progress'
Player 1 plays 7C
  Player 2 (Belief Pro) choosing card:
    Remaining hand (2 cards): ['7H', 'KH']
    Legal cards (2): ['7H', 'KH']
    Current trick: 2 cards played
    Lead suit: S
    Trump suit: D
    Strategy: Belief Model Card Selection (NO HEURISTICS)
    Belief model card selection error: 'Game28State' object has no attribute 'game_progress'
Player 2 plays 7H
  Player 3 (Belief Champion) choosing card:
    Remaining hand (2 cards): ['7S', '8H']
    Legal cards (1): ['7S']
    Current trick: 3 cards played
    Lead suit: S
    Trump suit: D
    Strategy: Belief Model Card Selection (NO HEURISTICS)
    Belief model card selection error: 'Game28State' object has no attribute 'game_progress'
Player 3 plays 7S
Player 0 won the hand: 0 points

  Player 0 (Belief Master) choosing card:
    Remaining hand (1 cards): ['QC']
    Legal cards (1): ['QC']
    Current trick: 0 cards played
    Trump suit: D
    Strategy: Belief Model Card Selection (NO HEURISTICS)
    Belief model card selection error: 'Game28State' object has no attribute 'game_progress'
Player 0 plays QC
  Player 1 (Belief Expert) choosing card:
    Remaining hand (1 cards): ['QH']
    Legal cards (1): ['QH']
    Current trick: 1 cards played
    Lead suit: C
    Trump suit: D
    Strategy: Belief Model Card Selection (NO HEURISTICS)
    Belief model card selection error: 'Game28State' object has no attribute 'game_progress'
Player 1 plays QH
  Player 2 (Belief Pro) choosing card:
    Remaining hand (1 cards): ['KH']
    Legal cards (1): ['KH']
    Current trick: 2 cards played
    Lead suit: C
    Trump suit: D
    Strategy: Belief Model Card Selection (NO HEURISTICS)
    Belief model card selection error: 'Game28State' object has no attribute 'game_progress'
Player 2 plays KH
  Player 3 (Belief Champion) choosing card:
    Remaining hand (1 cards): ['8H']
    Legal cards (1): ['8H']
    Current trick: 3 cards played
    Lead suit: C
    Trump suit: D
    Strategy: Belief Model Card Selection (NO HEURISTICS)
    Belief model card selection error: 'Game28State' object has no attribute 'game_progress'
Player 3 plays 8H
Player 0 won the hand: 0 points

=== GAME SUMMARY ===
Team A (Players 0 & 2): 19 points
Team B (Players 1 & 3): 9 points
Bidder: Player 3 (Team B)
Winning Bid: 16
Bid Success: NO
Game Winner: Team B (Players 1 & 3)
Total Tricks: 8