
===== GAME 9 (20250823_154830_891) =====
Player 0 initial hand (bidding): ['KD', 'JC', '9D', '7S']
Player 1 initial hand (bidding): ['JS', '10H', '8C', '10D']
Player 2 initial hand (bidding): ['8S', '7H', '9S', '10S']
Player 3 initial hand (bidding): ['7C', 'JH', 'KS', '8H']

Full hands (8 cards each):
Player 0 full hand: ['KD', 'JC', '9D', '7S']
Player 1 full hand: ['JS', '10H', '8C', '10D']
Player 2 full hand: ['8S', '7H', '9S', '10S']
Player 3 full hand: ['7C', 'JH', 'KS', '8H']

  Player 0 (AI Master) analyzing bid:
    Bidding hand (first 4): ['KD', 'JC', '9D', '7S']
    Full hand (8 cards): ['KD', 'JC', '9D', '7S']
    Hand strength: 0.179
    Current bid: 16
    Point prediction: 14.6 points
    Strategy: ISMCTS bidding (2000 iterations, 8 samples)
    MCTS state prepared with 4 cards
      ISMCTS evaluation error: 'TwentyEightEnv' object has no attribute 'game_score'
    Pass evaluation score: 0.000
      ISMCTS evaluation error: 'TwentyEightEnv' object has no attribute 'game_score'
    Bid 17 evaluation score: -1.000
      ISMCTS evaluation error: 'TwentyEightEnv' object has no attribute 'game_score'
    Bid 18 evaluation score: -1.000
      ISMCTS evaluation error: 'TwentyEightEnv' object has no attribute 'game_score'
    Bid 19 evaluation score: -1.000
    Best decision: PASS (score: 0.000)
Pass: Player 0 (min_allowed=17)
  Player 1 (RL Expert) analyzing bid:
    Bidding hand (first 4): ['JS', '10H', '8C', '10D']
    Full hand (8 cards): ['JS', '10H', '8C', '10D']
    Hand strength: 0.179
    Current bid: 16
    Point prediction: 13.4 points
    Strategy: ISMCTS bidding (1500 iterations, 6 samples)
    MCTS state prepared with 4 cards
      ISMCTS evaluation error: 'TwentyEightEnv' object has no attribute 'game_score'
    Pass evaluation score: 0.000
      ISMCTS evaluation error: 'TwentyEightEnv' object has no attribute 'game_score'
    Bid 17 evaluation score: -1.000
      ISMCTS evaluation error: 'TwentyEightEnv' object has no attribute 'game_score'
    Bid 18 evaluation score: -1.000
      ISMCTS evaluation error: 'TwentyEightEnv' object has no attribute 'game_score'
    Bid 19 evaluation score: -1.000
    Best decision: PASS (score: 0.000)
Pass: Player 1 (min_allowed=17)
  Player 2 (MCTS Master) analyzing bid:
    Bidding hand (first 4): ['8S', '7H', '9S', '10S']
    Full hand (8 cards): ['8S', '7H', '9S', '10S']
    Hand strength: 0.107
    Current bid: 16
    Point prediction: 13.3 points
    Strategy: ISMCTS bidding (3000 iterations, 10 samples)
    MCTS state prepared with 4 cards
      ISMCTS evaluation error: 'TwentyEightEnv' object has no attribute 'game_score'
    Pass evaluation score: 0.000
      ISMCTS evaluation error: 'TwentyEightEnv' object has no attribute 'game_score'
    Bid 17 evaluation score: -1.000
      ISMCTS evaluation error: 'TwentyEightEnv' object has no attribute 'game_score'
    Bid 18 evaluation score: -1.000
      ISMCTS evaluation error: 'TwentyEightEnv' object has no attribute 'game_score'
    Bid 19 evaluation score: -1.000
    Best decision: PASS (score: 0.000)
Pass: Player 2 (min_allowed=17)
Auction winner: Player 3 with bid 16
Bidder sets concealed trump suit: H
Phase: concealed, bidder concealed card: [face-down trump]

  Player 0 (AI Master) choosing card:
    Remaining hand (8 cards): ['KD', 'JC', '9D', '7S', 'KH', 'QS', '10C', '9C']
    Legal cards (7): ['KD', 'JC', '9D', '7S', 'QS', '10C', '9C']
    Current trick: 0 cards played
    Trump suit: H
    Strategy: ISMCTS card selection (2000 iterations, 8 samples)
    Evaluating card 1/7: KD
      ISMCTS card evaluation error: not enough values to unpack (expected 5, got 4)
      ISMCTS score: 1.000
    Evaluating card 2/7: JC
      ISMCTS card evaluation error: not enough values to unpack (expected 5, got 4)
      ISMCTS score: 3.000
    Evaluating card 3/7: 9D
      ISMCTS card evaluation error: not enough values to unpack (expected 5, got 4)
      ISMCTS score: 2.000
    Evaluating card 4/7: 7S
      ISMCTS card evaluation error: not enough values to unpack (expected 5, got 4)
      ISMCTS score: 0.000
    Evaluating card 5/7: QS
      ISMCTS card evaluation error: not enough values to unpack (expected 5, got 4)
      ISMCTS score: 1.000
    Evaluating card 6/7: 10C
      ISMCTS card evaluation error: not enough values to unpack (expected 5, got 4)
      ISMCTS score: 1.000
    Evaluating card 7/7: 9C
      ISMCTS card evaluation error: not enough values to unpack (expected 5, got 4)
      ISMCTS score: 2.000
    ISMCTS evaluation completed in 0.004s
    Best card: JC (score: 3.000)
Player 0 plays JC
  Player 1 (RL Expert) choosing card:
    Remaining hand (8 cards): ['JS', '10H', '8C', '10D', 'AD', 'QC', 'QH', '8D']
    Legal cards (2): ['8C', 'QC']
    Current trick: 1 cards played
    Lead suit: C
    Trump suit: H
    Strategy: ISMCTS card selection (1500 iterations, 6 samples)
    Evaluating card 1/2: 8C
      ISMCTS card evaluation error: not enough values to unpack (expected 5, got 4)
      ISMCTS score: 0.000
    Evaluating card 2/2: QC
      ISMCTS card evaluation error: not enough values to unpack (expected 5, got 4)
      ISMCTS score: 1.000
    ISMCTS evaluation completed in 0.001s
    Best card: QC (score: 1.000)
Player 1 plays QC
  Player 2 (MCTS Master) choosing card:
    Remaining hand (8 cards): ['8S', '7H', '9S', '10S', 'QD', 'AC', 'KC', '9H']
    Legal cards (2): ['AC', 'KC']
    Current trick: 2 cards played
    Lead suit: C
    Trump suit: H
    Strategy: ISMCTS card selection (3000 iterations, 10 samples)
    Evaluating card 1/2: AC
      ISMCTS card evaluation error: not enough values to unpack (expected 5, got 4)
      ISMCTS score: 2.000
    Evaluating card 2/2: KC
      ISMCTS card evaluation error: not enough values to unpack (expected 5, got 4)
      ISMCTS score: 1.000
    ISMCTS evaluation completed in 0.002s
    Best card: AC (score: 2.000)
Player 2 plays AC
  Player 3 (Hybrid AI) choosing card:
    Remaining hand (7 cards): ['7C', 'KS', '8H', '7D', 'JD', 'AH', 'AS']
    Legal cards (1): ['7C']
    Current trick: 3 cards played
    Lead suit: C
    Trump suit: H
    Strategy: ISMCTS card selection (1800 iterations, 7 samples)
    Evaluating card 1/1: 7C
      ISMCTS card evaluation error: not enough values to unpack (expected 5, got 4)
      ISMCTS score: 0.000
    ISMCTS evaluation completed in 0.000s
    Best card: 7C (score: 0.000)
Player 3 plays 7C
Player 0 won the hand: 4 points

  Player 0 (AI Master) choosing card:
    Remaining hand (7 cards): ['KD', '9D', '7S', 'KH', 'QS', '10C', '9C']
    Legal cards (6): ['KD', '9D', '7S', 'QS', '10C', '9C']
    Current trick: 0 cards played
    Trump suit: H
    Strategy: ISMCTS card selection (2000 iterations, 8 samples)
    Evaluating card 1/6: KD
      ISMCTS card evaluation error: not enough values to unpack (expected 5, got 4)
      ISMCTS score: 1.000
    Evaluating card 2/6: 9D
      ISMCTS card evaluation error: not enough values to unpack (expected 5, got 4)
      ISMCTS score: 2.000
    Evaluating card 3/6: 7S
      ISMCTS card evaluation error: not enough values to unpack (expected 5, got 4)
      ISMCTS score: 0.000
    Evaluating card 4/6: QS
      ISMCTS card evaluation error: not enough values to unpack (expected 5, got 4)
      ISMCTS score: 1.000
    Evaluating card 5/6: 10C
      ISMCTS card evaluation error: not enough values to unpack (expected 5, got 4)
      ISMCTS score: 1.000
    Evaluating card 6/6: 9C
      ISMCTS card evaluation error: not enough values to unpack (expected 5, got 4)
      ISMCTS score: 2.000
    ISMCTS evaluation completed in 0.002s
    Best card: 9D (score: 2.000)
Player 0 plays 9D
  Player 1 (RL Expert) choosing card:
    Remaining hand (7 cards): ['JS', '10H', '8C', '10D', 'AD', 'QH', '8D']
    Legal cards (3): ['10D', 'AD', '8D']
    Current trick: 1 cards played
    Lead suit: D
    Trump suit: H
    Strategy: ISMCTS card selection (1500 iterations, 6 samples)
    Evaluating card 1/3: 10D
      ISMCTS card evaluation error: not enough values to unpack (expected 5, got 4)
      ISMCTS score: 1.000
    Evaluating card 2/3: AD
      ISMCTS card evaluation error: not enough values to unpack (expected 5, got 4)
      ISMCTS score: 2.000
    Evaluating card 3/3: 8D
      ISMCTS card evaluation error: not enough values to unpack (expected 5, got 4)
      ISMCTS score: 0.000
    ISMCTS evaluation completed in 0.001s
    Best card: AD (score: 2.000)
Player 1 plays AD
  Player 2 (MCTS Master) choosing card:
    Remaining hand (7 cards): ['8S', '7H', '9S', '10S', 'QD', 'KC', '9H']
    Legal cards (1): ['QD']
    Current trick: 2 cards played
    Lead suit: D
    Trump suit: H
    Strategy: ISMCTS card selection (3000 iterations, 10 samples)
    Evaluating card 1/1: QD
      ISMCTS card evaluation error: not enough values to unpack (expected 5, got 4)
      ISMCTS score: 1.000
    ISMCTS evaluation completed in 0.000s
    Best card: QD (score: 1.000)
Player 2 plays QD
  Player 3 (Hybrid AI) choosing card:
    Remaining hand (6 cards): ['KS', '8H', '7D', 'JD', 'AH', 'AS']
    Legal cards (2): ['7D', 'JD']
    Current trick: 3 cards played
    Lead suit: D
    Trump suit: H
    Strategy: ISMCTS card selection (1800 iterations, 7 samples)
    Evaluating card 1/2: 7D
      ISMCTS card evaluation error: not enough values to unpack (expected 5, got 4)
      ISMCTS score: 0.000
    Evaluating card 2/2: JD
      ISMCTS card evaluation error: not enough values to unpack (expected 5, got 4)
      ISMCTS score: 3.000
    ISMCTS evaluation completed in 0.001s
    Best card: JD (score: 3.000)
Player 3 plays JD
Player 3 won the hand: 6 points

  Player 0 (AI Master) choosing card:
    Remaining hand (6 cards): ['KD', '7S', 'KH', 'QS', '10C', '9C']
    Legal cards (5): ['KD', '7S', 'QS', '10C', '9C']
    Current trick: 0 cards played
    Trump suit: H
    Strategy: ISMCTS card selection (2000 iterations, 8 samples)
    Evaluating card 1/5: KD
      ISMCTS card evaluation error: not enough values to unpack (expected 5, got 4)
      ISMCTS score: 1.000
    Evaluating card 2/5: 7S
      ISMCTS card evaluation error: not enough values to unpack (expected 5, got 4)
      ISMCTS score: 0.000
    Evaluating card 3/5: QS
      ISMCTS card evaluation error: not enough values to unpack (expected 5, got 4)
      ISMCTS score: 1.000
    Evaluating card 4/5: 10C
      ISMCTS card evaluation error: not enough values to unpack (expected 5, got 4)
      ISMCTS score: 1.000
    Evaluating card 5/5: 9C
      ISMCTS card evaluation error: not enough values to unpack (expected 5, got 4)
      ISMCTS score: 2.000
    ISMCTS evaluation completed in 0.002s
    Best card: 9C (score: 2.000)
Player 0 plays 9C
  Player 1 (RL Expert) choosing card:
    Remaining hand (6 cards): ['JS', '10H', '8C', '10D', 'QH', '8D']
    Legal cards (1): ['8C']
    Current trick: 1 cards played
    Lead suit: C
    Trump suit: H
    Strategy: ISMCTS card selection (1500 iterations, 6 samples)
    Evaluating card 1/1: 8C
      ISMCTS card evaluation error: not enough values to unpack (expected 5, got 4)
      ISMCTS score: 0.000
    ISMCTS evaluation completed in 0.000s
    Best card: 8C (score: 0.000)
Player 1 plays 8C
  Player 2 (MCTS Master) choosing card:
    Remaining hand (6 cards): ['8S', '7H', '9S', '10S', 'KC', '9H']
    Legal cards (1): ['KC']
    Current trick: 2 cards played
    Lead suit: C
    Trump suit: H
    Strategy: ISMCTS card selection (3000 iterations, 10 samples)
    Evaluating card 1/1: KC
      ISMCTS card evaluation error: not enough values to unpack (expected 5, got 4)
      ISMCTS score: 1.000
    ISMCTS evaluation completed in 0.000s
    Best card: KC (score: 1.000)
Player 2 plays KC
  Player 3 (Hybrid AI) choosing card:
    Remaining hand (5 cards): ['KS', '8H', '7D', 'AH', 'AS']
    Legal cards (5): ['KS', '8H', '7D', 'AH', 'AS']
    Current trick: 3 cards played
    Lead suit: C
    Trump suit: H
    Strategy: ISMCTS card selection (1800 iterations, 7 samples)
    Evaluating card 1/5: KS
      ISMCTS card evaluation error: not enough values to unpack (expected 5, got 4)
      ISMCTS score: 1.000
    Evaluating card 2/5: 8H
      ISMCTS card evaluation error: not enough values to unpack (expected 5, got 4)
      ISMCTS score: 0.000
    Evaluating card 3/5: 7D
      ISMCTS card evaluation error: not enough values to unpack (expected 5, got 4)
      ISMCTS score: 0.000
    Evaluating card 4/5: AH
      ISMCTS card evaluation error: not enough values to unpack (expected 5, got 4)
      ISMCTS score: 2.500
    Evaluating card 5/5: AS
      ISMCTS card evaluation error: not enough values to unpack (expected 5, got 4)
      ISMCTS score: 2.000
    ISMCTS evaluation completed in 0.002s
    Best card: AH (score: 2.500)
-- Phase 2 begins: Trump revealed as H by Player 3 on trick 3 --
Player 3 plays AH
Player 3 won the hand: 3 points

  Player 0 (AI Master) choosing card:
    Remaining hand (5 cards): ['KD', '7S', 'KH', 'QS', '10C']
    Legal cards (5): ['KD', '7S', 'KH', 'QS', '10C']
    Current trick: 0 cards played
    Trump suit: H
    Strategy: ISMCTS card selection (2000 iterations, 8 samples)
    Evaluating card 1/5: KD
      ISMCTS card evaluation error: not enough values to unpack (expected 5, got 4)
      ISMCTS score: 1.000
    Evaluating card 2/5: 7S
      ISMCTS card evaluation error: not enough values to unpack (expected 5, got 4)
      ISMCTS score: 0.000
    Evaluating card 3/5: KH
      ISMCTS card evaluation error: not enough values to unpack (expected 5, got 4)
      ISMCTS score: 1.000
    Evaluating card 4/5: QS
      ISMCTS card evaluation error: not enough values to unpack (expected 5, got 4)
      ISMCTS score: 1.000
    Evaluating card 5/5: 10C
      ISMCTS card evaluation error: not enough values to unpack (expected 5, got 4)
      ISMCTS score: 1.000
    ISMCTS evaluation completed in 0.002s
    Best card: KD (score: 1.000)
Player 0 plays KD
  Player 1 (RL Expert) choosing card:
    Remaining hand (5 cards): ['JS', '10H', '10D', 'QH', '8D']
    Legal cards (2): ['10D', '8D']
    Current trick: 1 cards played
    Lead suit: D
    Trump suit: H
    Strategy: ISMCTS card selection (1500 iterations, 6 samples)
    Evaluating card 1/2: 10D
      ISMCTS card evaluation error: not enough values to unpack (expected 5, got 4)
      ISMCTS score: 1.000
    Evaluating card 2/2: 8D
      ISMCTS card evaluation error: not enough values to unpack (expected 5, got 4)
      ISMCTS score: 0.000
    ISMCTS evaluation completed in 0.001s
    Best card: 10D (score: 1.000)
Player 1 plays 10D
  Player 2 (MCTS Master) choosing card:
    Remaining hand (5 cards): ['8S', '7H', '9S', '10S', '9H']
    Legal cards (5): ['8S', '7H', '9S', '10S', '9H']
    Current trick: 2 cards played
    Lead suit: D
    Trump suit: H
    Strategy: ISMCTS card selection (3000 iterations, 10 samples)
    Evaluating card 1/5: 8S
      ISMCTS card evaluation error: not enough values to unpack (expected 5, got 4)
      ISMCTS score: 0.000
    Evaluating card 2/5: 7H
      ISMCTS card evaluation error: not enough values to unpack (expected 5, got 4)
      ISMCTS score: 0.000
    Evaluating card 3/5: 9S
      ISMCTS card evaluation error: not enough values to unpack (expected 5, got 4)
      ISMCTS score: 2.000
    Evaluating card 4/5: 10S
      ISMCTS card evaluation error: not enough values to unpack (expected 5, got 4)
      ISMCTS score: 1.000
    Evaluating card 5/5: 9H
      ISMCTS card evaluation error: not enough values to unpack (expected 5, got 4)
      ISMCTS score: 3.000
    ISMCTS evaluation completed in 0.002s
    Best card: 9H (score: 3.000)
Player 2 plays 9H
  Player 3 (Hybrid AI) choosing card:
    Remaining hand (5 cards): ['KS', '8H', '7D', 'AS', 'JH']
    Legal cards (1): ['7D']
    Current trick: 3 cards played
    Lead suit: D
    Trump suit: H
    Strategy: ISMCTS card selection (1800 iterations, 7 samples)
    Evaluating card 1/1: 7D
      ISMCTS card evaluation error: not enough values to unpack (expected 5, got 4)
      ISMCTS score: 0.000
    ISMCTS evaluation completed in 0.000s
    Best card: 7D (score: 0.000)
Player 3 plays 7D
Player 2 won the hand: 3 points

  Player 0 (AI Master) choosing card:
    Remaining hand (4 cards): ['7S', 'KH', 'QS', '10C']
    Legal cards (4): ['7S', 'KH', 'QS', '10C']
    Current trick: 0 cards played
    Trump suit: H
    Strategy: ISMCTS card selection (2000 iterations, 8 samples)
    Evaluating card 1/4: 7S
      ISMCTS card evaluation error: not enough values to unpack (expected 5, got 4)
      ISMCTS score: 0.000
    Evaluating card 2/4: KH
      ISMCTS card evaluation error: not enough values to unpack (expected 5, got 4)
      ISMCTS score: 1.000
    Evaluating card 3/4: QS
      ISMCTS card evaluation error: not enough values to unpack (expected 5, got 4)
      ISMCTS score: 1.000
    Evaluating card 4/4: 10C
      ISMCTS card evaluation error: not enough values to unpack (expected 5, got 4)
      ISMCTS score: 1.000
    ISMCTS evaluation completed in 0.001s
    Best card: KH (score: 1.000)
Player 0 plays KH
  Player 1 (RL Expert) choosing card:
    Remaining hand (4 cards): ['JS', '10H', 'QH', '8D']
    Legal cards (2): ['10H', 'QH']
    Current trick: 1 cards played
    Lead suit: H
    Trump suit: H
    Strategy: ISMCTS card selection (1500 iterations, 6 samples)
    Evaluating card 1/2: 10H
      ISMCTS card evaluation error: not enough values to unpack (expected 5, got 4)
      ISMCTS score: 1.500
    Evaluating card 2/2: QH
      ISMCTS card evaluation error: not enough values to unpack (expected 5, got 4)
      ISMCTS score: 1.000
    ISMCTS evaluation completed in 0.001s
    Best card: 10H (score: 1.500)
Player 1 plays 10H
  Player 2 (MCTS Master) choosing card:
    Remaining hand (4 cards): ['8S', '7H', '9S', '10S']
    Legal cards (1): ['7H']
    Current trick: 2 cards played
    Lead suit: H
    Trump suit: H
    Strategy: ISMCTS card selection (3000 iterations, 10 samples)
    Evaluating card 1/1: 7H
      ISMCTS card evaluation error: not enough values to unpack (expected 5, got 4)
      ISMCTS score: 0.000
    ISMCTS evaluation completed in 0.000s
    Best card: 7H (score: 0.000)
Player 2 plays 7H
  Player 3 (Hybrid AI) choosing card:
    Remaining hand (4 cards): ['KS', '8H', 'AS', 'JH']
    Legal cards (2): ['8H', 'JH']
    Current trick: 3 cards played
    Lead suit: H
    Trump suit: H
    Strategy: ISMCTS card selection (1800 iterations, 7 samples)
    Evaluating card 1/2: 8H
      ISMCTS card evaluation error: not enough values to unpack (expected 5, got 4)
      ISMCTS score: 0.000
    Evaluating card 2/2: JH
      ISMCTS card evaluation error: not enough values to unpack (expected 5, got 4)
      ISMCTS score: 4.500
    ISMCTS evaluation completed in 0.001s
    Best card: JH (score: 4.500)
Player 3 plays JH
Player 3 won the hand: 4 points

  Player 0 (AI Master) choosing card:
    Remaining hand (3 cards): ['7S', 'QS', '10C']
    Legal cards (3): ['7S', 'QS', '10C']
    Current trick: 0 cards played
    Trump suit: H
    Strategy: ISMCTS card selection (2000 iterations, 8 samples)
    Evaluating card 1/3: 7S
      ISMCTS card evaluation error: not enough values to unpack (expected 5, got 4)
      ISMCTS score: 0.000
    Evaluating card 2/3: QS
      ISMCTS card evaluation error: not enough values to unpack (expected 5, got 4)
      ISMCTS score: 1.000
    Evaluating card 3/3: 10C
      ISMCTS card evaluation error: not enough values to unpack (expected 5, got 4)
      ISMCTS score: 1.000
    ISMCTS evaluation completed in 0.001s
    Best card: QS (score: 1.000)
Player 0 plays QS
  Player 1 (RL Expert) choosing card:
    Remaining hand (3 cards): ['JS', 'QH', '8D']
    Legal cards (1): ['JS']
    Current trick: 1 cards played
    Lead suit: S
    Trump suit: H
    Strategy: ISMCTS card selection (1500 iterations, 6 samples)
    Evaluating card 1/1: JS
      ISMCTS card evaluation error: not enough values to unpack (expected 5, got 4)
      ISMCTS score: 3.000
    ISMCTS evaluation completed in 0.000s
    Best card: JS (score: 3.000)
Player 1 plays JS
  Player 2 (MCTS Master) choosing card:
    Remaining hand (3 cards): ['8S', '9S', '10S']
    Legal cards (3): ['8S', '9S', '10S']
    Current trick: 2 cards played
    Lead suit: S
    Trump suit: H
    Strategy: ISMCTS card selection (3000 iterations, 10 samples)
    Evaluating card 1/3: 8S
      ISMCTS card evaluation error: not enough values to unpack (expected 5, got 4)
      ISMCTS score: 0.000
    Evaluating card 2/3: 9S
      ISMCTS card evaluation error: not enough values to unpack (expected 5, got 4)
      ISMCTS score: 2.000
    Evaluating card 3/3: 10S
      ISMCTS card evaluation error: not enough values to unpack (expected 5, got 4)
      ISMCTS score: 1.000
    ISMCTS evaluation completed in 0.001s
    Best card: 9S (score: 2.000)
Player 2 plays 9S
  Player 3 (Hybrid AI) choosing card:
    Remaining hand (3 cards): ['KS', '8H', 'AS']
    Legal cards (2): ['KS', 'AS']
    Current trick: 3 cards played
    Lead suit: S
    Trump suit: H
    Strategy: ISMCTS card selection (1800 iterations, 7 samples)
    Evaluating card 1/2: KS
      ISMCTS card evaluation error: not enough values to unpack (expected 5, got 4)
      ISMCTS score: 1.000
    Evaluating card 2/2: AS
      ISMCTS card evaluation error: not enough values to unpack (expected 5, got 4)
      ISMCTS score: 2.000
    ISMCTS evaluation completed in 0.001s
    Best card: AS (score: 2.000)
Player 3 plays AS
Player 1 won the hand: 6 points

  Player 0 (AI Master) choosing card:
    Remaining hand (2 cards): ['7S', '10C']
    Legal cards (2): ['7S', '10C']
    Current trick: 0 cards played
    Trump suit: H
    Strategy: ISMCTS card selection (2000 iterations, 8 samples)
    Evaluating card 1/2: 7S
      ISMCTS card evaluation error: not enough values to unpack (expected 5, got 4)
      ISMCTS score: 0.000
    Evaluating card 2/2: 10C
      ISMCTS card evaluation error: not enough values to unpack (expected 5, got 4)
      ISMCTS score: 1.000
    ISMCTS evaluation completed in 0.001s
    Best card: 10C (score: 1.000)
Player 0 plays 10C
  Player 1 (RL Expert) choosing card:
    Remaining hand (2 cards): ['QH', '8D']
    Legal cards (2): ['QH', '8D']
    Current trick: 1 cards played
    Lead suit: C
    Trump suit: H
    Strategy: ISMCTS card selection (1500 iterations, 6 samples)
    Evaluating card 1/2: QH
      ISMCTS card evaluation error: not enough values to unpack (expected 5, got 4)
      ISMCTS score: 1.000
    Evaluating card 2/2: 8D
      ISMCTS card evaluation error: not enough values to unpack (expected 5, got 4)
      ISMCTS score: 0.000
    ISMCTS evaluation completed in 0.001s
    Best card: QH (score: 1.000)
Player 1 plays QH
  Player 2 (MCTS Master) choosing card:
    Remaining hand (2 cards): ['8S', '10S']
    Legal cards (2): ['8S', '10S']
    Current trick: 2 cards played
    Lead suit: C
    Trump suit: H
    Strategy: ISMCTS card selection (3000 iterations, 10 samples)
    Evaluating card 1/2: 8S
      ISMCTS card evaluation error: not enough values to unpack (expected 5, got 4)
      ISMCTS score: 0.000
    Evaluating card 2/2: 10S
      ISMCTS card evaluation error: not enough values to unpack (expected 5, got 4)
      ISMCTS score: 1.000
    ISMCTS evaluation completed in 0.001s
    Best card: 10S (score: 1.000)
Player 2 plays 10S
  Player 3 (Hybrid AI) choosing card:
    Remaining hand (2 cards): ['KS', '8H']
    Legal cards (2): ['KS', '8H']
    Current trick: 3 cards played
    Lead suit: C
    Trump suit: H
    Strategy: ISMCTS card selection (1800 iterations, 7 samples)
    Evaluating card 1/2: KS
      ISMCTS card evaluation error: not enough values to unpack (expected 5, got 4)
      ISMCTS score: 1.000
    Evaluating card 2/2: 8H
      ISMCTS card evaluation error: not enough values to unpack (expected 5, got 4)
      ISMCTS score: 0.000
    ISMCTS evaluation completed in 0.001s
    Best card: KS (score: 1.000)
Player 3 plays KS
Player 1 won the hand: 2 points

  Player 0 (AI Master) choosing card:
    Remaining hand (1 cards): ['7S']
    Legal cards (1): ['7S']
    Current trick: 0 cards played
    Trump suit: H
    Strategy: ISMCTS card selection (2000 iterations, 8 samples)
    Evaluating card 1/1: 7S
      ISMCTS card evaluation error: not enough values to unpack (expected 5, got 4)
      ISMCTS score: 0.000
    ISMCTS evaluation completed in 0.000s
    Best card: 7S (score: 0.000)
Player 0 plays 7S
  Player 1 (RL Expert) choosing card:
    Remaining hand (1 cards): ['8D']
    Legal cards (1): ['8D']
    Current trick: 1 cards played
    Lead suit: S
    Trump suit: H
    Strategy: ISMCTS card selection (1500 iterations, 6 samples)
    Evaluating card 1/1: 8D
      ISMCTS card evaluation error: not enough values to unpack (expected 5, got 4)
      ISMCTS score: 0.000
    ISMCTS evaluation completed in 0.000s
    Best card: 8D (score: 0.000)
Player 1 plays 8D
  Player 2 (MCTS Master) choosing card:
    Remaining hand (1 cards): ['8S']
    Legal cards (1): ['8S']
    Current trick: 2 cards played
    Lead suit: S
    Trump suit: H
    Strategy: ISMCTS card selection (3000 iterations, 10 samples)
    Evaluating card 1/1: 8S
      ISMCTS card evaluation error: not enough values to unpack (expected 5, got 4)
      ISMCTS score: 0.000
    ISMCTS evaluation completed in 0.000s
    Best card: 8S (score: 0.000)
Player 2 plays 8S
  Player 3 (Hybrid AI) choosing card:
    Remaining hand (1 cards): ['8H']
    Legal cards (1): ['8H']
    Current trick: 3 cards played
    Lead suit: S
    Trump suit: H
    Strategy: ISMCTS card selection (1800 iterations, 7 samples)
    Evaluating card 1/1: 8H
      ISMCTS card evaluation error: No valid moves available and no cards in hand
      ISMCTS score: 0.000
    ISMCTS evaluation completed in 0.001s
    Best card: 8H (score: 0.000)
Player 3 plays 8H
Player 3 won the hand: 0 points

=== GAME SUMMARY ===
Team A (Players 0 & 2): 7 points
Team B (Players 1 & 3): 21 points
Bidder: Player 3 (Team B)
Winning Bid: 16
Bid Success: YES
Game Winner: Team B (Players 1 & 3)
Total Tricks: 8