
===== GAME 8 (20250824_143720_314) =====
Player 0 initial hand (bidding): ['10C', '8S', '7D', 'KD']
Player 1 initial hand (bidding): ['QD', 'QC', 'JH', '9S']
Player 2 initial hand (bidding): ['QS', '8H', '7H', 'KH']
Player 3 initial hand (bidding): ['9H', 'KC', '8C', '9C']

  Player 0 (Belief Master) analyzing bid:
    Bidding hand (first 4): ['10C', '8S', '7D', 'KD']
    Hand strength: 0.036
    Current bid: 16
Point prediction error: shape '[1, 7, -1]' is invalid for input of size 52
    Point prediction: 0.0 points
    Belief model failed: 'Game28State' object has no attribute 'game_progress'
    Strategy: Belief Model Bidding (NO HEURISTICS)
    Belief model bidding error: 'Game28State' object has no attribute 'game_progress'
Pass: Player 0 (min_allowed=17)
  Player 1 (Belief Expert) analyzing bid:
    Bidding hand (first 4): ['QD', 'QC', 'JH', '9S']
    Hand strength: 0.179
    Current bid: 16
Point prediction error: shape '[1, 7, -1]' is invalid for input of size 52
    Point prediction: 0.0 points
    Belief model failed: 'Game28State' object has no attribute 'game_progress'
    Strategy: Belief Model Bidding (NO HEURISTICS)
    Belief model bidding error: 'Game28State' object has no attribute 'game_progress'
Pass: Player 1 (min_allowed=17)
  Player 2 (Belief Pro) analyzing bid:
    Bidding hand (first 4): ['QS', '8H', '7H', 'KH']
    Hand strength: 0.000
    Current bid: 16
Point prediction error: shape '[1, 7, -1]' is invalid for input of size 52
    Point prediction: 0.0 points
    Belief model failed: 'Game28State' object has no attribute 'game_progress'
    Strategy: Belief Model Bidding (NO HEURISTICS)
    Belief model bidding error: 'Game28State' object has no attribute 'game_progress'
Pass: Player 2 (min_allowed=17)
Auction winner: Player 3 with bid 16
    Strategy: Belief-based trump selection
    Belief-based trump selection error: 'Game28State' object has no attribute 'game_progress'
Bidder sets concealed trump suit: C
Phase: concealed, bidder concealed card: [face-down trump]

Full hands (8 cards each):
Player 0 full hand: ['10C', '8S', '7D', 'KD', '10D', 'AS', 'AH', '7S']
Player 1 full hand: ['QD', 'QC', 'JH', '9S', 'JD', '9D', 'AD', 'JC']
Player 2 full hand: ['QS', '8H', '7H', 'KH', '10S', '10H', '8D', 'KS']
Player 3 full hand: ['9H', 'KC', '8C', 'JS', 'QH', '7C', 'AC']

  Player 0 (Belief Master) choosing card:
    Remaining hand (8 cards): ['10C', '8S', '7D', 'KD', '10D', 'AS', 'AH', '7S']
    Legal cards (7): ['8S', '7D', 'KD', '10D', 'AS', 'AH', '7S']
    Current trick: 0 cards played
    Trump suit: C
    Strategy: Belief Model Card Selection (NO HEURISTICS)
    Belief model card selection error: 'Game28State' object has no attribute 'game_progress'
Player 0 plays 10D
  Player 1 (Belief Expert) choosing card:
    Remaining hand (8 cards): ['QD', 'QC', 'JH', '9S', 'JD', '9D', 'AD', 'JC']
    Legal cards (4): ['QD', 'JD', '9D', 'AD']
    Current trick: 1 cards played
    Lead suit: D
    Trump suit: C
    Strategy: Belief Model Card Selection (NO HEURISTICS)
    Belief model card selection error: 'Game28State' object has no attribute 'game_progress'
Player 1 plays JD
  Player 2 (Belief Pro) choosing card:
    Remaining hand (8 cards): ['QS', '8H', '7H', 'KH', '10S', '10H', '8D', 'KS']
    Legal cards (1): ['8D']
    Current trick: 2 cards played
    Lead suit: D
    Trump suit: C
    Strategy: Belief Model Card Selection (NO HEURISTICS)
    Belief model card selection error: 'Game28State' object has no attribute 'game_progress'
Player 2 plays 8D
  Player 3 (Belief Champion) choosing card:
    Remaining hand (7 cards): ['9H', 'KC', '8C', 'JS', 'QH', '7C', 'AC']
    Legal cards (7): ['9H', 'KC', '8C', 'JS', 'QH', '7C', 'AC']
    Current trick: 3 cards played
    Lead suit: D
    Trump suit: C
    Strategy: Belief Model Card Selection (NO HEURISTICS)
    Belief model card selection error: 'Game28State' object has no attribute 'game_progress'
Player 3 plays JS
Player 1 won the hand: 7 points

  Player 0 (Belief Master) choosing card:
    Remaining hand (7 cards): ['10C', '8S', '7D', 'KD', 'AS', 'AH', '7S']
    Legal cards (6): ['8S', '7D', 'KD', 'AS', 'AH', '7S']
    Current trick: 0 cards played
    Trump suit: C
    Strategy: Belief Model Card Selection (NO HEURISTICS)
    Belief model card selection error: 'Game28State' object has no attribute 'game_progress'
Player 0 plays AS
  Player 1 (Belief Expert) choosing card:
    Remaining hand (7 cards): ['QD', 'QC', 'JH', '9S', '9D', 'AD', 'JC']
    Legal cards (1): ['9S']
    Current trick: 1 cards played
    Lead suit: S
    Trump suit: C
    Strategy: Belief Model Card Selection (NO HEURISTICS)
    Belief model card selection error: 'Game28State' object has no attribute 'game_progress'
Player 1 plays 9S
  Player 2 (Belief Pro) choosing card:
    Remaining hand (7 cards): ['QS', '8H', '7H', 'KH', '10S', '10H', 'KS']
    Legal cards (3): ['QS', '10S', 'KS']
    Current trick: 2 cards played
    Lead suit: S
    Trump suit: C
    Strategy: Belief Model Card Selection (NO HEURISTICS)
    Belief model card selection error: 'Game28State' object has no attribute 'game_progress'
Player 2 plays 10S
  Player 3 (Belief Champion) choosing card:
    Remaining hand (6 cards): ['9H', 'KC', '8C', 'QH', '7C', 'AC']
    Legal cards (6): ['9H', 'KC', '8C', 'QH', '7C', 'AC']
    Current trick: 3 cards played
    Lead suit: S
    Trump suit: C
    Strategy: Belief Model Card Selection (NO HEURISTICS)
    Belief model card selection error: 'Game28State' object has no attribute 'game_progress'
Player 3 plays 9H
Player 1 won the hand: 6 points

  Player 0 (Belief Master) choosing card:
    Remaining hand (6 cards): ['10C', '8S', '7D', 'KD', 'AH', '7S']
    Legal cards (5): ['8S', '7D', 'KD', 'AH', '7S']
    Current trick: 0 cards played
    Trump suit: C
    Strategy: Belief Model Card Selection (NO HEURISTICS)
    Belief model card selection error: 'Game28State' object has no attribute 'game_progress'
Player 0 plays AH
  Player 1 (Belief Expert) choosing card:
    Remaining hand (6 cards): ['QD', 'QC', 'JH', '9D', 'AD', 'JC']
    Legal cards (1): ['JH']
    Current trick: 1 cards played
    Lead suit: H
    Trump suit: C
    Strategy: Belief Model Card Selection (NO HEURISTICS)
    Belief model card selection error: 'Game28State' object has no attribute 'game_progress'
Player 1 plays JH
  Player 2 (Belief Pro) choosing card:
    Remaining hand (6 cards): ['QS', '8H', '7H', 'KH', '10H', 'KS']
    Legal cards (4): ['8H', '7H', 'KH', '10H']
    Current trick: 2 cards played
    Lead suit: H
    Trump suit: C
    Strategy: Belief Model Card Selection (NO HEURISTICS)
    Belief model card selection error: 'Game28State' object has no attribute 'game_progress'
Player 2 plays 10H
  Player 3 (Belief Champion) choosing card:
    Remaining hand (5 cards): ['KC', '8C', 'QH', '7C', 'AC']
    Legal cards (1): ['QH']
    Current trick: 3 cards played
    Lead suit: H
    Trump suit: C
    Strategy: Belief Model Card Selection (NO HEURISTICS)
    Belief model card selection error: 'Game28State' object has no attribute 'game_progress'
Player 3 plays QH
Player 1 won the hand: 5 points

  Player 0 (Belief Master) choosing card:
    Remaining hand (5 cards): ['10C', '8S', '7D', 'KD', '7S']
    Legal cards (4): ['8S', '7D', 'KD', '7S']
    Current trick: 0 cards played
    Trump suit: C
    Strategy: Belief Model Card Selection (NO HEURISTICS)
    Belief model card selection error: 'Game28State' object has no attribute 'game_progress'
Player 0 plays 8S
  Player 1 (Belief Expert) choosing card:
    Remaining hand (5 cards): ['QD', 'QC', '9D', 'AD', 'JC']
    Legal cards (5): ['QD', 'QC', '9D', 'AD', 'JC']
    Current trick: 1 cards played
    Lead suit: S
    Trump suit: C
    Strategy: Belief Model Card Selection (NO HEURISTICS)
    Belief model card selection error: 'Game28State' object has no attribute 'game_progress'
-- Phase 2 begins: Trump revealed as C by Player 1 on trick 4 --
Player 1 plays JC
  Player 2 (Belief Pro) choosing card:
    Remaining hand (5 cards): ['QS', '8H', '7H', 'KH', 'KS']
    Legal cards (2): ['QS', 'KS']
    Current trick: 2 cards played
    Lead suit: S
    Trump suit: C
    Strategy: Belief Model Card Selection (NO HEURISTICS)
    Belief model card selection error: 'Game28State' object has no attribute 'game_progress'
Player 2 plays QS
  Player 3 (Belief Champion) choosing card:
    Remaining hand (5 cards): ['KC', '8C', '7C', 'AC', '9C']
    Legal cards (5): ['KC', '8C', '7C', 'AC', '9C']
    Current trick: 3 cards played
    Lead suit: S
    Trump suit: C
    Strategy: Belief Model Card Selection (NO HEURISTICS)
    Belief model card selection error: 'Game28State' object has no attribute 'game_progress'
Player 3 plays 9C
Player 1 won the hand: 5 points

  Player 0 (Belief Master) choosing card:
    Remaining hand (4 cards): ['10C', '7D', 'KD', '7S']
    Legal cards (4): ['10C', '7D', 'KD', '7S']
    Current trick: 0 cards played
    Trump suit: C
    Strategy: Belief Model Card Selection (NO HEURISTICS)
    Belief model card selection error: 'Game28State' object has no attribute 'game_progress'
Player 0 plays 10C
  Player 1 (Belief Expert) choosing card:
    Remaining hand (4 cards): ['QD', 'QC', '9D', 'AD']
    Legal cards (1): ['QC']
    Current trick: 1 cards played
    Lead suit: C
    Trump suit: C
    Strategy: Belief Model Card Selection (NO HEURISTICS)
    Belief model card selection error: 'Game28State' object has no attribute 'game_progress'
Player 1 plays QC
  Player 2 (Belief Pro) choosing card:
    Remaining hand (4 cards): ['8H', '7H', 'KH', 'KS']
    Legal cards (4): ['8H', '7H', 'KH', 'KS']
    Current trick: 2 cards played
    Lead suit: C
    Trump suit: C
    Strategy: Belief Model Card Selection (NO HEURISTICS)
    Belief model card selection error: 'Game28State' object has no attribute 'game_progress'
Player 2 plays 8H
  Player 3 (Belief Champion) choosing card:
    Remaining hand (4 cards): ['KC', '8C', '7C', 'AC']
    Legal cards (4): ['KC', '8C', '7C', 'AC']
    Current trick: 3 cards played
    Lead suit: C
    Trump suit: C
    Strategy: Belief Model Card Selection (NO HEURISTICS)
    Belief model card selection error: 'Game28State' object has no attribute 'game_progress'
Player 3 plays AC
Player 3 won the hand: 2 points

  Player 0 (Belief Master) choosing card:
    Remaining hand (3 cards): ['7D', 'KD', '7S']
    Legal cards (3): ['7D', 'KD', '7S']
    Current trick: 0 cards played
    Trump suit: C
    Strategy: Belief Model Card Selection (NO HEURISTICS)
    Belief model card selection error: 'Game28State' object has no attribute 'game_progress'
Player 0 plays 7D
  Player 1 (Belief Expert) choosing card:
    Remaining hand (3 cards): ['QD', '9D', 'AD']
    Legal cards (3): ['QD', '9D', 'AD']
    Current trick: 1 cards played
    Lead suit: D
    Trump suit: C
    Strategy: Belief Model Card Selection (NO HEURISTICS)
    Belief model card selection error: 'Game28State' object has no attribute 'game_progress'
Player 1 plays 9D
  Player 2 (Belief Pro) choosing card:
    Remaining hand (3 cards): ['7H', 'KH', 'KS']
    Legal cards (3): ['7H', 'KH', 'KS']
    Current trick: 2 cards played
    Lead suit: D
    Trump suit: C
    Strategy: Belief Model Card Selection (NO HEURISTICS)
    Belief model card selection error: 'Game28State' object has no attribute 'game_progress'
Player 2 plays 7H
  Player 3 (Belief Champion) choosing card:
    Remaining hand (3 cards): ['KC', '8C', '7C']
    Legal cards (3): ['KC', '8C', '7C']
    Current trick: 3 cards played
    Lead suit: D
    Trump suit: C
    Strategy: Belief Model Card Selection (NO HEURISTICS)
    Belief model card selection error: 'Game28State' object has no attribute 'game_progress'
Player 3 plays KC
Player 3 won the hand: 2 points

  Player 0 (Belief Master) choosing card:
    Remaining hand (2 cards): ['KD', '7S']
    Legal cards (2): ['KD', '7S']
    Current trick: 0 cards played
    Trump suit: C
    Strategy: Belief Model Card Selection (NO HEURISTICS)
    Belief model card selection error: 'Game28State' object has no attribute 'game_progress'
Player 0 plays KD
  Player 1 (Belief Expert) choosing card:
    Remaining hand (2 cards): ['QD', 'AD']
    Legal cards (2): ['QD', 'AD']
    Current trick: 1 cards played
    Lead suit: D
    Trump suit: C
    Strategy: Belief Model Card Selection (NO HEURISTICS)
    Belief model card selection error: 'Game28State' object has no attribute 'game_progress'
Player 1 plays AD
  Player 2 (Belief Pro) choosing card:
    Remaining hand (2 cards): ['KH', 'KS']
    Legal cards (2): ['KH', 'KS']
    Current trick: 2 cards played
    Lead suit: D
    Trump suit: C
    Strategy: Belief Model Card Selection (NO HEURISTICS)
    Belief model card selection error: 'Game28State' object has no attribute 'game_progress'
Player 2 plays KH
  Player 3 (Belief Champion) choosing card:
    Remaining hand (2 cards): ['8C', '7C']
    Legal cards (2): ['8C', '7C']
    Current trick: 3 cards played
    Lead suit: D
    Trump suit: C
    Strategy: Belief Model Card Selection (NO HEURISTICS)
    Belief model card selection error: 'Game28State' object has no attribute 'game_progress'
Player 3 plays 8C
Player 3 won the hand: 1 points

  Player 0 (Belief Master) choosing card:
    Remaining hand (1 cards): ['7S']
    Legal cards (1): ['7S']
    Current trick: 0 cards played
    Trump suit: C
    Strategy: Belief Model Card Selection (NO HEURISTICS)
    Belief model card selection error: 'Game28State' object has no attribute 'game_progress'
Player 0 plays 7S
  Player 1 (Belief Expert) choosing card:
    Remaining hand (1 cards): ['QD']
    Legal cards (1): ['QD']
    Current trick: 1 cards played
    Lead suit: S
    Trump suit: C
    Strategy: Belief Model Card Selection (NO HEURISTICS)
    Belief model card selection error: 'Game28State' object has no attribute 'game_progress'
Player 1 plays QD
  Player 2 (Belief Pro) choosing card:
    Remaining hand (1 cards): ['KS']
    Legal cards (1): ['KS']
    Current trick: 2 cards played
    Lead suit: S
    Trump suit: C
    Strategy: Belief Model Card Selection (NO HEURISTICS)
    Belief model card selection error: 'Game28State' object has no attribute 'game_progress'
Player 2 plays KS
  Player 3 (Belief Champion) choosing card:
    Remaining hand (1 cards): ['7C']
    Legal cards (1): ['7C']
    Current trick: 3 cards played
    Lead suit: S
    Trump suit: C
    Strategy: Belief Model Card Selection (NO HEURISTICS)
    Belief model card selection error: 'Game28State' object has no attribute 'game_progress'
Player 3 plays 7C
Player 3 won the hand: 0 points

=== GAME SUMMARY ===
Team A (Players 0 & 2): 0 points
Team B (Players 1 & 3): 28 points
Bidder: Player 3 (Team B)
Winning Bid: 16
Bid Success: YES
Game Winner: Team B (Players 1 & 3)
Total Tricks: 8