
===== GAME 5 (20250824_143718_067) =====
Player 0 initial hand (bidding): ['8H', '8S', '8D', '9C']
Player 1 initial hand (bidding): ['QC', 'AC', '9H', 'JC']
Player 2 initial hand (bidding): ['10S', '7H', 'QH', '7D']
Player 3 initial hand (bidding): ['10D', 'AS', 'KD', 'QS']

  Player 0 (Belief Master) analyzing bid:
    Bidding hand (first 4): ['8H', '8S', '8D', '9C']
    Hand strength: 0.071
    Current bid: 16
Point prediction error: shape '[1, 7, -1]' is invalid for input of size 52
    Point prediction: 0.0 points
    Belief model failed: 'Game28State' object has no attribute 'game_progress'
    Strategy: Belief Model Bidding (NO HEURISTICS)
    Belief model bidding error: 'Game28State' object has no attribute 'game_progress'
Pass: Player 0 (min_allowed=17)
  Player 1 (Belief Expert) analyzing bid:
    Bidding hand (first 4): ['QC', 'AC', '9H', 'JC']
    Hand strength: 0.214
    Current bid: 16
Point prediction error: shape '[1, 7, -1]' is invalid for input of size 52
    Point prediction: 0.0 points
    Belief model failed: 'Game28State' object has no attribute 'game_progress'
    Strategy: Belief Model Bidding (NO HEURISTICS)
    Belief model bidding error: 'Game28State' object has no attribute 'game_progress'
Pass: Player 1 (min_allowed=17)
  Player 2 (Belief Pro) analyzing bid:
    Bidding hand (first 4): ['10S', '7H', 'QH', '7D']
    Hand strength: 0.036
    Current bid: 16
Point prediction error: shape '[1, 7, -1]' is invalid for input of size 52
    Point prediction: 0.0 points
    Belief model failed: 'Game28State' object has no attribute 'game_progress'
    Strategy: Belief Model Bidding (NO HEURISTICS)
    Belief model bidding error: 'Game28State' object has no attribute 'game_progress'
Pass: Player 2 (min_allowed=17)
Auction winner: Player 3 with bid 16
    Strategy: Belief-based trump selection
    Belief-based trump selection error: 'Game28State' object has no attribute 'game_progress'
Bidder sets concealed trump suit: D
Phase: concealed, bidder concealed card: [face-down trump]

Full hands (8 cards each):
Player 0 full hand: ['8H', '8S', '8D', '9C', 'KS', 'JS', '8C', 'JD']
Player 1 full hand: ['QC', 'AC', '9H', 'JC', 'JH', '9D', '9S', '7S']
Player 2 full hand: ['10S', '7H', 'QH', '7D', '10H', '10C', 'AH', '7C']
Player 3 full hand: ['AS', 'KD', 'QS', 'KC', 'KH', 'QD', 'AD']

  Player 0 (Belief Master) choosing card:
    Remaining hand (8 cards): ['8H', '8S', '8D', '9C', 'KS', 'JS', '8C', 'JD']
    Legal cards (6): ['8H', '8S', '9C', 'KS', 'JS', '8C']
    Current trick: 0 cards played
    Trump suit: D
    Strategy: Belief Model Card Selection (NO HEURISTICS)
    Belief model card selection error: 'Game28State' object has no attribute 'game_progress'
Player 0 plays JS
  Player 1 (Belief Expert) choosing card:
    Remaining hand (8 cards): ['QC', 'AC', '9H', 'JC', 'JH', '9D', '9S', '7S']
    Legal cards (2): ['9S', '7S']
    Current trick: 1 cards played
    Lead suit: S
    Trump suit: D
    Strategy: Belief Model Card Selection (NO HEURISTICS)
    Belief model card selection error: 'Game28State' object has no attribute 'game_progress'
Player 1 plays 9S
  Player 2 (Belief Pro) choosing card:
    Remaining hand (8 cards): ['10S', '7H', 'QH', '7D', '10H', '10C', 'AH', '7C']
    Legal cards (1): ['10S']
    Current trick: 2 cards played
    Lead suit: S
    Trump suit: D
    Strategy: Belief Model Card Selection (NO HEURISTICS)
    Belief model card selection error: 'Game28State' object has no attribute 'game_progress'
Player 2 plays 10S
  Player 3 (Belief Champion) choosing card:
    Remaining hand (7 cards): ['AS', 'KD', 'QS', 'KC', 'KH', 'QD', 'AD']
    Legal cards (2): ['AS', 'QS']
    Current trick: 3 cards played
    Lead suit: S
    Trump suit: D
    Strategy: Belief Model Card Selection (NO HEURISTICS)
    Belief model card selection error: 'Game28State' object has no attribute 'game_progress'
Player 3 plays AS
Player 0 won the hand: 7 points

  Player 0 (Belief Master) choosing card:
    Remaining hand (7 cards): ['8H', '8S', '8D', '9C', 'KS', '8C', 'JD']
    Legal cards (5): ['8H', '8S', '9C', 'KS', '8C']
    Current trick: 0 cards played
    Trump suit: D
    Strategy: Belief Model Card Selection (NO HEURISTICS)
    Belief model card selection error: 'Game28State' object has no attribute 'game_progress'
Player 0 plays 9C
  Player 1 (Belief Expert) choosing card:
    Remaining hand (7 cards): ['QC', 'AC', '9H', 'JC', 'JH', '9D', '7S']
    Legal cards (3): ['QC', 'AC', 'JC']
    Current trick: 1 cards played
    Lead suit: C
    Trump suit: D
    Strategy: Belief Model Card Selection (NO HEURISTICS)
    Belief model card selection error: 'Game28State' object has no attribute 'game_progress'
Player 1 plays JC
  Player 2 (Belief Pro) choosing card:
    Remaining hand (7 cards): ['7H', 'QH', '7D', '10H', '10C', 'AH', '7C']
    Legal cards (2): ['10C', '7C']
    Current trick: 2 cards played
    Lead suit: C
    Trump suit: D
    Strategy: Belief Model Card Selection (NO HEURISTICS)
    Belief model card selection error: 'Game28State' object has no attribute 'game_progress'
Player 2 plays 10C
  Player 3 (Belief Champion) choosing card:
    Remaining hand (6 cards): ['KD', 'QS', 'KC', 'KH', 'QD', 'AD']
    Legal cards (1): ['KC']
    Current trick: 3 cards played
    Lead suit: C
    Trump suit: D
    Strategy: Belief Model Card Selection (NO HEURISTICS)
    Belief model card selection error: 'Game28State' object has no attribute 'game_progress'
Player 3 plays KC
Player 1 won the hand: 6 points

  Player 0 (Belief Master) choosing card:
    Remaining hand (6 cards): ['8H', '8S', '8D', 'KS', '8C', 'JD']
    Legal cards (4): ['8H', '8S', 'KS', '8C']
    Current trick: 0 cards played
    Trump suit: D
    Strategy: Belief Model Card Selection (NO HEURISTICS)
    Belief model card selection error: 'Game28State' object has no attribute 'game_progress'
Player 0 plays 8H
  Player 1 (Belief Expert) choosing card:
    Remaining hand (6 cards): ['QC', 'AC', '9H', 'JH', '9D', '7S']
    Legal cards (2): ['9H', 'JH']
    Current trick: 1 cards played
    Lead suit: H
    Trump suit: D
    Strategy: Belief Model Card Selection (NO HEURISTICS)
    Belief model card selection error: 'Game28State' object has no attribute 'game_progress'
Player 1 plays JH
  Player 2 (Belief Pro) choosing card:
    Remaining hand (6 cards): ['7H', 'QH', '7D', '10H', 'AH', '7C']
    Legal cards (4): ['7H', 'QH', '10H', 'AH']
    Current trick: 2 cards played
    Lead suit: H
    Trump suit: D
    Strategy: Belief Model Card Selection (NO HEURISTICS)
    Belief model card selection error: 'Game28State' object has no attribute 'game_progress'
Player 2 plays 10H
  Player 3 (Belief Champion) choosing card:
    Remaining hand (5 cards): ['KD', 'QS', 'KH', 'QD', 'AD']
    Legal cards (1): ['KH']
    Current trick: 3 cards played
    Lead suit: H
    Trump suit: D
    Strategy: Belief Model Card Selection (NO HEURISTICS)
    Belief model card selection error: 'Game28State' object has no attribute 'game_progress'
Player 3 plays KH
Player 1 won the hand: 4 points

  Player 0 (Belief Master) choosing card:
    Remaining hand (5 cards): ['8S', '8D', 'KS', '8C', 'JD']
    Legal cards (3): ['8S', 'KS', '8C']
    Current trick: 0 cards played
    Trump suit: D
    Strategy: Belief Model Card Selection (NO HEURISTICS)
    Belief model card selection error: 'Game28State' object has no attribute 'game_progress'
Player 0 plays 8S
  Player 1 (Belief Expert) choosing card:
    Remaining hand (5 cards): ['QC', 'AC', '9H', '9D', '7S']
    Legal cards (1): ['7S']
    Current trick: 1 cards played
    Lead suit: S
    Trump suit: D
    Strategy: Belief Model Card Selection (NO HEURISTICS)
    Belief model card selection error: 'Game28State' object has no attribute 'game_progress'
Player 1 plays 7S
  Player 2 (Belief Pro) choosing card:
    Remaining hand (5 cards): ['7H', 'QH', '7D', 'AH', '7C']
    Legal cards (5): ['7H', 'QH', '7D', 'AH', '7C']
    Current trick: 2 cards played
    Lead suit: S
    Trump suit: D
    Strategy: Belief Model Card Selection (NO HEURISTICS)
    Belief model card selection error: 'Game28State' object has no attribute 'game_progress'
Player 2 plays AH
  Player 3 (Belief Champion) choosing card:
    Remaining hand (4 cards): ['KD', 'QS', 'QD', 'AD']
    Legal cards (1): ['QS']
    Current trick: 3 cards played
    Lead suit: S
    Trump suit: D
    Strategy: Belief Model Card Selection (NO HEURISTICS)
    Belief model card selection error: 'Game28State' object has no attribute 'game_progress'
Player 3 plays QS
Player 3 won the hand: 1 points

  Player 0 (Belief Master) choosing card:
    Remaining hand (4 cards): ['8D', 'KS', '8C', 'JD']
    Legal cards (2): ['KS', '8C']
    Current trick: 0 cards played
    Trump suit: D
    Strategy: Belief Model Card Selection (NO HEURISTICS)
    Belief model card selection error: 'Game28State' object has no attribute 'game_progress'
Player 0 plays KS
  Player 1 (Belief Expert) choosing card:
    Remaining hand (4 cards): ['QC', 'AC', '9H', '9D']
    Legal cards (4): ['QC', 'AC', '9H', '9D']
    Current trick: 1 cards played
    Lead suit: S
    Trump suit: D
    Strategy: Belief Model Card Selection (NO HEURISTICS)
    Belief model card selection error: 'Game28State' object has no attribute 'game_progress'
Player 1 plays 9H
  Player 2 (Belief Pro) choosing card:
    Remaining hand (4 cards): ['7H', 'QH', '7D', '7C']
    Legal cards (4): ['7H', 'QH', '7D', '7C']
    Current trick: 2 cards played
    Lead suit: S
    Trump suit: D
    Strategy: Belief Model Card Selection (NO HEURISTICS)
    Belief model card selection error: 'Game28State' object has no attribute 'game_progress'
Player 2 plays 7H
  Player 3 (Belief Champion) choosing card:
    Remaining hand (3 cards): ['KD', 'QD', 'AD']
    Legal cards (3): ['KD', 'QD', 'AD']
    Current trick: 3 cards played
    Lead suit: S
    Trump suit: D
    Strategy: Belief Model Card Selection (NO HEURISTICS)
    Belief model card selection error: 'Game28State' object has no attribute 'game_progress'
-- Phase 2 begins: Trump revealed as D by Player 3 on trick 5 --
Player 3 plays AD
Player 3 won the hand: 3 points

  Player 0 (Belief Master) choosing card:
    Remaining hand (3 cards): ['8D', '8C', 'JD']
    Legal cards (3): ['8D', '8C', 'JD']
    Current trick: 0 cards played
    Trump suit: D
    Strategy: Belief Model Card Selection (NO HEURISTICS)
    Belief model card selection error: 'Game28State' object has no attribute 'game_progress'
Player 0 plays JD
  Player 1 (Belief Expert) choosing card:
    Remaining hand (3 cards): ['QC', 'AC', '9D']
    Legal cards (1): ['9D']
    Current trick: 1 cards played
    Lead suit: D
    Trump suit: D
    Strategy: Belief Model Card Selection (NO HEURISTICS)
    Belief model card selection error: 'Game28State' object has no attribute 'game_progress'
Player 1 plays 9D
  Player 2 (Belief Pro) choosing card:
    Remaining hand (3 cards): ['QH', '7D', '7C']
    Legal cards (1): ['7D']
    Current trick: 2 cards played
    Lead suit: D
    Trump suit: D
    Strategy: Belief Model Card Selection (NO HEURISTICS)
    Belief model card selection error: 'Game28State' object has no attribute 'game_progress'
Player 2 plays 7D
  Player 3 (Belief Champion) choosing card:
    Remaining hand (3 cards): ['KD', 'QD', '10D']
    Legal cards (3): ['KD', 'QD', '10D']
    Current trick: 3 cards played
    Lead suit: D
    Trump suit: D
    Strategy: Belief Model Card Selection (NO HEURISTICS)
    Belief model card selection error: 'Game28State' object has no attribute 'game_progress'
Player 3 plays 10D
Player 0 won the hand: 6 points

  Player 0 (Belief Master) choosing card:
    Remaining hand (2 cards): ['8D', '8C']
    Legal cards (2): ['8D', '8C']
    Current trick: 0 cards played
    Trump suit: D
    Strategy: Belief Model Card Selection (NO HEURISTICS)
    Belief model card selection error: 'Game28State' object has no attribute 'game_progress'
Player 0 plays 8D
  Player 1 (Belief Expert) choosing card:
    Remaining hand (2 cards): ['QC', 'AC']
    Legal cards (2): ['QC', 'AC']
    Current trick: 1 cards played
    Lead suit: D
    Trump suit: D
    Strategy: Belief Model Card Selection (NO HEURISTICS)
    Belief model card selection error: 'Game28State' object has no attribute 'game_progress'
Player 1 plays AC
  Player 2 (Belief Pro) choosing card:
    Remaining hand (2 cards): ['QH', '7C']
    Legal cards (2): ['QH', '7C']
    Current trick: 2 cards played
    Lead suit: D
    Trump suit: D
    Strategy: Belief Model Card Selection (NO HEURISTICS)
    Belief model card selection error: 'Game28State' object has no attribute 'game_progress'
Player 2 plays QH
  Player 3 (Belief Champion) choosing card:
    Remaining hand (2 cards): ['KD', 'QD']
    Legal cards (2): ['KD', 'QD']
    Current trick: 3 cards played
    Lead suit: D
    Trump suit: D
    Strategy: Belief Model Card Selection (NO HEURISTICS)
    Belief model card selection error: 'Game28State' object has no attribute 'game_progress'
Player 3 plays KD
Player 3 won the hand: 1 points

  Player 0 (Belief Master) choosing card:
    Remaining hand (1 cards): ['8C']
    Legal cards (1): ['8C']
    Current trick: 0 cards played
    Trump suit: D
    Strategy: Belief Model Card Selection (NO HEURISTICS)
    Belief model card selection error: 'Game28State' object has no attribute 'game_progress'
Player 0 plays 8C
  Player 1 (Belief Expert) choosing card:
    Remaining hand (1 cards): ['QC']
    Legal cards (1): ['QC']
    Current trick: 1 cards played
    Lead suit: C
    Trump suit: D
    Strategy: Belief Model Card Selection (NO HEURISTICS)
    Belief model card selection error: 'Game28State' object has no attribute 'game_progress'
Player 1 plays QC
  Player 2 (Belief Pro) choosing card:
    Remaining hand (1 cards): ['7C']
    Legal cards (1): ['7C']
    Current trick: 2 cards played
    Lead suit: C
    Trump suit: D
    Strategy: Belief Model Card Selection (NO HEURISTICS)
    Belief model card selection error: 'Game28State' object has no attribute 'game_progress'
Player 2 plays 7C
  Player 3 (Belief Champion) choosing card:
    Remaining hand (1 cards): ['QD']
    Legal cards (1): ['QD']
    Current trick: 3 cards played
    Lead suit: C
    Trump suit: D
    Strategy: Belief Model Card Selection (NO HEURISTICS)
    Belief model card selection error: 'Game28State' object has no attribute 'game_progress'
Player 3 plays QD
Player 3 won the hand: 0 points

=== GAME SUMMARY ===
Team A (Players 0 & 2): 13 points
Team B (Players 1 & 3): 15 points
Bidder: Player 3 (Team B)
Winning Bid: 16
Bid Success: NO
Game Winner: Team B (Players 1 & 3)
Total Tricks: 8