
===== GAME 1 (20250825_095225_878) =====
Player 0 initial hand (bidding): ['8H', 'JH', '9C', 'AD']
Player 1 initial hand (bidding): ['QS', 'AH', '9H', '8C']
Player 2 initial hand (bidding): ['QH', '9S', '10H', 'AS']
Player 3 initial hand (bidding): ['8S', 'QD', 'KD', '10D']

  Player 0 (Belief Master) analyzing bid:
    Bidding hand (first 4): ['8H', 'JH', '9C', 'AD']
    Hand strength: 0.214
    Current bid: 16
    Point prediction: -0.0 points
    Belief model: Opponent hand probabilities calculated
    Strategy: Belief Model Bidding (NO HEURISTICS)
    Belief model predictions obtained
    Pass evaluation score: 0.000
    Bid 17 evaluation score: -0.832
    Bid 18 evaluation score: -0.832
    Bid 19 evaluation score: -0.832
    Best decision: PASS (score: 0.000)
Pass: Player 0 (min_allowed=17)
  Player 1 (Belief Expert) analyzing bid:
    Bidding hand (first 4): ['QS', 'AH', '9H', '8C']
    Hand strength: 0.107
    Current bid: 16
    Point prediction: -0.0 points
    Belief model: Opponent hand probabilities calculated
    Strategy: Belief Model Bidding (NO HEURISTICS)
    Belief model predictions obtained
    Pass evaluation score: 0.000
    Bid 17 evaluation score: -0.834
    Bid 18 evaluation score: -0.834
    Bid 19 evaluation score: -0.834
    Best decision: PASS (score: 0.000)
Pass: Player 1 (min_allowed=17)
  Player 2 (Belief Pro) analyzing bid:
    Bidding hand (first 4): ['QH', '9S', '10H', 'AS']
    Hand strength: 0.143
    Current bid: 16
    Point prediction: -0.0 points
    Belief model: Opponent hand probabilities calculated
    Strategy: Belief Model Bidding (NO HEURISTICS)
    Belief model predictions obtained
    Pass evaluation score: 0.000
    Bid 17 evaluation score: -0.832
    Bid 18 evaluation score: -0.832
    Bid 19 evaluation score: -0.832
    Best decision: PASS (score: 0.000)
Pass: Player 2 (min_allowed=17)
Auction winner: Player 3 with bid 16
    Strategy: Belief-based trump selection
    Selected trump: D (score: 6.10)
Bidder sets concealed trump suit: D
Phase: concealed, bidder concealed card: [face-down trump]

Full hands (8 cards each):
Player 0 full hand: ['8H', 'JH', '9C', 'AD', 'KC', '7S', 'KS', '10S']
Player 1 full hand: ['QS', 'AH', '9H', '8C', 'QC', '9D', 'JS', '7C']
Player 2 full hand: ['QH', '9S', '10H', 'AS', 'JC', '7H', '7D', '10C']
Player 3 full hand: ['8S', 'QD', 'KD', 'KH', 'AC', '8D', 'JD']

  Player 0 (Belief Master) choosing card:
    Remaining hand (8 cards): ['8H', 'JH', '9C', 'AD', 'KC', '7S', 'KS', '10S']
    Legal cards (7): ['8H', 'JH', '9C', 'KC', '7S', 'KS', '10S']
    Current trick: 0 cards played
    Trump suit: D
    Strategy: Belief Model Card Selection (NO HEURISTICS)
    Belief model predictions obtained
    Evaluating card 1/7: 8H
      Belief model score: 1.000
    Evaluating card 2/7: JH
      Belief model score: 3.000
    Evaluating card 3/7: 9C
      Belief model score: 3.000
    Evaluating card 4/7: KC
      Belief model score: 1.000
    Evaluating card 5/7: 7S
      Belief model score: 1.000
    Evaluating card 6/7: KS
      Belief model score: 1.000
    Evaluating card 7/7: 10S
      Belief model score: 1.000
    Belief model evaluation completed
    Best card: JH (score: 3.000)
Player 0 plays JH
  Player 1 (Belief Expert) choosing card:
    Remaining hand (8 cards): ['QS', 'AH', '9H', '8C', 'QC', '9D', 'JS', '7C']
    Legal cards (2): ['AH', '9H']
    Current trick: 1 cards played
    Lead suit: H
    Trump suit: D
    Strategy: Belief Model Card Selection (NO HEURISTICS)
    Belief model predictions obtained
    Evaluating card 1/2: AH
      Belief model score: 3.000
    Evaluating card 2/2: 9H
      Belief model score: 4.000
    Belief model evaluation completed
    Best card: 9H (score: 4.000)
Player 1 plays 9H
  Player 2 (Belief Pro) choosing card:
    Remaining hand (8 cards): ['QH', '9S', '10H', 'AS', 'JC', '7H', '7D', '10C']
    Legal cards (3): ['QH', '10H', '7H']
    Current trick: 2 cards played
    Lead suit: H
    Trump suit: D
    Strategy: Belief Model Card Selection (NO HEURISTICS)
    Belief model predictions obtained
    Evaluating card 1/3: QH
      Belief model score: 1.000
    Evaluating card 2/3: 10H
      Belief model score: 2.000
    Evaluating card 3/3: 7H
      Belief model score: 2.000
    Belief model evaluation completed
    Best card: 10H (score: 2.000)
Player 2 plays 10H
  Player 3 (Belief Champion) choosing card:
    Remaining hand (7 cards): ['8S', 'QD', 'KD', 'KH', 'AC', '8D', 'JD']
    Legal cards (1): ['KH']
    Current trick: 3 cards played
    Lead suit: H
    Trump suit: D
    Strategy: Belief Model Card Selection (NO HEURISTICS)
    Belief model predictions obtained
    Evaluating card 1/1: KH
      Belief model score: 2.000
    Belief model evaluation completed
    Best card: KH (score: 2.000)
Player 3 plays KH
Player 0 won the hand: 6 points

  Player 0 (Belief Master) choosing card:
    Remaining hand (7 cards): ['8H', '9C', 'AD', 'KC', '7S', 'KS', '10S']
    Legal cards (6): ['8H', '9C', 'KC', '7S', 'KS', '10S']
    Current trick: 0 cards played
    Trump suit: D
    Strategy: Belief Model Card Selection (NO HEURISTICS)
    Belief model predictions obtained
    Evaluating card 1/6: 8H
      Belief model score: 1.000
    Evaluating card 2/6: 9C
      Belief model score: 3.000
    Evaluating card 3/6: KC
      Belief model score: 1.000
    Evaluating card 4/6: 7S
      Belief model score: 1.000
    Evaluating card 5/6: KS
      Belief model score: 1.000
    Evaluating card 6/6: 10S
      Belief model score: 1.000
    Belief model evaluation completed
    Best card: 9C (score: 3.000)
Player 0 plays 9C
  Player 1 (Belief Expert) choosing card:
    Remaining hand (7 cards): ['QS', 'AH', '8C', 'QC', '9D', 'JS', '7C']
    Legal cards (3): ['8C', 'QC', '7C']
    Current trick: 1 cards played
    Lead suit: C
    Trump suit: D
    Strategy: Belief Model Card Selection (NO HEURISTICS)
    Belief model predictions obtained
    Evaluating card 1/3: 8C
      Belief model score: 2.000
    Evaluating card 2/3: QC
      Belief model score: 1.000
    Evaluating card 3/3: 7C
      Belief model score: 2.000
    Belief model evaluation completed
    Best card: 8C (score: 2.000)
Player 1 plays 8C
  Player 2 (Belief Pro) choosing card:
    Remaining hand (7 cards): ['QH', '9S', 'AS', 'JC', '7H', '7D', '10C']
    Legal cards (2): ['JC', '10C']
    Current trick: 2 cards played
    Lead suit: C
    Trump suit: D
    Strategy: Belief Model Card Selection (NO HEURISTICS)
    Belief model predictions obtained
    Evaluating card 1/2: JC
      Belief model score: 8.000
    Evaluating card 2/2: 10C
      Belief model score: 2.000
    Belief model evaluation completed
    Best card: JC (score: 8.000)
Player 2 plays JC
  Player 3 (Belief Champion) choosing card:
    Remaining hand (6 cards): ['8S', 'QD', 'KD', 'AC', '8D', 'JD']
    Legal cards (1): ['AC']
    Current trick: 3 cards played
    Lead suit: C
    Trump suit: D
    Strategy: Belief Model Card Selection (NO HEURISTICS)
    Belief model predictions obtained
    Evaluating card 1/1: AC
      Belief model score: 3.000
    Belief model evaluation completed
    Best card: AC (score: 3.000)
Player 3 plays AC
Player 2 won the hand: 6 points

  Player 0 (Belief Master) choosing card:
    Remaining hand (6 cards): ['8H', 'AD', 'KC', '7S', 'KS', '10S']
    Legal cards (5): ['8H', 'KC', '7S', 'KS', '10S']
    Current trick: 0 cards played
    Trump suit: D
    Strategy: Belief Model Card Selection (NO HEURISTICS)
    Belief model predictions obtained
    Evaluating card 1/5: 8H
      Belief model score: 1.000
    Evaluating card 2/5: KC
      Belief model score: 1.000
    Evaluating card 3/5: 7S
      Belief model score: 1.000
    Evaluating card 4/5: KS
      Belief model score: 1.000
    Evaluating card 5/5: 10S
      Belief model score: 1.000
    Belief model evaluation completed
    Best card: 8H (score: 1.000)
Player 0 plays 8H
  Player 1 (Belief Expert) choosing card:
    Remaining hand (6 cards): ['QS', 'AH', 'QC', '9D', 'JS', '7C']
    Legal cards (1): ['AH']
    Current trick: 1 cards played
    Lead suit: H
    Trump suit: D
    Strategy: Belief Model Card Selection (NO HEURISTICS)
    Belief model predictions obtained
    Evaluating card 1/1: AH
      Belief model score: 7.000
    Belief model evaluation completed
    Best card: AH (score: 7.000)
Player 1 plays AH
  Player 2 (Belief Pro) choosing card:
    Remaining hand (6 cards): ['QH', '9S', 'AS', '7H', '7D', '10C']
    Legal cards (2): ['QH', '7H']
    Current trick: 2 cards played
    Lead suit: H
    Trump suit: D
    Strategy: Belief Model Card Selection (NO HEURISTICS)
    Belief model predictions obtained
    Evaluating card 1/2: QH
      Belief model score: 1.000
    Evaluating card 2/2: 7H
      Belief model score: 2.000
    Belief model evaluation completed
    Best card: 7H (score: 2.000)
Player 2 plays 7H
  Player 3 (Belief Champion) choosing card:
    Remaining hand (5 cards): ['8S', 'QD', 'KD', '8D', 'JD']
    Legal cards (5): ['8S', 'QD', 'KD', '8D', 'JD']
    Current trick: 3 cards played
    Lead suit: H
    Trump suit: D
    Strategy: Belief Model Card Selection (NO HEURISTICS)
    Belief model predictions obtained
    Evaluating card 1/5: 8S
      Belief model score: 1.500
    Evaluating card 2/5: QD
      Belief model score: 3.000
    Evaluating card 3/5: KD
      Belief model score: 4.000
    Evaluating card 4/5: 8D
      Belief model score: 4.000
    Evaluating card 5/5: JD
      Belief model score: 10.000
    Belief model evaluation completed
    Best card: JD (score: 10.000)
-- Phase 2 begins: Trump revealed as D by Player 3 on trick 3 --
Player 3 plays JD
Player 3 won the hand: 4 points

  Player 0 (Belief Master) choosing card:
    Remaining hand (5 cards): ['AD', 'KC', '7S', 'KS', '10S']
    Legal cards (5): ['AD', 'KC', '7S', 'KS', '10S']
    Current trick: 0 cards played
    Trump suit: D
    Strategy: Belief Model Card Selection (NO HEURISTICS)
    Belief model predictions obtained
    Evaluating card 1/5: AD
      Belief model score: 3.000
    Evaluating card 2/5: KC
      Belief model score: 0.000
    Evaluating card 3/5: 7S
      Belief model score: 1.000
    Evaluating card 4/5: KS
      Belief model score: 0.000
    Evaluating card 5/5: 10S
      Belief model score: 1.000
    Belief model evaluation completed
    Best card: AD (score: 3.000)
Player 0 plays AD
  Player 1 (Belief Expert) choosing card:
    Remaining hand (5 cards): ['QS', 'QC', '9D', 'JS', '7C']
    Legal cards (1): ['9D']
    Current trick: 1 cards played
    Lead suit: D
    Trump suit: D
    Strategy: Belief Model Card Selection (NO HEURISTICS)
    Belief model predictions obtained
    Evaluating card 1/1: 9D
      Belief model score: 10.000
    Belief model evaluation completed
    Best card: 9D (score: 10.000)
Player 1 plays 9D
  Player 2 (Belief Pro) choosing card:
    Remaining hand (5 cards): ['QH', '9S', 'AS', '7D', '10C']
    Legal cards (1): ['7D']
    Current trick: 2 cards played
    Lead suit: D
    Trump suit: D
    Strategy: Belief Model Card Selection (NO HEURISTICS)
    Belief model predictions obtained
    Evaluating card 1/1: 7D
      Belief model score: 4.000
    Belief model evaluation completed
    Best card: 7D (score: 4.000)
Player 2 plays 7D
  Player 3 (Belief Champion) choosing card:
    Remaining hand (5 cards): ['8S', 'QD', 'KD', '8D', '10D']
    Legal cards (4): ['QD', 'KD', '8D', '10D']
    Current trick: 3 cards played
    Lead suit: D
    Trump suit: D
    Strategy: Belief Model Card Selection (NO HEURISTICS)
    Belief model predictions obtained
    Evaluating card 1/4: QD
      Belief model score: 3.000
    Evaluating card 2/4: KD
      Belief model score: 3.000
    Evaluating card 3/4: 8D
      Belief model score: 4.000
    Evaluating card 4/4: 10D
      Belief model score: 4.000
    Belief model evaluation completed
    Best card: 8D (score: 4.000)
Player 3 plays 8D
Player 1 won the hand: 3 points

  Player 0 (Belief Master) choosing card:
    Remaining hand (4 cards): ['KC', '7S', 'KS', '10S']
    Legal cards (4): ['KC', '7S', 'KS', '10S']
    Current trick: 0 cards played
    Trump suit: D
    Strategy: Belief Model Card Selection (NO HEURISTICS)
    Belief model predictions obtained
    Evaluating card 1/4: KC
      Belief model score: 0.000
    Evaluating card 2/4: 7S
      Belief model score: 1.000
    Evaluating card 3/4: KS
      Belief model score: 0.000
    Evaluating card 4/4: 10S
      Belief model score: 1.000
    Belief model evaluation completed
    Best card: 7S (score: 1.000)
Player 0 plays 7S
  Player 1 (Belief Expert) choosing card:
    Remaining hand (4 cards): ['QS', 'QC', 'JS', '7C']
    Legal cards (2): ['QS', 'JS']
    Current trick: 1 cards played
    Lead suit: S
    Trump suit: D
    Strategy: Belief Model Card Selection (NO HEURISTICS)
    Belief model predictions obtained
    Evaluating card 1/2: QS
      Belief model score: 1.000
    Evaluating card 2/2: JS
      Belief model score: 8.000
    Belief model evaluation completed
    Best card: JS (score: 8.000)
Player 1 plays JS
  Player 2 (Belief Pro) choosing card:
    Remaining hand (4 cards): ['QH', '9S', 'AS', '10C']
    Legal cards (2): ['9S', 'AS']
    Current trick: 2 cards played
    Lead suit: S
    Trump suit: D
    Strategy: Belief Model Card Selection (NO HEURISTICS)
    Belief model predictions obtained
    Evaluating card 1/2: 9S
      Belief model score: 4.000
    Evaluating card 2/2: AS
      Belief model score: 2.000
    Belief model evaluation completed
    Best card: 9S (score: 4.000)
Player 2 plays 9S
  Player 3 (Belief Champion) choosing card:
    Remaining hand (4 cards): ['8S', 'QD', 'KD', '10D']
    Legal cards (1): ['8S']
    Current trick: 3 cards played
    Lead suit: S
    Trump suit: D
    Strategy: Belief Model Card Selection (NO HEURISTICS)
    Belief model predictions obtained
    Evaluating card 1/1: 8S
      Belief model score: 2.000
    Belief model evaluation completed
    Best card: 8S (score: 2.000)
Player 3 plays 8S
Player 1 won the hand: 5 points

  Player 0 (Belief Master) choosing card:
    Remaining hand (3 cards): ['KC', 'KS', '10S']
    Legal cards (3): ['KC', 'KS', '10S']
    Current trick: 0 cards played
    Trump suit: D
    Strategy: Belief Model Card Selection (NO HEURISTICS)
    Belief model predictions obtained
    Evaluating card 1/3: KC
      Belief model score: 0.000
    Evaluating card 2/3: KS
      Belief model score: 6.000
    Evaluating card 3/3: 10S
      Belief model score: 7.000
    Belief model evaluation completed
    Best card: 10S (score: 7.000)
Player 0 plays 10S
  Player 1 (Belief Expert) choosing card:
    Remaining hand (3 cards): ['QS', 'QC', '7C']
    Legal cards (1): ['QS']
    Current trick: 1 cards played
    Lead suit: S
    Trump suit: D
    Strategy: Belief Model Card Selection (NO HEURISTICS)
    Belief model predictions obtained
    Evaluating card 1/1: QS
      Belief model score: 7.000
    Belief model evaluation completed
    Best card: QS (score: 7.000)
Player 1 plays QS
  Player 2 (Belief Pro) choosing card:
    Remaining hand (3 cards): ['QH', 'AS', '10C']
    Legal cards (1): ['AS']
    Current trick: 2 cards played
    Lead suit: S
    Trump suit: D
    Strategy: Belief Model Card Selection (NO HEURISTICS)
    Belief model predictions obtained
    Evaluating card 1/1: AS
      Belief model score: 8.000
    Belief model evaluation completed
    Best card: AS (score: 8.000)
Player 2 plays AS
  Player 3 (Belief Champion) choosing card:
    Remaining hand (3 cards): ['QD', 'KD', '10D']
    Legal cards (3): ['QD', 'KD', '10D']
    Current trick: 3 cards played
    Lead suit: S
    Trump suit: D
    Strategy: Belief Model Card Selection (NO HEURISTICS)
    Belief model predictions obtained
    Evaluating card 1/3: QD
      Belief model score: 5.000
    Evaluating card 2/3: KD
      Belief model score: 5.000
    Evaluating card 3/3: 10D
      Belief model score: 6.000
    Belief model evaluation completed
    Best card: 10D (score: 6.000)
Player 3 plays 10D
Player 3 won the hand: 3 points

  Player 0 (Belief Master) choosing card:
    Remaining hand (2 cards): ['KC', 'KS']
    Legal cards (2): ['KC', 'KS']
    Current trick: 0 cards played
    Trump suit: D
    Strategy: Belief Model Card Selection (NO HEURISTICS)
    Belief model predictions obtained
    Evaluating card 1/2: KC
      Belief model score: 0.000
    Evaluating card 2/2: KS
      Belief model score: 6.000
    Belief model evaluation completed
    Best card: KS (score: 6.000)
Player 0 plays KS
  Player 1 (Belief Expert) choosing card:
    Remaining hand (2 cards): ['QC', '7C']
    Legal cards (2): ['QC', '7C']
    Current trick: 1 cards played
    Lead suit: S
    Trump suit: D
    Strategy: Belief Model Card Selection (NO HEURISTICS)
    Belief model predictions obtained
    Evaluating card 1/2: QC
      Belief model score: 0.500
    Evaluating card 2/2: 7C
      Belief model score: 1.500
    Belief model evaluation completed
    Best card: 7C (score: 1.500)
Player 1 plays 7C
  Player 2 (Belief Pro) choosing card:
    Remaining hand (2 cards): ['QH', '10C']
    Legal cards (2): ['QH', '10C']
    Current trick: 2 cards played
    Lead suit: S
    Trump suit: D
    Strategy: Belief Model Card Selection (NO HEURISTICS)
    Belief model predictions obtained
    Evaluating card 1/2: QH
      Belief model score: 0.500
    Evaluating card 2/2: 10C
      Belief model score: 1.500
    Belief model evaluation completed
    Best card: 10C (score: 1.500)
Player 2 plays 10C
  Player 3 (Belief Champion) choosing card:
    Remaining hand (2 cards): ['QD', 'KD']
    Legal cards (2): ['QD', 'KD']
    Current trick: 3 cards played
    Lead suit: S
    Trump suit: D
    Strategy: Belief Model Card Selection (NO HEURISTICS)
    Belief model predictions obtained
    Evaluating card 1/2: QD
      Belief model score: 5.000
    Evaluating card 2/2: KD
      Belief model score: 5.000
    Belief model evaluation completed
    Best card: QD (score: 5.000)
Player 3 plays QD
Player 3 won the hand: 1 points

  Player 0 (Belief Master) choosing card:
    Remaining hand (1 cards): ['KC']
    Legal cards (1): ['KC']
    Current trick: 0 cards played
    Trump suit: D
    Strategy: Belief Model Card Selection (NO HEURISTICS)
    Belief model predictions obtained
    Evaluating card 1/1: KC
      Belief model score: 0.000
    Belief model evaluation completed
    Best card: KC (score: 0.000)
Player 0 plays KC
  Player 1 (Belief Expert) choosing card:
    Remaining hand (1 cards): ['QC']
    Legal cards (1): ['QC']
    Current trick: 1 cards played
    Lead suit: C
    Trump suit: D
    Strategy: Belief Model Card Selection (NO HEURISTICS)
    Belief model predictions obtained
    Evaluating card 1/1: QC
      Belief model score: 7.000
    Belief model evaluation completed
    Best card: QC (score: 7.000)
Player 1 plays QC
  Player 2 (Belief Pro) choosing card:
    Remaining hand (1 cards): ['QH']
    Legal cards (1): ['QH']
    Current trick: 2 cards played
    Lead suit: C
    Trump suit: D
    Strategy: Belief Model Card Selection (NO HEURISTICS)
    Belief model predictions obtained
    Evaluating card 1/1: QH
      Belief model score: 0.500
    Belief model evaluation completed
    Best card: QH (score: 0.500)
Player 2 plays QH
  Player 3 (Belief Champion) choosing card:
    Remaining hand (1 cards): ['KD']
    Legal cards (1): ['KD']
    Current trick: 3 cards played
    Lead suit: C
    Trump suit: D
    Strategy: Belief Model Card Selection (NO HEURISTICS)
    Belief model predictions obtained
    Evaluating card 1/1: KD
      Belief model score: 5.000
    Belief model evaluation completed
    Best card: KD (score: 5.000)
Player 3 plays KD
Player 3 won the hand: 0 points

=== GAME SUMMARY ===
Team A (Players 0 & 2): 12 points
Team B (Players 1 & 3): 16 points
Bidder: Player 3 (Team B)
Winning Bid: 16
Bid Success: YES
Game Winner: Team B (Players 1 & 3)
Total Tricks: 8