
===== GAME 8 (20250823_154830_321) =====
Player 0 initial hand (bidding): ['10D', '10H', '7D', 'AH']
Player 1 initial hand (bidding): ['7S', 'KH', 'KC', 'QD']
Player 2 initial hand (bidding): ['AS', 'AC', 'JS', '7C']
Player 3 initial hand (bidding): ['8S', '9S', 'JC', '9C']

Full hands (8 cards each):
Player 0 full hand: ['10D', '10H', '7D', 'AH']
Player 1 full hand: ['7S', 'KH', 'KC', 'QD']
Player 2 full hand: ['AS', 'AC', 'JS', '7C']
Player 3 full hand: ['8S', '9S', 'JC', '9C']

  Player 0 (AI Master) analyzing bid:
    Bidding hand (first 4): ['10D', '10H', '7D', 'AH']
    Full hand (8 cards): ['10D', '10H', '7D', 'AH']
    Hand strength: 0.107
    Current bid: 16
    Point prediction: 13.8 points
    Strategy: ISMCTS bidding (2000 iterations, 8 samples)
    MCTS state prepared with 4 cards
      ISMCTS evaluation error: 'TwentyEightEnv' object has no attribute 'game_score'
    Pass evaluation score: 0.000
      ISMCTS evaluation error: 'TwentyEightEnv' object has no attribute 'game_score'
    Bid 17 evaluation score: -1.000
      ISMCTS evaluation error: 'TwentyEightEnv' object has no attribute 'game_score'
    Bid 18 evaluation score: -1.000
      ISMCTS evaluation error: 'TwentyEightEnv' object has no attribute 'game_score'
    Bid 19 evaluation score: -1.000
    Best decision: PASS (score: 0.000)
Pass: Player 0 (min_allowed=17)
  Player 1 (RL Expert) analyzing bid:
    Bidding hand (first 4): ['7S', 'KH', 'KC', 'QD']
    Full hand (8 cards): ['7S', 'KH', 'KC', 'QD']
    Hand strength: 0.000
    Current bid: 16
    Point prediction: 13.3 points
    Strategy: ISMCTS bidding (1500 iterations, 6 samples)
    MCTS state prepared with 4 cards
      ISMCTS evaluation error: 'TwentyEightEnv' object has no attribute 'game_score'
    Pass evaluation score: 0.000
      ISMCTS evaluation error: 'TwentyEightEnv' object has no attribute 'game_score'
    Bid 17 evaluation score: -1.000
      ISMCTS evaluation error: 'TwentyEightEnv' object has no attribute 'game_score'
    Bid 18 evaluation score: -1.000
      ISMCTS evaluation error: 'TwentyEightEnv' object has no attribute 'game_score'
    Bid 19 evaluation score: -1.000
    Best decision: PASS (score: 0.000)
Pass: Player 1 (min_allowed=17)
  Player 2 (MCTS Master) analyzing bid:
    Bidding hand (first 4): ['AS', 'AC', 'JS', '7C']
    Full hand (8 cards): ['AS', 'AC', 'JS', '7C']
    Hand strength: 0.179
    Current bid: 16
    Point prediction: 14.2 points
    Strategy: ISMCTS bidding (3000 iterations, 10 samples)
    MCTS state prepared with 4 cards
      ISMCTS evaluation error: 'TwentyEightEnv' object has no attribute 'game_score'
    Pass evaluation score: 0.000
      ISMCTS evaluation error: 'TwentyEightEnv' object has no attribute 'game_score'
    Bid 17 evaluation score: -1.000
      ISMCTS evaluation error: 'TwentyEightEnv' object has no attribute 'game_score'
    Bid 18 evaluation score: -1.000
      ISMCTS evaluation error: 'TwentyEightEnv' object has no attribute 'game_score'
    Bid 19 evaluation score: -1.000
    Best decision: PASS (score: 0.000)
Pass: Player 2 (min_allowed=17)
Auction winner: Player 3 with bid 16
Bidder sets concealed trump suit: C
Phase: concealed, bidder concealed card: [face-down trump]

  Player 0 (AI Master) choosing card:
    Remaining hand (8 cards): ['10D', '10H', '7D', 'AH', '8C', '7H', '9D', 'JD']
    Legal cards (7): ['10D', '10H', '7D', 'AH', '7H', '9D', 'JD']
    Current trick: 0 cards played
    Trump suit: C
    Strategy: ISMCTS card selection (2000 iterations, 8 samples)
    Evaluating card 1/7: 10D
      ISMCTS card evaluation error: not enough values to unpack (expected 5, got 4)
      ISMCTS score: 1.000
    Evaluating card 2/7: 10H
      ISMCTS card evaluation error: not enough values to unpack (expected 5, got 4)
      ISMCTS score: 1.000
    Evaluating card 3/7: 7D
      ISMCTS card evaluation error: not enough values to unpack (expected 5, got 4)
      ISMCTS score: 0.000
    Evaluating card 4/7: AH
      ISMCTS card evaluation error: not enough values to unpack (expected 5, got 4)
      ISMCTS score: 2.000
    Evaluating card 5/7: 7H
      ISMCTS card evaluation error: not enough values to unpack (expected 5, got 4)
      ISMCTS score: 0.000
    Evaluating card 6/7: 9D
      ISMCTS card evaluation error: not enough values to unpack (expected 5, got 4)
      ISMCTS score: 2.000
    Evaluating card 7/7: JD
      ISMCTS card evaluation error: not enough values to unpack (expected 5, got 4)
      ISMCTS score: 3.000
    ISMCTS evaluation completed in 0.003s
    Best card: JD (score: 3.000)
Player 0 plays JD
  Player 1 (RL Expert) choosing card:
    Remaining hand (8 cards): ['7S', 'KH', 'KC', 'QD', '8H', 'QH', '8D', 'KD']
    Legal cards (3): ['QD', '8D', 'KD']
    Current trick: 1 cards played
    Lead suit: D
    Trump suit: C
    Strategy: ISMCTS card selection (1500 iterations, 6 samples)
    Evaluating card 1/3: QD
      ISMCTS card evaluation error: not enough values to unpack (expected 5, got 4)
      ISMCTS score: 1.000
    Evaluating card 2/3: 8D
      ISMCTS card evaluation error: not enough values to unpack (expected 5, got 4)
      ISMCTS score: 0.000
    Evaluating card 3/3: KD
      ISMCTS card evaluation error: not enough values to unpack (expected 5, got 4)
      ISMCTS score: 1.000
    ISMCTS evaluation completed in 0.001s
    Best card: QD (score: 1.000)
Player 1 plays QD
  Player 2 (MCTS Master) choosing card:
    Remaining hand (8 cards): ['AS', 'AC', 'JS', '7C', 'QC', '10S', 'KS', '10C']
    Legal cards (8): ['AS', 'AC', 'JS', '7C', 'QC', '10S', 'KS', '10C']
    Current trick: 2 cards played
    Lead suit: D
    Trump suit: C
    Strategy: ISMCTS card selection (3000 iterations, 10 samples)
    Evaluating card 1/8: AS
      ISMCTS card evaluation error: not enough values to unpack (expected 5, got 4)
      ISMCTS score: 2.000
    Evaluating card 2/8: AC
      ISMCTS card evaluation error: not enough values to unpack (expected 5, got 4)
      ISMCTS score: 2.500
    Evaluating card 3/8: JS
      ISMCTS card evaluation error: not enough values to unpack (expected 5, got 4)
      ISMCTS score: 3.000
    Evaluating card 4/8: 7C
      ISMCTS card evaluation error: not enough values to unpack (expected 5, got 4)
      ISMCTS score: 0.000
    Evaluating card 5/8: QC
      ISMCTS card evaluation error: not enough values to unpack (expected 5, got 4)
      ISMCTS score: 1.000
    Evaluating card 6/8: 10S
      ISMCTS card evaluation error: not enough values to unpack (expected 5, got 4)
      ISMCTS score: 1.000
    Evaluating card 7/8: KS
      ISMCTS card evaluation error: not enough values to unpack (expected 5, got 4)
      ISMCTS score: 1.000
    Evaluating card 8/8: 10C
      ISMCTS card evaluation error: not enough values to unpack (expected 5, got 4)
      ISMCTS score: 1.500
    ISMCTS evaluation completed in 0.006s
    Best card: JS (score: 3.000)
Player 2 plays JS
  Player 3 (Hybrid AI) choosing card:
    Remaining hand (7 cards): ['8S', '9S', '9C', 'QS', 'AD', 'JH', '9H']
    Legal cards (1): ['AD']
    Current trick: 3 cards played
    Lead suit: D
    Trump suit: C
    Strategy: ISMCTS card selection (1800 iterations, 7 samples)
    Evaluating card 1/1: AD
      ISMCTS card evaluation error: not enough values to unpack (expected 5, got 4)
      ISMCTS score: 2.000
    ISMCTS evaluation completed in 0.000s
    Best card: AD (score: 2.000)
Player 3 plays AD
Player 0 won the hand: 7 points

  Player 0 (AI Master) choosing card:
    Remaining hand (7 cards): ['10D', '10H', '7D', 'AH', '8C', '7H', '9D']
    Legal cards (6): ['10D', '10H', '7D', 'AH', '7H', '9D']
    Current trick: 0 cards played
    Trump suit: C
    Strategy: ISMCTS card selection (2000 iterations, 8 samples)
    Evaluating card 1/6: 10D
      ISMCTS card evaluation error: not enough values to unpack (expected 5, got 4)
      ISMCTS score: 1.000
    Evaluating card 2/6: 10H
      ISMCTS card evaluation error: not enough values to unpack (expected 5, got 4)
      ISMCTS score: 1.000
    Evaluating card 3/6: 7D
      ISMCTS card evaluation error: not enough values to unpack (expected 5, got 4)
      ISMCTS score: 0.000
    Evaluating card 4/6: AH
      ISMCTS card evaluation error: not enough values to unpack (expected 5, got 4)
      ISMCTS score: 2.000
    Evaluating card 5/6: 7H
      ISMCTS card evaluation error: not enough values to unpack (expected 5, got 4)
      ISMCTS score: 0.000
    Evaluating card 6/6: 9D
      ISMCTS card evaluation error: not enough values to unpack (expected 5, got 4)
      ISMCTS score: 2.000
    ISMCTS evaluation completed in 0.002s
    Best card: AH (score: 2.000)
Player 0 plays AH
  Player 1 (RL Expert) choosing card:
    Remaining hand (7 cards): ['7S', 'KH', 'KC', '8H', 'QH', '8D', 'KD']
    Legal cards (3): ['KH', '8H', 'QH']
    Current trick: 1 cards played
    Lead suit: H
    Trump suit: C
    Strategy: ISMCTS card selection (1500 iterations, 6 samples)
    Evaluating card 1/3: KH
      ISMCTS card evaluation error: not enough values to unpack (expected 5, got 4)
      ISMCTS score: 1.000
    Evaluating card 2/3: 8H
      ISMCTS card evaluation error: not enough values to unpack (expected 5, got 4)
      ISMCTS score: 0.000
    Evaluating card 3/3: QH
      ISMCTS card evaluation error: not enough values to unpack (expected 5, got 4)
      ISMCTS score: 1.000
    ISMCTS evaluation completed in 0.001s
    Best card: KH (score: 1.000)
Player 1 plays KH
  Player 2 (MCTS Master) choosing card:
    Remaining hand (7 cards): ['AS', 'AC', '7C', 'QC', '10S', 'KS', '10C']
    Legal cards (7): ['AS', 'AC', '7C', 'QC', '10S', 'KS', '10C']
    Current trick: 2 cards played
    Lead suit: H
    Trump suit: C
    Strategy: ISMCTS card selection (3000 iterations, 10 samples)
    Evaluating card 1/7: AS
      ISMCTS card evaluation error: not enough values to unpack (expected 5, got 4)
      ISMCTS score: 2.000
    Evaluating card 2/7: AC
      ISMCTS card evaluation error: not enough values to unpack (expected 5, got 4)
      ISMCTS score: 2.500
    Evaluating card 3/7: 7C
      ISMCTS card evaluation error: not enough values to unpack (expected 5, got 4)
      ISMCTS score: 0.000
    Evaluating card 4/7: QC
      ISMCTS card evaluation error: not enough values to unpack (expected 5, got 4)
      ISMCTS score: 1.000
    Evaluating card 5/7: 10S
      ISMCTS card evaluation error: not enough values to unpack (expected 5, got 4)
      ISMCTS score: 1.000
    Evaluating card 6/7: KS
      ISMCTS card evaluation error: not enough values to unpack (expected 5, got 4)
      ISMCTS score: 1.000
    Evaluating card 7/7: 10C
      ISMCTS card evaluation error: not enough values to unpack (expected 5, got 4)
      ISMCTS score: 1.500
    ISMCTS evaluation completed in 0.002s
    Best card: AC (score: 2.500)
-- Phase 2 begins: Trump revealed as C by Player 2 on trick 2 --
Player 2 plays AC
  Player 3 (Hybrid AI) choosing card:
    Remaining hand (7 cards): ['8S', '9S', '9C', 'QS', 'JH', '9H', 'JC']
    Legal cards (2): ['JH', '9H']
    Current trick: 3 cards played
    Lead suit: H
    Trump suit: C
    Strategy: ISMCTS card selection (1800 iterations, 7 samples)
    Evaluating card 1/2: JH
      ISMCTS card evaluation error: not enough values to unpack (expected 5, got 4)
      ISMCTS score: 3.000
    Evaluating card 2/2: 9H
      ISMCTS card evaluation error: not enough values to unpack (expected 5, got 4)
      ISMCTS score: 2.000
    ISMCTS evaluation completed in 0.001s
    Best card: JH (score: 3.000)
Player 3 plays JH
Player 2 won the hand: 5 points

  Player 0 (AI Master) choosing card:
    Remaining hand (6 cards): ['10D', '10H', '7D', '8C', '7H', '9D']
    Legal cards (6): ['10D', '10H', '7D', '8C', '7H', '9D']
    Current trick: 0 cards played
    Trump suit: C
    Strategy: ISMCTS card selection (2000 iterations, 8 samples)
    Evaluating card 1/6: 10D
      ISMCTS card evaluation error: not enough values to unpack (expected 5, got 4)
      ISMCTS score: 1.000
    Evaluating card 2/6: 10H
      ISMCTS card evaluation error: not enough values to unpack (expected 5, got 4)
      ISMCTS score: 1.000
    Evaluating card 3/6: 7D
      ISMCTS card evaluation error: not enough values to unpack (expected 5, got 4)
      ISMCTS score: 0.000
    Evaluating card 4/6: 8C
      ISMCTS card evaluation error: not enough values to unpack (expected 5, got 4)
      ISMCTS score: 0.000
    Evaluating card 5/6: 7H
      ISMCTS card evaluation error: not enough values to unpack (expected 5, got 4)
      ISMCTS score: 0.000
    Evaluating card 6/6: 9D
      ISMCTS card evaluation error: not enough values to unpack (expected 5, got 4)
      ISMCTS score: 2.000
    ISMCTS evaluation completed in 0.002s
    Best card: 9D (score: 2.000)
Player 0 plays 9D
  Player 1 (RL Expert) choosing card:
    Remaining hand (6 cards): ['7S', 'KC', '8H', 'QH', '8D', 'KD']
    Legal cards (2): ['8D', 'KD']
    Current trick: 1 cards played
    Lead suit: D
    Trump suit: C
    Strategy: ISMCTS card selection (1500 iterations, 6 samples)
    Evaluating card 1/2: 8D
      ISMCTS card evaluation error: not enough values to unpack (expected 5, got 4)
      ISMCTS score: 0.000
    Evaluating card 2/2: KD
      ISMCTS card evaluation error: not enough values to unpack (expected 5, got 4)
      ISMCTS score: 1.000
    ISMCTS evaluation completed in 0.001s
    Best card: KD (score: 1.000)
Player 1 plays KD
  Player 2 (MCTS Master) choosing card:
    Remaining hand (6 cards): ['AS', '7C', 'QC', '10S', 'KS', '10C']
    Legal cards (6): ['AS', '7C', 'QC', '10S', 'KS', '10C']
    Current trick: 2 cards played
    Lead suit: D
    Trump suit: C
    Strategy: ISMCTS card selection (3000 iterations, 10 samples)
    Evaluating card 1/6: AS
      ISMCTS card evaluation error: not enough values to unpack (expected 5, got 4)
      ISMCTS score: 2.000
    Evaluating card 2/6: 7C
      ISMCTS card evaluation error: not enough values to unpack (expected 5, got 4)
      ISMCTS score: 0.000
    Evaluating card 3/6: QC
      ISMCTS card evaluation error: not enough values to unpack (expected 5, got 4)
      ISMCTS score: 1.000
    Evaluating card 4/6: 10S
      ISMCTS card evaluation error: not enough values to unpack (expected 5, got 4)
      ISMCTS score: 1.000
    Evaluating card 5/6: KS
      ISMCTS card evaluation error: not enough values to unpack (expected 5, got 4)
      ISMCTS score: 1.000
    Evaluating card 6/6: 10C
      ISMCTS card evaluation error: not enough values to unpack (expected 5, got 4)
      ISMCTS score: 1.500
    ISMCTS evaluation completed in 0.002s
    Best card: AS (score: 2.000)
Player 2 plays AS
  Player 3 (Hybrid AI) choosing card:
    Remaining hand (6 cards): ['8S', '9S', '9C', 'QS', '9H', 'JC']
    Legal cards (6): ['8S', '9S', '9C', 'QS', '9H', 'JC']
    Current trick: 3 cards played
    Lead suit: D
    Trump suit: C
    Strategy: ISMCTS card selection (1800 iterations, 7 samples)
    Evaluating card 1/6: 8S
      ISMCTS card evaluation error: not enough values to unpack (expected 5, got 4)
      ISMCTS score: 0.000
    Evaluating card 2/6: 9S
      ISMCTS card evaluation error: not enough values to unpack (expected 5, got 4)
      ISMCTS score: 2.000
    Evaluating card 3/6: 9C
      ISMCTS card evaluation error: not enough values to unpack (expected 5, got 4)
      ISMCTS score: 3.000
    Evaluating card 4/6: QS
      ISMCTS card evaluation error: not enough values to unpack (expected 5, got 4)
      ISMCTS score: 1.000
    Evaluating card 5/6: 9H
      ISMCTS card evaluation error: not enough values to unpack (expected 5, got 4)
      ISMCTS score: 2.000
    Evaluating card 6/6: JC
      ISMCTS card evaluation error: not enough values to unpack (expected 5, got 4)
      ISMCTS score: 4.500
    ISMCTS evaluation completed in 0.002s
    Best card: JC (score: 4.500)
Player 3 plays JC
Player 3 won the hand: 6 points

  Player 0 (AI Master) choosing card:
    Remaining hand (5 cards): ['10D', '10H', '7D', '8C', '7H']
    Legal cards (5): ['10D', '10H', '7D', '8C', '7H']
    Current trick: 0 cards played
    Trump suit: C
    Strategy: ISMCTS card selection (2000 iterations, 8 samples)
    Evaluating card 1/5: 10D
      ISMCTS card evaluation error: not enough values to unpack (expected 5, got 4)
      ISMCTS score: 1.000
    Evaluating card 2/5: 10H
      ISMCTS card evaluation error: not enough values to unpack (expected 5, got 4)
      ISMCTS score: 1.000
    Evaluating card 3/5: 7D
      ISMCTS card evaluation error: not enough values to unpack (expected 5, got 4)
      ISMCTS score: 0.000
    Evaluating card 4/5: 8C
      ISMCTS card evaluation error: not enough values to unpack (expected 5, got 4)
      ISMCTS score: 0.000
    Evaluating card 5/5: 7H
      ISMCTS card evaluation error: not enough values to unpack (expected 5, got 4)
      ISMCTS score: 0.000
    ISMCTS evaluation completed in 0.001s
    Best card: 10D (score: 1.000)
Player 0 plays 10D
  Player 1 (RL Expert) choosing card:
    Remaining hand (5 cards): ['7S', 'KC', '8H', 'QH', '8D']
    Legal cards (1): ['8D']
    Current trick: 1 cards played
    Lead suit: D
    Trump suit: C
    Strategy: ISMCTS card selection (1500 iterations, 6 samples)
    Evaluating card 1/1: 8D
      ISMCTS card evaluation error: not enough values to unpack (expected 5, got 4)
      ISMCTS score: 0.000
    ISMCTS evaluation completed in 0.000s
    Best card: 8D (score: 0.000)
Player 1 plays 8D
  Player 2 (MCTS Master) choosing card:
    Remaining hand (5 cards): ['7C', 'QC', '10S', 'KS', '10C']
    Legal cards (5): ['7C', 'QC', '10S', 'KS', '10C']
    Current trick: 2 cards played
    Lead suit: D
    Trump suit: C
    Strategy: ISMCTS card selection (3000 iterations, 10 samples)
    Evaluating card 1/5: 7C
      ISMCTS card evaluation error: not enough values to unpack (expected 5, got 4)
      ISMCTS score: 0.000
    Evaluating card 2/5: QC
      ISMCTS card evaluation error: not enough values to unpack (expected 5, got 4)
      ISMCTS score: 1.000
    Evaluating card 3/5: 10S
      ISMCTS card evaluation error: not enough values to unpack (expected 5, got 4)
      ISMCTS score: 1.000
    Evaluating card 4/5: KS
      ISMCTS card evaluation error: not enough values to unpack (expected 5, got 4)
      ISMCTS score: 1.000
    Evaluating card 5/5: 10C
      ISMCTS card evaluation error: not enough values to unpack (expected 5, got 4)
      ISMCTS score: 1.500
    ISMCTS evaluation completed in 0.002s
    Best card: 10C (score: 1.500)
Player 2 plays 10C
  Player 3 (Hybrid AI) choosing card:
    Remaining hand (5 cards): ['8S', '9S', '9C', 'QS', '9H']
    Legal cards (5): ['8S', '9S', '9C', 'QS', '9H']
    Current trick: 3 cards played
    Lead suit: D
    Trump suit: C
    Strategy: ISMCTS card selection (1800 iterations, 7 samples)
    Evaluating card 1/5: 8S
      ISMCTS card evaluation error: not enough values to unpack (expected 5, got 4)
      ISMCTS score: 0.000
    Evaluating card 2/5: 9S
      ISMCTS card evaluation error: not enough values to unpack (expected 5, got 4)
      ISMCTS score: 2.000
    Evaluating card 3/5: 9C
      ISMCTS card evaluation error: not enough values to unpack (expected 5, got 4)
      ISMCTS score: 3.000
    Evaluating card 4/5: QS
      ISMCTS card evaluation error: not enough values to unpack (expected 5, got 4)
      ISMCTS score: 1.000
    Evaluating card 5/5: 9H
      ISMCTS card evaluation error: not enough values to unpack (expected 5, got 4)
      ISMCTS score: 2.000
    ISMCTS evaluation completed in 0.002s
    Best card: 9C (score: 3.000)
Player 3 plays 9C
Player 3 won the hand: 4 points

  Player 0 (AI Master) choosing card:
    Remaining hand (4 cards): ['10H', '7D', '8C', '7H']
    Legal cards (4): ['10H', '7D', '8C', '7H']
    Current trick: 0 cards played
    Trump suit: C
    Strategy: ISMCTS card selection (2000 iterations, 8 samples)
    Evaluating card 1/4: 10H
      ISMCTS card evaluation error: not enough values to unpack (expected 5, got 4)
      ISMCTS score: 1.000
    Evaluating card 2/4: 7D
      ISMCTS card evaluation error: not enough values to unpack (expected 5, got 4)
      ISMCTS score: 0.000
    Evaluating card 3/4: 8C
      ISMCTS card evaluation error: not enough values to unpack (expected 5, got 4)
      ISMCTS score: 0.000
    Evaluating card 4/4: 7H
      ISMCTS card evaluation error: not enough values to unpack (expected 5, got 4)
      ISMCTS score: 0.000
    ISMCTS evaluation completed in 0.001s
    Best card: 10H (score: 1.000)
Player 0 plays 10H
  Player 1 (RL Expert) choosing card:
    Remaining hand (4 cards): ['7S', 'KC', '8H', 'QH']
    Legal cards (2): ['8H', 'QH']
    Current trick: 1 cards played
    Lead suit: H
    Trump suit: C
    Strategy: ISMCTS card selection (1500 iterations, 6 samples)
    Evaluating card 1/2: 8H
      ISMCTS card evaluation error: not enough values to unpack (expected 5, got 4)
      ISMCTS score: 0.000
    Evaluating card 2/2: QH
      ISMCTS card evaluation error: not enough values to unpack (expected 5, got 4)
      ISMCTS score: 1.000
    ISMCTS evaluation completed in 0.001s
    Best card: QH (score: 1.000)
Player 1 plays QH
  Player 2 (MCTS Master) choosing card:
    Remaining hand (4 cards): ['7C', 'QC', '10S', 'KS']
    Legal cards (4): ['7C', 'QC', '10S', 'KS']
    Current trick: 2 cards played
    Lead suit: H
    Trump suit: C
    Strategy: ISMCTS card selection (3000 iterations, 10 samples)
    Evaluating card 1/4: 7C
      ISMCTS card evaluation error: not enough values to unpack (expected 5, got 4)
      ISMCTS score: 0.000
    Evaluating card 2/4: QC
      ISMCTS card evaluation error: not enough values to unpack (expected 5, got 4)
      ISMCTS score: 1.000
    Evaluating card 3/4: 10S
      ISMCTS card evaluation error: not enough values to unpack (expected 5, got 4)
      ISMCTS score: 1.000
    Evaluating card 4/4: KS
      ISMCTS card evaluation error: not enough values to unpack (expected 5, got 4)
      ISMCTS score: 1.000
    ISMCTS evaluation completed in 0.001s
    Best card: QC (score: 1.000)
Player 2 plays QC
  Player 3 (Hybrid AI) choosing card:
    Remaining hand (4 cards): ['8S', '9S', 'QS', '9H']
    Legal cards (1): ['9H']
    Current trick: 3 cards played
    Lead suit: H
    Trump suit: C
    Strategy: ISMCTS card selection (1800 iterations, 7 samples)
    Evaluating card 1/1: 9H
      ISMCTS card evaluation error: not enough values to unpack (expected 5, got 4)
      ISMCTS score: 2.000
    ISMCTS evaluation completed in 0.000s
    Best card: 9H (score: 2.000)
Player 3 plays 9H
Player 2 won the hand: 3 points

  Player 0 (AI Master) choosing card:
    Remaining hand (3 cards): ['7D', '8C', '7H']
    Legal cards (3): ['7D', '8C', '7H']
    Current trick: 0 cards played
    Trump suit: C
    Strategy: ISMCTS card selection (2000 iterations, 8 samples)
    Evaluating card 1/3: 7D
      ISMCTS card evaluation error: not enough values to unpack (expected 5, got 4)
      ISMCTS score: 0.000
    Evaluating card 2/3: 8C
      ISMCTS card evaluation error: not enough values to unpack (expected 5, got 4)
      ISMCTS score: 0.000
    Evaluating card 3/3: 7H
      ISMCTS card evaluation error: not enough values to unpack (expected 5, got 4)
      ISMCTS score: 0.000
    ISMCTS evaluation completed in 0.002s
    Best card: 7D (score: 0.000)
Player 0 plays 7D
  Player 1 (RL Expert) choosing card:
    Remaining hand (3 cards): ['7S', 'KC', '8H']
    Legal cards (3): ['7S', 'KC', '8H']
    Current trick: 1 cards played
    Lead suit: D
    Trump suit: C
    Strategy: ISMCTS card selection (1500 iterations, 6 samples)
    Evaluating card 1/3: 7S
      ISMCTS card evaluation error: not enough values to unpack (expected 5, got 4)
      ISMCTS score: 0.000
    Evaluating card 2/3: KC
      ISMCTS card evaluation error: not enough values to unpack (expected 5, got 4)
      ISMCTS score: 1.000
    Evaluating card 3/3: 8H
      ISMCTS card evaluation error: not enough values to unpack (expected 5, got 4)
      ISMCTS score: 0.000
    ISMCTS evaluation completed in 0.001s
    Best card: KC (score: 1.000)
Player 1 plays KC
  Player 2 (MCTS Master) choosing card:
    Remaining hand (3 cards): ['7C', '10S', 'KS']
    Legal cards (3): ['7C', '10S', 'KS']
    Current trick: 2 cards played
    Lead suit: D
    Trump suit: C
    Strategy: ISMCTS card selection (3000 iterations, 10 samples)
    Evaluating card 1/3: 7C
      ISMCTS card evaluation error: not enough values to unpack (expected 5, got 4)
      ISMCTS score: 0.000
    Evaluating card 2/3: 10S
      ISMCTS card evaluation error: not enough values to unpack (expected 5, got 4)
      ISMCTS score: 1.000
    Evaluating card 3/3: KS
      ISMCTS card evaluation error: not enough values to unpack (expected 5, got 4)
      ISMCTS score: 1.000
    ISMCTS evaluation completed in 0.001s
    Best card: 10S (score: 1.000)
Player 2 plays 10S
  Player 3 (Hybrid AI) choosing card:
    Remaining hand (3 cards): ['8S', '9S', 'QS']
    Legal cards (3): ['8S', '9S', 'QS']
    Current trick: 3 cards played
    Lead suit: D
    Trump suit: C
    Strategy: ISMCTS card selection (1800 iterations, 7 samples)
    Evaluating card 1/3: 8S
      ISMCTS card evaluation error: not enough values to unpack (expected 5, got 4)
      ISMCTS score: 0.000
    Evaluating card 2/3: 9S
      ISMCTS card evaluation error: not enough values to unpack (expected 5, got 4)
      ISMCTS score: 2.000
    Evaluating card 3/3: QS
      ISMCTS card evaluation error: not enough values to unpack (expected 5, got 4)
      ISMCTS score: 1.000
    ISMCTS evaluation completed in 0.001s
    Best card: 9S (score: 2.000)
Player 3 plays 9S
Player 1 won the hand: 3 points

  Player 0 (AI Master) choosing card:
    Remaining hand (2 cards): ['8C', '7H']
    Legal cards (2): ['8C', '7H']
    Current trick: 0 cards played
    Trump suit: C
    Strategy: ISMCTS card selection (2000 iterations, 8 samples)
    Evaluating card 1/2: 8C
      ISMCTS card evaluation error: not enough values to unpack (expected 5, got 4)
      ISMCTS score: 0.000
    Evaluating card 2/2: 7H
      ISMCTS card evaluation error: not enough values to unpack (expected 5, got 4)
      ISMCTS score: 0.000
    ISMCTS evaluation completed in 0.001s
    Best card: 8C (score: 0.000)
Player 0 plays 8C
  Player 1 (RL Expert) choosing card:
    Remaining hand (2 cards): ['7S', '8H']
    Legal cards (2): ['7S', '8H']
    Current trick: 1 cards played
    Lead suit: C
    Trump suit: C
    Strategy: ISMCTS card selection (1500 iterations, 6 samples)
    Evaluating card 1/2: 7S
      ISMCTS card evaluation error: not enough values to unpack (expected 5, got 4)
      ISMCTS score: 0.000
    Evaluating card 2/2: 8H
      ISMCTS card evaluation error: not enough values to unpack (expected 5, got 4)
      ISMCTS score: 0.000
    ISMCTS evaluation completed in 0.001s
    Best card: 7S (score: 0.000)
Player 1 plays 7S
  Player 2 (MCTS Master) choosing card:
    Remaining hand (2 cards): ['7C', 'KS']
    Legal cards (1): ['7C']
    Current trick: 2 cards played
    Lead suit: C
    Trump suit: C
    Strategy: ISMCTS card selection (3000 iterations, 10 samples)
    Evaluating card 1/1: 7C
      ISMCTS card evaluation error: not enough values to unpack (expected 5, got 4)
      ISMCTS score: 0.000
    ISMCTS evaluation completed in 0.000s
    Best card: 7C (score: 0.000)
Player 2 plays 7C
  Player 3 (Hybrid AI) choosing card:
    Remaining hand (2 cards): ['8S', 'QS']
    Legal cards (2): ['8S', 'QS']
    Current trick: 3 cards played
    Lead suit: C
    Trump suit: C
    Strategy: ISMCTS card selection (1800 iterations, 7 samples)
    Evaluating card 1/2: 8S
      ISMCTS card evaluation error: not enough values to unpack (expected 5, got 4)
      ISMCTS score: 0.000
    Evaluating card 2/2: QS
      ISMCTS card evaluation error: not enough values to unpack (expected 5, got 4)
      ISMCTS score: 1.000
    ISMCTS evaluation completed in 0.001s
    Best card: QS (score: 1.000)
Player 3 plays QS
Player 0 won the hand: 0 points

  Player 0 (AI Master) choosing card:
    Remaining hand (1 cards): ['7H']
    Legal cards (1): ['7H']
    Current trick: 0 cards played
    Trump suit: C
    Strategy: ISMCTS card selection (2000 iterations, 8 samples)
    Evaluating card 1/1: 7H
      ISMCTS card evaluation error: not enough values to unpack (expected 5, got 4)
      ISMCTS score: 0.000
    ISMCTS evaluation completed in 0.000s
    Best card: 7H (score: 0.000)
Player 0 plays 7H
  Player 1 (RL Expert) choosing card:
    Remaining hand (1 cards): ['8H']
    Legal cards (1): ['8H']
    Current trick: 1 cards played
    Lead suit: H
    Trump suit: C
    Strategy: ISMCTS card selection (1500 iterations, 6 samples)
    Evaluating card 1/1: 8H
      ISMCTS card evaluation error: not enough values to unpack (expected 5, got 4)
      ISMCTS score: 0.000
    ISMCTS evaluation completed in 0.000s
    Best card: 8H (score: 0.000)
Player 1 plays 8H
  Player 2 (MCTS Master) choosing card:
    Remaining hand (1 cards): ['KS']
    Legal cards (1): ['KS']
    Current trick: 2 cards played
    Lead suit: H
    Trump suit: C
    Strategy: ISMCTS card selection (3000 iterations, 10 samples)
    Evaluating card 1/1: KS
      ISMCTS card evaluation error: not enough values to unpack (expected 5, got 4)
      ISMCTS score: 1.000
    ISMCTS evaluation completed in 0.000s
    Best card: KS (score: 1.000)
Player 2 plays KS
  Player 3 (Hybrid AI) choosing card:
    Remaining hand (1 cards): ['8S']
    Legal cards (1): ['8S']
    Current trick: 3 cards played
    Lead suit: H
    Trump suit: C
    Strategy: ISMCTS card selection (1800 iterations, 7 samples)
    Evaluating card 1/1: 8S
      ISMCTS card evaluation error: not enough values to unpack (expected 5, got 4)
      ISMCTS score: 0.000
    ISMCTS evaluation completed in 0.000s
    Best card: 8S (score: 0.000)
Player 3 plays 8S
Player 1 won the hand: 0 points

=== GAME SUMMARY ===
Team A (Players 0 & 2): 15 points
Team B (Players 1 & 3): 13 points
Bidder: Player 3 (Team B)
Winning Bid: 16
Bid Success: NO
Game Winner: Team B (Players 1 & 3)
Total Tricks: 8