
===== GAME 3 (20250824_143716_513) =====
Player 0 initial hand (bidding): ['QD', 'JS', 'AC', '8C']
Player 1 initial hand (bidding): ['10H', 'JD', 'KS', 'JH']
Player 2 initial hand (bidding): ['KC', 'JC', '9D', '7H']
Player 3 initial hand (bidding): ['KH', 'QH', 'AD', '8H']

  Player 0 (Belief Master) analyzing bid:
    Bidding hand (first 4): ['QD', 'JS', 'AC', '8C']
    Hand strength: 0.143
    Current bid: 16
Point prediction error: shape '[1, 7, -1]' is invalid for input of size 52
    Point prediction: 0.0 points
    Belief model failed: 'Game28State' object has no attribute 'game_progress'
    Strategy: Belief Model Bidding (NO HEURISTICS)
    Belief model bidding error: 'Game28State' object has no attribute 'game_progress'
Pass: Player 0 (min_allowed=17)
  Player 1 (Belief Expert) analyzing bid:
    Bidding hand (first 4): ['10H', 'JD', 'KS', 'JH']
    Hand strength: 0.250
    Current bid: 16
Point prediction error: shape '[1, 7, -1]' is invalid for input of size 52
    Point prediction: 0.0 points
    Belief model failed: 'Game28State' object has no attribute 'game_progress'
    Strategy: Belief Model Bidding (NO HEURISTICS)
    Belief model bidding error: 'Game28State' object has no attribute 'game_progress'
Pass: Player 1 (min_allowed=17)
  Player 2 (Belief Pro) analyzing bid:
    Bidding hand (first 4): ['KC', 'JC', '9D', '7H']
    Hand strength: 0.179
    Current bid: 16
Point prediction error: shape '[1, 7, -1]' is invalid for input of size 52
    Point prediction: 0.0 points
    Belief model failed: 'Game28State' object has no attribute 'game_progress'
    Strategy: Belief Model Bidding (NO HEURISTICS)
    Belief model bidding error: 'Game28State' object has no attribute 'game_progress'
Pass: Player 2 (min_allowed=17)
Auction winner: Player 3 with bid 16
    Strategy: Belief-based trump selection
    Belief-based trump selection error: 'Game28State' object has no attribute 'game_progress'
Bidder sets concealed trump suit: H
Phase: concealed, bidder concealed card: [face-down trump]

Full hands (8 cards each):
Player 0 full hand: ['QD', 'JS', 'AC', '8C', '9H', 'AH', '7C', '9C']
Player 1 full hand: ['10H', 'JD', 'KS', 'JH', 'AS', 'KD', '8D', '10D']
Player 2 full hand: ['KC', 'JC', '9D', '7H', '10C', '8S', '10S', '7D']
Player 3 full hand: ['QH', 'AD', '8H', '9S', '7S', 'QS', 'QC']

  Player 0 (Belief Master) choosing card:
    Remaining hand (8 cards): ['QD', 'JS', 'AC', '8C', '9H', 'AH', '7C', '9C']
    Legal cards (6): ['QD', 'JS', 'AC', '8C', '7C', '9C']
    Current trick: 0 cards played
    Trump suit: H
    Strategy: Belief Model Card Selection (NO HEURISTICS)
    Belief model card selection error: 'Game28State' object has no attribute 'game_progress'
Player 0 plays JS
  Player 1 (Belief Expert) choosing card:
    Remaining hand (8 cards): ['10H', 'JD', 'KS', 'JH', 'AS', 'KD', '8D', '10D']
    Legal cards (2): ['KS', 'AS']
    Current trick: 1 cards played
    Lead suit: S
    Trump suit: H
    Strategy: Belief Model Card Selection (NO HEURISTICS)
    Belief model card selection error: 'Game28State' object has no attribute 'game_progress'
Player 1 plays AS
  Player 2 (Belief Pro) choosing card:
    Remaining hand (8 cards): ['KC', 'JC', '9D', '7H', '10C', '8S', '10S', '7D']
    Legal cards (2): ['8S', '10S']
    Current trick: 2 cards played
    Lead suit: S
    Trump suit: H
    Strategy: Belief Model Card Selection (NO HEURISTICS)
    Belief model card selection error: 'Game28State' object has no attribute 'game_progress'
Player 2 plays 10S
  Player 3 (Belief Champion) choosing card:
    Remaining hand (7 cards): ['QH', 'AD', '8H', '9S', '7S', 'QS', 'QC']
    Legal cards (3): ['9S', '7S', 'QS']
    Current trick: 3 cards played
    Lead suit: S
    Trump suit: H
    Strategy: Belief Model Card Selection (NO HEURISTICS)
    Belief model card selection error: 'Game28State' object has no attribute 'game_progress'
Player 3 plays 9S
Player 0 won the hand: 7 points

  Player 0 (Belief Master) choosing card:
    Remaining hand (7 cards): ['QD', 'AC', '8C', '9H', 'AH', '7C', '9C']
    Legal cards (5): ['QD', 'AC', '8C', '7C', '9C']
    Current trick: 0 cards played
    Trump suit: H
    Strategy: Belief Model Card Selection (NO HEURISTICS)
    Belief model card selection error: 'Game28State' object has no attribute 'game_progress'
Player 0 plays 9C
  Player 1 (Belief Expert) choosing card:
    Remaining hand (7 cards): ['10H', 'JD', 'KS', 'JH', 'KD', '8D', '10D']
    Legal cards (7): ['10H', 'JD', 'KS', 'JH', 'KD', '8D', '10D']
    Current trick: 1 cards played
    Lead suit: C
    Trump suit: H
    Strategy: Belief Model Card Selection (NO HEURISTICS)
    Belief model card selection error: 'Game28State' object has no attribute 'game_progress'
Player 1 plays JD
  Player 2 (Belief Pro) choosing card:
    Remaining hand (7 cards): ['KC', 'JC', '9D', '7H', '10C', '8S', '7D']
    Legal cards (3): ['KC', 'JC', '10C']
    Current trick: 2 cards played
    Lead suit: C
    Trump suit: H
    Strategy: Belief Model Card Selection (NO HEURISTICS)
    Belief model card selection error: 'Game28State' object has no attribute 'game_progress'
Player 2 plays JC
  Player 3 (Belief Champion) choosing card:
    Remaining hand (6 cards): ['QH', 'AD', '8H', '7S', 'QS', 'QC']
    Legal cards (1): ['QC']
    Current trick: 3 cards played
    Lead suit: C
    Trump suit: H
    Strategy: Belief Model Card Selection (NO HEURISTICS)
    Belief model card selection error: 'Game28State' object has no attribute 'game_progress'
Player 3 plays QC
Player 2 won the hand: 8 points

  Player 0 (Belief Master) choosing card:
    Remaining hand (6 cards): ['QD', 'AC', '8C', '9H', 'AH', '7C']
    Legal cards (4): ['QD', 'AC', '8C', '7C']
    Current trick: 0 cards played
    Trump suit: H
    Strategy: Belief Model Card Selection (NO HEURISTICS)
    Belief model card selection error: 'Game28State' object has no attribute 'game_progress'
Player 0 plays AC
  Player 1 (Belief Expert) choosing card:
    Remaining hand (6 cards): ['10H', 'KS', 'JH', 'KD', '8D', '10D']
    Legal cards (6): ['10H', 'KS', 'JH', 'KD', '8D', '10D']
    Current trick: 1 cards played
    Lead suit: C
    Trump suit: H
    Strategy: Belief Model Card Selection (NO HEURISTICS)
    Belief model card selection error: 'Game28State' object has no attribute 'game_progress'
-- Phase 2 begins: Trump revealed as H by Player 1 on trick 3 --
Player 1 plays JH
  Player 2 (Belief Pro) choosing card:
    Remaining hand (6 cards): ['KC', '9D', '7H', '10C', '8S', '7D']
    Legal cards (2): ['KC', '10C']
    Current trick: 2 cards played
    Lead suit: C
    Trump suit: H
    Strategy: Belief Model Card Selection (NO HEURISTICS)
    Belief model card selection error: 'Game28State' object has no attribute 'game_progress'
Player 2 plays 10C
  Player 3 (Belief Champion) choosing card:
    Remaining hand (6 cards): ['QH', 'AD', '8H', '7S', 'QS', 'KH']
    Legal cards (6): ['QH', 'AD', '8H', '7S', 'QS', 'KH']
    Current trick: 3 cards played
    Lead suit: C
    Trump suit: H
    Strategy: Belief Model Card Selection (NO HEURISTICS)
    Belief model card selection error: 'Game28State' object has no attribute 'game_progress'
Player 3 plays AD
Player 1 won the hand: 6 points

  Player 0 (Belief Master) choosing card:
    Remaining hand (5 cards): ['QD', '8C', '9H', 'AH', '7C']
    Legal cards (5): ['QD', '8C', '9H', 'AH', '7C']
    Current trick: 0 cards played
    Trump suit: H
    Strategy: Belief Model Card Selection (NO HEURISTICS)
    Belief model card selection error: 'Game28State' object has no attribute 'game_progress'
Player 0 plays 9H
  Player 1 (Belief Expert) choosing card:
    Remaining hand (5 cards): ['10H', 'KS', 'KD', '8D', '10D']
    Legal cards (1): ['10H']
    Current trick: 1 cards played
    Lead suit: H
    Trump suit: H
    Strategy: Belief Model Card Selection (NO HEURISTICS)
    Belief model card selection error: 'Game28State' object has no attribute 'game_progress'
Player 1 plays 10H
  Player 2 (Belief Pro) choosing card:
    Remaining hand (5 cards): ['KC', '9D', '7H', '8S', '7D']
    Legal cards (1): ['7H']
    Current trick: 2 cards played
    Lead suit: H
    Trump suit: H
    Strategy: Belief Model Card Selection (NO HEURISTICS)
    Belief model card selection error: 'Game28State' object has no attribute 'game_progress'
Player 2 plays 7H
  Player 3 (Belief Champion) choosing card:
    Remaining hand (5 cards): ['QH', '8H', '7S', 'QS', 'KH']
    Legal cards (3): ['QH', '8H', 'KH']
    Current trick: 3 cards played
    Lead suit: H
    Trump suit: H
    Strategy: Belief Model Card Selection (NO HEURISTICS)
    Belief model card selection error: 'Game28State' object has no attribute 'game_progress'
Player 3 plays QH
Player 0 won the hand: 3 points

  Player 0 (Belief Master) choosing card:
    Remaining hand (4 cards): ['QD', '8C', 'AH', '7C']
    Legal cards (4): ['QD', '8C', 'AH', '7C']
    Current trick: 0 cards played
    Trump suit: H
    Strategy: Belief Model Card Selection (NO HEURISTICS)
    Belief model card selection error: 'Game28State' object has no attribute 'game_progress'
Player 0 plays AH
  Player 1 (Belief Expert) choosing card:
    Remaining hand (4 cards): ['KS', 'KD', '8D', '10D']
    Legal cards (4): ['KS', 'KD', '8D', '10D']
    Current trick: 1 cards played
    Lead suit: H
    Trump suit: H
    Strategy: Belief Model Card Selection (NO HEURISTICS)
    Belief model card selection error: 'Game28State' object has no attribute 'game_progress'
Player 1 plays 10D
  Player 2 (Belief Pro) choosing card:
    Remaining hand (4 cards): ['KC', '9D', '8S', '7D']
    Legal cards (4): ['KC', '9D', '8S', '7D']
    Current trick: 2 cards played
    Lead suit: H
    Trump suit: H
    Strategy: Belief Model Card Selection (NO HEURISTICS)
    Belief model card selection error: 'Game28State' object has no attribute 'game_progress'
Player 2 plays 9D
  Player 3 (Belief Champion) choosing card:
    Remaining hand (4 cards): ['8H', '7S', 'QS', 'KH']
    Legal cards (2): ['8H', 'KH']
    Current trick: 3 cards played
    Lead suit: H
    Trump suit: H
    Strategy: Belief Model Card Selection (NO HEURISTICS)
    Belief model card selection error: 'Game28State' object has no attribute 'game_progress'
Player 3 plays 8H
Player 0 won the hand: 4 points

  Player 0 (Belief Master) choosing card:
    Remaining hand (3 cards): ['QD', '8C', '7C']
    Legal cards (3): ['QD', '8C', '7C']
    Current trick: 0 cards played
    Trump suit: H
    Strategy: Belief Model Card Selection (NO HEURISTICS)
    Belief model card selection error: 'Game28State' object has no attribute 'game_progress'
Player 0 plays QD
  Player 1 (Belief Expert) choosing card:
    Remaining hand (3 cards): ['KS', 'KD', '8D']
    Legal cards (2): ['KD', '8D']
    Current trick: 1 cards played
    Lead suit: D
    Trump suit: H
    Strategy: Belief Model Card Selection (NO HEURISTICS)
    Belief model card selection error: 'Game28State' object has no attribute 'game_progress'
Player 1 plays KD
  Player 2 (Belief Pro) choosing card:
    Remaining hand (3 cards): ['KC', '8S', '7D']
    Legal cards (1): ['7D']
    Current trick: 2 cards played
    Lead suit: D
    Trump suit: H
    Strategy: Belief Model Card Selection (NO HEURISTICS)
    Belief model card selection error: 'Game28State' object has no attribute 'game_progress'
Player 2 plays 7D
  Player 3 (Belief Champion) choosing card:
    Remaining hand (3 cards): ['7S', 'QS', 'KH']
    Legal cards (3): ['7S', 'QS', 'KH']
    Current trick: 3 cards played
    Lead suit: D
    Trump suit: H
    Strategy: Belief Model Card Selection (NO HEURISTICS)
    Belief model card selection error: 'Game28State' object has no attribute 'game_progress'
Player 3 plays 7S
Player 1 won the hand: 0 points

  Player 0 (Belief Master) choosing card:
    Remaining hand (2 cards): ['8C', '7C']
    Legal cards (2): ['8C', '7C']
    Current trick: 0 cards played
    Trump suit: H
    Strategy: Belief Model Card Selection (NO HEURISTICS)
    Belief model card selection error: 'Game28State' object has no attribute 'game_progress'
Player 0 plays 8C
  Player 1 (Belief Expert) choosing card:
    Remaining hand (2 cards): ['KS', '8D']
    Legal cards (2): ['KS', '8D']
    Current trick: 1 cards played
    Lead suit: C
    Trump suit: H
    Strategy: Belief Model Card Selection (NO HEURISTICS)
    Belief model card selection error: 'Game28State' object has no attribute 'game_progress'
Player 1 plays KS
  Player 2 (Belief Pro) choosing card:
    Remaining hand (2 cards): ['KC', '8S']
    Legal cards (1): ['KC']
    Current trick: 2 cards played
    Lead suit: C
    Trump suit: H
    Strategy: Belief Model Card Selection (NO HEURISTICS)
    Belief model card selection error: 'Game28State' object has no attribute 'game_progress'
Player 2 plays KC
  Player 3 (Belief Champion) choosing card:
    Remaining hand (2 cards): ['QS', 'KH']
    Legal cards (2): ['QS', 'KH']
    Current trick: 3 cards played
    Lead suit: C
    Trump suit: H
    Strategy: Belief Model Card Selection (NO HEURISTICS)
    Belief model card selection error: 'Game28State' object has no attribute 'game_progress'
Player 3 plays QS
Player 2 won the hand: 0 points

  Player 0 (Belief Master) choosing card:
    Remaining hand (1 cards): ['7C']
    Legal cards (1): ['7C']
    Current trick: 0 cards played
    Trump suit: H
    Strategy: Belief Model Card Selection (NO HEURISTICS)
    Belief model card selection error: 'Game28State' object has no attribute 'game_progress'
Player 0 plays 7C
  Player 1 (Belief Expert) choosing card:
    Remaining hand (1 cards): ['8D']
    Legal cards (1): ['8D']
    Current trick: 1 cards played
    Lead suit: C
    Trump suit: H
    Strategy: Belief Model Card Selection (NO HEURISTICS)
    Belief model card selection error: 'Game28State' object has no attribute 'game_progress'
Player 1 plays 8D
  Player 2 (Belief Pro) choosing card:
    Remaining hand (1 cards): ['8S']
    Legal cards (1): ['8S']
    Current trick: 2 cards played
    Lead suit: C
    Trump suit: H
    Strategy: Belief Model Card Selection (NO HEURISTICS)
    Belief model card selection error: 'Game28State' object has no attribute 'game_progress'
Player 2 plays 8S
  Player 3 (Belief Champion) choosing card:
    Remaining hand (1 cards): ['KH']
    Legal cards (1): ['KH']
    Current trick: 3 cards played
    Lead suit: C
    Trump suit: H
    Strategy: Belief Model Card Selection (NO HEURISTICS)
    Belief model card selection error: 'Game28State' object has no attribute 'game_progress'
Player 3 plays KH
Player 3 won the hand: 0 points

=== GAME SUMMARY ===
Team A (Players 0 & 2): 22 points
Team B (Players 1 & 3): 6 points
Bidder: Player 3 (Team B)
Winning Bid: 16
Bid Success: NO
Game Winner: Team B (Players 1 & 3)
Total Tricks: 8