
===== GAME 4 (20250825_095719_811) =====
Player 0 initial hand (bidding): ['8D', 'AH', 'KH', 'JD']
Player 1 initial hand (bidding): ['KC', '10S', 'QC', '8S']
Player 2 initial hand (bidding): ['9D', 'QS', '8H', '10D']
Player 3 initial hand (bidding): ['JC', '10C', '7S', 'AS']

  Player 0 (Belief Master) analyzing bid:
    Bidding hand (first 4): ['8D', 'AH', 'KH', 'JD']
    Hand strength: 0.143
    Current bid: 16
    Point prediction: -0.0 points
    Belief model: Opponent hand probabilities calculated
    Strategy: Belief Model Bidding (NO HEURISTICS)
    Belief model predictions obtained
    Pass evaluation score: 0.000
    Bid 17 evaluation score: -0.833
    Bid 18 evaluation score: -0.833
    Bid 19 evaluation score: -0.833
    Best decision: PASS (score: 0.000)
Pass: Player 0 (min_allowed=17)
  Player 1 (Belief Expert) analyzing bid:
    Bidding hand (first 4): ['KC', '10S', 'QC', '8S']
    Hand strength: 0.036
    Current bid: 16
    Point prediction: -0.0 points
    Belief model: Opponent hand probabilities calculated
    Strategy: Belief Model Bidding (NO HEURISTICS)
    Belief model predictions obtained
    Pass evaluation score: 0.000
    Bid 17 evaluation score: -0.833
    Bid 18 evaluation score: -0.833
    Bid 19 evaluation score: -0.833
    Best decision: PASS (score: 0.000)
Pass: Player 1 (min_allowed=17)
  Player 2 (Belief Pro) analyzing bid:
    Bidding hand (first 4): ['9D', 'QS', '8H', '10D']
    Hand strength: 0.107
    Current bid: 16
    Point prediction: -0.0 points
    Belief model: Opponent hand probabilities calculated
    Strategy: Belief Model Bidding (NO HEURISTICS)
    Belief model predictions obtained
    Pass evaluation score: 0.000
    Bid 17 evaluation score: -0.833
    Bid 18 evaluation score: -0.833
    Bid 19 evaluation score: -0.833
    Best decision: PASS (score: 0.000)
Pass: Player 2 (min_allowed=17)
Auction winner: Player 3 with bid 16
    Strategy: Belief-based trump selection
    Selected trump: C (score: 4.40)
Bidder sets concealed trump suit: C
Phase: concealed, bidder concealed card: [face-down trump]

Full hands (8 cards each):
Player 0 full hand: ['8D', 'AH', 'KH', 'JD', '9S', 'JS', 'KD', '7H']
Player 1 full hand: ['KC', '10S', 'QC', '8S', '9H', 'AD', 'JH', 'AC']
Player 2 full hand: ['9D', 'QS', '8H', '10D', '7C', '9C', '10H', 'KS']
Player 3 full hand: ['10C', '7S', 'AS', '7D', 'QD', '8C', 'QH']

  Player 0 (Belief Master) choosing card:
    Remaining hand (8 cards): ['8D', 'AH', 'KH', 'JD', '9S', 'JS', 'KD', '7H']
    Legal cards (8): ['8D', 'AH', 'KH', 'JD', '9S', 'JS', 'KD', '7H']
    Current trick: 0 cards played
    Trump suit: C
    Strategy: Belief Model Card Selection (NO HEURISTICS)
    Belief model predictions obtained
    Evaluating card 1/8: 8D
      Belief model score: 1.000
    Evaluating card 2/8: AH
      Belief model score: 2.000
    Evaluating card 3/8: KH
      Belief model score: 1.000
    Evaluating card 4/8: JD
      Belief model score: 3.000
    Evaluating card 5/8: 9S
      Belief model score: 3.000
    Evaluating card 6/8: JS
      Belief model score: 3.000
    Evaluating card 7/8: KD
      Belief model score: 1.000
    Evaluating card 8/8: 7H
      Belief model score: 1.000
    Belief model evaluation completed
    Best card: JD (score: 3.000)
Player 0 plays JD
  Player 1 (Belief Expert) choosing card:
    Remaining hand (8 cards): ['KC', '10S', 'QC', '8S', '9H', 'AD', 'JH', 'AC']
    Legal cards (1): ['AD']
    Current trick: 1 cards played
    Lead suit: D
    Trump suit: C
    Strategy: Belief Model Card Selection (NO HEURISTICS)
    Belief model predictions obtained
    Evaluating card 1/1: AD
      Belief model score: 3.000
    Belief model evaluation completed
    Best card: AD (score: 3.000)
Player 1 plays AD
  Player 2 (Belief Pro) choosing card:
    Remaining hand (8 cards): ['9D', 'QS', '8H', '10D', '7C', '9C', '10H', 'KS']
    Legal cards (2): ['9D', '10D']
    Current trick: 2 cards played
    Lead suit: D
    Trump suit: C
    Strategy: Belief Model Card Selection (NO HEURISTICS)
    Belief model predictions obtained
    Evaluating card 1/2: 9D
      Belief model score: 4.000
    Evaluating card 2/2: 10D
      Belief model score: 2.000
    Belief model evaluation completed
    Best card: 9D (score: 4.000)
Player 2 plays 9D
  Player 3 (Belief Champion) choosing card:
    Remaining hand (7 cards): ['10C', '7S', 'AS', '7D', 'QD', '8C', 'QH']
    Legal cards (2): ['7D', 'QD']
    Current trick: 3 cards played
    Lead suit: D
    Trump suit: C
    Strategy: Belief Model Card Selection (NO HEURISTICS)
    Belief model predictions obtained
    Evaluating card 1/2: 7D
      Belief model score: 2.000
    Evaluating card 2/2: QD
      Belief model score: 1.000
    Belief model evaluation completed
    Best card: 7D (score: 2.000)
Player 3 plays 7D
Player 0 won the hand: 6 points

  Player 0 (Belief Master) choosing card:
    Remaining hand (7 cards): ['8D', 'AH', 'KH', '9S', 'JS', 'KD', '7H']
    Legal cards (7): ['8D', 'AH', 'KH', '9S', 'JS', 'KD', '7H']
    Current trick: 0 cards played
    Trump suit: C
    Strategy: Belief Model Card Selection (NO HEURISTICS)
    Belief model predictions obtained
    Evaluating card 1/7: 8D
      Belief model score: 1.000
    Evaluating card 2/7: AH
      Belief model score: 2.000
    Evaluating card 3/7: KH
      Belief model score: 1.000
    Evaluating card 4/7: 9S
      Belief model score: 3.000
    Evaluating card 5/7: JS
      Belief model score: 3.000
    Evaluating card 6/7: KD
      Belief model score: 1.000
    Evaluating card 7/7: 7H
      Belief model score: 1.000
    Belief model evaluation completed
    Best card: 9S (score: 3.000)
Player 0 plays 9S
  Player 1 (Belief Expert) choosing card:
    Remaining hand (7 cards): ['KC', '10S', 'QC', '8S', '9H', 'JH', 'AC']
    Legal cards (2): ['10S', '8S']
    Current trick: 1 cards played
    Lead suit: S
    Trump suit: C
    Strategy: Belief Model Card Selection (NO HEURISTICS)
    Belief model predictions obtained
    Evaluating card 1/2: 10S
      Belief model score: 2.000
    Evaluating card 2/2: 8S
      Belief model score: 2.000
    Belief model evaluation completed
    Best card: 10S (score: 2.000)
Player 1 plays 10S
  Player 2 (Belief Pro) choosing card:
    Remaining hand (7 cards): ['QS', '8H', '10D', '7C', '9C', '10H', 'KS']
    Legal cards (2): ['QS', 'KS']
    Current trick: 2 cards played
    Lead suit: S
    Trump suit: C
    Strategy: Belief Model Card Selection (NO HEURISTICS)
    Belief model predictions obtained
    Evaluating card 1/2: QS
      Belief model score: 1.000
    Evaluating card 2/2: KS
      Belief model score: 2.000
    Belief model evaluation completed
    Best card: KS (score: 2.000)
Player 2 plays KS
  Player 3 (Belief Champion) choosing card:
    Remaining hand (6 cards): ['10C', '7S', 'AS', 'QD', '8C', 'QH']
    Legal cards (2): ['7S', 'AS']
    Current trick: 3 cards played
    Lead suit: S
    Trump suit: C
    Strategy: Belief Model Card Selection (NO HEURISTICS)
    Belief model predictions obtained
    Evaluating card 1/2: 7S
      Belief model score: 2.000
    Evaluating card 2/2: AS
      Belief model score: 3.000
    Belief model evaluation completed
    Best card: AS (score: 3.000)
Player 3 plays AS
Player 0 won the hand: 4 points

  Player 0 (Belief Master) choosing card:
    Remaining hand (6 cards): ['8D', 'AH', 'KH', 'JS', 'KD', '7H']
    Legal cards (6): ['8D', 'AH', 'KH', 'JS', 'KD', '7H']
    Current trick: 0 cards played
    Trump suit: C
    Strategy: Belief Model Card Selection (NO HEURISTICS)
    Belief model predictions obtained
    Evaluating card 1/6: 8D
      Belief model score: 1.000
    Evaluating card 2/6: AH
      Belief model score: 2.000
    Evaluating card 3/6: KH
      Belief model score: 1.000
    Evaluating card 4/6: JS
      Belief model score: 3.000
    Evaluating card 5/6: KD
      Belief model score: 1.000
    Evaluating card 6/6: 7H
      Belief model score: 1.000
    Belief model evaluation completed
    Best card: JS (score: 3.000)
Player 0 plays JS
  Player 1 (Belief Expert) choosing card:
    Remaining hand (6 cards): ['KC', 'QC', '8S', '9H', 'JH', 'AC']
    Legal cards (1): ['8S']
    Current trick: 1 cards played
    Lead suit: S
    Trump suit: C
    Strategy: Belief Model Card Selection (NO HEURISTICS)
    Belief model predictions obtained
    Evaluating card 1/1: 8S
      Belief model score: 2.000
    Belief model evaluation completed
    Best card: 8S (score: 2.000)
Player 1 plays 8S
  Player 2 (Belief Pro) choosing card:
    Remaining hand (6 cards): ['QS', '8H', '10D', '7C', '9C', '10H']
    Legal cards (1): ['QS']
    Current trick: 2 cards played
    Lead suit: S
    Trump suit: C
    Strategy: Belief Model Card Selection (NO HEURISTICS)
    Belief model predictions obtained
    Evaluating card 1/1: QS
      Belief model score: 1.000
    Belief model evaluation completed
    Best card: QS (score: 1.000)
Player 2 plays QS
  Player 3 (Belief Champion) choosing card:
    Remaining hand (5 cards): ['10C', '7S', 'QD', '8C', 'QH']
    Legal cards (1): ['7S']
    Current trick: 3 cards played
    Lead suit: S
    Trump suit: C
    Strategy: Belief Model Card Selection (NO HEURISTICS)
    Belief model predictions obtained
    Evaluating card 1/1: 7S
      Belief model score: 2.000
    Belief model evaluation completed
    Best card: 7S (score: 2.000)
Player 3 plays 7S
Player 0 won the hand: 3 points

  Player 0 (Belief Master) choosing card:
    Remaining hand (5 cards): ['8D', 'AH', 'KH', 'KD', '7H']
    Legal cards (5): ['8D', 'AH', 'KH', 'KD', '7H']
    Current trick: 0 cards played
    Trump suit: C
    Strategy: Belief Model Card Selection (NO HEURISTICS)
    Belief model predictions obtained
    Evaluating card 1/5: 8D
      Belief model score: 1.000
    Evaluating card 2/5: AH
      Belief model score: 2.000
    Evaluating card 3/5: KH
      Belief model score: 1.000
    Evaluating card 4/5: KD
      Belief model score: 1.000
    Evaluating card 5/5: 7H
      Belief model score: 1.000
    Belief model evaluation completed
    Best card: AH (score: 2.000)
Player 0 plays AH
  Player 1 (Belief Expert) choosing card:
    Remaining hand (5 cards): ['KC', 'QC', '9H', 'JH', 'AC']
    Legal cards (2): ['9H', 'JH']
    Current trick: 1 cards played
    Lead suit: H
    Trump suit: C
    Strategy: Belief Model Card Selection (NO HEURISTICS)
    Belief model predictions obtained
    Evaluating card 1/2: 9H
      Belief model score: 8.000
    Evaluating card 2/2: JH
      Belief model score: 8.000
    Belief model evaluation completed
    Best card: 9H (score: 8.000)
Player 1 plays 9H
  Player 2 (Belief Pro) choosing card:
    Remaining hand (5 cards): ['8H', '10D', '7C', '9C', '10H']
    Legal cards (2): ['8H', '10H']
    Current trick: 2 cards played
    Lead suit: H
    Trump suit: C
    Strategy: Belief Model Card Selection (NO HEURISTICS)
    Belief model predictions obtained
    Evaluating card 1/2: 8H
      Belief model score: 2.000
    Evaluating card 2/2: 10H
      Belief model score: 2.000
    Belief model evaluation completed
    Best card: 8H (score: 2.000)
Player 2 plays 8H
  Player 3 (Belief Champion) choosing card:
    Remaining hand (4 cards): ['10C', 'QD', '8C', 'QH']
    Legal cards (1): ['QH']
    Current trick: 3 cards played
    Lead suit: H
    Trump suit: C
    Strategy: Belief Model Card Selection (NO HEURISTICS)
    Belief model predictions obtained
    Evaluating card 1/1: QH
      Belief model score: 1.000
    Belief model evaluation completed
    Best card: QH (score: 1.000)
Player 3 plays QH
Player 1 won the hand: 3 points

  Player 0 (Belief Master) choosing card:
    Remaining hand (4 cards): ['8D', 'KH', 'KD', '7H']
    Legal cards (4): ['8D', 'KH', 'KD', '7H']
    Current trick: 0 cards played
    Trump suit: C
    Strategy: Belief Model Card Selection (NO HEURISTICS)
    Belief model predictions obtained
    Evaluating card 1/4: 8D
      Belief model score: 1.000
    Evaluating card 2/4: KH
      Belief model score: 1.000
    Evaluating card 3/4: KD
      Belief model score: 1.000
    Evaluating card 4/4: 7H
      Belief model score: 1.000
    Belief model evaluation completed
    Best card: 8D (score: 1.000)
Player 0 plays 8D
  Player 1 (Belief Expert) choosing card:
    Remaining hand (4 cards): ['KC', 'QC', 'JH', 'AC']
    Legal cards (4): ['KC', 'QC', 'JH', 'AC']
    Current trick: 1 cards played
    Lead suit: D
    Trump suit: C
    Strategy: Belief Model Card Selection (NO HEURISTICS)
    Belief model predictions obtained
    Evaluating card 1/4: KC
      Belief model score: 4.000
    Evaluating card 2/4: QC
      Belief model score: 3.000
    Evaluating card 3/4: JH
      Belief model score: 3.500
    Evaluating card 4/4: AC
      Belief model score: 5.000
    Belief model evaluation completed
    Best card: AC (score: 5.000)
-- Phase 2 begins: Trump revealed as C by Player 1 on trick 5 --
Player 1 plays AC
  Player 2 (Belief Pro) choosing card:
    Remaining hand (4 cards): ['10D', '7C', '9C', '10H']
    Legal cards (1): ['10D']
    Current trick: 2 cards played
    Lead suit: D
    Trump suit: C
    Strategy: Belief Model Card Selection (NO HEURISTICS)
    Belief model predictions obtained
    Evaluating card 1/1: 10D
      Belief model score: 6.000
    Belief model evaluation completed
    Best card: 10D (score: 6.000)
Player 2 plays 10D
  Player 3 (Belief Champion) choosing card:
    Remaining hand (4 cards): ['10C', 'QD', '8C', 'JC']
    Legal cards (1): ['QD']
    Current trick: 3 cards played
    Lead suit: D
    Trump suit: C
    Strategy: Belief Model Card Selection (NO HEURISTICS)
    Belief model predictions obtained
    Evaluating card 1/1: QD
      Belief model score: 1.000
    Belief model evaluation completed
    Best card: QD (score: 1.000)
Player 3 plays QD
Player 1 won the hand: 2 points

  Player 0 (Belief Master) choosing card:
    Remaining hand (3 cards): ['KH', 'KD', '7H']
    Legal cards (3): ['KH', 'KD', '7H']
    Current trick: 0 cards played
    Trump suit: C
    Strategy: Belief Model Card Selection (NO HEURISTICS)
    Belief model predictions obtained
    Evaluating card 1/3: KH
      Belief model score: 0.000
    Evaluating card 2/3: KD
      Belief model score: 0.000
    Evaluating card 3/3: 7H
      Belief model score: 1.000
    Belief model evaluation completed
    Best card: 7H (score: 1.000)
Player 0 plays 7H
  Player 1 (Belief Expert) choosing card:
    Remaining hand (3 cards): ['KC', 'QC', 'JH']
    Legal cards (1): ['JH']
    Current trick: 1 cards played
    Lead suit: H
    Trump suit: C
    Strategy: Belief Model Card Selection (NO HEURISTICS)
    Belief model predictions obtained
    Evaluating card 1/1: JH
      Belief model score: 8.000
    Belief model evaluation completed
    Best card: JH (score: 8.000)
Player 1 plays JH
  Player 2 (Belief Pro) choosing card:
    Remaining hand (3 cards): ['7C', '9C', '10H']
    Legal cards (1): ['10H']
    Current trick: 2 cards played
    Lead suit: H
    Trump suit: C
    Strategy: Belief Model Card Selection (NO HEURISTICS)
    Belief model predictions obtained
    Evaluating card 1/1: 10H
      Belief model score: 2.000
    Belief model evaluation completed
    Best card: 10H (score: 2.000)
Player 2 plays 10H
  Player 3 (Belief Champion) choosing card:
    Remaining hand (3 cards): ['10C', '8C', 'JC']
    Legal cards (3): ['10C', '8C', 'JC']
    Current trick: 3 cards played
    Lead suit: H
    Trump suit: C
    Strategy: Belief Model Card Selection (NO HEURISTICS)
    Belief model predictions obtained
    Evaluating card 1/3: 10C
      Belief model score: 6.000
    Evaluating card 2/3: 8C
      Belief model score: 6.000
    Evaluating card 3/3: JC
      Belief model score: 8.000
    Belief model evaluation completed
    Best card: JC (score: 8.000)
Player 3 plays JC
Player 3 won the hand: 7 points

  Player 0 (Belief Master) choosing card:
    Remaining hand (2 cards): ['KH', 'KD']
    Legal cards (2): ['KH', 'KD']
    Current trick: 0 cards played
    Trump suit: C
    Strategy: Belief Model Card Selection (NO HEURISTICS)
    Belief model predictions obtained
    Evaluating card 1/2: KH
      Belief model score: 0.000
    Evaluating card 2/2: KD
      Belief model score: 0.000
    Belief model evaluation completed
    Best card: KH (score: 0.000)
Player 0 plays KH
  Player 1 (Belief Expert) choosing card:
    Remaining hand (2 cards): ['KC', 'QC']
    Legal cards (2): ['KC', 'QC']
    Current trick: 1 cards played
    Lead suit: H
    Trump suit: C
    Strategy: Belief Model Card Selection (NO HEURISTICS)
    Belief model predictions obtained
    Evaluating card 1/2: KC
      Belief model score: 5.000
    Evaluating card 2/2: QC
      Belief model score: 5.000
    Belief model evaluation completed
    Best card: KC (score: 5.000)
Player 1 plays KC
  Player 2 (Belief Pro) choosing card:
    Remaining hand (2 cards): ['7C', '9C']
    Legal cards (2): ['7C', '9C']
    Current trick: 2 cards played
    Lead suit: H
    Trump suit: C
    Strategy: Belief Model Card Selection (NO HEURISTICS)
    Belief model predictions obtained
    Evaluating card 1/2: 7C
      Belief model score: 6.000
    Evaluating card 2/2: 9C
      Belief model score: 8.000
    Belief model evaluation completed
    Best card: 9C (score: 8.000)
Player 2 plays 9C
  Player 3 (Belief Champion) choosing card:
    Remaining hand (2 cards): ['10C', '8C']
    Legal cards (2): ['10C', '8C']
    Current trick: 3 cards played
    Lead suit: H
    Trump suit: C
    Strategy: Belief Model Card Selection (NO HEURISTICS)
    Belief model predictions obtained
    Evaluating card 1/2: 10C
      Belief model score: 6.000
    Evaluating card 2/2: 8C
      Belief model score: 6.000
    Belief model evaluation completed
    Best card: 10C (score: 6.000)
Player 3 plays 10C
Player 2 won the hand: 3 points

  Player 0 (Belief Master) choosing card:
    Remaining hand (1 cards): ['KD']
    Legal cards (1): ['KD']
    Current trick: 0 cards played
    Trump suit: C
    Strategy: Belief Model Card Selection (NO HEURISTICS)
    Belief model predictions obtained
    Evaluating card 1/1: KD
      Belief model score: 0.000
    Belief model evaluation completed
    Best card: KD (score: 0.000)
Player 0 plays KD
  Player 1 (Belief Expert) choosing card:
    Remaining hand (1 cards): ['QC']
    Legal cards (1): ['QC']
    Current trick: 1 cards played
    Lead suit: D
    Trump suit: C
    Strategy: Belief Model Card Selection (NO HEURISTICS)
    Belief model predictions obtained
    Evaluating card 1/1: QC
      Belief model score: 5.000
    Belief model evaluation completed
    Best card: QC (score: 5.000)
Player 1 plays QC
  Player 2 (Belief Pro) choosing card:
    Remaining hand (1 cards): ['7C']
    Legal cards (1): ['7C']
    Current trick: 2 cards played
    Lead suit: D
    Trump suit: C
    Strategy: Belief Model Card Selection (NO HEURISTICS)
    Belief model predictions obtained
    Evaluating card 1/1: 7C
      Belief model score: 12.000
    Belief model evaluation completed
    Best card: 7C (score: 12.000)
Player 2 plays 7C
  Player 3 (Belief Champion) choosing card:
    Remaining hand (1 cards): ['8C']
    Legal cards (1): ['8C']
    Current trick: 3 cards played
    Lead suit: D
    Trump suit: C
    Strategy: Belief Model Card Selection (NO HEURISTICS)
    Belief model predictions obtained
    Evaluating card 1/1: 8C
      Belief model score: 12.000
    Belief model evaluation completed
    Best card: 8C (score: 12.000)
Player 3 plays 8C
Player 1 won the hand: 0 points

=== GAME SUMMARY ===
Team A (Players 0 & 2): 16 points
Team B (Players 1 & 3): 12 points
Bidder: Player 3 (Team B)
Winning Bid: 16
Bid Success: NO
Game Winner: Team B (Players 1 & 3)
Total Tricks: 8