
===== GAME 7 (20250824_143719_567) =====
Player 0 initial hand (bidding): ['7D', '9H', 'AC', 'KC']
Player 1 initial hand (bidding): ['AH', 'KH', 'QC', '9D']
Player 2 initial hand (bidding): ['10C', 'JD', 'AS', 'QS']
Player 3 initial hand (bidding): ['10H', 'JH', '8D', '7H']

  Player 0 (Belief Master) analyzing bid:
    Bidding hand (first 4): ['7D', '9H', 'AC', 'KC']
    Hand strength: 0.107
    Current bid: 16
Point prediction error: shape '[1, 7, -1]' is invalid for input of size 52
    Point prediction: 0.0 points
    Belief model failed: 'Game28State' object has no attribute 'game_progress'
    Strategy: Belief Model Bidding (NO HEURISTICS)
    Belief model bidding error: 'Game28State' object has no attribute 'game_progress'
Pass: Player 0 (min_allowed=17)
  Player 1 (Belief Expert) analyzing bid:
    Bidding hand (first 4): ['AH', 'KH', 'QC', '9D']
    Hand strength: 0.107
    Current bid: 16
Point prediction error: shape '[1, 7, -1]' is invalid for input of size 52
    Point prediction: 0.0 points
    Belief model failed: 'Game28State' object has no attribute 'game_progress'
    Strategy: Belief Model Bidding (NO HEURISTICS)
    Belief model bidding error: 'Game28State' object has no attribute 'game_progress'
Pass: Player 1 (min_allowed=17)
  Player 2 (Belief Pro) analyzing bid:
    Bidding hand (first 4): ['10C', 'JD', 'AS', 'QS']
    Hand strength: 0.179
    Current bid: 16
Point prediction error: shape '[1, 7, -1]' is invalid for input of size 52
    Point prediction: 0.0 points
    Belief model failed: 'Game28State' object has no attribute 'game_progress'
    Strategy: Belief Model Bidding (NO HEURISTICS)
    Belief model bidding error: 'Game28State' object has no attribute 'game_progress'
Pass: Player 2 (min_allowed=17)
Auction winner: Player 3 with bid 16
    Strategy: Belief-based trump selection
    Belief-based trump selection error: 'Game28State' object has no attribute 'game_progress'
Bidder sets concealed trump suit: H
Phase: concealed, bidder concealed card: [face-down trump]

Full hands (8 cards each):
Player 0 full hand: ['7D', '9H', 'AC', 'KC', 'JC', '7C', '8C', '8S']
Player 1 full hand: ['AH', 'KH', 'QC', '9D', 'KD', '7S', '9S', 'QD']
Player 2 full hand: ['10C', 'JD', 'AS', 'QS', '8H', 'KS', 'AD', 'QH']
Player 3 full hand: ['10H', '8D', '7H', '10S', '10D', '9C', 'JS']

  Player 0 (Belief Master) choosing card:
    Remaining hand (8 cards): ['7D', '9H', 'AC', 'KC', 'JC', '7C', '8C', '8S']
    Legal cards (7): ['7D', 'AC', 'KC', 'JC', '7C', '8C', '8S']
    Current trick: 0 cards played
    Trump suit: H
    Strategy: Belief Model Card Selection (NO HEURISTICS)
    Belief model card selection error: 'Game28State' object has no attribute 'game_progress'
Player 0 plays JC
  Player 1 (Belief Expert) choosing card:
    Remaining hand (8 cards): ['AH', 'KH', 'QC', '9D', 'KD', '7S', '9S', 'QD']
    Legal cards (1): ['QC']
    Current trick: 1 cards played
    Lead suit: C
    Trump suit: H
    Strategy: Belief Model Card Selection (NO HEURISTICS)
    Belief model card selection error: 'Game28State' object has no attribute 'game_progress'
Player 1 plays QC
  Player 2 (Belief Pro) choosing card:
    Remaining hand (8 cards): ['10C', 'JD', 'AS', 'QS', '8H', 'KS', 'AD', 'QH']
    Legal cards (1): ['10C']
    Current trick: 2 cards played
    Lead suit: C
    Trump suit: H
    Strategy: Belief Model Card Selection (NO HEURISTICS)
    Belief model card selection error: 'Game28State' object has no attribute 'game_progress'
Player 2 plays 10C
  Player 3 (Belief Champion) choosing card:
    Remaining hand (7 cards): ['10H', '8D', '7H', '10S', '10D', '9C', 'JS']
    Legal cards (1): ['9C']
    Current trick: 3 cards played
    Lead suit: C
    Trump suit: H
    Strategy: Belief Model Card Selection (NO HEURISTICS)
    Belief model card selection error: 'Game28State' object has no attribute 'game_progress'
Player 3 plays 9C
Player 0 won the hand: 6 points

  Player 0 (Belief Master) choosing card:
    Remaining hand (7 cards): ['7D', '9H', 'AC', 'KC', '7C', '8C', '8S']
    Legal cards (6): ['7D', 'AC', 'KC', '7C', '8C', '8S']
    Current trick: 0 cards played
    Trump suit: H
    Strategy: Belief Model Card Selection (NO HEURISTICS)
    Belief model card selection error: 'Game28State' object has no attribute 'game_progress'
Player 0 plays AC
  Player 1 (Belief Expert) choosing card:
    Remaining hand (7 cards): ['AH', 'KH', '9D', 'KD', '7S', '9S', 'QD']
    Legal cards (7): ['AH', 'KH', '9D', 'KD', '7S', '9S', 'QD']
    Current trick: 1 cards played
    Lead suit: C
    Trump suit: H
    Strategy: Belief Model Card Selection (NO HEURISTICS)
    Belief model card selection error: 'Game28State' object has no attribute 'game_progress'
Player 1 plays 9D
  Player 2 (Belief Pro) choosing card:
    Remaining hand (7 cards): ['JD', 'AS', 'QS', '8H', 'KS', 'AD', 'QH']
    Legal cards (7): ['JD', 'AS', 'QS', '8H', 'KS', 'AD', 'QH']
    Current trick: 2 cards played
    Lead suit: C
    Trump suit: H
    Strategy: Belief Model Card Selection (NO HEURISTICS)
    Belief model card selection error: 'Game28State' object has no attribute 'game_progress'
Player 2 plays JD
  Player 3 (Belief Champion) choosing card:
    Remaining hand (6 cards): ['10H', '8D', '7H', '10S', '10D', 'JS']
    Legal cards (6): ['10H', '8D', '7H', '10S', '10D', 'JS']
    Current trick: 3 cards played
    Lead suit: C
    Trump suit: H
    Strategy: Belief Model Card Selection (NO HEURISTICS)
    Belief model card selection error: 'Game28State' object has no attribute 'game_progress'
Player 3 plays JS
Player 0 won the hand: 9 points

  Player 0 (Belief Master) choosing card:
    Remaining hand (6 cards): ['7D', '9H', 'KC', '7C', '8C', '8S']
    Legal cards (5): ['7D', 'KC', '7C', '8C', '8S']
    Current trick: 0 cards played
    Trump suit: H
    Strategy: Belief Model Card Selection (NO HEURISTICS)
    Belief model card selection error: 'Game28State' object has no attribute 'game_progress'
Player 0 plays 7D
  Player 1 (Belief Expert) choosing card:
    Remaining hand (6 cards): ['AH', 'KH', 'KD', '7S', '9S', 'QD']
    Legal cards (2): ['KD', 'QD']
    Current trick: 1 cards played
    Lead suit: D
    Trump suit: H
    Strategy: Belief Model Card Selection (NO HEURISTICS)
    Belief model card selection error: 'Game28State' object has no attribute 'game_progress'
Player 1 plays KD
  Player 2 (Belief Pro) choosing card:
    Remaining hand (6 cards): ['AS', 'QS', '8H', 'KS', 'AD', 'QH']
    Legal cards (1): ['AD']
    Current trick: 2 cards played
    Lead suit: D
    Trump suit: H
    Strategy: Belief Model Card Selection (NO HEURISTICS)
    Belief model card selection error: 'Game28State' object has no attribute 'game_progress'
Player 2 plays AD
  Player 3 (Belief Champion) choosing card:
    Remaining hand (5 cards): ['10H', '8D', '7H', '10S', '10D']
    Legal cards (2): ['8D', '10D']
    Current trick: 3 cards played
    Lead suit: D
    Trump suit: H
    Strategy: Belief Model Card Selection (NO HEURISTICS)
    Belief model card selection error: 'Game28State' object has no attribute 'game_progress'
Player 3 plays 10D
Player 2 won the hand: 2 points

  Player 0 (Belief Master) choosing card:
    Remaining hand (5 cards): ['9H', 'KC', '7C', '8C', '8S']
    Legal cards (4): ['KC', '7C', '8C', '8S']
    Current trick: 0 cards played
    Trump suit: H
    Strategy: Belief Model Card Selection (NO HEURISTICS)
    Belief model card selection error: 'Game28State' object has no attribute 'game_progress'
Player 0 plays KC
  Player 1 (Belief Expert) choosing card:
    Remaining hand (5 cards): ['AH', 'KH', '7S', '9S', 'QD']
    Legal cards (5): ['AH', 'KH', '7S', '9S', 'QD']
    Current trick: 1 cards played
    Lead suit: C
    Trump suit: H
    Strategy: Belief Model Card Selection (NO HEURISTICS)
    Belief model card selection error: 'Game28State' object has no attribute 'game_progress'
Player 1 plays 9S
  Player 2 (Belief Pro) choosing card:
    Remaining hand (5 cards): ['AS', 'QS', '8H', 'KS', 'QH']
    Legal cards (5): ['AS', 'QS', '8H', 'KS', 'QH']
    Current trick: 2 cards played
    Lead suit: C
    Trump suit: H
    Strategy: Belief Model Card Selection (NO HEURISTICS)
    Belief model card selection error: 'Game28State' object has no attribute 'game_progress'
Player 2 plays AS
  Player 3 (Belief Champion) choosing card:
    Remaining hand (4 cards): ['10H', '8D', '7H', '10S']
    Legal cards (4): ['10H', '8D', '7H', '10S']
    Current trick: 3 cards played
    Lead suit: C
    Trump suit: H
    Strategy: Belief Model Card Selection (NO HEURISTICS)
    Belief model card selection error: 'Game28State' object has no attribute 'game_progress'
-- Phase 2 begins: Trump revealed as H by Player 3 on trick 4 --
Player 3 plays 10H
Player 3 won the hand: 4 points

  Player 0 (Belief Master) choosing card:
    Remaining hand (4 cards): ['9H', '7C', '8C', '8S']
    Legal cards (4): ['9H', '7C', '8C', '8S']
    Current trick: 0 cards played
    Trump suit: H
    Strategy: Belief Model Card Selection (NO HEURISTICS)
    Belief model card selection error: 'Game28State' object has no attribute 'game_progress'
Player 0 plays 9H
  Player 1 (Belief Expert) choosing card:
    Remaining hand (4 cards): ['AH', 'KH', '7S', 'QD']
    Legal cards (2): ['AH', 'KH']
    Current trick: 1 cards played
    Lead suit: H
    Trump suit: H
    Strategy: Belief Model Card Selection (NO HEURISTICS)
    Belief model card selection error: 'Game28State' object has no attribute 'game_progress'
Player 1 plays AH
  Player 2 (Belief Pro) choosing card:
    Remaining hand (4 cards): ['QS', '8H', 'KS', 'QH']
    Legal cards (2): ['8H', 'QH']
    Current trick: 2 cards played
    Lead suit: H
    Trump suit: H
    Strategy: Belief Model Card Selection (NO HEURISTICS)
    Belief model card selection error: 'Game28State' object has no attribute 'game_progress'
Player 2 plays 8H
  Player 3 (Belief Champion) choosing card:
    Remaining hand (4 cards): ['8D', '7H', '10S', 'JH']
    Legal cards (2): ['7H', 'JH']
    Current trick: 3 cards played
    Lead suit: H
    Trump suit: H
    Strategy: Belief Model Card Selection (NO HEURISTICS)
    Belief model card selection error: 'Game28State' object has no attribute 'game_progress'
Player 3 plays JH
Player 3 won the hand: 6 points

  Player 0 (Belief Master) choosing card:
    Remaining hand (3 cards): ['7C', '8C', '8S']
    Legal cards (3): ['7C', '8C', '8S']
    Current trick: 0 cards played
    Trump suit: H
    Strategy: Belief Model Card Selection (NO HEURISTICS)
    Belief model card selection error: 'Game28State' object has no attribute 'game_progress'
Player 0 plays 7C
  Player 1 (Belief Expert) choosing card:
    Remaining hand (3 cards): ['KH', '7S', 'QD']
    Legal cards (3): ['KH', '7S', 'QD']
    Current trick: 1 cards played
    Lead suit: C
    Trump suit: H
    Strategy: Belief Model Card Selection (NO HEURISTICS)
    Belief model card selection error: 'Game28State' object has no attribute 'game_progress'
Player 1 plays KH
  Player 2 (Belief Pro) choosing card:
    Remaining hand (3 cards): ['QS', 'KS', 'QH']
    Legal cards (3): ['QS', 'KS', 'QH']
    Current trick: 2 cards played
    Lead suit: C
    Trump suit: H
    Strategy: Belief Model Card Selection (NO HEURISTICS)
    Belief model card selection error: 'Game28State' object has no attribute 'game_progress'
Player 2 plays QS
  Player 3 (Belief Champion) choosing card:
    Remaining hand (3 cards): ['8D', '7H', '10S']
    Legal cards (3): ['8D', '7H', '10S']
    Current trick: 3 cards played
    Lead suit: C
    Trump suit: H
    Strategy: Belief Model Card Selection (NO HEURISTICS)
    Belief model card selection error: 'Game28State' object has no attribute 'game_progress'
Player 3 plays 10S
Player 1 won the hand: 1 points

  Player 0 (Belief Master) choosing card:
    Remaining hand (2 cards): ['8C', '8S']
    Legal cards (2): ['8C', '8S']
    Current trick: 0 cards played
    Trump suit: H
    Strategy: Belief Model Card Selection (NO HEURISTICS)
    Belief model card selection error: 'Game28State' object has no attribute 'game_progress'
Player 0 plays 8C
  Player 1 (Belief Expert) choosing card:
    Remaining hand (2 cards): ['7S', 'QD']
    Legal cards (2): ['7S', 'QD']
    Current trick: 1 cards played
    Lead suit: C
    Trump suit: H
    Strategy: Belief Model Card Selection (NO HEURISTICS)
    Belief model card selection error: 'Game28State' object has no attribute 'game_progress'
Player 1 plays 7S
  Player 2 (Belief Pro) choosing card:
    Remaining hand (2 cards): ['KS', 'QH']
    Legal cards (2): ['KS', 'QH']
    Current trick: 2 cards played
    Lead suit: C
    Trump suit: H
    Strategy: Belief Model Card Selection (NO HEURISTICS)
    Belief model card selection error: 'Game28State' object has no attribute 'game_progress'
Player 2 plays KS
  Player 3 (Belief Champion) choosing card:
    Remaining hand (2 cards): ['8D', '7H']
    Legal cards (2): ['8D', '7H']
    Current trick: 3 cards played
    Lead suit: C
    Trump suit: H
    Strategy: Belief Model Card Selection (NO HEURISTICS)
    Belief model card selection error: 'Game28State' object has no attribute 'game_progress'
Player 3 plays 8D
Player 0 won the hand: 0 points

  Player 0 (Belief Master) choosing card:
    Remaining hand (1 cards): ['8S']
    Legal cards (1): ['8S']
    Current trick: 0 cards played
    Trump suit: H
    Strategy: Belief Model Card Selection (NO HEURISTICS)
    Belief model card selection error: 'Game28State' object has no attribute 'game_progress'
Player 0 plays 8S
  Player 1 (Belief Expert) choosing card:
    Remaining hand (1 cards): ['QD']
    Legal cards (1): ['QD']
    Current trick: 1 cards played
    Lead suit: S
    Trump suit: H
    Strategy: Belief Model Card Selection (NO HEURISTICS)
    Belief model card selection error: 'Game28State' object has no attribute 'game_progress'
Player 1 plays QD
  Player 2 (Belief Pro) choosing card:
    Remaining hand (1 cards): ['QH']
    Legal cards (1): ['QH']
    Current trick: 2 cards played
    Lead suit: S
    Trump suit: H
    Strategy: Belief Model Card Selection (NO HEURISTICS)
    Belief model card selection error: 'Game28State' object has no attribute 'game_progress'
Player 2 plays QH
  Player 3 (Belief Champion) choosing card:
    Remaining hand (1 cards): ['7H']
    Legal cards (1): ['7H']
    Current trick: 3 cards played
    Lead suit: S
    Trump suit: H
    Strategy: Belief Model Card Selection (NO HEURISTICS)
    Belief model card selection error: 'Game28State' object has no attribute 'game_progress'
Player 3 plays 7H
Player 2 won the hand: 0 points

=== GAME SUMMARY ===
Team A (Players 0 & 2): 17 points
Team B (Players 1 & 3): 11 points
Bidder: Player 3 (Team B)
Winning Bid: 16
Bid Success: NO
Game Winner: Team B (Players 1 & 3)
Total Tricks: 8