
===== GAME 3 (20250823_154827_379) =====
Player 0 initial hand (bidding): ['9H', 'QC', 'KC', '9S']
Player 1 initial hand (bidding): ['AD', 'KS', 'AC', 'JH']
Player 2 initial hand (bidding): ['KH', 'AS', 'KD', '10S']
Player 3 initial hand (bidding): ['7S', '7H', '8C', '8S']

Full hands (8 cards each):
Player 0 full hand: ['9H', 'QC', 'KC', '9S']
Player 1 full hand: ['AD', 'KS', 'AC', 'JH']
Player 2 full hand: ['KH', 'AS', 'KD', '10S']
Player 3 full hand: ['7S', '7H', '8C', '8S']

  Player 0 (AI Master) analyzing bid:
    Bidding hand (first 4): ['9H', 'QC', 'KC', '9S']
    Full hand (8 cards): ['9H', 'QC', 'KC', '9S']
    Hand strength: 0.143
    Current bid: 16
    Point prediction: 14.2 points
    Strategy: ISMCTS bidding (2000 iterations, 8 samples)
    MCTS state prepared with 4 cards
      ISMCTS evaluation error: 'TwentyEightEnv' object has no attribute 'game_score'
    Pass evaluation score: 0.000
      ISMCTS evaluation error: 'TwentyEightEnv' object has no attribute 'game_score'
    Bid 17 evaluation score: -1.000
      ISMCTS evaluation error: 'TwentyEightEnv' object has no attribute 'game_score'
    Bid 18 evaluation score: -1.000
      ISMCTS evaluation error: 'TwentyEightEnv' object has no attribute 'game_score'
    Bid 19 evaluation score: -1.000
    Best decision: PASS (score: 0.000)
Pass: Player 0 (min_allowed=17)
  Player 1 (RL Expert) analyzing bid:
    Bidding hand (first 4): ['AD', 'KS', 'AC', 'JH']
    Full hand (8 cards): ['AD', 'KS', 'AC', 'JH']
    Hand strength: 0.179
    Current bid: 16
    Point prediction: 13.3 points
    Strategy: ISMCTS bidding (1500 iterations, 6 samples)
    MCTS state prepared with 4 cards
      ISMCTS evaluation error: 'TwentyEightEnv' object has no attribute 'game_score'
    Pass evaluation score: 0.000
      ISMCTS evaluation error: 'TwentyEightEnv' object has no attribute 'game_score'
    Bid 17 evaluation score: -1.000
      ISMCTS evaluation error: 'TwentyEightEnv' object has no attribute 'game_score'
    Bid 18 evaluation score: -1.000
      ISMCTS evaluation error: 'TwentyEightEnv' object has no attribute 'game_score'
    Bid 19 evaluation score: -1.000
    Best decision: PASS (score: 0.000)
Pass: Player 1 (min_allowed=17)
  Player 2 (MCTS Master) analyzing bid:
    Bidding hand (first 4): ['KH', 'AS', 'KD', '10S']
    Full hand (8 cards): ['KH', 'AS', 'KD', '10S']
    Hand strength: 0.071
    Current bid: 16
    Point prediction: 14.0 points
    Strategy: ISMCTS bidding (3000 iterations, 10 samples)
    MCTS state prepared with 4 cards
      ISMCTS evaluation error: 'TwentyEightEnv' object has no attribute 'game_score'
    Pass evaluation score: 0.000
      ISMCTS evaluation error: 'TwentyEightEnv' object has no attribute 'game_score'
    Bid 17 evaluation score: -1.000
      ISMCTS evaluation error: 'TwentyEightEnv' object has no attribute 'game_score'
    Bid 18 evaluation score: -1.000
      ISMCTS evaluation error: 'TwentyEightEnv' object has no attribute 'game_score'
    Bid 19 evaluation score: -1.000
    Best decision: PASS (score: 0.000)
Pass: Player 2 (min_allowed=17)
Auction winner: Player 3 with bid 16
Bidder sets concealed trump suit: S
Phase: concealed, bidder concealed card: [face-down trump]

  Player 0 (AI Master) choosing card:
    Remaining hand (8 cards): ['9H', 'QC', 'KC', '9S', '10D', '8H', 'JS', '7D']
    Legal cards (6): ['9H', 'QC', 'KC', '10D', '8H', '7D']
    Current trick: 0 cards played
    Trump suit: S
    Strategy: ISMCTS card selection (2000 iterations, 8 samples)
    Evaluating card 1/6: 9H
      ISMCTS card evaluation error: not enough values to unpack (expected 5, got 4)
      ISMCTS score: 2.000
    Evaluating card 2/6: QC
      ISMCTS card evaluation error: not enough values to unpack (expected 5, got 4)
      ISMCTS score: 1.000
    Evaluating card 3/6: KC
      ISMCTS card evaluation error: not enough values to unpack (expected 5, got 4)
      ISMCTS score: 1.000
    Evaluating card 4/6: 10D
      ISMCTS card evaluation error: not enough values to unpack (expected 5, got 4)
      ISMCTS score: 1.000
    Evaluating card 5/6: 8H
      ISMCTS card evaluation error: not enough values to unpack (expected 5, got 4)
      ISMCTS score: 0.000
    Evaluating card 6/6: 7D
      ISMCTS card evaluation error: not enough values to unpack (expected 5, got 4)
      ISMCTS score: 0.000
    ISMCTS evaluation completed in 0.006s
    Best card: 9H (score: 2.000)
Player 0 plays 9H
  Player 1 (RL Expert) choosing card:
    Remaining hand (8 cards): ['AD', 'KS', 'AC', 'JH', '9D', 'JC', '9C', 'QH']
    Legal cards (2): ['JH', 'QH']
    Current trick: 1 cards played
    Lead suit: H
    Trump suit: S
    Strategy: ISMCTS card selection (1500 iterations, 6 samples)
    Evaluating card 1/2: JH
      ISMCTS card evaluation error: not enough values to unpack (expected 5, got 4)
      ISMCTS score: 3.000
    Evaluating card 2/2: QH
      ISMCTS card evaluation error: not enough values to unpack (expected 5, got 4)
      ISMCTS score: 1.000
    ISMCTS evaluation completed in 0.001s
    Best card: JH (score: 3.000)
Player 1 plays JH
  Player 2 (MCTS Master) choosing card:
    Remaining hand (8 cards): ['KH', 'AS', 'KD', '10S', 'JD', 'QD', '10H', '8D']
    Legal cards (2): ['KH', '10H']
    Current trick: 2 cards played
    Lead suit: H
    Trump suit: S
    Strategy: ISMCTS card selection (3000 iterations, 10 samples)
    Evaluating card 1/2: KH
      ISMCTS card evaluation error: not enough values to unpack (expected 5, got 4)
      ISMCTS score: 1.000
    Evaluating card 2/2: 10H
      ISMCTS card evaluation error: not enough values to unpack (expected 5, got 4)
      ISMCTS score: 1.000
    ISMCTS evaluation completed in 0.001s
    Best card: KH (score: 1.000)
Player 2 plays KH
  Player 3 (Hybrid AI) choosing card:
    Remaining hand (7 cards): ['7S', '7H', '8C', 'QS', '10C', 'AH', '7C']
    Legal cards (2): ['7H', 'AH']
    Current trick: 3 cards played
    Lead suit: H
    Trump suit: S
    Strategy: ISMCTS card selection (1800 iterations, 7 samples)
    Evaluating card 1/2: 7H
      ISMCTS card evaluation error: not enough values to unpack (expected 5, got 4)
      ISMCTS score: 0.000
    Evaluating card 2/2: AH
      ISMCTS card evaluation error: not enough values to unpack (expected 5, got 4)
      ISMCTS score: 2.000
    ISMCTS evaluation completed in 0.002s
    Best card: AH (score: 2.000)
Player 3 plays AH
Player 1 won the hand: 6 points

  Player 0 (AI Master) choosing card:
    Remaining hand (7 cards): ['QC', 'KC', '9S', '10D', '8H', 'JS', '7D']
    Legal cards (5): ['QC', 'KC', '10D', '8H', '7D']
    Current trick: 0 cards played
    Trump suit: S
    Strategy: ISMCTS card selection (2000 iterations, 8 samples)
    Evaluating card 1/5: QC
      ISMCTS card evaluation error: not enough values to unpack (expected 5, got 4)
      ISMCTS score: 1.000
    Evaluating card 2/5: KC
      ISMCTS card evaluation error: not enough values to unpack (expected 5, got 4)
      ISMCTS score: 1.000
    Evaluating card 3/5: 10D
      ISMCTS card evaluation error: not enough values to unpack (expected 5, got 4)
      ISMCTS score: 1.000
    Evaluating card 4/5: 8H
      ISMCTS card evaluation error: not enough values to unpack (expected 5, got 4)
      ISMCTS score: 0.000
    Evaluating card 5/5: 7D
      ISMCTS card evaluation error: not enough values to unpack (expected 5, got 4)
      ISMCTS score: 0.000
    ISMCTS evaluation completed in 0.003s
    Best card: QC (score: 1.000)
Player 0 plays QC
  Player 1 (RL Expert) choosing card:
    Remaining hand (7 cards): ['AD', 'KS', 'AC', '9D', 'JC', '9C', 'QH']
    Legal cards (3): ['AC', 'JC', '9C']
    Current trick: 1 cards played
    Lead suit: C
    Trump suit: S
    Strategy: ISMCTS card selection (1500 iterations, 6 samples)
    Evaluating card 1/3: AC
      ISMCTS card evaluation error: not enough values to unpack (expected 5, got 4)
      ISMCTS score: 2.000
    Evaluating card 2/3: JC
      ISMCTS card evaluation error: not enough values to unpack (expected 5, got 4)
      ISMCTS score: 3.000
    Evaluating card 3/3: 9C
      ISMCTS card evaluation error: not enough values to unpack (expected 5, got 4)
      ISMCTS score: 2.000
    ISMCTS evaluation completed in 0.001s
    Best card: JC (score: 3.000)
Player 1 plays JC
  Player 2 (MCTS Master) choosing card:
    Remaining hand (7 cards): ['AS', 'KD', '10S', 'JD', 'QD', '10H', '8D']
    Legal cards (7): ['AS', 'KD', '10S', 'JD', 'QD', '10H', '8D']
    Current trick: 2 cards played
    Lead suit: C
    Trump suit: S
    Strategy: ISMCTS card selection (3000 iterations, 10 samples)
    Evaluating card 1/7: AS
      ISMCTS card evaluation error: not enough values to unpack (expected 5, got 4)
      ISMCTS score: 2.500
    Evaluating card 2/7: KD
      ISMCTS card evaluation error: not enough values to unpack (expected 5, got 4)
      ISMCTS score: 1.000
    Evaluating card 3/7: 10S
      ISMCTS card evaluation error: not enough values to unpack (expected 5, got 4)
      ISMCTS score: 1.500
    Evaluating card 4/7: JD
      ISMCTS card evaluation error: not enough values to unpack (expected 5, got 4)
      ISMCTS score: 3.000
    Evaluating card 5/7: QD
      ISMCTS card evaluation error: not enough values to unpack (expected 5, got 4)
      ISMCTS score: 1.000
    Evaluating card 6/7: 10H
      ISMCTS card evaluation error: not enough values to unpack (expected 5, got 4)
      ISMCTS score: 1.000
    Evaluating card 7/7: 8D
      ISMCTS card evaluation error: not enough values to unpack (expected 5, got 4)
      ISMCTS score: 0.000
    ISMCTS evaluation completed in 0.004s
    Best card: JD (score: 3.000)
Player 2 plays JD
  Player 3 (Hybrid AI) choosing card:
    Remaining hand (6 cards): ['7S', '7H', '8C', 'QS', '10C', '7C']
    Legal cards (3): ['8C', '10C', '7C']
    Current trick: 3 cards played
    Lead suit: C
    Trump suit: S
    Strategy: ISMCTS card selection (1800 iterations, 7 samples)
    Evaluating card 1/3: 8C
      ISMCTS card evaluation error: not enough values to unpack (expected 5, got 4)
      ISMCTS score: 0.000
    Evaluating card 2/3: 10C
      ISMCTS card evaluation error: not enough values to unpack (expected 5, got 4)
      ISMCTS score: 1.000
    Evaluating card 3/3: 7C
      ISMCTS card evaluation error: not enough values to unpack (expected 5, got 4)
      ISMCTS score: 0.000
    ISMCTS evaluation completed in 0.003s
    Best card: 10C (score: 1.000)
Player 3 plays 10C
Player 1 won the hand: 7 points

  Player 0 (AI Master) choosing card:
    Remaining hand (6 cards): ['KC', '9S', '10D', '8H', 'JS', '7D']
    Legal cards (4): ['KC', '10D', '8H', '7D']
    Current trick: 0 cards played
    Trump suit: S
    Strategy: ISMCTS card selection (2000 iterations, 8 samples)
    Evaluating card 1/4: KC
      ISMCTS card evaluation error: not enough values to unpack (expected 5, got 4)
      ISMCTS score: 1.000
    Evaluating card 2/4: 10D
      ISMCTS card evaluation error: not enough values to unpack (expected 5, got 4)
      ISMCTS score: 1.000
    Evaluating card 3/4: 8H
      ISMCTS card evaluation error: not enough values to unpack (expected 5, got 4)
      ISMCTS score: 0.000
    Evaluating card 4/4: 7D
      ISMCTS card evaluation error: not enough values to unpack (expected 5, got 4)
      ISMCTS score: 0.000
    ISMCTS evaluation completed in 0.004s
    Best card: KC (score: 1.000)
Player 0 plays KC
  Player 1 (RL Expert) choosing card:
    Remaining hand (6 cards): ['AD', 'KS', 'AC', '9D', '9C', 'QH']
    Legal cards (2): ['AC', '9C']
    Current trick: 1 cards played
    Lead suit: C
    Trump suit: S
    Strategy: ISMCTS card selection (1500 iterations, 6 samples)
    Evaluating card 1/2: AC
      ISMCTS card evaluation error: not enough values to unpack (expected 5, got 4)
      ISMCTS score: 2.000
    Evaluating card 2/2: 9C
      ISMCTS card evaluation error: not enough values to unpack (expected 5, got 4)
      ISMCTS score: 2.000
    ISMCTS evaluation completed in 0.001s
    Best card: AC (score: 2.000)
Player 1 plays AC
  Player 2 (MCTS Master) choosing card:
    Remaining hand (6 cards): ['AS', 'KD', '10S', 'QD', '10H', '8D']
    Legal cards (6): ['AS', 'KD', '10S', 'QD', '10H', '8D']
    Current trick: 2 cards played
    Lead suit: C
    Trump suit: S
    Strategy: ISMCTS card selection (3000 iterations, 10 samples)
    Evaluating card 1/6: AS
      ISMCTS card evaluation error: not enough values to unpack (expected 5, got 4)
      ISMCTS score: 2.500
    Evaluating card 2/6: KD
      ISMCTS card evaluation error: not enough values to unpack (expected 5, got 4)
      ISMCTS score: 1.000
    Evaluating card 3/6: 10S
      ISMCTS card evaluation error: not enough values to unpack (expected 5, got 4)
      ISMCTS score: 1.500
    Evaluating card 4/6: QD
      ISMCTS card evaluation error: not enough values to unpack (expected 5, got 4)
      ISMCTS score: 1.000
    Evaluating card 5/6: 10H
      ISMCTS card evaluation error: not enough values to unpack (expected 5, got 4)
      ISMCTS score: 1.000
    Evaluating card 6/6: 8D
      ISMCTS card evaluation error: not enough values to unpack (expected 5, got 4)
      ISMCTS score: 0.000
    ISMCTS evaluation completed in 0.003s
    Best card: AS (score: 2.500)
-- Phase 2 begins: Trump revealed as S by Player 2 on trick 3 --
Player 2 plays AS
  Player 3 (Hybrid AI) choosing card:
    Remaining hand (6 cards): ['7S', '7H', '8C', 'QS', '7C', '8S']
    Legal cards (2): ['8C', '7C']
    Current trick: 3 cards played
    Lead suit: C
    Trump suit: S
    Strategy: ISMCTS card selection (1800 iterations, 7 samples)
    Evaluating card 1/2: 8C
      ISMCTS card evaluation error: not enough values to unpack (expected 5, got 4)
      ISMCTS score: 0.000
    Evaluating card 2/2: 7C
      ISMCTS card evaluation error: not enough values to unpack (expected 5, got 4)
      ISMCTS score: 0.000
    ISMCTS evaluation completed in 0.002s
    Best card: 8C (score: 0.000)
Player 3 plays 8C
Player 2 won the hand: 2 points

  Player 0 (AI Master) choosing card:
    Remaining hand (5 cards): ['9S', '10D', '8H', 'JS', '7D']
    Legal cards (5): ['9S', '10D', '8H', 'JS', '7D']
    Current trick: 0 cards played
    Trump suit: S
    Strategy: ISMCTS card selection (2000 iterations, 8 samples)
    Evaluating card 1/5: 9S
      ISMCTS card evaluation error: not enough values to unpack (expected 5, got 4)
      ISMCTS score: 3.000
    Evaluating card 2/5: 10D
      ISMCTS card evaluation error: not enough values to unpack (expected 5, got 4)
      ISMCTS score: 1.000
    Evaluating card 3/5: 8H
      ISMCTS card evaluation error: not enough values to unpack (expected 5, got 4)
      ISMCTS score: 0.000
    Evaluating card 4/5: JS
      ISMCTS card evaluation error: not enough values to unpack (expected 5, got 4)
      ISMCTS score: 4.500
    Evaluating card 5/5: 7D
      ISMCTS card evaluation error: not enough values to unpack (expected 5, got 4)
      ISMCTS score: 0.000
    ISMCTS evaluation completed in 0.002s
    Best card: JS (score: 4.500)
Player 0 plays JS
  Player 1 (RL Expert) choosing card:
    Remaining hand (5 cards): ['AD', 'KS', '9D', '9C', 'QH']
    Legal cards (1): ['KS']
    Current trick: 1 cards played
    Lead suit: S
    Trump suit: S
    Strategy: ISMCTS card selection (1500 iterations, 6 samples)
    Evaluating card 1/1: KS
      ISMCTS card evaluation error: not enough values to unpack (expected 5, got 4)
      ISMCTS score: 1.000
    ISMCTS evaluation completed in 0.000s
    Best card: KS (score: 1.000)
Player 1 plays KS
  Player 2 (MCTS Master) choosing card:
    Remaining hand (5 cards): ['KD', '10S', 'QD', '10H', '8D']
    Legal cards (1): ['10S']
    Current trick: 2 cards played
    Lead suit: S
    Trump suit: S
    Strategy: ISMCTS card selection (3000 iterations, 10 samples)
    Evaluating card 1/1: 10S
      ISMCTS card evaluation error: not enough values to unpack (expected 5, got 4)
      ISMCTS score: 1.500
    ISMCTS evaluation completed in 0.000s
    Best card: 10S (score: 1.500)
Player 2 plays 10S
  Player 3 (Hybrid AI) choosing card:
    Remaining hand (5 cards): ['7S', '7H', 'QS', '7C', '8S']
    Legal cards (3): ['7S', 'QS', '8S']
    Current trick: 3 cards played
    Lead suit: S
    Trump suit: S
    Strategy: ISMCTS card selection (1800 iterations, 7 samples)
    Evaluating card 1/3: 7S
      ISMCTS card evaluation error: not enough values to unpack (expected 5, got 4)
      ISMCTS score: 0.000
    Evaluating card 2/3: QS
      ISMCTS card evaluation error: not enough values to unpack (expected 5, got 4)
      ISMCTS score: 1.000
    Evaluating card 3/3: 8S
      ISMCTS card evaluation error: not enough values to unpack (expected 5, got 4)
      ISMCTS score: 0.000
    ISMCTS evaluation completed in 0.001s
    Best card: QS (score: 1.000)
Player 3 plays QS
Player 0 won the hand: 4 points

  Player 0 (AI Master) choosing card:
    Remaining hand (4 cards): ['9S', '10D', '8H', '7D']
    Legal cards (4): ['9S', '10D', '8H', '7D']
    Current trick: 0 cards played
    Trump suit: S
    Strategy: ISMCTS card selection (2000 iterations, 8 samples)
    Evaluating card 1/4: 9S
      ISMCTS card evaluation error: not enough values to unpack (expected 5, got 4)
      ISMCTS score: 3.000
    Evaluating card 2/4: 10D
      ISMCTS card evaluation error: not enough values to unpack (expected 5, got 4)
      ISMCTS score: 1.000
    Evaluating card 3/4: 8H
      ISMCTS card evaluation error: not enough values to unpack (expected 5, got 4)
      ISMCTS score: 0.000
    Evaluating card 4/4: 7D
      ISMCTS card evaluation error: not enough values to unpack (expected 5, got 4)
      ISMCTS score: 0.000
    ISMCTS evaluation completed in 0.002s
    Best card: 9S (score: 3.000)
Player 0 plays 9S
  Player 1 (RL Expert) choosing card:
    Remaining hand (4 cards): ['AD', '9D', '9C', 'QH']
    Legal cards (4): ['AD', '9D', '9C', 'QH']
    Current trick: 1 cards played
    Lead suit: S
    Trump suit: S
    Strategy: ISMCTS card selection (1500 iterations, 6 samples)
    Evaluating card 1/4: AD
      ISMCTS card evaluation error: not enough values to unpack (expected 5, got 4)
      ISMCTS score: 2.000
    Evaluating card 2/4: 9D
      ISMCTS card evaluation error: not enough values to unpack (expected 5, got 4)
      ISMCTS score: 2.000
    Evaluating card 3/4: 9C
      ISMCTS card evaluation error: not enough values to unpack (expected 5, got 4)
      ISMCTS score: 2.000
    Evaluating card 4/4: QH
      ISMCTS card evaluation error: not enough values to unpack (expected 5, got 4)
      ISMCTS score: 1.000
    ISMCTS evaluation completed in 0.001s
    Best card: AD (score: 2.000)
Player 1 plays AD
  Player 2 (MCTS Master) choosing card:
    Remaining hand (4 cards): ['KD', 'QD', '10H', '8D']
    Legal cards (4): ['KD', 'QD', '10H', '8D']
    Current trick: 2 cards played
    Lead suit: S
    Trump suit: S
    Strategy: ISMCTS card selection (3000 iterations, 10 samples)
    Evaluating card 1/4: KD
      ISMCTS card evaluation error: not enough values to unpack (expected 5, got 4)
      ISMCTS score: 1.000
    Evaluating card 2/4: QD
      ISMCTS card evaluation error: not enough values to unpack (expected 5, got 4)
      ISMCTS score: 1.000
    Evaluating card 3/4: 10H
      ISMCTS card evaluation error: not enough values to unpack (expected 5, got 4)
      ISMCTS score: 1.000
    Evaluating card 4/4: 8D
      ISMCTS card evaluation error: not enough values to unpack (expected 5, got 4)
      ISMCTS score: 0.000
    ISMCTS evaluation completed in 0.001s
    Best card: KD (score: 1.000)
Player 2 plays KD
  Player 3 (Hybrid AI) choosing card:
    Remaining hand (4 cards): ['7S', '7H', '7C', '8S']
    Legal cards (2): ['7S', '8S']
    Current trick: 3 cards played
    Lead suit: S
    Trump suit: S
    Strategy: ISMCTS card selection (1800 iterations, 7 samples)
    Evaluating card 1/2: 7S
      ISMCTS card evaluation error: not enough values to unpack (expected 5, got 4)
      ISMCTS score: 0.000
    Evaluating card 2/2: 8S
      ISMCTS card evaluation error: not enough values to unpack (expected 5, got 4)
      ISMCTS score: 0.000
    ISMCTS evaluation completed in 0.001s
    Best card: 7S (score: 0.000)
Player 3 plays 7S
Player 0 won the hand: 3 points

  Player 0 (AI Master) choosing card:
    Remaining hand (3 cards): ['10D', '8H', '7D']
    Legal cards (3): ['10D', '8H', '7D']
    Current trick: 0 cards played
    Trump suit: S
    Strategy: ISMCTS card selection (2000 iterations, 8 samples)
    Evaluating card 1/3: 10D
      ISMCTS card evaluation error: not enough values to unpack (expected 5, got 4)
      ISMCTS score: 1.000
    Evaluating card 2/3: 8H
      ISMCTS card evaluation error: not enough values to unpack (expected 5, got 4)
      ISMCTS score: 0.000
    Evaluating card 3/3: 7D
      ISMCTS card evaluation error: not enough values to unpack (expected 5, got 4)
      ISMCTS score: 0.000
    ISMCTS evaluation completed in 0.002s
    Best card: 10D (score: 1.000)
Player 0 plays 10D
  Player 1 (RL Expert) choosing card:
    Remaining hand (3 cards): ['9D', '9C', 'QH']
    Legal cards (1): ['9D']
    Current trick: 1 cards played
    Lead suit: D
    Trump suit: S
    Strategy: ISMCTS card selection (1500 iterations, 6 samples)
    Evaluating card 1/1: 9D
      ISMCTS card evaluation error: not enough values to unpack (expected 5, got 4)
      ISMCTS score: 2.000
    ISMCTS evaluation completed in 0.000s
    Best card: 9D (score: 2.000)
Player 1 plays 9D
  Player 2 (MCTS Master) choosing card:
    Remaining hand (3 cards): ['QD', '10H', '8D']
    Legal cards (2): ['QD', '8D']
    Current trick: 2 cards played
    Lead suit: D
    Trump suit: S
    Strategy: ISMCTS card selection (3000 iterations, 10 samples)
    Evaluating card 1/2: QD
      ISMCTS card evaluation error: not enough values to unpack (expected 5, got 4)
      ISMCTS score: 1.000
    Evaluating card 2/2: 8D
      ISMCTS card evaluation error: not enough values to unpack (expected 5, got 4)
      ISMCTS score: 0.000
    ISMCTS evaluation completed in 0.001s
    Best card: QD (score: 1.000)
Player 2 plays QD
  Player 3 (Hybrid AI) choosing card:
    Remaining hand (3 cards): ['7H', '7C', '8S']
    Legal cards (3): ['7H', '7C', '8S']
    Current trick: 3 cards played
    Lead suit: D
    Trump suit: S
    Strategy: ISMCTS card selection (1800 iterations, 7 samples)
    Evaluating card 1/3: 7H
      ISMCTS card evaluation error: not enough values to unpack (expected 5, got 4)
      ISMCTS score: 0.000
    Evaluating card 2/3: 7C
      ISMCTS card evaluation error: not enough values to unpack (expected 5, got 4)
      ISMCTS score: 0.000
    Evaluating card 3/3: 8S
      ISMCTS card evaluation error: not enough values to unpack (expected 5, got 4)
      ISMCTS score: 0.000
    ISMCTS evaluation completed in 0.001s
    Best card: 7H (score: 0.000)
Player 3 plays 7H
Player 1 won the hand: 3 points

  Player 0 (AI Master) choosing card:
    Remaining hand (2 cards): ['8H', '7D']
    Legal cards (2): ['8H', '7D']
    Current trick: 0 cards played
    Trump suit: S
    Strategy: ISMCTS card selection (2000 iterations, 8 samples)
    Evaluating card 1/2: 8H
      ISMCTS card evaluation error: not enough values to unpack (expected 5, got 4)
      ISMCTS score: 0.000
    Evaluating card 2/2: 7D
      ISMCTS card evaluation error: not enough values to unpack (expected 5, got 4)
      ISMCTS score: 0.000
    ISMCTS evaluation completed in 0.001s
    Best card: 8H (score: 0.000)
Player 0 plays 8H
  Player 1 (RL Expert) choosing card:
    Remaining hand (2 cards): ['9C', 'QH']
    Legal cards (1): ['QH']
    Current trick: 1 cards played
    Lead suit: H
    Trump suit: S
    Strategy: ISMCTS card selection (1500 iterations, 6 samples)
    Evaluating card 1/1: QH
      ISMCTS card evaluation error: not enough values to unpack (expected 5, got 4)
      ISMCTS score: 1.000
    ISMCTS evaluation completed in 0.000s
    Best card: QH (score: 1.000)
Player 1 plays QH
  Player 2 (MCTS Master) choosing card:
    Remaining hand (2 cards): ['10H', '8D']
    Legal cards (1): ['10H']
    Current trick: 2 cards played
    Lead suit: H
    Trump suit: S
    Strategy: ISMCTS card selection (3000 iterations, 10 samples)
    Evaluating card 1/1: 10H
      ISMCTS card evaluation error: not enough values to unpack (expected 5, got 4)
      ISMCTS score: 1.000
    ISMCTS evaluation completed in 0.000s
    Best card: 10H (score: 1.000)
Player 2 plays 10H
  Player 3 (Hybrid AI) choosing card:
    Remaining hand (2 cards): ['7C', '8S']
    Legal cards (2): ['7C', '8S']
    Current trick: 3 cards played
    Lead suit: H
    Trump suit: S
    Strategy: ISMCTS card selection (1800 iterations, 7 samples)
    Evaluating card 1/2: 7C
      ISMCTS card evaluation error: not enough values to unpack (expected 5, got 4)
      ISMCTS score: 0.000
    Evaluating card 2/2: 8S
      ISMCTS card evaluation error: not enough values to unpack (expected 5, got 4)
      ISMCTS score: 0.000
    ISMCTS evaluation completed in 0.001s
    Best card: 7C (score: 0.000)
Player 3 plays 7C
Player 2 won the hand: 1 points

  Player 0 (AI Master) choosing card:
    Remaining hand (1 cards): ['7D']
    Legal cards (1): ['7D']
    Current trick: 0 cards played
    Trump suit: S
    Strategy: ISMCTS card selection (2000 iterations, 8 samples)
    Evaluating card 1/1: 7D
      ISMCTS card evaluation error: not enough values to unpack (expected 5, got 4)
      ISMCTS score: 0.000
    ISMCTS evaluation completed in 0.001s
    Best card: 7D (score: 0.000)
Player 0 plays 7D
  Player 1 (RL Expert) choosing card:
    Remaining hand (1 cards): ['9C']
    Legal cards (1): ['9C']
    Current trick: 1 cards played
    Lead suit: D
    Trump suit: S
    Strategy: ISMCTS card selection (1500 iterations, 6 samples)
    Evaluating card 1/1: 9C
      ISMCTS card evaluation error: not enough values to unpack (expected 5, got 4)
      ISMCTS score: 2.000
    ISMCTS evaluation completed in 0.000s
    Best card: 9C (score: 2.000)
Player 1 plays 9C
  Player 2 (MCTS Master) choosing card:
    Remaining hand (1 cards): ['8D']
    Legal cards (1): ['8D']
    Current trick: 2 cards played
    Lead suit: D
    Trump suit: S
    Strategy: ISMCTS card selection (3000 iterations, 10 samples)
    Evaluating card 1/1: 8D
      ISMCTS card evaluation error: No valid moves available and no cards in hand
      ISMCTS score: 0.000
    ISMCTS evaluation completed in 0.001s
    Best card: 8D (score: 0.000)
Player 2 plays 8D
  Player 3 (Hybrid AI) choosing card:
    Remaining hand (1 cards): ['8S']
    Legal cards (1): ['8S']
    Current trick: 3 cards played
    Lead suit: D
    Trump suit: S
    Strategy: ISMCTS card selection (1800 iterations, 7 samples)
    Evaluating card 1/1: 8S
      ISMCTS card evaluation error: No valid moves available and no cards in hand
      ISMCTS score: 0.000
    ISMCTS evaluation completed in 0.001s
    Best card: 8S (score: 0.000)
Player 3 plays 8S
Player 3 won the hand: 2 points

=== GAME SUMMARY ===
Team A (Players 0 & 2): 10 points
Team B (Players 1 & 3): 18 points
Bidder: Player 3 (Team B)
Winning Bid: 16
Bid Success: YES
Game Winner: Team B (Players 1 & 3)
Total Tricks: 8