
===== GAME 3 (20250825_095719_047) =====
Player 0 initial hand (bidding): ['QH', '9C', 'QD', 'QS']
Player 1 initial hand (bidding): ['9S', '7D', 'QC', '7S']
Player 2 initial hand (bidding): ['JS', 'KS', '8H', 'JH']
Player 3 initial hand (bidding): ['10D', 'AS', '7H', 'KD']

  Player 0 (Belief Master) analyzing bid:
    Bidding hand (first 4): ['QH', '9C', 'QD', 'QS']
    Hand strength: 0.071
    Current bid: 16
    Point prediction: -0.0 points
    Belief model: Opponent hand probabilities calculated
    Strategy: Belief Model Bidding (NO HEURISTICS)
    Belief model predictions obtained
    Pass evaluation score: 0.000
    Bid 17 evaluation score: -0.827
    Bid 18 evaluation score: -0.827
    Bid 19 evaluation score: -0.827
    Best decision: PASS (score: 0.000)
Pass: Player 0 (min_allowed=17)
  Player 1 (Belief Expert) analyzing bid:
    Bidding hand (first 4): ['9S', '7D', 'QC', '7S']
    Hand strength: 0.071
    Current bid: 16
    Point prediction: -0.0 points
    Belief model: Opponent hand probabilities calculated
    Strategy: Belief Model Bidding (NO HEURISTICS)
    Belief model predictions obtained
    Pass evaluation score: 0.000
    Bid 17 evaluation score: -0.829
    Bid 18 evaluation score: -0.829
    Bid 19 evaluation score: -0.829
    Best decision: PASS (score: 0.000)
Pass: Player 1 (min_allowed=17)
  Player 2 (Belief Pro) analyzing bid:
    Bidding hand (first 4): ['JS', 'KS', '8H', 'JH']
    Hand strength: 0.214
    Current bid: 16
    Point prediction: -0.0 points
    Belief model: Opponent hand probabilities calculated
    Strategy: Belief Model Bidding (NO HEURISTICS)
    Belief model predictions obtained
    Pass evaluation score: 0.000
    Bid 17 evaluation score: -0.827
    Bid 18 evaluation score: -0.827
    Bid 19 evaluation score: -0.827
    Best decision: PASS (score: 0.000)
Pass: Player 2 (min_allowed=17)
Auction winner: Player 3 with bid 16
    Strategy: Belief-based trump selection
    Selected trump: D (score: 4.10)
Bidder sets concealed trump suit: D
Phase: concealed, bidder concealed card: [face-down trump]

Full hands (8 cards each):
Player 0 full hand: ['QH', '9C', 'QD', 'QS', 'JD', '10S', '9D', '8C']
Player 1 full hand: ['9S', '7D', 'QC', '7S', '8S', 'JC', '7C', '8D']
Player 2 full hand: ['JS', 'KS', '8H', 'JH', 'KH', 'AC', 'AH', '10C']
Player 3 full hand: ['AS', '7H', 'KD', '9H', 'KC', 'AD', '10H']

  Player 0 (Belief Master) choosing card:
    Remaining hand (8 cards): ['QH', '9C', 'QD', 'QS', 'JD', '10S', '9D', '8C']
    Legal cards (5): ['QH', '9C', 'QS', '10S', '8C']
    Current trick: 0 cards played
    Trump suit: D
    Strategy: Belief Model Card Selection (NO HEURISTICS)
    Belief model predictions obtained
    Evaluating card 1/5: QH
      Belief model score: 0.000
    Evaluating card 2/5: 9C
      Belief model score: 3.000
    Evaluating card 3/5: QS
      Belief model score: 0.000
    Evaluating card 4/5: 10S
      Belief model score: 1.000
    Evaluating card 5/5: 8C
      Belief model score: 1.000
    Belief model evaluation completed
    Best card: 9C (score: 3.000)
Player 0 plays 9C
  Player 1 (Belief Expert) choosing card:
    Remaining hand (8 cards): ['9S', '7D', 'QC', '7S', '8S', 'JC', '7C', '8D']
    Legal cards (3): ['QC', 'JC', '7C']
    Current trick: 1 cards played
    Lead suit: C
    Trump suit: D
    Strategy: Belief Model Card Selection (NO HEURISTICS)
    Belief model predictions obtained
    Evaluating card 1/3: QC
      Belief model score: 1.000
    Evaluating card 2/3: JC
      Belief model score: 8.000
    Evaluating card 3/3: 7C
      Belief model score: 2.000
    Belief model evaluation completed
    Best card: JC (score: 8.000)
Player 1 plays JC
  Player 2 (Belief Pro) choosing card:
    Remaining hand (8 cards): ['JS', 'KS', '8H', 'JH', 'KH', 'AC', 'AH', '10C']
    Legal cards (2): ['AC', '10C']
    Current trick: 2 cards played
    Lead suit: C
    Trump suit: D
    Strategy: Belief Model Card Selection (NO HEURISTICS)
    Belief model predictions obtained
    Evaluating card 1/2: AC
      Belief model score: 3.000
    Evaluating card 2/2: 10C
      Belief model score: 2.000
    Belief model evaluation completed
    Best card: AC (score: 3.000)
Player 2 plays AC
  Player 3 (Belief Champion) choosing card:
    Remaining hand (7 cards): ['AS', '7H', 'KD', '9H', 'KC', 'AD', '10H']
    Legal cards (1): ['KC']
    Current trick: 3 cards played
    Lead suit: C
    Trump suit: D
    Strategy: Belief Model Card Selection (NO HEURISTICS)
    Belief model predictions obtained
    Evaluating card 1/1: KC
      Belief model score: 2.000
    Belief model evaluation completed
    Best card: KC (score: 2.000)
Player 3 plays KC
Player 1 won the hand: 6 points

  Player 0 (Belief Master) choosing card:
    Remaining hand (7 cards): ['QH', 'QD', 'QS', 'JD', '10S', '9D', '8C']
    Legal cards (4): ['QH', 'QS', '10S', '8C']
    Current trick: 0 cards played
    Trump suit: D
    Strategy: Belief Model Card Selection (NO HEURISTICS)
    Belief model predictions obtained
    Evaluating card 1/4: QH
      Belief model score: 0.000
    Evaluating card 2/4: QS
      Belief model score: 0.000
    Evaluating card 3/4: 10S
      Belief model score: 1.000
    Evaluating card 4/4: 8C
      Belief model score: 1.000
    Belief model evaluation completed
    Best card: 10S (score: 1.000)
Player 0 plays 10S
  Player 1 (Belief Expert) choosing card:
    Remaining hand (7 cards): ['9S', '7D', 'QC', '7S', '8S', '7C', '8D']
    Legal cards (3): ['9S', '7S', '8S']
    Current trick: 1 cards played
    Lead suit: S
    Trump suit: D
    Strategy: Belief Model Card Selection (NO HEURISTICS)
    Belief model predictions obtained
    Evaluating card 1/3: 9S
      Belief model score: 8.000
    Evaluating card 2/3: 7S
      Belief model score: 2.000
    Evaluating card 3/3: 8S
      Belief model score: 2.000
    Belief model evaluation completed
    Best card: 9S (score: 8.000)
Player 1 plays 9S
  Player 2 (Belief Pro) choosing card:
    Remaining hand (7 cards): ['JS', 'KS', '8H', 'JH', 'KH', 'AH', '10C']
    Legal cards (2): ['JS', 'KS']
    Current trick: 2 cards played
    Lead suit: S
    Trump suit: D
    Strategy: Belief Model Card Selection (NO HEURISTICS)
    Belief model predictions obtained
    Evaluating card 1/2: JS
      Belief model score: 8.000
    Evaluating card 2/2: KS
      Belief model score: 2.000
    Belief model evaluation completed
    Best card: JS (score: 8.000)
Player 2 plays JS
  Player 3 (Belief Champion) choosing card:
    Remaining hand (6 cards): ['AS', '7H', 'KD', '9H', 'AD', '10H']
    Legal cards (1): ['AS']
    Current trick: 3 cards played
    Lead suit: S
    Trump suit: D
    Strategy: Belief Model Card Selection (NO HEURISTICS)
    Belief model predictions obtained
    Evaluating card 1/1: AS
      Belief model score: 3.000
    Belief model evaluation completed
    Best card: AS (score: 3.000)
Player 3 plays AS
Player 2 won the hand: 7 points

  Player 0 (Belief Master) choosing card:
    Remaining hand (6 cards): ['QH', 'QD', 'QS', 'JD', '9D', '8C']
    Legal cards (3): ['QH', 'QS', '8C']
    Current trick: 0 cards played
    Trump suit: D
    Strategy: Belief Model Card Selection (NO HEURISTICS)
    Belief model predictions obtained
    Evaluating card 1/3: QH
      Belief model score: 0.000
    Evaluating card 2/3: QS
      Belief model score: 0.000
    Evaluating card 3/3: 8C
      Belief model score: 1.000
    Belief model evaluation completed
    Best card: 8C (score: 1.000)
Player 0 plays 8C
  Player 1 (Belief Expert) choosing card:
    Remaining hand (6 cards): ['7D', 'QC', '7S', '8S', '7C', '8D']
    Legal cards (2): ['QC', '7C']
    Current trick: 1 cards played
    Lead suit: C
    Trump suit: D
    Strategy: Belief Model Card Selection (NO HEURISTICS)
    Belief model predictions obtained
    Evaluating card 1/2: QC
      Belief model score: 1.000
    Evaluating card 2/2: 7C
      Belief model score: 2.000
    Belief model evaluation completed
    Best card: 7C (score: 2.000)
Player 1 plays 7C
  Player 2 (Belief Pro) choosing card:
    Remaining hand (6 cards): ['KS', '8H', 'JH', 'KH', 'AH', '10C']
    Legal cards (1): ['10C']
    Current trick: 2 cards played
    Lead suit: C
    Trump suit: D
    Strategy: Belief Model Card Selection (NO HEURISTICS)
    Belief model predictions obtained
    Evaluating card 1/1: 10C
      Belief model score: 6.000
    Belief model evaluation completed
    Best card: 10C (score: 6.000)
Player 2 plays 10C
  Player 3 (Belief Champion) choosing card:
    Remaining hand (5 cards): ['7H', 'KD', '9H', 'AD', '10H']
    Legal cards (5): ['7H', 'KD', '9H', 'AD', '10H']
    Current trick: 3 cards played
    Lead suit: C
    Trump suit: D
    Strategy: Belief Model Card Selection (NO HEURISTICS)
    Belief model predictions obtained
    Evaluating card 1/5: 7H
      Belief model score: 1.500
    Evaluating card 2/5: KD
      Belief model score: 4.000
    Evaluating card 3/5: 9H
      Belief model score: 7.500
    Evaluating card 4/5: AD
      Belief model score: 5.000
    Evaluating card 5/5: 10H
      Belief model score: 1.500
    Belief model evaluation completed
    Best card: 9H (score: 7.500)
Player 3 plays 9H
Player 2 won the hand: 3 points

  Player 0 (Belief Master) choosing card:
    Remaining hand (5 cards): ['QH', 'QD', 'QS', 'JD', '9D']
    Legal cards (2): ['QH', 'QS']
    Current trick: 0 cards played
    Trump suit: D
    Strategy: Belief Model Card Selection (NO HEURISTICS)
    Belief model predictions obtained
    Evaluating card 1/2: QH
      Belief model score: 0.000
    Evaluating card 2/2: QS
      Belief model score: 0.000
    Belief model evaluation completed
    Best card: QH (score: 0.000)
Player 0 plays QH
  Player 1 (Belief Expert) choosing card:
    Remaining hand (5 cards): ['7D', 'QC', '7S', '8S', '8D']
    Legal cards (5): ['7D', 'QC', '7S', '8S', '8D']
    Current trick: 1 cards played
    Lead suit: H
    Trump suit: D
    Strategy: Belief Model Card Selection (NO HEURISTICS)
    Belief model predictions obtained
    Evaluating card 1/5: 7D
      Belief model score: 4.000
    Evaluating card 2/5: QC
      Belief model score: 0.500
    Evaluating card 3/5: 7S
      Belief model score: 1.500
    Evaluating card 4/5: 8S
      Belief model score: 1.500
    Evaluating card 5/5: 8D
      Belief model score: 4.000
    Belief model evaluation completed
    Best card: 7D (score: 4.000)
-- Phase 2 begins: Trump revealed as D by Player 1 on trick 4 --
Player 1 plays 7D
  Player 2 (Belief Pro) choosing card:
    Remaining hand (5 cards): ['KS', '8H', 'JH', 'KH', 'AH']
    Legal cards (4): ['8H', 'JH', 'KH', 'AH']
    Current trick: 2 cards played
    Lead suit: H
    Trump suit: D
    Strategy: Belief Model Card Selection (NO HEURISTICS)
    Belief model predictions obtained
    Evaluating card 1/4: 8H
      Belief model score: 2.000
    Evaluating card 2/4: JH
      Belief model score: 8.000
    Evaluating card 3/4: KH
      Belief model score: 1.000
    Evaluating card 4/4: AH
      Belief model score: 6.000
    Belief model evaluation completed
    Best card: JH (score: 8.000)
Player 2 plays JH
  Player 3 (Belief Champion) choosing card:
    Remaining hand (5 cards): ['7H', 'KD', 'AD', '10H', '10D']
    Legal cards (2): ['7H', '10H']
    Current trick: 3 cards played
    Lead suit: H
    Trump suit: D
    Strategy: Belief Model Card Selection (NO HEURISTICS)
    Belief model predictions obtained
    Evaluating card 1/2: 7H
      Belief model score: 2.000
    Evaluating card 2/2: 10H
      Belief model score: 2.000
    Belief model evaluation completed
    Best card: 7H (score: 2.000)
Player 3 plays 7H
Player 1 won the hand: 3 points

  Player 0 (Belief Master) choosing card:
    Remaining hand (4 cards): ['QD', 'QS', 'JD', '9D']
    Legal cards (4): ['QD', 'QS', 'JD', '9D']
    Current trick: 0 cards played
    Trump suit: D
    Strategy: Belief Model Card Selection (NO HEURISTICS)
    Belief model predictions obtained
    Evaluating card 1/4: QD
      Belief model score: 2.000
    Evaluating card 2/4: QS
      Belief model score: 0.000
    Evaluating card 3/4: JD
      Belief model score: 5.000
    Evaluating card 4/4: 9D
      Belief model score: 5.000
    Belief model evaluation completed
    Best card: JD (score: 5.000)
Player 0 plays JD
  Player 1 (Belief Expert) choosing card:
    Remaining hand (4 cards): ['QC', '7S', '8S', '8D']
    Legal cards (1): ['8D']
    Current trick: 1 cards played
    Lead suit: D
    Trump suit: D
    Strategy: Belief Model Card Selection (NO HEURISTICS)
    Belief model predictions obtained
    Evaluating card 1/1: 8D
      Belief model score: 4.000
    Belief model evaluation completed
    Best card: 8D (score: 4.000)
Player 1 plays 8D
  Player 2 (Belief Pro) choosing card:
    Remaining hand (4 cards): ['KS', '8H', 'KH', 'AH']
    Legal cards (4): ['KS', '8H', 'KH', 'AH']
    Current trick: 2 cards played
    Lead suit: D
    Trump suit: D
    Strategy: Belief Model Card Selection (NO HEURISTICS)
    Belief model predictions obtained
    Evaluating card 1/4: KS
      Belief model score: 0.500
    Evaluating card 2/4: 8H
      Belief model score: 1.500
    Evaluating card 3/4: KH
      Belief model score: 0.500
    Evaluating card 4/4: AH
      Belief model score: 1.500
    Belief model evaluation completed
    Best card: 8H (score: 1.500)
Player 2 plays 8H
  Player 3 (Belief Champion) choosing card:
    Remaining hand (4 cards): ['KD', 'AD', '10H', '10D']
    Legal cards (3): ['KD', 'AD', '10D']
    Current trick: 3 cards played
    Lead suit: D
    Trump suit: D
    Strategy: Belief Model Card Selection (NO HEURISTICS)
    Belief model predictions obtained
    Evaluating card 1/3: KD
      Belief model score: 3.000
    Evaluating card 2/3: AD
      Belief model score: 4.000
    Evaluating card 3/3: 10D
      Belief model score: 4.000
    Belief model evaluation completed
    Best card: AD (score: 4.000)
Player 3 plays AD
Player 0 won the hand: 4 points

  Player 0 (Belief Master) choosing card:
    Remaining hand (3 cards): ['QD', 'QS', '9D']
    Legal cards (3): ['QD', 'QS', '9D']
    Current trick: 0 cards played
    Trump suit: D
    Strategy: Belief Model Card Selection (NO HEURISTICS)
    Belief model predictions obtained
    Evaluating card 1/3: QD
      Belief model score: 2.000
    Evaluating card 2/3: QS
      Belief model score: 6.000
    Evaluating card 3/3: 9D
      Belief model score: 5.000
    Belief model evaluation completed
    Best card: QS (score: 6.000)
Player 0 plays QS
  Player 1 (Belief Expert) choosing card:
    Remaining hand (3 cards): ['QC', '7S', '8S']
    Legal cards (2): ['7S', '8S']
    Current trick: 1 cards played
    Lead suit: S
    Trump suit: D
    Strategy: Belief Model Card Selection (NO HEURISTICS)
    Belief model predictions obtained
    Evaluating card 1/2: 7S
      Belief model score: 8.000
    Evaluating card 2/2: 8S
      Belief model score: 8.000
    Belief model evaluation completed
    Best card: 7S (score: 8.000)
Player 1 plays 7S
  Player 2 (Belief Pro) choosing card:
    Remaining hand (3 cards): ['KS', 'KH', 'AH']
    Legal cards (1): ['KS']
    Current trick: 2 cards played
    Lead suit: S
    Trump suit: D
    Strategy: Belief Model Card Selection (NO HEURISTICS)
    Belief model predictions obtained
    Evaluating card 1/1: KS
      Belief model score: 7.000
    Belief model evaluation completed
    Best card: KS (score: 7.000)
Player 2 plays KS
  Player 3 (Belief Champion) choosing card:
    Remaining hand (3 cards): ['KD', '10H', '10D']
    Legal cards (3): ['KD', '10H', '10D']
    Current trick: 3 cards played
    Lead suit: S
    Trump suit: D
    Strategy: Belief Model Card Selection (NO HEURISTICS)
    Belief model predictions obtained
    Evaluating card 1/3: KD
      Belief model score: 5.000
    Evaluating card 2/3: 10H
      Belief model score: 5.500
    Evaluating card 3/3: 10D
      Belief model score: 10.000
    Belief model evaluation completed
    Best card: 10D (score: 10.000)
Player 3 plays 10D
Player 3 won the hand: 1 points

  Player 0 (Belief Master) choosing card:
    Remaining hand (2 cards): ['QD', '9D']
    Legal cards (2): ['QD', '9D']
    Current trick: 0 cards played
    Trump suit: D
    Strategy: Belief Model Card Selection (NO HEURISTICS)
    Belief model predictions obtained
    Evaluating card 1/2: QD
      Belief model score: 2.000
    Evaluating card 2/2: 9D
      Belief model score: 5.000
    Belief model evaluation completed
    Best card: 9D (score: 5.000)
Player 0 plays 9D
  Player 1 (Belief Expert) choosing card:
    Remaining hand (2 cards): ['QC', '8S']
    Legal cards (2): ['QC', '8S']
    Current trick: 1 cards played
    Lead suit: D
    Trump suit: D
    Strategy: Belief Model Card Selection (NO HEURISTICS)
    Belief model predictions obtained
    Evaluating card 1/2: QC
      Belief model score: 0.500
    Evaluating card 2/2: 8S
      Belief model score: 7.500
    Belief model evaluation completed
    Best card: 8S (score: 7.500)
Player 1 plays 8S
  Player 2 (Belief Pro) choosing card:
    Remaining hand (2 cards): ['KH', 'AH']
    Legal cards (2): ['KH', 'AH']
    Current trick: 2 cards played
    Lead suit: D
    Trump suit: D
    Strategy: Belief Model Card Selection (NO HEURISTICS)
    Belief model predictions obtained
    Evaluating card 1/2: KH
      Belief model score: 0.500
    Evaluating card 2/2: AH
      Belief model score: 1.500
    Belief model evaluation completed
    Best card: AH (score: 1.500)
Player 2 plays AH
  Player 3 (Belief Champion) choosing card:
    Remaining hand (2 cards): ['KD', '10H']
    Legal cards (1): ['KD']
    Current trick: 3 cards played
    Lead suit: D
    Trump suit: D
    Strategy: Belief Model Card Selection (NO HEURISTICS)
    Belief model predictions obtained
    Evaluating card 1/1: KD
      Belief model score: 3.000
    Belief model evaluation completed
    Best card: KD (score: 3.000)
Player 3 plays KD
Player 0 won the hand: 3 points

  Player 0 (Belief Master) choosing card:
    Remaining hand (1 cards): ['QD']
    Legal cards (1): ['QD']
    Current trick: 0 cards played
    Trump suit: D
    Strategy: Belief Model Card Selection (NO HEURISTICS)
    Belief model predictions obtained
    Evaluating card 1/1: QD
      Belief model score: 2.000
    Belief model evaluation completed
    Best card: QD (score: 2.000)
Player 0 plays QD
  Player 1 (Belief Expert) choosing card:
    Remaining hand (1 cards): ['QC']
    Legal cards (1): ['QC']
    Current trick: 1 cards played
    Lead suit: D
    Trump suit: D
    Strategy: Belief Model Card Selection (NO HEURISTICS)
    Belief model predictions obtained
    Evaluating card 1/1: QC
      Belief model score: 6.500
    Belief model evaluation completed
    Best card: QC (score: 6.500)
Player 1 plays QC
  Player 2 (Belief Pro) choosing card:
    Remaining hand (1 cards): ['KH']
    Legal cards (1): ['KH']
    Current trick: 2 cards played
    Lead suit: D
    Trump suit: D
    Strategy: Belief Model Card Selection (NO HEURISTICS)
    Belief model predictions obtained
    Evaluating card 1/1: KH
      Belief model score: 0.500
    Belief model evaluation completed
    Best card: KH (score: 0.500)
Player 2 plays KH
  Player 3 (Belief Champion) choosing card:
    Remaining hand (1 cards): ['10H']
    Legal cards (1): ['10H']
    Current trick: 3 cards played
    Lead suit: D
    Trump suit: D
    Strategy: Belief Model Card Selection (NO HEURISTICS)
    Belief model predictions obtained
    Evaluating card 1/1: 10H
      Belief model score: 5.500
    Belief model evaluation completed
    Best card: 10H (score: 5.500)
Player 3 plays 10H
Player 0 won the hand: 1 points

=== GAME SUMMARY ===
Team A (Players 0 & 2): 18 points
Team B (Players 1 & 3): 10 points
Bidder: Player 3 (Team B)
Winning Bid: 16
Bid Success: NO
Game Winner: Team B (Players 1 & 3)
Total Tricks: 8