
===== GAME 1 (20250824_143714_990) =====
Player 0 initial hand (bidding): ['AH', 'QS', '8S', '10C']
Player 1 initial hand (bidding): ['KS', '8D', 'QD', '7D']
Player 2 initial hand (bidding): ['7S', 'KD', '10D', '7C']
Player 3 initial hand (bidding): ['9D', 'JD', 'AS', '7H']

  Player 0 (Belief Master) analyzing bid:
    Bidding hand (first 4): ['AH', 'QS', '8S', '10C']
    Hand strength: 0.071
    Current bid: 16
Point prediction error: shape '[1, 7, -1]' is invalid for input of size 52
    Point prediction: 0.0 points
    Belief model failed: 'Game28State' object has no attribute 'game_progress'
    Strategy: Belief Model Bidding (NO HEURISTICS)
    Belief model bidding error: 'Game28State' object has no attribute 'game_progress'
Pass: Player 0 (min_allowed=17)
  Player 1 (Belief Expert) analyzing bid:
    Bidding hand (first 4): ['KS', '8D', 'QD', '7D']
    Hand strength: 0.000
    Current bid: 16
Point prediction error: shape '[1, 7, -1]' is invalid for input of size 52
    Point prediction: 0.0 points
    Belief model failed: 'Game28State' object has no attribute 'game_progress'
    Strategy: Belief Model Bidding (NO HEURISTICS)
    Belief model bidding error: 'Game28State' object has no attribute 'game_progress'
Pass: Player 1 (min_allowed=17)
  Player 2 (Belief Pro) analyzing bid:
    Bidding hand (first 4): ['7S', 'KD', '10D', '7C']
    Hand strength: 0.036
    Current bid: 16
Point prediction error: shape '[1, 7, -1]' is invalid for input of size 52
    Point prediction: 0.0 points
    Belief model failed: 'Game28State' object has no attribute 'game_progress'
    Strategy: Belief Model Bidding (NO HEURISTICS)
    Belief model bidding error: 'Game28State' object has no attribute 'game_progress'
Pass: Player 2 (min_allowed=17)
Auction winner: Player 3 with bid 16
    Strategy: Belief-based trump selection
    Belief-based trump selection error: 'Game28State' object has no attribute 'game_progress'
Bidder sets concealed trump suit: D
Phase: concealed, bidder concealed card: [face-down trump]

Full hands (8 cards each):
Player 0 full hand: ['AH', 'QS', '8S', '10C', 'KC', '8H', '9S', '10S']
Player 1 full hand: ['KS', '8D', 'QD', '7D', 'AC', 'QH', 'JH', 'AD']
Player 2 full hand: ['7S', 'KD', '10D', '7C', 'QC', 'JC', '9H', '10H']
Player 3 full hand: ['9D', 'AS', '7H', '8C', 'KH', 'JS', '9C']

  Player 0 (Belief Master) choosing card:
    Remaining hand (8 cards): ['AH', 'QS', '8S', '10C', 'KC', '8H', '9S', '10S']
    Legal cards (8): ['AH', 'QS', '8S', '10C', 'KC', '8H', '9S', '10S']
    Current trick: 0 cards played
    Trump suit: D
    Strategy: Belief Model Card Selection (NO HEURISTICS)
    Belief model card selection error: 'Game28State' object has no attribute 'game_progress'
Player 0 plays 9S
  Player 1 (Belief Expert) choosing card:
    Remaining hand (8 cards): ['KS', '8D', 'QD', '7D', 'AC', 'QH', 'JH', 'AD']
    Legal cards (1): ['KS']
    Current trick: 1 cards played
    Lead suit: S
    Trump suit: D
    Strategy: Belief Model Card Selection (NO HEURISTICS)
    Belief model card selection error: 'Game28State' object has no attribute 'game_progress'
Player 1 plays KS
  Player 2 (Belief Pro) choosing card:
    Remaining hand (8 cards): ['7S', 'KD', '10D', '7C', 'QC', 'JC', '9H', '10H']
    Legal cards (1): ['7S']
    Current trick: 2 cards played
    Lead suit: S
    Trump suit: D
    Strategy: Belief Model Card Selection (NO HEURISTICS)
    Belief model card selection error: 'Game28State' object has no attribute 'game_progress'
Player 2 plays 7S
  Player 3 (Belief Champion) choosing card:
    Remaining hand (7 cards): ['9D', 'AS', '7H', '8C', 'KH', 'JS', '9C']
    Legal cards (2): ['AS', 'JS']
    Current trick: 3 cards played
    Lead suit: S
    Trump suit: D
    Strategy: Belief Model Card Selection (NO HEURISTICS)
    Belief model card selection error: 'Game28State' object has no attribute 'game_progress'
Player 3 plays JS
Player 3 won the hand: 5 points

  Player 0 (Belief Master) choosing card:
    Remaining hand (7 cards): ['AH', 'QS', '8S', '10C', 'KC', '8H', '10S']
    Legal cards (7): ['AH', 'QS', '8S', '10C', 'KC', '8H', '10S']
    Current trick: 0 cards played
    Trump suit: D
    Strategy: Belief Model Card Selection (NO HEURISTICS)
    Belief model card selection error: 'Game28State' object has no attribute 'game_progress'
Player 0 plays AH
  Player 1 (Belief Expert) choosing card:
    Remaining hand (7 cards): ['8D', 'QD', '7D', 'AC', 'QH', 'JH', 'AD']
    Legal cards (2): ['QH', 'JH']
    Current trick: 1 cards played
    Lead suit: H
    Trump suit: D
    Strategy: Belief Model Card Selection (NO HEURISTICS)
    Belief model card selection error: 'Game28State' object has no attribute 'game_progress'
Player 1 plays JH
  Player 2 (Belief Pro) choosing card:
    Remaining hand (7 cards): ['KD', '10D', '7C', 'QC', 'JC', '9H', '10H']
    Legal cards (2): ['9H', '10H']
    Current trick: 2 cards played
    Lead suit: H
    Trump suit: D
    Strategy: Belief Model Card Selection (NO HEURISTICS)
    Belief model card selection error: 'Game28State' object has no attribute 'game_progress'
Player 2 plays 9H
  Player 3 (Belief Champion) choosing card:
    Remaining hand (6 cards): ['9D', 'AS', '7H', '8C', 'KH', '9C']
    Legal cards (2): ['7H', 'KH']
    Current trick: 3 cards played
    Lead suit: H
    Trump suit: D
    Strategy: Belief Model Card Selection (NO HEURISTICS)
    Belief model card selection error: 'Game28State' object has no attribute 'game_progress'
Player 3 plays 7H
Player 1 won the hand: 6 points

  Player 0 (Belief Master) choosing card:
    Remaining hand (6 cards): ['QS', '8S', '10C', 'KC', '8H', '10S']
    Legal cards (6): ['QS', '8S', '10C', 'KC', '8H', '10S']
    Current trick: 0 cards played
    Trump suit: D
    Strategy: Belief Model Card Selection (NO HEURISTICS)
    Belief model card selection error: 'Game28State' object has no attribute 'game_progress'
Player 0 plays 10C
  Player 1 (Belief Expert) choosing card:
    Remaining hand (6 cards): ['8D', 'QD', '7D', 'AC', 'QH', 'AD']
    Legal cards (1): ['AC']
    Current trick: 1 cards played
    Lead suit: C
    Trump suit: D
    Strategy: Belief Model Card Selection (NO HEURISTICS)
    Belief model card selection error: 'Game28State' object has no attribute 'game_progress'
Player 1 plays AC
  Player 2 (Belief Pro) choosing card:
    Remaining hand (6 cards): ['KD', '10D', '7C', 'QC', 'JC', '10H']
    Legal cards (3): ['7C', 'QC', 'JC']
    Current trick: 2 cards played
    Lead suit: C
    Trump suit: D
    Strategy: Belief Model Card Selection (NO HEURISTICS)
    Belief model card selection error: 'Game28State' object has no attribute 'game_progress'
Player 2 plays JC
  Player 3 (Belief Champion) choosing card:
    Remaining hand (5 cards): ['9D', 'AS', '8C', 'KH', '9C']
    Legal cards (2): ['8C', '9C']
    Current trick: 3 cards played
    Lead suit: C
    Trump suit: D
    Strategy: Belief Model Card Selection (NO HEURISTICS)
    Belief model card selection error: 'Game28State' object has no attribute 'game_progress'
Player 3 plays 9C
Player 2 won the hand: 7 points

  Player 0 (Belief Master) choosing card:
    Remaining hand (5 cards): ['QS', '8S', 'KC', '8H', '10S']
    Legal cards (5): ['QS', '8S', 'KC', '8H', '10S']
    Current trick: 0 cards played
    Trump suit: D
    Strategy: Belief Model Card Selection (NO HEURISTICS)
    Belief model card selection error: 'Game28State' object has no attribute 'game_progress'
Player 0 plays 10S
  Player 1 (Belief Expert) choosing card:
    Remaining hand (5 cards): ['8D', 'QD', '7D', 'QH', 'AD']
    Legal cards (5): ['8D', 'QD', '7D', 'QH', 'AD']
    Current trick: 1 cards played
    Lead suit: S
    Trump suit: D
    Strategy: Belief Model Card Selection (NO HEURISTICS)
    Belief model card selection error: 'Game28State' object has no attribute 'game_progress'
-- Phase 2 begins: Trump revealed as D by Player 1 on trick 4 --
Player 1 plays AD
  Player 2 (Belief Pro) choosing card:
    Remaining hand (5 cards): ['KD', '10D', '7C', 'QC', '10H']
    Legal cards (5): ['KD', '10D', '7C', 'QC', '10H']
    Current trick: 2 cards played
    Lead suit: S
    Trump suit: D
    Strategy: Belief Model Card Selection (NO HEURISTICS)
    Belief model card selection error: 'Game28State' object has no attribute 'game_progress'
Player 2 plays 10D
  Player 3 (Belief Champion) choosing card:
    Remaining hand (5 cards): ['9D', 'AS', '8C', 'KH', 'JD']
    Legal cards (1): ['AS']
    Current trick: 3 cards played
    Lead suit: S
    Trump suit: D
    Strategy: Belief Model Card Selection (NO HEURISTICS)
    Belief model card selection error: 'Game28State' object has no attribute 'game_progress'
Player 3 plays AS
Player 1 won the hand: 4 points

  Player 0 (Belief Master) choosing card:
    Remaining hand (4 cards): ['QS', '8S', 'KC', '8H']
    Legal cards (4): ['QS', '8S', 'KC', '8H']
    Current trick: 0 cards played
    Trump suit: D
    Strategy: Belief Model Card Selection (NO HEURISTICS)
    Belief model card selection error: 'Game28State' object has no attribute 'game_progress'
Player 0 plays QS
  Player 1 (Belief Expert) choosing card:
    Remaining hand (4 cards): ['8D', 'QD', '7D', 'QH']
    Legal cards (4): ['8D', 'QD', '7D', 'QH']
    Current trick: 1 cards played
    Lead suit: S
    Trump suit: D
    Strategy: Belief Model Card Selection (NO HEURISTICS)
    Belief model card selection error: 'Game28State' object has no attribute 'game_progress'
Player 1 plays 8D
  Player 2 (Belief Pro) choosing card:
    Remaining hand (4 cards): ['KD', '7C', 'QC', '10H']
    Legal cards (4): ['KD', '7C', 'QC', '10H']
    Current trick: 2 cards played
    Lead suit: S
    Trump suit: D
    Strategy: Belief Model Card Selection (NO HEURISTICS)
    Belief model card selection error: 'Game28State' object has no attribute 'game_progress'
Player 2 plays 10H
  Player 3 (Belief Champion) choosing card:
    Remaining hand (4 cards): ['9D', '8C', 'KH', 'JD']
    Legal cards (4): ['9D', '8C', 'KH', 'JD']
    Current trick: 3 cards played
    Lead suit: S
    Trump suit: D
    Strategy: Belief Model Card Selection (NO HEURISTICS)
    Belief model card selection error: 'Game28State' object has no attribute 'game_progress'
Player 3 plays JD
Player 3 won the hand: 4 points

  Player 0 (Belief Master) choosing card:
    Remaining hand (3 cards): ['8S', 'KC', '8H']
    Legal cards (3): ['8S', 'KC', '8H']
    Current trick: 0 cards played
    Trump suit: D
    Strategy: Belief Model Card Selection (NO HEURISTICS)
    Belief model card selection error: 'Game28State' object has no attribute 'game_progress'
Player 0 plays 8S
  Player 1 (Belief Expert) choosing card:
    Remaining hand (3 cards): ['QD', '7D', 'QH']
    Legal cards (3): ['QD', '7D', 'QH']
    Current trick: 1 cards played
    Lead suit: S
    Trump suit: D
    Strategy: Belief Model Card Selection (NO HEURISTICS)
    Belief model card selection error: 'Game28State' object has no attribute 'game_progress'
Player 1 plays QD
  Player 2 (Belief Pro) choosing card:
    Remaining hand (3 cards): ['KD', '7C', 'QC']
    Legal cards (3): ['KD', '7C', 'QC']
    Current trick: 2 cards played
    Lead suit: S
    Trump suit: D
    Strategy: Belief Model Card Selection (NO HEURISTICS)
    Belief model card selection error: 'Game28State' object has no attribute 'game_progress'
Player 2 plays KD
  Player 3 (Belief Champion) choosing card:
    Remaining hand (3 cards): ['9D', '8C', 'KH']
    Legal cards (3): ['9D', '8C', 'KH']
    Current trick: 3 cards played
    Lead suit: S
    Trump suit: D
    Strategy: Belief Model Card Selection (NO HEURISTICS)
    Belief model card selection error: 'Game28State' object has no attribute 'game_progress'
Player 3 plays 9D
Player 3 won the hand: 2 points

  Player 0 (Belief Master) choosing card:
    Remaining hand (2 cards): ['KC', '8H']
    Legal cards (2): ['KC', '8H']
    Current trick: 0 cards played
    Trump suit: D
    Strategy: Belief Model Card Selection (NO HEURISTICS)
    Belief model card selection error: 'Game28State' object has no attribute 'game_progress'
Player 0 plays KC
  Player 1 (Belief Expert) choosing card:
    Remaining hand (2 cards): ['7D', 'QH']
    Legal cards (2): ['7D', 'QH']
    Current trick: 1 cards played
    Lead suit: C
    Trump suit: D
    Strategy: Belief Model Card Selection (NO HEURISTICS)
    Belief model card selection error: 'Game28State' object has no attribute 'game_progress'
Player 1 plays 7D
  Player 2 (Belief Pro) choosing card:
    Remaining hand (2 cards): ['7C', 'QC']
    Legal cards (2): ['7C', 'QC']
    Current trick: 2 cards played
    Lead suit: C
    Trump suit: D
    Strategy: Belief Model Card Selection (NO HEURISTICS)
    Belief model card selection error: 'Game28State' object has no attribute 'game_progress'
Player 2 plays 7C
  Player 3 (Belief Champion) choosing card:
    Remaining hand (2 cards): ['8C', 'KH']
    Legal cards (1): ['8C']
    Current trick: 3 cards played
    Lead suit: C
    Trump suit: D
    Strategy: Belief Model Card Selection (NO HEURISTICS)
    Belief model card selection error: 'Game28State' object has no attribute 'game_progress'
Player 3 plays 8C
Player 1 won the hand: 0 points

  Player 0 (Belief Master) choosing card:
    Remaining hand (1 cards): ['8H']
    Legal cards (1): ['8H']
    Current trick: 0 cards played
    Trump suit: D
    Strategy: Belief Model Card Selection (NO HEURISTICS)
    Belief model card selection error: 'Game28State' object has no attribute 'game_progress'
Player 0 plays 8H
  Player 1 (Belief Expert) choosing card:
    Remaining hand (1 cards): ['QH']
    Legal cards (1): ['QH']
    Current trick: 1 cards played
    Lead suit: H
    Trump suit: D
    Strategy: Belief Model Card Selection (NO HEURISTICS)
    Belief model card selection error: 'Game28State' object has no attribute 'game_progress'
Player 1 plays QH
  Player 2 (Belief Pro) choosing card:
    Remaining hand (1 cards): ['QC']
    Legal cards (1): ['QC']
    Current trick: 2 cards played
    Lead suit: H
    Trump suit: D
    Strategy: Belief Model Card Selection (NO HEURISTICS)
    Belief model card selection error: 'Game28State' object has no attribute 'game_progress'
Player 2 plays QC
  Player 3 (Belief Champion) choosing card:
    Remaining hand (1 cards): ['KH']
    Legal cards (1): ['KH']
    Current trick: 3 cards played
    Lead suit: H
    Trump suit: D
    Strategy: Belief Model Card Selection (NO HEURISTICS)
    Belief model card selection error: 'Game28State' object has no attribute 'game_progress'
Player 3 plays KH
Player 3 won the hand: 0 points

=== GAME SUMMARY ===
Team A (Players 0 & 2): 7 points
Team B (Players 1 & 3): 21 points
Bidder: Player 3 (Team B)
Winning Bid: 16
Bid Success: YES
Game Winner: Team B (Players 1 & 3)
Total Tricks: 8