
===== GAME 1 (20250825_095717_458) =====
Player 0 initial hand (bidding): ['10S', '9D', '9S', 'JS']
Player 1 initial hand (bidding): ['AD', '9H', '7C', '9C']
Player 2 initial hand (bidding): ['QS', '8D', '8H', '8C']
Player 3 initial hand (bidding): ['7H', 'KC', '7S', 'JC']

  Player 0 (Belief Master) analyzing bid:
    Bidding hand (first 4): ['10S', '9D', '9S', 'JS']
    Hand strength: 0.286
    Current bid: 16
    Point prediction: -0.0 points
    Belief model: Opponent hand probabilities calculated
    Strategy: Belief Model Bidding (NO HEURISTICS)
    Belief model predictions obtained
    Pass evaluation score: 0.000
    Bid 17 evaluation score: -0.828
    Bid 18 evaluation score: -0.828
    Bid 19 evaluation score: -0.828
    Best decision: PASS (score: 0.000)
Pass: Player 0 (min_allowed=17)
  Player 1 (Belief Expert) analyzing bid:
    Bidding hand (first 4): ['AD', '9H', '7C', '9C']
    Hand strength: 0.179
    Current bid: 16
    Point prediction: -0.0 points
    Belief model: Opponent hand probabilities calculated
    Strategy: Belief Model Bidding (NO HEURISTICS)
    Belief model predictions obtained
    Pass evaluation score: 0.000
    Bid 17 evaluation score: -0.828
    Bid 18 evaluation score: -0.828
    Bid 19 evaluation score: -0.828
    Best decision: PASS (score: 0.000)
Pass: Player 1 (min_allowed=17)
  Player 2 (Belief Pro) analyzing bid:
    Bidding hand (first 4): ['QS', '8D', '8H', '8C']
    Hand strength: 0.000
    Current bid: 16
    Point prediction: -0.0 points
    Belief model: Opponent hand probabilities calculated
    Strategy: Belief Model Bidding (NO HEURISTICS)
    Belief model predictions obtained
    Pass evaluation score: 0.000
    Bid 17 evaluation score: -0.828
    Bid 18 evaluation score: -0.828
    Bid 19 evaluation score: -0.828
    Best decision: PASS (score: 0.000)
Pass: Player 2 (min_allowed=17)
Auction winner: Player 3 with bid 16
    Strategy: Belief-based trump selection
    Selected trump: C (score: 4.30)
Bidder sets concealed trump suit: C
Phase: concealed, bidder concealed card: [face-down trump]

Full hands (8 cards each):
Player 0 full hand: ['10S', '9D', '9S', 'JS', 'AS', 'JD', '10H', 'AC']
Player 1 full hand: ['AD', '9H', '7C', '9C', 'QH', 'JH', 'QD', '8S']
Player 2 full hand: ['QS', '8D', '8H', '8C', 'KS', '7D', 'AH', 'QC']
Player 3 full hand: ['7H', 'KC', '7S', '10D', 'KH', '10C', 'KD']

  Player 0 (Belief Master) choosing card:
    Remaining hand (8 cards): ['10S', '9D', '9S', 'JS', 'AS', 'JD', '10H', 'AC']
    Legal cards (7): ['10S', '9D', '9S', 'JS', 'AS', 'JD', '10H']
    Current trick: 0 cards played
    Trump suit: C
    Strategy: Belief Model Card Selection (NO HEURISTICS)
    Belief model predictions obtained
    Evaluating card 1/7: 10S
      Belief model score: 1.000
    Evaluating card 2/7: 9D
      Belief model score: 3.000
    Evaluating card 3/7: 9S
      Belief model score: 3.000
    Evaluating card 4/7: JS
      Belief model score: 3.000
    Evaluating card 5/7: AS
      Belief model score: 2.000
    Evaluating card 6/7: JD
      Belief model score: 3.000
    Evaluating card 7/7: 10H
      Belief model score: 1.000
    Belief model evaluation completed
    Best card: 9D (score: 3.000)
Player 0 plays 9D
  Player 1 (Belief Expert) choosing card:
    Remaining hand (8 cards): ['AD', '9H', '7C', '9C', 'QH', 'JH', 'QD', '8S']
    Legal cards (2): ['AD', 'QD']
    Current trick: 1 cards played
    Lead suit: D
    Trump suit: C
    Strategy: Belief Model Card Selection (NO HEURISTICS)
    Belief model predictions obtained
    Evaluating card 1/2: AD
      Belief model score: 3.000
    Evaluating card 2/2: QD
      Belief model score: 1.000
    Belief model evaluation completed
    Best card: AD (score: 3.000)
Player 1 plays AD
  Player 2 (Belief Pro) choosing card:
    Remaining hand (8 cards): ['QS', '8D', '8H', '8C', 'KS', '7D', 'AH', 'QC']
    Legal cards (2): ['8D', '7D']
    Current trick: 2 cards played
    Lead suit: D
    Trump suit: C
    Strategy: Belief Model Card Selection (NO HEURISTICS)
    Belief model predictions obtained
    Evaluating card 1/2: 8D
      Belief model score: 2.000
    Evaluating card 2/2: 7D
      Belief model score: 2.000
    Belief model evaluation completed
    Best card: 8D (score: 2.000)
Player 2 plays 8D
  Player 3 (Belief Champion) choosing card:
    Remaining hand (7 cards): ['7H', 'KC', '7S', '10D', 'KH', '10C', 'KD']
    Legal cards (2): ['10D', 'KD']
    Current trick: 3 cards played
    Lead suit: D
    Trump suit: C
    Strategy: Belief Model Card Selection (NO HEURISTICS)
    Belief model predictions obtained
    Evaluating card 1/2: 10D
      Belief model score: 2.000
    Evaluating card 2/2: KD
      Belief model score: 2.000
    Belief model evaluation completed
    Best card: 10D (score: 2.000)
Player 3 plays 10D
Player 0 won the hand: 4 points

  Player 0 (Belief Master) choosing card:
    Remaining hand (7 cards): ['10S', '9S', 'JS', 'AS', 'JD', '10H', 'AC']
    Legal cards (6): ['10S', '9S', 'JS', 'AS', 'JD', '10H']
    Current trick: 0 cards played
    Trump suit: C
    Strategy: Belief Model Card Selection (NO HEURISTICS)
    Belief model predictions obtained
    Evaluating card 1/6: 10S
      Belief model score: 1.000
    Evaluating card 2/6: 9S
      Belief model score: 3.000
    Evaluating card 3/6: JS
      Belief model score: 3.000
    Evaluating card 4/6: AS
      Belief model score: 2.000
    Evaluating card 5/6: JD
      Belief model score: 3.000
    Evaluating card 6/6: 10H
      Belief model score: 1.000
    Belief model evaluation completed
    Best card: 9S (score: 3.000)
Player 0 plays 9S
  Player 1 (Belief Expert) choosing card:
    Remaining hand (7 cards): ['9H', '7C', '9C', 'QH', 'JH', 'QD', '8S']
    Legal cards (1): ['8S']
    Current trick: 1 cards played
    Lead suit: S
    Trump suit: C
    Strategy: Belief Model Card Selection (NO HEURISTICS)
    Belief model predictions obtained
    Evaluating card 1/1: 8S
      Belief model score: 2.000
    Belief model evaluation completed
    Best card: 8S (score: 2.000)
Player 1 plays 8S
  Player 2 (Belief Pro) choosing card:
    Remaining hand (7 cards): ['QS', '8H', '8C', 'KS', '7D', 'AH', 'QC']
    Legal cards (2): ['QS', 'KS']
    Current trick: 2 cards played
    Lead suit: S
    Trump suit: C
    Strategy: Belief Model Card Selection (NO HEURISTICS)
    Belief model predictions obtained
    Evaluating card 1/2: QS
      Belief model score: 1.000
    Evaluating card 2/2: KS
      Belief model score: 2.000
    Belief model evaluation completed
    Best card: KS (score: 2.000)
Player 2 plays KS
  Player 3 (Belief Champion) choosing card:
    Remaining hand (6 cards): ['7H', 'KC', '7S', 'KH', '10C', 'KD']
    Legal cards (1): ['7S']
    Current trick: 3 cards played
    Lead suit: S
    Trump suit: C
    Strategy: Belief Model Card Selection (NO HEURISTICS)
    Belief model predictions obtained
    Evaluating card 1/1: 7S
      Belief model score: 2.000
    Belief model evaluation completed
    Best card: 7S (score: 2.000)
Player 3 plays 7S
Player 0 won the hand: 2 points

  Player 0 (Belief Master) choosing card:
    Remaining hand (6 cards): ['10S', 'JS', 'AS', 'JD', '10H', 'AC']
    Legal cards (5): ['10S', 'JS', 'AS', 'JD', '10H']
    Current trick: 0 cards played
    Trump suit: C
    Strategy: Belief Model Card Selection (NO HEURISTICS)
    Belief model predictions obtained
    Evaluating card 1/5: 10S
      Belief model score: 1.000
    Evaluating card 2/5: JS
      Belief model score: 3.000
    Evaluating card 3/5: AS
      Belief model score: 2.000
    Evaluating card 4/5: JD
      Belief model score: 3.000
    Evaluating card 5/5: 10H
      Belief model score: 1.000
    Belief model evaluation completed
    Best card: JS (score: 3.000)
Player 0 plays JS
  Player 1 (Belief Expert) choosing card:
    Remaining hand (6 cards): ['9H', '7C', '9C', 'QH', 'JH', 'QD']
    Legal cards (6): ['9H', '7C', '9C', 'QH', 'JH', 'QD']
    Current trick: 1 cards played
    Lead suit: S
    Trump suit: C
    Strategy: Belief Model Card Selection (NO HEURISTICS)
    Belief model predictions obtained
    Evaluating card 1/6: 9H
      Belief model score: 3.500
    Evaluating card 2/6: 7C
      Belief model score: 4.000
    Evaluating card 3/6: 9C
      Belief model score: 6.000
    Evaluating card 4/6: QH
      Belief model score: 0.500
    Evaluating card 5/6: JH
      Belief model score: 3.500
    Evaluating card 6/6: QD
      Belief model score: 0.500
    Belief model evaluation completed
    Best card: 9C (score: 6.000)
-- Phase 2 begins: Trump revealed as C by Player 1 on trick 3 --
Player 1 plays 9C
  Player 2 (Belief Pro) choosing card:
    Remaining hand (6 cards): ['QS', '8H', '8C', '7D', 'AH', 'QC']
    Legal cards (1): ['QS']
    Current trick: 2 cards played
    Lead suit: S
    Trump suit: C
    Strategy: Belief Model Card Selection (NO HEURISTICS)
    Belief model predictions obtained
    Evaluating card 1/1: QS
      Belief model score: 1.000
    Belief model evaluation completed
    Best card: QS (score: 1.000)
Player 2 plays QS
  Player 3 (Belief Champion) choosing card:
    Remaining hand (6 cards): ['7H', 'KC', 'KH', '10C', 'KD', 'JC']
    Legal cards (6): ['7H', 'KC', 'KH', '10C', 'KD', 'JC']
    Current trick: 3 cards played
    Lead suit: S
    Trump suit: C
    Strategy: Belief Model Card Selection (NO HEURISTICS)
    Belief model predictions obtained
    Evaluating card 1/6: 7H
      Belief model score: 1.500
    Evaluating card 2/6: KC
      Belief model score: 5.000
    Evaluating card 3/6: KH
      Belief model score: 0.500
    Evaluating card 4/6: 10C
      Belief model score: 6.000
    Evaluating card 5/6: KD
      Belief model score: 0.500
    Evaluating card 6/6: JC
      Belief model score: 8.000
    Belief model evaluation completed
    Best card: JC (score: 8.000)
Player 3 plays JC
Player 3 won the hand: 8 points

  Player 0 (Belief Master) choosing card:
    Remaining hand (5 cards): ['10S', 'AS', 'JD', '10H', 'AC']
    Legal cards (5): ['10S', 'AS', 'JD', '10H', 'AC']
    Current trick: 0 cards played
    Trump suit: C
    Strategy: Belief Model Card Selection (NO HEURISTICS)
    Belief model predictions obtained
    Evaluating card 1/5: 10S
      Belief model score: 1.000
    Evaluating card 2/5: AS
      Belief model score: 1.000
    Evaluating card 3/5: JD
      Belief model score: 3.000
    Evaluating card 4/5: 10H
      Belief model score: 1.000
    Evaluating card 5/5: AC
      Belief model score: 3.000
    Belief model evaluation completed
    Best card: JD (score: 3.000)
Player 0 plays JD
  Player 1 (Belief Expert) choosing card:
    Remaining hand (5 cards): ['9H', '7C', 'QH', 'JH', 'QD']
    Legal cards (1): ['QD']
    Current trick: 1 cards played
    Lead suit: D
    Trump suit: C
    Strategy: Belief Model Card Selection (NO HEURISTICS)
    Belief model predictions obtained
    Evaluating card 1/1: QD
      Belief model score: 1.000
    Belief model evaluation completed
    Best card: QD (score: 1.000)
Player 1 plays QD
  Player 2 (Belief Pro) choosing card:
    Remaining hand (5 cards): ['8H', '8C', '7D', 'AH', 'QC']
    Legal cards (1): ['7D']
    Current trick: 2 cards played
    Lead suit: D
    Trump suit: C
    Strategy: Belief Model Card Selection (NO HEURISTICS)
    Belief model predictions obtained
    Evaluating card 1/1: 7D
      Belief model score: 2.000
    Belief model evaluation completed
    Best card: 7D (score: 2.000)
Player 2 plays 7D
  Player 3 (Belief Champion) choosing card:
    Remaining hand (5 cards): ['7H', 'KC', 'KH', '10C', 'KD']
    Legal cards (1): ['KD']
    Current trick: 3 cards played
    Lead suit: D
    Trump suit: C
    Strategy: Belief Model Card Selection (NO HEURISTICS)
    Belief model predictions obtained
    Evaluating card 1/1: KD
      Belief model score: 1.000
    Belief model evaluation completed
    Best card: KD (score: 1.000)
Player 3 plays KD
Player 0 won the hand: 3 points

  Player 0 (Belief Master) choosing card:
    Remaining hand (4 cards): ['10S', 'AS', '10H', 'AC']
    Legal cards (4): ['10S', 'AS', '10H', 'AC']
    Current trick: 0 cards played
    Trump suit: C
    Strategy: Belief Model Card Selection (NO HEURISTICS)
    Belief model predictions obtained
    Evaluating card 1/4: 10S
      Belief model score: 1.000
    Evaluating card 2/4: AS
      Belief model score: 1.000
    Evaluating card 3/4: 10H
      Belief model score: 1.000
    Evaluating card 4/4: AC
      Belief model score: 3.000
    Belief model evaluation completed
    Best card: AC (score: 3.000)
Player 0 plays AC
  Player 1 (Belief Expert) choosing card:
    Remaining hand (4 cards): ['9H', '7C', 'QH', 'JH']
    Legal cards (1): ['7C']
    Current trick: 1 cards played
    Lead suit: C
    Trump suit: C
    Strategy: Belief Model Card Selection (NO HEURISTICS)
    Belief model predictions obtained
    Evaluating card 1/1: 7C
      Belief model score: 4.000
    Belief model evaluation completed
    Best card: 7C (score: 4.000)
Player 1 plays 7C
  Player 2 (Belief Pro) choosing card:
    Remaining hand (4 cards): ['8H', '8C', 'AH', 'QC']
    Legal cards (2): ['8C', 'QC']
    Current trick: 2 cards played
    Lead suit: C
    Trump suit: C
    Strategy: Belief Model Card Selection (NO HEURISTICS)
    Belief model predictions obtained
    Evaluating card 1/2: 8C
      Belief model score: 4.000
    Evaluating card 2/2: QC
      Belief model score: 3.000
    Belief model evaluation completed
    Best card: 8C (score: 4.000)
Player 2 plays 8C
  Player 3 (Belief Champion) choosing card:
    Remaining hand (4 cards): ['7H', 'KC', 'KH', '10C']
    Legal cards (2): ['KC', '10C']
    Current trick: 3 cards played
    Lead suit: C
    Trump suit: C
    Strategy: Belief Model Card Selection (NO HEURISTICS)
    Belief model predictions obtained
    Evaluating card 1/2: KC
      Belief model score: 3.000
    Evaluating card 2/2: 10C
      Belief model score: 4.000
    Belief model evaluation completed
    Best card: 10C (score: 4.000)
Player 3 plays 10C
Player 0 won the hand: 2 points

  Player 0 (Belief Master) choosing card:
    Remaining hand (3 cards): ['10S', 'AS', '10H']
    Legal cards (3): ['10S', 'AS', '10H']
    Current trick: 0 cards played
    Trump suit: C
    Strategy: Belief Model Card Selection (NO HEURISTICS)
    Belief model predictions obtained
    Evaluating card 1/3: 10S
      Belief model score: 7.000
    Evaluating card 2/3: AS
      Belief model score: 7.000
    Evaluating card 3/3: 10H
      Belief model score: 1.000
    Belief model evaluation completed
    Best card: 10S (score: 7.000)
Player 0 plays 10S
  Player 1 (Belief Expert) choosing card:
    Remaining hand (3 cards): ['9H', 'QH', 'JH']
    Legal cards (3): ['9H', 'QH', 'JH']
    Current trick: 1 cards played
    Lead suit: S
    Trump suit: C
    Strategy: Belief Model Card Selection (NO HEURISTICS)
    Belief model predictions obtained
    Evaluating card 1/3: 9H
      Belief model score: 3.500
    Evaluating card 2/3: QH
      Belief model score: 0.500
    Evaluating card 3/3: JH
      Belief model score: 3.500
    Belief model evaluation completed
    Best card: 9H (score: 3.500)
Player 1 plays 9H
  Player 2 (Belief Pro) choosing card:
    Remaining hand (3 cards): ['8H', 'AH', 'QC']
    Legal cards (3): ['8H', 'AH', 'QC']
    Current trick: 2 cards played
    Lead suit: S
    Trump suit: C
    Strategy: Belief Model Card Selection (NO HEURISTICS)
    Belief model predictions obtained
    Evaluating card 1/3: 8H
      Belief model score: 1.500
    Evaluating card 2/3: AH
      Belief model score: 1.500
    Evaluating card 3/3: QC
      Belief model score: 5.000
    Belief model evaluation completed
    Best card: QC (score: 5.000)
Player 2 plays QC
  Player 3 (Belief Champion) choosing card:
    Remaining hand (3 cards): ['7H', 'KC', 'KH']
    Legal cards (3): ['7H', 'KC', 'KH']
    Current trick: 3 cards played
    Lead suit: S
    Trump suit: C
    Strategy: Belief Model Card Selection (NO HEURISTICS)
    Belief model predictions obtained
    Evaluating card 1/3: 7H
      Belief model score: 1.500
    Evaluating card 2/3: KC
      Belief model score: 5.000
    Evaluating card 3/3: KH
      Belief model score: 0.500
    Belief model evaluation completed
    Best card: KC (score: 5.000)
Player 3 plays KC
Player 3 won the hand: 3 points

  Player 0 (Belief Master) choosing card:
    Remaining hand (2 cards): ['AS', '10H']
    Legal cards (2): ['AS', '10H']
    Current trick: 0 cards played
    Trump suit: C
    Strategy: Belief Model Card Selection (NO HEURISTICS)
    Belief model predictions obtained
    Evaluating card 1/2: AS
      Belief model score: 7.000
    Evaluating card 2/2: 10H
      Belief model score: 1.000
    Belief model evaluation completed
    Best card: AS (score: 7.000)
Player 0 plays AS
  Player 1 (Belief Expert) choosing card:
    Remaining hand (2 cards): ['QH', 'JH']
    Legal cards (2): ['QH', 'JH']
    Current trick: 1 cards played
    Lead suit: S
    Trump suit: C
    Strategy: Belief Model Card Selection (NO HEURISTICS)
    Belief model predictions obtained
    Evaluating card 1/2: QH
      Belief model score: 0.500
    Evaluating card 2/2: JH
      Belief model score: 3.500
    Belief model evaluation completed
    Best card: JH (score: 3.500)
Player 1 plays JH
  Player 2 (Belief Pro) choosing card:
    Remaining hand (2 cards): ['8H', 'AH']
    Legal cards (2): ['8H', 'AH']
    Current trick: 2 cards played
    Lead suit: S
    Trump suit: C
    Strategy: Belief Model Card Selection (NO HEURISTICS)
    Belief model predictions obtained
    Evaluating card 1/2: 8H
      Belief model score: 1.500
    Evaluating card 2/2: AH
      Belief model score: 1.500
    Belief model evaluation completed
    Best card: 8H (score: 1.500)
Player 2 plays 8H
  Player 3 (Belief Champion) choosing card:
    Remaining hand (2 cards): ['7H', 'KH']
    Legal cards (2): ['7H', 'KH']
    Current trick: 3 cards played
    Lead suit: S
    Trump suit: C
    Strategy: Belief Model Card Selection (NO HEURISTICS)
    Belief model predictions obtained
    Evaluating card 1/2: 7H
      Belief model score: 1.500
    Evaluating card 2/2: KH
      Belief model score: 0.500
    Belief model evaluation completed
    Best card: 7H (score: 1.500)
Player 3 plays 7H
Player 0 won the hand: 4 points

  Player 0 (Belief Master) choosing card:
    Remaining hand (1 cards): ['10H']
    Legal cards (1): ['10H']
    Current trick: 0 cards played
    Trump suit: C
    Strategy: Belief Model Card Selection (NO HEURISTICS)
    Belief model predictions obtained
    Evaluating card 1/1: 10H
      Belief model score: 1.000
    Belief model evaluation completed
    Best card: 10H (score: 1.000)
Player 0 plays 10H
  Player 1 (Belief Expert) choosing card:
    Remaining hand (1 cards): ['QH']
    Legal cards (1): ['QH']
    Current trick: 1 cards played
    Lead suit: H
    Trump suit: C
    Strategy: Belief Model Card Selection (NO HEURISTICS)
    Belief model predictions obtained
    Evaluating card 1/1: QH
      Belief model score: 1.000
    Belief model evaluation completed
    Best card: QH (score: 1.000)
Player 1 plays QH
  Player 2 (Belief Pro) choosing card:
    Remaining hand (1 cards): ['AH']
    Legal cards (1): ['AH']
    Current trick: 2 cards played
    Lead suit: H
    Trump suit: C
    Strategy: Belief Model Card Selection (NO HEURISTICS)
    Belief model predictions obtained
    Evaluating card 1/1: AH
      Belief model score: 2.000
    Belief model evaluation completed
    Best card: AH (score: 2.000)
Player 2 plays AH
  Player 3 (Belief Champion) choosing card:
    Remaining hand (1 cards): ['KH']
    Legal cards (1): ['KH']
    Current trick: 3 cards played
    Lead suit: H
    Trump suit: C
    Strategy: Belief Model Card Selection (NO HEURISTICS)
    Belief model predictions obtained
    Evaluating card 1/1: KH
      Belief model score: 1.000
    Belief model evaluation completed
    Best card: KH (score: 1.000)
Player 3 plays KH
Player 2 won the hand: 2 points

=== GAME SUMMARY ===
Team A (Players 0 & 2): 17 points
Team B (Players 1 & 3): 11 points
Bidder: Player 3 (Team B)
Winning Bid: 16
Bid Success: NO
Game Winner: Team B (Players 1 & 3)
Total Tricks: 8