
===== GAME 9 (20250824_143721_043) =====
Player 0 initial hand (bidding): ['AS', '7H', 'KC', '8D']
Player 1 initial hand (bidding): ['9H', '7S', '10D', '9S']
Player 2 initial hand (bidding): ['JH', '10S', '10H', '7C']
Player 3 initial hand (bidding): ['KD', '8S', '7D', '10C']

  Player 0 (Belief Master) analyzing bid:
    Bidding hand (first 4): ['AS', '7H', 'KC', '8D']
    Hand strength: 0.036
    Current bid: 16
Point prediction error: shape '[1, 7, -1]' is invalid for input of size 52
    Point prediction: 0.0 points
    Belief model failed: 'Game28State' object has no attribute 'game_progress'
    Strategy: Belief Model Bidding (NO HEURISTICS)
    Belief model bidding error: 'Game28State' object has no attribute 'game_progress'
Pass: Player 0 (min_allowed=17)
  Player 1 (Belief Expert) analyzing bid:
    Bidding hand (first 4): ['9H', '7S', '10D', '9S']
    Hand strength: 0.179
    Current bid: 16
Point prediction error: shape '[1, 7, -1]' is invalid for input of size 52
    Point prediction: 0.0 points
    Belief model failed: 'Game28State' object has no attribute 'game_progress'
    Strategy: Belief Model Bidding (NO HEURISTICS)
    Belief model bidding error: 'Game28State' object has no attribute 'game_progress'
Pass: Player 1 (min_allowed=17)
  Player 2 (Belief Pro) analyzing bid:
    Bidding hand (first 4): ['JH', '10S', '10H', '7C']
    Hand strength: 0.179
    Current bid: 16
Point prediction error: shape '[1, 7, -1]' is invalid for input of size 52
    Point prediction: 0.0 points
    Belief model failed: 'Game28State' object has no attribute 'game_progress'
    Strategy: Belief Model Bidding (NO HEURISTICS)
    Belief model bidding error: 'Game28State' object has no attribute 'game_progress'
Pass: Player 2 (min_allowed=17)
Auction winner: Player 3 with bid 16
    Strategy: Belief-based trump selection
    Belief-based trump selection error: 'Game28State' object has no attribute 'game_progress'
Bidder sets concealed trump suit: D
Phase: concealed, bidder concealed card: [face-down trump]

Full hands (8 cards each):
Player 0 full hand: ['AS', '7H', 'KC', '8D', '8H', 'QC', 'QH', 'KS']
Player 1 full hand: ['9H', '7S', '10D', '9S', 'AD', 'QD', 'JC', 'AH']
Player 2 full hand: ['JH', '10S', '10H', '7C', '8C', '9D', 'QS', 'AC']
Player 3 full hand: ['8S', '7D', '10C', '9C', 'KH', 'JS', 'JD']

  Player 0 (Belief Master) choosing card:
    Remaining hand (8 cards): ['AS', '7H', 'KC', '8D', '8H', 'QC', 'QH', 'KS']
    Legal cards (7): ['AS', '7H', 'KC', '8H', 'QC', 'QH', 'KS']
    Current trick: 0 cards played
    Trump suit: D
    Strategy: Belief Model Card Selection (NO HEURISTICS)
    Belief model card selection error: 'Game28State' object has no attribute 'game_progress'
Player 0 plays AS
  Player 1 (Belief Expert) choosing card:
    Remaining hand (8 cards): ['9H', '7S', '10D', '9S', 'AD', 'QD', 'JC', 'AH']
    Legal cards (2): ['7S', '9S']
    Current trick: 1 cards played
    Lead suit: S
    Trump suit: D
    Strategy: Belief Model Card Selection (NO HEURISTICS)
    Belief model card selection error: 'Game28State' object has no attribute 'game_progress'
Player 1 plays 9S
  Player 2 (Belief Pro) choosing card:
    Remaining hand (8 cards): ['JH', '10S', '10H', '7C', '8C', '9D', 'QS', 'AC']
    Legal cards (2): ['10S', 'QS']
    Current trick: 2 cards played
    Lead suit: S
    Trump suit: D
    Strategy: Belief Model Card Selection (NO HEURISTICS)
    Belief model card selection error: 'Game28State' object has no attribute 'game_progress'
Player 2 plays 10S
  Player 3 (Belief Champion) choosing card:
    Remaining hand (7 cards): ['8S', '7D', '10C', '9C', 'KH', 'JS', 'JD']
    Legal cards (2): ['8S', 'JS']
    Current trick: 3 cards played
    Lead suit: S
    Trump suit: D
    Strategy: Belief Model Card Selection (NO HEURISTICS)
    Belief model card selection error: 'Game28State' object has no attribute 'game_progress'
Player 3 plays JS
Player 3 won the hand: 7 points

  Player 0 (Belief Master) choosing card:
    Remaining hand (7 cards): ['7H', 'KC', '8D', '8H', 'QC', 'QH', 'KS']
    Legal cards (6): ['7H', 'KC', '8H', 'QC', 'QH', 'KS']
    Current trick: 0 cards played
    Trump suit: D
    Strategy: Belief Model Card Selection (NO HEURISTICS)
    Belief model card selection error: 'Game28State' object has no attribute 'game_progress'
Player 0 plays 7H
  Player 1 (Belief Expert) choosing card:
    Remaining hand (7 cards): ['9H', '7S', '10D', 'AD', 'QD', 'JC', 'AH']
    Legal cards (2): ['9H', 'AH']
    Current trick: 1 cards played
    Lead suit: H
    Trump suit: D
    Strategy: Belief Model Card Selection (NO HEURISTICS)
    Belief model card selection error: 'Game28State' object has no attribute 'game_progress'
Player 1 plays 9H
  Player 2 (Belief Pro) choosing card:
    Remaining hand (7 cards): ['JH', '10H', '7C', '8C', '9D', 'QS', 'AC']
    Legal cards (2): ['JH', '10H']
    Current trick: 2 cards played
    Lead suit: H
    Trump suit: D
    Strategy: Belief Model Card Selection (NO HEURISTICS)
    Belief model card selection error: 'Game28State' object has no attribute 'game_progress'
Player 2 plays JH
  Player 3 (Belief Champion) choosing card:
    Remaining hand (6 cards): ['8S', '7D', '10C', '9C', 'KH', 'JD']
    Legal cards (1): ['KH']
    Current trick: 3 cards played
    Lead suit: H
    Trump suit: D
    Strategy: Belief Model Card Selection (NO HEURISTICS)
    Belief model card selection error: 'Game28State' object has no attribute 'game_progress'
Player 3 plays KH
Player 2 won the hand: 5 points

  Player 0 (Belief Master) choosing card:
    Remaining hand (6 cards): ['KC', '8D', '8H', 'QC', 'QH', 'KS']
    Legal cards (5): ['KC', '8H', 'QC', 'QH', 'KS']
    Current trick: 0 cards played
    Trump suit: D
    Strategy: Belief Model Card Selection (NO HEURISTICS)
    Belief model card selection error: 'Game28State' object has no attribute 'game_progress'
Player 0 plays KC
  Player 1 (Belief Expert) choosing card:
    Remaining hand (6 cards): ['7S', '10D', 'AD', 'QD', 'JC', 'AH']
    Legal cards (1): ['JC']
    Current trick: 1 cards played
    Lead suit: C
    Trump suit: D
    Strategy: Belief Model Card Selection (NO HEURISTICS)
    Belief model card selection error: 'Game28State' object has no attribute 'game_progress'
Player 1 plays JC
  Player 2 (Belief Pro) choosing card:
    Remaining hand (6 cards): ['10H', '7C', '8C', '9D', 'QS', 'AC']
    Legal cards (3): ['7C', '8C', 'AC']
    Current trick: 2 cards played
    Lead suit: C
    Trump suit: D
    Strategy: Belief Model Card Selection (NO HEURISTICS)
    Belief model card selection error: 'Game28State' object has no attribute 'game_progress'
Player 2 plays AC
  Player 3 (Belief Champion) choosing card:
    Remaining hand (5 cards): ['8S', '7D', '10C', '9C', 'JD']
    Legal cards (2): ['10C', '9C']
    Current trick: 3 cards played
    Lead suit: C
    Trump suit: D
    Strategy: Belief Model Card Selection (NO HEURISTICS)
    Belief model card selection error: 'Game28State' object has no attribute 'game_progress'
Player 3 plays 9C
Player 1 won the hand: 6 points

  Player 0 (Belief Master) choosing card:
    Remaining hand (5 cards): ['8D', '8H', 'QC', 'QH', 'KS']
    Legal cards (4): ['8H', 'QC', 'QH', 'KS']
    Current trick: 0 cards played
    Trump suit: D
    Strategy: Belief Model Card Selection (NO HEURISTICS)
    Belief model card selection error: 'Game28State' object has no attribute 'game_progress'
Player 0 plays 8H
  Player 1 (Belief Expert) choosing card:
    Remaining hand (5 cards): ['7S', '10D', 'AD', 'QD', 'AH']
    Legal cards (1): ['AH']
    Current trick: 1 cards played
    Lead suit: H
    Trump suit: D
    Strategy: Belief Model Card Selection (NO HEURISTICS)
    Belief model card selection error: 'Game28State' object has no attribute 'game_progress'
Player 1 plays AH
  Player 2 (Belief Pro) choosing card:
    Remaining hand (5 cards): ['10H', '7C', '8C', '9D', 'QS']
    Legal cards (1): ['10H']
    Current trick: 2 cards played
    Lead suit: H
    Trump suit: D
    Strategy: Belief Model Card Selection (NO HEURISTICS)
    Belief model card selection error: 'Game28State' object has no attribute 'game_progress'
Player 2 plays 10H
  Player 3 (Belief Champion) choosing card:
    Remaining hand (4 cards): ['8S', '7D', '10C', 'JD']
    Legal cards (4): ['8S', '7D', '10C', 'JD']
    Current trick: 3 cards played
    Lead suit: H
    Trump suit: D
    Strategy: Belief Model Card Selection (NO HEURISTICS)
    Belief model card selection error: 'Game28State' object has no attribute 'game_progress'
-- Phase 2 begins: Trump revealed as D by Player 3 on trick 4 --
Player 3 plays JD
Player 3 won the hand: 5 points

  Player 0 (Belief Master) choosing card:
    Remaining hand (4 cards): ['8D', 'QC', 'QH', 'KS']
    Legal cards (4): ['8D', 'QC', 'QH', 'KS']
    Current trick: 0 cards played
    Trump suit: D
    Strategy: Belief Model Card Selection (NO HEURISTICS)
    Belief model card selection error: 'Game28State' object has no attribute 'game_progress'
Player 0 plays 8D
  Player 1 (Belief Expert) choosing card:
    Remaining hand (4 cards): ['7S', '10D', 'AD', 'QD']
    Legal cards (3): ['10D', 'AD', 'QD']
    Current trick: 1 cards played
    Lead suit: D
    Trump suit: D
    Strategy: Belief Model Card Selection (NO HEURISTICS)
    Belief model card selection error: 'Game28State' object has no attribute 'game_progress'
Player 1 plays 10D
  Player 2 (Belief Pro) choosing card:
    Remaining hand (4 cards): ['7C', '8C', '9D', 'QS']
    Legal cards (1): ['9D']
    Current trick: 2 cards played
    Lead suit: D
    Trump suit: D
    Strategy: Belief Model Card Selection (NO HEURISTICS)
    Belief model card selection error: 'Game28State' object has no attribute 'game_progress'
Player 2 plays 9D
  Player 3 (Belief Champion) choosing card:
    Remaining hand (4 cards): ['8S', '7D', '10C', 'KD']
    Legal cards (2): ['7D', 'KD']
    Current trick: 3 cards played
    Lead suit: D
    Trump suit: D
    Strategy: Belief Model Card Selection (NO HEURISTICS)
    Belief model card selection error: 'Game28State' object has no attribute 'game_progress'
Player 3 plays 7D
Player 2 won the hand: 3 points

  Player 0 (Belief Master) choosing card:
    Remaining hand (3 cards): ['QC', 'QH', 'KS']
    Legal cards (3): ['QC', 'QH', 'KS']
    Current trick: 0 cards played
    Trump suit: D
    Strategy: Belief Model Card Selection (NO HEURISTICS)
    Belief model card selection error: 'Game28State' object has no attribute 'game_progress'
Player 0 plays QC
  Player 1 (Belief Expert) choosing card:
    Remaining hand (3 cards): ['7S', 'AD', 'QD']
    Legal cards (3): ['7S', 'AD', 'QD']
    Current trick: 1 cards played
    Lead suit: C
    Trump suit: D
    Strategy: Belief Model Card Selection (NO HEURISTICS)
    Belief model card selection error: 'Game28State' object has no attribute 'game_progress'
Player 1 plays AD
  Player 2 (Belief Pro) choosing card:
    Remaining hand (3 cards): ['7C', '8C', 'QS']
    Legal cards (2): ['7C', '8C']
    Current trick: 2 cards played
    Lead suit: C
    Trump suit: D
    Strategy: Belief Model Card Selection (NO HEURISTICS)
    Belief model card selection error: 'Game28State' object has no attribute 'game_progress'
Player 2 plays 7C
  Player 3 (Belief Champion) choosing card:
    Remaining hand (3 cards): ['8S', '10C', 'KD']
    Legal cards (1): ['10C']
    Current trick: 3 cards played
    Lead suit: C
    Trump suit: D
    Strategy: Belief Model Card Selection (NO HEURISTICS)
    Belief model card selection error: 'Game28State' object has no attribute 'game_progress'
Player 3 plays 10C
Player 1 won the hand: 2 points

  Player 0 (Belief Master) choosing card:
    Remaining hand (2 cards): ['QH', 'KS']
    Legal cards (2): ['QH', 'KS']
    Current trick: 0 cards played
    Trump suit: D
    Strategy: Belief Model Card Selection (NO HEURISTICS)
    Belief model card selection error: 'Game28State' object has no attribute 'game_progress'
Player 0 plays QH
  Player 1 (Belief Expert) choosing card:
    Remaining hand (2 cards): ['7S', 'QD']
    Legal cards (2): ['7S', 'QD']
    Current trick: 1 cards played
    Lead suit: H
    Trump suit: D
    Strategy: Belief Model Card Selection (NO HEURISTICS)
    Belief model card selection error: 'Game28State' object has no attribute 'game_progress'
Player 1 plays 7S
  Player 2 (Belief Pro) choosing card:
    Remaining hand (2 cards): ['8C', 'QS']
    Legal cards (2): ['8C', 'QS']
    Current trick: 2 cards played
    Lead suit: H
    Trump suit: D
    Strategy: Belief Model Card Selection (NO HEURISTICS)
    Belief model card selection error: 'Game28State' object has no attribute 'game_progress'
Player 2 plays 8C
  Player 3 (Belief Champion) choosing card:
    Remaining hand (2 cards): ['8S', 'KD']
    Legal cards (2): ['8S', 'KD']
    Current trick: 3 cards played
    Lead suit: H
    Trump suit: D
    Strategy: Belief Model Card Selection (NO HEURISTICS)
    Belief model card selection error: 'Game28State' object has no attribute 'game_progress'
Player 3 plays 8S
Player 0 won the hand: 0 points

  Player 0 (Belief Master) choosing card:
    Remaining hand (1 cards): ['KS']
    Legal cards (1): ['KS']
    Current trick: 0 cards played
    Trump suit: D
    Strategy: Belief Model Card Selection (NO HEURISTICS)
    Belief model card selection error: 'Game28State' object has no attribute 'game_progress'
Player 0 plays KS
  Player 1 (Belief Expert) choosing card:
    Remaining hand (1 cards): ['QD']
    Legal cards (1): ['QD']
    Current trick: 1 cards played
    Lead suit: S
    Trump suit: D
    Strategy: Belief Model Card Selection (NO HEURISTICS)
    Belief model card selection error: 'Game28State' object has no attribute 'game_progress'
Player 1 plays QD
  Player 2 (Belief Pro) choosing card:
    Remaining hand (1 cards): ['QS']
    Legal cards (1): ['QS']
    Current trick: 2 cards played
    Lead suit: S
    Trump suit: D
    Strategy: Belief Model Card Selection (NO HEURISTICS)
    Belief model card selection error: 'Game28State' object has no attribute 'game_progress'
Player 2 plays QS
  Player 3 (Belief Champion) choosing card:
    Remaining hand (1 cards): ['KD']
    Legal cards (1): ['KD']
    Current trick: 3 cards played
    Lead suit: S
    Trump suit: D
    Strategy: Belief Model Card Selection (NO HEURISTICS)
    Belief model card selection error: 'Game28State' object has no attribute 'game_progress'
Player 3 plays KD
Player 3 won the hand: 0 points

=== GAME SUMMARY ===
Team A (Players 0 & 2): 8 points
Team B (Players 1 & 3): 20 points
Bidder: Player 3 (Team B)
Winning Bid: 16
Bid Success: YES
Game Winner: Team B (Players 1 & 3)
Total Tricks: 8